0 0 1 0.709409
0.1 0 0.994987 0.696439
0.2 0 0.979796 0.689102
0.3 0 0.953939 0.69619
0.4 0 0.916515 0.706599
0.5 0 0.866025 0.704808
0.6 0 0.8 0.69282
0.7 0 0.714143 0.708459
0.8 0 0.6 0.715476
0.9 0 0.43589 0.706946
1 0 1.49012e-08 0.71075
0 0 1 0.709409
0.0984808 0.0173648 0.994987 0.697353
0.196962 0.0347296 0.979796 0.684395
0.295442 0.0520945 0.953939 0.688292
0.393923 0.0694593 0.916515 0.70503
0.492404 0.0868241 0.866025 0.714917
0.590885 0.104189 0.8 0.717478
0.689365 0.121554 0.714143 0.715553
0.787846 0.138919 0.6 0.69712
0.886327 0.156283 0.43589 0.717299
0.984808 0.173648 1.49012e-08 0.71075
0 0 1 0.709409
0.0939693 0.034202 0.994987 0.698528
0.187939 0.068404 0.979796 0.680617
0.281908 0.102606 0.953939 0.67061
0.375877 0.136808 0.916515 0.699331
0.469846 0.17101 0.866025 0.716433
0.563816 0.205212 0.8 0.723632
0.657785 0.239414 0.714143 0.720373
0.751754 0.273616 0.6 0.713417
0.845723 0.307818 0.43589 0.693866
0.939693 0.34202 1.49012e-08 0.71075
0 0 1 0.709409
0.0866025 0.05 0.994987 0.699932
0.173205 0.1 0.979796 0.67988
0.259808 0.15 0.953939 0.642788
0.34641 0.2 0.916515 0.694326
0.433013 0.25 0.866025 0.714479
0.519615 0.3 0.8 0.719003
0.606218 0.35 0.714143 0.707903
0.69282 0.4 0.6 0.709463
0.779423 0.45 0.43589 0.701021
0.866025 0.5 1.49012e-08 0.71075
0 0 1 0.709409
0.0766044 0.0642788 0.994987 0.701453
0.153209 0.128558 0.979796 0.681381
0.229813 0.192836 0.953939 0.669388
0.306418 0.257115 0.916515 0.694921
0.383022 0.321394 0.866025 0.705313
0.459627 0.385673 0.8 0.710026
0.536231 0.449951 0.714143 0.698892
0.612836 0.51423 0.6 0.700639
0.68944 0.578509 0.43589 0.687239
0.766044 0.642788 1.49012e-08 0.71075
0 0 1 0.709409
0.0642788 0.0766044 0.994987 0.703111
0.128558 0.153209 0.979796 0.683254
0.192836 0.229813 0.953939 0.682308
0.257115 0.306418 0.916515 0.696333
0.321394 0.383022 0.866025 0.68221
0.385673 0.459627 0.8 0.695294
0.449951 0.536231 0.714143 0.660304
0.51423 0.612836 0.6 0.682051
0.578509 0.68944 0.43589 0.675295
0.642788 0.766044 1.49012e-08 0.71075
0 0 1 0.709409
0.05 0.0866025 0.994987 0.704971
0.1 0.173205 0.979796 0.690346
0.15 0.259808 0.953939 0.689125
0.2 0.34641 0.916515 0.698535
0.25 0.433013 0.866025 0.700643
0.3 0.519615 0.8 0.693659
0.35 0.606218 0.714143 0.659069
0.4 0.69282 0.6 0.680313
0.45 0.779423 0.43589 0.679217
0.5 0.866025 1.49012e-08 0.71075
0 0 1 0.709409
0.034202 0.0939693 0.994987 0.707139
0.068404 0.187939 0.979796 0.696209
0.102606 0.281908 0.953939 0.690876
0.136808 0.375877 0.916515 0.70324
0.17101 0.469846 0.866025 0.709839
0.205212 0.563816 0.8 0.705744
0.239414 0.657785 0.714143 0.687754
0.273616 0.751754 0.6 0.695853
0.307818 0.845723 0.43589 0.699699
0.34202 0.939693 1.49012e-08 0.71075
0 0 1 0.709409
0.0173648 0.0984808 0.994987 0.709602
0.0347296 0.196962 0.979796 0.703942
0.0520945 0.295442 0.953939 0.702952
0.0694593 0.393923 0.916515 0.705178
0.0868241 0.492404 0.866025 0.713424
0.104189 0.590885 0.8 0.714449
0.121554 0.689365 0.714143 0.698615
0.138919 0.787846 0.6 0.703217
0.156283 0.886327 0.43589 0.707826
0.173648 0.984808 1.49012e-08 0.71075
0 0 1 0.709409
6.12323e-18 0.1 0.994987 0.712196
1.22465e-17 0.2 0.979796 0.711178
1.83697e-17 0.3 0.953939 0.712984
2.44929e-17 0.4 0.916515 0.711953
3.06162e-17 0.5 0.866025 0.716422
3.67394e-17 0.6 0.8 0.716061
4.28626e-17 0.7 0.714143 0.702131
4.89859e-17 0.8 0.6 0.698641
5.51091e-17 0.9 0.43589 0.707997
6.12323e-17 1 1.49012e-08 0.71075
-0 0 1 0.709409
-0.0173648 0.0984808 0.994987 0.714935
-0.0347296 0.196962 0.979796 0.715817
-0.0520945 0.295442 0.953939 0.718293
-0.0694593 0.393923 0.916515 0.719746
-0.0868241 0.492404 0.866025 0.718398
-0.104189 0.590885 0.8 0.713837
-0.121554 0.689365 0.714143 0.691432
-0.138919 0.787846 0.6 0.677274
-0.156283 0.886327 0.43589 0.701132
-0.173648 0.984808 1.49012e-08 0.71075
-0 0 1 0.709409
-0.034202 0.0939693 0.994987 0.717156
-0.068404 0.187939 0.979796 0.719039
-0.102606 0.281908 0.953939 0.719217
-0.136808 0.375877 0.916515 0.717808
-0.17101 0.469846 0.866025 0.713919
-0.205212 0.563816 0.8 0.706397
-0.239414 0.657785 0.714143 0.683715
-0.273616 0.751754 0.6 0.647996
-0.307818 0.845723 0.43589 0.692005
-0.34202 0.939693 1.49012e-08 0.71075
-0 0 1 0.709409
-0.05 0.0866025 0.994987 0.718713
-0.1 0.173205 0.979796 0.71975
-0.15 0.259808 0.953939 0.713891
-0.2 0.34641 0.916515 0.704297
-0.25 0.433013 0.866025 0.705739
-0.3 0.519615 0.8 0.70455
-0.35 0.606218 0.714143 0.693568
-0.4 0.69282 0.6 0.664514
-0.45 0.779423 0.43589 0.694657
-0.5 0.866025 1.49012e-08 0.71075
-0 0 1 0.709409
-0.0642788 0.0766044 0.994987 0.719662
-0.128558 0.153209 0.979796 0.718343
-0.192836 0.229813 0.953939 0.703718
-0.257115 0.306418 0.916515 0.705673
-0.321394 0.383022 0.866025 0.713178
-0.385673 0.459627 0.8 0.711184
-0.449951 0.536231 0.714143 0.696204
-0.51423 0.612836 0.6 0.682574
-0.578509 0.68944 0.43589 0.696996
-0.642788 0.766044 1.49012e-08 0.71075
-0 0 1 0.709409
-0.0766044 0.0642788 0.994987 0.720024
-0.153209 0.128558 0.979796 0.715505
-0.229813 0.192836 0.953939 0.705686
-0.306418 0.257115 0.916515 0.715839
-0.383022 0.321394 0.866025 0.718668
-0.459627 0.385673 0.8 0.710072
-0.536231 0.449951 0.714143 0.695492
-0.612836 0.51423 0.6 0.687599
-0.68944 0.578509 0.43589 0.693593
-0.766044 0.642788 1.49012e-08 0.71075
-0 0 1 0.709409
-0.0866025 0.05 0.994987 0.719964
-0.173205 0.1 0.979796 0.715447
-0.259808 0.15 0.953939 0.708868
-0.34641 0.2 0.916515 0.718476
-0.433013 0.25 0.866025 0.716821
-0.519615 0.3 0.8 0.702559
-0.606218 0.35 0.714143 0.665698
-0.69282 0.4 0.6 0.658308
-0.779423 0.45 0.43589 0.644775
-0.866025 0.5 1.49012e-08 0.71075
-0 0 1 0.709409
-0.0939693 0.034202 0.994987 0.719727
-0.187939 0.068404 0.979796 0.715633
-0.281908 0.102606 0.953939 0.712598
-0.375877 0.136808 0.916515 0.714355
-0.469846 0.17101 0.866025 0.703477
-0.563816 0.205212 0.8 0.682001
-0.657785 0.239414 0.714143 0.662639
-0.751754 0.273616 0.6 0.670651
-0.845723 0.307818 0.43589 0.659045
-0.939693 0.34202 1.49012e-08 0.71075
-0 0 1 0.709409
-0.0984808 0.0173648 0.994987 0.719089
-0.196962 0.0347296 0.979796 0.713949
-0.295442 0.0520945 0.953939 0.712359
-0.393923 0.0694593 0.916515 0.707329
-0.492404 0.0868241 0.866025 0.68809
-0.590885 0.104189 0.8 0.666603
-0.689365 0.121554 0.714143 0.684476
-0.787846 0.138919 0.6 0.707379
-0.886327 0.156283 0.43589 0.71033
-0.984808 0.173648 1.49012e-08 0.71075
-0 0 1 0.709409
-0.1 1.22465e-17 0.994987 0.718079
-0.2 2.44929e-17 0.979796 0.711163
-0.3 3.67394e-17 0.953939 0.710051
-0.4 4.89859e-17 0.916515 0.701242
-0.5 6.12323e-17 0.866025 0.681971
-0.6 7.34788e-17 0.8 0.673394
-0.7 8.57253e-17 0.714143 0.702227
-0.8 9.79717e-17 0.6 0.70471
-0.9 1.10218e-16 0.43589 0.716261
-1 1.22465e-16 1.49012e-08 0.71075
-0 -0 1 0.709409
-0.0984808 -0.0173648 0.994987 0.716704
-0.196962 -0.0347296 0.979796 0.708497
-0.295442 -0.0520945 0.953939 0.705905
-0.393923 -0.0694593 0.916515 0.696434
-0.492404 -0.0868241 0.866025 0.673543
-0.590885 -0.104189 0.8 0.668998
-0.689365 -0.121554 0.714143 0.703468
-0.787846 -0.138919 0.6 0.713764
-0.886327 -0.156283 0.43589 0.716376
-0.984808 -0.173648 1.49012e-08 0.71075
-0 -0 1 0.709409
-0.0939693 -0.034202 0.994987 0.714987
-0.187939 -0.068404 0.979796 0.706635
-0.281908 -0.102606 0.953939 0.698934
-0.375877 -0.136808 0.916515 0.688678
-0.469846 -0.17101 0.866025 0.660078
-0.563816 -0.205212 0.8 0.671719
-0.657785 -0.239414 0.714143 0.710525
-0.751754 -0.273616 0.6 0.716856
-0.845723 -0.307818 0.43589 0.71949
-0.939693 -0.34202 1.49012e-08 0.71075
-0 -0 1 0.709409
-0.0866025 -0.05 0.994987 0.712929
-0.173205 -0.1 0.979796 0.706135
-0.259808 -0.15 0.953939 0.694349
-0.34641 -0.2 0.916515 0.678184
-0.433013 -0.25 0.866025 0.647974
-0.519615 -0.3 0.8 0.685059
-0.606218 -0.35 0.714143 0.713927
-0.69282 -0.4 0.6 0.722212
-0.779423 -0.45 0.43589 0.722535
-0.866025 -0.5 1.49012e-08 0.71075
-0 -0 1 0.709409
-0.0766044 -0.0642788 0.994987 0.710492
-0.153209 -0.128558 0.979796 0.705252
-0.229813 -0.192836 0.953939 0.687937
-0.306418 -0.257115 0.916515 0.66239
-0.383022 -0.321394 0.866025 0.649091
-0.459627 -0.385673 0.8 0.674426
-0.536231 -0.449951 0.714143 0.713258
-0.612836 -0.51423 0.6 0.722727
-0.68944 -0.578509 0.43589 0.714106
-0.766044 -0.642788 1.49012e-08 0.71075
-0 -0 1 0.709409
-0.0642788 -0.0766044 0.994987 0.707506
-0.128558 -0.153209 0.979796 0.703313
-0.192836 -0.229813 0.953939 0.682279
-0.257115 -0.306418 0.916515 0.638204
-0.321394 -0.383022 0.866025 0.632016
-0.385673 -0.459627 0.8 0.669994
-0.449951 -0.536231 0.714143 0.700615
-0.51423 -0.612836 0.6 0.713369
-0.578509 -0.68944 0.43589 0.698876
-0.642788 -0.766044 1.49012e-08 0.71075
-0 -0 1 0.709409
-0.05 -0.0866025 0.994987 0.703702
-0.1 -0.173205 0.979796 0.700575
-0.15 -0.259808 0.953939 0.681729
-0.2 -0.34641 0.916515 0.637386
-0.25 -0.433013 0.866025 0.640613
-0.3 -0.519615 0.8 0.653889
-0.35 -0.606218 0.714143 0.675065
-0.4 -0.69282 0.6 0.692496
-0.45 -0.779423 0.43589 0.682597
-0.5 -0.866025 1.49012e-08 0.71075
-0 -0 1 0.709409
-0.034202 -0.0939693 0.994987 0.698967
-0.068404 -0.187939 0.979796 0.697222
-0.102606 -0.281908 0.953939 0.684285
-0.136808 -0.375877 0.916515 0.664506
-0.17101 -0.469846 0.866025 0.660899
-0.205212 -0.563816 0.8 0.637037
-0.239414 -0.657785 0.714143 0.634151
-0.273616 -0.751754 0.6 0.664217
-0.307818 -0.845723 0.43589 0.65903
-0.34202 -0.939693 1.49012e-08 0.71075
-0 -0 1 0.709409
-0.0173648 -0.0984808 0.994987 0.693322
-0.0347296 -0.196962 0.979796 0.695824
-0.0520945 -0.295442 0.953939 0.687134
-0.0694593 -0.393923 0.916515 0.683141
-0.0868241 -0.492404 0.866025 0.683981
-0.104189 -0.590885 0.8 0.668028
-0.121554 -0.689365 0.714143 0.643568
-0.138919 -0.787846 0.6 0.644695
-0.156283 -0.886327 0.43589 0.64156
-0.173648 -0.984808 1.49012e-08 0.71075
-0 -0 1 0.709409
-1.83697e-17 -0.1 0.994987 0.687426
-3.67394e-17 -0.2 0.979796 0.694289
-5.51091e-17 -0.3 0.953939 0.690301
-7.34788e-17 -0.4 0.916515 0.693648
-9.18485e-17 -0.5 0.866025 0.700597
-1.10218e-16 -0.6 0.8 0.697533
-1.28588e-16 -0.7 0.714143 0.679479
-1.46958e-16 -0.8 0.6 0.649119
-1.65327e-16 -0.9 0.43589 0.645373
-1.83697e-16 -1 1.49012e-08 0.71075
0 -0 1 0.709409
0.0173648 -0.0984808 0.994987 0.685386
0.0347296 -0.196962 0.979796 0.694192
0.0520945 -0.295442 0.953939 0.693207
0.0694593 -0.393923 0.916515 0.704462
0.0868241 -0.492404 0.866025 0.710894
0.104189 -0.590885 0.8 0.713843
0.121554 -0.689365 0.714143 0.699779
0.138919 -0.787846 0.6 0.661009
0.156283 -0.886327 0.43589 0.657394
0.173648 -0.984808 1.49012e-08 0.71075
0 -0 1 0.709409
0.034202 -0.0939693 0.994987 0.68857
0.068404 -0.187939 0.979796 0.69643
0.102606 -0.281908 0.953939 0.700384
0.136808 -0.375877 0.916515 0.710893
0.17101 -0.469846 0.866025 0.711923
0.205212 -0.563816 0.8 0.718941
0.239414 -0.657785 0.714143 0.714735
0.273616 -0.751754 0.6 0.689194
0.307818 -0.845723 0.43589 0.659653
0.34202 -0.939693 1.49012e-08 0.71075
0 -0 1 0.709409
0.05 -0.0866025 0.994987 0.692029
0.1 -0.173205 0.979796 0.698489
0.15 -0.259808 0.953939 0.704744
0.2 -0.34641 0.916515 0.716454
0.25 -0.433013 0.866025 0.718233
0.3 -0.519615 0.8 0.721595
0.35 -0.606218 0.714143 0.718575
0.4 -0.69282 0.6 0.712511
0.45 -0.779423 0.43589 0.664714
0.5 -0.866025 1.49012e-08 0.71075
0 -0 1 0.709409
0.0642788 -0.0766044 0.994987 0.694681
0.128558 -0.153209 0.979796 0.699133
0.192836 -0.229813 0.953939 0.701466
0.257115 -0.306418 0.916515 0.716197
0.321394 -0.383022 0.866025 0.721744
0.385673 -0.459627 0.8 0.710183
0.449951 -0.536231 0.714143 0.705922
0.51423 -0.612836 0.6 0.721025
0.578509 -0.68944 0.43589 0.680345
0.642788 -0.766044 1.49012e-08 0.71075
0 -0 1 0.709409
0.0766044 -0.0642788 0.994987 0.696505
0.153209 -0.128558 0.979796 0.699068
0.229813 -0.192836 0.953939 0.689128
0.306418 -0.257115 0.916515 0.714257
0.383022 -0.321394 0.866025 0.719557
0.459627 -0.385673 0.8 0.71402
0.536231 -0.449951 0.714143 0.704902
0.612836 -0.51423 0.6 0.721906
0.68944 -0.578509 0.43589 0.702753
0.766044 -0.642788 1.49012e-08 0.71075
0 -0 1 0.709409
0.0866025 -0.05 0.994987 0.697451
0.173205 -0.1 0.979796 0.698949
0.259808 -0.15 0.953939 0.693661
0.34641 -0.2 0.916515 0.71112
0.433013 -0.25 0.866025 0.720995
0.519615 -0.3 0.8 0.719611
0.606218 -0.35 0.714143 0.714936
0.69282 -0.4 0.6 0.722883
0.779423 -0.45 0.43589 0.716844
0.866025 -0.5 1.49012e-08 0.71075
0 -0 1 0.709409
0.0939693 -0.034202 0.994987 0.697306
0.187939 -0.068404 0.979796 0.697398
0.281908 -0.102606 0.953939 0.697561
0.375877 -0.136808 0.916515 0.704161
0.469846 -0.17101 0.866025 0.716762
0.563816 -0.205212 0.8 0.712617
0.657785 -0.239414 0.714143 0.701944
0.751754 -0.273616 0.6 0.71252
0.845723 -0.307818 0.43589 0.710663
0.939693 -0.34202 1.49012e-08 0.71075
0 -0 1 0.709409
0.0984808 -0.0173648 0.994987 0.69656
0.196962 -0.0347296 0.979796 0.693794
0.295442 -0.0520945 0.953939 0.698601
0.393923 -0.0694593 0.916515 0.703464
0.492404 -0.0868241 0.866025 0.704514
0.590885 -0.104189 0.8 0.7067
0.689365 -0.121554 0.714143 0.697454
0.787846 -0.138919 0.6 0.714246
0.886327 -0.156283 0.43589 0.711094
0.984808 -0.173648 1.49012e-08 0.71075
0 -0 1 0.709409
0.1 -2.44929e-17 0.994987 0.696439
0.2 -4.89859e-17 0.979796 0.689102
0.3 -7.34788e-17 0.953939 0.69619
0.4 -9.79717e-17 0.916515 0.706599
0.5 -1.22465e-16 0.866025 0.704808
0.6 -1.46958e-16 0.8 0.69282
0.7 -1.71451e-16 0.714143 0.708459
0.8 -1.95943e-16 0.6 0.715476
0.9 -2.20436e-16 0.43589 0.706946
1 -2.44929e-16 1.49012e-08 0.71075
