0 0 1 0.720871
0.1 0 0.994987 0.718533
0.2 0 0.979796 0.702324
0.3 0 0.953939 0.680338
0.4 0 0.916515 0.666309
0.5 0 0.866025 0.696754
0.6 0 0.8 0.718314
0.7 0 0.714143 0.723338
0.8 0 0.6 0.718244
0.9 0 0.43589 0.70548
1 0 1.49012e-08 0.694064
0 0 1 0.720871
0.0984808 0.0173648 0.994987 0.719193
0.196962 0.0347296 0.979796 0.706384
0.295442 0.0520945 0.953939 0.679625
0.393923 0.0694593 0.916515 0.655057
0.492404 0.0868241 0.866025 0.691755
0.590885 0.104189 0.8 0.717463
0.689365 0.121554 0.714143 0.721768
0.787846 0.138919 0.6 0.71938
0.886327 0.156283 0.43589 0.71376
0.984808 0.173648 1.49012e-08 0.694064
0 0 1 0.720871
0.0939693 0.034202 0.994987 0.719972
0.187939 0.068404 0.979796 0.710718
0.281908 0.102606 0.953939 0.6852
0.375877 0.136808 0.916515 0.650568
0.469846 0.17101 0.866025 0.678933
0.563816 0.205212 0.8 0.70145
0.657785 0.239414 0.714143 0.71106
0.751754 0.273616 0.6 0.712591
0.845723 0.307818 0.43589 0.710256
0.939693 0.34202 1.49012e-08 0.694064
0 0 1 0.720871
0.0866025 0.05 0.994987 0.720665
0.173205 0.1 0.979796 0.715045
0.259808 0.15 0.953939 0.697563
0.34641 0.2 0.916515 0.67734
0.433013 0.25 0.866025 0.668107
0.519615 0.3 0.8 0.669475
0.606218 0.35 0.714143 0.675391
0.69282 0.4 0.6 0.650337
0.779423 0.45 0.43589 0.688573
0.866025 0.5 1.49012e-08 0.694064
0 0 1 0.720871
0.0766044 0.0642788 0.994987 0.721058
0.153209 0.128558 0.979796 0.718324
0.229813 0.192836 0.953939 0.708343
0.306418 0.257115 0.916515 0.693266
0.383022 0.321394 0.866025 0.676153
0.459627 0.385673 0.8 0.652235
0.536231 0.449951 0.714143 0.641811
0.612836 0.51423 0.6 0.670704
0.68944 0.578509 0.43589 0.667444
0.766044 0.642788 1.49012e-08 0.694064
0 0 1 0.720871
0.0642788 0.0766044 0.994987 0.721008
0.128558 0.153209 0.979796 0.720214
0.192836 0.229813 0.953939 0.715126
0.257115 0.306418 0.916515 0.706479
0.321394 0.383022 0.866025 0.685569
0.385673 0.459627 0.8 0.627462
0.449951 0.536231 0.714143 0.673481
0.51423 0.612836 0.6 0.694557
0.578509 0.68944 0.43589 0.689523
0.642788 0.766044 1.49012e-08 0.694064
0 0 1 0.720871
0.05 0.0866025 0.994987 0.720683
0.1 0.173205 0.979796 0.72024
0.15 0.259808 0.953939 0.717556
0.2 0.34641 0.916515 0.712223
0.25 0.433013 0.866025 0.69735
0.3 0.519615 0.8 0.679322
0.35 0.606218 0.714143 0.700153
0.4 0.69282 0.6 0.711
0.45 0.779423 0.43589 0.71024
0.5 0.866025 1.49012e-08 0.694064
0 0 1 0.720871
0.034202 0.0939693 0.994987 0.720179
0.068404 0.187939 0.979796 0.717559
0.102606 0.281908 0.953939 0.718111
0.136808 0.375877 0.916515 0.713666
0.17101 0.469846 0.866025 0.706652
0.205212 0.563816 0.8 0.702912
0.239414 0.657785 0.714143 0.708482
0.273616 0.751754 0.6 0.715113
0.307818 0.845723 0.43589 0.715589
0.34202 0.939693 1.49012e-08 0.694064
0 0 1 0.720871
0.0173648 0.0984808 0.994987 0.720587
0.0347296 0.196962 0.979796 0.711879
0.0520945 0.295442 0.953939 0.717114
0.0694593 0.393923 0.916515 0.709486
0.0868241 0.492404 0.866025 0.709242
0.104189 0.590885 0.8 0.704426
0.121554 0.689365 0.714143 0.713036
0.138919 0.787846 0.6 0.712058
0.156283 0.886327 0.43589 0.711032
0.173648 0.984808 1.49012e-08 0.694064
0 0 1 0.720871
6.12323e-18 0.1 0.994987 0.721358
1.22465e-17 0.2 0.979796 0.708448
1.83697e-17 0.3 0.953939 0.716246
2.44929e-17 0.4 0.916515 0.711151
3.06162e-17 0.5 0.866025 0.709277
3.67394e-17 0.6 0.8 0.682371
4.28626e-17 0.7 0.714143 0.709157
4.89859e-17 0.8 0.6 0.705031
5.51091e-17 0.9 0.43589 0.707759
6.12323e-17 1 1.49012e-08 0.694064
-0 0 1 0.720871
-0.0173648 0.0984808 0.994987 0.721917
-0.0347296 0.196962 0.979796 0.714911
-0.0520945 0.295442 0.953939 0.716704
-0.0694593 0.393923 0.916515 0.713986
-0.0868241 0.492404 0.866025 0.710639
-0.104189 0.590885 0.8 0.701656
-0.121554 0.689365 0.714143 0.701688
-0.138919 0.787846 0.6 0.700921
-0.156283 0.886327 0.43589 0.711578
-0.173648 0.984808 1.49012e-08 0.694064
-0 0 1 0.720871
-0.034202 0.0939693 0.994987 0.722034
-0.068404 0.187939 0.979796 0.7181
-0.102606 0.281908 0.953939 0.714865
-0.136808 0.375877 0.916515 0.708126
-0.17101 0.469846 0.866025 0.706135
-0.205212 0.563816 0.8 0.69898
-0.239414 0.657785 0.714143 0.6874
-0.273616 0.751754 0.6 0.678396
-0.307818 0.845723 0.43589 0.713764
-0.34202 0.939693 1.49012e-08 0.694064
-0 0 1 0.720871
-0.05 0.0866025 0.994987 0.721571
-0.1 0.173205 0.979796 0.717512
-0.15 0.259808 0.953939 0.711808
-0.2 0.34641 0.916515 0.698014
-0.25 0.433013 0.866025 0.696171
-0.3 0.519615 0.8 0.689973
-0.35 0.606218 0.714143 0.654681
-0.4 0.69282 0.6 0.686836
-0.45 0.779423 0.43589 0.709965
-0.5 0.866025 1.49012e-08 0.694064
-0 0 1 0.720871
-0.0642788 0.0766044 0.994987 0.720515
-0.128558 0.153209 0.979796 0.713636
-0.192836 0.229813 0.953939 0.708319
-0.257115 0.306418 0.916515 0.691398
-0.321394 0.383022 0.866025 0.698048
-0.385673 0.459627 0.8 0.693374
-0.449951 0.536231 0.714143 0.655338
-0.51423 0.612836 0.6 0.69224
-0.578509 0.68944 0.43589 0.714849
-0.642788 0.766044 1.49012e-08 0.694064
-0 0 1 0.720871
-0.0766044 0.0642788 0.994987 0.718952
-0.153209 0.128558 0.979796 0.706735
-0.229813 0.192836 0.953939 0.705935
-0.306418 0.257115 0.916515 0.700006
-0.383022 0.321394 0.866025 0.703528
-0.459627 0.385673 0.8 0.696233
-0.536231 0.449951 0.714143 0.690697
-0.612836 0.51423 0.6 0.70044
-0.68944 0.578509 0.43589 0.713218
-0.766044 0.642788 1.49012e-08 0.694064
-0 0 1 0.720871
-0.0866025 0.05 0.994987 0.717115
-0.173205 0.1 0.979796 0.701175
-0.259808 0.15 0.953939 0.709383
-0.34641 0.2 0.916515 0.709692
-0.433013 0.25 0.866025 0.704938
-0.519615 0.3 0.8 0.701759
-0.606218 0.35 0.714143 0.695478
-0.69282 0.4 0.6 0.712294
-0.779423 0.45 0.43589 0.701413
-0.866025 0.5 1.49012e-08 0.694064
-0 0 1 0.720871
-0.0939693 0.034202 0.994987 0.715172
-0.187939 0.068404 0.979796 0.700996
-0.281908 0.102606 0.953939 0.713026
-0.375877 0.136808 0.916515 0.712156
-0.469846 0.17101 0.866025 0.696094
-0.563816 0.205212 0.8 0.706779
-0.657785 0.239414 0.714143 0.707774
-0.751754 0.273616 0.6 0.709763
-0.845723 0.307818 0.43589 0.707852
-0.939693 0.34202 1.49012e-08 0.694064
-0 0 1 0.720871
-0.0984808 0.0173648 0.994987 0.713405
-0.196962 0.0347296 0.979796 0.697519
-0.295442 0.0520945 0.953939 0.715407
-0.393923 0.0694593 0.916515 0.713043
-0.492404 0.0868241 0.866025 0.685783
-0.590885 0.104189 0.8 0.705566
-0.689365 0.121554 0.714143 0.717412
-0.787846 0.138919 0.6 0.7
-0.886327 0.156283 0.43589 0.719612
-0.984808 0.173648 1.49012e-08 0.694064
-0 0 1 0.720871
-0.1 1.22465e-17 0.994987 0.71207
-0.2 2.44929e-17 0.979796 0.696945
-0.3 3.67394e-17 0.953939 0.718013
-0.4 4.89859e-17 0.916515 0.716447
-0.5 6.12323e-17 0.866025 0.707519
-0.6 7.34788e-17 0.8 0.711837
-0.7 8.57253e-17 0.714143 0.721111
-0.8 9.79717e-17 0.6 0.719307
-0.9 1.10218e-16 0.43589 0.700935
-1 1.22465e-16 1.49012e-08 0.694064
-0 -0 1 0.720871
-0.0984808 -0.0173648 0.994987 0.711054
-0.196962 -0.0347296 0.979796 0.705248
-0.295442 -0.0520945 0.953939 0.720753
-0.393923 -0.0694593 0.916515 0.719062
-0.492404 -0.0868241 0.866025 0.713565
-0.590885 -0.104189 0.8 0.70468
-0.689365 -0.121554 0.714143 0.714319
-0.787846 -0.138919 0.6 0.712702
-0.886327 -0.156283 0.43589 0.696983
-0.984808 -0.173648 1.49012e-08 0.694064
-0 -0 1 0.720871
-0.0939693 -0.034202 0.994987 0.710332
-0.187939 -0.068404 0.979796 0.708936
-0.281908 -0.102606 0.953939 0.721683
-0.375877 -0.136808 0.916515 0.720591
-0.469846 -0.17101 0.866025 0.714294
-0.563816 -0.205212 0.8 0.683786
-0.657785 -0.239414 0.714143 0.697003
-0.751754 -0.273616 0.6 0.690871
-0.845723 -0.307818 0.43589 0.720597
-0.939693 -0.34202 1.49012e-08 0.694064
-0 -0 1 0.720871
-0.0866025 -0.05 0.994987 0.710364
-0.173205 -0.1 0.979796 0.710038
-0.259808 -0.15 0.953939 0.721995
-0.34641 -0.2 0.916515 0.72022
-0.433013 -0.25 0.866025 0.713011
-0.519615 -0.3 0.8 0.701375
-0.606218 -0.35 0.714143 0.68243
-0.69282 -0.4 0.6 0.70526
-0.779423 -0.45 0.43589 0.711347
-0.866025 -0.5 1.49012e-08 0.694064
-0 -0 1 0.720871
-0.0766044 -0.0642788 0.994987 0.711558
-0.153209 -0.128558 0.979796 0.710808
-0.229813 -0.192836 0.953939 0.72061
-0.306418 -0.257115 0.916515 0.717768
-0.383022 -0.321394 0.866025 0.712661
-0.459627 -0.385673 0.8 0.693085
-0.536231 -0.449951 0.714143 0.706159
-0.612836 -0.51423 0.6 0.715603
-0.68944 -0.578509 0.43589 0.701888
-0.766044 -0.642788 1.49012e-08 0.694064
-0 -0 1 0.720871
-0.0642788 -0.0766044 0.994987 0.713381
-0.128558 -0.153209 0.979796 0.709687
-0.192836 -0.229813 0.953939 0.716043
-0.257115 -0.306418 0.916515 0.714512
-0.321394 -0.383022 0.866025 0.704285
-0.385673 -0.459627 0.8 0.701279
-0.449951 -0.536231 0.714143 0.719001
-0.51423 -0.612836 0.6 0.718857
-0.578509 -0.68944 0.43589 0.699924
-0.642788 -0.766044 1.49012e-08 0.694064
-0 -0 1 0.720871
-0.05 -0.0866025 0.994987 0.714936
-0.1 -0.173205 0.979796 0.709962
-0.15 -0.259808 0.953939 0.708961
-0.2 -0.34641 0.916515 0.705743
-0.25 -0.433013 0.866025 0.699614
-0.3 -0.519615 0.8 0.70585
-0.35 -0.606218 0.714143 0.718232
-0.4 -0.69282 0.6 0.713121
-0.45 -0.779423 0.43589 0.685711
-0.5 -0.866025 1.49012e-08 0.694064
-0 -0 1 0.720871
-0.034202 -0.0939693 0.994987 0.715774
-0.068404 -0.187939 0.979796 0.711035
-0.102606 -0.281908 0.953939 0.701121
-0.136808 -0.375877 0.916515 0.690565
-0.17101 -0.469846 0.866025 0.693452
-0.205212 -0.563816 0.8 0.701729
-0.239414 -0.657785 0.714143 0.707921
-0.273616 -0.751754 0.6 0.694272
-0.307818 -0.845723 0.43589 0.680383
-0.34202 -0.939693 1.49012e-08 0.694064
-0 -0 1 0.720871
-0.0173648 -0.0984808 0.994987 0.71575
-0.0347296 -0.196962 0.979796 0.710741
-0.0520945 -0.295442 0.953939 0.694012
-0.0694593 -0.393923 0.916515 0.670483
-0.0868241 -0.492404 0.866025 0.676102
-0.104189 -0.590885 0.8 0.678662
-0.121554 -0.689365 0.714143 0.684653
-0.138919 -0.787846 0.6 0.678161
-0.156283 -0.886327 0.43589 0.687291
-0.173648 -0.984808 1.49012e-08 0.694064
-0 -0 1 0.720871
-1.83697e-17 -0.1 0.994987 0.714974
-3.67394e-17 -0.2 0.979796 0.709059
-5.51091e-17 -0.3 0.953939 0.688132
-7.34788e-17 -0.4 0.916515 0.655591
-9.18485e-17 -0.5 0.866025 0.651674
-1.10218e-16 -0.6 0.8 0.63387
-1.28588e-16 -0.7 0.714143 0.657563
-1.46958e-16 -0.8 0.6 0.672349
-1.65327e-16 -0.9 0.43589 0.695683
-1.83697e-16 -1 1.49012e-08 0.694064
0 -0 1 0.720871
0.0173648 -0.0984808 0.994987 0.714242
0.0347296 -0.196962 0.979796 0.707262
0.0520945 -0.295442 0.953939 0.684073
0.0694593 -0.393923 0.916515 0.655074
0.0868241 -0.492404 0.866025 0.643158
0.104189 -0.590885 0.8 0.630732
0.121554 -0.689365 0.714143 0.664546
0.138919 -0.787846 0.6 0.687496
0.156283 -0.886327 0.43589 0.701504
0.173648 -0.984808 1.49012e-08 0.694064
0 -0 1 0.720871
0.034202 -0.0939693 0.994987 0.71503
0.068404 -0.187939 0.979796 0.705922
0.102606 -0.281908 0.953939 0.680408
0.136808 -0.375877 0.916515 0.647471
0.17101 -0.469846 0.866025 0.637208
0.205212 -0.563816 0.8 0.661376
0.239414 -0.657785 0.714143 0.687907
0.273616 -0.751754 0.6 0.704831
0.307818 -0.845723 0.43589 0.702364
0.34202 -0.939693 1.49012e-08 0.694064
0 -0 1 0.720871
0.05 -0.0866025 0.994987 0.716088
0.1 -0.173205 0.979796 0.70434
0.15 -0.259808 0.953939 0.676675
0.2 -0.34641 0.916515 0.640123
0.25 -0.433013 0.866025 0.639266
0.3 -0.519615 0.8 0.677852
0.35 -0.606218 0.714143 0.703929
0.4 -0.69282 0.6 0.710251
0.45 -0.779423 0.43589 0.702197
0.5 -0.866025 1.49012e-08 0.694064
0 -0 1 0.720871
0.0642788 -0.0766044 0.994987 0.716801
0.128558 -0.153209 0.979796 0.702643
0.192836 -0.229813 0.953939 0.674601
0.257115 -0.306418 0.916515 0.641107
0.321394 -0.383022 0.866025 0.654052
0.385673 -0.459627 0.8 0.683622
0.449951 -0.536231 0.714143 0.707127
0.51423 -0.612836 0.6 0.709863
0.578509 -0.68944 0.43589 0.705182
0.642788 -0.766044 1.49012e-08 0.694064
0 -0 1 0.720871
0.0766044 -0.0642788 0.994987 0.717202
0.153209 -0.128558 0.979796 0.700739
0.229813 -0.192836 0.953939 0.672665
0.306418 -0.257115 0.916515 0.634639
0.383022 -0.321394 0.866025 0.647958
0.459627 -0.385673 0.8 0.68561
0.536231 -0.449951 0.714143 0.70637
0.612836 -0.51423 0.6 0.71713
0.68944 -0.578509 0.43589 0.70518
0.766044 -0.642788 1.49012e-08 0.694064
0 -0 1 0.720871
0.0866025 -0.05 0.994987 0.717437
0.173205 -0.1 0.979796 0.698282
0.259808 -0.15 0.953939 0.670129
0.34641 -0.2 0.916515 0.650428
0.433013 -0.25 0.866025 0.655177
0.519615 -0.3 0.8 0.687673
0.606218 -0.35 0.714143 0.70654
0.69282 -0.4 0.6 0.718132
0.779423 -0.45 0.43589 0.711277
0.866025 -0.5 1.49012e-08 0.694064
0 -0 1 0.720871
0.0939693 -0.034202 0.994987 0.717679
0.187939 -0.068404 0.979796 0.696132
0.281908 -0.102606 0.953939 0.673112
0.375877 -0.136808 0.916515 0.669437
0.469846 -0.17101 0.866025 0.67648
0.563816 -0.205212 0.8 0.692438
0.657785 -0.239414 0.714143 0.692849
0.751754 -0.273616 0.6 0.706611
0.845723 -0.307818 0.43589 0.718504
0.939693 -0.34202 1.49012e-08 0.694064
0 -0 1 0.720871
0.0984808 -0.0173648 0.994987 0.71803
0.196962 -0.0347296 0.979796 0.697823
0.295442 -0.0520945 0.953939 0.678244
0.393923 -0.0694593 0.916515 0.674505
0.492404 -0.0868241 0.866025 0.695001
0.590885 -0.104189 0.8 0.708502
0.689365 -0.121554 0.714143 0.708854
0.787846 -0.138919 0.6 0.690874
0.886327 -0.156283 0.43589 0.712002
0.984808 -0.173648 1.49012e-08 0.694064
0 -0 1 0.720871
0.1 -2.44929e-17 0.994987 0.718533
0.2 -4.89859e-17 0.979796 0.702324
0.3 -7.34788e-17 0.953939 0.680338
0.4 -9.79717e-17 0.916515 0.666309
0.5 -1.22465e-16 0.866025 0.696754
0.6 -1.46958e-16 0.8 0.718314
0.7 -1.71451e-16 0.714143 0.723338
0.8 -1.95943e-16 0.6 0.718244
0.9 -2.20436e-16 0.43589 0.70548
1 -2.44929e-16 1.49012e-08 0.694064
