0 0 1 0.703729
0.1 0 0.994987 0.697629
0.2 0 0.979796 0.699441
0.3 0 0.953939 0.712116
0.4 0 0.916515 0.705388
0.5 0 0.866025 0.708303
0.6 0 0.8 0.708733
0.7 0 0.714143 0.713409
0.8 0 0.6 0.704998
0.9 0 0.43589 0.710227
1 0 1.49012e-08 0.616646
0 0 1 0.703729
0.0984808 0.0173648 0.994987 0.699649
0.196962 0.0347296 0.979796 0.701529
0.295442 0.0520945 0.953939 0.711091
0.393923 0.0694593 0.916515 0.707613
0.492404 0.0868241 0.866025 0.703526
0.590885 0.104189 0.8 0.691342
0.689365 0.121554 0.714143 0.685004
0.787846 0.138919 0.6 0.69124
0.886327 0.156283 0.43589 0.706563
0.984808 0.173648 1.49012e-08 0.616645
0 0 1 0.703729
0.0939693 0.034202 0.994987 0.701917
0.187939 0.068404 0.979796 0.706094
0.281908 0.102606 0.953939 0.709743
0.375877 0.136808 0.916515 0.705469
0.469846 0.17101 0.866025 0.69468
0.563816 0.205212 0.8 0.645996
0.657785 0.239414 0.714143 0.610919
0.751754 0.273616 0.6 0.671928
0.845723 0.307818 0.43589 0.709689
0.939693 0.34202 1.49012e-08 0.616646
0 0 1 0.703729
0.0866025 0.05 0.994987 0.703832
0.173205 0.1 0.979796 0.708622
0.259808 0.15 0.953939 0.707732
0.34641 0.2 0.916515 0.703198
0.433013 0.25 0.866025 0.694943
0.519615 0.3 0.8 0.673401
0.606218 0.35 0.714143 0.681856
0.69282 0.4 0.6 0.705659
0.779423 0.45 0.43589 0.709381
0.866025 0.5 1.49012e-08 0.616646
0 0 1 0.703729
0.0766044 0.0642788 0.994987 0.704984
0.153209 0.128558 0.979796 0.708764
0.229813 0.192836 0.953939 0.707618
0.306418 0.257115 0.916515 0.703883
0.383022 0.321394 0.866025 0.700414
0.459627 0.385673 0.8 0.700932
0.536231 0.449951 0.714143 0.703998
0.612836 0.51423 0.6 0.711976
0.68944 0.578509 0.43589 0.702252
0.766044 0.642788 1.49012e-08 0.616646
0 0 1 0.703729
0.0642788 0.0766044 0.994987 0.705244
0.128558 0.153209 0.979796 0.707477
0.192836 0.229813 0.953939 0.706286
0.257115 0.306418 0.916515 0.708564
0.321394 0.383022 0.866025 0.705363
0.385673 0.459627 0.8 0.70811
0.449951 0.536231 0.714143 0.712339
0.51423 0.612836 0.6 0.720714
0.578509 0.68944 0.43589 0.716712
0.642788 0.766044 1.49012e-08 0.616646
0 0 1 0.703729
0.05 0.0866025 0.994987 0.704704
0.1 0.173205 0.979796 0.704467
0.15 0.259808 0.953939 0.699552
0.2 0.34641 0.916515 0.713202
0.25 0.433013 0.866025 0.715675
0.3 0.519615 0.8 0.712705
0.35 0.606218 0.714143 0.705521
0.4 0.69282 0.6 0.72146
0.45 0.779423 0.43589 0.715641
0.5 0.866025 1.49012e-08 0.616646
0 0 1 0.703729
0.034202 0.0939693 0.994987 0.703712
0.068404 0.187939 0.979796 0.701517
0.102606 0.281908 0.953939 0.703661
0.136808 0.375877 0.916515 0.719279
0.17101 0.469846 0.866025 0.717315
0.205212 0.563816 0.8 0.709185
0.239414 0.657785 0.714143 0.711718
0.273616 0.751754 0.6 0.715466
0.307818 0.845723 0.43589 0.701971
0.34202 0.939693 1.49012e-08 0.616646
0 0 1 0.703729
0.0173648 0.0984808 0.994987 0.702625
0.0347296 0.196962 0.979796 0.703481
0.0520945 0.295442 0.953939 0.710745
0.0694593 0.393923 0.916515 0.7203
0.0868241 0.492404 0.866025 0.719083
0.104189 0.590885 0.8 0.713824
0.121554 0.689365 0.714143 0.707085
0.138919 0.787846 0.6 0.700748
0.156283 0.886327 0.43589 0.679303
0.173648 0.984808 1.49012e-08 0.616646
0 0 1 0.703729
6.12323e-18 0.1 0.994987 0.701034
1.22465e-17 0.2 0.979796 0.70743
1.83697e-17 0.3 0.953939 0.715069
2.44929e-17 0.4 0.916515 0.720224
3.06162e-17 0.5 0.866025 0.719436
3.67394e-17 0.6 0.8 0.710539
4.28626e-17 0.7 0.714143 0.690717
4.89859e-17 0.8 0.6 0.672833
5.51091e-17 0.9 0.43589 0.652638
6.12323e-17 1 1.49012e-08 0.616646
-0 0 1 0.703729
-0.0173648 0.0984808 0.994987 0.699082
-0.0347296 0.196962 0.979796 0.710469
-0.0520945 0.295442 0.953939 0.716012
-0.0694593 0.393923 0.916515 0.717793
-0.0868241 0.492404 0.866025 0.714189
-0.104189 0.590885 0.8 0.696626
-0.121554 0.689365 0.714143 0.661275
-0.138919 0.787846 0.6 0.637133
-0.156283 0.886327 0.43589 0.636207
-0.173648 0.984808 1.49012e-08 0.616646
-0 0 1 0.703729
-0.034202 0.0939693 0.994987 0.697473
-0.068404 0.187939 0.979796 0.710822
-0.102606 0.281908 0.953939 0.715478
-0.136808 0.375877 0.916515 0.713123
-0.17101 0.469846 0.866025 0.700408
-0.205212 0.563816 0.8 0.670942
-0.239414 0.657785 0.714143 0.632803
-0.273616 0.751754 0.6 0.611332
-0.307818 0.845723 0.43589 0.647765
-0.34202 0.939693 1.49012e-08 0.616646
-0 0 1 0.703729
-0.05 0.0866025 0.994987 0.696448
-0.1 0.173205 0.979796 0.708838
-0.15 0.259808 0.953939 0.710727
-0.2 0.34641 0.916515 0.7013
-0.25 0.433013 0.866025 0.676992
-0.3 0.519615 0.8 0.642619
-0.35 0.606218 0.714143 0.62091
-0.4 0.69282 0.6 0.629778
-0.45 0.779423 0.43589 0.674463
-0.5 0.866025 1.49012e-08 0.616646
-0 0 1 0.703729
-0.0642788 0.0766044 0.994987 0.695064
-0.128558 0.153209 0.979796 0.705266
-0.192836 0.229813 0.953939 0.702346
-0.257115 0.306418 0.916515 0.684994
-0.321394 0.383022 0.866025 0.641855
-0.385673 0.459627 0.8 0.640255
-0.449951 0.536231 0.714143 0.645716
-0.51423 0.612836 0.6 0.677542
-0.578509 0.68944 0.43589 0.695483
-0.642788 0.766044 1.49012e-08 0.616646
-0 0 1 0.703729
-0.0766044 0.0642788 0.994987 0.6929
-0.153209 0.128558 0.979796 0.699756
-0.229813 0.192836 0.953939 0.690491
-0.306418 0.257115 0.916515 0.666908
-0.383022 0.321394 0.866025 0.638603
-0.459627 0.385673 0.8 0.659224
-0.536231 0.449951 0.714143 0.683505
-0.612836 0.51423 0.6 0.701509
-0.68944 0.578509 0.43589 0.706229
-0.766044 0.642788 1.49012e-08 0.616646
-0 0 1 0.703729
-0.0866025 0.05 0.994987 0.691863
-0.173205 0.1 0.979796 0.692654
-0.259808 0.15 0.953939 0.675912
-0.34641 0.2 0.916515 0.641124
-0.433013 0.25 0.866025 0.639794
-0.519615 0.3 0.8 0.673569
-0.606218 0.35 0.714143 0.69508
-0.69282 0.4 0.6 0.701597
-0.779423 0.45 0.43589 0.693031
-0.866025 0.5 1.49012e-08 0.616646
-0 0 1 0.703729
-0.0939693 0.034202 0.994987 0.692291
-0.187939 0.068404 0.979796 0.686695
-0.281908 0.102606 0.953939 0.661814
-0.375877 0.136808 0.916515 0.61006
-0.469846 0.17101 0.866025 0.61696
-0.563816 0.205212 0.8 0.668391
-0.657785 0.239414 0.714143 0.68589
-0.751754 0.273616 0.6 0.694802
-0.845723 0.307818 0.43589 0.705666
-0.939693 0.34202 1.49012e-08 0.616646
-0 0 1 0.703729
-0.0984808 0.0173648 0.994987 0.694049
-0.196962 0.0347296 0.979796 0.68257
-0.295442 0.0520945 0.953939 0.652172
-0.393923 0.0694593 0.916515 0.597201
-0.492404 0.0868241 0.866025 0.599795
-0.590885 0.104189 0.8 0.662069
-0.689365 0.121554 0.714143 0.677111
-0.787846 0.138919 0.6 0.659172
-0.886327 0.156283 0.43589 0.689972
-0.984808 0.173648 1.49012e-08 0.616646
-0 0 1 0.703729
-0.1 1.22465e-17 0.994987 0.696829
-0.2 2.44929e-17 0.979796 0.680544
-0.3 3.67394e-17 0.953939 0.648087
-0.4 4.89859e-17 0.916515 0.603387
-0.5 6.12323e-17 0.866025 0.607195
-0.6 7.34788e-17 0.8 0.663391
-0.7 8.57253e-17 0.714143 0.690458
-0.8 9.79717e-17 0.6 0.693113
-0.9 1.10218e-16 0.43589 0.710396
-1 1.22465e-16 1.49012e-08 0.616646
-0 -0 1 0.703729
-0.0984808 -0.0173648 0.994987 0.699616
-0.196962 -0.0347296 0.979796 0.682537
-0.295442 -0.0520945 0.953939 0.649621
-0.393923 -0.0694593 0.916515 0.599647
-0.492404 -0.0868241 0.866025 0.586082
-0.590885 -0.104189 0.8 0.652388
-0.689365 -0.121554 0.714143 0.68793
-0.787846 -0.138919 0.6 0.684662
-0.886327 -0.156283 0.43589 0.697997
-0.984808 -0.173648 1.49012e-08 0.616646
-0 -0 1 0.703729
-0.0939693 -0.034202 0.994987 0.702242
-0.187939 -0.068404 0.979796 0.686645
-0.281908 -0.102606 0.953939 0.658911
-0.375877 -0.136808 0.916515 0.615201
-0.469846 -0.17101 0.866025 0.592277
-0.563816 -0.205212 0.8 0.638857
-0.657785 -0.239414 0.714143 0.678405
-0.751754 -0.273616 0.6 0.695384
-0.845723 -0.307818 0.43589 0.696844
-0.939693 -0.34202 1.49012e-08 0.616646
-0 -0 1 0.703729
-0.0866025 -0.05 0.994987 0.704689
-0.173205 -0.1 0.979796 0.69261
-0.259808 -0.15 0.953939 0.670838
-0.34641 -0.2 0.916515 0.632907
-0.433013 -0.25 0.866025 0.587697
-0.519615 -0.3 0.8 0.613035
-0.606218 -0.35 0.714143 0.657227
-0.69282 -0.4 0.6 0.675985
-0.779423 -0.45 0.43589 0.670779
-0.866025 -0.5 1.49012e-08 0.616646
-0 -0 1 0.703729
-0.0766044 -0.0642788 0.994987 0.706884
-0.153209 -0.128558 0.979796 0.697931
-0.229813 -0.192836 0.953939 0.681599
-0.306418 -0.257115 0.916515 0.654234
-0.383022 -0.321394 0.866025 0.614846
-0.459627 -0.385673 0.8 0.627877
-0.536231 -0.449951 0.714143 0.639221
-0.612836 -0.51423 0.6 0.626047
-0.68944 -0.578509 0.43589 0.633271
-0.766044 -0.642788 1.49012e-08 0.616646
-0 -0 1 0.703729
-0.0642788 -0.0766044 0.994987 0.708729
-0.128558 -0.153209 0.979796 0.701436
-0.192836 -0.229813 0.953939 0.689288
-0.257115 -0.306418 0.916515 0.676564
-0.321394 -0.383022 0.866025 0.667379
-0.385673 -0.459627 0.8 0.668484
-0.449951 -0.536231 0.714143 0.647297
-0.51423 -0.612836 0.6 0.634401
-0.578509 -0.68944 0.43589 0.626403
-0.642788 -0.766044 1.49012e-08 0.616646
-0 -0 1 0.703729
-0.05 -0.0866025 0.994987 0.710201
-0.1 -0.173205 0.979796 0.704021
-0.15 -0.259808 0.953939 0.695888
-0.2 -0.34641 0.916515 0.691723
-0.25 -0.433013 0.866025 0.694605
-0.3 -0.519615 0.8 0.695462
-0.35 -0.606218 0.714143 0.683322
-0.4 -0.69282 0.6 0.678183
-0.45 -0.779423 0.43589 0.66298
-0.5 -0.866025 1.49012e-08 0.616646
-0 -0 1 0.703729
-0.034202 -0.0939693 0.994987 0.711362
-0.068404 -0.187939 0.979796 0.706452
-0.102606 -0.281908 0.953939 0.700914
-0.136808 -0.375877 0.916515 0.695863
-0.17101 -0.469846 0.866025 0.704053
-0.205212 -0.563816 0.8 0.707702
-0.239414 -0.657785 0.714143 0.706285
-0.273616 -0.751754 0.6 0.70403
-0.307818 -0.845723 0.43589 0.689667
-0.34202 -0.939693 1.49012e-08 0.616646
-0 -0 1 0.703729
-0.0173648 -0.0984808 0.994987 0.712257
-0.0347296 -0.196962 0.979796 0.709886
-0.0520945 -0.295442 0.953939 0.702886
-0.0694593 -0.393923 0.916515 0.691218
-0.0868241 -0.492404 0.866025 0.704879
-0.104189 -0.590885 0.8 0.711655
-0.121554 -0.689365 0.714143 0.712239
-0.138919 -0.787846 0.6 0.713347
-0.156283 -0.886327 0.43589 0.703026
-0.173648 -0.984808 1.49012e-08 0.616646
-0 -0 1 0.703729
-1.83697e-17 -0.1 0.994987 0.712765
-3.67394e-17 -0.2 0.979796 0.713695
-5.51091e-17 -0.3 0.953939 0.701199
-7.34788e-17 -0.4 0.916515 0.693139
-9.18485e-17 -0.5 0.866025 0.702219
-1.10218e-16 -0.6 0.8 0.712145
-1.28588e-16 -0.7 0.714143 0.713866
-1.46958e-16 -0.8 0.6 0.710457
-1.65327e-16 -0.9 0.43589 0.709025
-1.83697e-16 -1 1.49012e-08 0.616646
0 -0 1 0.703729
0.0173648 -0.0984808 0.994987 0.712718
0.0347296 -0.196962 0.979796 0.716701
0.0520945 -0.295442 0.953939 0.703368
0.0694593 -0.393923 0.916515 0.694997
0.0868241 -0.492404 0.866025 0.692776
0.104189 -0.590885 0.8 0.705114
0.121554 -0.689365 0.714143 0.711192
0.138919 -0.787846 0.6 0.705847
0.156283 -0.886327 0.43589 0.710472
0.173648 -0.984808 1.49012e-08 0.616646
0 -0 1 0.703729
0.034202 -0.0939693 0.994987 0.712204
0.068404 -0.187939 0.979796 0.718399
0.102606 -0.281908 0.953939 0.71044
0.136808 -0.375877 0.916515 0.696845
0.17101 -0.469846 0.866025 0.669808
0.205212 -0.563816 0.8 0.694473
0.239414 -0.657785 0.714143 0.701322
0.273616 -0.751754 0.6 0.707755
0.307818 -0.845723 0.43589 0.712398
0.34202 -0.939693 1.49012e-08 0.616646
0 -0 1 0.703729
0.05 -0.0866025 0.994987 0.711359
0.1 -0.173205 0.979796 0.718848
0.15 -0.259808 0.953939 0.715955
0.2 -0.34641 0.916515 0.704209
0.25 -0.433013 0.866025 0.669623
0.3 -0.519615 0.8 0.678766
0.35 -0.606218 0.714143 0.690926
0.4 -0.69282 0.6 0.705536
0.45 -0.779423 0.43589 0.718431
0.5 -0.866025 1.49012e-08 0.616646
0 -0 1 0.703729
0.0642788 -0.0766044 0.994987 0.709481
0.128558 -0.153209 0.979796 0.718226
0.192836 -0.229813 0.953939 0.717951
0.257115 -0.306418 0.916515 0.711654
0.321394 -0.383022 0.866025 0.686234
0.385673 -0.459627 0.8 0.677796
0.449951 -0.536231 0.714143 0.67717
0.51423 -0.612836 0.6 0.698456
0.578509 -0.68944 0.43589 0.72093
0.642788 -0.766044 1.49012e-08 0.616646
0 -0 1 0.703729
0.0766044 -0.0642788 0.994987 0.706488
0.153209 -0.128558 0.979796 0.715654
0.229813 -0.192836 0.953939 0.719198
0.306418 -0.257115 0.916515 0.715054
0.383022 -0.321394 0.866025 0.70216
0.459627 -0.385673 0.8 0.698285
0.536231 -0.449951 0.714143 0.688993
0.612836 -0.51423 0.6 0.674312
0.68944 -0.578509 0.43589 0.720765
0.766044 -0.642788 1.49012e-08 0.616646
0 -0 1 0.703729
0.0866025 -0.05 0.994987 0.702468
0.173205 -0.1 0.979796 0.71323
0.259808 -0.15 0.953939 0.718687
0.34641 -0.2 0.916515 0.717031
0.433013 -0.25 0.866025 0.705355
0.519615 -0.3 0.8 0.699333
0.606218 -0.35 0.714143 0.712933
0.69282 -0.4 0.6 0.69156
0.779423 -0.45 0.43589 0.708092
0.866025 -0.5 1.49012e-08 0.616646
0 -0 1 0.703729
0.0939693 -0.034202 0.994987 0.697997
0.187939 -0.068404 0.979796 0.708761
0.281908 -0.102606 0.953939 0.713449
0.375877 -0.136808 0.916515 0.711287
0.469846 -0.17101 0.866025 0.703149
0.563816 -0.205212 0.8 0.697269
0.657785 -0.239414 0.714143 0.716707
0.751754 -0.273616 0.6 0.718584
0.845723 -0.307818 0.43589 0.704418
0.939693 -0.34202 1.49012e-08 0.616646
0 -0 1 0.703729
0.0984808 -0.0173648 0.994987 0.696338
0.196962 -0.0347296 0.979796 0.703477
0.295442 -0.0520945 0.953939 0.712798
0.393923 -0.0694593 0.916515 0.709378
0.492404 -0.0868241 0.866025 0.704094
0.590885 -0.104189 0.8 0.707432
0.689365 -0.121554 0.714143 0.706558
0.787846 -0.138919 0.6 0.709938
0.886327 -0.156283 0.43589 0.710807
0.984808 -0.173648 1.49012e-08 0.616646
0 -0 1 0.703729
0.1 -2.44929e-17 0.994987 0.697629
0.2 -4.89859e-17 0.979796 0.699441
0.3 -7.34788e-17 0.953939 0.712116
0.4 -9.79717e-17 0.916515 0.705388
0.5 -1.22465e-16 0.866025 0.708303
0.6 -1.46958e-16 0.8 0.708733
0.7 -1.71451e-16 0.714143 0.713409
0.8 -1.95943e-16 0.6 0.704998
0.9 -2.20436e-16 0.43589 0.710227
1 -2.44929e-16 1.49012e-08 0.616646
