0 0 1 0.688495
0.1 0 0.994987 0.685714
0.2 0 0.979796 0.658972
0.3 0 0.953939 0.629033
0.4 0 0.916515 0.663415
0.5 0 0.866025 0.672365
0.6 0 0.8 0.658129
0.7 0 0.714143 0.601136
0.8 0 0.6 0.622927
0.9 0 0.43589 0.687108
1 0 1.49012e-08 0.67942
0 0 1 0.688495
0.0984808 0.0173648 0.994987 0.686503
0.196962 0.0347296 0.979796 0.656655
0.295442 0.0520945 0.953939 0.632204
0.393923 0.0694593 0.916515 0.659821
0.492404 0.0868241 0.866025 0.661274
0.590885 0.104189 0.8 0.640779
0.689365 0.121554 0.714143 0.617443
0.787846 0.138919 0.6 0.678188
0.886327 0.156283 0.43589 0.693086
0.984808 0.173648 1.49012e-08 0.67942
0 0 1 0.688495
0.0939693 0.034202 0.994987 0.687482
0.187939 0.068404 0.979796 0.660718
0.281908 0.102606 0.953939 0.647809
0.375877 0.136808 0.916515 0.651199
0.469846 0.17101 0.866025 0.639781
0.563816 0.205212 0.8 0.608278
0.657785 0.239414 0.714143 0.621066
0.751754 0.273616 0.6 0.668617
0.845723 0.307818 0.43589 0.674358
0.939693 0.34202 1.49012e-08 0.67942
0 0 1 0.688495
0.0866025 0.05 0.994987 0.688617
0.173205 0.1 0.979796 0.66678
0.259808 0.15 0.953939 0.658132
0.34641 0.2 0.916515 0.644538
0.433013 0.25 0.866025 0.609066
0.519615 0.3 0.8 0.532636
0.606218 0.35 0.714143 0.574011
0.69282 0.4 0.6 0.654114
0.779423 0.45 0.43589 0.696309
0.866025 0.5 1.49012e-08 0.67942
0 0 1 0.688495
0.0766044 0.0642788 0.994987 0.689773
0.153209 0.128558 0.979796 0.674145
0.229813 0.192836 0.953939 0.66555
0.306418 0.257115 0.916515 0.641977
0.383022 0.321394 0.866025 0.581991
0.459627 0.385673 0.8 0.469086
0.536231 0.449951 0.714143 0.541679
0.612836 0.51423 0.6 0.650717
0.68944 0.578509 0.43589 0.668826
0.766044 0.642788 1.49012e-08 0.67942
0 0 1 0.688495
0.0642788 0.0766044 0.994987 0.690766
0.128558 0.153209 0.979796 0.680431
0.192836 0.229813 0.953939 0.670865
0.257115 0.306418 0.916515 0.643658
0.321394 0.383022 0.866025 0.578145
0.385673 0.459627 0.8 0.468004
0.449951 0.536231 0.714143 0.539972
0.51423 0.612836 0.6 0.651719
0.578509 0.68944 0.43589 0.677174
0.642788 0.766044 1.49012e-08 0.67942
0 0 1 0.688495
0.05 0.0866025 0.994987 0.691438
0.1 0.173205 0.979796 0.683529
0.15 0.259808 0.953939 0.673313
0.2 0.34641 0.916515 0.647566
0.25 0.433013 0.866025 0.597003
0.3 0.519615 0.8 0.520867
0.35 0.606218 0.714143 0.573702
0.4 0.69282 0.6 0.664833
0.45 0.779423 0.43589 0.694031
0.5 0.866025 1.49012e-08 0.67942
0 0 1 0.688495
0.034202 0.0939693 0.994987 0.691708
0.068404 0.187939 0.979796 0.683783
0.102606 0.281908 0.953939 0.672774
0.136808 0.375877 0.916515 0.650109
0.17101 0.469846 0.866025 0.623142
0.205212 0.563816 0.8 0.589518
0.239414 0.657785 0.714143 0.606695
0.273616 0.751754 0.6 0.670704
0.307818 0.845723 0.43589 0.6982
0.34202 0.939693 1.49012e-08 0.67942
0 0 1 0.688495
0.0173648 0.0984808 0.994987 0.691581
0.0347296 0.196962 0.979796 0.681714
0.0520945 0.295442 0.953939 0.669785
0.0694593 0.393923 0.916515 0.648453
0.0868241 0.492404 0.866025 0.644655
0.104189 0.590885 0.8 0.631285
0.121554 0.689365 0.714143 0.615165
0.138919 0.787846 0.6 0.663921
0.156283 0.886327 0.43589 0.69603
0.173648 0.984808 1.49012e-08 0.67942
0 0 1 0.688495
6.12323e-18 0.1 0.994987 0.691143
1.22465e-17 0.2 0.979796 0.677226
1.83697e-17 0.3 0.953939 0.663567
2.44929e-17 0.4 0.916515 0.651474
3.06162e-17 0.5 0.866025 0.658058
3.67394e-17 0.6 0.8 0.65446
4.28626e-17 0.7 0.714143 0.627738
4.89859e-17 0.8 0.6 0.642697
5.51091e-17 0.9 0.43589 0.693473
6.12323e-17 1 1.49012e-08 0.67942
-0 0 1 0.688495
-0.0173648 0.0984808 0.994987 0.690549
-0.0347296 0.196962 0.979796 0.67163
-0.0520945 0.295442 0.953939 0.650616
-0.0694593 0.393923 0.916515 0.654164
-0.0868241 0.492404 0.866025 0.668166
-0.104189 0.590885 0.8 0.670561
-0.121554 0.689365 0.714143 0.649084
-0.138919 0.787846 0.6 0.62398
-0.156283 0.886327 0.43589 0.682888
-0.173648 0.984808 1.49012e-08 0.67942
-0 0 1 0.688495
-0.034202 0.0939693 0.994987 0.689959
-0.068404 0.187939 0.979796 0.66877
-0.102606 0.281908 0.953939 0.633735
-0.136808 0.375877 0.916515 0.639483
-0.17101 0.469846 0.866025 0.671344
-0.205212 0.563816 0.8 0.679473
-0.239414 0.657785 0.714143 0.667375
-0.273616 0.751754 0.6 0.621363
-0.307818 0.845723 0.43589 0.660064
-0.34202 0.939693 1.49012e-08 0.67942
-0 0 1 0.688495
-0.05 0.0866025 0.994987 0.689465
-0.1 0.173205 0.979796 0.671314
-0.15 0.259808 0.953939 0.625596
-0.2 0.34641 0.916515 0.614365
-0.25 0.433013 0.866025 0.666264
-0.3 0.519615 0.8 0.676358
-0.35 0.606218 0.714143 0.674906
-0.4 0.69282 0.6 0.621028
-0.45 0.779423 0.43589 0.616178
-0.5 0.866025 1.49012e-08 0.67942
-0 0 1 0.688495
-0.0642788 0.0766044 0.994987 0.689194
-0.128558 0.153209 0.979796 0.677916
-0.192836 0.229813 0.953939 0.642983
-0.257115 0.306418 0.916515 0.629486
-0.321394 0.383022 0.866025 0.661752
-0.385673 0.459627 0.8 0.687141
-0.449951 0.536231 0.714143 0.679949
-0.51423 0.612836 0.6 0.637715
-0.578509 0.68944 0.43589 0.538052
-0.642788 0.766044 1.49012e-08 0.67942
-0 0 1 0.688495
-0.0766044 0.0642788 0.994987 0.689341
-0.153209 0.128558 0.979796 0.685401
-0.229813 0.192836 0.953939 0.666317
-0.306418 0.257115 0.916515 0.658099
-0.383022 0.321394 0.866025 0.674771
-0.459627 0.385673 0.8 0.689624
-0.536231 0.449951 0.714143 0.680573
-0.612836 0.51423 0.6 0.663275
-0.68944 0.578509 0.43589 0.521888
-0.766044 0.642788 1.49012e-08 0.67942
-0 0 1 0.688495
-0.0866025 0.05 0.994987 0.689759
-0.173205 0.1 0.979796 0.692052
-0.259808 0.15 0.953939 0.681792
-0.34641 0.2 0.916515 0.668223
-0.433013 0.25 0.866025 0.675604
-0.519615 0.3 0.8 0.688303
-0.606218 0.35 0.714143 0.672116
-0.69282 0.4 0.6 0.653704
-0.779423 0.45 0.43589 0.63804
-0.866025 0.5 1.49012e-08 0.67942
-0 0 1 0.688495
-0.0939693 0.034202 0.994987 0.690018
-0.187939 0.068404 0.979796 0.696957
-0.281908 0.102606 0.953939 0.690354
-0.375877 0.136808 0.916515 0.672936
-0.469846 0.17101 0.866025 0.661603
-0.563816 0.205212 0.8 0.663245
-0.657785 0.239414 0.714143 0.668638
-0.751754 0.273616 0.6 0.682849
-0.845723 0.307818 0.43589 0.688009
-0.939693 0.34202 1.49012e-08 0.67942
-0 0 1 0.688495
-0.0984808 0.0173648 0.994987 0.691917
-0.196962 0.0347296 0.979796 0.699469
-0.295442 0.0520945 0.953939 0.693786
-0.393923 0.0694593 0.916515 0.674159
-0.492404 0.0868241 0.866025 0.637077
-0.590885 0.104189 0.8 0.599684
-0.689365 0.121554 0.714143 0.596057
-0.787846 0.138919 0.6 0.654416
-0.886327 0.156283 0.43589 0.677805
-0.984808 0.173648 1.49012e-08 0.67942
-0 0 1 0.688495
-0.1 1.22465e-17 0.994987 0.693836
-0.2 2.44929e-17 0.979796 0.699985
-0.3 3.67394e-17 0.953939 0.692836
-0.4 4.89859e-17 0.916515 0.670047
-0.5 6.12323e-17 0.866025 0.614989
-0.6 7.34788e-17 0.8 0.528368
-0.7 8.57253e-17 0.714143 0.530693
-0.8 9.79717e-17 0.6 0.611302
-0.9 1.10218e-16 0.43589 0.689684
-1 1.22465e-16 1.49012e-08 0.67942
-0 -0 1 0.688495
-0.0984808 -0.0173648 0.994987 0.694687
-0.196962 -0.0347296 0.979796 0.69854
-0.295442 -0.0520945 0.953939 0.687782
-0.393923 -0.0694593 0.916515 0.666926
-0.492404 -0.0868241 0.866025 0.639717
-0.590885 -0.104189 0.8 0.613123
-0.689365 -0.121554 0.714143 0.629157
-0.787846 -0.138919 0.6 0.676541
-0.886327 -0.156283 0.43589 0.699336
-0.984808 -0.173648 1.49012e-08 0.67942
-0 -0 1 0.688495
-0.0939693 -0.034202 0.994987 0.694594
-0.187939 -0.068404 0.979796 0.695278
-0.281908 -0.102606 0.953939 0.677953
-0.375877 -0.136808 0.916515 0.662151
-0.469846 -0.17101 0.866025 0.666269
-0.563816 -0.205212 0.8 0.673366
-0.657785 -0.239414 0.714143 0.676596
-0.751754 -0.273616 0.6 0.695456
-0.845723 -0.307818 0.43589 0.711737
-0.939693 -0.34202 1.49012e-08 0.67942
-0 -0 1 0.688495
-0.0866025 -0.05 0.994987 0.693746
-0.173205 -0.1 0.979796 0.690779
-0.259808 -0.15 0.953939 0.662483
-0.34641 -0.2 0.916515 0.664221
-0.433013 -0.25 0.866025 0.688477
-0.519615 -0.3 0.8 0.701245
-0.606218 -0.35 0.714143 0.686165
-0.69282 -0.4 0.6 0.66401
-0.779423 -0.45 0.43589 0.696868
-0.866025 -0.5 1.49012e-08 0.67942
-0 -0 1 0.688495
-0.0766044 -0.0642788 0.994987 0.692206
-0.153209 -0.128558 0.979796 0.685952
-0.229813 -0.192836 0.953939 0.661668
-0.306418 -0.257115 0.916515 0.660768
-0.383022 -0.321394 0.866025 0.70062
-0.459627 -0.385673 0.8 0.710905
-0.536231 -0.449951 0.714143 0.689376
-0.612836 -0.51423 0.6 0.680947
-0.68944 -0.578509 0.43589 0.667182
-0.766044 -0.642788 1.49012e-08 0.67942
-0 -0 1 0.688495
-0.0642788 -0.0766044 0.994987 0.690119
-0.128558 -0.153209 0.979796 0.680974
-0.192836 -0.229813 0.953939 0.662947
-0.257115 -0.306418 0.916515 0.67426
-0.321394 -0.383022 0.866025 0.705448
-0.385673 -0.459627 0.8 0.711346
-0.449951 -0.536231 0.714143 0.709099
-0.51423 -0.612836 0.6 0.697348
-0.578509 -0.68944 0.43589 0.637921
-0.642788 -0.766044 1.49012e-08 0.67942
-0 -0 1 0.688495
-0.05 -0.0866025 0.994987 0.687705
-0.1 -0.173205 0.979796 0.675909
-0.15 -0.259808 0.953939 0.659134
-0.2 -0.34641 0.916515 0.677822
-0.25 -0.433013 0.866025 0.704153
-0.3 -0.519615 0.8 0.710297
-0.35 -0.606218 0.714143 0.712348
-0.4 -0.69282 0.6 0.694153
-0.45 -0.779423 0.43589 0.619962
-0.5 -0.866025 1.49012e-08 0.67942
-0 -0 1 0.688495
-0.034202 -0.0939693 0.994987 0.685198
-0.068404 -0.187939 0.979796 0.669198
-0.102606 -0.281908 0.953939 0.652513
-0.136808 -0.375877 0.916515 0.669861
-0.17101 -0.469846 0.866025 0.69594
-0.205212 -0.563816 0.8 0.705045
-0.239414 -0.657785 0.714143 0.698182
-0.273616 -0.751754 0.6 0.680781
-0.307818 -0.845723 0.43589 0.625781
-0.34202 -0.939693 1.49012e-08 0.67942
-0 -0 1 0.688495
-0.0173648 -0.0984808 0.994987 0.682793
-0.0347296 -0.196962 0.979796 0.660426
-0.0520945 -0.295442 0.953939 0.636034
-0.0694593 -0.393923 0.916515 0.649923
-0.0868241 -0.492404 0.866025 0.677391
-0.104189 -0.590885 0.8 0.68748
-0.121554 -0.689365 0.714143 0.667974
-0.138919 -0.787846 0.6 0.671828
-0.156283 -0.886327 0.43589 0.64014
-0.173648 -0.984808 1.49012e-08 0.67942
-0 -0 1 0.688495
-1.83697e-17 -0.1 0.994987 0.680815
-3.67394e-17 -0.2 0.979796 0.651098
-5.51091e-17 -0.3 0.953939 0.609084
-7.34788e-17 -0.4 0.916515 0.6168
-9.18485e-17 -0.5 0.866025 0.647328
-1.10218e-16 -0.6 0.8 0.668318
-1.28588e-16 -0.7 0.714143 0.670276
-1.46958e-16 -0.8 0.6 0.682188
-1.65327e-16 -0.9 0.43589 0.666582
-1.83697e-16 -1 1.49012e-08 0.67942
0 -0 1 0.688495
0.0173648 -0.0984808 0.994987 0.679595
0.0347296 -0.196962 0.979796 0.6447
0.0520945 -0.295442 0.953939 0.577083
0.0694593 -0.393923 0.916515 0.580365
0.0868241 -0.492404 0.866025 0.603918
0.104189 -0.590885 0.8 0.658996
0.121554 -0.689365 0.714143 0.685341
0.138919 -0.787846 0.6 0.698558
0.156283 -0.886327 0.43589 0.684242
0.173648 -0.984808 1.49012e-08 0.67942
0 -0 1 0.688495
0.034202 -0.0939693 0.994987 0.679253
0.068404 -0.187939 0.979796 0.644022
0.102606 -0.281908 0.953939 0.57626
0.136808 -0.375877 0.916515 0.553423
0.17101 -0.469846 0.866025 0.575665
0.205212 -0.563816 0.8 0.650619
0.239414 -0.657785 0.714143 0.692162
0.273616 -0.751754 0.6 0.706175
0.307818 -0.845723 0.43589 0.689966
0.34202 -0.939693 1.49012e-08 0.67942
0 -0 1 0.688495
0.05 -0.0866025 0.994987 0.679716
0.1 -0.173205 0.979796 0.648645
0.15 -0.259808 0.953939 0.596121
0.2 -0.34641 0.916515 0.572675
0.25 -0.433013 0.866025 0.576072
0.3 -0.519615 0.8 0.647272
0.35 -0.606218 0.714143 0.687748
0.4 -0.69282 0.6 0.698187
0.45 -0.779423 0.43589 0.685504
0.5 -0.866025 1.49012e-08 0.67942
0 -0 1 0.688495
0.0642788 -0.0766044 0.994987 0.680745
0.128558 -0.153209 0.979796 0.655802
0.192836 -0.229813 0.953939 0.623499
0.257115 -0.306418 0.916515 0.614037
0.321394 -0.383022 0.866025 0.619438
0.385673 -0.459627 0.8 0.653088
0.449951 -0.536231 0.714143 0.686179
0.51423 -0.612836 0.6 0.697244
0.578509 -0.68944 0.43589 0.659867
0.642788 -0.766044 1.49012e-08 0.67942
0 -0 1 0.688495
0.0766044 -0.0642788 0.994987 0.681995
0.153209 -0.128558 0.979796 0.662227
0.229813 -0.192836 0.953939 0.646611
0.306418 -0.257115 0.916515 0.649892
0.383022 -0.321394 0.866025 0.656195
0.459627 -0.385673 0.8 0.653284
0.536231 -0.449951 0.714143 0.6575
0.612836 -0.51423 0.6 0.692254
0.68944 -0.578509 0.43589 0.658227
0.766044 -0.642788 1.49012e-08 0.67942
0 -0 1 0.688495
0.0866025 -0.05 0.994987 0.683199
0.173205 -0.1 0.979796 0.665653
0.259808 -0.15 0.953939 0.657762
0.34641 -0.2 0.916515 0.669384
0.433013 -0.25 0.866025 0.675828
0.519615 -0.3 0.8 0.664636
0.606218 -0.35 0.714143 0.63759
0.69282 -0.4 0.6 0.661354
0.779423 -0.45 0.43589 0.676334
0.866025 -0.5 1.49012e-08 0.67942
0 -0 1 0.688495
0.0939693 -0.034202 0.994987 0.684201
0.187939 -0.068404 0.979796 0.666337
0.281908 -0.102606 0.953939 0.659251
0.375877 -0.136808 0.916515 0.672762
0.469846 -0.17101 0.866025 0.679129
0.563816 -0.205212 0.8 0.674611
0.657785 -0.239414 0.714143 0.667546
0.751754 -0.273616 0.6 0.641341
0.845723 -0.307818 0.43589 0.625246
0.939693 -0.34202 1.49012e-08 0.67942
0 -0 1 0.688495
0.0984808 -0.0173648 0.994987 0.684999
0.196962 -0.0347296 0.979796 0.663634
0.295442 -0.0520945 0.953939 0.647412
0.393923 -0.0694593 0.916515 0.665485
0.492404 -0.0868241 0.866025 0.673117
0.590885 -0.104189 0.8 0.668966
0.689365 -0.121554 0.714143 0.655111
0.787846 -0.138919 0.6 0.624339
0.886327 -0.156283 0.43589 0.534647
0.984808 -0.173648 1.49012e-08 0.67942
0 -0 1 0.688495
0.1 -2.44929e-17 0.994987 0.685714
0.2 -4.89859e-17 0.979796 0.658972
0.3 -7.34788e-17 0.953939 0.629033
0.4 -9.79717e-17 0.916515 0.663415
0.5 -1.22465e-16 0.866025 0.672365
0.6 -1.46958e-16 0.8 0.658129
0.7 -1.71451e-16 0.714143 0.601136
0.8 -1.95943e-16 0.6 0.622927
0.9 -2.20436e-16 0.43589 0.687108
1 -2.44929e-16 1.49012e-08 0.67942
