0 0 1 0.698122
0.1 0 0.994987 0.70845
0.2 0 0.979796 0.712679
0.3 0 0.953939 0.712181
0.4 0 0.916515 0.712515
0.5 0 0.866025 0.71366
0.6 0 0.8 0.714376
0.7 0 0.714143 0.716284
0.8 0 0.6 0.715652
0.9 0 0.43589 0.716214
1 0 1.49012e-08 0.683749
0 0 1 0.698122
0.0984808 0.0173648 0.994987 0.704928
0.196962 0.0347296 0.979796 0.706443
0.295442 0.0520945 0.953939 0.702841
0.393923 0.0694593 0.916515 0.696442
0.492404 0.0868241 0.866025 0.699298
0.590885 0.104189 0.8 0.701572
0.689365 0.121554 0.714143 0.704105
0.787846 0.138919 0.6 0.693985
0.886327 0.156283 0.43589 0.649222
0.984808 0.173648 1.49012e-08 0.683749
0 0 1 0.698122
0.0939693 0.034202 0.994987 0.700463
0.187939 0.068404 0.979796 0.696939
0.281908 0.102606 0.953939 0.687322
0.375877 0.136808 0.916515 0.661752
0.469846 0.17101 0.866025 0.661487
0.563816 0.205212 0.8 0.647475
0.657785 0.239414 0.714143 0.653151
0.751754 0.273616 0.6 0.659558
0.845723 0.307818 0.43589 0.713488
0.939693 0.34202 1.49012e-08 0.683749
0 0 1 0.698122
0.0866025 0.05 0.994987 0.695164
0.173205 0.1 0.979796 0.684963
0.259808 0.15 0.953939 0.671104
0.34641 0.2 0.916515 0.634498
0.433013 0.25 0.866025 0.623417
0.519615 0.3 0.8 0.617563
0.606218 0.35 0.714143 0.661943
0.69282 0.4 0.6 0.708028
0.779423 0.45 0.43589 0.714823
0.866025 0.5 1.49012e-08 0.683749
0 0 1 0.698122
0.0766044 0.0642788 0.994987 0.689219
0.153209 0.128558 0.979796 0.672871
0.229813 0.192836 0.953939 0.659881
0.306418 0.257115 0.916515 0.638634
0.383022 0.321394 0.866025 0.642766
0.459627 0.385673 0.8 0.657837
0.536231 0.449951 0.714143 0.697794
0.612836 0.51423 0.6 0.716902
0.68944 0.578509 0.43589 0.710982
0.766044 0.642788 1.49012e-08 0.683749
0 0 1 0.698122
0.0642788 0.0766044 0.994987 0.683044
0.128558 0.153209 0.979796 0.664254
0.192836 0.229813 0.953939 0.6555
0.257115 0.306418 0.916515 0.656171
0.321394 0.383022 0.866025 0.678418
0.385673 0.459627 0.8 0.698417
0.449951 0.536231 0.714143 0.713716
0.51423 0.612836 0.6 0.717506
0.578509 0.68944 0.43589 0.716579
0.642788 0.766044 1.49012e-08 0.683749
0 0 1 0.698122
0.05 0.0866025 0.994987 0.67768
0.1 0.173205 0.979796 0.656903
0.15 0.259808 0.953939 0.657912
0.2 0.34641 0.916515 0.683632
0.25 0.433013 0.866025 0.70301
0.3 0.519615 0.8 0.712993
0.35 0.606218 0.714143 0.710462
0.4 0.69282 0.6 0.716593
0.45 0.779423 0.43589 0.716024
0.5 0.866025 1.49012e-08 0.683749
0 0 1 0.698122
0.034202 0.0939693 0.994987 0.673641
0.068404 0.187939 0.979796 0.654575
0.102606 0.281908 0.953939 0.670912
0.136808 0.375877 0.916515 0.701337
0.17101 0.469846 0.866025 0.716169
0.205212 0.563816 0.8 0.713985
0.239414 0.657785 0.714143 0.707725
0.273616 0.751754 0.6 0.716398
0.307818 0.845723 0.43589 0.707186
0.34202 0.939693 1.49012e-08 0.683749
0 0 1 0.698122
0.0173648 0.0984808 0.994987 0.670023
0.0347296 0.196962 0.979796 0.656096
0.0520945 0.295442 0.953939 0.683087
0.0694593 0.393923 0.916515 0.712021
0.0868241 0.492404 0.866025 0.720308
0.104189 0.590885 0.8 0.71428
0.121554 0.689365 0.714143 0.712117
0.138919 0.787846 0.6 0.708012
0.156283 0.886327 0.43589 0.687554
0.173648 0.984808 1.49012e-08 0.683749
0 0 1 0.698122
6.12323e-18 0.1 0.994987 0.667144
1.22465e-17 0.2 0.979796 0.656852
1.83697e-17 0.3 0.953939 0.691295
2.44929e-17 0.4 0.916515 0.716787
3.06162e-17 0.5 0.866025 0.720297
3.67394e-17 0.6 0.8 0.716879
4.28626e-17 0.7 0.714143 0.714111
4.89859e-17 0.8 0.6 0.691892
5.51091e-17 0.9 0.43589 0.656501
6.12323e-17 1 1.49012e-08 0.683749
-0 0 1 0.698122
-0.0173648 0.0984808 0.994987 0.665445
-0.0347296 0.196962 0.979796 0.658515
-0.0520945 0.295442 0.953939 0.694902
-0.0694593 0.393923 0.916515 0.717695
-0.0868241 0.492404 0.866025 0.718904
-0.104189 0.590885 0.8 0.720285
-0.121554 0.689365 0.714143 0.70739
-0.138919 0.787846 0.6 0.671144
-0.156283 0.886327 0.43589 0.620852
-0.173648 0.984808 1.49012e-08 0.683749
-0 0 1 0.698122
-0.034202 0.0939693 0.994987 0.664797
-0.068404 0.187939 0.979796 0.661261
-0.102606 0.281908 0.953939 0.6954
-0.136808 0.375877 0.916515 0.716121
-0.17101 0.469846 0.866025 0.718323
-0.205212 0.563816 0.8 0.713205
-0.239414 0.657785 0.714143 0.690396
-0.273616 0.751754 0.6 0.644078
-0.307818 0.845723 0.43589 0.61659
-0.34202 0.939693 1.49012e-08 0.683749
-0 0 1 0.698122
-0.05 0.0866025 0.994987 0.66492
-0.1 0.173205 0.979796 0.662745
-0.15 0.259808 0.953939 0.695285
-0.2 0.34641 0.916515 0.712522
-0.25 0.433013 0.866025 0.712013
-0.3 0.519615 0.8 0.694354
-0.35 0.606218 0.714143 0.665803
-0.4 0.69282 0.6 0.634893
-0.45 0.779423 0.43589 0.635764
-0.5 0.866025 1.49012e-08 0.683749
-0 0 1 0.698122
-0.0642788 0.0766044 0.994987 0.666188
-0.128558 0.153209 0.979796 0.662145
-0.192836 0.229813 0.953939 0.691576
-0.257115 0.306418 0.916515 0.705792
-0.321394 0.383022 0.866025 0.698316
-0.385673 0.459627 0.8 0.668937
-0.449951 0.536231 0.714143 0.644882
-0.51423 0.612836 0.6 0.663878
-0.578509 0.68944 0.43589 0.663456
-0.642788 0.766044 1.49012e-08 0.683749
-0 0 1 0.698122
-0.0766044 0.0642788 0.994987 0.668942
-0.153209 0.128558 0.979796 0.661472
-0.229813 0.192836 0.953939 0.683464
-0.306418 0.257115 0.916515 0.694122
-0.383022 0.321394 0.866025 0.682896
-0.459627 0.385673 0.8 0.652913
-0.536231 0.449951 0.714143 0.666796
-0.612836 0.51423 0.6 0.696732
-0.68944 0.578509 0.43589 0.69877
-0.766044 0.642788 1.49012e-08 0.683749
-0 0 1 0.698122
-0.0866025 0.05 0.994987 0.672645
-0.173205 0.1 0.979796 0.659731
-0.259808 0.15 0.953939 0.670619
-0.34641 0.2 0.916515 0.67558
-0.433013 0.25 0.866025 0.662844
-0.519615 0.3 0.8 0.65469
-0.606218 0.35 0.714143 0.687101
-0.69282 0.4 0.6 0.711443
-0.779423 0.45 0.43589 0.711129
-0.866025 0.5 1.49012e-08 0.683749
-0 0 1 0.698122
-0.0939693 0.034202 0.994987 0.676648
-0.187939 0.068404 0.979796 0.659381
-0.281908 0.102606 0.953939 0.655237
-0.375877 0.136808 0.916515 0.648143
-0.469846 0.17101 0.866025 0.631884
-0.563816 0.205212 0.8 0.63867
-0.657785 0.239414 0.714143 0.676972
-0.751754 0.273616 0.6 0.700242
-0.845723 0.307818 0.43589 0.709145
-0.939693 0.34202 1.49012e-08 0.683749
-0 0 1 0.698122
-0.0984808 0.0173648 0.994987 0.680761
-0.196962 0.0347296 0.979796 0.661767
-0.295442 0.0520945 0.953939 0.640813
-0.393923 0.0694593 0.916515 0.610914
-0.492404 0.0868241 0.866025 0.572006
-0.590885 0.104189 0.8 0.570481
-0.689365 0.121554 0.714143 0.623994
-0.787846 0.138919 0.6 0.63795
-0.886327 0.156283 0.43589 0.628359
-0.984808 0.173648 1.49012e-08 0.683749
-0 0 1 0.698122
-0.1 1.22465e-17 0.994987 0.684864
-0.2 2.44929e-17 0.979796 0.665628
-0.3 3.67394e-17 0.953939 0.630248
-0.4 4.89859e-17 0.916515 0.570515
-0.5 6.12323e-17 0.866025 0.479564
-0.6 7.34788e-17 0.8 0.43486
-0.7 8.57253e-17 0.714143 0.575937
-0.8 9.79717e-17 0.6 0.655621
-0.9 1.10218e-16 0.43589 0.692259
-1 1.22465e-16 1.49012e-08 0.683749
-0 -0 1 0.698122
-0.0984808 -0.0173648 0.994987 0.688688
-0.196962 -0.0347296 0.979796 0.669702
-0.295442 -0.0520945 0.953939 0.627494
-0.393923 -0.0694593 0.916515 0.549656
-0.492404 -0.0868241 0.866025 0.43276
-0.590885 -0.104189 0.8 0.471297
-0.689365 -0.121554 0.714143 0.582048
-0.787846 -0.138919 0.6 0.642605
-0.886327 -0.156283 0.43589 0.659075
-0.984808 -0.173648 1.49012e-08 0.683749
-0 -0 1 0.698122
-0.0939693 -0.034202 0.994987 0.692154
-0.187939 -0.068404 0.979796 0.674143
-0.281908 -0.102606 0.953939 0.634754
-0.375877 -0.136808 0.916515 0.573495
-0.469846 -0.17101 0.866025 0.522439
-0.563816 -0.205212 0.8 0.562964
-0.657785 -0.239414 0.714143 0.625757
-0.751754 -0.273616 0.6 0.679903
-0.845723 -0.307818 0.43589 0.70616
-0.939693 -0.34202 1.49012e-08 0.683749
-0 -0 1 0.698122
-0.0866025 -0.05 0.994987 0.695267
-0.173205 -0.1 0.979796 0.67884
-0.259808 -0.15 0.953939 0.64504
-0.34641 -0.2 0.916515 0.606688
-0.433013 -0.25 0.866025 0.603526
-0.519615 -0.3 0.8 0.628042
-0.606218 -0.35 0.714143 0.641641
-0.69282 -0.4 0.6 0.652709
-0.779423 -0.45 0.43589 0.681589
-0.866025 -0.5 1.49012e-08 0.683749
-0 -0 1 0.698122
-0.0766044 -0.0642788 0.994987 0.698042
-0.153209 -0.128558 0.979796 0.683456
-0.229813 -0.192836 0.953939 0.653042
-0.306418 -0.257115 0.916515 0.626501
-0.383022 -0.321394 0.866025 0.645732
-0.459627 -0.385673 0.8 0.662933
-0.536231 -0.449951 0.714143 0.659162
-0.612836 -0.51423 0.6 0.636517
-0.68944 -0.578509 0.43589 0.638197
-0.766044 -0.642788 1.49012e-08 0.683749
-0 -0 1 0.698122
-0.0642788 -0.0766044 0.994987 0.700514
-0.128558 -0.153209 0.979796 0.687762
-0.192836 -0.229813 0.953939 0.657121
-0.257115 -0.306418 0.916515 0.63316
-0.321394 -0.383022 0.866025 0.665035
-0.385673 -0.459627 0.8 0.682632
-0.449951 -0.536231 0.714143 0.683922
-0.51423 -0.612836 0.6 0.677634
-0.578509 -0.68944 0.43589 0.654637
-0.642788 -0.766044 1.49012e-08 0.683749
-0 -0 1 0.698122
-0.05 -0.0866025 0.994987 0.702717
-0.1 -0.173205 0.979796 0.691757
-0.15 -0.259808 0.953939 0.659039
-0.2 -0.34641 0.916515 0.635888
-0.25 -0.433013 0.866025 0.669641
-0.3 -0.519615 0.8 0.688555
-0.35 -0.606218 0.714143 0.699349
-0.4 -0.69282 0.6 0.701891
-0.45 -0.779423 0.43589 0.680507
-0.5 -0.866025 1.49012e-08 0.683749
-0 -0 1 0.698122
-0.034202 -0.0939693 0.994987 0.70463
-0.068404 -0.187939 0.979796 0.695703
-0.102606 -0.281908 0.953939 0.662669
-0.136808 -0.375877 0.916515 0.632096
-0.17101 -0.469846 0.866025 0.66325
-0.205212 -0.563816 0.8 0.691406
-0.239414 -0.657785 0.714143 0.698705
-0.273616 -0.751754 0.6 0.708306
-0.307818 -0.845723 0.43589 0.696819
-0.34202 -0.939693 1.49012e-08 0.683749
-0 -0 1 0.698122
-0.0173648 -0.0984808 0.994987 0.706354
-0.0347296 -0.196962 0.979796 0.699807
-0.0520945 -0.295442 0.953939 0.669976
-0.0694593 -0.393923 0.916515 0.62714
-0.0868241 -0.492404 0.866025 0.649935
-0.104189 -0.590885 0.8 0.691526
-0.121554 -0.689365 0.714143 0.69963
-0.138919 -0.787846 0.6 0.706935
-0.156283 -0.886327 0.43589 0.702585
-0.173648 -0.984808 1.49012e-08 0.683749
-0 -0 1 0.698122
-1.83697e-17 -0.1 0.994987 0.707782
-3.67394e-17 -0.2 0.979796 0.703865
-5.51091e-17 -0.3 0.953939 0.6788
-7.34788e-17 -0.4 0.916515 0.631784
-9.18485e-17 -0.5 0.866025 0.629638
-1.10218e-16 -0.6 0.8 0.684464
-1.28588e-16 -0.7 0.714143 0.706086
-1.46958e-16 -0.8 0.6 0.705476
-1.65327e-16 -0.9 0.43589 0.701603
-1.83697e-16 -1 1.49012e-08 0.683749
0 -0 1 0.698122
0.0173648 -0.0984808 0.994987 0.709071
0.0347296 -0.196962 0.979796 0.707459
0.0520945 -0.295442 0.953939 0.688164
0.0694593 -0.393923 0.916515 0.642069
0.0868241 -0.492404 0.866025 0.610087
0.104189 -0.590885 0.8 0.669103
0.121554 -0.689365 0.714143 0.704244
0.138919 -0.787846 0.6 0.709434
0.156283 -0.886327 0.43589 0.688903
0.173648 -0.984808 1.49012e-08 0.683749
0 -0 1 0.698122
0.034202 -0.0939693 0.994987 0.710455
0.068404 -0.187939 0.979796 0.710168
0.102606 -0.281908 0.953939 0.697523
0.136808 -0.375877 0.916515 0.658848
0.17101 -0.469846 0.866025 0.60243
0.205212 -0.563816 0.8 0.644825
0.239414 -0.657785 0.714143 0.691807
0.273616 -0.751754 0.6 0.708069
0.307818 -0.845723 0.43589 0.671282
0.34202 -0.939693 1.49012e-08 0.683749
0 -0 1 0.698122
0.05 -0.0866025 0.994987 0.7115
0.1 -0.173205 0.979796 0.711639
0.15 -0.259808 0.953939 0.705507
0.2 -0.34641 0.916515 0.68012
0.25 -0.433013 0.866025 0.628398
0.3 -0.519615 0.8 0.620945
0.35 -0.606218 0.714143 0.66403
0.4 -0.69282 0.6 0.697676
0.45 -0.779423 0.43589 0.689278
0.5 -0.866025 1.49012e-08 0.683749
0 -0 1 0.698122
0.0642788 -0.0766044 0.994987 0.712335
0.128558 -0.153209 0.979796 0.711752
0.192836 -0.229813 0.953939 0.710476
0.257115 -0.306418 0.916515 0.700162
0.321394 -0.383022 0.866025 0.675332
0.385673 -0.459627 0.8 0.646282
0.449951 -0.536231 0.714143 0.630047
0.51423 -0.612836 0.6 0.666469
0.578509 -0.68944 0.43589 0.692513
0.642788 -0.766044 1.49012e-08 0.683749
0 -0 1 0.698122
0.0766044 -0.0642788 0.994987 0.712976
0.153209 -0.128558 0.979796 0.711396
0.229813 -0.192836 0.953939 0.710358
0.306418 -0.257115 0.916515 0.712127
0.383022 -0.321394 0.866025 0.704032
0.459627 -0.385673 0.8 0.687087
0.536231 -0.449951 0.714143 0.647179
0.612836 -0.51423 0.6 0.591268
0.68944 -0.578509 0.43589 0.683478
0.766044 -0.642788 1.49012e-08 0.683749
0 -0 1 0.698122
0.0866025 -0.05 0.994987 0.713102
0.173205 -0.1 0.979796 0.712137
0.259808 -0.15 0.953939 0.707674
0.34641 -0.2 0.916515 0.71338
0.433013 -0.25 0.866025 0.714714
0.519615 -0.3 0.8 0.711816
0.606218 -0.35 0.714143 0.694206
0.69282 -0.4 0.6 0.629687
0.779423 -0.45 0.43589 0.635536
0.866025 -0.5 1.49012e-08 0.683749
0 -0 1 0.698122
0.0939693 -0.034202 0.994987 0.712485
0.187939 -0.068404 0.979796 0.715194
0.281908 -0.102606 0.953939 0.709077
0.375877 -0.136808 0.916515 0.711318
0.469846 -0.17101 0.866025 0.710825
0.563816 -0.205212 0.8 0.710605
0.657785 -0.239414 0.714143 0.710596
0.751754 -0.273616 0.6 0.696962
0.845723 -0.307818 0.43589 0.566698
0.939693 -0.34202 1.49012e-08 0.683749
0 -0 1 0.698122
0.0984808 -0.0173648 0.994987 0.710973
0.196962 -0.0347296 0.979796 0.715518
0.295442 -0.0520945 0.953939 0.714394
0.393923 -0.0694593 0.916515 0.71372
0.492404 -0.0868241 0.866025 0.712666
0.590885 -0.104189 0.8 0.692243
0.689365 -0.121554 0.714143 0.68988
0.787846 -0.138919 0.6 0.71256
0.886327 -0.156283 0.43589 0.698876
0.984808 -0.173648 1.49012e-08 0.683749
0 -0 1 0.698122
0.1 -2.44929e-17 0.994987 0.70845
0.2 -4.89859e-17 0.979796 0.712679
0.3 -7.34788e-17 0.953939 0.712181
0.4 -9.79717e-17 0.916515 0.712515
0.5 -1.22465e-16 0.866025 0.71366
0.6 -1.46958e-16 0.8 0.714376
0.7 -1.71451e-16 0.714143 0.716284
0.8 -1.95943e-16 0.6 0.715652
0.9 -2.20436e-16 0.43589 0.716214
1 -2.44929e-16 1.49012e-08 0.683749
