0 0 1 0.59798
0.1 0 0.994987 0.564829
0.2 0 0.979796 0.604083
0.3 0 0.953939 0.609578
0.4 0 0.916515 0.603723
0.5 0 0.866025 0.543131
0.6 0 0.8 0.39999
0.7 0 0.714143 0.436012
0.8 0 0.6 0.596062
0.9 0 0.43589 0.644299
1 0 1.49012e-08 0.616898
0 0 1 0.59798
0.0984808 0.0173648 0.994987 0.552299
0.196962 0.0347296 0.979796 0.594061
0.295442 0.0520945 0.953939 0.603597
0.393923 0.0694593 0.916515 0.607892
0.492404 0.0868241 0.866025 0.57204
0.590885 0.104189 0.8 0.508532
0.689365 0.121554 0.714143 0.535985
0.787846 0.138919 0.6 0.613426
0.886327 0.156283 0.43589 0.623332
0.984808 0.173648 1.49012e-08 0.616898
0 0 1 0.59798
0.0939693 0.034202 0.994987 0.538762
0.187939 0.068404 0.979796 0.585042
0.281908 0.102606 0.953939 0.612428
0.375877 0.136808 0.916515 0.622625
0.469846 0.17101 0.866025 0.610631
0.563816 0.205212 0.8 0.597721
0.657785 0.239414 0.714143 0.626786
0.751754 0.273616 0.6 0.651217
0.845723 0.307818 0.43589 0.649709
0.939693 0.34202 1.49012e-08 0.616898
0 0 1 0.59798
0.0866025 0.05 0.994987 0.524172
0.173205 0.1 0.979796 0.576887
0.259808 0.15 0.953939 0.62069
0.34641 0.2 0.916515 0.635796
0.433013 0.25 0.866025 0.629035
0.519615 0.3 0.8 0.613744
0.606218 0.35 0.714143 0.640923
0.69282 0.4 0.6 0.658531
0.779423 0.45 0.43589 0.654734
0.866025 0.5 1.49012e-08 0.616898
0 0 1 0.59798
0.0766044 0.0642788 0.994987 0.513505
0.153209 0.128558 0.979796 0.570803
0.229813 0.192836 0.953939 0.624963
0.306418 0.257115 0.916515 0.642159
0.383022 0.321394 0.866025 0.631867
0.459627 0.385673 0.8 0.57327
0.536231 0.449951 0.714143 0.623329
0.612836 0.51423 0.6 0.649149
0.68944 0.578509 0.43589 0.61757
0.766044 0.642788 1.49012e-08 0.616898
0 0 1 0.59798
0.0642788 0.0766044 0.994987 0.520778
0.128558 0.153209 0.979796 0.567394
0.192836 0.229813 0.953939 0.627697
0.257115 0.306418 0.916515 0.646003
0.321394 0.383022 0.866025 0.639677
0.385673 0.459627 0.8 0.615163
0.449951 0.536231 0.714143 0.616282
0.51423 0.612836 0.6 0.612647
0.578509 0.68944 0.43589 0.610269
0.642788 0.766044 1.49012e-08 0.616898
0 0 1 0.59798
0.05 0.0866025 0.994987 0.538548
0.1 0.173205 0.979796 0.572644
0.15 0.259808 0.953939 0.630192
0.2 0.34641 0.916515 0.644897
0.25 0.433013 0.866025 0.643554
0.3 0.519615 0.8 0.620116
0.35 0.606218 0.714143 0.574576
0.4 0.69282 0.6 0.536967
0.45 0.779423 0.43589 0.607341
0.5 0.866025 1.49012e-08 0.616898
0 0 1 0.59798
0.034202 0.0939693 0.994987 0.556329
0.068404 0.187939 0.979796 0.591408
0.102606 0.281908 0.953939 0.633762
0.136808 0.375877 0.916515 0.634908
0.17101 0.469846 0.866025 0.640226
0.205212 0.563816 0.8 0.605075
0.239414 0.657785 0.714143 0.496059
0.273616 0.751754 0.6 0.432094
0.307818 0.845723 0.43589 0.606035
0.34202 0.939693 1.49012e-08 0.616898
0 0 1 0.59798
0.0173648 0.0984808 0.994987 0.571915
0.0347296 0.196962 0.979796 0.606985
0.0520945 0.295442 0.953939 0.640054
0.0694593 0.393923 0.916515 0.644759
0.0868241 0.492404 0.866025 0.641321
0.104189 0.590885 0.8 0.602001
0.121554 0.689365 0.714143 0.498802
0.138919 0.787846 0.6 0.475742
0.156283 0.886327 0.43589 0.615048
0.173648 0.984808 1.49012e-08 0.616898
0 0 1 0.59798
6.12323e-18 0.1 0.994987 0.584802
1.22465e-17 0.2 0.979796 0.618326
1.83697e-17 0.3 0.953939 0.64532
2.44929e-17 0.4 0.916515 0.651307
3.06162e-17 0.5 0.866025 0.641893
3.67394e-17 0.6 0.8 0.614466
4.28626e-17 0.7 0.714143 0.573763
4.89859e-17 0.8 0.6 0.567054
5.51091e-17 0.9 0.43589 0.621797
6.12323e-17 1 1.49012e-08 0.616898
-0 0 1 0.59798
-0.0173648 0.0984808 0.994987 0.59494
-0.0347296 0.196962 0.979796 0.625291
-0.0520945 0.295442 0.953939 0.646883
-0.0694593 0.393923 0.916515 0.649401
-0.0868241 0.492404 0.866025 0.630678
-0.104189 0.590885 0.8 0.616461
-0.121554 0.689365 0.714143 0.622102
-0.138919 0.787846 0.6 0.621497
-0.156283 0.886327 0.43589 0.618174
-0.173648 0.984808 1.49012e-08 0.616898
-0 0 1 0.59798
-0.034202 0.0939693 0.994987 0.602541
-0.068404 0.187939 0.979796 0.627795
-0.102606 0.281908 0.953939 0.645972
-0.136808 0.375877 0.916515 0.644045
-0.17101 0.469846 0.866025 0.606303
-0.205212 0.563816 0.8 0.601313
-0.239414 0.657785 0.714143 0.647402
-0.273616 0.751754 0.6 0.651435
-0.307818 0.845723 0.43589 0.606783
-0.34202 0.939693 1.49012e-08 0.616898
-0 0 1 0.59798
-0.05 0.0866025 0.994987 0.608038
-0.1 0.173205 0.979796 0.625611
-0.15 0.259808 0.953939 0.641205
-0.2 0.34641 0.916515 0.637808
-0.25 0.433013 0.866025 0.613903
-0.3 0.519615 0.8 0.624751
-0.35 0.606218 0.714143 0.660455
-0.4 0.69282 0.6 0.661357
-0.45 0.779423 0.43589 0.628709
-0.5 0.866025 1.49012e-08 0.616898
-0 0 1 0.59798
-0.0642788 0.0766044 0.994987 0.612069
-0.128558 0.153209 0.979796 0.619036
-0.192836 0.229813 0.953939 0.632077
-0.257115 0.306418 0.916515 0.625769
-0.321394 0.383022 0.866025 0.616386
-0.385673 0.459627 0.8 0.643272
-0.449951 0.536231 0.714143 0.665965
-0.51423 0.612836 0.6 0.663295
-0.578509 0.68944 0.43589 0.658586
-0.642788 0.766044 1.49012e-08 0.616898
-0 0 1 0.59798
-0.0766044 0.0642788 0.994987 0.615381
-0.153209 0.128558 0.979796 0.612557
-0.229813 0.192836 0.953939 0.619228
-0.306418 0.257115 0.916515 0.600804
-0.383022 0.321394 0.866025 0.595362
-0.459627 0.385673 0.8 0.629662
-0.536231 0.449951 0.714143 0.658088
-0.612836 0.51423 0.6 0.655068
-0.68944 0.578509 0.43589 0.664829
-0.766044 0.642788 1.49012e-08 0.616898
-0 0 1 0.59798
-0.0866025 0.05 0.994987 0.618622
-0.173205 0.1 0.979796 0.613719
-0.259808 0.15 0.953939 0.605163
-0.34641 0.2 0.916515 0.559885
-0.433013 0.25 0.866025 0.528664
-0.519615 0.3 0.8 0.580124
-0.606218 0.35 0.714143 0.629509
-0.69282 0.4 0.6 0.620424
-0.779423 0.45 0.43589 0.631298
-0.866025 0.5 1.49012e-08 0.616898
-0 0 1 0.59798
-0.0939693 0.034202 0.994987 0.6222
-0.187939 0.068404 0.979796 0.617593
-0.281908 0.102606 0.953939 0.596066
-0.375877 0.136808 0.916515 0.519386
-0.469846 0.17101 0.866025 0.411516
-0.563816 0.205212 0.8 0.500217
-0.657785 0.239414 0.714143 0.613541
-0.751754 0.273616 0.6 0.65895
-0.845723 0.307818 0.43589 0.640423
-0.939693 0.34202 1.49012e-08 0.616898
-0 0 1 0.59798
-0.0984808 0.0173648 0.994987 0.626016
-0.196962 0.0347296 0.979796 0.624208
-0.295442 0.0520945 0.953939 0.597114
-0.393923 0.0694593 0.916515 0.51205
-0.492404 0.0868241 0.866025 0.385638
-0.590885 0.104189 0.8 0.475776
-0.689365 0.121554 0.714143 0.600049
-0.787846 0.138919 0.6 0.651467
-0.886327 0.156283 0.43589 0.678984
-0.984808 0.173648 1.49012e-08 0.616898
-0 0 1 0.59798
-0.1 1.22465e-17 0.994987 0.6297
-0.2 2.44929e-17 0.979796 0.630968
-0.3 3.67394e-17 0.953939 0.607245
-0.4 4.89859e-17 0.916515 0.548869
-0.5 6.12323e-17 0.866025 0.491792
-0.6 7.34788e-17 0.8 0.541777
-0.7 8.57253e-17 0.714143 0.623896
-0.8 9.79717e-17 0.6 0.663825
-0.9 1.10218e-16 0.43589 0.667652
-1 1.22465e-16 1.49012e-08 0.616898
-0 -0 1 0.59798
-0.0984808 -0.0173648 0.994987 0.632921
-0.196962 -0.0347296 0.979796 0.637131
-0.295442 -0.0520945 0.953939 0.620419
-0.393923 -0.0694593 0.916515 0.592116
-0.492404 -0.0868241 0.866025 0.585835
-0.590885 -0.104189 0.8 0.611044
-0.689365 -0.121554 0.714143 0.627071
-0.787846 -0.138919 0.6 0.646415
-0.886327 -0.156283 0.43589 0.665657
-0.984808 -0.173648 1.49012e-08 0.616898
-0 -0 1 0.59798
-0.0939693 -0.034202 0.994987 0.63548
-0.187939 -0.068404 0.979796 0.64203
-0.281908 -0.102606 0.953939 0.630073
-0.375877 -0.136808 0.916515 0.613031
-0.469846 -0.17101 0.866025 0.631022
-0.563816 -0.205212 0.8 0.648719
-0.657785 -0.239414 0.714143 0.637493
-0.751754 -0.273616 0.6 0.587207
-0.845723 -0.307818 0.43589 0.626399
-0.939693 -0.34202 1.49012e-08 0.616898
-0 -0 1 0.59798
-0.0866025 -0.05 0.994987 0.637296
-0.173205 -0.1 0.979796 0.645359
-0.259808 -0.15 0.953939 0.633371
-0.34641 -0.2 0.916515 0.619309
-0.433013 -0.25 0.866025 0.642262
-0.519615 -0.3 0.8 0.661087
-0.606218 -0.35 0.714143 0.661069
-0.69282 -0.4 0.6 0.66008
-0.779423 -0.45 0.43589 0.625682
-0.866025 -0.5 1.49012e-08 0.616898
-0 -0 1 0.59798
-0.0766044 -0.0642788 0.994987 0.638376
-0.153209 -0.128558 0.979796 0.647163
-0.229813 -0.192836 0.953939 0.6314
-0.306418 -0.257115 0.916515 0.596917
-0.383022 -0.321394 0.866025 0.629139
-0.459627 -0.385673 0.8 0.659015
-0.536231 -0.449951 0.714143 0.650759
-0.612836 -0.51423 0.6 0.65406
-0.68944 -0.578509 0.43589 0.607787
-0.766044 -0.642788 1.49012e-08 0.616898
-0 -0 1 0.59798
-0.0642788 -0.0766044 0.994987 0.638762
-0.128558 -0.153209 0.979796 0.647986
-0.192836 -0.229813 0.953939 0.633169
-0.257115 -0.306418 0.916515 0.586488
-0.321394 -0.383022 0.866025 0.616611
-0.385673 -0.459627 0.8 0.649319
-0.449951 -0.536231 0.714143 0.650968
-0.51423 -0.612836 0.6 0.615029
-0.578509 -0.68944 0.43589 0.627302
-0.642788 -0.766044 1.49012e-08 0.616898
-0 -0 1 0.59798
-0.05 -0.0866025 0.994987 0.638457
-0.1 -0.173205 0.979796 0.649212
-0.15 -0.259808 0.953939 0.639902
-0.2 -0.34641 0.916515 0.617412
-0.25 -0.433013 0.866025 0.618027
-0.3 -0.519615 0.8 0.625337
-0.35 -0.606218 0.714143 0.62172
-0.4 -0.69282 0.6 0.609152
-0.45 -0.779423 0.43589 0.644369
-0.5 -0.866025 1.49012e-08 0.616898
-0 -0 1 0.59798
-0.034202 -0.0939693 0.994987 0.637408
-0.068404 -0.187939 0.979796 0.649372
-0.102606 -0.281908 0.953939 0.644616
-0.136808 -0.375877 0.916515 0.627308
-0.17101 -0.469846 0.866025 0.601952
-0.205212 -0.563816 0.8 0.574554
-0.239414 -0.657785 0.714143 0.567914
-0.273616 -0.751754 0.6 0.608693
-0.307818 -0.845723 0.43589 0.64389
-0.34202 -0.939693 1.49012e-08 0.616898
-0 -0 1 0.59798
-0.0173648 -0.0984808 0.994987 0.63557
-0.0347296 -0.196962 0.979796 0.647191
-0.0520945 -0.295442 0.953939 0.644782
-0.0694593 -0.393923 0.916515 0.626009
-0.0868241 -0.492404 0.866025 0.574819
-0.104189 -0.590885 0.8 0.487867
-0.121554 -0.689365 0.714143 0.480441
-0.138919 -0.787846 0.6 0.59695
-0.156283 -0.886327 0.43589 0.636428
-0.173648 -0.984808 1.49012e-08 0.616898
-0 -0 1 0.59798
-1.83697e-17 -0.1 0.994987 0.632949
-3.67394e-17 -0.2 0.979796 0.64247
-5.51091e-17 -0.3 0.953939 0.640969
-7.34788e-17 -0.4 0.916515 0.623371
-9.18485e-17 -0.5 0.866025 0.555777
-1.10218e-16 -0.6 0.8 0.419891
-1.28588e-16 -0.7 0.714143 0.455612
-1.46958e-16 -0.8 0.6 0.597744
-1.65327e-16 -0.9 0.43589 0.646403
-1.83697e-16 -1 1.49012e-08 0.616898
0 -0 1 0.59798
0.0173648 -0.0984808 0.994987 0.62958
0.0347296 -0.196962 0.979796 0.636567
0.0520945 -0.295442 0.953939 0.638297
0.0694593 -0.393923 0.916515 0.627156
0.0868241 -0.492404 0.866025 0.577575
0.104189 -0.590885 0.8 0.517223
0.121554 -0.689365 0.714143 0.539208
0.138919 -0.787846 0.6 0.607555
0.156283 -0.886327 0.43589 0.64618
0.173648 -0.984808 1.49012e-08 0.616898
0 -0 1 0.59798
0.034202 -0.0939693 0.994987 0.625457
0.068404 -0.187939 0.979796 0.636021
0.102606 -0.281908 0.953939 0.64267
0.136808 -0.375877 0.916515 0.633573
0.17101 -0.469846 0.866025 0.605365
0.205212 -0.563816 0.8 0.590372
0.239414 -0.657785 0.714143 0.603226
0.273616 -0.751754 0.6 0.616219
0.307818 -0.845723 0.43589 0.630731
0.34202 -0.939693 1.49012e-08 0.616898
0 -0 1 0.59798
0.05 -0.0866025 0.994987 0.62051
0.1 -0.173205 0.979796 0.639036
0.15 -0.259808 0.953939 0.646128
0.2 -0.34641 0.916515 0.634443
0.25 -0.433013 0.866025 0.610662
0.3 -0.519615 0.8 0.623709
0.35 -0.606218 0.714143 0.64066
0.4 -0.69282 0.6 0.636731
0.45 -0.779423 0.43589 0.5955
0.5 -0.866025 1.49012e-08 0.616898
0 -0 1 0.59798
0.0642788 -0.0766044 0.994987 0.614674
0.128558 -0.153209 0.979796 0.63915
0.192836 -0.229813 0.953939 0.646344
0.257115 -0.306418 0.916515 0.629565
0.321394 -0.383022 0.866025 0.583207
0.385673 -0.459627 0.8 0.6294
0.449951 -0.536231 0.714143 0.656279
0.51423 -0.612836 0.6 0.658482
0.578509 -0.68944 0.43589 0.617387
0.642788 -0.766044 1.49012e-08 0.616898
0 -0 1 0.59798
0.0766044 -0.0642788 0.994987 0.607544
0.153209 -0.128558 0.979796 0.636322
0.229813 -0.192836 0.953939 0.643769
0.306418 -0.257115 0.916515 0.628881
0.383022 -0.321394 0.866025 0.590392
0.459627 -0.385673 0.8 0.634923
0.536231 -0.449951 0.714143 0.66201
0.612836 -0.51423 0.6 0.661673
0.68944 -0.578509 0.43589 0.6507
0.766044 -0.642788 1.49012e-08 0.616898
0 -0 1 0.59798
0.0866025 -0.05 0.994987 0.598848
0.173205 -0.1 0.979796 0.631073
0.259808 -0.15 0.953939 0.640896
0.34641 -0.2 0.916515 0.631299
0.433013 -0.25 0.866025 0.611316
0.519615 -0.3 0.8 0.633357
0.606218 -0.35 0.714143 0.656499
0.69282 -0.4 0.6 0.648403
0.779423 -0.45 0.43589 0.653683
0.866025 -0.5 1.49012e-08 0.616898
0 -0 1 0.59798
0.0939693 -0.034202 0.994987 0.588567
0.187939 -0.068404 0.979796 0.623679
0.281908 -0.102606 0.953939 0.63501
0.375877 -0.136808 0.916515 0.625373
0.469846 -0.17101 0.866025 0.59848
0.563816 -0.205212 0.8 0.593816
0.657785 -0.239414 0.714143 0.623744
0.751754 -0.273616 0.6 0.626553
0.845723 -0.307818 0.43589 0.589385
0.939693 -0.34202 1.49012e-08 0.616898
0 -0 1 0.59798
0.0984808 -0.0173648 0.994987 0.577017
0.196962 -0.0347296 0.979796 0.614406
0.295442 -0.0520945 0.953939 0.624643
0.393923 -0.0694593 0.916515 0.613053
0.492404 -0.0868241 0.866025 0.562238
0.590885 -0.104189 0.8 0.486147
0.689365 -0.121554 0.714143 0.536056
0.787846 -0.138919 0.6 0.630847
0.886327 -0.156283 0.43589 0.673092
0.984808 -0.173648 1.49012e-08 0.616898
0 -0 1 0.59798
0.1 -2.44929e-17 0.994987 0.564829
0.2 -4.89859e-17 0.979796 0.604083
0.3 -7.34788e-17 0.953939 0.609578
0.4 -9.79717e-17 0.916515 0.603723
0.5 -1.22465e-16 0.866025 0.543131
0.6 -1.46958e-16 0.8 0.39999
0.7 -1.71451e-16 0.714143 0.436012
0.8 -1.95943e-16 0.6 0.596062
0.9 -2.20436e-16 0.43589 0.644299
1 -2.44929e-16 1.49012e-08 0.616898
