0 0 1 0.71135
0.1 0 0.994987 0.704856
0.2 0 0.979796 0.686053
0.3 0 0.953939 0.691213
0.4 0 0.916515 0.701287
0.5 0 0.866025 0.714149
0.6 0 0.8 0.719053
0.7 0 0.714143 0.716322
0.8 0 0.6 0.712741
0.9 0 0.43589 0.716868
1 0 1.49012e-08 0.696327
0 0 1 0.71135
0.0984808 0.0173648 0.994987 0.706624
0.196962 0.0347296 0.979796 0.692755
0.295442 0.0520945 0.953939 0.703381
0.393923 0.0694593 0.916515 0.701039
0.492404 0.0868241 0.866025 0.702894
0.590885 0.104189 0.8 0.707616
0.689365 0.121554 0.714143 0.69571
0.787846 0.138919 0.6 0.710878
0.886327 0.156283 0.43589 0.705568
0.984808 0.173648 1.49012e-08 0.696327
0 0 1 0.71135
0.0939693 0.034202 0.994987 0.708284
0.187939 0.068404 0.979796 0.698048
0.281908 0.102606 0.953939 0.709361
0.375877 0.136808 0.916515 0.710455
0.469846 0.17101 0.866025 0.703845
0.563816 0.205212 0.8 0.674978
0.657785 0.239414 0.714143 0.67478
0.751754 0.273616 0.6 0.700286
0.845723 0.307818 0.43589 0.707748
0.939693 0.34202 1.49012e-08 0.696327
0 0 1 0.71135
0.0866025 0.05 0.994987 0.709667
0.173205 0.1 0.979796 0.700118
0.259808 0.15 0.953939 0.710678
0.34641 0.2 0.916515 0.713772
0.433013 0.25 0.866025 0.707414
0.519615 0.3 0.8 0.688912
0.606218 0.35 0.714143 0.694618
0.69282 0.4 0.6 0.7056
0.779423 0.45 0.43589 0.696194
0.866025 0.5 1.49012e-08 0.696327
0 0 1 0.71135
0.0766044 0.0642788 0.994987 0.710791
0.153209 0.128558 0.979796 0.699121
0.229813 0.192836 0.953939 0.708736
0.306418 0.257115 0.916515 0.719617
0.383022 0.321394 0.866025 0.709749
0.459627 0.385673 0.8 0.692737
0.536231 0.449951 0.714143 0.691864
0.612836 0.51423 0.6 0.699171
0.68944 0.578509 0.43589 0.697515
0.766044 0.642788 1.49012e-08 0.696327
0 0 1 0.71135
0.0642788 0.0766044 0.994987 0.711719
0.128558 0.153209 0.979796 0.697858
0.192836 0.229813 0.953939 0.706627
0.257115 0.306418 0.916515 0.721037
0.321394 0.383022 0.866025 0.713644
0.385673 0.459627 0.8 0.707315
0.449951 0.536231 0.714143 0.704977
0.51423 0.612836 0.6 0.660177
0.578509 0.68944 0.43589 0.714815
0.642788 0.766044 1.49012e-08 0.696327
0 0 1 0.71135
0.05 0.0866025 0.994987 0.71239
0.1 0.173205 0.979796 0.704649
0.15 0.259808 0.953939 0.709
0.2 0.34641 0.916515 0.71736
0.25 0.433013 0.866025 0.712585
0.3 0.519615 0.8 0.70871
0.35 0.606218 0.714143 0.699003
0.4 0.69282 0.6 0.681945
0.45 0.779423 0.43589 0.717646
0.5 0.866025 1.49012e-08 0.696327
0 0 1 0.71135
0.034202 0.0939693 0.994987 0.712617
0.068404 0.187939 0.979796 0.711479
0.102606 0.281908 0.953939 0.710986
0.136808 0.375877 0.916515 0.707983
0.17101 0.469846 0.866025 0.700629
0.205212 0.563816 0.8 0.693627
0.239414 0.657785 0.714143 0.695499
0.273616 0.751754 0.6 0.703841
0.307818 0.845723 0.43589 0.706949
0.34202 0.939693 1.49012e-08 0.696327
0 0 1 0.71135
0.0173648 0.0984808 0.994987 0.712134
0.0347296 0.196962 0.979796 0.715123
0.0520945 0.295442 0.953939 0.715735
0.0694593 0.393923 0.916515 0.704189
0.0868241 0.492404 0.866025 0.675225
0.104189 0.590885 0.8 0.66018
0.121554 0.689365 0.714143 0.69397
0.138919 0.787846 0.6 0.71166
0.156283 0.886327 0.43589 0.70682
0.173648 0.984808 1.49012e-08 0.696327
0 0 1 0.71135
6.12323e-18 0.1 0.994987 0.710821
1.22465e-17 0.2 0.979796 0.715289
1.83697e-17 0.3 0.953939 0.717497
2.44929e-17 0.4 0.916515 0.705589
3.06162e-17 0.5 0.866025 0.666671
3.67394e-17 0.6 0.8 0.645024
4.28626e-17 0.7 0.714143 0.684597
4.89859e-17 0.8 0.6 0.707484
5.51091e-17 0.9 0.43589 0.713216
6.12323e-17 1 1.49012e-08 0.696327
-0 0 1 0.71135
-0.0173648 0.0984808 0.994987 0.708972
-0.0347296 0.196962 0.979796 0.712737
-0.0520945 0.295442 0.953939 0.715334
-0.0694593 0.393923 0.916515 0.705116
-0.0868241 0.492404 0.866025 0.681354
-0.104189 0.590885 0.8 0.667159
-0.121554 0.689365 0.714143 0.689352
-0.138919 0.787846 0.6 0.699895
-0.156283 0.886327 0.43589 0.707862
-0.173648 0.984808 1.49012e-08 0.696327
-0 0 1 0.71135
-0.034202 0.0939693 0.994987 0.707541
-0.068404 0.187939 0.979796 0.709303
-0.102606 0.281908 0.953939 0.709711
-0.136808 0.375877 0.916515 0.698417
-0.17101 0.469846 0.866025 0.689814
-0.205212 0.563816 0.8 0.68937
-0.239414 0.657785 0.714143 0.701641
-0.273616 0.751754 0.6 0.709131
-0.307818 0.845723 0.43589 0.692425
-0.34202 0.939693 1.49012e-08 0.696327
-0 0 1 0.71135
-0.05 0.0866025 0.994987 0.707726
-0.1 0.173205 0.979796 0.707758
-0.15 0.259808 0.953939 0.700858
-0.2 0.34641 0.916515 0.691265
-0.25 0.433013 0.866025 0.691604
-0.3 0.519615 0.8 0.698587
-0.35 0.606218 0.714143 0.701097
-0.4 0.69282 0.6 0.7099
-0.45 0.779423 0.43589 0.692021
-0.5 0.866025 1.49012e-08 0.696327
-0 0 1 0.71135
-0.0642788 0.0766044 0.994987 0.709392
-0.128558 0.153209 0.979796 0.709346
-0.192836 0.229813 0.953939 0.699353
-0.257115 0.306418 0.916515 0.678647
-0.321394 0.383022 0.866025 0.678788
-0.385673 0.459627 0.8 0.694628
-0.449951 0.536231 0.714143 0.688491
-0.51423 0.612836 0.6 0.6954
-0.578509 0.68944 0.43589 0.698341
-0.642788 0.766044 1.49012e-08 0.696327
-0 0 1 0.71135
-0.0766044 0.0642788 0.994987 0.711338
-0.153209 0.128558 0.979796 0.71144
-0.229813 0.192836 0.953939 0.702476
-0.306418 0.257115 0.916515 0.675965
-0.383022 0.321394 0.866025 0.657461
-0.459627 0.385673 0.8 0.681382
-0.536231 0.449951 0.714143 0.679309
-0.612836 0.51423 0.6 0.672984
-0.68944 0.578509 0.43589 0.690647
-0.766044 0.642788 1.49012e-08 0.696327
-0 0 1 0.71135
-0.0866025 0.05 0.994987 0.712748
-0.173205 0.1 0.979796 0.712835
-0.259808 0.15 0.953939 0.70524
-0.34641 0.2 0.916515 0.684337
-0.433013 0.25 0.866025 0.679425
-0.519615 0.3 0.8 0.689042
-0.606218 0.35 0.714143 0.683325
-0.69282 0.4 0.6 0.652124
-0.779423 0.45 0.43589 0.70419
-0.866025 0.5 1.49012e-08 0.696327
-0 0 1 0.71135
-0.0939693 0.034202 0.994987 0.713226
-0.187939 0.068404 0.979796 0.71468
-0.281908 0.102606 0.953939 0.706921
-0.375877 0.136808 0.916515 0.6859
-0.469846 0.17101 0.866025 0.682176
-0.563816 0.205212 0.8 0.692166
-0.657785 0.239414 0.714143 0.704044
-0.751754 0.273616 0.6 0.707137
-0.845723 0.307818 0.43589 0.701118
-0.939693 0.34202 1.49012e-08 0.696327
-0 0 1 0.71135
-0.0984808 0.0173648 0.994987 0.712638
-0.196962 0.0347296 0.979796 0.715627
-0.295442 0.0520945 0.953939 0.706856
-0.393923 0.0694593 0.916515 0.678487
-0.492404 0.0868241 0.866025 0.655813
-0.590885 0.104189 0.8 0.688091
-0.689365 0.121554 0.714143 0.709802
-0.787846 0.138919 0.6 0.716874
-0.886327 0.156283 0.43589 0.699317
-0.984808 0.173648 1.49012e-08 0.696327
-0 0 1 0.71135
-0.1 1.22465e-17 0.994987 0.710986
-0.2 2.44929e-17 0.979796 0.714646
-0.3 3.67394e-17 0.953939 0.706079
-0.4 4.89859e-17 0.916515 0.669756
-0.5 6.12323e-17 0.866025 0.610262
-0.6 7.34788e-17 0.8 0.672729
-0.7 8.57253e-17 0.714143 0.707463
-0.8 9.79717e-17 0.6 0.716647
-0.9 1.10218e-16 0.43589 0.709718
-1 1.22465e-16 1.49012e-08 0.696327
-0 -0 1 0.71135
-0.0984808 -0.0173648 0.994987 0.708378
-0.196962 -0.0347296 0.979796 0.711302
-0.295442 -0.0520945 0.953939 0.706371
-0.393923 -0.0694593 0.916515 0.684121
-0.492404 -0.0868241 0.866025 0.665216
-0.590885 -0.104189 0.8 0.685123
-0.689365 -0.121554 0.714143 0.704423
-0.787846 -0.138919 0.6 0.715529
-0.886327 -0.156283 0.43589 0.71953
-0.984808 -0.173648 1.49012e-08 0.696327
-0 -0 1 0.71135
-0.0939693 -0.034202 0.994987 0.705113
-0.187939 -0.068404 0.979796 0.711674
-0.281908 -0.102606 0.953939 0.710747
-0.375877 -0.136808 0.916515 0.703084
-0.469846 -0.17101 0.866025 0.694817
-0.563816 -0.205212 0.8 0.685818
-0.657785 -0.239414 0.714143 0.669593
-0.751754 -0.273616 0.6 0.700625
-0.845723 -0.307818 0.43589 0.6802
-0.939693 -0.34202 1.49012e-08 0.696327
-0 -0 1 0.71135
-0.0866025 -0.05 0.994987 0.701735
-0.173205 -0.1 0.979796 0.714294
-0.259808 -0.15 0.953939 0.716864
-0.34641 -0.2 0.916515 0.71178
-0.433013 -0.25 0.866025 0.700179
-0.519615 -0.3 0.8 0.693916
-0.606218 -0.35 0.714143 0.696707
-0.69282 -0.4 0.6 0.696575
-0.779423 -0.45 0.43589 0.70063
-0.866025 -0.5 1.49012e-08 0.696327
-0 -0 1 0.71135
-0.0766044 -0.0642788 0.994987 0.70108
-0.153209 -0.128558 0.979796 0.715906
-0.229813 -0.192836 0.953939 0.718032
-0.306418 -0.257115 0.916515 0.714515
-0.383022 -0.321394 0.866025 0.694063
-0.459627 -0.385673 0.8 0.682233
-0.536231 -0.449951 0.714143 0.697434
-0.612836 -0.51423 0.6 0.702471
-0.68944 -0.578509 0.43589 0.706056
-0.766044 -0.642788 1.49012e-08 0.696327
-0 -0 1 0.71135
-0.0642788 -0.0766044 0.994987 0.702523
-0.128558 -0.153209 0.979796 0.717175
-0.192836 -0.229813 0.953939 0.717702
-0.257115 -0.306418 0.916515 0.715759
-0.321394 -0.383022 0.866025 0.698322
-0.385673 -0.459627 0.8 0.687659
-0.449951 -0.536231 0.714143 0.686273
-0.51423 -0.612836 0.6 0.698616
-0.578509 -0.68944 0.43589 0.691384
-0.642788 -0.766044 1.49012e-08 0.696327
-0 -0 1 0.71135
-0.05 -0.0866025 0.994987 0.703562
-0.1 -0.173205 0.979796 0.718444
-0.15 -0.259808 0.953939 0.717234
-0.2 -0.34641 0.916515 0.716032
-0.25 -0.433013 0.866025 0.698503
-0.3 -0.519615 0.8 0.669856
-0.35 -0.606218 0.714143 0.678422
-0.4 -0.69282 0.6 0.694458
-0.45 -0.779423 0.43589 0.685111
-0.5 -0.866025 1.49012e-08 0.696327
-0 -0 1 0.71135
-0.034202 -0.0939693 0.994987 0.704651
-0.068404 -0.187939 0.979796 0.719013
-0.102606 -0.281908 0.953939 0.715403
-0.136808 -0.375877 0.916515 0.714486
-0.17101 -0.469846 0.866025 0.695874
-0.205212 -0.563816 0.8 0.653527
-0.239414 -0.657785 0.714143 0.681903
-0.273616 -0.751754 0.6 0.6902
-0.307818 -0.845723 0.43589 0.687321
-0.34202 -0.939693 1.49012e-08 0.696327
-0 -0 1 0.71135
-0.0173648 -0.0984808 0.994987 0.706451
-0.0347296 -0.196962 0.979796 0.718334
-0.0520945 -0.295442 0.953939 0.715131
-0.0694593 -0.393923 0.916515 0.710002
-0.0868241 -0.492404 0.866025 0.701786
-0.104189 -0.590885 0.8 0.688157
-0.121554 -0.689365 0.714143 0.696713
-0.138919 -0.787846 0.6 0.707319
-0.156283 -0.886327 0.43589 0.699428
-0.173648 -0.984808 1.49012e-08 0.696327
-0 -0 1 0.71135
-1.83697e-17 -0.1 0.994987 0.707019
-3.67394e-17 -0.2 0.979796 0.716062
-5.51091e-17 -0.3 0.953939 0.710605
-7.34788e-17 -0.4 0.916515 0.703247
-9.18485e-17 -0.5 0.866025 0.708996
-1.10218e-16 -0.6 0.8 0.698206
-1.28588e-16 -0.7 0.714143 0.710341
-1.46958e-16 -0.8 0.6 0.717401
-1.65327e-16 -0.9 0.43589 0.708119
-1.83697e-16 -1 1.49012e-08 0.696327
0 -0 1 0.71135
0.0173648 -0.0984808 0.994987 0.706753
0.0347296 -0.196962 0.979796 0.712268
0.0520945 -0.295442 0.953939 0.707208
0.0694593 -0.393923 0.916515 0.698061
0.0868241 -0.492404 0.866025 0.712981
0.104189 -0.590885 0.8 0.704057
0.121554 -0.689365 0.714143 0.711808
0.138919 -0.787846 0.6 0.724766
0.156283 -0.886327 0.43589 0.715362
0.173648 -0.984808 1.49012e-08 0.696327
0 -0 1 0.71135
0.034202 -0.0939693 0.994987 0.705805
0.068404 -0.187939 0.979796 0.706801
0.102606 -0.281908 0.953939 0.704221
0.136808 -0.375877 0.916515 0.705833
0.17101 -0.469846 0.866025 0.713297
0.205212 -0.563816 0.8 0.712418
0.239414 -0.657785 0.714143 0.716812
0.273616 -0.751754 0.6 0.722568
0.307818 -0.845723 0.43589 0.71491
0.34202 -0.939693 1.49012e-08 0.696327
0 -0 1 0.71135
0.05 -0.0866025 0.994987 0.704189
0.1 -0.173205 0.979796 0.699082
0.15 -0.259808 0.953939 0.69678
0.2 -0.34641 0.916515 0.705246
0.25 -0.433013 0.866025 0.706091
0.3 -0.519615 0.8 0.703027
0.35 -0.606218 0.714143 0.707461
0.4 -0.69282 0.6 0.714405
0.45 -0.779423 0.43589 0.716578
0.5 -0.866025 1.49012e-08 0.696327
0 -0 1 0.71135
0.0642788 -0.0766044 0.994987 0.702536
0.128558 -0.153209 0.979796 0.688645
0.192836 -0.229813 0.953939 0.680607
0.257115 -0.306418 0.916515 0.693733
0.321394 -0.383022 0.866025 0.694767
0.385673 -0.459627 0.8 0.679105
0.449951 -0.536231 0.714143 0.6964
0.51423 -0.612836 0.6 0.698925
0.578509 -0.68944 0.43589 0.699499
0.642788 -0.766044 1.49012e-08 0.696327
0 -0 1 0.71135
0.0766044 -0.0642788 0.994987 0.702109
0.153209 -0.128558 0.979796 0.67697
0.229813 -0.192836 0.953939 0.65347
0.306418 -0.257115 0.916515 0.679542
0.383022 -0.321394 0.866025 0.696578
0.459627 -0.385673 0.8 0.702192
0.536231 -0.449951 0.714143 0.710878
0.612836 -0.51423 0.6 0.715286
0.68944 -0.578509 0.43589 0.713834
0.766044 -0.642788 1.49012e-08 0.696327
0 -0 1 0.71135
0.0866025 -0.05 0.994987 0.701893
0.173205 -0.1 0.979796 0.667158
0.259808 -0.15 0.953939 0.622323
0.34641 -0.2 0.916515 0.672856
0.433013 -0.25 0.866025 0.704378
0.519615 -0.3 0.8 0.707252
0.606218 -0.35 0.714143 0.708688
0.69282 -0.4 0.6 0.709989
0.779423 -0.45 0.43589 0.713624
0.866025 -0.5 1.49012e-08 0.696327
0 -0 1 0.71135
0.0939693 -0.034202 0.994987 0.70224
0.187939 -0.068404 0.979796 0.662762
0.281908 -0.102606 0.953939 0.63329
0.375877 -0.136808 0.916515 0.68129
0.469846 -0.17101 0.866025 0.704389
0.563816 -0.205212 0.8 0.711346
0.657785 -0.239414 0.714143 0.708197
0.751754 -0.273616 0.6 0.717993
0.845723 -0.307818 0.43589 0.669325
0.939693 -0.34202 1.49012e-08 0.696327
0 -0 1 0.71135
0.0984808 -0.0173648 0.994987 0.703272
0.196962 -0.0347296 0.979796 0.674651
0.295442 -0.0520945 0.953939 0.669298
0.393923 -0.0694593 0.916515 0.695848
0.492404 -0.0868241 0.866025 0.713386
0.590885 -0.104189 0.8 0.716516
0.689365 -0.121554 0.714143 0.708831
0.787846 -0.138919 0.6 0.687203
0.886327 -0.156283 0.43589 0.718648
0.984808 -0.173648 1.49012e-08 0.696327
0 -0 1 0.71135
0.1 -2.44929e-17 0.994987 0.704856
0.2 -4.89859e-17 0.979796 0.686053
0.3 -7.34788e-17 0.953939 0.691213
0.4 -9.79717e-17 0.916515 0.701287
0.5 -1.22465e-16 0.866025 0.714149
0.6 -1.46958e-16 0.8 0.719053
0.7 -1.71451e-16 0.714143 0.716322
0.8 -1.95943e-16 0.6 0.712741
0.9 -2.20436e-16 0.43589 0.716868
1 -2.44929e-16 1.49012e-08 0.696327
