0 0 1 0.71493
0.1 0 0.994987 0.718986
0.2 0 0.979796 0.717838
0.3 0 0.953939 0.719548
0.4 0 0.916515 0.718819
0.5 0 0.866025 0.705076
0.6 0 0.8 0.690345
0.7 0 0.714143 0.705464
0.8 0 0.6 0.712165
0.9 0 0.43589 0.705162
1 0 1.49012e-08 0.680267
0 0 1 0.71493
0.0984808 0.0173648 0.994987 0.719401
0.196962 0.0347296 0.979796 0.716533
0.295442 0.0520945 0.953939 0.719733
0.393923 0.0694593 0.916515 0.714098
0.492404 0.0868241 0.866025 0.706187
0.590885 0.104189 0.8 0.689733
0.689365 0.121554 0.714143 0.690831
0.787846 0.138919 0.6 0.685127
0.886327 0.156283 0.43589 0.666898
0.984808 0.173648 1.49012e-08 0.680267
0 0 1 0.71493
0.0939693 0.034202 0.994987 0.719146
0.187939 0.068404 0.979796 0.718543
0.281908 0.102606 0.953939 0.718508
0.375877 0.136808 0.916515 0.710559
0.469846 0.17101 0.866025 0.693912
0.563816 0.205212 0.8 0.661713
0.657785 0.239414 0.714143 0.634145
0.751754 0.273616 0.6 0.625639
0.845723 0.307818 0.43589 0.693412
0.939693 0.34202 1.49012e-08 0.680267
0 0 1 0.71493
0.0866025 0.05 0.994987 0.718529
0.173205 0.1 0.979796 0.716882
0.259808 0.15 0.953939 0.713941
0.34641 0.2 0.916515 0.701278
0.433013 0.25 0.866025 0.671623
0.519615 0.3 0.8 0.633028
0.606218 0.35 0.714143 0.636388
0.69282 0.4 0.6 0.685048
0.779423 0.45 0.43589 0.697068
0.866025 0.5 1.49012e-08 0.680267
0 0 1 0.71493
0.0766044 0.0642788 0.994987 0.717472
0.153209 0.128558 0.979796 0.712959
0.229813 0.192836 0.953939 0.704617
0.306418 0.257115 0.916515 0.684811
0.383022 0.321394 0.866025 0.66143
0.459627 0.385673 0.8 0.658061
0.536231 0.449951 0.714143 0.686612
0.612836 0.51423 0.6 0.714085
0.68944 0.578509 0.43589 0.710984
0.766044 0.642788 1.49012e-08 0.680267
0 0 1 0.71493
0.0642788 0.0766044 0.994987 0.715911
0.128558 0.153209 0.979796 0.706954
0.192836 0.229813 0.953939 0.691004
0.257115 0.306418 0.916515 0.665317
0.321394 0.383022 0.866025 0.666955
0.385673 0.459627 0.8 0.683755
0.449951 0.536231 0.714143 0.708086
0.51423 0.612836 0.6 0.718815
0.578509 0.68944 0.43589 0.71983
0.642788 0.766044 1.49012e-08 0.680267
0 0 1 0.71493
0.05 0.0866025 0.994987 0.713965
0.1 0.173205 0.979796 0.699637
0.15 0.259808 0.953939 0.673488
0.2 0.34641 0.916515 0.662932
0.25 0.433013 0.866025 0.67667
0.3 0.519615 0.8 0.707844
0.35 0.606218 0.714143 0.718446
0.4 0.69282 0.6 0.704307
0.45 0.779423 0.43589 0.716748
0.5 0.866025 1.49012e-08 0.680267
0 0 1 0.71493
0.034202 0.0939693 0.994987 0.711836
0.068404 0.187939 0.979796 0.692513
0.102606 0.281908 0.953939 0.65331
0.136808 0.375877 0.916515 0.663845
0.17101 0.469846 0.866025 0.691503
0.205212 0.563816 0.8 0.717077
0.239414 0.657785 0.714143 0.720278
0.273616 0.751754 0.6 0.707935
0.307818 0.845723 0.43589 0.714958
0.34202 0.939693 1.49012e-08 0.680267
0 0 1 0.71493
0.0173648 0.0984808 0.994987 0.709763
0.0347296 0.196962 0.979796 0.686356
0.0520945 0.295442 0.953939 0.657094
0.0694593 0.393923 0.916515 0.666523
0.0868241 0.492404 0.866025 0.694861
0.104189 0.590885 0.8 0.717648
0.121554 0.689365 0.714143 0.714731
0.138919 0.787846 0.6 0.708976
0.156283 0.886327 0.43589 0.717239
0.173648 0.984808 1.49012e-08 0.680267
0 0 1 0.71493
6.12323e-18 0.1 0.994987 0.708059
1.22465e-17 0.2 0.979796 0.680936
1.83697e-17 0.3 0.953939 0.653343
2.44929e-17 0.4 0.916515 0.662376
3.06162e-17 0.5 0.866025 0.694982
3.67394e-17 0.6 0.8 0.712334
4.28626e-17 0.7 0.714143 0.709055
4.89859e-17 0.8 0.6 0.712514
5.51091e-17 0.9 0.43589 0.718703
6.12323e-17 1 1.49012e-08 0.680267
-0 0 1 0.71493
-0.0173648 0.0984808 0.994987 0.706979
-0.0347296 0.196962 0.979796 0.675828
-0.0520945 0.295442 0.953939 0.648817
-0.0694593 0.393923 0.916515 0.647167
-0.0868241 0.492404 0.866025 0.690969
-0.104189 0.590885 0.8 0.711148
-0.121554 0.689365 0.714143 0.712165
-0.138919 0.787846 0.6 0.708509
-0.156283 0.886327 0.43589 0.716214
-0.173648 0.984808 1.49012e-08 0.680267
-0 0 1 0.71493
-0.034202 0.0939693 0.994987 0.706656
-0.068404 0.187939 0.979796 0.67179
-0.102606 0.281908 0.953939 0.644363
-0.136808 0.375877 0.916515 0.616906
-0.17101 0.469846 0.866025 0.686117
-0.205212 0.563816 0.8 0.711969
-0.239414 0.657785 0.714143 0.717607
-0.273616 0.751754 0.6 0.71689
-0.307818 0.845723 0.43589 0.71221
-0.34202 0.939693 1.49012e-08 0.680267
-0 0 1 0.71493
-0.05 0.0866025 0.994987 0.706959
-0.1 0.173205 0.979796 0.675613
-0.15 0.259808 0.953939 0.645044
-0.2 0.34641 0.916515 0.644284
-0.25 0.433013 0.866025 0.688637
-0.3 0.519615 0.8 0.712168
-0.35 0.606218 0.714143 0.707275
-0.4 0.69282 0.6 0.717947
-0.45 0.779423 0.43589 0.705866
-0.5 0.866025 1.49012e-08 0.680267
-0 0 1 0.71493
-0.0642788 0.0766044 0.994987 0.707736
-0.128558 0.153209 0.979796 0.681082
-0.192836 0.229813 0.953939 0.646656
-0.257115 0.306418 0.916515 0.649252
-0.321394 0.383022 0.866025 0.689583
-0.385673 0.459627 0.8 0.713152
-0.449951 0.536231 0.714143 0.711658
-0.51423 0.612836 0.6 0.71126
-0.578509 0.68944 0.43589 0.690569
-0.642788 0.766044 1.49012e-08 0.680267
-0 0 1 0.71493
-0.0766044 0.0642788 0.994987 0.70886
-0.153209 0.128558 0.979796 0.687083
-0.229813 0.192836 0.953939 0.652906
-0.306418 0.257115 0.916515 0.647931
-0.383022 0.321394 0.866025 0.680769
-0.459627 0.385673 0.8 0.71347
-0.536231 0.449951 0.714143 0.716191
-0.612836 0.51423 0.6 0.71469
-0.68944 0.578509 0.43589 0.664524
-0.766044 0.642788 1.49012e-08 0.680267
-0 0 1 0.71493
-0.0866025 0.05 0.994987 0.710261
-0.173205 0.1 0.979796 0.693354
-0.259808 0.15 0.953939 0.65877
-0.34641 0.2 0.916515 0.648057
-0.433013 0.25 0.866025 0.668749
-0.519615 0.3 0.8 0.707478
-0.606218 0.35 0.714143 0.721812
-0.69282 0.4 0.6 0.720021
-0.779423 0.45 0.43589 0.671594
-0.866025 0.5 1.49012e-08 0.680267
-0 0 1 0.71493
-0.0939693 0.034202 0.994987 0.711979
-0.187939 0.068404 0.979796 0.699939
-0.281908 0.102606 0.953939 0.666991
-0.375877 0.136808 0.916515 0.658543
-0.469846 0.17101 0.866025 0.662801
-0.563816 0.205212 0.8 0.685161
-0.657785 0.239414 0.714143 0.715386
-0.751754 0.273616 0.6 0.719315
-0.845723 0.307818 0.43589 0.679396
-0.939693 0.34202 1.49012e-08 0.680267
-0 0 1 0.71493
-0.0984808 0.0173648 0.994987 0.713675
-0.196962 0.0347296 0.979796 0.706381
-0.295442 0.0520945 0.953939 0.688631
-0.393923 0.0694593 0.916515 0.683221
-0.492404 0.0868241 0.866025 0.67598
-0.590885 0.104189 0.8 0.664017
-0.689365 0.121554 0.714143 0.679926
-0.787846 0.138919 0.6 0.706964
-0.886327 0.156283 0.43589 0.672012
-0.984808 0.173648 1.49012e-08 0.680267
-0 0 1 0.71493
-0.1 1.22465e-17 0.994987 0.714882
-0.2 2.44929e-17 0.979796 0.711987
-0.3 3.67394e-17 0.953939 0.704563
-0.4 4.89859e-17 0.916515 0.705538
-0.5 6.12323e-17 0.866025 0.703315
-0.6 7.34788e-17 0.8 0.691977
-0.7 8.57253e-17 0.714143 0.676658
-0.8 9.79717e-17 0.6 0.664438
-0.9 1.10218e-16 0.43589 0.600019
-1 1.22465e-16 1.49012e-08 0.680267
-0 -0 1 0.71493
-0.0984808 -0.0173648 0.994987 0.715506
-0.196962 -0.0347296 0.979796 0.716297
-0.295442 -0.0520945 0.953939 0.71359
-0.393923 -0.0694593 0.916515 0.716002
-0.492404 -0.0868241 0.866025 0.71819
-0.590885 -0.104189 0.8 0.715957
-0.689365 -0.121554 0.714143 0.705
-0.787846 -0.138919 0.6 0.666897
-0.886327 -0.156283 0.43589 0.617388
-0.984808 -0.173648 1.49012e-08 0.680267
-0 -0 1 0.71493
-0.0939693 -0.034202 0.994987 0.715886
-0.187939 -0.068404 0.979796 0.718689
-0.281908 -0.102606 0.953939 0.714923
-0.375877 -0.136808 0.916515 0.713182
-0.469846 -0.17101 0.866025 0.714969
-0.563816 -0.205212 0.8 0.714663
-0.657785 -0.239414 0.714143 0.689537
-0.751754 -0.273616 0.6 0.642203
-0.845723 -0.307818 0.43589 0.686336
-0.939693 -0.34202 1.49012e-08 0.680267
-0 -0 1 0.71493
-0.0866025 -0.05 0.994987 0.71559
-0.173205 -0.1 0.979796 0.719059
-0.259808 -0.15 0.953939 0.716841
-0.34641 -0.2 0.916515 0.711776
-0.433013 -0.25 0.866025 0.713599
-0.519615 -0.3 0.8 0.696699
-0.606218 -0.35 0.714143 0.64622
-0.69282 -0.4 0.6 0.665529
-0.779423 -0.45 0.43589 0.69772
-0.866025 -0.5 1.49012e-08 0.680267
-0 -0 1 0.71493
-0.0766044 -0.0642788 0.994987 0.714261
-0.153209 -0.128558 0.979796 0.717242
-0.229813 -0.192836 0.953939 0.716381
-0.306418 -0.257115 0.916515 0.718202
-0.383022 -0.321394 0.866025 0.706953
-0.459627 -0.385673 0.8 0.661266
-0.536231 -0.449951 0.714143 0.609742
-0.612836 -0.51423 0.6 0.690764
-0.68944 -0.578509 0.43589 0.694837
-0.766044 -0.642788 1.49012e-08 0.680267
-0 -0 1 0.71493
-0.0642788 -0.0766044 0.994987 0.712016
-0.128558 -0.153209 0.979796 0.715188
-0.192836 -0.229813 0.953939 0.717765
-0.257115 -0.306418 0.916515 0.718204
-0.321394 -0.383022 0.866025 0.696717
-0.385673 -0.459627 0.8 0.632345
-0.449951 -0.536231 0.714143 0.645122
-0.51423 -0.612836 0.6 0.704174
-0.578509 -0.68944 0.43589 0.706302
-0.642788 -0.766044 1.49012e-08 0.680267
-0 -0 1 0.71493
-0.05 -0.0866025 0.994987 0.71113
-0.1 -0.173205 0.979796 0.710726
-0.15 -0.259808 0.953939 0.715897
-0.2 -0.34641 0.916515 0.715832
-0.25 -0.433013 0.866025 0.691434
-0.3 -0.519615 0.8 0.642696
-0.35 -0.606218 0.714143 0.661969
-0.4 -0.69282 0.6 0.706856
-0.45 -0.779423 0.43589 0.700426
-0.5 -0.866025 1.49012e-08 0.680267
-0 -0 1 0.71493
-0.034202 -0.0939693 0.994987 0.70983
-0.068404 -0.187939 0.979796 0.703087
-0.102606 -0.281908 0.953939 0.716861
-0.136808 -0.375877 0.916515 0.715328
-0.17101 -0.469846 0.866025 0.689127
-0.205212 -0.563816 0.8 0.639138
-0.239414 -0.657785 0.714143 0.66505
-0.273616 -0.751754 0.6 0.70398
-0.307818 -0.845723 0.43589 0.684929
-0.34202 -0.939693 1.49012e-08 0.680267
-0 -0 1 0.71493
-0.0173648 -0.0984808 0.994987 0.70846
-0.0347296 -0.196962 0.979796 0.695837
-0.0520945 -0.295442 0.953939 0.716113
-0.0694593 -0.393923 0.916515 0.714835
-0.0868241 -0.492404 0.866025 0.6872
-0.104189 -0.590885 0.8 0.640637
-0.121554 -0.689365 0.714143 0.659789
-0.138919 -0.787846 0.6 0.697869
-0.156283 -0.886327 0.43589 0.682788
-0.173648 -0.984808 1.49012e-08 0.680267
-0 -0 1 0.71493
-1.83697e-17 -0.1 0.994987 0.707374
-3.67394e-17 -0.2 0.979796 0.697865
-5.51091e-17 -0.3 0.953939 0.714317
-7.34788e-17 -0.4 0.916515 0.712582
-9.18485e-17 -0.5 0.866025 0.684777
-1.10218e-16 -0.6 0.8 0.627058
-1.28588e-16 -0.7 0.714143 0.634091
-1.46958e-16 -0.8 0.6 0.688325
-1.65327e-16 -0.9 0.43589 0.680574
-1.83697e-16 -1 1.49012e-08 0.680267
0 -0 1 0.71493
0.0173648 -0.0984808 0.994987 0.706574
0.0347296 -0.196962 0.979796 0.699025
0.0520945 -0.295442 0.953939 0.713046
0.0694593 -0.393923 0.916515 0.710612
0.0868241 -0.492404 0.866025 0.684192
0.104189 -0.590885 0.8 0.62177
0.121554 -0.689365 0.714143 0.600808
0.138919 -0.787846 0.6 0.678367
0.156283 -0.886327 0.43589 0.68351
0.173648 -0.984808 1.49012e-08 0.680267
0 -0 1 0.71493
0.034202 -0.0939693 0.994987 0.706064
0.068404 -0.187939 0.979796 0.697425
0.102606 -0.281908 0.953939 0.71201
0.136808 -0.375877 0.916515 0.711209
0.17101 -0.469846 0.866025 0.688334
0.205212 -0.563816 0.8 0.630881
0.239414 -0.657785 0.714143 0.607766
0.273616 -0.751754 0.6 0.674126
0.307818 -0.845723 0.43589 0.687152
0.34202 -0.939693 1.49012e-08 0.680267
0 -0 1 0.71493
0.05 -0.0866025 0.994987 0.706364
0.1 -0.173205 0.979796 0.698012
0.15 -0.259808 0.953939 0.712774
0.2 -0.34641 0.916515 0.711468
0.25 -0.433013 0.866025 0.693657
0.3 -0.519615 0.8 0.633584
0.35 -0.606218 0.714143 0.583076
0.4 -0.69282 0.6 0.670165
0.45 -0.779423 0.43589 0.6944
0.5 -0.866025 1.49012e-08 0.680267
0 -0 1 0.71493
0.0642788 -0.0766044 0.994987 0.708128
0.128558 -0.153209 0.979796 0.704022
0.192836 -0.229813 0.953939 0.715496
0.257115 -0.306418 0.916515 0.714327
0.321394 -0.383022 0.866025 0.700388
0.385673 -0.459627 0.8 0.65101
0.449951 -0.536231 0.714143 0.577734
0.51423 -0.612836 0.6 0.659673
0.578509 -0.68944 0.43589 0.697339
0.642788 -0.766044 1.49012e-08 0.680267
0 -0 1 0.71493
0.0766044 -0.0642788 0.994987 0.710913
0.153209 -0.128558 0.979796 0.709958
0.229813 -0.192836 0.953939 0.716803
0.306418 -0.257115 0.916515 0.716068
0.383022 -0.321394 0.866025 0.704974
0.459627 -0.385673 0.8 0.672569
0.536231 -0.449951 0.714143 0.605687
0.612836 -0.51423 0.6 0.640081
0.68944 -0.578509 0.43589 0.696415
0.766044 -0.642788 1.49012e-08 0.680267
0 -0 1 0.71493
0.0866025 -0.05 0.994987 0.713714
0.173205 -0.1 0.979796 0.714103
0.259808 -0.15 0.953939 0.71462
0.34641 -0.2 0.916515 0.712932
0.433013 -0.25 0.866025 0.705419
0.519615 -0.3 0.8 0.688519
0.606218 -0.35 0.714143 0.641186
0.69282 -0.4 0.6 0.608394
0.779423 -0.45 0.43589 0.698808
0.866025 -0.5 1.49012e-08 0.680267
0 -0 1 0.71493
0.0939693 -0.034202 0.994987 0.716088
0.187939 -0.068404 0.979796 0.71628
0.281908 -0.102606 0.953939 0.712836
0.375877 -0.136808 0.916515 0.710349
0.469846 -0.17101 0.866025 0.703717
0.563816 -0.205212 0.8 0.694816
0.657785 -0.239414 0.714143 0.69114
0.751754 -0.273616 0.6 0.660163
0.845723 -0.307818 0.43589 0.670092
0.939693 -0.34202 1.49012e-08 0.680267
0 -0 1 0.71493
0.0984808 -0.0173648 0.994987 0.717867
0.196962 -0.0347296 0.979796 0.717472
0.295442 -0.0520945 0.953939 0.717129
0.393923 -0.0694593 0.916515 0.716349
0.492404 -0.0868241 0.866025 0.699293
0.590885 -0.104189 0.8 0.680363
0.689365 -0.121554 0.714143 0.707588
0.787846 -0.138919 0.6 0.706648
0.886327 -0.156283 0.43589 0.646896
0.984808 -0.173648 1.49012e-08 0.680267
0 -0 1 0.71493
0.1 -2.44929e-17 0.994987 0.718986
0.2 -4.89859e-17 0.979796 0.717838
0.3 -7.34788e-17 0.953939 0.719548
0.4 -9.79717e-17 0.916515 0.718819
0.5 -1.22465e-16 0.866025 0.705076
0.6 -1.46958e-16 0.8 0.690345
0.7 -1.71451e-16 0.714143 0.705464
0.8 -1.95943e-16 0.6 0.712165
0.9 -2.20436e-16 0.43589 0.705162
1 -2.44929e-16 1.49012e-08 0.680267
