0 0 1 0.666272
0.1 0 0.994987 0.696216
0.2 0 0.979796 0.710998
0.3 0 0.953939 0.709189
0.4 0 0.916515 0.706728
0.5 0 0.866025 0.680484
0.6 0 0.8 0.61309
0.7 0 0.714143 0.663881
0.8 0 0.6 0.697648
0.9 0 0.43589 0.699948
1 0 1.49012e-08 0.605958
0 0 1 0.666272
0.0984808 0.0173648 0.994987 0.691734
0.196962 0.0347296 0.979796 0.706588
0.295442 0.0520945 0.953939 0.709009
0.393923 0.0694593 0.916515 0.702472
0.492404 0.0868241 0.866025 0.680449
0.590885 0.104189 0.8 0.628288
0.689365 0.121554 0.714143 0.647475
0.787846 0.138919 0.6 0.669066
0.886327 0.156283 0.43589 0.64414
0.984808 0.173648 1.49012e-08 0.605958
0 0 1 0.666272
0.0939693 0.034202 0.994987 0.686071
0.187939 0.068404 0.979796 0.698985
0.281908 0.102606 0.953939 0.704374
0.375877 0.136808 0.916515 0.697926
0.469846 0.17101 0.866025 0.677274
0.563816 0.205212 0.8 0.632207
0.657785 0.239414 0.714143 0.59814
0.751754 0.273616 0.6 0.584477
0.845723 0.307818 0.43589 0.621518
0.939693 0.34202 1.49012e-08 0.605958
0 0 1 0.666272
0.0866025 0.05 0.994987 0.679312
0.173205 0.1 0.979796 0.68758
0.259808 0.15 0.953939 0.693564
0.34641 0.2 0.916515 0.689724
0.433013 0.25 0.866025 0.66736
0.519615 0.3 0.8 0.61287
0.606218 0.35 0.714143 0.499991
0.69282 0.4 0.6 0.410076
0.779423 0.45 0.43589 0.593948
0.866025 0.5 1.49012e-08 0.605958
0 0 1 0.666272
0.0766044 0.0642788 0.994987 0.671819
0.153209 0.128558 0.979796 0.672527
0.229813 0.192836 0.953939 0.676439
0.306418 0.257115 0.916515 0.672588
0.383022 0.321394 0.866025 0.654045
0.459627 0.385673 0.8 0.601975
0.536231 0.449951 0.714143 0.478204
0.612836 0.51423 0.6 0.41807
0.68944 0.578509 0.43589 0.607307
0.766044 0.642788 1.49012e-08 0.605958
0 0 1 0.666272
0.0642788 0.0766044 0.994987 0.663977
0.128558 0.153209 0.979796 0.657664
0.192836 0.229813 0.953939 0.657301
0.257115 0.306418 0.916515 0.652162
0.321394 0.383022 0.866025 0.647332
0.385673 0.459627 0.8 0.621731
0.449951 0.536231 0.714143 0.561806
0.51423 0.612836 0.6 0.56641
0.578509 0.68944 0.43589 0.630354
0.642788 0.766044 1.49012e-08 0.605958
0 0 1 0.666272
0.05 0.0866025 0.994987 0.656064
0.1 0.173205 0.979796 0.647397
0.15 0.259808 0.953939 0.643602
0.2 0.34641 0.916515 0.65471
0.25 0.433013 0.866025 0.66732
0.3 0.519615 0.8 0.654858
0.35 0.606218 0.714143 0.623741
0.4 0.69282 0.6 0.635059
0.45 0.779423 0.43589 0.664246
0.5 0.866025 1.49012e-08 0.605958
0 0 1 0.666272
0.034202 0.0939693 0.994987 0.648656
0.068404 0.187939 0.979796 0.641644
0.102606 0.281908 0.953939 0.650725
0.136808 0.375877 0.916515 0.67687
0.17101 0.469846 0.866025 0.6896
0.205212 0.563816 0.8 0.678263
0.239414 0.657785 0.714143 0.646329
0.273616 0.751754 0.6 0.66723
0.307818 0.845723 0.43589 0.687462
0.34202 0.939693 1.49012e-08 0.605958
0 0 1 0.666272
0.0173648 0.0984808 0.994987 0.642155
0.0347296 0.196962 0.979796 0.644687
0.0520945 0.295442 0.953939 0.670069
0.0694593 0.393923 0.916515 0.696159
0.0868241 0.492404 0.866025 0.703967
0.104189 0.590885 0.8 0.68981
0.121554 0.689365 0.714143 0.64934
0.138919 0.787846 0.6 0.680356
0.156283 0.886327 0.43589 0.699768
0.173648 0.984808 1.49012e-08 0.605958
0 0 1 0.666272
6.12323e-18 0.1 0.994987 0.638195
1.22465e-17 0.2 0.979796 0.651328
1.83697e-17 0.3 0.953939 0.68425
2.44929e-17 0.4 0.916515 0.70839
3.06162e-17 0.5 0.866025 0.710991
3.67394e-17 0.6 0.8 0.696067
4.28626e-17 0.7 0.714143 0.648566
4.89859e-17 0.8 0.6 0.682011
5.51091e-17 0.9 0.43589 0.704448
6.12323e-17 1 1.49012e-08 0.605958
-0 0 1 0.666272
-0.0173648 0.0984808 0.994987 0.637954
-0.0347296 0.196962 0.979796 0.658113
-0.0520945 0.295442 0.953939 0.694383
-0.0694593 0.393923 0.916515 0.714264
-0.0868241 0.492404 0.866025 0.715041
-0.104189 0.590885 0.8 0.700752
-0.121554 0.689365 0.714143 0.647463
-0.138919 0.787846 0.6 0.673629
-0.156283 0.886327 0.43589 0.707106
-0.173648 0.984808 1.49012e-08 0.605958
-0 0 1 0.666272
-0.034202 0.0939693 0.994987 0.637514
-0.068404 0.187939 0.979796 0.662183
-0.102606 0.281908 0.953939 0.700147
-0.136808 0.375877 0.916515 0.715697
-0.17101 0.469846 0.866025 0.71579
-0.205212 0.563816 0.8 0.704747
-0.239414 0.657785 0.714143 0.653516
-0.273616 0.751754 0.6 0.664948
-0.307818 0.845723 0.43589 0.710943
-0.34202 0.939693 1.49012e-08 0.605958
-0 0 1 0.666272
-0.05 0.0866025 0.994987 0.635898
-0.1 0.173205 0.979796 0.662278
-0.15 0.259808 0.953939 0.702242
-0.2 0.34641 0.916515 0.714733
-0.25 0.433013 0.866025 0.711428
-0.3 0.519615 0.8 0.708348
-0.35 0.606218 0.714143 0.660131
-0.4 0.69282 0.6 0.651283
-0.45 0.779423 0.43589 0.713019
-0.5 0.866025 1.49012e-08 0.605958
-0 0 1 0.666272
-0.0642788 0.0766044 0.994987 0.633869
-0.128558 0.153209 0.979796 0.657615
-0.192836 0.229813 0.953939 0.701534
-0.257115 0.306418 0.916515 0.716059
-0.321394 0.383022 0.866025 0.712288
-0.385673 0.459627 0.8 0.714057
-0.449951 0.536231 0.714143 0.669937
-0.51423 0.612836 0.6 0.629949
-0.578509 0.68944 0.43589 0.710857
-0.642788 0.766044 1.49012e-08 0.605958
-0 0 1 0.666272
-0.0766044 0.0642788 0.994987 0.631638
-0.153209 0.128558 0.979796 0.64976
-0.229813 0.192836 0.953939 0.700152
-0.306418 0.257115 0.916515 0.718195
-0.383022 0.321394 0.866025 0.716114
-0.459627 0.385673 0.8 0.719061
-0.536231 0.449951 0.714143 0.699571
-0.612836 0.51423 0.6 0.637756
-0.68944 0.578509 0.43589 0.700662
-0.766044 0.642788 1.49012e-08 0.605958
-0 0 1 0.666272
-0.0866025 0.05 0.994987 0.629665
-0.173205 0.1 0.979796 0.646013
-0.259808 0.15 0.953939 0.698072
-0.34641 0.2 0.916515 0.718043
-0.433013 0.25 0.866025 0.716444
-0.519615 0.3 0.8 0.718345
-0.606218 0.35 0.714143 0.714673
-0.69282 0.4 0.6 0.666662
-0.779423 0.45 0.43589 0.670494
-0.866025 0.5 1.49012e-08 0.605958
-0 0 1 0.666272
-0.0939693 0.034202 0.994987 0.628648
-0.187939 0.068404 0.979796 0.647768
-0.281908 0.102606 0.953939 0.693636
-0.375877 0.136808 0.916515 0.71545
-0.469846 0.17101 0.866025 0.717813
-0.563816 0.205212 0.8 0.697584
-0.657785 0.239414 0.714143 0.712662
-0.751754 0.273616 0.6 0.700682
-0.845723 0.307818 0.43589 0.60831
-0.939693 0.34202 1.49012e-08 0.605958
-0 0 1 0.666272
-0.0984808 0.0173648 0.994987 0.629701
-0.196962 0.0347296 0.979796 0.646759
-0.295442 0.0520945 0.953939 0.684819
-0.393923 0.0694593 0.916515 0.709348
-0.492404 0.0868241 0.866025 0.715405
-0.590885 0.104189 0.8 0.703835
-0.689365 0.121554 0.714143 0.707348
-0.787846 0.138919 0.6 0.717649
-0.886327 0.156283 0.43589 0.688323
-0.984808 0.173648 1.49012e-08 0.605958
-0 0 1 0.666272
-0.1 1.22465e-17 0.994987 0.63167
-0.2 2.44929e-17 0.979796 0.641055
-0.3 3.67394e-17 0.953939 0.670606
-0.4 4.89859e-17 0.916515 0.693867
-0.5 6.12323e-17 0.866025 0.708301
-0.6 7.34788e-17 0.8 0.717629
-0.7 8.57253e-17 0.714143 0.718986
-0.8 9.79717e-17 0.6 0.708646
-0.9 1.10218e-16 0.43589 0.70872
-1 1.22465e-16 1.49012e-08 0.605958
-0 -0 1 0.666272
-0.0984808 -0.0173648 0.994987 0.634653
-0.196962 -0.0347296 0.979796 0.632863
-0.295442 -0.0520945 0.953939 0.651279
-0.393923 -0.0694593 0.916515 0.663114
-0.492404 -0.0868241 0.866025 0.689477
-0.590885 -0.104189 0.8 0.706201
-0.689365 -0.121554 0.714143 0.715011
-0.787846 -0.138919 0.6 0.710536
-0.886327 -0.156283 0.43589 0.704534
-0.984808 -0.173648 1.49012e-08 0.605958
-0 -0 1 0.666272
-0.0939693 -0.034202 0.994987 0.640316
-0.187939 -0.068404 0.979796 0.634136
-0.281908 -0.102606 0.953939 0.63524
-0.375877 -0.136808 0.916515 0.631253
-0.469846 -0.17101 0.866025 0.652289
-0.563816 -0.205212 0.8 0.667292
-0.657785 -0.239414 0.714143 0.671484
-0.751754 -0.273616 0.6 0.648564
-0.845723 -0.307818 0.43589 0.629972
-0.939693 -0.34202 1.49012e-08 0.605958
-0 -0 1 0.666272
-0.0866025 -0.05 0.994987 0.648744
-0.173205 -0.1 0.979796 0.644183
-0.259808 -0.15 0.953939 0.63084
-0.34641 -0.2 0.916515 0.605079
-0.433013 -0.25 0.866025 0.629909
-0.519615 -0.3 0.8 0.631801
-0.606218 -0.35 0.714143 0.635311
-0.69282 -0.4 0.6 0.630638
-0.779423 -0.45 0.43589 0.695866
-0.866025 -0.5 1.49012e-08 0.605958
-0 -0 1 0.666272
-0.0766044 -0.0642788 0.994987 0.657798
-0.153209 -0.128558 0.979796 0.658609
-0.229813 -0.192836 0.953939 0.644848
-0.306418 -0.257115 0.916515 0.625903
-0.383022 -0.321394 0.866025 0.651545
-0.459627 -0.385673 0.8 0.66681
-0.536231 -0.449951 0.714143 0.679847
-0.612836 -0.51423 0.6 0.696343
-0.68944 -0.578509 0.43589 0.710572
-0.766044 -0.642788 1.49012e-08 0.605958
-0 -0 1 0.666272
-0.0642788 -0.0766044 0.994987 0.666526
-0.128558 -0.153209 0.979796 0.673365
-0.192836 -0.229813 0.953939 0.668559
-0.257115 -0.306418 0.916515 0.666228
-0.321394 -0.383022 0.866025 0.685578
-0.385673 -0.459627 0.8 0.701959
-0.449951 -0.536231 0.714143 0.710159
-0.51423 -0.612836 0.6 0.708281
-0.578509 -0.68944 0.43589 0.693656
-0.642788 -0.766044 1.49012e-08 0.605958
-0 -0 1 0.666272
-0.05 -0.0866025 0.994987 0.674654
-0.1 -0.173205 0.979796 0.686592
-0.15 -0.259808 0.953939 0.689446
-0.2 -0.34641 0.916515 0.692642
-0.25 -0.433013 0.866025 0.70274
-0.3 -0.519615 0.8 0.713393
-0.35 -0.606218 0.714143 0.715741
-0.4 -0.69282 0.6 0.697503
-0.45 -0.779423 0.43589 0.703929
-0.5 -0.866025 1.49012e-08 0.605958
-0 -0 1 0.666272
-0.034202 -0.0939693 0.994987 0.682035
-0.068404 -0.187939 0.979796 0.697358
-0.102606 -0.281908 0.953939 0.70334
-0.136808 -0.375877 0.916515 0.706799
-0.17101 -0.469846 0.866025 0.706375
-0.205212 -0.563816 0.8 0.710706
-0.239414 -0.657785 0.714143 0.708671
-0.273616 -0.751754 0.6 0.680998
-0.307818 -0.845723 0.43589 0.70889
-0.34202 -0.939693 1.49012e-08 0.605958
-0 -0 1 0.666272
-0.0173648 -0.0984808 0.994987 0.688356
-0.0347296 -0.196962 0.979796 0.704841
-0.0520945 -0.295442 0.953939 0.710727
-0.0694593 -0.393923 0.916515 0.712229
-0.0868241 -0.492404 0.866025 0.706461
-0.104189 -0.590885 0.8 0.695882
-0.121554 -0.689365 0.714143 0.702236
-0.138919 -0.787846 0.6 0.702892
-0.156283 -0.886327 0.43589 0.704062
-0.173648 -0.984808 1.49012e-08 0.605958
-0 -0 1 0.666272
-1.83697e-17 -0.1 0.994987 0.693521
-3.67394e-17 -0.2 0.979796 0.709165
-5.51091e-17 -0.3 0.953939 0.713779
-7.34788e-17 -0.4 0.916515 0.710093
-9.18485e-17 -0.5 0.866025 0.702087
-1.10218e-16 -0.6 0.8 0.683069
-1.28588e-16 -0.7 0.714143 0.709596
-1.46958e-16 -0.8 0.6 0.706754
-1.65327e-16 -0.9 0.43589 0.699827
-1.83697e-16 -1 1.49012e-08 0.605958
0 -0 1 0.666272
0.0173648 -0.0984808 0.994987 0.697549
0.0347296 -0.196962 0.979796 0.712125
0.0520945 -0.295442 0.953939 0.713487
0.0694593 -0.393923 0.916515 0.697324
0.0868241 -0.492404 0.866025 0.701302
0.104189 -0.590885 0.8 0.704853
0.121554 -0.689365 0.714143 0.707837
0.138919 -0.787846 0.6 0.704685
0.156283 -0.886327 0.43589 0.686389
0.173648 -0.984808 1.49012e-08 0.605958
0 -0 1 0.666272
0.034202 -0.0939693 0.994987 0.700506
0.068404 -0.187939 0.979796 0.713775
0.102606 -0.281908 0.953939 0.712018
0.136808 -0.375877 0.916515 0.692269
0.17101 -0.469846 0.866025 0.703996
0.205212 -0.563816 0.8 0.707002
0.239414 -0.657785 0.714143 0.705458
0.273616 -0.751754 0.6 0.690275
0.307818 -0.845723 0.43589 0.66235
0.34202 -0.939693 1.49012e-08 0.605958
0 -0 1 0.666272
0.05 -0.0866025 0.994987 0.70247
0.1 -0.173205 0.979796 0.715059
0.15 -0.259808 0.953939 0.709287
0.2 -0.34641 0.916515 0.701011
0.25 -0.433013 0.866025 0.706513
0.3 -0.519615 0.8 0.701866
0.35 -0.606218 0.714143 0.693246
0.4 -0.69282 0.6 0.66316
0.45 -0.779423 0.43589 0.624585
0.5 -0.866025 1.49012e-08 0.605958
0 -0 1 0.666272
0.0642788 -0.0766044 0.994987 0.703534
0.128558 -0.153209 0.979796 0.714925
0.192836 -0.229813 0.953939 0.705307
0.257115 -0.306418 0.916515 0.709396
0.321394 -0.383022 0.866025 0.702987
0.385673 -0.459627 0.8 0.684745
0.449951 -0.536231 0.714143 0.660319
0.51423 -0.612836 0.6 0.635303
0.578509 -0.68944 0.43589 0.570954
0.642788 -0.766044 1.49012e-08 0.605958
0 -0 1 0.666272
0.0766044 -0.0642788 0.994987 0.703777
0.153209 -0.128558 0.979796 0.714528
0.229813 -0.192836 0.953939 0.702043
0.306418 -0.257115 0.916515 0.710965
0.383022 -0.321394 0.866025 0.699446
0.459627 -0.385673 0.8 0.656321
0.536231 -0.449951 0.714143 0.588183
0.612836 -0.51423 0.6 0.617402
0.68944 -0.578509 0.43589 0.615206
0.766044 -0.642788 1.49012e-08 0.605958
0 -0 1 0.666272
0.0866025 -0.05 0.994987 0.703221
0.173205 -0.1 0.979796 0.714424
0.259808 -0.15 0.953939 0.703373
0.34641 -0.2 0.916515 0.711336
0.433013 -0.25 0.866025 0.694325
0.519615 -0.3 0.8 0.639312
0.606218 -0.35 0.714143 0.546052
0.69282 -0.4 0.6 0.637078
0.779423 -0.45 0.43589 0.682076
0.866025 -0.5 1.49012e-08 0.605958
0 -0 1 0.666272
0.0939693 -0.034202 0.994987 0.701855
0.187939 -0.068404 0.979796 0.714209
0.281908 -0.102606 0.953939 0.707055
0.375877 -0.136808 0.916515 0.710843
0.469846 -0.17101 0.866025 0.689238
0.563816 -0.205212 0.8 0.63406
0.657785 -0.239414 0.714143 0.61813
0.751754 -0.273616 0.6 0.672626
0.845723 -0.307818 0.43589 0.702781
0.939693 -0.34202 1.49012e-08 0.605958
0 -0 1 0.666272
0.0984808 -0.0173648 0.994987 0.699562
0.196962 -0.0347296 0.979796 0.713257
0.295442 -0.0520945 0.953939 0.706494
0.393923 -0.0694593 0.916515 0.709223
0.492404 -0.0868241 0.866025 0.683819
0.590885 -0.104189 0.8 0.621202
0.689365 -0.121554 0.714143 0.659468
0.787846 -0.138919 0.6 0.701495
0.886327 -0.156283 0.43589 0.700295
0.984808 -0.173648 1.49012e-08 0.605958
0 -0 1 0.666272
0.1 -2.44929e-17 0.994987 0.696216
0.2 -4.89859e-17 0.979796 0.710998
0.3 -7.34788e-17 0.953939 0.709189
0.4 -9.79717e-17 0.916515 0.706728
0.5 -1.22465e-16 0.866025 0.680484
0.6 -1.46958e-16 0.8 0.61309
0.7 -1.71451e-16 0.714143 0.663881
0.8 -1.95943e-16 0.6 0.697648
0.9 -2.20436e-16 0.43589 0.699948
1 -2.44929e-16 1.49012e-08 0.605958
