0 0 1 0.710143
0.1 0 0.994987 0.708726
0.2 0 0.979796 0.711474
0.3 0 0.953939 0.712471
0.4 0 0.916515 0.706678
0.5 0 0.866025 0.70339
0.6 0 0.8 0.679297
0.7 0 0.714143 0.676522
0.8 0 0.6 0.709282
0.9 0 0.43589 0.717267
1 0 1.49012e-08 0.666914
0 0 1 0.710143
0.0984808 0.0173648 0.994987 0.707944
0.196962 0.0347296 0.979796 0.705741
0.295442 0.0520945 0.953939 0.705792
0.393923 0.0694593 0.916515 0.698447
0.492404 0.0868241 0.866025 0.709168
0.590885 0.104189 0.8 0.708463
0.689365 0.121554 0.714143 0.697276
0.787846 0.138919 0.6 0.700454
0.886327 0.156283 0.43589 0.692483
0.984808 0.173648 1.49012e-08 0.666914
0 0 1 0.710143
0.0939693 0.034202 0.994987 0.707137
0.187939 0.068404 0.979796 0.700481
0.281908 0.102606 0.953939 0.699364
0.375877 0.136808 0.916515 0.698418
0.469846 0.17101 0.866025 0.712863
0.563816 0.205212 0.8 0.719815
0.657785 0.239414 0.714143 0.717759
0.751754 0.273616 0.6 0.71278
0.845723 0.307818 0.43589 0.685321
0.939693 0.34202 1.49012e-08 0.666914
0 0 1 0.710143
0.0866025 0.05 0.994987 0.706339
0.173205 0.1 0.979796 0.702435
0.259808 0.15 0.953939 0.698957
0.34641 0.2 0.916515 0.69848
0.433013 0.25 0.866025 0.70845
0.519615 0.3 0.8 0.715616
0.606218 0.35 0.714143 0.708002
0.69282 0.4 0.6 0.698907
0.779423 0.45 0.43589 0.703971
0.866025 0.5 1.49012e-08 0.666914
0 0 1 0.710143
0.0766044 0.0642788 0.994987 0.705468
0.153209 0.128558 0.979796 0.707412
0.229813 0.192836 0.953939 0.706263
0.306418 0.257115 0.916515 0.70382
0.383022 0.321394 0.866025 0.70703
0.459627 0.385673 0.8 0.708813
0.536231 0.449951 0.714143 0.700244
0.612836 0.51423 0.6 0.707877
0.68944 0.578509 0.43589 0.716041
0.766044 0.642788 1.49012e-08 0.666914
0 0 1 0.710143
0.0642788 0.0766044 0.994987 0.705305
0.128558 0.153209 0.979796 0.710643
0.192836 0.229813 0.953939 0.710086
0.257115 0.306418 0.916515 0.709223
0.321394 0.383022 0.866025 0.70949
0.385673 0.459627 0.8 0.710582
0.449951 0.536231 0.714143 0.710042
0.51423 0.612836 0.6 0.690455
0.578509 0.68944 0.43589 0.716125
0.642788 0.766044 1.49012e-08 0.666914
0 0 1 0.710143
0.05 0.0866025 0.994987 0.706611
0.1 0.173205 0.979796 0.712071
0.15 0.259808 0.953939 0.708803
0.2 0.34641 0.916515 0.708888
0.25 0.433013 0.866025 0.710976
0.3 0.519615 0.8 0.70466
0.35 0.606218 0.714143 0.70734
0.4 0.69282 0.6 0.714514
0.45 0.779423 0.43589 0.718699
0.5 0.866025 1.49012e-08 0.666914
0 0 1 0.710143
0.034202 0.0939693 0.994987 0.708189
0.068404 0.187939 0.979796 0.712494
0.102606 0.281908 0.953939 0.706519
0.136808 0.375877 0.916515 0.705945
0.17101 0.469846 0.866025 0.703787
0.205212 0.563816 0.8 0.702882
0.239414 0.657785 0.714143 0.705608
0.273616 0.751754 0.6 0.71451
0.307818 0.845723 0.43589 0.713558
0.34202 0.939693 1.49012e-08 0.666914
0 0 1 0.710143
0.0173648 0.0984808 0.994987 0.709201
0.0347296 0.196962 0.979796 0.712263
0.0520945 0.295442 0.953939 0.70514
0.0694593 0.393923 0.916515 0.695007
0.0868241 0.492404 0.866025 0.687599
0.104189 0.590885 0.8 0.693891
0.121554 0.689365 0.714143 0.69924
0.138919 0.787846 0.6 0.709979
0.156283 0.886327 0.43589 0.709172
0.173648 0.984808 1.49012e-08 0.666914
0 0 1 0.710143
6.12323e-18 0.1 0.994987 0.709518
1.22465e-17 0.2 0.979796 0.710889
1.83697e-17 0.3 0.953939 0.698018
2.44929e-17 0.4 0.916515 0.678113
3.06162e-17 0.5 0.866025 0.653872
3.67394e-17 0.6 0.8 0.675988
4.28626e-17 0.7 0.714143 0.70302
4.89859e-17 0.8 0.6 0.709439
5.51091e-17 0.9 0.43589 0.701975
6.12323e-17 1 1.49012e-08 0.666914
-0 0 1 0.710143
-0.0173648 0.0984808 0.994987 0.709181
-0.0347296 0.196962 0.979796 0.708738
-0.0520945 0.295442 0.953939 0.693311
-0.0694593 0.393923 0.916515 0.656462
-0.0868241 0.492404 0.866025 0.614606
-0.104189 0.590885 0.8 0.667482
-0.121554 0.689365 0.714143 0.701223
-0.138919 0.787846 0.6 0.71044
-0.156283 0.886327 0.43589 0.703002
-0.173648 0.984808 1.49012e-08 0.666914
-0 0 1 0.710143
-0.034202 0.0939693 0.994987 0.708232
-0.068404 0.187939 0.979796 0.706449
-0.102606 0.281908 0.953939 0.689867
-0.136808 0.375877 0.916515 0.639815
-0.17101 0.469846 0.866025 0.625363
-0.205212 0.563816 0.8 0.67519
-0.239414 0.657785 0.714143 0.702244
-0.273616 0.751754 0.6 0.708434
-0.307818 0.845723 0.43589 0.709
-0.34202 0.939693 1.49012e-08 0.666914
-0 0 1 0.710143
-0.05 0.0866025 0.994987 0.706906
-0.1 0.173205 0.979796 0.705396
-0.15 0.259808 0.953939 0.692018
-0.2 0.34641 0.916515 0.654682
-0.25 0.433013 0.866025 0.657408
-0.3 0.519615 0.8 0.689524
-0.35 0.606218 0.714143 0.705801
-0.4 0.69282 0.6 0.712892
-0.45 0.779423 0.43589 0.71517
-0.5 0.866025 1.49012e-08 0.666914
-0 0 1 0.710143
-0.0642788 0.0766044 0.994987 0.706565
-0.128558 0.153209 0.979796 0.703868
-0.192836 0.229813 0.953939 0.696947
-0.257115 0.306418 0.916515 0.681419
-0.321394 0.383022 0.866025 0.685754
-0.385673 0.459627 0.8 0.700463
-0.449951 0.536231 0.714143 0.708406
-0.51423 0.612836 0.6 0.715038
-0.578509 0.68944 0.43589 0.718049
-0.642788 0.766044 1.49012e-08 0.666914
-0 0 1 0.710143
-0.0766044 0.0642788 0.994987 0.707885
-0.153209 0.128558 0.979796 0.701207
-0.229813 0.192836 0.953939 0.701146
-0.306418 0.257115 0.916515 0.69764
-0.383022 0.321394 0.866025 0.700084
-0.459627 0.385673 0.8 0.70315
-0.536231 0.449951 0.714143 0.707655
-0.612836 0.51423 0.6 0.709164
-0.68944 0.578509 0.43589 0.706719
-0.766044 0.642788 1.49012e-08 0.666914
-0 0 1 0.710143
-0.0866025 0.05 0.994987 0.709169
-0.173205 0.1 0.979796 0.702372
-0.259808 0.15 0.953939 0.702712
-0.34641 0.2 0.916515 0.703336
-0.433013 0.25 0.866025 0.706524
-0.519615 0.3 0.8 0.70831
-0.606218 0.35 0.714143 0.717087
-0.69282 0.4 0.6 0.709763
-0.779423 0.45 0.43589 0.704949
-0.866025 0.5 1.49012e-08 0.666914
-0 0 1 0.710143
-0.0939693 0.034202 0.994987 0.710241
-0.187939 0.068404 0.979796 0.706143
-0.281908 0.102606 0.953939 0.706903
-0.375877 0.136808 0.916515 0.707587
-0.469846 0.17101 0.866025 0.708775
-0.563816 0.205212 0.8 0.707473
-0.657785 0.239414 0.714143 0.713033
-0.751754 0.273616 0.6 0.715829
-0.845723 0.307818 0.43589 0.714441
-0.939693 0.34202 1.49012e-08 0.666914
-0 0 1 0.710143
-0.0984808 0.0173648 0.994987 0.711076
-0.196962 0.0347296 0.979796 0.707345
-0.295442 0.0520945 0.953939 0.710914
-0.393923 0.0694593 0.916515 0.712622
-0.492404 0.0868241 0.866025 0.704145
-0.590885 0.104189 0.8 0.706754
-0.689365 0.121554 0.714143 0.700811
-0.787846 0.138919 0.6 0.693852
-0.886327 0.156283 0.43589 0.696257
-0.984808 0.173648 1.49012e-08 0.666914
-0 0 1 0.710143
-0.1 1.22465e-17 0.994987 0.711495
-0.2 2.44929e-17 0.979796 0.706705
-0.3 3.67394e-17 0.953939 0.709993
-0.4 4.89859e-17 0.916515 0.715679
-0.5 6.12323e-17 0.866025 0.717525
-0.6 7.34788e-17 0.8 0.709907
-0.7 8.57253e-17 0.714143 0.683684
-0.8 9.79717e-17 0.6 0.648943
-0.9 1.10218e-16 0.43589 0.675093
-1 1.22465e-16 1.49012e-08 0.666914
-0 -0 1 0.710143
-0.0984808 -0.0173648 0.994987 0.711593
-0.196962 -0.0347296 0.979796 0.705122
-0.295442 -0.0520945 0.953939 0.703141
-0.393923 -0.0694593 0.916515 0.717598
-0.492404 -0.0868241 0.866025 0.71951
-0.590885 -0.104189 0.8 0.707823
-0.689365 -0.121554 0.714143 0.66468
-0.787846 -0.138919 0.6 0.639443
-0.886327 -0.156283 0.43589 0.703874
-0.984808 -0.173648 1.49012e-08 0.666914
-0 -0 1 0.710143
-0.0939693 -0.034202 0.994987 0.711258
-0.187939 -0.068404 0.979796 0.70629
-0.281908 -0.102606 0.953939 0.689473
-0.375877 -0.136808 0.916515 0.716362
-0.469846 -0.17101 0.866025 0.716512
-0.563816 -0.205212 0.8 0.694395
-0.657785 -0.239414 0.714143 0.666094
-0.751754 -0.273616 0.6 0.686779
-0.845723 -0.307818 0.43589 0.689555
-0.939693 -0.34202 1.49012e-08 0.666914
-0 -0 1 0.710143
-0.0866025 -0.05 0.994987 0.710321
-0.173205 -0.1 0.979796 0.708109
-0.259808 -0.15 0.953939 0.70414
-0.34641 -0.2 0.916515 0.713035
-0.433013 -0.25 0.866025 0.712084
-0.519615 -0.3 0.8 0.683097
-0.606218 -0.35 0.714143 0.659965
-0.69282 -0.4 0.6 0.691887
-0.779423 -0.45 0.43589 0.66017
-0.866025 -0.5 1.49012e-08 0.666914
-0 -0 1 0.710143
-0.0766044 -0.0642788 0.994987 0.70865
-0.153209 -0.128558 0.979796 0.708217
-0.229813 -0.192836 0.953939 0.708265
-0.306418 -0.257115 0.916515 0.711282
-0.383022 -0.321394 0.866025 0.703924
-0.459627 -0.385673 0.8 0.675214
-0.536231 -0.449951 0.714143 0.653588
-0.612836 -0.51423 0.6 0.67343
-0.68944 -0.578509 0.43589 0.683102
-0.766044 -0.642788 1.49012e-08 0.666914
-0 -0 1 0.710143
-0.0642788 -0.0766044 0.994987 0.706187
-0.128558 -0.153209 0.979796 0.706073
-0.192836 -0.229813 0.953939 0.704676
-0.257115 -0.306418 0.916515 0.702591
-0.321394 -0.383022 0.866025 0.690145
-0.385673 -0.459627 0.8 0.647978
-0.449951 -0.536231 0.714143 0.604628
-0.51423 -0.612836 0.6 0.670258
-0.578509 -0.68944 0.43589 0.697781
-0.642788 -0.766044 1.49012e-08 0.666914
-0 -0 1 0.710143
-0.05 -0.0866025 0.994987 0.702998
-0.1 -0.173205 0.979796 0.700686
-0.15 -0.259808 0.953939 0.695328
-0.2 -0.34641 0.916515 0.687578
-0.25 -0.433013 0.866025 0.676622
-0.3 -0.519615 0.8 0.638997
-0.35 -0.606218 0.714143 0.624677
-0.4 -0.69282 0.6 0.671851
-0.45 -0.779423 0.43589 0.702917
-0.5 -0.866025 1.49012e-08 0.666914
-0 -0 1 0.710143
-0.034202 -0.0939693 0.994987 0.699214
-0.068404 -0.187939 0.979796 0.693267
-0.102606 -0.281908 0.953939 0.695408
-0.136808 -0.375877 0.916515 0.68847
-0.17101 -0.469846 0.866025 0.68001
-0.205212 -0.563816 0.8 0.653438
-0.239414 -0.657785 0.714143 0.621657
-0.273616 -0.751754 0.6 0.658634
-0.307818 -0.845723 0.43589 0.70358
-0.34202 -0.939693 1.49012e-08 0.666914
-0 -0 1 0.710143
-0.0173648 -0.0984808 0.994987 0.695283
-0.0347296 -0.196962 0.979796 0.697051
-0.0520945 -0.295442 0.953939 0.702791
-0.0694593 -0.393923 0.916515 0.695442
-0.0868241 -0.492404 0.866025 0.68936
-0.104189 -0.590885 0.8 0.661569
-0.121554 -0.689365 0.714143 0.62541
-0.138919 -0.787846 0.6 0.659567
-0.156283 -0.886327 0.43589 0.704226
-0.173648 -0.984808 1.49012e-08 0.666914
-0 -0 1 0.710143
-1.83697e-17 -0.1 0.994987 0.693387
-3.67394e-17 -0.2 0.979796 0.701941
-5.51091e-17 -0.3 0.953939 0.709186
-7.34788e-17 -0.4 0.916515 0.704793
-9.18485e-17 -0.5 0.866025 0.696332
-1.10218e-16 -0.6 0.8 0.667817
-1.28588e-16 -0.7 0.714143 0.623856
-1.46958e-16 -0.8 0.6 0.663836
-1.65327e-16 -0.9 0.43589 0.706773
-1.83697e-16 -1 1.49012e-08 0.666914
0 -0 1 0.710143
0.0173648 -0.0984808 0.994987 0.696314
0.0347296 -0.196962 0.979796 0.706623
0.0520945 -0.295442 0.953939 0.713876
0.0694593 -0.393923 0.916515 0.709398
0.0868241 -0.492404 0.866025 0.698516
0.104189 -0.590885 0.8 0.678996
0.121554 -0.689365 0.714143 0.624895
0.138919 -0.787846 0.6 0.661835
0.156283 -0.886327 0.43589 0.708598
0.173648 -0.984808 1.49012e-08 0.666914
0 -0 1 0.710143
0.034202 -0.0939693 0.994987 0.700708
0.068404 -0.187939 0.979796 0.710875
0.102606 -0.281908 0.953939 0.716824
0.136808 -0.375877 0.916515 0.711189
0.17101 -0.469846 0.866025 0.702717
0.205212 -0.563816 0.8 0.691476
0.239414 -0.657785 0.714143 0.663063
0.273616 -0.751754 0.6 0.662181
0.307818 -0.845723 0.43589 0.705366
0.34202 -0.939693 1.49012e-08 0.666914
0 -0 1 0.710143
0.05 -0.0866025 0.994987 0.704386
0.1 -0.173205 0.979796 0.714775
0.15 -0.259808 0.953939 0.717969
0.2 -0.34641 0.916515 0.707089
0.25 -0.433013 0.866025 0.701785
0.3 -0.519615 0.8 0.700681
0.35 -0.606218 0.714143 0.696203
0.4 -0.69282 0.6 0.67277
0.45 -0.779423 0.43589 0.697765
0.5 -0.866025 1.49012e-08 0.666914
0 -0 1 0.710143
0.0642788 -0.0766044 0.994987 0.706941
0.128558 -0.153209 0.979796 0.71731
0.192836 -0.229813 0.953939 0.717694
0.257115 -0.306418 0.916515 0.699586
0.321394 -0.383022 0.866025 0.699666
0.385673 -0.459627 0.8 0.70246
0.449951 -0.536231 0.714143 0.713382
0.51423 -0.612836 0.6 0.688367
0.578509 -0.68944 0.43589 0.681825
0.642788 -0.766044 1.49012e-08 0.666914
0 -0 1 0.710143
0.0766044 -0.0642788 0.994987 0.70851
0.153209 -0.128558 0.979796 0.718711
0.229813 -0.192836 0.953939 0.7183
0.306418 -0.257115 0.916515 0.703001
0.383022 -0.321394 0.866025 0.692852
0.459627 -0.385673 0.8 0.706106
0.536231 -0.449951 0.714143 0.71663
0.612836 -0.51423 0.6 0.70979
0.68944 -0.578509 0.43589 0.656036
0.766044 -0.642788 1.49012e-08 0.666914
0 -0 1 0.710143
0.0866025 -0.05 0.994987 0.709344
0.173205 -0.1 0.979796 0.718822
0.259808 -0.15 0.953939 0.719537
0.34641 -0.2 0.916515 0.706532
0.433013 -0.25 0.866025 0.677526
0.519615 -0.3 0.8 0.697256
0.606218 -0.35 0.714143 0.717983
0.69282 -0.4 0.6 0.720932
0.779423 -0.45 0.43589 0.680204
0.866025 -0.5 1.49012e-08 0.666914
0 -0 1 0.710143
0.0939693 -0.034202 0.994987 0.709586
0.187939 -0.068404 0.979796 0.718012
0.281908 -0.102606 0.953939 0.719012
0.375877 -0.136808 0.916515 0.708757
0.469846 -0.17101 0.866025 0.673766
0.563816 -0.205212 0.8 0.683303
0.657785 -0.239414 0.714143 0.705842
0.751754 -0.273616 0.6 0.715357
0.845723 -0.307818 0.43589 0.712108
0.939693 -0.34202 1.49012e-08 0.666914
0 -0 1 0.710143
0.0984808 -0.0173648 0.994987 0.709326
0.196962 -0.0347296 0.979796 0.715576
0.295442 -0.0520945 0.953939 0.716162
0.393923 -0.0694593 0.916515 0.710536
0.492404 -0.0868241 0.866025 0.691552
0.590885 -0.104189 0.8 0.673111
0.689365 -0.121554 0.714143 0.69638
0.787846 -0.138919 0.6 0.710998
0.886327 -0.156283 0.43589 0.712329
0.984808 -0.173648 1.49012e-08 0.666914
0 -0 1 0.710143
0.1 -2.44929e-17 0.994987 0.708726
0.2 -4.89859e-17 0.979796 0.711474
0.3 -7.34788e-17 0.953939 0.712471
0.4 -9.79717e-17 0.916515 0.706678
0.5 -1.22465e-16 0.866025 0.70339
0.6 -1.46958e-16 0.8 0.679297
0.7 -1.71451e-16 0.714143 0.676522
0.8 -1.95943e-16 0.6 0.709282
0.9 -2.20436e-16 0.43589 0.717267
1 -2.44929e-16 1.49012e-08 0.666914
