0 0 1 0.706489
0.1 0 0.994987 0.704196
0.2 0 0.979796 0.688422
0.3 0 0.953939 0.668718
0.4 0 0.916515 0.678089
0.5 0 0.866025 0.696823
0.6 0 0.8 0.702215
0.7 0 0.714143 0.697497
0.8 0 0.6 0.714032
0.9 0 0.43589 0.717665
1 0 1.49012e-08 0.696336
0 0 1 0.706489
0.0984808 0.0173648 0.994987 0.704567
0.196962 0.0347296 0.979796 0.685747
0.295442 0.0520945 0.953939 0.66233
0.393923 0.0694593 0.916515 0.689731
0.492404 0.0868241 0.866025 0.71166
0.590885 0.104189 0.8 0.711731
0.689365 0.121554 0.714143 0.696252
0.787846 0.138919 0.6 0.695489
0.886327 0.156283 0.43589 0.708498
0.984808 0.173648 1.49012e-08 0.696336
0 0 1 0.706489
0.0939693 0.034202 0.994987 0.704726
0.187939 0.068404 0.979796 0.683506
0.281908 0.102606 0.953939 0.667986
0.375877 0.136808 0.916515 0.691656
0.469846 0.17101 0.866025 0.715428
0.563816 0.205212 0.8 0.717899
0.657785 0.239414 0.714143 0.71084
0.751754 0.273616 0.6 0.695727
0.845723 0.307818 0.43589 0.668146
0.939693 0.34202 1.49012e-08 0.696336
0 0 1 0.706489
0.0866025 0.05 0.994987 0.70485
0.173205 0.1 0.979796 0.682138
0.259808 0.15 0.953939 0.663043
0.34641 0.2 0.916515 0.688511
0.433013 0.25 0.866025 0.715265
0.519615 0.3 0.8 0.72146
0.606218 0.35 0.714143 0.716443
0.69282 0.4 0.6 0.696906
0.779423 0.45 0.43589 0.689284
0.866025 0.5 1.49012e-08 0.696336
0 0 1 0.706489
0.0766044 0.0642788 0.994987 0.70511
0.153209 0.128558 0.979796 0.679876
0.229813 0.192836 0.953939 0.658544
0.306418 0.257115 0.916515 0.683188
0.383022 0.321394 0.866025 0.710334
0.459627 0.385673 0.8 0.714899
0.536231 0.449951 0.714143 0.718834
0.612836 0.51423 0.6 0.712292
0.68944 0.578509 0.43589 0.691738
0.766044 0.642788 1.49012e-08 0.696336
0 0 1 0.706489
0.0642788 0.0766044 0.994987 0.70561
0.128558 0.153209 0.979796 0.677856
0.192836 0.229813 0.953939 0.65325
0.257115 0.306418 0.916515 0.670687
0.321394 0.383022 0.866025 0.705086
0.385673 0.459627 0.8 0.719879
0.449951 0.536231 0.714143 0.721522
0.51423 0.612836 0.6 0.709585
0.578509 0.68944 0.43589 0.709365
0.642788 0.766044 1.49012e-08 0.696336
0 0 1 0.706489
0.05 0.0866025 0.994987 0.706392
0.1 0.173205 0.979796 0.678403
0.15 0.259808 0.953939 0.651566
0.2 0.34641 0.916515 0.64512
0.25 0.433013 0.866025 0.700775
0.3 0.519615 0.8 0.719961
0.35 0.606218 0.714143 0.71696
0.4 0.69282 0.6 0.694677
0.45 0.779423 0.43589 0.715208
0.5 0.866025 1.49012e-08 0.696336
0 0 1 0.706489
0.034202 0.0939693 0.994987 0.70746
0.068404 0.187939 0.979796 0.680827
0.102606 0.281908 0.953939 0.654206
0.136808 0.375877 0.916515 0.65522
0.17101 0.469846 0.866025 0.695858
0.205212 0.563816 0.8 0.716134
0.239414 0.657785 0.714143 0.714939
0.273616 0.751754 0.6 0.679122
0.307818 0.845723 0.43589 0.712754
0.34202 0.939693 1.49012e-08 0.696336
0 0 1 0.706489
0.0173648 0.0984808 0.994987 0.708716
0.0347296 0.196962 0.979796 0.687842
0.0520945 0.295442 0.953939 0.661825
0.0694593 0.393923 0.916515 0.657174
0.0868241 0.492404 0.866025 0.685432
0.104189 0.590885 0.8 0.706168
0.121554 0.689365 0.714143 0.704451
0.138919 0.787846 0.6 0.691798
0.156283 0.886327 0.43589 0.714643
0.173648 0.984808 1.49012e-08 0.696336
0 0 1 0.706489
6.12323e-18 0.1 0.994987 0.709981
1.22465e-17 0.2 0.979796 0.695917
1.83697e-17 0.3 0.953939 0.672448
2.44929e-17 0.4 0.916515 0.662568
3.06162e-17 0.5 0.866025 0.668047
3.67394e-17 0.6 0.8 0.688223
4.28626e-17 0.7 0.714143 0.686796
4.89859e-17 0.8 0.6 0.692123
5.51091e-17 0.9 0.43589 0.715232
6.12323e-17 1 1.49012e-08 0.696336
-0 0 1 0.706489
-0.0173648 0.0984808 0.994987 0.711003
-0.0347296 0.196962 0.979796 0.703272
-0.0520945 0.295442 0.953939 0.684658
-0.0694593 0.393923 0.916515 0.672661
-0.0868241 0.492404 0.866025 0.667747
-0.104189 0.590885 0.8 0.667878
-0.121554 0.689365 0.714143 0.654669
-0.138919 0.787846 0.6 0.683143
-0.156283 0.886327 0.43589 0.710368
-0.173648 0.984808 1.49012e-08 0.696336
-0 0 1 0.706489
-0.034202 0.0939693 0.994987 0.71152
-0.068404 0.187939 0.979796 0.708963
-0.102606 0.281908 0.953939 0.698775
-0.136808 0.375877 0.916515 0.691136
-0.17101 0.469846 0.866025 0.681367
-0.205212 0.563816 0.8 0.65801
-0.239414 0.657785 0.714143 0.619256
-0.273616 0.751754 0.6 0.662092
-0.307818 0.845723 0.43589 0.700651
-0.34202 0.939693 1.49012e-08 0.696336
-0 0 1 0.706489
-0.05 0.0866025 0.994987 0.711291
-0.1 0.173205 0.979796 0.712557
-0.15 0.259808 0.953939 0.70893
-0.2 0.34641 0.916515 0.705841
-0.25 0.433013 0.866025 0.699118
-0.3 0.519615 0.8 0.670116
-0.35 0.606218 0.714143 0.603657
-0.4 0.69282 0.6 0.63174
-0.45 0.779423 0.43589 0.682324
-0.5 0.866025 1.49012e-08 0.696336
-0 0 1 0.706489
-0.0642788 0.0766044 0.994987 0.710147
-0.128558 0.153209 0.979796 0.713095
-0.192836 0.229813 0.953939 0.713632
-0.257115 0.306418 0.916515 0.711309
-0.321394 0.383022 0.866025 0.706934
-0.385673 0.459627 0.8 0.688676
-0.449951 0.536231 0.714143 0.650208
-0.51423 0.612836 0.6 0.625088
-0.578509 0.68944 0.43589 0.650655
-0.642788 0.766044 1.49012e-08 0.696336
-0 0 1 0.706489
-0.0766044 0.0642788 0.994987 0.708125
-0.153209 0.128558 0.979796 0.709705
-0.229813 0.192836 0.953939 0.712992
-0.306418 0.257115 0.916515 0.708396
-0.383022 0.321394 0.866025 0.703999
-0.459627 0.385673 0.8 0.693239
-0.536231 0.449951 0.714143 0.684565
-0.612836 0.51423 0.6 0.67037
-0.68944 0.578509 0.43589 0.605776
-0.766044 0.642788 1.49012e-08 0.696336
-0 0 1 0.706489
-0.0866025 0.05 0.994987 0.705646
-0.173205 0.1 0.979796 0.702468
-0.259808 0.15 0.953939 0.70689
-0.34641 0.2 0.916515 0.695521
-0.433013 0.25 0.866025 0.685504
-0.519615 0.3 0.8 0.678437
-0.606218 0.35 0.714143 0.687514
-0.69282 0.4 0.6 0.691787
-0.779423 0.45 0.43589 0.654273
-0.866025 0.5 1.49012e-08 0.696336
-0 0 1 0.706489
-0.0939693 0.034202 0.994987 0.703657
-0.187939 0.068404 0.979796 0.696526
-0.281908 0.102606 0.953939 0.70204
-0.375877 0.136808 0.916515 0.695675
-0.469846 0.17101 0.866025 0.676299
-0.563816 0.205212 0.8 0.670105
-0.657785 0.239414 0.714143 0.661122
-0.751754 0.273616 0.6 0.67896
-0.845723 0.307818 0.43589 0.687199
-0.939693 0.34202 1.49012e-08 0.696336
-0 0 1 0.706489
-0.0984808 0.0173648 0.994987 0.70244
-0.196962 0.0347296 0.979796 0.701105
-0.295442 0.0520945 0.953939 0.706846
-0.393923 0.0694593 0.916515 0.703783
-0.492404 0.0868241 0.866025 0.693548
-0.590885 0.104189 0.8 0.686438
-0.689365 0.121554 0.714143 0.678638
-0.787846 0.138919 0.6 0.665749
-0.886327 0.156283 0.43589 0.682644
-0.984808 0.173648 1.49012e-08 0.696336
-0 0 1 0.706489
-0.1 1.22465e-17 0.994987 0.703361
-0.2 2.44929e-17 0.979796 0.706318
-0.3 3.67394e-17 0.953939 0.708103
-0.4 4.89859e-17 0.916515 0.700211
-0.5 6.12323e-17 0.866025 0.686072
-0.6 7.34788e-17 0.8 0.677909
-0.7 8.57253e-17 0.714143 0.671982
-0.8 9.79717e-17 0.6 0.646077
-0.9 1.10218e-16 0.43589 0.626562
-1 1.22465e-16 1.49012e-08 0.696336
-0 -0 1 0.706489
-0.0984808 -0.0173648 0.994987 0.705014
-0.196962 -0.0347296 0.979796 0.708456
-0.295442 -0.0520945 0.953939 0.704311
-0.393923 -0.0694593 0.916515 0.688473
-0.492404 -0.0868241 0.866025 0.652363
-0.590885 -0.104189 0.8 0.613345
-0.689365 -0.121554 0.714143 0.632258
-0.787846 -0.138919 0.6 0.652367
-0.886327 -0.156283 0.43589 0.706689
-0.984808 -0.173648 1.49012e-08 0.696336
-0 -0 1 0.706489
-0.0939693 -0.034202 0.994987 0.706175
-0.187939 -0.068404 0.979796 0.707741
-0.281908 -0.102606 0.953939 0.698948
-0.375877 -0.136808 0.916515 0.669533
-0.469846 -0.17101 0.866025 0.606391
-0.563816 -0.205212 0.8 0.566276
-0.657785 -0.239414 0.714143 0.657733
-0.751754 -0.273616 0.6 0.705501
-0.845723 -0.307818 0.43589 0.711208
-0.939693 -0.34202 1.49012e-08 0.696336
-0 -0 1 0.706489
-0.0866025 -0.05 0.994987 0.706691
-0.173205 -0.1 0.979796 0.705435
-0.259808 -0.15 0.953939 0.690263
-0.34641 -0.2 0.916515 0.652145
-0.433013 -0.25 0.866025 0.601028
-0.519615 -0.3 0.8 0.613111
-0.606218 -0.35 0.714143 0.688
-0.69282 -0.4 0.6 0.712826
-0.779423 -0.45 0.43589 0.714552
-0.866025 -0.5 1.49012e-08 0.696336
-0 -0 1 0.706489
-0.0766044 -0.0642788 0.994987 0.70664
-0.153209 -0.128558 0.979796 0.702362
-0.229813 -0.192836 0.953939 0.680035
-0.306418 -0.257115 0.916515 0.641925
-0.383022 -0.321394 0.866025 0.63354
-0.459627 -0.385673 0.8 0.664379
-0.536231 -0.449951 0.714143 0.701212
-0.612836 -0.51423 0.6 0.692623
-0.68944 -0.578509 0.43589 0.704532
-0.766044 -0.642788 1.49012e-08 0.696336
-0 -0 1 0.706489
-0.0642788 -0.0766044 0.994987 0.706108
-0.128558 -0.153209 0.979796 0.698454
-0.192836 -0.229813 0.953939 0.669304
-0.257115 -0.306418 0.916515 0.638789
-0.321394 -0.383022 0.866025 0.665385
-0.385673 -0.459627 0.8 0.695511
-0.449951 -0.536231 0.714143 0.705931
-0.51423 -0.612836 0.6 0.706574
-0.578509 -0.68944 0.43589 0.690342
-0.642788 -0.766044 1.49012e-08 0.696336
-0 -0 1 0.706489
-0.05 -0.0866025 0.994987 0.705195
-0.1 -0.173205 0.979796 0.694159
-0.15 -0.259808 0.953939 0.658632
-0.2 -0.34641 0.916515 0.643178
-0.25 -0.433013 0.866025 0.685155
-0.3 -0.519615 0.8 0.7089
-0.35 -0.606218 0.714143 0.715632
-0.4 -0.69282 0.6 0.70743
-0.45 -0.779423 0.43589 0.68189
-0.5 -0.866025 1.49012e-08 0.696336
-0 -0 1 0.706489
-0.034202 -0.0939693 0.994987 0.704017
-0.068404 -0.187939 0.979796 0.690181
-0.102606 -0.281908 0.953939 0.649895
-0.136808 -0.375877 0.916515 0.647158
-0.17101 -0.469846 0.866025 0.696161
-0.205212 -0.563816 0.8 0.716018
-0.239414 -0.657785 0.714143 0.72218
-0.273616 -0.751754 0.6 0.710877
-0.307818 -0.845723 0.43589 0.672126
-0.34202 -0.939693 1.49012e-08 0.696336
-0 -0 1 0.706489
-0.0173648 -0.0984808 0.994987 0.702682
-0.0347296 -0.196962 0.979796 0.687042
-0.0520945 -0.295442 0.953939 0.644357
-0.0694593 -0.393923 0.916515 0.653721
-0.0868241 -0.492404 0.866025 0.700636
-0.104189 -0.590885 0.8 0.719132
-0.121554 -0.689365 0.714143 0.71734
-0.138919 -0.787846 0.6 0.712109
-0.156283 -0.886327 0.43589 0.680769
-0.173648 -0.984808 1.49012e-08 0.696336
-0 -0 1 0.706489
-1.83697e-17 -0.1 0.994987 0.701286
-3.67394e-17 -0.2 0.979796 0.684706
-5.51091e-17 -0.3 0.953939 0.649406
-7.34788e-17 -0.4 0.916515 0.651161
-9.18485e-17 -0.5 0.866025 0.698534
-1.10218e-16 -0.6 0.8 0.719104
-1.28588e-16 -0.7 0.714143 0.712283
-1.46958e-16 -0.8 0.6 0.704747
-1.65327e-16 -0.9 0.43589 0.690226
-1.83697e-16 -1 1.49012e-08 0.696336
0 -0 1 0.706489
0.0173648 -0.0984808 0.994987 0.699932
0.0347296 -0.196962 0.979796 0.682678
0.0520945 -0.295442 0.953939 0.653129
0.0694593 -0.393923 0.916515 0.648037
0.0868241 -0.492404 0.866025 0.69137
0.104189 -0.590885 0.8 0.715336
0.121554 -0.689365 0.714143 0.707582
0.138919 -0.787846 0.6 0.691052
0.156283 -0.886327 0.43589 0.702523
0.173648 -0.984808 1.49012e-08 0.696336
0 -0 1 0.706489
0.034202 -0.0939693 0.994987 0.698769
0.068404 -0.187939 0.979796 0.680868
0.102606 -0.281908 0.953939 0.655386
0.136808 -0.375877 0.916515 0.642458
0.17101 -0.469846 0.866025 0.678839
0.205212 -0.563816 0.8 0.706774
0.239414 -0.657785 0.714143 0.702008
0.273616 -0.751754 0.6 0.692081
0.307818 -0.845723 0.43589 0.713517
0.34202 -0.939693 1.49012e-08 0.696336
0 -0 1 0.706489
0.05 -0.0866025 0.994987 0.698077
0.1 -0.173205 0.979796 0.680059
0.15 -0.259808 0.953939 0.653863
0.2 -0.34641 0.916515 0.634747
0.25 -0.433013 0.866025 0.657366
0.3 -0.519615 0.8 0.690478
0.35 -0.606218 0.714143 0.697293
0.4 -0.69282 0.6 0.703828
0.45 -0.779423 0.43589 0.719088
0.5 -0.866025 1.49012e-08 0.696336
0 -0 1 0.706489
0.0642788 -0.0766044 0.994987 0.69828
0.128558 -0.153209 0.979796 0.680595
0.192836 -0.229813 0.953939 0.650191
0.257115 -0.306418 0.916515 0.620089
0.321394 -0.383022 0.866025 0.622056
0.385673 -0.459627 0.8 0.657993
0.449951 -0.536231 0.714143 0.689762
0.51423 -0.612836 0.6 0.711369
0.578509 -0.68944 0.43589 0.720269
0.642788 -0.766044 1.49012e-08 0.696336
0 -0 1 0.706489
0.0766044 -0.0642788 0.994987 0.699265
0.153209 -0.128558 0.979796 0.682723
0.229813 -0.192836 0.953939 0.652296
0.306418 -0.257115 0.916515 0.601861
0.383022 -0.321394 0.866025 0.564385
0.459627 -0.385673 0.8 0.592323
0.536231 -0.449951 0.714143 0.650699
0.612836 -0.51423 0.6 0.696102
0.68944 -0.578509 0.43589 0.715716
0.766044 -0.642788 1.49012e-08 0.696336
0 -0 1 0.706489
0.0866025 -0.05 0.994987 0.70082
0.173205 -0.1 0.979796 0.686291
0.259808 -0.15 0.953939 0.660827
0.34641 -0.2 0.916515 0.616537
0.433013 -0.25 0.866025 0.552604
0.519615 -0.3 0.8 0.490781
0.606218 -0.35 0.714143 0.562513
0.69282 -0.4 0.6 0.651637
0.779423 -0.45 0.43589 0.686744
0.866025 -0.5 1.49012e-08 0.696336
0 -0 1 0.706489
0.0939693 -0.034202 0.994987 0.702321
0.187939 -0.068404 0.979796 0.689212
0.281908 -0.102606 0.953939 0.669562
0.375877 -0.136808 0.916515 0.64534
0.469846 -0.17101 0.866025 0.617681
0.563816 -0.205212 0.8 0.580689
0.657785 -0.239414 0.714143 0.560231
0.751754 -0.273616 0.6 0.586929
0.845723 -0.307818 0.43589 0.680092
0.939693 -0.34202 1.49012e-08 0.696336
0 -0 1 0.706489
0.0984808 -0.0173648 0.994987 0.703469
0.196962 -0.0347296 0.979796 0.689983
0.295442 -0.0520945 0.953939 0.672294
0.393923 -0.0694593 0.916515 0.664924
0.492404 -0.0868241 0.866025 0.668056
0.590885 -0.104189 0.8 0.667982
0.689365 -0.121554 0.714143 0.667497
0.787846 -0.138919 0.6 0.656828
0.886327 -0.156283 0.43589 0.653186
0.984808 -0.173648 1.49012e-08 0.696336
0 -0 1 0.706489
0.1 -2.44929e-17 0.994987 0.704196
0.2 -4.89859e-17 0.979796 0.688422
0.3 -7.34788e-17 0.953939 0.668718
0.4 -9.79717e-17 0.916515 0.678089
0.5 -1.22465e-16 0.866025 0.696823
0.6 -1.46958e-16 0.8 0.702215
0.7 -1.71451e-16 0.714143 0.697497
0.8 -1.95943e-16 0.6 0.714032
0.9 -2.20436e-16 0.43589 0.717665
1 -2.44929e-16 1.49012e-08 0.696336
