0 0 1 0.712691
0.1 0 0.994987 0.717873
0.2 0 0.979796 0.717791
0.3 0 0.953939 0.716171
0.4 0 0.916515 0.701745
0.5 0 0.866025 0.668965
0.6 0 0.8 0.646425
0.7 0 0.714143 0.69272
0.8 0 0.6 0.718476
0.9 0 0.43589 0.713006
1 0 1.49012e-08 0.700734
0 0 1 0.712691
0.0984808 0.0173648 0.994987 0.717586
0.196962 0.0347296 0.979796 0.71727
0.295442 0.0520945 0.953939 0.710794
0.393923 0.0694593 0.916515 0.687539
0.492404 0.0868241 0.866025 0.657624
0.590885 0.104189 0.8 0.676025
0.689365 0.121554 0.714143 0.709921
0.787846 0.138919 0.6 0.71996
0.886327 0.156283 0.43589 0.709377
0.984808 0.173648 1.49012e-08 0.700734
0 0 1 0.712691
0.0939693 0.034202 0.994987 0.716882
0.187939 0.068404 0.979796 0.718016
0.281908 0.102606 0.953939 0.704973
0.375877 0.136808 0.916515 0.6695
0.469846 0.17101 0.866025 0.649498
0.563816 0.205212 0.8 0.676405
0.657785 0.239414 0.714143 0.708243
0.751754 0.273616 0.6 0.712567
0.845723 0.307818 0.43589 0.706273
0.939693 0.34202 1.49012e-08 0.700734
0 0 1 0.712691
0.0866025 0.05 0.994987 0.716809
0.173205 0.1 0.979796 0.717316
0.259808 0.15 0.953939 0.699839
0.34641 0.2 0.916515 0.657044
0.433013 0.25 0.866025 0.625003
0.519615 0.3 0.8 0.64558
0.606218 0.35 0.714143 0.701655
0.69282 0.4 0.6 0.703989
0.779423 0.45 0.43589 0.685272
0.866025 0.5 1.49012e-08 0.700734
0 0 1 0.712691
0.0766044 0.0642788 0.994987 0.71643
0.153209 0.128558 0.979796 0.716035
0.229813 0.192836 0.953939 0.695571
0.306418 0.257115 0.916515 0.650498
0.383022 0.321394 0.866025 0.616938
0.459627 0.385673 0.8 0.660894
0.536231 0.449951 0.714143 0.705066
0.612836 0.51423 0.6 0.713529
0.68944 0.578509 0.43589 0.704784
0.766044 0.642788 1.49012e-08 0.700734
0 0 1 0.712691
0.0642788 0.0766044 0.994987 0.715434
0.128558 0.153209 0.979796 0.714952
0.192836 0.229813 0.953939 0.693294
0.257115 0.306418 0.916515 0.639941
0.321394 0.383022 0.866025 0.625645
0.385673 0.459627 0.8 0.673342
0.449951 0.536231 0.714143 0.708339
0.51423 0.612836 0.6 0.708591
0.578509 0.68944 0.43589 0.711076
0.642788 0.766044 1.49012e-08 0.700734
0 0 1 0.712691
0.05 0.0866025 0.994987 0.713978
0.1 0.173205 0.979796 0.714015
0.15 0.259808 0.953939 0.695786
0.2 0.34641 0.916515 0.648914
0.25 0.433013 0.866025 0.647948
0.3 0.519615 0.8 0.672133
0.35 0.606218 0.714143 0.699215
0.4 0.69282 0.6 0.705606
0.45 0.779423 0.43589 0.700187
0.5 0.866025 1.49012e-08 0.700734
0 0 1 0.712691
0.034202 0.0939693 0.994987 0.712378
0.068404 0.187939 0.979796 0.715111
0.102606 0.281908 0.953939 0.702269
0.136808 0.375877 0.916515 0.67891
0.17101 0.469846 0.866025 0.663571
0.205212 0.563816 0.8 0.663928
0.239414 0.657785 0.714143 0.675305
0.273616 0.751754 0.6 0.701995
0.307818 0.845723 0.43589 0.708974
0.34202 0.939693 1.49012e-08 0.700734
0 0 1 0.712691
0.0173648 0.0984808 0.994987 0.711211
0.0347296 0.196962 0.979796 0.716769
0.0520945 0.295442 0.953939 0.707868
0.0694593 0.393923 0.916515 0.697077
0.0868241 0.492404 0.866025 0.678197
0.104189 0.590885 0.8 0.647979
0.121554 0.689365 0.714143 0.637279
0.138919 0.787846 0.6 0.693369
0.156283 0.886327 0.43589 0.713805
0.173648 0.984808 1.49012e-08 0.700734
0 0 1 0.712691
6.12323e-18 0.1 0.994987 0.71043
1.22465e-17 0.2 0.979796 0.717311
1.83697e-17 0.3 0.953939 0.710333
2.44929e-17 0.4 0.916515 0.706504
3.06162e-17 0.5 0.866025 0.687547
3.67394e-17 0.6 0.8 0.638595
4.28626e-17 0.7 0.714143 0.61676
4.89859e-17 0.8 0.6 0.680286
5.51091e-17 0.9 0.43589 0.708994
6.12323e-17 1 1.49012e-08 0.700734
-0 0 1 0.712691
-0.0173648 0.0984808 0.994987 0.710011
-0.0347296 0.196962 0.979796 0.717106
-0.0520945 0.295442 0.953939 0.712853
-0.0694593 0.393923 0.916515 0.709898
-0.0868241 0.492404 0.866025 0.6934
-0.104189 0.590885 0.8 0.654221
-0.121554 0.689365 0.714143 0.63902
-0.138919 0.787846 0.6 0.665116
-0.156283 0.886327 0.43589 0.699009
-0.173648 0.984808 1.49012e-08 0.700734
-0 0 1 0.712691
-0.034202 0.0939693 0.994987 0.71014
-0.068404 0.187939 0.979796 0.71663
-0.102606 0.281908 0.953939 0.708824
-0.136808 0.375877 0.916515 0.708009
-0.17101 0.469846 0.866025 0.701609
-0.205212 0.563816 0.8 0.680724
-0.239414 0.657785 0.714143 0.672203
-0.273616 0.751754 0.6 0.655614
-0.307818 0.845723 0.43589 0.67401
-0.34202 0.939693 1.49012e-08 0.700734
-0 0 1 0.712691
-0.05 0.0866025 0.994987 0.71081
-0.1 0.173205 0.979796 0.715761
-0.15 0.259808 0.953939 0.699716
-0.2 0.34641 0.916515 0.706028
-0.25 0.433013 0.866025 0.709401
-0.3 0.519615 0.8 0.69705
-0.35 0.606218 0.714143 0.694006
-0.4 0.69282 0.6 0.658777
-0.45 0.779423 0.43589 0.629993
-0.5 0.866025 1.49012e-08 0.700734
-0 0 1 0.712691
-0.0642788 0.0766044 0.994987 0.711714
-0.128558 0.153209 0.979796 0.714903
-0.192836 0.229813 0.953939 0.699313
-0.257115 0.306418 0.916515 0.706461
-0.321394 0.383022 0.866025 0.712748
-0.385673 0.459627 0.8 0.704011
-0.449951 0.536231 0.714143 0.706766
-0.51423 0.612836 0.6 0.679127
-0.578509 0.68944 0.43589 0.601328
-0.642788 0.766044 1.49012e-08 0.700734
-0 0 1 0.712691
-0.0766044 0.0642788 0.994987 0.712726
-0.153209 0.128558 0.979796 0.715561
-0.229813 0.192836 0.953939 0.698368
-0.306418 0.257115 0.916515 0.709048
-0.383022 0.321394 0.866025 0.711447
-0.459627 0.385673 0.8 0.688136
-0.536231 0.449951 0.714143 0.706193
-0.612836 0.51423 0.6 0.70112
-0.68944 0.578509 0.43589 0.609123
-0.766044 0.642788 1.49012e-08 0.700734
-0 0 1 0.712691
-0.0866025 0.05 0.994987 0.714044
-0.173205 0.1 0.979796 0.717003
-0.259808 0.15 0.953939 0.701796
-0.34641 0.2 0.916515 0.712141
-0.433013 0.25 0.866025 0.710939
-0.519615 0.3 0.8 0.681273
-0.606218 0.35 0.714143 0.698602
-0.69282 0.4 0.6 0.700339
-0.779423 0.45 0.43589 0.695093
-0.866025 0.5 1.49012e-08 0.700734
-0 0 1 0.712691
-0.0939693 0.034202 0.994987 0.71573
-0.187939 0.068404 0.979796 0.71859
-0.281908 0.102606 0.953939 0.70926
-0.375877 0.136808 0.916515 0.714569
-0.469846 0.17101 0.866025 0.707305
-0.563816 0.205212 0.8 0.679602
-0.657785 0.239414 0.714143 0.692796
-0.751754 0.273616 0.6 0.713207
-0.845723 0.307818 0.43589 0.714229
-0.939693 0.34202 1.49012e-08 0.700734
-0 0 1 0.712691
-0.0984808 0.0173648 0.994987 0.717124
-0.196962 0.0347296 0.979796 0.719705
-0.295442 0.0520945 0.953939 0.71043
-0.393923 0.0694593 0.916515 0.712485
-0.492404 0.0868241 0.866025 0.70272
-0.590885 0.104189 0.8 0.671688
-0.689365 0.121554 0.714143 0.646889
-0.787846 0.138919 0.6 0.699512
-0.886327 0.156283 0.43589 0.704071
-0.984808 0.173648 1.49012e-08 0.700734
-0 0 1 0.712691
-0.1 1.22465e-17 0.994987 0.717938
-0.2 2.44929e-17 0.979796 0.720187
-0.3 3.67394e-17 0.953939 0.709291
-0.4 4.89859e-17 0.916515 0.704231
-0.5 6.12323e-17 0.866025 0.694599
-0.6 7.34788e-17 0.8 0.667987
-0.7 8.57253e-17 0.714143 0.65897
-0.8 9.79717e-17 0.6 0.674997
-0.9 1.10218e-16 0.43589 0.710875
-1 1.22465e-16 1.49012e-08 0.700734
-0 -0 1 0.712691
-0.0984808 -0.0173648 0.994987 0.718222
-0.196962 -0.0347296 0.979796 0.719567
-0.295442 -0.0520945 0.953939 0.704209
-0.393923 -0.0694593 0.916515 0.696365
-0.492404 -0.0868241 0.866025 0.683033
-0.590885 -0.104189 0.8 0.662621
-0.689365 -0.121554 0.714143 0.686664
-0.787846 -0.138919 0.6 0.707544
-0.886327 -0.156283 0.43589 0.711277
-0.984808 -0.173648 1.49012e-08 0.700734
-0 -0 1 0.712691
-0.0939693 -0.034202 0.994987 0.718061
-0.187939 -0.068404 0.979796 0.718042
-0.281908 -0.102606 0.953939 0.70363
-0.375877 -0.136808 0.916515 0.686654
-0.469846 -0.17101 0.866025 0.661505
-0.563816 -0.205212 0.8 0.669088
-0.657785 -0.239414 0.714143 0.698628
-0.751754 -0.273616 0.6 0.715994
-0.845723 -0.307818 0.43589 0.720397
-0.939693 -0.34202 1.49012e-08 0.700734
-0 -0 1 0.712691
-0.0866025 -0.05 0.994987 0.717879
-0.173205 -0.1 0.979796 0.718314
-0.259808 -0.15 0.953939 0.707138
-0.34641 -0.2 0.916515 0.684367
-0.433013 -0.25 0.866025 0.654371
-0.519615 -0.3 0.8 0.675752
-0.606218 -0.35 0.714143 0.699246
-0.69282 -0.4 0.6 0.701642
-0.779423 -0.45 0.43589 0.708145
-0.866025 -0.5 1.49012e-08 0.700734
-0 -0 1 0.712691
-0.0766044 -0.0642788 0.994987 0.718241
-0.153209 -0.128558 0.979796 0.717388
-0.229813 -0.192836 0.953939 0.706949
-0.306418 -0.257115 0.916515 0.691745
-0.383022 -0.321394 0.866025 0.678947
-0.459627 -0.385673 0.8 0.687959
-0.536231 -0.449951 0.714143 0.691032
-0.612836 -0.51423 0.6 0.670856
-0.68944 -0.578509 0.43589 0.693413
-0.766044 -0.642788 1.49012e-08 0.700734
-0 -0 1 0.712691
-0.0642788 -0.0766044 0.994987 0.718507
-0.128558 -0.153209 0.979796 0.715408
-0.192836 -0.229813 0.953939 0.704035
-0.257115 -0.306418 0.916515 0.692496
-0.321394 -0.383022 0.866025 0.691796
-0.385673 -0.459627 0.8 0.703298
-0.449951 -0.536231 0.714143 0.708071
-0.51423 -0.612836 0.6 0.706633
-0.578509 -0.68944 0.43589 0.693326
-0.642788 -0.766044 1.49012e-08 0.700734
-0 -0 1 0.712691
-0.05 -0.0866025 0.994987 0.718338
-0.1 -0.173205 0.979796 0.71335
-0.15 -0.259808 0.953939 0.702375
-0.2 -0.34641 0.916515 0.68678
-0.25 -0.433013 0.866025 0.699735
-0.3 -0.519615 0.8 0.713725
-0.35 -0.606218 0.714143 0.721474
-0.4 -0.69282 0.6 0.719671
-0.45 -0.779423 0.43589 0.700587
-0.5 -0.866025 1.49012e-08 0.700734
-0 -0 1 0.712691
-0.034202 -0.0939693 0.994987 0.717892
-0.068404 -0.187939 0.979796 0.709208
-0.102606 -0.281908 0.953939 0.700031
-0.136808 -0.375877 0.916515 0.684446
-0.17101 -0.469846 0.866025 0.704426
-0.205212 -0.563816 0.8 0.71866
-0.239414 -0.657785 0.714143 0.725196
-0.273616 -0.751754 0.6 0.722222
-0.307818 -0.845723 0.43589 0.701251
-0.34202 -0.939693 1.49012e-08 0.700734
-0 -0 1 0.712691
-0.0173648 -0.0984808 0.994987 0.717448
-0.0347296 -0.196962 0.979796 0.703166
-0.0520945 -0.295442 0.953939 0.700308
-0.0694593 -0.393923 0.916515 0.688877
-0.0868241 -0.492404 0.866025 0.699488
-0.104189 -0.590885 0.8 0.717188
-0.121554 -0.689365 0.714143 0.720195
-0.138919 -0.787846 0.6 0.72093
-0.156283 -0.886327 0.43589 0.695945
-0.173648 -0.984808 1.49012e-08 0.700734
-0 -0 1 0.712691
-1.83697e-17 -0.1 0.994987 0.717221
-3.67394e-17 -0.2 0.979796 0.701894
-5.51091e-17 -0.3 0.953939 0.702781
-7.34788e-17 -0.4 0.916515 0.687305
-9.18485e-17 -0.5 0.866025 0.682174
-1.10218e-16 -0.6 0.8 0.713901
-1.28588e-16 -0.7 0.714143 0.721956
-1.46958e-16 -0.8 0.6 0.721303
-1.65327e-16 -0.9 0.43589 0.701046
-1.83697e-16 -1 1.49012e-08 0.700734
0 -0 1 0.712691
0.0173648 -0.0984808 0.994987 0.717353
0.0347296 -0.196962 0.979796 0.709558
0.0520945 -0.295442 0.953939 0.707865
0.0694593 -0.393923 0.916515 0.688361
0.0868241 -0.492404 0.866025 0.682358
0.104189 -0.590885 0.8 0.707057
0.121554 -0.689365 0.714143 0.720666
0.138919 -0.787846 0.6 0.718883
0.156283 -0.886327 0.43589 0.707343
0.173648 -0.984808 1.49012e-08 0.700734
0 -0 1 0.712691
0.034202 -0.0939693 0.994987 0.718083
0.068404 -0.187939 0.979796 0.715992
0.102606 -0.281908 0.953939 0.713203
0.136808 -0.375877 0.916515 0.696526
0.17101 -0.469846 0.866025 0.692366
0.205212 -0.563816 0.8 0.697967
0.239414 -0.657785 0.714143 0.716392
0.273616 -0.751754 0.6 0.717934
0.307818 -0.845723 0.43589 0.709877
0.34202 -0.939693 1.49012e-08 0.700734
0 -0 1 0.712691
0.05 -0.0866025 0.994987 0.718733
0.1 -0.173205 0.979796 0.719943
0.15 -0.259808 0.953939 0.717579
0.2 -0.34641 0.916515 0.710514
0.25 -0.433013 0.866025 0.696818
0.3 -0.519615 0.8 0.696919
0.35 -0.606218 0.714143 0.714942
0.4 -0.69282 0.6 0.716369
0.45 -0.779423 0.43589 0.70512
0.5 -0.866025 1.49012e-08 0.700734
0 -0 1 0.712691
0.0642788 -0.0766044 0.994987 0.718807
0.128558 -0.153209 0.979796 0.721731
0.192836 -0.229813 0.953939 0.720841
0.257115 -0.306418 0.916515 0.718032
0.321394 -0.383022 0.866025 0.70629
0.385673 -0.459627 0.8 0.689991
0.449951 -0.536231 0.714143 0.706304
0.51423 -0.612836 0.6 0.714941
0.578509 -0.68944 0.43589 0.701545
0.642788 -0.766044 1.49012e-08 0.700734
0 -0 1 0.712691
0.0766044 -0.0642788 0.994987 0.718329
0.153209 -0.128558 0.979796 0.721589
0.229813 -0.192836 0.953939 0.722631
0.306418 -0.257115 0.916515 0.719083
0.383022 -0.321394 0.866025 0.713773
0.459627 -0.385673 0.8 0.698314
0.536231 -0.449951 0.714143 0.692202
0.612836 -0.51423 0.6 0.701482
0.68944 -0.578509 0.43589 0.702207
0.766044 -0.642788 1.49012e-08 0.700734
0 -0 1 0.712691
0.0866025 -0.05 0.994987 0.717734
0.173205 -0.1 0.979796 0.719853
0.259808 -0.15 0.953939 0.720809
0.34641 -0.2 0.916515 0.720321
0.433013 -0.25 0.866025 0.713936
0.519615 -0.3 0.8 0.696527
0.606218 -0.35 0.714143 0.664184
0.69282 -0.4 0.6 0.662389
0.779423 -0.45 0.43589 0.689588
0.866025 -0.5 1.49012e-08 0.700734
0 -0 1 0.712691
0.0939693 -0.034202 0.994987 0.717558
0.187939 -0.068404 0.979796 0.719302
0.281908 -0.102606 0.953939 0.719734
0.375877 -0.136808 0.916515 0.719867
0.469846 -0.17101 0.866025 0.707438
0.563816 -0.205212 0.8 0.685313
0.657785 -0.239414 0.714143 0.651643
0.751754 -0.273616 0.6 0.602217
0.845723 -0.307818 0.43589 0.613659
0.939693 -0.34202 1.49012e-08 0.700734
0 -0 1 0.712691
0.0984808 -0.0173648 0.994987 0.71777
0.196962 -0.0347296 0.979796 0.719454
0.295442 -0.0520945 0.953939 0.720126
0.393923 -0.0694593 0.916515 0.71381
0.492404 -0.0868241 0.866025 0.690035
0.590885 -0.104189 0.8 0.649891
0.689365 -0.121554 0.714143 0.660853
0.787846 -0.138919 0.6 0.682148
0.886327 -0.156283 0.43589 0.679191
0.984808 -0.173648 1.49012e-08 0.700734
0 -0 1 0.712691
0.1 -2.44929e-17 0.994987 0.717873
0.2 -4.89859e-17 0.979796 0.717791
0.3 -7.34788e-17 0.953939 0.716171
0.4 -9.79717e-17 0.916515 0.701745
0.5 -1.22465e-16 0.866025 0.668965
0.6 -1.46958e-16 0.8 0.646425
0.7 -1.71451e-16 0.714143 0.69272
0.8 -1.95943e-16 0.6 0.718476
0.9 -2.20436e-16 0.43589 0.713006
1 -2.44929e-16 1.49012e-08 0.700734
