0 0 1 0.69268
0.1 0 0.994987 0.667616
0.2 0 0.979796 0.666989
0.3 0 0.953939 0.660104
0.4 0 0.916515 0.652319
0.5 0 0.866025 0.626222
0.6 0 0.8 0.625516
0.7 0 0.714143 0.672831
0.8 0 0.6 0.70729
0.9 0 0.43589 0.696197
1 0 1.49012e-08 0.690461
0 0 1 0.69268
0.0984808 0.0173648 0.994987 0.666062
0.196962 0.0347296 0.979796 0.661122
0.295442 0.0520945 0.953939 0.65721
0.393923 0.0694593 0.916515 0.665335
0.492404 0.0868241 0.866025 0.665233
0.590885 0.104189 0.8 0.652868
0.689365 0.121554 0.714143 0.642152
0.787846 0.138919 0.6 0.691445
0.886327 0.156283 0.43589 0.703438
0.984808 0.173648 1.49012e-08 0.69046
0 0 1 0.69268
0.0939693 0.034202 0.994987 0.667011
0.187939 0.068404 0.979796 0.654018
0.281908 0.102606 0.953939 0.652538
0.375877 0.136808 0.916515 0.672048
0.469846 0.17101 0.866025 0.68193
0.563816 0.205212 0.8 0.674049
0.657785 0.239414 0.714143 0.651539
0.751754 0.273616 0.6 0.616958
0.845723 0.307818 0.43589 0.624816
0.939693 0.34202 1.49012e-08 0.69046
0 0 1 0.69268
0.0866025 0.05 0.994987 0.668745
0.173205 0.1 0.979796 0.644562
0.259808 0.15 0.953939 0.642024
0.34641 0.2 0.916515 0.671379
0.433013 0.25 0.866025 0.687028
0.519615 0.3 0.8 0.691442
0.606218 0.35 0.714143 0.671334
0.69282 0.4 0.6 0.636707
0.779423 0.45 0.43589 0.656061
0.866025 0.5 1.49012e-08 0.69046
0 0 1 0.69268
0.0766044 0.0642788 0.994987 0.670834
0.153209 0.128558 0.979796 0.633195
0.229813 0.192836 0.953939 0.625428
0.306418 0.257115 0.916515 0.667773
0.383022 0.321394 0.866025 0.687203
0.459627 0.385673 0.8 0.693695
0.536231 0.449951 0.714143 0.695325
0.612836 0.51423 0.6 0.68755
0.68944 0.578509 0.43589 0.694386
0.766044 0.642788 1.49012e-08 0.69046
0 0 1 0.69268
0.0642788 0.0766044 0.994987 0.673412
0.128558 0.153209 0.979796 0.626984
0.192836 0.229813 0.953939 0.612146
0.257115 0.306418 0.916515 0.663749
0.321394 0.383022 0.866025 0.689428
0.385673 0.459627 0.8 0.697485
0.449951 0.536231 0.714143 0.693159
0.51423 0.612836 0.6 0.696017
0.578509 0.68944 0.43589 0.689324
0.642788 0.766044 1.49012e-08 0.69046
0 0 1 0.69268
0.05 0.0866025 0.994987 0.676592
0.1 0.173205 0.979796 0.635989
0.15 0.259808 0.953939 0.627942
0.2 0.34641 0.916515 0.659412
0.25 0.433013 0.866025 0.684891
0.3 0.519615 0.8 0.688595
0.35 0.606218 0.714143 0.662253
0.4 0.69282 0.6 0.688657
0.45 0.779423 0.43589 0.694863
0.5 0.866025 1.49012e-08 0.69046
0 0 1 0.69268
0.034202 0.0939693 0.994987 0.680241
0.068404 0.187939 0.979796 0.653288
0.102606 0.281908 0.953939 0.651406
0.136808 0.375877 0.916515 0.670582
0.17101 0.469846 0.866025 0.689233
0.205212 0.563816 0.8 0.696792
0.239414 0.657785 0.714143 0.692551
0.273616 0.751754 0.6 0.701251
0.307818 0.845723 0.43589 0.688182
0.34202 0.939693 1.49012e-08 0.690461
0 0 1 0.69268
0.0173648 0.0984808 0.994987 0.684001
0.0347296 0.196962 0.979796 0.668716
0.0520945 0.295442 0.953939 0.665273
0.0694593 0.393923 0.916515 0.67526
0.0868241 0.492404 0.866025 0.688842
0.104189 0.590885 0.8 0.693059
0.121554 0.689365 0.714143 0.694009
0.138919 0.787846 0.6 0.6978
0.156283 0.886327 0.43589 0.670976
0.173648 0.984808 1.49012e-08 0.690461
0 0 1 0.69268
6.12323e-18 0.1 0.994987 0.687441
1.22465e-17 0.2 0.979796 0.679883
1.83697e-17 0.3 0.953939 0.670991
2.44929e-17 0.4 0.916515 0.672217
3.06162e-17 0.5 0.866025 0.676613
3.67394e-17 0.6 0.8 0.675876
4.28626e-17 0.7 0.714143 0.67845
4.89859e-17 0.8 0.6 0.681946
5.51091e-17 0.9 0.43589 0.66429
6.12323e-17 1 1.49012e-08 0.690461
-0 0 1 0.69268
-0.0173648 0.0984808 0.994987 0.690185
-0.0347296 0.196962 0.979796 0.687671
-0.0520945 0.295442 0.953939 0.679374
-0.0694593 0.393923 0.916515 0.667089
-0.0868241 0.492404 0.866025 0.65637
-0.104189 0.590885 0.8 0.638952
-0.121554 0.689365 0.714143 0.639367
-0.138919 0.787846 0.6 0.657641
-0.156283 0.886327 0.43589 0.668554
-0.173648 0.984808 1.49012e-08 0.690461
-0 0 1 0.69268
-0.034202 0.0939693 0.994987 0.691964
-0.068404 0.187939 0.979796 0.693045
-0.102606 0.281908 0.953939 0.685024
-0.136808 0.375877 0.916515 0.658919
-0.17101 0.469846 0.866025 0.626746
-0.205212 0.563816 0.8 0.606746
-0.239414 0.657785 0.714143 0.600764
-0.273616 0.751754 0.6 0.631343
-0.307818 0.845723 0.43589 0.680175
-0.34202 0.939693 1.49012e-08 0.690461
-0 0 1 0.69268
-0.05 0.0866025 0.994987 0.692607
-0.1 0.173205 0.979796 0.696355
-0.15 0.259808 0.953939 0.687847
-0.2 0.34641 0.916515 0.657221
-0.25 0.433013 0.866025 0.594203
-0.3 0.519615 0.8 0.596877
-0.35 0.606218 0.714143 0.600793
-0.4 0.69282 0.6 0.614987
-0.45 0.779423 0.43589 0.691653
-0.5 0.866025 1.49012e-08 0.690461
-0 0 1 0.69268
-0.0642788 0.0766044 0.994987 0.693671
-0.128558 0.153209 0.979796 0.697972
-0.192836 0.229813 0.953939 0.688715
-0.257115 0.306418 0.916515 0.663187
-0.321394 0.383022 0.866025 0.627809
-0.385673 0.459627 0.8 0.623519
-0.449951 0.536231 0.714143 0.641731
-0.51423 0.612836 0.6 0.654762
-0.578509 0.68944 0.43589 0.693697
-0.642788 0.766044 1.49012e-08 0.690461
-0 0 1 0.69268
-0.0766044 0.0642788 0.994987 0.694284
-0.153209 0.128558 0.979796 0.698495
-0.229813 0.192836 0.953939 0.68609
-0.306418 0.257115 0.916515 0.668043
-0.383022 0.321394 0.866025 0.656642
-0.459627 0.385673 0.8 0.664635
-0.536231 0.449951 0.714143 0.666202
-0.612836 0.51423 0.6 0.683842
-0.68944 0.578509 0.43589 0.684962
-0.766044 0.642788 1.49012e-08 0.690461
-0 0 1 0.69268
-0.0866025 0.05 0.994987 0.694768
-0.173205 0.1 0.979796 0.698339
-0.259808 0.15 0.953939 0.681259
-0.34641 0.2 0.916515 0.663959
-0.433013 0.25 0.866025 0.678124
-0.519615 0.3 0.8 0.694384
-0.606218 0.35 0.714143 0.690618
-0.69282 0.4 0.6 0.698824
-0.779423 0.45 0.43589 0.69634
-0.866025 0.5 1.49012e-08 0.690461
-0 0 1 0.69268
-0.0939693 0.034202 0.994987 0.69641
-0.187939 0.068404 0.979796 0.697817
-0.281908 0.102606 0.953939 0.679935
-0.375877 0.136808 0.916515 0.65662
-0.469846 0.17101 0.866025 0.678024
-0.563816 0.205212 0.8 0.708163
-0.657785 0.239414 0.714143 0.708282
-0.751754 0.273616 0.6 0.697628
-0.845723 0.307818 0.43589 0.715696
-0.939693 0.34202 1.49012e-08 0.690461
-0 0 1 0.69268
-0.0984808 0.0173648 0.994987 0.697485
-0.196962 0.0347296 0.979796 0.696652
-0.295442 0.0520945 0.953939 0.679028
-0.393923 0.0694593 0.916515 0.664306
-0.492404 0.0868241 0.866025 0.682952
-0.590885 0.104189 0.8 0.710433
-0.689365 0.121554 0.714143 0.71488
-0.787846 0.138919 0.6 0.696635
-0.886327 0.156283 0.43589 0.704698
-0.984808 0.173648 1.49012e-08 0.690461
-0 0 1 0.69268
-0.1 1.22465e-17 0.994987 0.697587
-0.2 2.44929e-17 0.979796 0.694685
-0.3 3.67394e-17 0.953939 0.673506
-0.4 4.89859e-17 0.916515 0.652254
-0.5 6.12323e-17 0.866025 0.68162
-0.6 7.34788e-17 0.8 0.708181
-0.7 8.57253e-17 0.714143 0.713959
-0.8 9.79717e-17 0.6 0.705871
-0.9 1.10218e-16 0.43589 0.690729
-1 1.22465e-16 1.49012e-08 0.690461
-0 -0 1 0.69268
-0.0984808 -0.0173648 0.994987 0.696715
-0.196962 -0.0347296 0.979796 0.692869
-0.295442 -0.0520945 0.953939 0.667163
-0.393923 -0.0694593 0.916515 0.627718
-0.492404 -0.0868241 0.866025 0.657498
-0.590885 -0.104189 0.8 0.687804
-0.689365 -0.121554 0.714143 0.691536
-0.787846 -0.138919 0.6 0.696272
-0.886327 -0.156283 0.43589 0.707003
-0.984808 -0.173648 1.49012e-08 0.69046
-0 -0 1 0.69268
-0.0939693 -0.034202 0.994987 0.69498
-0.187939 -0.068404 0.979796 0.692402
-0.281908 -0.102606 0.953939 0.666498
-0.375877 -0.136808 0.916515 0.61528
-0.469846 -0.17101 0.866025 0.638589
-0.563816 -0.205212 0.8 0.658853
-0.657785 -0.239414 0.714143 0.684477
-0.751754 -0.273616 0.6 0.710891
-0.845723 -0.307818 0.43589 0.702823
-0.939693 -0.34202 1.49012e-08 0.69046
-0 -0 1 0.69268
-0.0866025 -0.05 0.994987 0.694033
-0.173205 -0.1 0.979796 0.693803
-0.259808 -0.15 0.953939 0.673067
-0.34641 -0.2 0.916515 0.636672
-0.433013 -0.25 0.866025 0.623324
-0.519615 -0.3 0.8 0.631127
-0.606218 -0.35 0.714143 0.670163
-0.69282 -0.4 0.6 0.703073
-0.779423 -0.45 0.43589 0.704457
-0.866025 -0.5 1.49012e-08 0.69046
-0 -0 1 0.69268
-0.0766044 -0.0642788 0.994987 0.695981
-0.153209 -0.128558 0.979796 0.695923
-0.229813 -0.192836 0.953939 0.681002
-0.306418 -0.257115 0.916515 0.647559
-0.383022 -0.321394 0.866025 0.640932
-0.459627 -0.385673 0.8 0.627486
-0.536231 -0.449951 0.714143 0.665394
-0.612836 -0.51423 0.6 0.672475
-0.68944 -0.578509 0.43589 0.667291
-0.766044 -0.642788 1.49012e-08 0.69046
-0 -0 1 0.69268
-0.0642788 -0.0766044 0.994987 0.697028
-0.128558 -0.153209 0.979796 0.697027
-0.192836 -0.229813 0.953939 0.687307
-0.257115 -0.306418 0.916515 0.672833
-0.321394 -0.383022 0.866025 0.671931
-0.385673 -0.459627 0.8 0.664679
-0.449951 -0.536231 0.714143 0.667556
-0.51423 -0.612836 0.6 0.663128
-0.578509 -0.68944 0.43589 0.617903
-0.642788 -0.766044 1.49012e-08 0.690461
-0 -0 1 0.69268
-0.05 -0.0866025 0.994987 0.697084
-0.1 -0.173205 0.979796 0.696218
-0.15 -0.259808 0.953939 0.689551
-0.2 -0.34641 0.916515 0.687112
-0.25 -0.433013 0.866025 0.691929
-0.3 -0.519615 0.8 0.68961
-0.35 -0.606218 0.714143 0.682694
-0.4 -0.69282 0.6 0.667023
-0.45 -0.779423 0.43589 0.5621
-0.5 -0.866025 1.49012e-08 0.690461
-0 -0 1 0.69268
-0.034202 -0.0939693 0.994987 0.696221
-0.068404 -0.187939 0.979796 0.692831
-0.102606 -0.281908 0.953939 0.686401
-0.136808 -0.375877 0.916515 0.690343
-0.17101 -0.469846 0.866025 0.696122
-0.205212 -0.563816 0.8 0.693706
-0.239414 -0.657785 0.714143 0.681538
-0.273616 -0.751754 0.6 0.658995
-0.307818 -0.845723 0.43589 0.593908
-0.34202 -0.939693 1.49012e-08 0.690461
-0 -0 1 0.69268
-0.0173648 -0.0984808 0.994987 0.694576
-0.0347296 -0.196962 0.979796 0.686605
-0.0520945 -0.295442 0.953939 0.672009
-0.0694593 -0.393923 0.916515 0.680834
-0.0868241 -0.492404 0.866025 0.687502
-0.104189 -0.590885 0.8 0.687157
-0.121554 -0.689365 0.714143 0.673341
-0.138919 -0.787846 0.6 0.651807
-0.156283 -0.886327 0.43589 0.627726
-0.173648 -0.984808 1.49012e-08 0.690461
-0 -0 1 0.69268
-1.83697e-17 -0.1 0.994987 0.692347
-3.67394e-17 -0.2 0.979796 0.679173
-5.51091e-17 -0.3 0.953939 0.652753
-7.34788e-17 -0.4 0.916515 0.675303
-9.18485e-17 -0.5 0.866025 0.691235
-1.10218e-16 -0.6 0.8 0.686963
-1.28588e-16 -0.7 0.714143 0.663158
-1.46958e-16 -0.8 0.6 0.639218
-1.65327e-16 -0.9 0.43589 0.65112
-1.83697e-16 -1 1.49012e-08 0.690461
0 -0 1 0.69268
0.0173648 -0.0984808 0.994987 0.689798
0.0347296 -0.196962 0.979796 0.679181
0.0520945 -0.295442 0.953939 0.669203
0.0694593 -0.393923 0.916515 0.684311
0.0868241 -0.492404 0.866025 0.692058
0.104189 -0.590885 0.8 0.679626
0.121554 -0.689365 0.714143 0.643642
0.138919 -0.787846 0.6 0.630751
0.156283 -0.886327 0.43589 0.669435
0.173648 -0.984808 1.49012e-08 0.690461
0 -0 1 0.69268
0.034202 -0.0939693 0.994987 0.687341
0.068404 -0.187939 0.979796 0.682054
0.102606 -0.281908 0.953939 0.680509
0.136808 -0.375877 0.916515 0.685142
0.17101 -0.469846 0.866025 0.686023
0.205212 -0.563816 0.8 0.663298
0.239414 -0.657785 0.714143 0.636393
0.273616 -0.751754 0.6 0.631687
0.307818 -0.845723 0.43589 0.686632
0.34202 -0.939693 1.49012e-08 0.690461
0 -0 1 0.69268
0.05 -0.0866025 0.994987 0.685325
0.1 -0.173205 0.979796 0.684783
0.15 -0.259808 0.953939 0.683129
0.2 -0.34641 0.916515 0.68026
0.25 -0.433013 0.866025 0.672919
0.3 -0.519615 0.8 0.647721
0.35 -0.606218 0.714143 0.645205
0.4 -0.69282 0.6 0.668348
0.45 -0.779423 0.43589 0.701134
0.5 -0.866025 1.49012e-08 0.690461
0 -0 1 0.69268
0.0642788 -0.0766044 0.994987 0.68348
0.128558 -0.153209 0.979796 0.685657
0.192836 -0.229813 0.953939 0.68041
0.257115 -0.306418 0.916515 0.671738
0.321394 -0.383022 0.866025 0.65039
0.385673 -0.459627 0.8 0.623533
0.449951 -0.536231 0.714143 0.651598
0.51423 -0.612836 0.6 0.689348
0.578509 -0.68944 0.43589 0.706847
0.642788 -0.766044 1.49012e-08 0.690461
0 -0 1 0.69268
0.0766044 -0.0642788 0.994987 0.681049
0.153209 -0.128558 0.979796 0.684737
0.229813 -0.192836 0.953939 0.678565
0.306418 -0.257115 0.916515 0.658349
0.383022 -0.321394 0.866025 0.616713
0.459627 -0.385673 0.8 0.576727
0.536231 -0.449951 0.714143 0.629295
0.612836 -0.51423 0.6 0.689826
0.68944 -0.578509 0.43589 0.707579
0.766044 -0.642788 1.49012e-08 0.690461
0 -0 1 0.69268
0.0866025 -0.05 0.994987 0.678274
0.173205 -0.1 0.979796 0.682064
0.259808 -0.15 0.953939 0.674213
0.34641 -0.2 0.916515 0.646299
0.433013 -0.25 0.866025 0.578253
0.519615 -0.3 0.8 0.571775
0.606218 -0.35 0.714143 0.627353
0.69282 -0.4 0.6 0.678029
0.779423 -0.45 0.43589 0.695861
0.866025 -0.5 1.49012e-08 0.690461
0 -0 1 0.69268
0.0939693 -0.034202 0.994987 0.675334
0.187939 -0.068404 0.979796 0.677779
0.281908 -0.102606 0.953939 0.667883
0.375877 -0.136808 0.916515 0.640643
0.469846 -0.17101 0.866025 0.583132
0.563816 -0.205212 0.8 0.579256
0.657785 -0.239414 0.714143 0.639353
0.751754 -0.273616 0.6 0.687681
0.845723 -0.307818 0.43589 0.675577
0.939693 -0.34202 1.49012e-08 0.690461
0 -0 1 0.69268
0.0984808 -0.0173648 0.994987 0.671489
0.196962 -0.0347296 0.979796 0.672493
0.295442 -0.0520945 0.953939 0.65994
0.393923 -0.0694593 0.916515 0.641353
0.492404 -0.0868241 0.866025 0.577987
0.590885 -0.104189 0.8 0.589075
0.689365 -0.121554 0.714143 0.655614
0.787846 -0.138919 0.6 0.685456
0.886327 -0.156283 0.43589 0.706974
0.984808 -0.173648 1.49012e-08 0.690461
0 -0 1 0.69268
0.1 -2.44929e-17 0.994987 0.667616
0.2 -4.89859e-17 0.979796 0.666989
0.3 -7.34788e-17 0.953939 0.660104
0.4 -9.79717e-17 0.916515 0.652319
0.5 -1.22465e-16 0.866025 0.626222
0.6 -1.46958e-16 0.8 0.625516
0.7 -1.71451e-16 0.714143 0.672831
0.8 -1.95943e-16 0.6 0.70729
0.9 -2.20436e-16 0.43589 0.696197
1 -2.44929e-16 1.49012e-08 0.690461
