0 0 1 0.608072
0.1 0 0.994987 0.62233
0.2 0 0.979796 0.626889
0.3 0 0.953939 0.599391
0.4 0 0.916515 0.644925
0.5 0 0.866025 0.664928
0.6 0 0.8 0.669999
0.7 0 0.714143 0.674021
0.8 0 0.6 0.662835
0.9 0 0.43589 0.685793
1 0 1.49012e-08 0.700999
0 0 1 0.608072
0.0984808 0.0173648 0.994987 0.620559
0.196962 0.0347296 0.979796 0.629956
0.295442 0.0520945 0.953939 0.623435
0.393923 0.0694593 0.916515 0.641147
0.492404 0.0868241 0.866025 0.637739
0.590885 0.104189 0.8 0.615996
0.689365 0.121554 0.714143 0.652453
0.787846 0.138919 0.6 0.675501
0.886327 0.156283 0.43589 0.695215
0.984808 0.173648 1.49012e-08 0.700999
0 0 1 0.608072
0.0939693 0.034202 0.994987 0.621199
0.187939 0.068404 0.979796 0.637673
0.281908 0.102606 0.953939 0.641836
0.375877 0.136808 0.916515 0.65684
0.469846 0.17101 0.866025 0.658562
0.563816 0.205212 0.8 0.645096
0.657785 0.239414 0.714143 0.692664
0.751754 0.273616 0.6 0.707134
0.845723 0.307818 0.43589 0.695361
0.939693 0.34202 1.49012e-08 0.700999
0 0 1 0.608072
0.0866025 0.05 0.994987 0.623948
0.173205 0.1 0.979796 0.646855
0.259808 0.15 0.953939 0.661527
0.34641 0.2 0.916515 0.681993
0.433013 0.25 0.866025 0.688274
0.519615 0.3 0.8 0.690319
0.606218 0.35 0.714143 0.703905
0.69282 0.4 0.6 0.708443
0.779423 0.45 0.43589 0.653079
0.866025 0.5 1.49012e-08 0.700999
0 0 1 0.608072
0.0766044 0.0642788 0.994987 0.626199
0.153209 0.128558 0.979796 0.655958
0.229813 0.192836 0.953939 0.677592
0.306418 0.257115 0.916515 0.697581
0.383022 0.321394 0.866025 0.704537
0.459627 0.385673 0.8 0.696721
0.536231 0.449951 0.714143 0.702765
0.612836 0.51423 0.6 0.692678
0.68944 0.578509 0.43589 0.616702
0.766044 0.642788 1.49012e-08 0.700999
0 0 1 0.608072
0.0642788 0.0766044 0.994987 0.627552
0.128558 0.153209 0.979796 0.664919
0.192836 0.229813 0.953939 0.689754
0.257115 0.306418 0.916515 0.705675
0.321394 0.383022 0.866025 0.709836
0.385673 0.459627 0.8 0.692563
0.449951 0.536231 0.714143 0.702711
0.51423 0.612836 0.6 0.688171
0.578509 0.68944 0.43589 0.62064
0.642788 0.766044 1.49012e-08 0.700999
0 0 1 0.608072
0.05 0.0866025 0.994987 0.628188
0.1 0.173205 0.979796 0.672195
0.15 0.259808 0.953939 0.698076
0.2 0.34641 0.916515 0.704864
0.25 0.433013 0.866025 0.70913
0.3 0.519615 0.8 0.701645
0.35 0.606218 0.714143 0.705123
0.4 0.69282 0.6 0.690806
0.45 0.779423 0.43589 0.628619
0.5 0.866025 1.49012e-08 0.700999
0 0 1 0.608072
0.034202 0.0939693 0.994987 0.628936
0.068404 0.187939 0.979796 0.677025
0.102606 0.281908 0.953939 0.702452
0.136808 0.375877 0.916515 0.706104
0.17101 0.469846 0.866025 0.701693
0.205212 0.563816 0.8 0.700171
0.239414 0.657785 0.714143 0.703376
0.273616 0.751754 0.6 0.687555
0.307818 0.845723 0.43589 0.645539
0.34202 0.939693 1.49012e-08 0.700999
0 0 1 0.608072
0.0173648 0.0984808 0.994987 0.629258
0.0347296 0.196962 0.979796 0.679735
0.0520945 0.295442 0.953939 0.703504
0.0694593 0.393923 0.916515 0.706695
0.0868241 0.492404 0.866025 0.696694
0.104189 0.590885 0.8 0.694755
0.121554 0.689365 0.714143 0.703518
0.138919 0.787846 0.6 0.683122
0.156283 0.886327 0.43589 0.646302
0.173648 0.984808 1.49012e-08 0.700999
0 0 1 0.608072
6.12323e-18 0.1 0.994987 0.628503
1.22465e-17 0.2 0.979796 0.680496
1.83697e-17 0.3 0.953939 0.70389
2.44929e-17 0.4 0.916515 0.708833
3.06162e-17 0.5 0.866025 0.705403
3.67394e-17 0.6 0.8 0.6959
4.28626e-17 0.7 0.714143 0.700009
4.89859e-17 0.8 0.6 0.678092
5.51091e-17 0.9 0.43589 0.641718
6.12323e-17 1 1.49012e-08 0.700999
-0 0 1 0.608072
-0.0173648 0.0984808 0.994987 0.626769
-0.0347296 0.196962 0.979796 0.679322
-0.0520945 0.295442 0.953939 0.7009
-0.0694593 0.393923 0.916515 0.702622
-0.0868241 0.492404 0.866025 0.704816
-0.104189 0.590885 0.8 0.700791
-0.121554 0.689365 0.714143 0.698691
-0.138919 0.787846 0.6 0.672335
-0.156283 0.886327 0.43589 0.615666
-0.173648 0.984808 1.49012e-08 0.700999
-0 0 1 0.608072
-0.034202 0.0939693 0.994987 0.624483
-0.068404 0.187939 0.979796 0.676232
-0.102606 0.281908 0.953939 0.698458
-0.136808 0.375877 0.916515 0.699598
-0.17101 0.469846 0.866025 0.700183
-0.205212 0.563816 0.8 0.704111
-0.239414 0.657785 0.714143 0.697985
-0.273616 0.751754 0.6 0.673672
-0.307818 0.845723 0.43589 0.593792
-0.34202 0.939693 1.49012e-08 0.700999
-0 0 1 0.608072
-0.05 0.0866025 0.994987 0.621619
-0.1 0.173205 0.979796 0.67107
-0.15 0.259808 0.953939 0.692931
-0.2 0.34641 0.916515 0.697842
-0.25 0.433013 0.866025 0.692728
-0.3 0.519615 0.8 0.690445
-0.35 0.606218 0.714143 0.697458
-0.4 0.69282 0.6 0.677988
-0.45 0.779423 0.43589 0.633397
-0.5 0.866025 1.49012e-08 0.700999
-0 0 1 0.608072
-0.0642788 0.0766044 0.994987 0.618045
-0.128558 0.153209 0.979796 0.663602
-0.192836 0.229813 0.953939 0.684793
-0.257115 0.306418 0.916515 0.693587
-0.321394 0.383022 0.866025 0.68957
-0.385673 0.459627 0.8 0.684015
-0.449951 0.536231 0.714143 0.692004
-0.51423 0.612836 0.6 0.670039
-0.578509 0.68944 0.43589 0.652453
-0.642788 0.766044 1.49012e-08 0.700999
-0 0 1 0.608072
-0.0766044 0.0642788 0.994987 0.616358
-0.153209 0.128558 0.979796 0.653941
-0.229813 0.192836 0.953939 0.671556
-0.306418 0.257115 0.916515 0.687548
-0.383022 0.321394 0.866025 0.696398
-0.459627 0.385673 0.8 0.678679
-0.536231 0.449951 0.714143 0.692571
-0.612836 0.51423 0.6 0.660417
-0.68944 0.578509 0.43589 0.640929
-0.766044 0.642788 1.49012e-08 0.700999
-0 0 1 0.608072
-0.0866025 0.05 0.994987 0.617642
-0.173205 0.1 0.979796 0.643712
-0.259808 0.15 0.953939 0.650025
-0.34641 0.2 0.916515 0.672575
-0.433013 0.25 0.866025 0.697973
-0.519615 0.3 0.8 0.702055
-0.606218 0.35 0.714143 0.701574
-0.69282 0.4 0.6 0.688603
-0.779423 0.45 0.43589 0.605262
-0.866025 0.5 1.49012e-08 0.700999
-0 0 1 0.608072
-0.0939693 0.034202 0.994987 0.619753
-0.187939 0.068404 0.979796 0.636818
-0.281908 0.102606 0.953939 0.624754
-0.375877 0.136808 0.916515 0.651465
-0.469846 0.17101 0.866025 0.690425
-0.563816 0.205212 0.8 0.704185
-0.657785 0.239414 0.714143 0.706381
-0.751754 0.273616 0.6 0.706347
-0.845723 0.307818 0.43589 0.660945
-0.939693 0.34202 1.49012e-08 0.700999
-0 0 1 0.608072
-0.0984808 0.0173648 0.994987 0.623395
-0.196962 0.0347296 0.979796 0.638752
-0.295442 0.0520945 0.953939 0.622736
-0.393923 0.0694593 0.916515 0.6425
-0.492404 0.0868241 0.866025 0.677134
-0.590885 0.104189 0.8 0.694846
-0.689365 0.121554 0.714143 0.705652
-0.787846 0.138919 0.6 0.701017
-0.886327 0.156283 0.43589 0.685454
-0.984808 0.173648 1.49012e-08 0.700999
-0 0 1 0.608072
-0.1 1.22465e-17 0.994987 0.628704
-0.2 2.44929e-17 0.979796 0.647233
-0.3 3.67394e-17 0.953939 0.638202
-0.4 4.89859e-17 0.916515 0.645349
-0.5 6.12323e-17 0.866025 0.652199
-0.6 7.34788e-17 0.8 0.660963
-0.7 8.57253e-17 0.714143 0.6649
-0.8 9.79717e-17 0.6 0.651011
-0.9 1.10218e-16 0.43589 0.674089
-1 1.22465e-16 1.49012e-08 0.700999
-0 -0 1 0.608072
-0.0984808 -0.0173648 0.994987 0.635299
-0.196962 -0.0347296 0.979796 0.657143
-0.295442 -0.0520945 0.953939 0.65827
-0.393923 -0.0694593 0.916515 0.660865
-0.492404 -0.0868241 0.866025 0.658388
-0.590885 -0.104189 0.8 0.631318
-0.689365 -0.121554 0.714143 0.666984
-0.787846 -0.138919 0.6 0.694051
-0.886327 -0.156283 0.43589 0.705157
-0.984808 -0.173648 1.49012e-08 0.700999
-0 -0 1 0.608072
-0.0939693 -0.034202 0.994987 0.642401
-0.187939 -0.068404 0.979796 0.667658
-0.281908 -0.102606 0.953939 0.67892
-0.375877 -0.136808 0.916515 0.683189
-0.469846 -0.17101 0.866025 0.689671
-0.563816 -0.205212 0.8 0.688815
-0.657785 -0.239414 0.714143 0.708567
-0.751754 -0.273616 0.6 0.712073
-0.845723 -0.307818 0.43589 0.688594
-0.939693 -0.34202 1.49012e-08 0.700999
-0 -0 1 0.608072
-0.0866025 -0.05 0.994987 0.649259
-0.173205 -0.1 0.979796 0.678865
-0.259808 -0.15 0.953939 0.695661
-0.34641 -0.2 0.916515 0.701816
-0.433013 -0.25 0.866025 0.70843
-0.519615 -0.3 0.8 0.708931
-0.606218 -0.35 0.714143 0.711824
-0.69282 -0.4 0.6 0.709647
-0.779423 -0.45 0.43589 0.649654
-0.866025 -0.5 1.49012e-08 0.700999
-0 -0 1 0.608072
-0.0766044 -0.0642788 0.994987 0.655342
-0.153209 -0.128558 0.979796 0.689266
-0.229813 -0.192836 0.953939 0.707047
-0.306418 -0.257115 0.916515 0.713315
-0.383022 -0.321394 0.866025 0.713215
-0.459627 -0.385673 0.8 0.713487
-0.536231 -0.449951 0.714143 0.712011
-0.612836 -0.51423 0.6 0.689871
-0.68944 -0.578509 0.43589 0.652358
-0.766044 -0.642788 1.49012e-08 0.700999
-0 -0 1 0.608072
-0.0642788 -0.0766044 0.994987 0.660368
-0.128558 -0.153209 0.979796 0.696615
-0.192836 -0.229813 0.953939 0.713092
-0.257115 -0.306418 0.916515 0.716298
-0.321394 -0.383022 0.866025 0.710609
-0.385673 -0.459627 0.8 0.698942
-0.449951 -0.536231 0.714143 0.714779
-0.51423 -0.612836 0.6 0.692463
-0.578509 -0.68944 0.43589 0.649852
-0.642788 -0.766044 1.49012e-08 0.700999
-0 -0 1 0.608072
-0.05 -0.0866025 0.994987 0.664451
-0.1 -0.173205 0.979796 0.700847
-0.15 -0.259808 0.953939 0.715399
-0.2 -0.34641 0.916515 0.717006
-0.25 -0.433013 0.866025 0.705534
-0.3 -0.519615 0.8 0.7104
-0.35 -0.606218 0.714143 0.714521
-0.4 -0.69282 0.6 0.68519
-0.45 -0.779423 0.43589 0.62652
-0.5 -0.866025 1.49012e-08 0.700999
-0 -0 1 0.608072
-0.034202 -0.0939693 0.994987 0.667294
-0.068404 -0.187939 0.979796 0.702977
-0.102606 -0.281908 0.953939 0.713918
-0.136808 -0.375877 0.916515 0.71384
-0.17101 -0.469846 0.866025 0.694839
-0.205212 -0.563816 0.8 0.714116
-0.239414 -0.657785 0.714143 0.713128
-0.273616 -0.751754 0.6 0.684425
-0.307818 -0.845723 0.43589 0.642673
-0.34202 -0.939693 1.49012e-08 0.700999
-0 -0 1 0.608072
-0.0173648 -0.0984808 0.994987 0.668816
-0.0347296 -0.196962 0.979796 0.703719
-0.0520945 -0.295442 0.953939 0.713379
-0.0694593 -0.393923 0.916515 0.715295
-0.0868241 -0.492404 0.866025 0.712734
-0.104189 -0.590885 0.8 0.715404
-0.121554 -0.689365 0.714143 0.715468
-0.138919 -0.787846 0.6 0.677103
-0.156283 -0.886327 0.43589 0.65822
-0.173648 -0.984808 1.49012e-08 0.700999
-0 -0 1 0.608072
-1.83697e-17 -0.1 0.994987 0.669031
-3.67394e-17 -0.2 0.979796 0.702493
-5.51091e-17 -0.3 0.953939 0.710988
-7.34788e-17 -0.4 0.916515 0.714466
-9.18485e-17 -0.5 0.866025 0.716205
-1.10218e-16 -0.6 0.8 0.7129
-1.28588e-16 -0.7 0.714143 0.711458
-1.46958e-16 -0.8 0.6 0.666975
-1.65327e-16 -0.9 0.43589 0.662787
-1.83697e-16 -1 1.49012e-08 0.700999
0 -0 1 0.608072
0.0173648 -0.0984808 0.994987 0.667954
0.0347296 -0.196962 0.979796 0.699638
0.0520945 -0.295442 0.953939 0.707784
0.0694593 -0.393923 0.916515 0.708563
0.0868241 -0.492404 0.866025 0.714116
0.104189 -0.590885 0.8 0.709305
0.121554 -0.689365 0.714143 0.705212
0.138919 -0.787846 0.6 0.654507
0.156283 -0.886327 0.43589 0.664851
0.173648 -0.984808 1.49012e-08 0.700999
0 -0 1 0.608072
0.034202 -0.0939693 0.994987 0.665598
0.068404 -0.187939 0.979796 0.695713
0.102606 -0.281908 0.953939 0.705625
0.136808 -0.375877 0.916515 0.70987
0.17101 -0.469846 0.866025 0.712773
0.205212 -0.563816 0.8 0.710325
0.239414 -0.657785 0.714143 0.698261
0.273616 -0.751754 0.6 0.651873
0.307818 -0.845723 0.43589 0.668151
0.34202 -0.939693 1.49012e-08 0.700999
0 -0 1 0.608072
0.05 -0.0866025 0.994987 0.661978
0.1 -0.173205 0.979796 0.69053
0.15 -0.259808 0.953939 0.699326
0.2 -0.34641 0.916515 0.704482
0.25 -0.433013 0.866025 0.69994
0.3 -0.519615 0.8 0.704011
0.35 -0.606218 0.714143 0.690915
0.4 -0.69282 0.6 0.650581
0.45 -0.779423 0.43589 0.669024
0.5 -0.866025 1.49012e-08 0.700999
0 -0 1 0.608072
0.0642788 -0.0766044 0.994987 0.657144
0.128558 -0.153209 0.979796 0.683566
0.192836 -0.229813 0.953939 0.69445
0.257115 -0.306418 0.916515 0.69736
0.321394 -0.383022 0.866025 0.673513
0.385673 -0.459627 0.8 0.688729
0.449951 -0.536231 0.714143 0.682539
0.51423 -0.612836 0.6 0.629731
0.578509 -0.68944 0.43589 0.666875
0.642788 -0.766044 1.49012e-08 0.700999
0 -0 1 0.608072
0.0766044 -0.0642788 0.994987 0.651196
0.153209 -0.128558 0.979796 0.674688
0.229813 -0.192836 0.953939 0.686837
0.306418 -0.257115 0.916515 0.689933
0.383022 -0.321394 0.866025 0.679445
0.459627 -0.385673 0.8 0.684521
0.536231 -0.449951 0.714143 0.689857
0.612836 -0.51423 0.6 0.640113
0.68944 -0.578509 0.43589 0.664808
0.766044 -0.642788 1.49012e-08 0.700999
0 -0 1 0.608072
0.0866025 -0.05 0.994987 0.644294
0.173205 -0.1 0.979796 0.66293
0.259808 -0.15 0.953939 0.67194
0.34641 -0.2 0.916515 0.686742
0.433013 -0.25 0.866025 0.696645
0.519615 -0.3 0.8 0.701705
0.606218 -0.35 0.714143 0.699038
0.69282 -0.4 0.6 0.682213
0.779423 -0.45 0.43589 0.645333
0.866025 -0.5 1.49012e-08 0.700999
0 -0 1 0.608072
0.0939693 -0.034202 0.994987 0.636712
0.187939 -0.068404 0.979796 0.648995
0.281908 -0.102606 0.953939 0.647789
0.375877 -0.136808 0.916515 0.673506
0.469846 -0.17101 0.866025 0.694103
0.563816 -0.205212 0.8 0.699585
0.657785 -0.239414 0.714143 0.704892
0.751754 -0.273616 0.6 0.699109
0.845723 -0.307818 0.43589 0.628905
0.939693 -0.34202 1.49012e-08 0.700999
0 -0 1 0.608072
0.0984808 -0.0173648 0.994987 0.628912
0.196962 -0.0347296 0.979796 0.635519
0.295442 -0.0520945 0.953939 0.618295
0.393923 -0.0694593 0.916515 0.656654
0.492404 -0.0868241 0.866025 0.685681
0.590885 -0.104189 0.8 0.697608
0.689365 -0.121554 0.714143 0.696233
0.787846 -0.138919 0.6 0.694888
0.886327 -0.156283 0.43589 0.6624
0.984808 -0.173648 1.49012e-08 0.700999
0 -0 1 0.608072
0.1 -2.44929e-17 0.994987 0.62233
0.2 -4.89859e-17 0.979796 0.626889
0.3 -7.34788e-17 0.953939 0.599391
0.4 -9.79717e-17 0.916515 0.644925
0.5 -1.22465e-16 0.866025 0.664928
0.6 -1.46958e-16 0.8 0.669999
0.7 -1.71451e-16 0.714143 0.674021
0.8 -1.95943e-16 0.6 0.662835
0.9 -2.20436e-16 0.43589 0.685793
1 -2.44929e-16 1.49012e-08 0.700999
