0 0 1 0.701075
0.1 0 0.994987 0.686176
0.2 0 0.979796 0.670672
0.3 0 0.953939 0.67632
0.4 0 0.916515 0.686808
0.5 0 0.866025 0.680602
0.6 0 0.8 0.67604
0.7 0 0.714143 0.695282
0.8 0 0.6 0.71124
0.9 0 0.43589 0.709781
1 0 1.49012e-08 0.71076
0 0 1 0.701075
0.0984808 0.0173648 0.994987 0.685291
0.196962 0.0347296 0.979796 0.666952
0.295442 0.0520945 0.953939 0.66151
0.393923 0.0694593 0.916515 0.660935
0.492404 0.0868241 0.866025 0.656446
0.590885 0.104189 0.8 0.667328
0.689365 0.121554 0.714143 0.686292
0.787846 0.138919 0.6 0.676821
0.886327 0.156283 0.43589 0.631851
0.984808 0.173648 1.49012e-08 0.71076
0 0 1 0.701075
0.0939693 0.034202 0.994987 0.684188
0.187939 0.068404 0.979796 0.66093
0.281908 0.102606 0.953939 0.64005
0.375877 0.136808 0.916515 0.620067
0.469846 0.17101 0.866025 0.60525
0.563816 0.205212 0.8 0.61046
0.657785 0.239414 0.714143 0.635312
0.751754 0.273616 0.6 0.650552
0.845723 0.307818 0.43589 0.709443
0.939693 0.34202 1.49012e-08 0.71076
0 0 1 0.701075
0.0866025 0.05 0.994987 0.683044
0.173205 0.1 0.979796 0.653345
0.259808 0.15 0.953939 0.612909
0.34641 0.2 0.916515 0.564013
0.433013 0.25 0.866025 0.528269
0.519615 0.3 0.8 0.548405
0.606218 0.35 0.714143 0.634815
0.69282 0.4 0.6 0.689985
0.779423 0.45 0.43589 0.69562
0.866025 0.5 1.49012e-08 0.71076
0 0 1 0.701075
0.0766044 0.0642788 0.994987 0.682048
0.153209 0.128558 0.979796 0.64587
0.229813 0.192836 0.953939 0.584707
0.306418 0.257115 0.916515 0.514699
0.383022 0.321394 0.866025 0.480489
0.459627 0.385673 0.8 0.560167
0.536231 0.449951 0.714143 0.651076
0.612836 0.51423 0.6 0.678661
0.68944 0.578509 0.43589 0.665853
0.766044 0.642788 1.49012e-08 0.71076
0 0 1 0.701075
0.0642788 0.0766044 0.994987 0.681415
0.128558 0.153209 0.979796 0.641436
0.192836 0.229813 0.953939 0.572121
0.257115 0.306418 0.916515 0.495401
0.321394 0.383022 0.866025 0.518524
0.385673 0.459627 0.8 0.600353
0.449951 0.536231 0.714143 0.66434
0.51423 0.612836 0.6 0.681255
0.578509 0.68944 0.43589 0.69138
0.642788 0.766044 1.49012e-08 0.71076
0 0 1 0.701075
0.05 0.0866025 0.994987 0.681314
0.1 0.173205 0.979796 0.641599
0.15 0.259808 0.953939 0.585729
0.2 0.34641 0.916515 0.548497
0.25 0.433013 0.866025 0.581257
0.3 0.519615 0.8 0.643256
0.35 0.606218 0.714143 0.689395
0.4 0.69282 0.6 0.708066
0.45 0.779423 0.43589 0.713026
0.5 0.866025 1.49012e-08 0.71076
0 0 1 0.701075
0.034202 0.0939693 0.994987 0.681766
0.068404 0.187939 0.979796 0.645391
0.102606 0.281908 0.953939 0.606876
0.136808 0.375877 0.916515 0.602636
0.17101 0.469846 0.866025 0.632086
0.205212 0.563816 0.8 0.6672
0.239414 0.657785 0.714143 0.700914
0.273616 0.751754 0.6 0.719207
0.307818 0.845723 0.43589 0.718692
0.34202 0.939693 1.49012e-08 0.71076
0 0 1 0.701075
0.0173648 0.0984808 0.994987 0.682722
0.0347296 0.196962 0.979796 0.649251
0.0520945 0.295442 0.953939 0.624076
0.0694593 0.393923 0.916515 0.637865
0.0868241 0.492404 0.866025 0.662495
0.104189 0.590885 0.8 0.67433
0.121554 0.689365 0.714143 0.694206
0.138919 0.787846 0.6 0.718838
0.156283 0.886327 0.43589 0.717581
0.173648 0.984808 1.49012e-08 0.71076
0 0 1 0.701075
6.12323e-18 0.1 0.994987 0.684073
1.22465e-17 0.2 0.979796 0.651914
1.83697e-17 0.3 0.953939 0.633499
2.44929e-17 0.4 0.916515 0.660894
3.06162e-17 0.5 0.866025 0.682249
3.67394e-17 0.6 0.8 0.678769
4.28626e-17 0.7 0.714143 0.681306
4.89859e-17 0.8 0.6 0.709105
5.51091e-17 0.9 0.43589 0.714882
6.12323e-17 1 1.49012e-08 0.71076
-0 0 1 0.701075
-0.0173648 0.0984808 0.994987 0.685745
-0.0347296 0.196962 0.979796 0.653875
-0.0520945 0.295442 0.953939 0.640014
-0.0694593 0.393923 0.916515 0.672652
-0.0868241 0.492404 0.866025 0.695956
-0.104189 0.590885 0.8 0.691789
-0.121554 0.689365 0.714143 0.667414
-0.138919 0.787846 0.6 0.690188
-0.156283 0.886327 0.43589 0.711817
-0.173648 0.984808 1.49012e-08 0.71076
-0 0 1 0.701075
-0.034202 0.0939693 0.994987 0.687722
-0.068404 0.187939 0.979796 0.655362
-0.102606 0.281908 0.953939 0.638051
-0.136808 0.375877 0.916515 0.676355
-0.17101 0.469846 0.866025 0.703869
-0.205212 0.563816 0.8 0.706261
-0.239414 0.657785 0.714143 0.6803
-0.273616 0.751754 0.6 0.671536
-0.307818 0.845723 0.43589 0.698477
-0.34202 0.939693 1.49012e-08 0.71076
-0 0 1 0.701075
-0.05 0.0866025 0.994987 0.690026
-0.1 0.173205 0.979796 0.656874
-0.15 0.259808 0.953939 0.630875
-0.2 0.34641 0.916515 0.676505
-0.25 0.433013 0.866025 0.707648
-0.3 0.519615 0.8 0.714883
-0.35 0.606218 0.714143 0.69827
-0.4 0.69282 0.6 0.660594
-0.45 0.779423 0.43589 0.669754
-0.5 0.866025 1.49012e-08 0.71076
-0 0 1 0.701075
-0.0642788 0.0766044 0.994987 0.692674
-0.128558 0.153209 0.979796 0.660298
-0.192836 0.229813 0.953939 0.632223
-0.257115 0.306418 0.916515 0.669304
-0.321394 0.383022 0.866025 0.707855
-0.385673 0.459627 0.8 0.716151
-0.449951 0.536231 0.714143 0.717262
-0.51423 0.612836 0.6 0.690689
-0.578509 0.68944 0.43589 0.667474
-0.642788 0.766044 1.49012e-08 0.71076
-0 0 1 0.701075
-0.0766044 0.0642788 0.994987 0.695624
-0.153209 0.128558 0.979796 0.667837
-0.229813 0.192836 0.953939 0.633743
-0.306418 0.257115 0.916515 0.655169
-0.383022 0.321394 0.866025 0.700541
-0.459627 0.385673 0.8 0.716075
-0.536231 0.449951 0.714143 0.714628
-0.612836 0.51423 0.6 0.714819
-0.68944 0.578509 0.43589 0.666801
-0.766044 0.642788 1.49012e-08 0.71076
-0 0 1 0.701075
-0.0866025 0.05 0.994987 0.698729
-0.173205 0.1 0.979796 0.678396
-0.259808 0.15 0.953939 0.644418
-0.34641 0.2 0.916515 0.640971
-0.433013 0.25 0.866025 0.680915
-0.519615 0.3 0.8 0.70947
-0.606218 0.35 0.714143 0.713697
-0.69282 0.4 0.6 0.71803
-0.779423 0.45 0.43589 0.697283
-0.866025 0.5 1.49012e-08 0.71076
-0 0 1 0.701075
-0.0939693 0.034202 0.994987 0.701738
-0.187939 0.068404 0.979796 0.689686
-0.281908 0.102606 0.953939 0.664878
-0.375877 0.136808 0.916515 0.637453
-0.469846 0.17101 0.866025 0.649254
-0.563816 0.205212 0.8 0.677234
-0.657785 0.239414 0.714143 0.702017
-0.751754 0.273616 0.6 0.703036
-0.845723 0.307818 0.43589 0.710737
-0.939693 0.34202 1.49012e-08 0.71076
-0 0 1 0.701075
-0.0984808 0.0173648 0.994987 0.704364
-0.196962 0.0347296 0.979796 0.699319
-0.295442 0.0520945 0.953939 0.685213
-0.393923 0.0694593 0.916515 0.660489
-0.492404 0.0868241 0.866025 0.629729
-0.590885 0.104189 0.8 0.612125
-0.689365 0.121554 0.714143 0.626409
-0.787846 0.138919 0.6 0.691738
-0.886327 0.156283 0.43589 0.707817
-0.984808 0.173648 1.49012e-08 0.71076
-0 0 1 0.701075
-0.1 1.22465e-17 0.994987 0.706489
-0.2 2.44929e-17 0.979796 0.706316
-0.3 3.67394e-17 0.953939 0.700793
-0.4 4.89859e-17 0.916515 0.686231
-0.5 6.12323e-17 0.866025 0.653984
-0.6 7.34788e-17 0.8 0.597609
-0.7 8.57253e-17 0.714143 0.59502
-0.8 9.79717e-17 0.6 0.631745
-0.9 1.10218e-16 0.43589 0.637602
-1 1.22465e-16 1.49012e-08 0.71076
-0 -0 1 0.701075
-0.0984808 -0.0173648 0.994987 0.708004
-0.196962 -0.0347296 0.979796 0.710031
-0.295442 -0.0520945 0.953939 0.709698
-0.393923 -0.0694593 0.916515 0.702916
-0.492404 -0.0868241 0.866025 0.68908
-0.590885 -0.104189 0.8 0.678031
-0.689365 -0.121554 0.714143 0.684849
-0.787846 -0.138919 0.6 0.68784
-0.886327 -0.156283 0.43589 0.692484
-0.984808 -0.173648 1.49012e-08 0.71076
-0 -0 1 0.701075
-0.0939693 -0.034202 0.994987 0.708917
-0.187939 -0.068404 0.979796 0.710748
-0.281908 -0.102606 0.953939 0.711518
-0.375877 -0.136808 0.916515 0.708339
-0.469846 -0.17101 0.866025 0.703118
-0.563816 -0.205212 0.8 0.70183
-0.657785 -0.239414 0.714143 0.704398
-0.751754 -0.273616 0.6 0.696696
-0.845723 -0.307818 0.43589 0.705116
-0.939693 -0.34202 1.49012e-08 0.71076
-0 -0 1 0.701075
-0.0866025 -0.05 0.994987 0.709333
-0.173205 -0.1 0.979796 0.710103
-0.259808 -0.15 0.953939 0.708404
-0.34641 -0.2 0.916515 0.699452
-0.433013 -0.25 0.866025 0.700561
-0.519615 -0.3 0.8 0.684683
-0.606218 -0.35 0.714143 0.703499
-0.69282 -0.4 0.6 0.688961
-0.779423 -0.45 0.43589 0.709583
-0.866025 -0.5 1.49012e-08 0.71076
-0 -0 1 0.701075
-0.0766044 -0.0642788 0.994987 0.709623
-0.153209 -0.128558 0.979796 0.709055
-0.229813 -0.192836 0.953939 0.710697
-0.306418 -0.257115 0.916515 0.700193
-0.383022 -0.321394 0.866025 0.700364
-0.459627 -0.385673 0.8 0.694632
-0.536231 -0.449951 0.714143 0.707908
-0.612836 -0.51423 0.6 0.702425
-0.68944 -0.578509 0.43589 0.690472
-0.766044 -0.642788 1.49012e-08 0.71076
-0 -0 1 0.701075
-0.0642788 -0.0766044 0.994987 0.709777
-0.128558 -0.153209 0.979796 0.711003
-0.192836 -0.229813 0.953939 0.711223
-0.257115 -0.306418 0.916515 0.704539
-0.321394 -0.383022 0.866025 0.696367
-0.385673 -0.459627 0.8 0.700595
-0.449951 -0.536231 0.714143 0.699931
-0.51423 -0.612836 0.6 0.681097
-0.578509 -0.68944 0.43589 0.649117
-0.642788 -0.766044 1.49012e-08 0.71076
-0 -0 1 0.701075
-0.05 -0.0866025 0.994987 0.709183
-0.1 -0.173205 0.979796 0.710508
-0.15 -0.259808 0.953939 0.707879
-0.2 -0.34641 0.916515 0.696702
-0.25 -0.433013 0.866025 0.682682
-0.3 -0.519615 0.8 0.690238
-0.35 -0.606218 0.714143 0.676076
-0.4 -0.69282 0.6 0.646252
-0.45 -0.779423 0.43589 0.651721
-0.5 -0.866025 1.49012e-08 0.71076
-0 -0 1 0.701075
-0.034202 -0.0939693 0.994987 0.707709
-0.068404 -0.187939 0.979796 0.706746
-0.102606 -0.281908 0.953939 0.700329
-0.136808 -0.375877 0.916515 0.681559
-0.17101 -0.469846 0.866025 0.656258
-0.205212 -0.563816 0.8 0.668121
-0.239414 -0.657785 0.714143 0.648297
-0.273616 -0.751754 0.6 0.614221
-0.307818 -0.845723 0.43589 0.672892
-0.34202 -0.939693 1.49012e-08 0.71076
-0 -0 1 0.701075
-0.0173648 -0.0984808 0.994987 0.705417
-0.0347296 -0.196962 0.979796 0.700271
-0.0520945 -0.295442 0.953939 0.68922
-0.0694593 -0.393923 0.916515 0.665697
-0.0868241 -0.492404 0.866025 0.643862
-0.104189 -0.590885 0.8 0.64982
-0.121554 -0.689365 0.714143 0.644493
-0.138919 -0.787846 0.6 0.623825
-0.156283 -0.886327 0.43589 0.692991
-0.173648 -0.984808 1.49012e-08 0.71076
-0 -0 1 0.701075
-1.83697e-17 -0.1 0.994987 0.702471
-3.67394e-17 -0.2 0.979796 0.692132
-5.51091e-17 -0.3 0.953939 0.676429
-7.34788e-17 -0.4 0.916515 0.653253
-9.18485e-17 -0.5 0.866025 0.627068
-1.10218e-16 -0.6 0.8 0.66038
-1.28588e-16 -0.7 0.714143 0.668868
-1.46958e-16 -0.8 0.6 0.661902
-1.65327e-16 -0.9 0.43589 0.701937
-1.83697e-16 -1 1.49012e-08 0.71076
0 -0 1 0.701075
0.0173648 -0.0984808 0.994987 0.69917
0.0347296 -0.196962 0.979796 0.683568
0.0520945 -0.295442 0.953939 0.662619
0.0694593 -0.393923 0.916515 0.657938
0.0868241 -0.492404 0.866025 0.649809
0.104189 -0.590885 0.8 0.685513
0.121554 -0.689365 0.714143 0.692367
0.138919 -0.787846 0.6 0.675141
0.156283 -0.886327 0.43589 0.703756
0.173648 -0.984808 1.49012e-08 0.71076
0 -0 1 0.701075
0.034202 -0.0939693 0.994987 0.695789
0.068404 -0.187939 0.979796 0.67616
0.102606 -0.281908 0.953939 0.658943
0.136808 -0.375877 0.916515 0.673451
0.17101 -0.469846 0.866025 0.679652
0.205212 -0.563816 0.8 0.703544
0.239414 -0.657785 0.714143 0.706877
0.273616 -0.751754 0.6 0.688728
0.307818 -0.845723 0.43589 0.709613
0.34202 -0.939693 1.49012e-08 0.71076
0 -0 1 0.701075
0.05 -0.0866025 0.994987 0.692854
0.1 -0.173205 0.979796 0.670966
0.15 -0.259808 0.953939 0.6614
0.2 -0.34641 0.916515 0.68672
0.25 -0.433013 0.866025 0.701852
0.3 -0.519615 0.8 0.713722
0.35 -0.606218 0.714143 0.712055
0.4 -0.69282 0.6 0.698354
0.45 -0.779423 0.43589 0.708835
0.5 -0.866025 1.49012e-08 0.71076
0 -0 1 0.701075
0.0642788 -0.0766044 0.994987 0.69058
0.128558 -0.153209 0.979796 0.667379
0.192836 -0.229813 0.953939 0.666675
0.257115 -0.306418 0.916515 0.694809
0.321394 -0.383022 0.866025 0.713918
0.385673 -0.459627 0.8 0.712354
0.449951 -0.536231 0.714143 0.715152
0.51423 -0.612836 0.6 0.708357
0.578509 -0.68944 0.43589 0.699935
0.642788 -0.766044 1.49012e-08 0.71076
0 -0 1 0.701075
0.0766044 -0.0642788 0.994987 0.688951
0.153209 -0.128558 0.979796 0.666449
0.229813 -0.192836 0.953939 0.679273
0.306418 -0.257115 0.916515 0.702614
0.383022 -0.321394 0.866025 0.717115
0.459627 -0.385673 0.8 0.71175
0.536231 -0.449951 0.714143 0.718217
0.612836 -0.51423 0.6 0.711277
0.68944 -0.578509 0.43589 0.685935
0.766044 -0.642788 1.49012e-08 0.71076
0 -0 1 0.701075
0.0866025 -0.05 0.994987 0.68796
0.173205 -0.1 0.979796 0.670532
0.259808 -0.15 0.953939 0.686965
0.34641 -0.2 0.916515 0.708504
0.433013 -0.25 0.866025 0.717142
0.519615 -0.3 0.8 0.716006
0.606218 -0.35 0.714143 0.70528
0.69282 -0.4 0.6 0.704272
0.779423 -0.45 0.43589 0.680524
0.866025 -0.5 1.49012e-08 0.71076
0 -0 1 0.701075
0.0939693 -0.034202 0.994987 0.687345
0.187939 -0.068404 0.979796 0.672685
0.281908 -0.102606 0.953939 0.688573
0.375877 -0.136808 0.916515 0.70931
0.469846 -0.17101 0.866025 0.71037
0.563816 -0.205212 0.8 0.693052
0.657785 -0.239414 0.714143 0.685034
0.751754 -0.273616 0.6 0.639502
0.845723 -0.307818 0.43589 0.658032
0.939693 -0.34202 1.49012e-08 0.71076
0 -0 1 0.701075
0.0984808 -0.0173648 0.994987 0.686826
0.196962 -0.0347296 0.979796 0.672058
0.295442 -0.0520945 0.953939 0.685623
0.393923 -0.0694593 0.916515 0.702223
0.492404 -0.0868241 0.866025 0.698565
0.590885 -0.104189 0.8 0.676691
0.689365 -0.121554 0.714143 0.657698
0.787846 -0.138919 0.6 0.684622
0.886327 -0.156283 0.43589 0.663243
0.984808 -0.173648 1.49012e-08 0.71076
0 -0 1 0.701075
0.1 -2.44929e-17 0.994987 0.686176
0.2 -4.89859e-17 0.979796 0.670672
0.3 -7.34788e-17 0.953939 0.67632
0.4 -9.79717e-17 0.916515 0.686808
0.5 -1.22465e-16 0.866025 0.680602
0.6 -1.46958e-16 0.8 0.67604
0.7 -1.71451e-16 0.714143 0.695282
0.8 -1.95943e-16 0.6 0.71124
0.9 -2.20436e-16 0.43589 0.709781
1 -2.44929e-16 1.49012e-08 0.71076
