0 0 1 0.698884
0.1 0 0.994987 0.699659
0.2 0 0.979796 0.69147
0.3 0 0.953939 0.693023
0.4 0 0.916515 0.676525
0.5 0 0.866025 0.644745
0.6 0 0.8 0.639599
0.7 0 0.714143 0.672245
0.8 0 0.6 0.695033
0.9 0 0.43589 0.68565
1 0 1.49012e-08 0.682442
0 0 1 0.698884
0.0984808 0.0173648 0.994987 0.699444
0.196962 0.0347296 0.979796 0.691446
0.295442 0.0520945 0.953939 0.686493
0.393923 0.0694593 0.916515 0.662766
0.492404 0.0868241 0.866025 0.63732
0.590885 0.104189 0.8 0.665649
0.689365 0.121554 0.714143 0.698381
0.787846 0.138919 0.6 0.707559
0.886327 0.156283 0.43589 0.694139
0.984808 0.173648 1.49012e-08 0.682442
0 0 1 0.698884
0.0939693 0.034202 0.994987 0.698926
0.187939 0.068404 0.979796 0.691213
0.281908 0.102606 0.953939 0.68057
0.375877 0.136808 0.916515 0.642514
0.469846 0.17101 0.866025 0.616912
0.563816 0.205212 0.8 0.664486
0.657785 0.239414 0.714143 0.702821
0.751754 0.273616 0.6 0.710131
0.845723 0.307818 0.43589 0.696195
0.939693 0.34202 1.49012e-08 0.682442
0 0 1 0.698884
0.0866025 0.05 0.994987 0.698061
0.173205 0.1 0.979796 0.690734
0.259808 0.15 0.953939 0.677578
0.34641 0.2 0.916515 0.630165
0.433013 0.25 0.866025 0.602204
0.519615 0.3 0.8 0.670591
0.606218 0.35 0.714143 0.707635
0.69282 0.4 0.6 0.706698
0.779423 0.45 0.43589 0.713846
0.866025 0.5 1.49012e-08 0.682442
0 0 1 0.698884
0.0766044 0.0642788 0.994987 0.696843
0.153209 0.128558 0.979796 0.69031
0.229813 0.192836 0.953939 0.680458
0.306418 0.257115 0.916515 0.644465
0.383022 0.321394 0.866025 0.636093
0.459627 0.385673 0.8 0.680612
0.536231 0.449951 0.714143 0.710328
0.612836 0.51423 0.6 0.715551
0.68944 0.578509 0.43589 0.707269
0.766044 0.642788 1.49012e-08 0.682442
0 0 1 0.698884
0.0642788 0.0766044 0.994987 0.695264
0.128558 0.153209 0.979796 0.691137
0.192836 0.229813 0.953939 0.687316
0.257115 0.306418 0.916515 0.662832
0.321394 0.383022 0.866025 0.646353
0.385673 0.459627 0.8 0.671274
0.449951 0.536231 0.714143 0.697745
0.51423 0.612836 0.6 0.70661
0.578509 0.68944 0.43589 0.713571
0.642788 0.766044 1.49012e-08 0.682442
0 0 1 0.698884
0.05 0.0866025 0.994987 0.693361
0.1 0.173205 0.979796 0.693765
0.15 0.259808 0.953939 0.694567
0.2 0.34641 0.916515 0.676358
0.25 0.433013 0.866025 0.643776
0.3 0.519615 0.8 0.64142
0.35 0.606218 0.714143 0.666577
0.4 0.69282 0.6 0.70405
0.45 0.779423 0.43589 0.710775
0.5 0.866025 1.49012e-08 0.682442
0 0 1 0.698884
0.034202 0.0939693 0.994987 0.691007
0.068404 0.187939 0.979796 0.696482
0.102606 0.281908 0.953939 0.699534
0.136808 0.375877 0.916515 0.683985
0.17101 0.469846 0.866025 0.640904
0.205212 0.563816 0.8 0.595009
0.239414 0.657785 0.714143 0.629657
0.273616 0.751754 0.6 0.697428
0.307818 0.845723 0.43589 0.719256
0.34202 0.939693 1.49012e-08 0.682442
0 0 1 0.698884
0.0173648 0.0984808 0.994987 0.687829
0.0347296 0.196962 0.979796 0.697996
0.0520945 0.295442 0.953939 0.701611
0.0694593 0.393923 0.916515 0.689825
0.0868241 0.492404 0.866025 0.642998
0.104189 0.590885 0.8 0.581917
0.121554 0.689365 0.714143 0.626228
0.138919 0.787846 0.6 0.691475
0.156283 0.886327 0.43589 0.719485
0.173648 0.984808 1.49012e-08 0.682442
0 0 1 0.698884
6.12323e-18 0.1 0.994987 0.683628
1.22465e-17 0.2 0.979796 0.697186
1.83697e-17 0.3 0.953939 0.700464
2.44929e-17 0.4 0.916515 0.696767
3.06162e-17 0.5 0.866025 0.66552
3.67394e-17 0.6 0.8 0.630193
4.28626e-17 0.7 0.714143 0.629801
4.89859e-17 0.8 0.6 0.675914
5.51091e-17 0.9 0.43589 0.716428
6.12323e-17 1 1.49012e-08 0.682442
-0 0 1 0.698884
-0.0173648 0.0984808 0.994987 0.679239
-0.0347296 0.196962 0.979796 0.694375
-0.0520945 0.295442 0.953939 0.703011
-0.0694593 0.393923 0.916515 0.702958
-0.0868241 0.492404 0.866025 0.691827
-0.104189 0.590885 0.8 0.675364
-0.121554 0.689365 0.714143 0.653259
-0.138919 0.787846 0.6 0.649782
-0.156283 0.886327 0.43589 0.705478
-0.173648 0.984808 1.49012e-08 0.682442
-0 0 1 0.698884
-0.034202 0.0939693 0.994987 0.676046
-0.068404 0.187939 0.979796 0.689991
-0.102606 0.281908 0.953939 0.702436
-0.136808 0.375877 0.916515 0.704584
-0.17101 0.469846 0.866025 0.706614
-0.205212 0.563816 0.8 0.703033
-0.239414 0.657785 0.714143 0.688326
-0.273616 0.751754 0.6 0.646533
-0.307818 0.845723 0.43589 0.685211
-0.34202 0.939693 1.49012e-08 0.682442
-0 0 1 0.698884
-0.05 0.0866025 0.994987 0.675011
-0.1 0.173205 0.979796 0.684737
-0.15 0.259808 0.953939 0.696901
-0.2 0.34641 0.916515 0.695993
-0.25 0.433013 0.866025 0.709459
-0.3 0.519615 0.8 0.712211
-0.35 0.606218 0.714143 0.711171
-0.4 0.69282 0.6 0.678303
-0.45 0.779423 0.43589 0.657274
-0.5 0.866025 1.49012e-08 0.682442
-0 0 1 0.698884
-0.0642788 0.0766044 0.994987 0.676057
-0.128558 0.153209 0.979796 0.680136
-0.192836 0.229813 0.953939 0.69436
-0.257115 0.306418 0.916515 0.681885
-0.321394 0.383022 0.866025 0.706226
-0.385673 0.459627 0.8 0.701565
-0.449951 0.536231 0.714143 0.71424
-0.51423 0.612836 0.6 0.705163
-0.578509 0.68944 0.43589 0.643335
-0.642788 0.766044 1.49012e-08 0.682442
-0 0 1 0.698884
-0.0766044 0.0642788 0.994987 0.679413
-0.153209 0.128558 0.979796 0.679187
-0.229813 0.192836 0.953939 0.698628
-0.306418 0.257115 0.916515 0.695025
-0.383022 0.321394 0.866025 0.707079
-0.459627 0.385673 0.8 0.711506
-0.536231 0.449951 0.714143 0.71475
-0.612836 0.51423 0.6 0.711357
-0.68944 0.578509 0.43589 0.673982
-0.766044 0.642788 1.49012e-08 0.682442
-0 0 1 0.698884
-0.0866025 0.05 0.994987 0.684107
-0.173205 0.1 0.979796 0.684786
-0.259808 0.15 0.953939 0.702498
-0.34641 0.2 0.916515 0.703287
-0.433013 0.25 0.866025 0.704594
-0.519615 0.3 0.8 0.698568
-0.606218 0.35 0.714143 0.699275
-0.69282 0.4 0.6 0.700169
-0.779423 0.45 0.43589 0.688288
-0.866025 0.5 1.49012e-08 0.682442
-0 0 1 0.698884
-0.0939693 0.034202 0.994987 0.688899
-0.187939 0.068404 0.979796 0.691361
-0.281908 0.102606 0.953939 0.701698
-0.375877 0.136808 0.916515 0.701233
-0.469846 0.17101 0.866025 0.697965
-0.563816 0.205212 0.8 0.673226
-0.657785 0.239414 0.714143 0.647153
-0.751754 0.273616 0.6 0.651424
-0.845723 0.307818 0.43589 0.669453
-0.939693 0.34202 1.49012e-08 0.682442
-0 0 1 0.698884
-0.0984808 0.0173648 0.994987 0.693175
-0.196962 0.0347296 0.979796 0.694997
-0.295442 0.0520945 0.953939 0.695188
-0.393923 0.0694593 0.916515 0.691508
-0.492404 0.0868241 0.866025 0.678371
-0.590885 0.104189 0.8 0.659071
-0.689365 0.121554 0.714143 0.664201
-0.787846 0.138919 0.6 0.687839
-0.886327 0.156283 0.43589 0.712045
-0.984808 0.173648 1.49012e-08 0.682442
-0 0 1 0.698884
-0.1 1.22465e-17 0.994987 0.697306
-0.2 2.44929e-17 0.979796 0.699001
-0.3 3.67394e-17 0.953939 0.691803
-0.4 4.89859e-17 0.916515 0.676392
-0.5 6.12323e-17 0.866025 0.646088
-0.6 7.34788e-17 0.8 0.645031
-0.7 8.57253e-17 0.714143 0.681396
-0.8 9.79717e-17 0.6 0.708567
-0.9 1.10218e-16 0.43589 0.715238
-1 1.22465e-16 1.49012e-08 0.682442
-0 -0 1 0.698884
-0.0984808 -0.0173648 0.994987 0.700475
-0.196962 -0.0347296 0.979796 0.702618
-0.295442 -0.0520945 0.953939 0.69413
-0.393923 -0.0694593 0.916515 0.663893
-0.492404 -0.0868241 0.866025 0.621434
-0.590885 -0.104189 0.8 0.594085
-0.689365 -0.121554 0.714143 0.663259
-0.787846 -0.138919 0.6 0.682673
-0.886327 -0.156283 0.43589 0.705052
-0.984808 -0.173648 1.49012e-08 0.682442
-0 -0 1 0.698884
-0.0939693 -0.034202 0.994987 0.702654
-0.187939 -0.068404 0.979796 0.703869
-0.281908 -0.102606 0.953939 0.694429
-0.375877 -0.136808 0.916515 0.665079
-0.469846 -0.17101 0.866025 0.632585
-0.563816 -0.205212 0.8 0.640357
-0.657785 -0.239414 0.714143 0.685657
-0.751754 -0.273616 0.6 0.709666
-0.845723 -0.307818 0.43589 0.717501
-0.939693 -0.34202 1.49012e-08 0.682442
-0 -0 1 0.698884
-0.0866025 -0.05 0.994987 0.703911
-0.173205 -0.1 0.979796 0.702828
-0.259808 -0.15 0.953939 0.694334
-0.34641 -0.2 0.916515 0.665478
-0.433013 -0.25 0.866025 0.620429
-0.519615 -0.3 0.8 0.648382
-0.606218 -0.35 0.714143 0.699969
-0.69282 -0.4 0.6 0.715302
-0.779423 -0.45 0.43589 0.693905
-0.866025 -0.5 1.49012e-08 0.682442
-0 -0 1 0.698884
-0.0766044 -0.0642788 0.994987 0.704368
-0.153209 -0.128558 0.979796 0.702993
-0.229813 -0.192836 0.953939 0.69244
-0.306418 -0.257115 0.916515 0.662377
-0.383022 -0.321394 0.866025 0.629721
-0.459627 -0.385673 0.8 0.650451
-0.536231 -0.449951 0.714143 0.694334
-0.612836 -0.51423 0.6 0.706554
-0.68944 -0.578509 0.43589 0.72012
-0.766044 -0.642788 1.49012e-08 0.682442
-0 -0 1 0.698884
-0.0642788 -0.0766044 0.994987 0.704096
-0.128558 -0.153209 0.979796 0.702369
-0.192836 -0.229813 0.953939 0.690382
-0.257115 -0.306418 0.916515 0.657702
-0.321394 -0.383022 0.866025 0.622929
-0.385673 -0.459627 0.8 0.639734
-0.449951 -0.536231 0.714143 0.682002
-0.51423 -0.612836 0.6 0.716619
-0.578509 -0.68944 0.43589 0.721132
-0.642788 -0.766044 1.49012e-08 0.682442
-0 -0 1 0.698884
-0.05 -0.0866025 0.994987 0.703096
-0.1 -0.173205 0.979796 0.700751
-0.15 -0.259808 0.953939 0.688694
-0.2 -0.34641 0.916515 0.657964
-0.25 -0.433013 0.866025 0.598915
-0.3 -0.519615 0.8 0.643736
-0.35 -0.606218 0.714143 0.683505
-0.4 -0.69282 0.6 0.715007
-0.45 -0.779423 0.43589 0.720408
-0.5 -0.866025 1.49012e-08 0.682442
-0 -0 1 0.698884
-0.034202 -0.0939693 0.994987 0.701398
-0.068404 -0.187939 0.979796 0.697058
-0.102606 -0.281908 0.953939 0.685625
-0.136808 -0.375877 0.916515 0.670479
-0.17101 -0.469846 0.866025 0.653517
-0.205212 -0.563816 0.8 0.66152
-0.239414 -0.657785 0.714143 0.674625
-0.273616 -0.751754 0.6 0.701695
-0.307818 -0.845723 0.43589 0.713662
-0.34202 -0.939693 1.49012e-08 0.682442
-0 -0 1 0.698884
-0.0173648 -0.0984808 0.994987 0.699185
-0.0347296 -0.196962 0.979796 0.690847
-0.0520945 -0.295442 0.953939 0.6856
-0.0694593 -0.393923 0.916515 0.688323
-0.0868241 -0.492404 0.866025 0.686306
-0.104189 -0.590885 0.8 0.675845
-0.121554 -0.689365 0.714143 0.663867
-0.138919 -0.787846 0.6 0.674337
-0.156283 -0.886327 0.43589 0.708862
-0.173648 -0.984808 1.49012e-08 0.682442
-0 -0 1 0.698884
-1.83697e-17 -0.1 0.994987 0.696877
-3.67394e-17 -0.2 0.979796 0.681968
-5.51091e-17 -0.3 0.953939 0.69036
-7.34788e-17 -0.4 0.916515 0.700972
-9.18485e-17 -0.5 0.866025 0.704597
-1.10218e-16 -0.6 0.8 0.695715
-1.28588e-16 -0.7 0.714143 0.656957
-1.46958e-16 -0.8 0.6 0.652014
-1.65327e-16 -0.9 0.43589 0.702026
-1.83697e-16 -1 1.49012e-08 0.682442
0 -0 1 0.698884
0.0173648 -0.0984808 0.994987 0.694977
0.0347296 -0.196962 0.979796 0.674683
0.0520945 -0.295442 0.953939 0.691553
0.0694593 -0.393923 0.916515 0.704735
0.0868241 -0.492404 0.866025 0.713449
0.104189 -0.590885 0.8 0.709785
0.121554 -0.689365 0.714143 0.68493
0.138919 -0.787846 0.6 0.644925
0.156283 -0.886327 0.43589 0.690221
0.173648 -0.984808 1.49012e-08 0.682442
0 -0 1 0.698884
0.034202 -0.0939693 0.994987 0.693931
0.068404 -0.187939 0.979796 0.67054
0.102606 -0.281908 0.953939 0.687617
0.136808 -0.375877 0.916515 0.69953
0.17101 -0.469846 0.866025 0.714507
0.205212 -0.563816 0.8 0.717052
0.239414 -0.657785 0.714143 0.705597
0.273616 -0.751754 0.6 0.663936
0.307818 -0.845723 0.43589 0.677557
0.34202 -0.939693 1.49012e-08 0.682442
0 -0 1 0.698884
0.05 -0.0866025 0.994987 0.693884
0.1 -0.173205 0.979796 0.666847
0.15 -0.259808 0.953939 0.685206
0.2 -0.34641 0.916515 0.680992
0.25 -0.433013 0.866025 0.707403
0.3 -0.519615 0.8 0.713703
0.35 -0.606218 0.714143 0.713023
0.4 -0.69282 0.6 0.693307
0.45 -0.779423 0.43589 0.664508
0.5 -0.866025 1.49012e-08 0.682442
0 -0 1 0.698884
0.0642788 -0.0766044 0.994987 0.69464
0.128558 -0.153209 0.979796 0.678554
0.192836 -0.229813 0.953939 0.689595
0.257115 -0.306418 0.916515 0.686757
0.321394 -0.383022 0.866025 0.703649
0.385673 -0.459627 0.8 0.708468
0.449951 -0.536231 0.714143 0.703307
0.51423 -0.612836 0.6 0.708999
0.578509 -0.68944 0.43589 0.67753
0.642788 -0.766044 1.49012e-08 0.682442
0 -0 1 0.698884
0.0766044 -0.0642788 0.994987 0.695932
0.153209 -0.128558 0.979796 0.689758
0.229813 -0.192836 0.953939 0.695681
0.306418 -0.257115 0.916515 0.696427
0.383022 -0.321394 0.866025 0.703064
0.459627 -0.385673 0.8 0.708963
0.536231 -0.449951 0.714143 0.709143
0.612836 -0.51423 0.6 0.703877
0.68944 -0.578509 0.43589 0.695627
0.766044 -0.642788 1.49012e-08 0.682442
0 -0 1 0.698884
0.0866025 -0.05 0.994987 0.697448
0.173205 -0.1 0.979796 0.696176
0.259808 -0.15 0.953939 0.699031
0.34641 -0.2 0.916515 0.694099
0.433013 -0.25 0.866025 0.68782
0.519615 -0.3 0.8 0.686006
0.606218 -0.35 0.714143 0.689233
0.69282 -0.4 0.6 0.683063
0.779423 -0.45 0.43589 0.686307
0.866025 -0.5 1.49012e-08 0.682442
0 -0 1 0.698884
0.0939693 -0.034202 0.994987 0.698788
0.187939 -0.068404 0.979796 0.698142
0.281908 -0.102606 0.953939 0.700302
0.375877 -0.136808 0.916515 0.689619
0.469846 -0.17101 0.866025 0.658611
0.563816 -0.205212 0.8 0.619285
0.657785 -0.239414 0.714143 0.628615
0.751754 -0.273616 0.6 0.644017
0.845723 -0.307818 0.43589 0.638034
0.939693 -0.34202 1.49012e-08 0.682442
0 -0 1 0.698884
0.0984808 -0.0173648 0.994987 0.699511
0.196962 -0.0347296 0.979796 0.696162
0.295442 -0.0520945 0.953939 0.698183
0.393923 -0.0694593 0.916515 0.683748
0.492404 -0.0868241 0.866025 0.638479
0.590885 -0.104189 0.8 0.572482
0.689365 -0.121554 0.714143 0.590395
0.787846 -0.138919 0.6 0.659693
0.886327 -0.156283 0.43589 0.707477
0.984808 -0.173648 1.49012e-08 0.682442
0 -0 1 0.698884
0.1 -2.44929e-17 0.994987 0.699659
0.2 -4.89859e-17 0.979796 0.69147
0.3 -7.34788e-17 0.953939 0.693023
0.4 -9.79717e-17 0.916515 0.676525
0.5 -1.22465e-16 0.866025 0.644745
0.6 -1.46958e-16 0.8 0.639599
0.7 -1.71451e-16 0.714143 0.672245
0.8 -1.95943e-16 0.6 0.695033
0.9 -2.20436e-16 0.43589 0.68565
1 -2.44929e-16 1.49012e-08 0.682442
