0 0 1 0.714531
0.1 0 0.994987 0.716505
0.2 0 0.979796 0.709688
0.3 0 0.953939 0.71967
0.4 0 0.916515 0.718111
0.5 0 0.866025 0.717719
0.6 0 0.8 0.707017
0.7 0 0.714143 0.701708
0.8 0 0.6 0.692254
0.9 0 0.43589 0.654017
1 0 1.49012e-08 0.706093
0 0 1 0.714531
0.0984808 0.0173648 0.994987 0.71728
0.196962 0.0347296 0.979796 0.708575
0.295442 0.0520945 0.953939 0.719085
0.393923 0.0694593 0.916515 0.718958
0.492404 0.0868241 0.866025 0.712199
0.590885 0.104189 0.8 0.692177
0.689365 0.121554 0.714143 0.646645
0.787846 0.138919 0.6 0.612171
0.886327 0.156283 0.43589 0.677573
0.984808 0.173648 1.49012e-08 0.706093
0 0 1 0.714531
0.0939693 0.034202 0.994987 0.718266
0.187939 0.068404 0.979796 0.711495
0.281908 0.102606 0.953939 0.714873
0.375877 0.136808 0.916515 0.70925
0.469846 0.17101 0.866025 0.69473
0.563816 0.205212 0.8 0.662899
0.657785 0.239414 0.714143 0.639225
0.751754 0.273616 0.6 0.670885
0.845723 0.307818 0.43589 0.693473
0.939693 0.34202 1.49012e-08 0.706093
0 0 1 0.714531
0.0866025 0.05 0.994987 0.718879
0.173205 0.1 0.979796 0.714458
0.259808 0.15 0.953939 0.709133
0.34641 0.2 0.916515 0.688396
0.433013 0.25 0.866025 0.662371
0.519615 0.3 0.8 0.645374
0.606218 0.35 0.714143 0.683546
0.69282 0.4 0.6 0.706798
0.779423 0.45 0.43589 0.684111
0.866025 0.5 1.49012e-08 0.706093
0 0 1 0.714531
0.0766044 0.0642788 0.994987 0.719218
0.153209 0.128558 0.979796 0.715586
0.229813 0.192836 0.953939 0.701658
0.306418 0.257115 0.916515 0.661706
0.383022 0.321394 0.866025 0.630218
0.459627 0.385673 0.8 0.651484
0.536231 0.449951 0.714143 0.703897
0.612836 0.51423 0.6 0.706217
0.68944 0.578509 0.43589 0.697038
0.766044 0.642788 1.49012e-08 0.706093
0 0 1 0.714531
0.0642788 0.0766044 0.994987 0.719082
0.128558 0.153209 0.979796 0.715243
0.192836 0.229813 0.953939 0.694704
0.257115 0.306418 0.916515 0.651998
0.321394 0.383022 0.866025 0.62829
0.385673 0.459627 0.8 0.680963
0.449951 0.536231 0.714143 0.710432
0.51423 0.612836 0.6 0.697925
0.578509 0.68944 0.43589 0.687118
0.642788 0.766044 1.49012e-08 0.706093
0 0 1 0.714531
0.05 0.0866025 0.994987 0.718651
0.1 0.173205 0.979796 0.714483
0.15 0.259808 0.953939 0.689406
0.2 0.34641 0.916515 0.64811
0.25 0.433013 0.866025 0.645292
0.3 0.519615 0.8 0.694507
0.35 0.606218 0.714143 0.705902
0.4 0.69282 0.6 0.702297
0.45 0.779423 0.43589 0.666195
0.5 0.866025 1.49012e-08 0.706093
0 0 1 0.714531
0.034202 0.0939693 0.994987 0.718368
0.068404 0.187939 0.979796 0.71373
0.102606 0.281908 0.953939 0.685792
0.136808 0.375877 0.916515 0.64558
0.17101 0.469846 0.866025 0.658802
0.205212 0.563816 0.8 0.70029
0.239414 0.657785 0.714143 0.699623
0.273616 0.751754 0.6 0.701648
0.307818 0.845723 0.43589 0.644296
0.34202 0.939693 1.49012e-08 0.706093
0 0 1 0.714531
0.0173648 0.0984808 0.994987 0.718624
0.0347296 0.196962 0.979796 0.712849
0.0520945 0.295442 0.953939 0.685256
0.0694593 0.393923 0.916515 0.64377
0.0868241 0.492404 0.866025 0.671466
0.104189 0.590885 0.8 0.700239
0.121554 0.689365 0.714143 0.700133
0.138919 0.787846 0.6 0.691083
0.156283 0.886327 0.43589 0.625586
0.173648 0.984808 1.49012e-08 0.706093
0 0 1 0.714531
6.12323e-18 0.1 0.994987 0.718393
1.22465e-17 0.2 0.979796 0.712294
1.83697e-17 0.3 0.953939 0.687428
2.44929e-17 0.4 0.916515 0.65036
3.06162e-17 0.5 0.866025 0.671834
3.67394e-17 0.6 0.8 0.693159
4.28626e-17 0.7 0.714143 0.693317
4.89859e-17 0.8 0.6 0.669486
5.51091e-17 0.9 0.43589 0.616897
6.12323e-17 1 1.49012e-08 0.706093
-0 0 1 0.714531
-0.0173648 0.0984808 0.994987 0.717597
-0.0347296 0.196962 0.979796 0.712216
-0.0520945 0.295442 0.953939 0.690026
-0.0694593 0.393923 0.916515 0.654835
-0.0868241 0.492404 0.866025 0.6654
-0.104189 0.590885 0.8 0.679366
-0.121554 0.689365 0.714143 0.67613
-0.138919 0.787846 0.6 0.636474
-0.156283 0.886327 0.43589 0.634858
-0.173648 0.984808 1.49012e-08 0.706093
-0 0 1 0.714531
-0.034202 0.0939693 0.994987 0.716366
-0.068404 0.187939 0.979796 0.711724
-0.102606 0.281908 0.953939 0.692406
-0.136808 0.375877 0.916515 0.657001
-0.17101 0.469846 0.866025 0.652962
-0.205212 0.563816 0.8 0.655622
-0.239414 0.657785 0.714143 0.651628
-0.273616 0.751754 0.6 0.619621
-0.307818 0.845723 0.43589 0.662183
-0.34202 0.939693 1.49012e-08 0.706093
-0 0 1 0.714531
-0.05 0.0866025 0.994987 0.714908
-0.1 0.173205 0.979796 0.710642
-0.15 0.259808 0.953939 0.693999
-0.2 0.34641 0.916515 0.661075
-0.25 0.433013 0.866025 0.633452
-0.3 0.519615 0.8 0.61879
-0.35 0.606218 0.714143 0.626293
-0.4 0.69282 0.6 0.63383
-0.45 0.779423 0.43589 0.685724
-0.5 0.866025 1.49012e-08 0.706093
-0 0 1 0.714531
-0.0642788 0.0766044 0.994987 0.713034
-0.128558 0.153209 0.979796 0.708222
-0.192836 0.229813 0.953939 0.693441
-0.257115 0.306418 0.916515 0.660182
-0.321394 0.383022 0.866025 0.607788
-0.385673 0.459627 0.8 0.554563
-0.449951 0.536231 0.714143 0.596956
-0.51423 0.612836 0.6 0.659398
-0.578509 0.68944 0.43589 0.701103
-0.642788 0.766044 1.49012e-08 0.706093
-0 0 1 0.714531
-0.0766044 0.0642788 0.994987 0.710552
-0.153209 0.128558 0.979796 0.703788
-0.229813 0.192836 0.953939 0.69028
-0.306418 0.257115 0.916515 0.657127
-0.383022 0.321394 0.866025 0.586721
-0.459627 0.385673 0.8 0.473421
-0.536231 0.449951 0.714143 0.540848
-0.612836 0.51423 0.6 0.656583
-0.68944 0.578509 0.43589 0.704674
-0.766044 0.642788 1.49012e-08 0.706093
-0 0 1 0.714531
-0.0866025 0.05 0.994987 0.707533
-0.173205 0.1 0.979796 0.696657
-0.259808 0.15 0.953939 0.684249
-0.34641 0.2 0.916515 0.656619
-0.433013 0.25 0.866025 0.588364
-0.519615 0.3 0.8 0.445311
-0.606218 0.35 0.714143 0.487763
-0.69282 0.4 0.6 0.635593
-0.779423 0.45 0.43589 0.685299
-0.866025 0.5 1.49012e-08 0.706093
-0 0 1 0.714531
-0.0939693 0.034202 0.994987 0.704121
-0.187939 0.068404 0.979796 0.688474
-0.281908 0.102606 0.953939 0.676851
-0.375877 0.136808 0.916515 0.661858
-0.469846 0.17101 0.866025 0.617629
-0.563816 0.205212 0.8 0.526237
-0.657785 0.239414 0.714143 0.511079
-0.751754 0.273616 0.6 0.629961
-0.845723 0.307818 0.43589 0.687369
-0.939693 0.34202 1.49012e-08 0.706093
-0 0 1 0.714531
-0.0984808 0.0173648 0.994987 0.700423
-0.196962 0.0347296 0.979796 0.6824
-0.295442 0.0520945 0.953939 0.674185
-0.393923 0.0694593 0.916515 0.674386
-0.492404 0.0868241 0.866025 0.654305
-0.590885 0.104189 0.8 0.607418
-0.689365 0.121554 0.714143 0.601826
-0.787846 0.138919 0.6 0.649982
-0.886327 0.156283 0.43589 0.667264
-0.984808 0.173648 1.49012e-08 0.706093
-0 0 1 0.714531
-0.1 1.22465e-17 0.994987 0.696641
-0.2 2.44929e-17 0.979796 0.674926
-0.3 3.67394e-17 0.953939 0.672937
-0.4 4.89859e-17 0.916515 0.68959
-0.5 6.12323e-17 0.866025 0.683182
-0.6 7.34788e-17 0.8 0.648917
-0.7 8.57253e-17 0.714143 0.638994
-0.8 9.79717e-17 0.6 0.684599
-0.9 1.10218e-16 0.43589 0.700985
-1 1.22465e-16 1.49012e-08 0.706093
-0 -0 1 0.714531
-0.0984808 -0.0173648 0.994987 0.693114
-0.196962 -0.0347296 0.979796 0.668468
-0.295442 -0.0520945 0.953939 0.678191
-0.393923 -0.0694593 0.916515 0.701438
-0.492404 -0.0868241 0.866025 0.701994
-0.590885 -0.104189 0.8 0.676436
-0.689365 -0.121554 0.714143 0.625441
-0.787846 -0.138919 0.6 0.664098
-0.886327 -0.156283 0.43589 0.694572
-0.984808 -0.173648 1.49012e-08 0.706093
-0 -0 1 0.714531
-0.0939693 -0.034202 0.994987 0.690356
-0.187939 -0.068404 0.979796 0.662238
-0.281908 -0.102606 0.953939 0.682335
-0.375877 -0.136808 0.916515 0.707739
-0.469846 -0.17101 0.866025 0.71246
-0.563816 -0.205212 0.8 0.702611
-0.657785 -0.239414 0.714143 0.665809
-0.751754 -0.273616 0.6 0.624632
-0.845723 -0.307818 0.43589 0.549049
-0.939693 -0.34202 1.49012e-08 0.706093
-0 -0 1 0.714531
-0.0866025 -0.05 0.994987 0.688923
-0.173205 -0.1 0.979796 0.662949
-0.259808 -0.15 0.953939 0.679083
-0.34641 -0.2 0.916515 0.710165
-0.433013 -0.25 0.866025 0.715186
-0.519615 -0.3 0.8 0.714001
-0.606218 -0.35 0.714143 0.698379
-0.69282 -0.4 0.6 0.65115
-0.779423 -0.45 0.43589 0.650614
-0.866025 -0.5 1.49012e-08 0.706093
-0 -0 1 0.714531
-0.0766044 -0.0642788 0.994987 0.68926
-0.153209 -0.128558 0.979796 0.665264
-0.229813 -0.192836 0.953939 0.681268
-0.306418 -0.257115 0.916515 0.710773
-0.383022 -0.321394 0.866025 0.717478
-0.459627 -0.385673 0.8 0.714229
-0.536231 -0.449951 0.714143 0.707803
-0.612836 -0.51423 0.6 0.695343
-0.68944 -0.578509 0.43589 0.703102
-0.766044 -0.642788 1.49012e-08 0.706093
-0 -0 1 0.714531
-0.0642788 -0.0766044 0.994987 0.691107
-0.128558 -0.153209 0.979796 0.668786
-0.192836 -0.229813 0.953939 0.68274
-0.257115 -0.306418 0.916515 0.708863
-0.321394 -0.383022 0.866025 0.716485
-0.385673 -0.459627 0.8 0.705871
-0.449951 -0.536231 0.714143 0.708095
-0.51423 -0.612836 0.6 0.711441
-0.578509 -0.68944 0.43589 0.711582
-0.642788 -0.766044 1.49012e-08 0.706093
-0 -0 1 0.714531
-0.05 -0.0866025 0.994987 0.693525
-0.1 -0.173205 0.979796 0.672265
-0.15 -0.259808 0.953939 0.67711
-0.2 -0.34641 0.916515 0.69992
-0.25 -0.433013 0.866025 0.71242
-0.3 -0.519615 0.8 0.712788
-0.35 -0.606218 0.714143 0.693779
-0.4 -0.69282 0.6 0.715074
-0.45 -0.779423 0.43589 0.70836
-0.5 -0.866025 1.49012e-08 0.706093
-0 -0 1 0.714531
-0.034202 -0.0939693 0.994987 0.69605
-0.068404 -0.187939 0.979796 0.674053
-0.102606 -0.281908 0.953939 0.664937
-0.136808 -0.375877 0.916515 0.682372
-0.17101 -0.469846 0.866025 0.703567
-0.205212 -0.563816 0.8 0.711938
-0.239414 -0.657785 0.714143 0.710639
-0.273616 -0.751754 0.6 0.711005
-0.307818 -0.845723 0.43589 0.706288
-0.34202 -0.939693 1.49012e-08 0.706093
-0 -0 1 0.714531
-0.0173648 -0.0984808 0.994987 0.698568
-0.0347296 -0.196962 0.979796 0.675388
-0.0520945 -0.295442 0.953939 0.653862
-0.0694593 -0.393923 0.916515 0.663658
-0.0868241 -0.492404 0.866025 0.691218
-0.104189 -0.590885 0.8 0.707601
-0.121554 -0.689365 0.714143 0.713223
-0.138919 -0.787846 0.6 0.704318
-0.156283 -0.886327 0.43589 0.706553
-0.173648 -0.984808 1.49012e-08 0.706093
-0 -0 1 0.714531
-1.83697e-17 -0.1 0.994987 0.701101
-3.67394e-17 -0.2 0.979796 0.676647
-5.51091e-17 -0.3 0.953939 0.649313
-7.34788e-17 -0.4 0.916515 0.658097
-9.18485e-17 -0.5 0.866025 0.674062
-1.10218e-16 -0.6 0.8 0.690531
-1.28588e-16 -0.7 0.714143 0.701629
-1.46958e-16 -0.8 0.6 0.708169
-1.65327e-16 -0.9 0.43589 0.711997
-1.83697e-16 -1 1.49012e-08 0.706093
0 -0 1 0.714531
0.0173648 -0.0984808 0.994987 0.703694
0.0347296 -0.196962 0.979796 0.679507
0.0520945 -0.295442 0.953939 0.642025
0.0694593 -0.393923 0.916515 0.650842
0.0868241 -0.492404 0.866025 0.65373
0.104189 -0.590885 0.8 0.657424
0.121554 -0.689365 0.714143 0.686141
0.138919 -0.787846 0.6 0.713284
0.156283 -0.886327 0.43589 0.715736
0.173648 -0.984808 1.49012e-08 0.706093
0 -0 1 0.714531
0.034202 -0.0939693 0.994987 0.706353
0.068404 -0.187939 0.979796 0.685833
0.102606 -0.281908 0.953939 0.656899
0.136808 -0.375877 0.916515 0.658595
0.17101 -0.469846 0.866025 0.648238
0.205212 -0.563816 0.8 0.612162
0.239414 -0.657785 0.714143 0.665316
0.273616 -0.751754 0.6 0.707973
0.307818 -0.845723 0.43589 0.71694
0.34202 -0.939693 1.49012e-08 0.706093
0 -0 1 0.714531
0.05 -0.0866025 0.994987 0.709012
0.1 -0.173205 0.979796 0.69514
0.15 -0.259808 0.953939 0.682868
0.2 -0.34641 0.916515 0.679852
0.25 -0.433013 0.866025 0.667332
0.3 -0.519615 0.8 0.640524
0.35 -0.606218 0.714143 0.65791
0.4 -0.69282 0.6 0.688586
0.45 -0.779423 0.43589 0.711459
0.5 -0.866025 1.49012e-08 0.706093
0 -0 1 0.714531
0.0642788 -0.0766044 0.994987 0.711518
0.128558 -0.153209 0.979796 0.704241
0.192836 -0.229813 0.953939 0.700681
0.257115 -0.306418 0.916515 0.699468
0.321394 -0.383022 0.866025 0.686218
0.385673 -0.459627 0.8 0.671586
0.449951 -0.536231 0.714143 0.669641
0.51423 -0.612836 0.6 0.658585
0.578509 -0.68944 0.43589 0.691081
0.642788 -0.766044 1.49012e-08 0.706093
0 -0 1 0.714531
0.0766044 -0.0642788 0.994987 0.71362
0.153209 -0.128558 0.979796 0.710903
0.229813 -0.192836 0.953939 0.711343
0.306418 -0.257115 0.916515 0.711179
0.383022 -0.321394 0.866025 0.702849
0.459627 -0.385673 0.8 0.70081
0.536231 -0.449951 0.714143 0.703185
0.612836 -0.51423 0.6 0.681444
0.68944 -0.578509 0.43589 0.655115
0.766044 -0.642788 1.49012e-08 0.706093
0 -0 1 0.714531
0.0866025 -0.05 0.994987 0.715122
0.173205 -0.1 0.979796 0.714805
0.259808 -0.15 0.953939 0.715943
0.34641 -0.2 0.916515 0.716326
0.433013 -0.25 0.866025 0.707643
0.519615 -0.3 0.8 0.710546
0.606218 -0.35 0.714143 0.71503
0.69282 -0.4 0.6 0.715563
0.779423 -0.45 0.43589 0.645815
0.866025 -0.5 1.49012e-08 0.706093
0 -0 1 0.714531
0.0939693 -0.034202 0.994987 0.715991
0.187939 -0.068404 0.979796 0.716466
0.281908 -0.102606 0.953939 0.715342
0.375877 -0.136808 0.916515 0.71832
0.469846 -0.17101 0.866025 0.703843
0.563816 -0.205212 0.8 0.698451
0.657785 -0.239414 0.714143 0.718102
0.751754 -0.273616 0.6 0.718468
0.845723 -0.307818 0.43589 0.702132
0.939693 -0.34202 1.49012e-08 0.706093
0 -0 1 0.714531
0.0984808 -0.0173648 0.994987 0.716303
0.196962 -0.0347296 0.979796 0.715115
0.295442 -0.0520945 0.953939 0.718628
0.393923 -0.0694593 0.916515 0.717912
0.492404 -0.0868241 0.866025 0.7105
0.590885 -0.104189 0.8 0.695197
0.689365 -0.121554 0.714143 0.715622
0.787846 -0.138919 0.6 0.71549
0.886327 -0.156283 0.43589 0.698271
0.984808 -0.173648 1.49012e-08 0.706093
0 -0 1 0.714531
0.1 -2.44929e-17 0.994987 0.716505
0.2 -4.89859e-17 0.979796 0.709688
0.3 -7.34788e-17 0.953939 0.71967
0.4 -9.79717e-17 0.916515 0.718111
0.5 -1.22465e-16 0.866025 0.717719
0.6 -1.46958e-16 0.8 0.707017
0.7 -1.71451e-16 0.714143 0.701708
0.8 -1.95943e-16 0.6 0.692254
0.9 -2.20436e-16 0.43589 0.654017
1 -2.44929e-16 1.49012e-08 0.706093
