0 0 1 0.701248
0.1 0 0.994987 0.698583
0.2 0 0.979796 0.701505
0.3 0 0.953939 0.7027
0.4 0 0.916515 0.702854
0.5 0 0.866025 0.684498
0.6 0 0.8 0.65649
0.7 0 0.714143 0.685066
0.8 0 0.6 0.698993
0.9 0 0.43589 0.661037
1 0 1.49012e-08 0.694733
0 0 1 0.701248
0.0984808 0.0173648 0.994987 0.700246
0.196962 0.0347296 0.979796 0.7043
0.295442 0.0520945 0.953939 0.705357
0.393923 0.0694593 0.916515 0.705533
0.492404 0.0868241 0.866025 0.699758
0.590885 0.104189 0.8 0.688896
0.689365 0.121554 0.714143 0.704608
0.787846 0.138919 0.6 0.70755
0.886327 0.156283 0.43589 0.694518
0.984808 0.173648 1.49012e-08 0.694733
0 0 1 0.701248
0.0939693 0.034202 0.994987 0.701371
0.187939 0.068404 0.979796 0.704004
0.281908 0.102606 0.953939 0.709395
0.375877 0.136808 0.916515 0.704032
0.469846 0.17101 0.866025 0.696461
0.563816 0.205212 0.8 0.695053
0.657785 0.239414 0.714143 0.697289
0.751754 0.273616 0.6 0.686425
0.845723 0.307818 0.43589 0.681433
0.939693 0.34202 1.49012e-08 0.694733
0 0 1 0.701248
0.0866025 0.05 0.994987 0.701688
0.173205 0.1 0.979796 0.701113
0.259808 0.15 0.953939 0.707575
0.34641 0.2 0.916515 0.709053
0.433013 0.25 0.866025 0.700589
0.519615 0.3 0.8 0.696065
0.606218 0.35 0.714143 0.679118
0.69282 0.4 0.6 0.636555
0.779423 0.45 0.43589 0.68574
0.866025 0.5 1.49012e-08 0.694733
0 0 1 0.701248
0.0766044 0.0642788 0.994987 0.701866
0.153209 0.128558 0.979796 0.701031
0.229813 0.192836 0.953939 0.699314
0.306418 0.257115 0.916515 0.705892
0.383022 0.321394 0.866025 0.712998
0.459627 0.385673 0.8 0.71003
0.536231 0.449951 0.714143 0.68968
0.612836 0.51423 0.6 0.645595
0.68944 0.578509 0.43589 0.664413
0.766044 0.642788 1.49012e-08 0.694733
0 0 1 0.701248
0.0642788 0.0766044 0.994987 0.702653
0.128558 0.153209 0.979796 0.703354
0.192836 0.229813 0.953939 0.693866
0.257115 0.306418 0.916515 0.701352
0.321394 0.383022 0.866025 0.712181
0.385673 0.459627 0.8 0.709079
0.449951 0.536231 0.714143 0.687388
0.51423 0.612836 0.6 0.643637
0.578509 0.68944 0.43589 0.658699
0.642788 0.766044 1.49012e-08 0.694733
0 0 1 0.701248
0.05 0.0866025 0.994987 0.704005
0.1 0.173205 0.979796 0.707181
0.15 0.259808 0.953939 0.704232
0.2 0.34641 0.916515 0.70686
0.25 0.433013 0.866025 0.709487
0.3 0.519615 0.8 0.69864
0.35 0.606218 0.714143 0.671153
0.4 0.69282 0.6 0.630747
0.45 0.779423 0.43589 0.67677
0.5 0.866025 1.49012e-08 0.694733
0 0 1 0.701248
0.034202 0.0939693 0.994987 0.705328
0.068404 0.187939 0.979796 0.710526
0.102606 0.281908 0.953939 0.711283
0.136808 0.375877 0.916515 0.712292
0.17101 0.469846 0.866025 0.712005
0.205212 0.563816 0.8 0.693693
0.239414 0.657785 0.714143 0.663802
0.273616 0.751754 0.6 0.654234
0.307818 0.845723 0.43589 0.690711
0.34202 0.939693 1.49012e-08 0.694733
0 0 1 0.701248
0.0173648 0.0984808 0.994987 0.706438
0.0347296 0.196962 0.979796 0.71188
0.0520945 0.295442 0.953939 0.71268
0.0694593 0.393923 0.916515 0.70862
0.0868241 0.492404 0.866025 0.707964
0.104189 0.590885 0.8 0.68707
0.121554 0.689365 0.714143 0.647101
0.138919 0.787846 0.6 0.669083
0.156283 0.886327 0.43589 0.699378
0.173648 0.984808 1.49012e-08 0.694733
0 0 1 0.701248
6.12323e-18 0.1 0.994987 0.707258
1.22465e-17 0.2 0.979796 0.711222
1.83697e-17 0.3 0.953939 0.710407
2.44929e-17 0.4 0.916515 0.696449
3.06162e-17 0.5 0.866025 0.701544
3.67394e-17 0.6 0.8 0.67859
4.28626e-17 0.7 0.714143 0.621754
4.89859e-17 0.8 0.6 0.682233
5.51091e-17 0.9 0.43589 0.70226
6.12323e-17 1 1.49012e-08 0.694733
-0 0 1 0.701248
-0.0173648 0.0984808 0.994987 0.707365
-0.0347296 0.196962 0.979796 0.708277
-0.0520945 0.295442 0.953939 0.705606
-0.0694593 0.393923 0.916515 0.70011
-0.0868241 0.492404 0.866025 0.69438
-0.104189 0.590885 0.8 0.672833
-0.121554 0.689365 0.714143 0.647302
-0.138919 0.787846 0.6 0.693471
-0.156283 0.886327 0.43589 0.709289
-0.173648 0.984808 1.49012e-08 0.694733
-0 0 1 0.701248
-0.034202 0.0939693 0.994987 0.706652
-0.068404 0.187939 0.979796 0.703031
-0.102606 0.281908 0.953939 0.69613
-0.136808 0.375877 0.916515 0.697413
-0.17101 0.469846 0.866025 0.684805
-0.205212 0.563816 0.8 0.665512
-0.239414 0.657785 0.714143 0.668719
-0.273616 0.751754 0.6 0.700011
-0.307818 0.845723 0.43589 0.714623
-0.34202 0.939693 1.49012e-08 0.694733
-0 0 1 0.701248
-0.05 0.0866025 0.994987 0.70531
-0.1 0.173205 0.979796 0.697308
-0.15 0.259808 0.953939 0.679242
-0.2 0.34641 0.916515 0.688902
-0.25 0.433013 0.866025 0.678394
-0.3 0.519615 0.8 0.637554
-0.35 0.606218 0.714143 0.667379
-0.4 0.69282 0.6 0.703886
-0.45 0.779423 0.43589 0.718969
-0.5 0.866025 1.49012e-08 0.694733
-0 0 1 0.701248
-0.0642788 0.0766044 0.994987 0.70366
-0.128558 0.153209 0.979796 0.69509
-0.192836 0.229813 0.953939 0.679485
-0.257115 0.306418 0.916515 0.690006
-0.321394 0.383022 0.866025 0.685454
-0.385673 0.459627 0.8 0.653073
-0.449951 0.536231 0.714143 0.663497
-0.51423 0.612836 0.6 0.695072
-0.578509 0.68944 0.43589 0.717442
-0.642788 0.766044 1.49012e-08 0.694733
-0 0 1 0.701248
-0.0766044 0.0642788 0.994987 0.702057
-0.153209 0.128558 0.979796 0.696058
-0.229813 0.192836 0.953939 0.686425
-0.306418 0.257115 0.916515 0.686013
-0.383022 0.321394 0.866025 0.697145
-0.459627 0.385673 0.8 0.687804
-0.536231 0.449951 0.714143 0.679284
-0.612836 0.51423 0.6 0.680258
-0.68944 0.578509 0.43589 0.712467
-0.766044 0.642788 1.49012e-08 0.694733
-0 0 1 0.701248
-0.0866025 0.05 0.994987 0.700651
-0.173205 0.1 0.979796 0.696026
-0.259808 0.15 0.953939 0.688996
-0.34641 0.2 0.916515 0.677086
-0.433013 0.25 0.866025 0.704164
-0.519615 0.3 0.8 0.7006
-0.606218 0.35 0.714143 0.700099
-0.69282 0.4 0.6 0.665969
-0.779423 0.45 0.43589 0.693528
-0.866025 0.5 1.49012e-08 0.694733
-0 0 1 0.701248
-0.0939693 0.034202 0.994987 0.699332
-0.187939 0.068404 0.979796 0.694242
-0.281908 0.102606 0.953939 0.689483
-0.375877 0.136808 0.916515 0.694131
-0.469846 0.17101 0.866025 0.707803
-0.563816 0.205212 0.8 0.703706
-0.657785 0.239414 0.714143 0.707608
-0.751754 0.273616 0.6 0.685412
-0.845723 0.307818 0.43589 0.693517
-0.939693 0.34202 1.49012e-08 0.694733
-0 0 1 0.701248
-0.0984808 0.0173648 0.994987 0.698074
-0.196962 0.0347296 0.979796 0.691516
-0.295442 0.0520945 0.953939 0.683976
-0.393923 0.0694593 0.916515 0.689594
-0.492404 0.0868241 0.866025 0.701642
-0.590885 0.104189 0.8 0.697592
-0.689365 0.121554 0.714143 0.688857
-0.787846 0.138919 0.6 0.684754
-0.886327 0.156283 0.43589 0.667063
-0.984808 0.173648 1.49012e-08 0.694733
-0 0 1 0.701248
-0.1 1.22465e-17 0.994987 0.696777
-0.2 2.44929e-17 0.979796 0.686653
-0.3 3.67394e-17 0.953939 0.669633
-0.4 4.89859e-17 0.916515 0.672897
-0.5 6.12323e-17 0.866025 0.693053
-0.6 7.34788e-17 0.8 0.701594
-0.7 8.57253e-17 0.714143 0.690993
-0.8 9.79717e-17 0.6 0.686722
-0.9 1.10218e-16 0.43589 0.695007
-1 1.22465e-16 1.49012e-08 0.694733
-0 -0 1 0.701248
-0.0984808 -0.0173648 0.994987 0.695386
-0.196962 -0.0347296 0.979796 0.680194
-0.295442 -0.0520945 0.953939 0.646039
-0.393923 -0.0694593 0.916515 0.652126
-0.492404 -0.0868241 0.866025 0.679207
-0.590885 -0.104189 0.8 0.686677
-0.689365 -0.121554 0.714143 0.682229
-0.787846 -0.138919 0.6 0.667443
-0.886327 -0.156283 0.43589 0.688747
-0.984808 -0.173648 1.49012e-08 0.694733
-0 -0 1 0.701248
-0.0939693 -0.034202 0.994987 0.693921
-0.187939 -0.068404 0.979796 0.674451
-0.281908 -0.102606 0.953939 0.623887
-0.375877 -0.136808 0.916515 0.632843
-0.469846 -0.17101 0.866025 0.65569
-0.563816 -0.205212 0.8 0.655939
-0.657785 -0.239414 0.714143 0.682369
-0.751754 -0.273616 0.6 0.708253
-0.845723 -0.307818 0.43589 0.707575
-0.939693 -0.34202 1.49012e-08 0.694733
-0 -0 1 0.701248
-0.0866025 -0.05 0.994987 0.69237
-0.173205 -0.1 0.979796 0.670909
-0.259808 -0.15 0.953939 0.633564
-0.34641 -0.2 0.916515 0.638782
-0.433013 -0.25 0.866025 0.635891
-0.519615 -0.3 0.8 0.627276
-0.606218 -0.35 0.714143 0.684059
-0.69282 -0.4 0.6 0.704266
-0.779423 -0.45 0.43589 0.674619
-0.866025 -0.5 1.49012e-08 0.694733
-0 -0 1 0.701248
-0.0766044 -0.0642788 0.994987 0.690733
-0.153209 -0.128558 0.979796 0.668832
-0.229813 -0.192836 0.953939 0.652351
-0.306418 -0.257115 0.916515 0.657491
-0.383022 -0.321394 0.866025 0.663711
-0.459627 -0.385673 0.8 0.668514
-0.536231 -0.449951 0.714143 0.689598
-0.612836 -0.51423 0.6 0.696433
-0.68944 -0.578509 0.43589 0.686263
-0.766044 -0.642788 1.49012e-08 0.694733
-0 -0 1 0.701248
-0.0642788 -0.0766044 0.994987 0.68902
-0.128558 -0.153209 0.979796 0.66642
-0.192836 -0.229813 0.953939 0.662924
-0.257115 -0.306418 0.916515 0.671735
-0.321394 -0.383022 0.866025 0.688302
-0.385673 -0.459627 0.8 0.698124
-0.449951 -0.536231 0.714143 0.698434
-0.51423 -0.612836 0.6 0.697097
-0.578509 -0.68944 0.43589 0.702208
-0.642788 -0.766044 1.49012e-08 0.694733
-0 -0 1 0.701248
-0.05 -0.0866025 0.994987 0.687259
-0.1 -0.173205 0.979796 0.663289
-0.15 -0.259808 0.953939 0.667119
-0.2 -0.34641 0.916515 0.682165
-0.25 -0.433013 0.866025 0.700156
-0.3 -0.519615 0.8 0.704086
-0.35 -0.606218 0.714143 0.70363
-0.4 -0.69282 0.6 0.710846
-0.45 -0.779423 0.43589 0.700798
-0.5 -0.866025 1.49012e-08 0.694733
-0 -0 1 0.701248
-0.034202 -0.0939693 0.994987 0.685535
-0.068404 -0.187939 0.979796 0.659369
-0.102606 -0.281908 0.953939 0.665411
-0.136808 -0.375877 0.916515 0.686293
-0.17101 -0.469846 0.866025 0.699269
-0.205212 -0.563816 0.8 0.706112
-0.239414 -0.657785 0.714143 0.703409
-0.273616 -0.751754 0.6 0.710267
-0.307818 -0.845723 0.43589 0.695927
-0.34202 -0.939693 1.49012e-08 0.694733
-0 -0 1 0.701248
-0.0173648 -0.0984808 0.994987 0.684025
-0.0347296 -0.196962 0.979796 0.652638
-0.0520945 -0.295442 0.953939 0.655181
-0.0694593 -0.393923 0.916515 0.679245
-0.0868241 -0.492404 0.866025 0.698965
-0.104189 -0.590885 0.8 0.702652
-0.121554 -0.689365 0.714143 0.680858
-0.138919 -0.787846 0.6 0.704329
-0.156283 -0.886327 0.43589 0.697707
-0.173648 -0.984808 1.49012e-08 0.694733
-0 -0 1 0.701248
-1.83697e-17 -0.1 0.994987 0.682976
-3.67394e-17 -0.2 0.979796 0.64181
-5.51091e-17 -0.3 0.953939 0.632885
-7.34788e-17 -0.4 0.916515 0.673445
-9.18485e-17 -0.5 0.866025 0.696967
-1.10218e-16 -0.6 0.8 0.69566
-1.28588e-16 -0.7 0.714143 0.705257
-1.46958e-16 -0.8 0.6 0.710685
-1.65327e-16 -0.9 0.43589 0.696419
-1.83697e-16 -1 1.49012e-08 0.694733
0 -0 1 0.701248
0.0173648 -0.0984808 0.994987 0.682743
0.0347296 -0.196962 0.979796 0.630905
0.0520945 -0.295442 0.953939 0.598796
0.0694593 -0.393923 0.916515 0.667905
0.0868241 -0.492404 0.866025 0.696096
0.104189 -0.590885 0.8 0.700918
0.121554 -0.689365 0.714143 0.710119
0.138919 -0.787846 0.6 0.701818
0.156283 -0.886327 0.43589 0.69294
0.173648 -0.984808 1.49012e-08 0.694733
0 -0 1 0.701248
0.034202 -0.0939693 0.994987 0.683537
0.068404 -0.187939 0.979796 0.630482
0.102606 -0.281908 0.953939 0.588431
0.136808 -0.375877 0.916515 0.664007
0.17101 -0.469846 0.866025 0.694066
0.205212 -0.563816 0.8 0.703581
0.239414 -0.657785 0.714143 0.704072
0.273616 -0.751754 0.6 0.699031
0.307818 -0.845723 0.43589 0.688345
0.34202 -0.939693 1.49012e-08 0.694733
0 -0 1 0.701248
0.05 -0.0866025 0.994987 0.685295
0.1 -0.173205 0.979796 0.642869
0.15 -0.259808 0.953939 0.621751
0.2 -0.34641 0.916515 0.662041
0.25 -0.433013 0.866025 0.688249
0.3 -0.519615 0.8 0.697573
0.35 -0.606218 0.714143 0.684243
0.4 -0.69282 0.6 0.691299
0.45 -0.779423 0.43589 0.679497
0.5 -0.866025 1.49012e-08 0.694733
0 -0 1 0.701248
0.0642788 -0.0766044 0.994987 0.687756
0.128558 -0.153209 0.979796 0.658494
0.192836 -0.229813 0.953939 0.649024
0.257115 -0.306418 0.916515 0.655368
0.321394 -0.383022 0.866025 0.672979
0.385673 -0.459627 0.8 0.686225
0.449951 -0.536231 0.714143 0.686669
0.51423 -0.612836 0.6 0.685497
0.578509 -0.68944 0.43589 0.66169
0.642788 -0.766044 1.49012e-08 0.694733
0 -0 1 0.701248
0.0766044 -0.0642788 0.994987 0.690552
0.153209 -0.128558 0.979796 0.67126
0.229813 -0.192836 0.953939 0.667486
0.306418 -0.257115 0.916515 0.662621
0.383022 -0.321394 0.866025 0.647241
0.459627 -0.385673 0.8 0.65281
0.536231 -0.449951 0.714143 0.684207
0.612836 -0.51423 0.6 0.682826
0.68944 -0.578509 0.43589 0.668139
0.766044 -0.642788 1.49012e-08 0.694733
0 -0 1 0.701248
0.0866025 -0.05 0.994987 0.693268
0.173205 -0.1 0.979796 0.680057
0.259808 -0.15 0.953939 0.680442
0.34641 -0.2 0.916515 0.669641
0.433013 -0.25 0.866025 0.642865
0.519615 -0.3 0.8 0.618061
0.606218 -0.35 0.714143 0.674455
0.69282 -0.4 0.6 0.703927
0.779423 -0.45 0.43589 0.693808
0.866025 -0.5 1.49012e-08 0.694733
0 -0 1 0.701248
0.0939693 -0.034202 0.994987 0.69567
0.187939 -0.068404 0.979796 0.689319
0.281908 -0.102606 0.953939 0.691426
0.375877 -0.136808 0.916515 0.679233
0.469846 -0.17101 0.866025 0.654923
0.563816 -0.205212 0.8 0.639965
0.657785 -0.239414 0.714143 0.679204
0.751754 -0.273616 0.6 0.700456
0.845723 -0.307818 0.43589 0.700324
0.939693 -0.34202 1.49012e-08 0.694733
0 -0 1 0.701248
0.0984808 -0.0173648 0.994987 0.697328
0.196962 -0.0347296 0.979796 0.696687
0.295442 -0.0520945 0.953939 0.699291
0.393923 -0.0694593 0.916515 0.693667
0.492404 -0.0868241 0.866025 0.667543
0.590885 -0.104189 0.8 0.635719
0.689365 -0.121554 0.714143 0.655207
0.787846 -0.138919 0.6 0.687347
0.886327 -0.156283 0.43589 0.688376
0.984808 -0.173648 1.49012e-08 0.694733
0 -0 1 0.701248
0.1 -2.44929e-17 0.994987 0.698583
0.2 -4.89859e-17 0.979796 0.701505
0.3 -7.34788e-17 0.953939 0.7027
0.4 -9.79717e-17 0.916515 0.702854
0.5 -1.22465e-16 0.866025 0.684498
0.6 -1.46958e-16 0.8 0.65649
0.7 -1.71451e-16 0.714143 0.685066
0.8 -1.95943e-16 0.6 0.698993
0.9 -2.20436e-16 0.43589 0.661037
1 -2.44929e-16 1.49012e-08 0.694733
