0 0 1 0.710482
0.1 0 0.994987 0.684887
0.2 0 0.979796 0.672879
0.3 0 0.953939 0.669388
0.4 0 0.916515 0.672245
0.5 0 0.866025 0.687604
0.6 0 0.8 0.704184
0.7 0 0.714143 0.71677
0.8 0 0.6 0.70955
0.9 0 0.43589 0.715009
1 0 1.49012e-08 0.655418
0 0 1 0.710482
0.0984808 0.0173648 0.994987 0.689869
0.196962 0.0347296 0.979796 0.679936
0.295442 0.0520945 0.953939 0.675524
0.393923 0.0694593 0.916515 0.681884
0.492404 0.0868241 0.866025 0.693249
0.590885 0.104189 0.8 0.704554
0.689365 0.121554 0.714143 0.71382
0.787846 0.138919 0.6 0.714595
0.886327 0.156283 0.43589 0.683865
0.984808 0.173648 1.49012e-08 0.655418
0 0 1 0.710482
0.0939693 0.034202 0.994987 0.69471
0.187939 0.068404 0.979796 0.688092
0.281908 0.102606 0.953939 0.683242
0.375877 0.136808 0.916515 0.684988
0.469846 0.17101 0.866025 0.696894
0.563816 0.205212 0.8 0.696569
0.657785 0.239414 0.714143 0.697359
0.751754 0.273616 0.6 0.673125
0.845723 0.307818 0.43589 0.580405
0.939693 0.34202 1.49012e-08 0.655418
0 0 1 0.710482
0.0866025 0.05 0.994987 0.699082
0.173205 0.1 0.979796 0.695286
0.259808 0.15 0.953939 0.697646
0.34641 0.2 0.916515 0.703426
0.433013 0.25 0.866025 0.707851
0.519615 0.3 0.8 0.701331
0.606218 0.35 0.714143 0.696165
0.69282 0.4 0.6 0.644236
0.779423 0.45 0.43589 0.679485
0.866025 0.5 1.49012e-08 0.655418
0 0 1 0.710482
0.0766044 0.0642788 0.994987 0.702971
0.153209 0.128558 0.979796 0.700874
0.229813 0.192836 0.953939 0.707236
0.306418 0.257115 0.916515 0.715749
0.383022 0.321394 0.866025 0.720283
0.459627 0.385673 0.8 0.716193
0.536231 0.449951 0.714143 0.701723
0.612836 0.51423 0.6 0.656266
0.68944 0.578509 0.43589 0.705574
0.766044 0.642788 1.49012e-08 0.655418
0 0 1 0.710482
0.0642788 0.0766044 0.994987 0.706137
0.128558 0.153209 0.979796 0.704137
0.192836 0.229813 0.953939 0.709274
0.257115 0.306418 0.916515 0.718144
0.321394 0.383022 0.866025 0.719653
0.385673 0.459627 0.8 0.718072
0.449951 0.536231 0.714143 0.699262
0.51423 0.612836 0.6 0.660524
0.578509 0.68944 0.43589 0.708281
0.642788 0.766044 1.49012e-08 0.655418
0 0 1 0.710482
0.05 0.0866025 0.994987 0.708626
0.1 0.173205 0.979796 0.704791
0.15 0.259808 0.953939 0.70741
0.2 0.34641 0.916515 0.713462
0.25 0.433013 0.866025 0.717464
0.3 0.519615 0.8 0.718745
0.35 0.606218 0.714143 0.690412
0.4 0.69282 0.6 0.655241
0.45 0.779423 0.43589 0.701358
0.5 0.866025 1.49012e-08 0.655418
0 0 1 0.710482
0.034202 0.0939693 0.994987 0.710647
0.068404 0.187939 0.979796 0.706218
0.102606 0.281908 0.953939 0.699696
0.136808 0.375877 0.916515 0.706542
0.17101 0.469846 0.866025 0.717133
0.205212 0.563816 0.8 0.714704
0.239414 0.657785 0.714143 0.680121
0.273616 0.751754 0.6 0.668747
0.307818 0.845723 0.43589 0.688996
0.34202 0.939693 1.49012e-08 0.655418
0 0 1 0.710482
0.0173648 0.0984808 0.994987 0.712444
0.0347296 0.196962 0.979796 0.706422
0.0520945 0.295442 0.953939 0.692904
0.0694593 0.393923 0.916515 0.702139
0.0868241 0.492404 0.866025 0.715473
0.104189 0.590885 0.8 0.709744
0.121554 0.689365 0.714143 0.673975
0.138919 0.787846 0.6 0.666937
0.156283 0.886327 0.43589 0.679728
0.173648 0.984808 1.49012e-08 0.655418
0 0 1 0.710482
6.12323e-18 0.1 0.994987 0.714119
1.22465e-17 0.2 0.979796 0.706642
1.83697e-17 0.3 0.953939 0.690895
2.44929e-17 0.4 0.916515 0.690923
3.06162e-17 0.5 0.866025 0.710634
3.67394e-17 0.6 0.8 0.703874
4.28626e-17 0.7 0.714143 0.666436
4.89859e-17 0.8 0.6 0.646905
5.51091e-17 0.9 0.43589 0.668035
6.12323e-17 1 1.49012e-08 0.655418
-0 0 1 0.710482
-0.0173648 0.0984808 0.994987 0.715585
-0.0347296 0.196962 0.979796 0.709122
-0.0520945 0.295442 0.953939 0.695963
-0.0694593 0.393923 0.916515 0.701462
-0.0868241 0.492404 0.866025 0.702428
-0.104189 0.590885 0.8 0.694308
-0.121554 0.689365 0.714143 0.653142
-0.138919 0.787846 0.6 0.610138
-0.156283 0.886327 0.43589 0.655575
-0.173648 0.984808 1.49012e-08 0.655418
-0 0 1 0.710482
-0.034202 0.0939693 0.994987 0.716665
-0.068404 0.187939 0.979796 0.712845
-0.102606 0.281908 0.953939 0.7067
-0.136808 0.375877 0.916515 0.708755
-0.17101 0.469846 0.866025 0.70247
-0.205212 0.563816 0.8 0.681851
-0.239414 0.657785 0.714143 0.62564
-0.273616 0.751754 0.6 0.555599
-0.307818 0.845723 0.43589 0.645057
-0.34202 0.939693 1.49012e-08 0.655418
-0 0 1 0.710482
-0.05 0.0866025 0.994987 0.717631
-0.1 0.173205 0.979796 0.714817
-0.15 0.259808 0.953939 0.712488
-0.2 0.34641 0.916515 0.714099
-0.25 0.433013 0.866025 0.702474
-0.3 0.519615 0.8 0.66937
-0.35 0.606218 0.714143 0.589098
-0.4 0.69282 0.6 0.538899
-0.45 0.779423 0.43589 0.644239
-0.5 0.866025 1.49012e-08 0.655418
-0 0 1 0.710482
-0.0642788 0.0766044 0.994987 0.718557
-0.128558 0.153209 0.979796 0.718936
-0.192836 0.229813 0.953939 0.716402
-0.257115 0.306418 0.916515 0.715296
-0.321394 0.383022 0.866025 0.69846
-0.385673 0.459627 0.8 0.658681
-0.449951 0.536231 0.714143 0.577038
-0.51423 0.612836 0.6 0.540123
-0.578509 0.68944 0.43589 0.658925
-0.642788 0.766044 1.49012e-08 0.655418
-0 0 1 0.710482
-0.0766044 0.0642788 0.994987 0.718861
-0.153209 0.128558 0.979796 0.721517
-0.229813 0.192836 0.953939 0.718134
-0.306418 0.257115 0.916515 0.711974
-0.383022 0.321394 0.866025 0.689606
-0.459627 0.385673 0.8 0.652217
-0.536231 0.449951 0.714143 0.585527
-0.612836 0.51423 0.6 0.588041
-0.68944 0.578509 0.43589 0.671875
-0.766044 0.642788 1.49012e-08 0.655418
-0 0 1 0.710482
-0.0866025 0.05 0.994987 0.718351
-0.173205 0.1 0.979796 0.721875
-0.259808 0.15 0.953939 0.717479
-0.34641 0.2 0.916515 0.703865
-0.433013 0.25 0.866025 0.676182
-0.519615 0.3 0.8 0.655414
-0.606218 0.35 0.714143 0.646086
-0.69282 0.4 0.6 0.637595
-0.779423 0.45 0.43589 0.685306
-0.866025 0.5 1.49012e-08 0.655418
-0 0 1 0.710482
-0.0939693 0.034202 0.994987 0.7174
-0.187939 0.068404 0.979796 0.72096
-0.281908 0.102606 0.953939 0.715803
-0.375877 0.136808 0.916515 0.692343
-0.469846 0.17101 0.866025 0.659563
-0.563816 0.205212 0.8 0.662908
-0.657785 0.239414 0.714143 0.684071
-0.751754 0.273616 0.6 0.682336
-0.845723 0.307818 0.43589 0.674938
-0.939693 0.34202 1.49012e-08 0.655418
-0 0 1 0.710482
-0.0984808 0.0173648 0.994987 0.716926
-0.196962 0.0347296 0.979796 0.718927
-0.295442 0.0520945 0.953939 0.713355
-0.393923 0.0694593 0.916515 0.683271
-0.492404 0.0868241 0.866025 0.644863
-0.590885 0.104189 0.8 0.666252
-0.689365 0.121554 0.714143 0.696797
-0.787846 0.138919 0.6 0.698424
-0.886327 0.156283 0.43589 0.661618
-0.984808 0.173648 1.49012e-08 0.655419
-0 0 1 0.710482
-0.1 1.22465e-17 0.994987 0.716826
-0.2 2.44929e-17 0.979796 0.715097
-0.3 3.67394e-17 0.953939 0.711898
-0.4 4.89859e-17 0.916515 0.677714
-0.5 6.12323e-17 0.866025 0.625432
-0.6 7.34788e-17 0.8 0.646233
-0.7 8.57253e-17 0.714143 0.698131
-0.8 9.79717e-17 0.6 0.691677
-0.9 1.10218e-16 0.43589 0.702714
-1 1.22465e-16 1.49012e-08 0.655418
-0 -0 1 0.710482
-0.0984808 -0.0173648 0.994987 0.716731
-0.196962 -0.0347296 0.979796 0.710896
-0.295442 -0.0520945 0.953939 0.712475
-0.393923 -0.0694593 0.916515 0.688752
-0.492404 -0.0868241 0.866025 0.651242
-0.590885 -0.104189 0.8 0.648189
-0.689365 -0.121554 0.714143 0.693882
-0.787846 -0.138919 0.6 0.70648
-0.886327 -0.156283 0.43589 0.663278
-0.984808 -0.173648 1.49012e-08 0.655418
-0 -0 1 0.710482
-0.0939693 -0.034202 0.994987 0.716426
-0.187939 -0.068404 0.979796 0.714369
-0.281908 -0.102606 0.953939 0.715441
-0.375877 -0.136808 0.916515 0.704598
-0.469846 -0.17101 0.866025 0.679
-0.563816 -0.205212 0.8 0.655666
-0.657785 -0.239414 0.714143 0.681142
-0.751754 -0.273616 0.6 0.688535
-0.845723 -0.307818 0.43589 0.667319
-0.939693 -0.34202 1.49012e-08 0.655418
-0 -0 1 0.710482
-0.0866025 -0.05 0.994987 0.715756
-0.173205 -0.1 0.979796 0.718363
-0.259808 -0.15 0.953939 0.719887
-0.34641 -0.2 0.916515 0.714719
-0.433013 -0.25 0.866025 0.695382
-0.519615 -0.3 0.8 0.666113
-0.606218 -0.35 0.714143 0.650496
-0.69282 -0.4 0.6 0.612767
-0.779423 -0.45 0.43589 0.631185
-0.866025 -0.5 1.49012e-08 0.655418
-0 -0 1 0.710482
-0.0766044 -0.0642788 0.994987 0.714449
-0.153209 -0.128558 0.979796 0.719619
-0.229813 -0.192836 0.953939 0.721246
-0.306418 -0.257115 0.916515 0.719055
-0.383022 -0.321394 0.866025 0.706545
-0.459627 -0.385673 0.8 0.677808
-0.536231 -0.449951 0.714143 0.623389
-0.612836 -0.51423 0.6 0.577084
-0.68944 -0.578509 0.43589 0.576443
-0.766044 -0.642788 1.49012e-08 0.655418
-0 -0 1 0.710482
-0.0642788 -0.0766044 0.994987 0.71222
-0.128558 -0.153209 0.979796 0.719038
-0.192836 -0.229813 0.953939 0.721384
-0.257115 -0.306418 0.916515 0.71756
-0.321394 -0.383022 0.866025 0.707821
-0.385673 -0.459627 0.8 0.678501
-0.449951 -0.536231 0.714143 0.641405
-0.51423 -0.612836 0.6 0.600862
-0.578509 -0.68944 0.43589 0.599517
-0.642788 -0.766044 1.49012e-08 0.655418
-0 -0 1 0.710482
-0.05 -0.0866025 0.994987 0.710401
-0.1 -0.173205 0.979796 0.718771
-0.15 -0.259808 0.953939 0.719195
-0.2 -0.34641 0.916515 0.71196
-0.25 -0.433013 0.866025 0.701423
-0.3 -0.519615 0.8 0.68499
-0.35 -0.606218 0.714143 0.674771
-0.4 -0.69282 0.6 0.652402
-0.45 -0.779423 0.43589 0.651333
-0.5 -0.866025 1.49012e-08 0.655418
-0 -0 1 0.710482
-0.034202 -0.0939693 0.994987 0.709193
-0.068404 -0.187939 0.979796 0.716694
-0.102606 -0.281908 0.953939 0.714691
-0.136808 -0.375877 0.916515 0.704409
-0.17101 -0.469846 0.866025 0.686566
-0.205212 -0.563816 0.8 0.695809
-0.239414 -0.657785 0.714143 0.697046
-0.273616 -0.751754 0.6 0.676752
-0.307818 -0.845723 0.43589 0.679474
-0.34202 -0.939693 1.49012e-08 0.655418
-0 -0 1 0.710482
-0.0173648 -0.0984808 0.994987 0.707236
-0.0347296 -0.196962 0.979796 0.713147
-0.0520945 -0.295442 0.953939 0.709729
-0.0694593 -0.393923 0.916515 0.689733
-0.0868241 -0.492404 0.866025 0.690053
-0.104189 -0.590885 0.8 0.705786
-0.121554 -0.689365 0.714143 0.709883
-0.138919 -0.787846 0.6 0.685169
-0.156283 -0.886327 0.43589 0.693597
-0.173648 -0.984808 1.49012e-08 0.655418
-0 -0 1 0.710482
-1.83697e-17 -0.1 0.994987 0.704725
-3.67394e-17 -0.2 0.979796 0.70959
-5.51091e-17 -0.3 0.953939 0.703461
-7.34788e-17 -0.4 0.916515 0.684427
-9.18485e-17 -0.5 0.866025 0.701013
-1.10218e-16 -0.6 0.8 0.711313
-1.28588e-16 -0.7 0.714143 0.714765
-1.46958e-16 -0.8 0.6 0.692926
-1.65327e-16 -0.9 0.43589 0.700671
-1.83697e-16 -1 1.49012e-08 0.655418
0 -0 1 0.710482
0.0173648 -0.0984808 0.994987 0.702459
0.0347296 -0.196962 0.979796 0.705904
0.0520945 -0.295442 0.953939 0.69764
0.0694593 -0.393923 0.916515 0.680733
0.0868241 -0.492404 0.866025 0.709802
0.104189 -0.590885 0.8 0.716074
0.121554 -0.689365 0.714143 0.716833
0.138919 -0.787846 0.6 0.694307
0.156283 -0.886327 0.43589 0.702242
0.173648 -0.984808 1.49012e-08 0.655418
0 -0 1 0.710482
0.034202 -0.0939693 0.994987 0.699589
0.068404 -0.187939 0.979796 0.701375
0.102606 -0.281908 0.953939 0.693216
0.136808 -0.375877 0.916515 0.689681
0.17101 -0.469846 0.866025 0.715826
0.205212 -0.563816 0.8 0.721695
0.239414 -0.657785 0.714143 0.721098
0.273616 -0.751754 0.6 0.697028
0.307818 -0.845723 0.43589 0.701392
0.34202 -0.939693 1.49012e-08 0.655418
0 -0 1 0.710482
0.05 -0.0866025 0.994987 0.695882
0.1 -0.173205 0.979796 0.695642
0.15 -0.259808 0.953939 0.690503
0.2 -0.34641 0.916515 0.693511
0.25 -0.433013 0.866025 0.716837
0.3 -0.519615 0.8 0.722275
0.35 -0.606218 0.714143 0.720719
0.4 -0.69282 0.6 0.700093
0.45 -0.779423 0.43589 0.699803
0.5 -0.866025 1.49012e-08 0.655418
0 -0 1 0.710482
0.0642788 -0.0766044 0.994987 0.691351
0.128558 -0.153209 0.979796 0.688587
0.192836 -0.229813 0.953939 0.686199
0.257115 -0.306418 0.916515 0.688648
0.321394 -0.383022 0.866025 0.712222
0.385673 -0.459627 0.8 0.719433
0.449951 -0.536231 0.714143 0.72015
0.51423 -0.612836 0.6 0.704518
0.578509 -0.68944 0.43589 0.692645
0.642788 -0.766044 1.49012e-08 0.655418
0 -0 1 0.710482
0.0766044 -0.0642788 0.994987 0.686389
0.153209 -0.128558 0.979796 0.680453
0.229813 -0.192836 0.953939 0.678653
0.306418 -0.257115 0.916515 0.671341
0.383022 -0.321394 0.866025 0.701051
0.459627 -0.385673 0.8 0.710417
0.536231 -0.449951 0.714143 0.709823
0.612836 -0.51423 0.6 0.698235
0.68944 -0.578509 0.43589 0.684053
0.766044 -0.642788 1.49012e-08 0.655418
0 -0 1 0.710482
0.0866025 -0.05 0.994987 0.681814
0.173205 -0.1 0.979796 0.672138
0.259808 -0.15 0.953939 0.669457
0.34641 -0.2 0.916515 0.666735
0.433013 -0.25 0.866025 0.687061
0.519615 -0.3 0.8 0.70337
0.606218 -0.35 0.714143 0.693116
0.69282 -0.4 0.6 0.691881
0.779423 -0.45 0.43589 0.655053
0.866025 -0.5 1.49012e-08 0.655418
0 -0 1 0.710482
0.0939693 -0.034202 0.994987 0.679451
0.187939 -0.068404 0.979796 0.667001
0.281908 -0.102606 0.953939 0.6561
0.375877 -0.136808 0.916515 0.655163
0.469846 -0.17101 0.866025 0.66869
0.563816 -0.205212 0.8 0.703757
0.657785 -0.239414 0.714143 0.712398
0.751754 -0.273616 0.6 0.715594
0.845723 -0.307818 0.43589 0.668855
0.939693 -0.34202 1.49012e-08 0.655418
0 -0 1 0.710482
0.0984808 -0.0173648 0.994987 0.680802
0.196962 -0.0347296 0.979796 0.66787
0.295442 -0.0520945 0.953939 0.659467
0.393923 -0.0694593 0.916515 0.656943
0.492404 -0.0868241 0.866025 0.664764
0.590885 -0.104189 0.8 0.701024
0.689365 -0.121554 0.714143 0.715754
0.787846 -0.138919 0.6 0.718545
0.886327 -0.156283 0.43589 0.715964
0.984808 -0.173648 1.49012e-08 0.655419
0 -0 1 0.710482
0.1 -2.44929e-17 0.994987 0.684887
0.2 -4.89859e-17 0.979796 0.672879
0.3 -7.34788e-17 0.953939 0.669388
0.4 -9.79717e-17 0.916515 0.672245
0.5 -1.22465e-16 0.866025 0.687604
0.6 -1.46958e-16 0.8 0.704184
0.7 -1.71451e-16 0.714143 0.71677
0.8 -1.95943e-16 0.6 0.70955
0.9 -2.20436e-16 0.43589 0.715009
1 -2.44929e-16 1.49012e-08 0.655418
