0 0 1 0.691298
0.1 0 0.994987 0.69823
0.2 0 0.979796 0.702147
0.3 0 0.953939 0.702103
0.4 0 0.916515 0.696726
0.5 0 0.866025 0.686275
0.6 0 0.8 0.692314
0.7 0 0.714143 0.690435
0.8 0 0.6 0.679469
0.9 0 0.43589 0.651578
1 0 1.49012e-08 0.698423
0 0 1 0.691298
0.0984808 0.0173648 0.994987 0.699242
0.196962 0.0347296 0.979796 0.703985
0.295442 0.0520945 0.953939 0.703637
0.393923 0.0694593 0.916515 0.702144
0.492404 0.0868241 0.866025 0.697614
0.590885 0.104189 0.8 0.699154
0.689365 0.121554 0.714143 0.696448
0.787846 0.138919 0.6 0.683392
0.886327 0.156283 0.43589 0.683918
0.984808 0.173648 1.49012e-08 0.698423
0 0 1 0.691298
0.0939693 0.034202 0.994987 0.700529
0.187939 0.068404 0.979796 0.704604
0.281908 0.102606 0.953939 0.701067
0.375877 0.136808 0.916515 0.695904
0.469846 0.17101 0.866025 0.678413
0.563816 0.205212 0.8 0.670086
0.657785 0.239414 0.714143 0.652782
0.751754 0.273616 0.6 0.673744
0.845723 0.307818 0.43589 0.713095
0.939693 0.34202 1.49012e-08 0.698423
0 0 1 0.691298
0.0866025 0.05 0.994987 0.702126
0.173205 0.1 0.979796 0.704593
0.259808 0.15 0.953939 0.696803
0.34641 0.2 0.916515 0.679457
0.433013 0.25 0.866025 0.65701
0.519615 0.3 0.8 0.650135
0.606218 0.35 0.714143 0.661783
0.69282 0.4 0.6 0.698571
0.779423 0.45 0.43589 0.713271
0.866025 0.5 1.49012e-08 0.698423
0 0 1 0.691298
0.0766044 0.0642788 0.994987 0.703455
0.153209 0.128558 0.979796 0.704381
0.229813 0.192836 0.953939 0.691566
0.306418 0.257115 0.916515 0.658799
0.383022 0.321394 0.866025 0.640411
0.459627 0.385673 0.8 0.670008
0.536231 0.449951 0.714143 0.683474
0.612836 0.51423 0.6 0.700179
0.68944 0.578509 0.43589 0.705799
0.766044 0.642788 1.49012e-08 0.698423
0 0 1 0.691298
0.0642788 0.0766044 0.994987 0.704379
0.128558 0.153209 0.979796 0.704021
0.192836 0.229813 0.953939 0.690478
0.257115 0.306418 0.916515 0.65895
0.321394 0.383022 0.866025 0.647796
0.385673 0.459627 0.8 0.689181
0.449951 0.536231 0.714143 0.701036
0.51423 0.612836 0.6 0.703917
0.578509 0.68944 0.43589 0.702906
0.642788 0.766044 1.49012e-08 0.698423
0 0 1 0.691298
0.05 0.0866025 0.994987 0.70478
0.1 0.173205 0.979796 0.702944
0.15 0.259808 0.953939 0.6886
0.2 0.34641 0.916515 0.670863
0.25 0.433013 0.866025 0.678414
0.3 0.519615 0.8 0.70682
0.35 0.606218 0.714143 0.711974
0.4 0.69282 0.6 0.701848
0.45 0.779423 0.43589 0.701469
0.5 0.866025 1.49012e-08 0.698423
0 0 1 0.691298
0.034202 0.0939693 0.994987 0.70457
0.068404 0.187939 0.979796 0.701065
0.102606 0.281908 0.953939 0.681528
0.136808 0.375877 0.916515 0.67505
0.17101 0.469846 0.866025 0.69113
0.205212 0.563816 0.8 0.714984
0.239414 0.657785 0.714143 0.71793
0.273616 0.751754 0.6 0.709356
0.307818 0.845723 0.43589 0.701884
0.34202 0.939693 1.49012e-08 0.698423
0 0 1 0.691298
0.0173648 0.0984808 0.994987 0.703864
0.0347296 0.196962 0.979796 0.698544
0.0520945 0.295442 0.953939 0.674143
0.0694593 0.393923 0.916515 0.675485
0.0868241 0.492404 0.866025 0.692968
0.104189 0.590885 0.8 0.716388
0.121554 0.689365 0.714143 0.716847
0.138919 0.787846 0.6 0.711665
0.156283 0.886327 0.43589 0.703239
0.173648 0.984808 1.49012e-08 0.698423
0 0 1 0.691298
6.12323e-18 0.1 0.994987 0.702798
1.22465e-17 0.2 0.979796 0.696076
1.83697e-17 0.3 0.953939 0.679043
2.44929e-17 0.4 0.916515 0.681412
3.06162e-17 0.5 0.866025 0.700601
3.67394e-17 0.6 0.8 0.716423
4.28626e-17 0.7 0.714143 0.705391
4.89859e-17 0.8 0.6 0.707474
5.51091e-17 0.9 0.43589 0.702365
6.12323e-17 1 1.49012e-08 0.698423
-0 0 1 0.691298
-0.0173648 0.0984808 0.994987 0.701348
-0.0347296 0.196962 0.979796 0.69279
-0.0520945 0.295442 0.953939 0.676835
-0.0694593 0.393923 0.916515 0.679844
-0.0868241 0.492404 0.866025 0.700345
-0.104189 0.590885 0.8 0.711472
-0.121554 0.689365 0.714143 0.708261
-0.138919 0.787846 0.6 0.705345
-0.156283 0.886327 0.43589 0.703742
-0.173648 0.984808 1.49012e-08 0.698423
-0 0 1 0.691298
-0.034202 0.0939693 0.994987 0.699566
-0.068404 0.187939 0.979796 0.688369
-0.102606 0.281908 0.953939 0.666718
-0.136808 0.375877 0.916515 0.664936
-0.17101 0.469846 0.866025 0.689779
-0.205212 0.563816 0.8 0.701631
-0.239414 0.657785 0.714143 0.705241
-0.273616 0.751754 0.6 0.705274
-0.307818 0.845723 0.43589 0.709092
-0.34202 0.939693 1.49012e-08 0.698423
-0 0 1 0.691298
-0.05 0.0866025 0.994987 0.697462
-0.1 0.173205 0.979796 0.683493
-0.15 0.259808 0.953939 0.650347
-0.2 0.34641 0.916515 0.644223
-0.25 0.433013 0.866025 0.673933
-0.3 0.519615 0.8 0.687262
-0.35 0.606218 0.714143 0.687126
-0.4 0.69282 0.6 0.69841
-0.45 0.779423 0.43589 0.709373
-0.5 0.866025 1.49012e-08 0.698423
-0 0 1 0.691298
-0.0642788 0.0766044 0.994987 0.695066
-0.128558 0.153209 0.979796 0.680134
-0.192836 0.229813 0.953939 0.637847
-0.257115 0.306418 0.916515 0.617828
-0.321394 0.383022 0.866025 0.660043
-0.385673 0.459627 0.8 0.687569
-0.449951 0.536231 0.714143 0.695631
-0.51423 0.612836 0.6 0.711545
-0.578509 0.68944 0.43589 0.710562
-0.642788 0.766044 1.49012e-08 0.698423
-0 0 1 0.691298
-0.0766044 0.0642788 0.994987 0.692424
-0.153209 0.128558 0.979796 0.679037
-0.229813 0.192836 0.953939 0.649232
-0.306418 0.257115 0.916515 0.625786
-0.383022 0.321394 0.866025 0.644741
-0.459627 0.385673 0.8 0.677496
-0.536231 0.449951 0.714143 0.699037
-0.612836 0.51423 0.6 0.712456
-0.68944 0.578509 0.43589 0.719678
-0.766044 0.642788 1.49012e-08 0.698423
-0 0 1 0.691298
-0.0866025 0.05 0.994987 0.689549
-0.173205 0.1 0.979796 0.680413
-0.259808 0.15 0.953939 0.665276
-0.34641 0.2 0.916515 0.646114
-0.433013 0.25 0.866025 0.626132
-0.519615 0.3 0.8 0.647718
-0.606218 0.35 0.714143 0.679522
-0.69282 0.4 0.6 0.699787
-0.779423 0.45 0.43589 0.708395
-0.866025 0.5 1.49012e-08 0.698423
-0 0 1 0.691298
-0.0939693 0.034202 0.994987 0.686711
-0.187939 0.068404 0.979796 0.684857
-0.281908 0.102606 0.953939 0.678996
-0.375877 0.136808 0.916515 0.665477
-0.469846 0.17101 0.866025 0.645736
-0.563816 0.205212 0.8 0.633928
-0.657785 0.239414 0.714143 0.643785
-0.751754 0.273616 0.6 0.696237
-0.845723 0.307818 0.43589 0.694638
-0.939693 0.34202 1.49012e-08 0.698423
-0 0 1 0.691298
-0.0984808 0.0173648 0.994987 0.68471
-0.196962 0.0347296 0.979796 0.688099
-0.295442 0.0520945 0.953939 0.688082
-0.393923 0.0694593 0.916515 0.68507
-0.492404 0.0868241 0.866025 0.674332
-0.590885 0.104189 0.8 0.676269
-0.689365 0.121554 0.714143 0.672138
-0.787846 0.138919 0.6 0.683879
-0.886327 0.156283 0.43589 0.717088
-0.984808 0.173648 1.49012e-08 0.698423
-0 0 1 0.691298
-0.1 1.22465e-17 0.994987 0.682868
-0.2 2.44929e-17 0.979796 0.689495
-0.3 3.67394e-17 0.953939 0.694842
-0.4 4.89859e-17 0.916515 0.701127
-0.5 6.12323e-17 0.866025 0.702186
-0.6 7.34788e-17 0.8 0.706568
-0.7 8.57253e-17 0.714143 0.705254
-0.8 9.79717e-17 0.6 0.694445
-0.9 1.10218e-16 0.43589 0.678413
-1 1.22465e-16 1.49012e-08 0.698423
-0 -0 1 0.691298
-0.0984808 -0.0173648 0.994987 0.680401
-0.196962 -0.0347296 0.979796 0.689474
-0.295442 -0.0520945 0.953939 0.6984
-0.393923 -0.0694593 0.916515 0.706192
-0.492404 -0.0868241 0.866025 0.706528
-0.590885 -0.104189 0.8 0.701249
-0.689365 -0.121554 0.714143 0.702891
-0.787846 -0.138919 0.6 0.696412
-0.886327 -0.156283 0.43589 0.677836
-0.984808 -0.173648 1.49012e-08 0.698423
-0 -0 1 0.691298
-0.0939693 -0.034202 0.994987 0.677637
-0.187939 -0.068404 0.979796 0.686765
-0.281908 -0.102606 0.953939 0.693627
-0.375877 -0.136808 0.916515 0.699776
-0.469846 -0.17101 0.866025 0.693752
-0.563816 -0.205212 0.8 0.690801
-0.657785 -0.239414 0.714143 0.706017
-0.751754 -0.273616 0.6 0.685808
-0.845723 -0.307818 0.43589 0.633977
-0.939693 -0.34202 1.49012e-08 0.698423
-0 -0 1 0.691298
-0.0866025 -0.05 0.994987 0.67309
-0.173205 -0.1 0.979796 0.680366
-0.259808 -0.15 0.953939 0.681526
-0.34641 -0.2 0.916515 0.692297
-0.433013 -0.25 0.866025 0.704723
-0.519615 -0.3 0.8 0.70591
-0.606218 -0.35 0.714143 0.687224
-0.69282 -0.4 0.6 0.628909
-0.779423 -0.45 0.43589 0.686363
-0.866025 -0.5 1.49012e-08 0.698423
-0 -0 1 0.691298
-0.0766044 -0.0642788 0.994987 0.666936
-0.153209 -0.128558 0.979796 0.670753
-0.229813 -0.192836 0.953939 0.67898
-0.306418 -0.257115 0.916515 0.69789
-0.383022 -0.321394 0.866025 0.703423
-0.459627 -0.385673 0.8 0.697831
-0.536231 -0.449951 0.714143 0.652298
-0.612836 -0.51423 0.6 0.643845
-0.68944 -0.578509 0.43589 0.705718
-0.766044 -0.642788 1.49012e-08 0.698423
-0 -0 1 0.691298
-0.0642788 -0.0766044 0.994987 0.659626
-0.128558 -0.153209 0.979796 0.65834
-0.192836 -0.229813 0.953939 0.680052
-0.257115 -0.306418 0.916515 0.695485
-0.321394 -0.383022 0.866025 0.699706
-0.385673 -0.459627 0.8 0.679958
-0.449951 -0.536231 0.714143 0.609975
-0.51423 -0.612836 0.6 0.675169
-0.578509 -0.68944 0.43589 0.715085
-0.642788 -0.766044 1.49012e-08 0.698423
-0 -0 1 0.691298
-0.05 -0.0866025 0.994987 0.652399
-0.1 -0.173205 0.979796 0.643163
-0.15 -0.259808 0.953939 0.676733
-0.2 -0.34641 0.916515 0.687406
-0.25 -0.433013 0.866025 0.695649
-0.3 -0.519615 0.8 0.670029
-0.35 -0.606218 0.714143 0.646654
-0.4 -0.69282 0.6 0.69969
-0.45 -0.779423 0.43589 0.71907
-0.5 -0.866025 1.49012e-08 0.698423
-0 -0 1 0.691298
-0.034202 -0.0939693 0.994987 0.647278
-0.068404 -0.187939 0.979796 0.627948
-0.102606 -0.281908 0.953939 0.671819
-0.136808 -0.375877 0.916515 0.688339
-0.17101 -0.469846 0.866025 0.689896
-0.205212 -0.563816 0.8 0.661626
-0.239414 -0.657785 0.714143 0.654093
-0.273616 -0.751754 0.6 0.707965
-0.307818 -0.845723 0.43589 0.717428
-0.34202 -0.939693 1.49012e-08 0.698423
-0 -0 1 0.691298
-0.0173648 -0.0984808 0.994987 0.646237
-0.0347296 -0.196962 0.979796 0.624249
-0.0520945 -0.295442 0.953939 0.665914
-0.0694593 -0.393923 0.916515 0.684564
-0.0868241 -0.492404 0.866025 0.681236
-0.104189 -0.590885 0.8 0.651849
-0.121554 -0.689365 0.714143 0.664482
-0.138919 -0.787846 0.6 0.711236
-0.156283 -0.886327 0.43589 0.709928
-0.173648 -0.984808 1.49012e-08 0.698423
-0 -0 1 0.691298
-1.83697e-17 -0.1 0.994987 0.649944
-3.67394e-17 -0.2 0.979796 0.634639
-5.51091e-17 -0.3 0.953939 0.662173
-7.34788e-17 -0.4 0.916515 0.677616
-9.18485e-17 -0.5 0.866025 0.667713
-1.10218e-16 -0.6 0.8 0.645825
-1.28588e-16 -0.7 0.714143 0.670632
-1.46958e-16 -0.8 0.6 0.709061
-1.65327e-16 -0.9 0.43589 0.697614
-1.83697e-16 -1 1.49012e-08 0.698423
0 -0 1 0.691298
0.0173648 -0.0984808 0.994987 0.656813
0.0347296 -0.196962 0.979796 0.649172
0.0520945 -0.295442 0.953939 0.6646
0.0694593 -0.393923 0.916515 0.671456
0.0868241 -0.492404 0.866025 0.647242
0.104189 -0.590885 0.8 0.611714
0.121554 -0.689365 0.714143 0.657331
0.138919 -0.787846 0.6 0.702342
0.156283 -0.886327 0.43589 0.704739
0.173648 -0.984808 1.49012e-08 0.698423
0 -0 1 0.691298
0.034202 -0.0939693 0.994987 0.664633
0.068404 -0.187939 0.979796 0.661431
0.102606 -0.281908 0.953939 0.672221
0.136808 -0.375877 0.916515 0.671019
0.17101 -0.469846 0.866025 0.638758
0.205212 -0.563816 0.8 0.57048
0.239414 -0.657785 0.714143 0.64039
0.273616 -0.751754 0.6 0.688309
0.307818 -0.845723 0.43589 0.702735
0.34202 -0.939693 1.49012e-08 0.698423
0 -0 1 0.691298
0.05 -0.0866025 0.994987 0.672108
0.1 -0.173205 0.979796 0.669683
0.15 -0.259808 0.953939 0.677946
0.2 -0.34641 0.916515 0.672795
0.25 -0.433013 0.866025 0.648332
0.3 -0.519615 0.8 0.603356
0.35 -0.606218 0.714143 0.629609
0.4 -0.69282 0.6 0.676285
0.45 -0.779423 0.43589 0.698868
0.5 -0.866025 1.49012e-08 0.698423
0 -0 1 0.691298
0.0642788 -0.0766044 0.994987 0.678721
0.128558 -0.153209 0.979796 0.673659
0.192836 -0.229813 0.953939 0.682781
0.257115 -0.306418 0.916515 0.678919
0.321394 -0.383022 0.866025 0.660486
0.385673 -0.459627 0.8 0.608311
0.449951 -0.536231 0.714143 0.61462
0.51423 -0.612836 0.6 0.676328
0.578509 -0.68944 0.43589 0.707798
0.642788 -0.766044 1.49012e-08 0.698423
0 -0 1 0.691298
0.0766044 -0.0642788 0.994987 0.684418
0.153209 -0.128558 0.979796 0.676434
0.229813 -0.192836 0.953939 0.685526
0.306418 -0.257115 0.916515 0.688062
0.383022 -0.321394 0.866025 0.67477
0.459627 -0.385673 0.8 0.623054
0.536231 -0.449951 0.714143 0.605823
0.612836 -0.51423 0.6 0.666043
0.68944 -0.578509 0.43589 0.707652
0.766044 -0.642788 1.49012e-08 0.698423
0 -0 1 0.691298
0.0866025 -0.05 0.994987 0.689249
0.173205 -0.1 0.979796 0.681348
0.259808 -0.15 0.953939 0.685536
0.34641 -0.2 0.916515 0.691356
0.433013 -0.25 0.866025 0.686778
0.519615 -0.3 0.8 0.667892
0.606218 -0.35 0.714143 0.616187
0.69282 -0.4 0.6 0.632992
0.779423 -0.45 0.43589 0.697441
0.866025 -0.5 1.49012e-08 0.698423
0 -0 1 0.691298
0.0939693 -0.034202 0.994987 0.693216
0.187939 -0.068404 0.979796 0.690304
0.281908 -0.102606 0.953939 0.684617
0.375877 -0.136808 0.916515 0.689759
0.469846 -0.17101 0.866025 0.69148
0.563816 -0.205212 0.8 0.691164
0.657785 -0.239414 0.714143 0.664467
0.751754 -0.273616 0.6 0.648672
0.845723 -0.307818 0.43589 0.702642
0.939693 -0.34202 1.49012e-08 0.698423
0 -0 1 0.691298
0.0984808 -0.0173648 0.994987 0.696242
0.196962 -0.0347296 0.979796 0.697727
0.295442 -0.0520945 0.953939 0.694424
0.393923 -0.0694593 0.916515 0.684767
0.492404 -0.0868241 0.866025 0.673606
0.590885 -0.104189 0.8 0.696961
0.689365 -0.121554 0.714143 0.694179
0.787846 -0.138919 0.6 0.661179
0.886327 -0.156283 0.43589 0.663411
0.984808 -0.173648 1.49012e-08 0.698423
0 -0 1 0.691298
0.1 -2.44929e-17 0.994987 0.69823
0.2 -4.89859e-17 0.979796 0.702147
0.3 -7.34788e-17 0.953939 0.702103
0.4 -9.79717e-17 0.916515 0.696726
0.5 -1.22465e-16 0.866025 0.686275
0.6 -1.46958e-16 0.8 0.692314
0.7 -1.71451e-16 0.714143 0.690435
0.8 -1.95943e-16 0.6 0.679469
0.9 -2.20436e-16 0.43589 0.651578
1 -2.44929e-16 1.49012e-08 0.698423
