0 0 1 0.663724
0.1 0 0.994987 0.661192
0.2 0 0.979796 0.676219
0.3 0 0.953939 0.689605
0.4 0 0.916515 0.695667
0.5 0 0.866025 0.690213
0.6 0 0.8 0.658357
0.7 0 0.714143 0.643063
0.8 0 0.6 0.672248
0.9 0 0.43589 0.67385
1 0 1.49012e-08 0.666054
0 0 1 0.663724
0.0984808 0.0173648 0.994987 0.660314
0.196962 0.0347296 0.979796 0.668253
0.295442 0.0520945 0.953939 0.675138
0.393923 0.0694593 0.916515 0.680117
0.492404 0.0868241 0.866025 0.67634
0.590885 0.104189 0.8 0.667953
0.689365 0.121554 0.714143 0.66386
0.787846 0.138919 0.6 0.682469
0.886327 0.156283 0.43589 0.66551
0.984808 0.173648 1.49012e-08 0.666054
0 0 1 0.663724
0.0939693 0.034202 0.994987 0.662061
0.187939 0.068404 0.979796 0.656842
0.281908 0.102606 0.953939 0.653789
0.375877 0.136808 0.916515 0.665378
0.469846 0.17101 0.866025 0.664893
0.563816 0.205212 0.8 0.659822
0.657785 0.239414 0.714143 0.640559
0.751754 0.273616 0.6 0.626392
0.845723 0.307818 0.43589 0.65662
0.939693 0.34202 1.49012e-08 0.666054
0 0 1 0.663724
0.0866025 0.05 0.994987 0.663671
0.173205 0.1 0.979796 0.644624
0.259808 0.15 0.953939 0.641594
0.34641 0.2 0.916515 0.663027
0.433013 0.25 0.866025 0.661413
0.519615 0.3 0.8 0.639815
0.606218 0.35 0.714143 0.557083
0.69282 0.4 0.6 0.56275
0.779423 0.45 0.43589 0.671583
0.866025 0.5 1.49012e-08 0.666054
0 0 1 0.663724
0.0766044 0.0642788 0.994987 0.665416
0.153209 0.128558 0.979796 0.636724
0.229813 0.192836 0.953939 0.646574
0.306418 0.257115 0.916515 0.666885
0.383022 0.321394 0.866025 0.663378
0.459627 0.385673 0.8 0.631044
0.536231 0.449951 0.714143 0.570172
0.612836 0.51423 0.6 0.620606
0.68944 0.578509 0.43589 0.673858
0.766044 0.642788 1.49012e-08 0.666054
0 0 1 0.663724
0.0642788 0.0766044 0.994987 0.66768
0.128558 0.153209 0.979796 0.634537
0.192836 0.229813 0.953939 0.656272
0.257115 0.306418 0.916515 0.675726
0.321394 0.383022 0.866025 0.675059
0.385673 0.459627 0.8 0.650224
0.449951 0.536231 0.714143 0.635782
0.51423 0.612836 0.6 0.656284
0.578509 0.68944 0.43589 0.662225
0.642788 0.766044 1.49012e-08 0.666054
0 0 1 0.663724
0.05 0.0866025 0.994987 0.670349
0.1 0.173205 0.979796 0.647057
0.15 0.259808 0.953939 0.666288
0.2 0.34641 0.916515 0.683126
0.25 0.433013 0.866025 0.683132
0.3 0.519615 0.8 0.666299
0.35 0.606218 0.714143 0.659578
0.4 0.69282 0.6 0.666855
0.45 0.779423 0.43589 0.648033
0.5 0.866025 1.49012e-08 0.666054
0 0 1 0.663724
0.034202 0.0939693 0.994987 0.673284
0.068404 0.187939 0.979796 0.661407
0.102606 0.281908 0.953939 0.673673
0.136808 0.375877 0.916515 0.68525
0.17101 0.469846 0.866025 0.682067
0.205212 0.563816 0.8 0.666181
0.239414 0.657785 0.714143 0.668968
0.273616 0.751754 0.6 0.68029
0.307818 0.845723 0.43589 0.671223
0.34202 0.939693 1.49012e-08 0.666054
0 0 1 0.663724
0.0173648 0.0984808 0.994987 0.676172
0.0347296 0.196962 0.979796 0.670655
0.0520945 0.295442 0.953939 0.675802
0.0694593 0.393923 0.916515 0.680656
0.0868241 0.492404 0.866025 0.676059
0.104189 0.590885 0.8 0.658572
0.121554 0.689365 0.714143 0.667391
0.138919 0.787846 0.6 0.693784
0.156283 0.886327 0.43589 0.688942
0.173648 0.984808 1.49012e-08 0.666054
0 0 1 0.663724
6.12323e-18 0.1 0.994987 0.678737
1.22465e-17 0.2 0.979796 0.675578
1.83697e-17 0.3 0.953939 0.673873
2.44929e-17 0.4 0.916515 0.677454
3.06162e-17 0.5 0.866025 0.659008
3.67394e-17 0.6 0.8 0.640828
4.28626e-17 0.7 0.714143 0.676081
4.89859e-17 0.8 0.6 0.700366
5.51091e-17 0.9 0.43589 0.697254
6.12323e-17 1 1.49012e-08 0.666054
-0 0 1 0.663724
-0.0173648 0.0984808 0.994987 0.680823
-0.0347296 0.196962 0.979796 0.678415
-0.0520945 0.295442 0.953939 0.673218
-0.0694593 0.393923 0.916515 0.673287
-0.0868241 0.492404 0.866025 0.656871
-0.104189 0.590885 0.8 0.643556
-0.121554 0.689365 0.714143 0.680942
-0.138919 0.787846 0.6 0.700586
-0.156283 0.886327 0.43589 0.700129
-0.173648 0.984808 1.49012e-08 0.666054
-0 0 1 0.663724
-0.034202 0.0939693 0.994987 0.682401
-0.068404 0.187939 0.979796 0.679981
-0.102606 0.281908 0.953939 0.671218
-0.136808 0.375877 0.916515 0.677233
-0.17101 0.469846 0.866025 0.6749
-0.205212 0.563816 0.8 0.658772
-0.239414 0.657785 0.714143 0.674842
-0.273616 0.751754 0.6 0.698552
-0.307818 0.845723 0.43589 0.700993
-0.34202 0.939693 1.49012e-08 0.666054
-0 0 1 0.663724
-0.05 0.0866025 0.994987 0.683535
-0.1 0.173205 0.979796 0.681273
-0.15 0.259808 0.953939 0.662276
-0.2 0.34641 0.916515 0.679032
-0.25 0.433013 0.866025 0.683619
-0.3 0.519615 0.8 0.660385
-0.35 0.606218 0.714143 0.647936
-0.4 0.69282 0.6 0.687713
-0.45 0.779423 0.43589 0.69484
-0.5 0.866025 1.49012e-08 0.666054
-0 0 1 0.663724
-0.0642788 0.0766044 0.994987 0.684303
-0.128558 0.153209 0.979796 0.684512
-0.192836 0.229813 0.953939 0.670062
-0.257115 0.306418 0.916515 0.683093
-0.321394 0.383022 0.866025 0.687962
-0.385673 0.459627 0.8 0.668735
-0.449951 0.536231 0.714143 0.629556
-0.51423 0.612836 0.6 0.66284
-0.578509 0.68944 0.43589 0.69592
-0.642788 0.766044 1.49012e-08 0.666054
-0 0 1 0.663724
-0.0766044 0.0642788 0.994987 0.684714
-0.153209 0.128558 0.979796 0.688674
-0.229813 0.192836 0.953939 0.686511
-0.306418 0.257115 0.916515 0.689125
-0.383022 0.321394 0.866025 0.68746
-0.459627 0.385673 0.8 0.675456
-0.536231 0.449951 0.714143 0.640168
-0.612836 0.51423 0.6 0.667573
-0.68944 0.578509 0.43589 0.691279
-0.766044 0.642788 1.49012e-08 0.666054
-0 0 1 0.663724
-0.0866025 0.05 0.994987 0.684647
-0.173205 0.1 0.979796 0.690661
-0.259808 0.15 0.953939 0.692381
-0.34641 0.2 0.916515 0.695043
-0.433013 0.25 0.866025 0.685031
-0.519615 0.3 0.8 0.667506
-0.606218 0.35 0.714143 0.638047
-0.69282 0.4 0.6 0.661577
-0.779423 0.45 0.43589 0.700384
-0.866025 0.5 1.49012e-08 0.666054
-0 0 1 0.663724
-0.0939693 0.034202 0.994987 0.683924
-0.187939 0.068404 0.979796 0.690467
-0.281908 0.102606 0.953939 0.689229
-0.375877 0.136808 0.916515 0.695368
-0.469846 0.17101 0.866025 0.688592
-0.563816 0.205212 0.8 0.676342
-0.657785 0.239414 0.714143 0.626744
-0.751754 0.273616 0.6 0.638515
-0.845723 0.307818 0.43589 0.690864
-0.939693 0.34202 1.49012e-08 0.666054
-0 0 1 0.663724
-0.0984808 0.0173648 0.994987 0.682389
-0.196962 0.0347296 0.979796 0.688464
-0.295442 0.0520945 0.953939 0.682773
-0.393923 0.0694593 0.916515 0.688866
-0.492404 0.0868241 0.866025 0.662752
-0.590885 0.104189 0.8 0.678285
-0.689365 0.121554 0.714143 0.681972
-0.787846 0.138919 0.6 0.671845
-0.886327 0.156283 0.43589 0.5493
-0.984808 0.173648 1.49012e-08 0.666054
-0 0 1 0.663724
-0.1 1.22465e-17 0.994987 0.679986
-0.2 2.44929e-17 0.979796 0.68426
-0.3 3.67394e-17 0.953939 0.679887
-0.4 4.89859e-17 0.916515 0.683697
-0.5 6.12323e-17 0.866025 0.674453
-0.6 7.34788e-17 0.8 0.660836
-0.7 8.57253e-17 0.714143 0.697611
-0.8 9.79717e-17 0.6 0.692858
-0.9 1.10218e-16 0.43589 0.701678
-1 1.22465e-16 1.49012e-08 0.666054
-0 -0 1 0.663724
-0.0984808 -0.0173648 0.994987 0.676739
-0.196962 -0.0347296 0.979796 0.677841
-0.295442 -0.0520945 0.953939 0.669463
-0.393923 -0.0694593 0.916515 0.675488
-0.492404 -0.0868241 0.866025 0.68095
-0.590885 -0.104189 0.8 0.692927
-0.689365 -0.121554 0.714143 0.699378
-0.787846 -0.138919 0.6 0.699757
-0.886327 -0.156283 0.43589 0.699005
-0.984808 -0.173648 1.49012e-08 0.666054
-0 -0 1 0.663724
-0.0939693 -0.034202 0.994987 0.672728
-0.187939 -0.068404 0.979796 0.670536
-0.281908 -0.102606 0.953939 0.655613
-0.375877 -0.136808 0.916515 0.653242
-0.469846 -0.17101 0.866025 0.677605
-0.563816 -0.205212 0.8 0.688096
-0.657785 -0.239414 0.714143 0.698115
-0.751754 -0.273616 0.6 0.703823
-0.845723 -0.307818 0.43589 0.683207
-0.939693 -0.34202 1.49012e-08 0.666054
-0 -0 1 0.663724
-0.0866025 -0.05 0.994987 0.668081
-0.173205 -0.1 0.979796 0.662827
-0.259808 -0.15 0.953939 0.63889
-0.34641 -0.2 0.916515 0.611658
-0.433013 -0.25 0.866025 0.659602
-0.519615 -0.3 0.8 0.674246
-0.606218 -0.35 0.714143 0.671715
-0.69282 -0.4 0.6 0.672905
-0.779423 -0.45 0.43589 0.627331
-0.866025 -0.5 1.49012e-08 0.666054
-0 -0 1 0.663724
-0.0766044 -0.0642788 0.994987 0.662977
-0.153209 -0.128558 0.979796 0.654056
-0.229813 -0.192836 0.953939 0.631774
-0.306418 -0.257115 0.916515 0.614427
-0.383022 -0.321394 0.866025 0.643033
-0.459627 -0.385673 0.8 0.633416
-0.536231 -0.449951 0.714143 0.595481
-0.612836 -0.51423 0.6 0.644852
-0.68944 -0.578509 0.43589 0.652407
-0.766044 -0.642788 1.49012e-08 0.666054
-0 -0 1 0.663724
-0.0642788 -0.0766044 0.994987 0.657628
-0.128558 -0.153209 0.979796 0.644659
-0.192836 -0.229813 0.953939 0.634762
-0.257115 -0.306418 0.916515 0.642119
-0.321394 -0.383022 0.866025 0.655937
-0.385673 -0.459627 0.8 0.643058
-0.449951 -0.536231 0.714143 0.649252
-0.51423 -0.612836 0.6 0.678043
-0.578509 -0.68944 0.43589 0.685946
-0.642788 -0.766044 1.49012e-08 0.666054
-0 -0 1 0.663724
-0.05 -0.0866025 0.994987 0.652222
-0.1 -0.173205 0.979796 0.637666
-0.15 -0.259808 0.953939 0.64109
-0.2 -0.34641 0.916515 0.66033
-0.25 -0.433013 0.866025 0.673927
-0.3 -0.519615 0.8 0.677959
-0.35 -0.606218 0.714143 0.689681
-0.4 -0.69282 0.6 0.689969
-0.45 -0.779423 0.43589 0.686122
-0.5 -0.866025 1.49012e-08 0.666054
-0 -0 1 0.663724
-0.034202 -0.0939693 0.994987 0.646884
-0.068404 -0.187939 0.979796 0.635002
-0.102606 -0.281908 0.953939 0.651112
-0.136808 -0.375877 0.916515 0.676771
-0.17101 -0.469846 0.866025 0.690454
-0.205212 -0.563816 0.8 0.699329
-0.239414 -0.657785 0.714143 0.7015
-0.273616 -0.751754 0.6 0.700653
-0.307818 -0.845723 0.43589 0.672824
-0.34202 -0.939693 1.49012e-08 0.666054
-0 -0 1 0.663724
-0.0173648 -0.0984808 0.994987 0.64183
-0.0347296 -0.196962 0.979796 0.631154
-0.0520945 -0.295442 0.953939 0.659325
-0.0694593 -0.393923 0.916515 0.688536
-0.0868241 -0.492404 0.866025 0.69975
-0.104189 -0.590885 0.8 0.706281
-0.121554 -0.689365 0.714143 0.704062
-0.138919 -0.787846 0.6 0.704369
-0.156283 -0.886327 0.43589 0.682317
-0.173648 -0.984808 1.49012e-08 0.666054
-0 -0 1 0.663724
-1.83697e-17 -0.1 0.994987 0.637599
-3.67394e-17 -0.2 0.979796 0.620714
-5.51091e-17 -0.3 0.953939 0.661492
-7.34788e-17 -0.4 0.916515 0.692
-9.18485e-17 -0.5 0.866025 0.704477
-1.10218e-16 -0.6 0.8 0.707162
-1.28588e-16 -0.7 0.714143 0.703198
-1.46958e-16 -0.8 0.6 0.706166
-1.65327e-16 -0.9 0.43589 0.694897
-1.83697e-16 -1 1.49012e-08 0.666054
0 -0 1 0.663724
0.0173648 -0.0984808 0.994987 0.635232
0.0347296 -0.196962 0.979796 0.604551
0.0520945 -0.295442 0.953939 0.661199
0.0694593 -0.393923 0.916515 0.691538
0.0868241 -0.492404 0.866025 0.701553
0.104189 -0.590885 0.8 0.705647
0.121554 -0.689365 0.714143 0.678296
0.138919 -0.787846 0.6 0.704063
0.156283 -0.886327 0.43589 0.697619
0.173648 -0.984808 1.49012e-08 0.666054
0 -0 1 0.663724
0.034202 -0.0939693 0.994987 0.635826
0.068404 -0.187939 0.979796 0.618944
0.102606 -0.281908 0.953939 0.664237
0.136808 -0.375877 0.916515 0.687117
0.17101 -0.469846 0.866025 0.694378
0.205212 -0.563816 0.8 0.701146
0.239414 -0.657785 0.714143 0.702101
0.273616 -0.751754 0.6 0.704643
0.307818 -0.845723 0.43589 0.696151
0.34202 -0.939693 1.49012e-08 0.666054
0 -0 1 0.663724
0.05 -0.0866025 0.994987 0.639842
0.1 -0.173205 0.979796 0.641613
0.15 -0.259808 0.953939 0.673607
0.2 -0.34641 0.916515 0.685009
0.25 -0.433013 0.866025 0.68998
0.3 -0.519615 0.8 0.691713
0.35 -0.606218 0.714143 0.70583
0.4 -0.69282 0.6 0.706753
0.45 -0.779423 0.43589 0.693183
0.5 -0.866025 1.49012e-08 0.666054
0 -0 1 0.663724
0.0642788 -0.0766044 0.994987 0.645932
0.128558 -0.153209 0.979796 0.659249
0.192836 -0.229813 0.953939 0.684839
0.257115 -0.306418 0.916515 0.694248
0.321394 -0.383022 0.866025 0.694783
0.385673 -0.459627 0.8 0.692374
0.449951 -0.536231 0.714143 0.701868
0.51423 -0.612836 0.6 0.696415
0.578509 -0.68944 0.43589 0.678076
0.642788 -0.766044 1.49012e-08 0.666054
0 -0 1 0.663724
0.0766044 -0.0642788 0.994987 0.651897
0.153209 -0.128558 0.979796 0.671245
0.229813 -0.192836 0.953939 0.692855
0.306418 -0.257115 0.916515 0.698467
0.383022 -0.321394 0.866025 0.693797
0.459627 -0.385673 0.8 0.683404
0.536231 -0.449951 0.714143 0.68449
0.612836 -0.51423 0.6 0.685485
0.68944 -0.578509 0.43589 0.655951
0.766044 -0.642788 1.49012e-08 0.666054
0 -0 1 0.663724
0.0866025 -0.05 0.994987 0.65658
0.173205 -0.1 0.979796 0.678252
0.259808 -0.15 0.953939 0.696603
0.34641 -0.2 0.916515 0.703868
0.433013 -0.25 0.866025 0.70101
0.519615 -0.3 0.8 0.680364
0.606218 -0.35 0.714143 0.626159
0.69282 -0.4 0.6 0.647603
0.779423 -0.45 0.43589 0.64993
0.866025 -0.5 1.49012e-08 0.666054
0 -0 1 0.663724
0.0939693 -0.034202 0.994987 0.659728
0.187939 -0.068404 0.979796 0.680845
0.281908 -0.102606 0.953939 0.698231
0.375877 -0.136808 0.916515 0.700007
0.469846 -0.17101 0.866025 0.701855
0.563816 -0.205212 0.8 0.686975
0.657785 -0.239414 0.714143 0.645913
0.751754 -0.273616 0.6 0.653002
0.845723 -0.307818 0.43589 0.612626
0.939693 -0.34202 1.49012e-08 0.666054
0 -0 1 0.663724
0.0984808 -0.0173648 0.994987 0.661256
0.196962 -0.0347296 0.979796 0.680285
0.295442 -0.0520945 0.953939 0.696277
0.393923 -0.0694593 0.916515 0.69965
0.492404 -0.0868241 0.866025 0.698733
0.590885 -0.104189 0.8 0.684265
0.689365 -0.121554 0.714143 0.661878
0.787846 -0.138919 0.6 0.67992
0.886327 -0.156283 0.43589 0.688805
0.984808 -0.173648 1.49012e-08 0.666054
0 -0 1 0.663724
0.1 -2.44929e-17 0.994987 0.661192
0.2 -4.89859e-17 0.979796 0.676219
0.3 -7.34788e-17 0.953939 0.689605
0.4 -9.79717e-17 0.916515 0.695667
0.5 -1.22465e-16 0.866025 0.690213
0.6 -1.46958e-16 0.8 0.658357
0.7 -1.71451e-16 0.714143 0.643063
0.8 -1.95943e-16 0.6 0.672248
0.9 -2.20436e-16 0.43589 0.67385
1 -2.44929e-16 1.49012e-08 0.666054
