0 0 1 0.660598
0.1 0 0.994987 0.65648
0.2 0 0.979796 0.655735
0.3 0 0.953939 0.645516
0.4 0 0.916515 0.694266
0.5 0 0.866025 0.713593
0.6 0 0.8 0.717578
0.7 0 0.714143 0.717525
0.8 0 0.6 0.711535
0.9 0 0.43589 0.720088
1 0 1.49012e-08 0.648221
0 0 1 0.660598
0.0984808 0.0173648 0.994987 0.660256
0.196962 0.0347296 0.979796 0.667813
0.295442 0.0520945 0.953939 0.67424
0.393923 0.0694593 0.916515 0.700886
0.492404 0.0868241 0.866025 0.713958
0.590885 0.104189 0.8 0.713299
0.689365 0.121554 0.714143 0.707943
0.787846 0.138919 0.6 0.7176
0.886327 0.156283 0.43589 0.700312
0.984808 0.173648 1.49012e-08 0.648221
0 0 1 0.660598
0.0939693 0.034202 0.994987 0.66398
0.187939 0.068404 0.979796 0.680083
0.281908 0.102606 0.953939 0.691531
0.375877 0.136808 0.916515 0.705297
0.469846 0.17101 0.866025 0.710961
0.563816 0.205212 0.8 0.715433
0.657785 0.239414 0.714143 0.710305
0.751754 0.273616 0.6 0.699171
0.845723 0.307818 0.43589 0.678863
0.939693 0.34202 1.49012e-08 0.648221
0 0 1 0.660598
0.0866025 0.05 0.994987 0.667215
0.173205 0.1 0.979796 0.689741
0.259808 0.15 0.953939 0.703498
0.34641 0.2 0.916515 0.71121
0.433013 0.25 0.866025 0.705601
0.519615 0.3 0.8 0.707954
0.606218 0.35 0.714143 0.69125
0.69282 0.4 0.6 0.655104
0.779423 0.45 0.43589 0.696155
0.866025 0.5 1.49012e-08 0.648221
0 0 1 0.660598
0.0766044 0.0642788 0.994987 0.669685
0.153209 0.128558 0.979796 0.696022
0.229813 0.192836 0.953939 0.711618
0.306418 0.257115 0.916515 0.716499
0.383022 0.321394 0.866025 0.717181
0.459627 0.385673 0.8 0.713076
0.536231 0.449951 0.714143 0.690629
0.612836 0.51423 0.6 0.658087
0.68944 0.578509 0.43589 0.698327
0.766044 0.642788 1.49012e-08 0.648221
0 0 1 0.660598
0.0642788 0.0766044 0.994987 0.67143
0.128558 0.153209 0.979796 0.69901
0.192836 0.229813 0.953939 0.716526
0.257115 0.306418 0.916515 0.720566
0.321394 0.383022 0.866025 0.71985
0.385673 0.459627 0.8 0.715362
0.449951 0.536231 0.714143 0.692249
0.51423 0.612836 0.6 0.66432
0.578509 0.68944 0.43589 0.701005
0.642788 0.766044 1.49012e-08 0.648221
0 0 1 0.660598
0.05 0.0866025 0.994987 0.673403
0.1 0.173205 0.979796 0.699848
0.15 0.259808 0.953939 0.717682
0.2 0.34641 0.916515 0.718682
0.25 0.433013 0.866025 0.720014
0.3 0.519615 0.8 0.717971
0.35 0.606218 0.714143 0.690816
0.4 0.69282 0.6 0.680576
0.45 0.779423 0.43589 0.714003
0.5 0.866025 1.49012e-08 0.648221
0 0 1 0.660598
0.034202 0.0939693 0.994987 0.675181
0.068404 0.187939 0.979796 0.700007
0.102606 0.281908 0.953939 0.718329
0.136808 0.375877 0.916515 0.719876
0.17101 0.469846 0.866025 0.72171
0.205212 0.563816 0.8 0.716517
0.239414 0.657785 0.714143 0.681364
0.273616 0.751754 0.6 0.68936
0.307818 0.845723 0.43589 0.71903
0.34202 0.939693 1.49012e-08 0.648221
0 0 1 0.660598
0.0173648 0.0984808 0.994987 0.676023
0.0347296 0.196962 0.979796 0.698291
0.0520945 0.295442 0.953939 0.71679
0.0694593 0.393923 0.916515 0.721269
0.0868241 0.492404 0.866025 0.72194
0.104189 0.590885 0.8 0.709692
0.121554 0.689365 0.714143 0.673218
0.138919 0.787846 0.6 0.699532
0.156283 0.886327 0.43589 0.720058
0.173648 0.984808 1.49012e-08 0.648221
0 0 1 0.660598
6.12323e-18 0.1 0.994987 0.675814
1.22465e-17 0.2 0.979796 0.692954
1.83697e-17 0.3 0.953939 0.711149
2.44929e-17 0.4 0.916515 0.717672
3.06162e-17 0.5 0.866025 0.720194
3.67394e-17 0.6 0.8 0.700182
4.28626e-17 0.7 0.714143 0.664113
4.89859e-17 0.8 0.6 0.701844
5.51091e-17 0.9 0.43589 0.720217
6.12323e-17 1 1.49012e-08 0.648221
-0 0 1 0.660598
-0.0173648 0.0984808 0.994987 0.674904
-0.0347296 0.196962 0.979796 0.684556
-0.0520945 0.295442 0.953939 0.700276
-0.0694593 0.393923 0.916515 0.710135
-0.0868241 0.492404 0.866025 0.7143
-0.104189 0.590885 0.8 0.702605
-0.121554 0.689365 0.714143 0.67887
-0.138919 0.787846 0.6 0.69564
-0.156283 0.886327 0.43589 0.719301
-0.173648 0.984808 1.49012e-08 0.648221
-0 0 1 0.660598
-0.034202 0.0939693 0.994987 0.674005
-0.068404 0.187939 0.979796 0.673868
-0.102606 0.281908 0.953939 0.684718
-0.136808 0.375877 0.916515 0.691893
-0.17101 0.469846 0.866025 0.706403
-0.205212 0.563816 0.8 0.703029
-0.239414 0.657785 0.714143 0.678746
-0.273616 0.751754 0.6 0.694979
-0.307818 0.845723 0.43589 0.715009
-0.34202 0.939693 1.49012e-08 0.648221
-0 0 1 0.660598
-0.05 0.0866025 0.994987 0.673881
-0.1 0.173205 0.979796 0.666583
-0.15 0.259808 0.953939 0.666873
-0.2 0.34641 0.916515 0.674989
-0.25 0.433013 0.866025 0.692256
-0.3 0.519615 0.8 0.697076
-0.35 0.606218 0.714143 0.676954
-0.4 0.69282 0.6 0.68363
-0.45 0.779423 0.43589 0.702467
-0.5 0.866025 1.49012e-08 0.648221
-0 0 1 0.660598
-0.0642788 0.0766044 0.994987 0.67451
-0.128558 0.153209 0.979796 0.672175
-0.192836 0.229813 0.953939 0.666495
-0.257115 0.306418 0.916515 0.668982
-0.321394 0.383022 0.866025 0.676576
-0.385673 0.459627 0.8 0.682307
-0.449951 0.536231 0.714143 0.666209
-0.51423 0.612836 0.6 0.656997
-0.578509 0.68944 0.43589 0.681931
-0.642788 0.766044 1.49012e-08 0.648221
-0 0 1 0.660598
-0.0766044 0.0642788 0.994987 0.675725
-0.153209 0.128558 0.979796 0.68114
-0.229813 0.192836 0.953939 0.680978
-0.306418 0.257115 0.916515 0.666571
-0.383022 0.321394 0.866025 0.676335
-0.459627 0.385673 0.8 0.668753
-0.536231 0.449951 0.714143 0.631392
-0.612836 0.51423 0.6 0.605665
-0.68944 0.578509 0.43589 0.662452
-0.766044 0.642788 1.49012e-08 0.648221
-0 0 1 0.660598
-0.0866025 0.05 0.994987 0.677581
-0.173205 0.1 0.979796 0.68987
-0.259808 0.15 0.953939 0.695698
-0.34641 0.2 0.916515 0.692114
-0.433013 0.25 0.866025 0.692841
-0.519615 0.3 0.8 0.670094
-0.606218 0.35 0.714143 0.619862
-0.69282 0.4 0.6 0.54302
-0.779423 0.45 0.43589 0.633629
-0.866025 0.5 1.49012e-08 0.648221
-0 0 1 0.660598
-0.0939693 0.034202 0.994987 0.681404
-0.187939 0.068404 0.979796 0.697963
-0.281908 0.102606 0.953939 0.707928
-0.375877 0.136808 0.916515 0.709994
-0.469846 0.17101 0.866025 0.706551
-0.563816 0.205212 0.8 0.686082
-0.657785 0.239414 0.714143 0.656847
-0.751754 0.273616 0.6 0.6284
-0.845723 0.307818 0.43589 0.642768
-0.939693 0.34202 1.49012e-08 0.648221
-0 0 1 0.660598
-0.0984808 0.0173648 0.994987 0.685037
-0.196962 0.0347296 0.979796 0.705212
-0.295442 0.0520945 0.953939 0.715972
-0.393923 0.0694593 0.916515 0.716916
-0.492404 0.0868241 0.866025 0.712322
-0.590885 0.104189 0.8 0.687032
-0.689365 0.121554 0.714143 0.673133
-0.787846 0.138919 0.6 0.695739
-0.886327 0.156283 0.43589 0.675278
-0.984808 0.173648 1.49012e-08 0.648221
-0 0 1 0.660598
-0.1 1.22465e-17 0.994987 0.687475
-0.2 2.44929e-17 0.979796 0.70992
-0.3 3.67394e-17 0.953939 0.719636
-0.4 4.89859e-17 0.916515 0.716895
-0.5 6.12323e-17 0.866025 0.712833
-0.6 7.34788e-17 0.8 0.685355
-0.7 8.57253e-17 0.714143 0.658667
-0.8 9.79717e-17 0.6 0.69685
-0.9 1.10218e-16 0.43589 0.701844
-1 1.22465e-16 1.49012e-08 0.648221
-0 -0 1 0.660598
-0.0984808 -0.0173648 0.994987 0.688499
-0.196962 -0.0347296 0.979796 0.711568
-0.295442 -0.0520945 0.953939 0.719762
-0.393923 -0.0694593 0.916515 0.715122
-0.492404 -0.0868241 0.866025 0.708447
-0.590885 -0.104189 0.8 0.674344
-0.689365 -0.121554 0.714143 0.651109
-0.787846 -0.138919 0.6 0.694628
-0.886327 -0.156283 0.43589 0.693522
-0.984808 -0.173648 1.49012e-08 0.648221
-0 -0 1 0.660598
-0.0939693 -0.034202 0.994987 0.688074
-0.187939 -0.068404 0.979796 0.710547
-0.281908 -0.102606 0.953939 0.717486
-0.375877 -0.136808 0.916515 0.715334
-0.469846 -0.17101 0.866025 0.703418
-0.563816 -0.205212 0.8 0.651135
-0.657785 -0.239414 0.714143 0.64519
-0.751754 -0.273616 0.6 0.680251
-0.845723 -0.307818 0.43589 0.667612
-0.939693 -0.34202 1.49012e-08 0.648221
-0 -0 1 0.660598
-0.0866025 -0.05 0.994987 0.686178
-0.173205 -0.1 0.979796 0.70846
-0.259808 -0.15 0.953939 0.71344
-0.34641 -0.2 0.916515 0.710748
-0.433013 -0.25 0.866025 0.704976
-0.519615 -0.3 0.8 0.678706
-0.606218 -0.35 0.714143 0.664644
-0.69282 -0.4 0.6 0.653224
-0.779423 -0.45 0.43589 0.622758
-0.866025 -0.5 1.49012e-08 0.648221
-0 -0 1 0.660598
-0.0766044 -0.0642788 0.994987 0.68277
-0.153209 -0.128558 0.979796 0.705164
-0.229813 -0.192836 0.953939 0.711136
-0.306418 -0.257115 0.916515 0.714177
-0.383022 -0.321394 0.866025 0.707275
-0.459627 -0.385673 0.8 0.702275
-0.536231 -0.449951 0.714143 0.685114
-0.612836 -0.51423 0.6 0.644274
-0.68944 -0.578509 0.43589 0.580214
-0.766044 -0.642788 1.49012e-08 0.648221
-0 -0 1 0.660598
-0.0642788 -0.0766044 0.994987 0.677827
-0.128558 -0.153209 0.979796 0.701766
-0.192836 -0.229813 0.953939 0.712158
-0.257115 -0.306418 0.916515 0.713908
-0.321394 -0.383022 0.866025 0.705625
-0.385673 -0.459627 0.8 0.709801
-0.449951 -0.536231 0.714143 0.696774
-0.51423 -0.612836 0.6 0.658966
-0.578509 -0.68944 0.43589 0.57437
-0.642788 -0.766044 1.49012e-08 0.648221
-0 -0 1 0.660598
-0.05 -0.0866025 0.994987 0.671319
-0.1 -0.173205 0.979796 0.698951
-0.15 -0.259808 0.953939 0.712913
-0.2 -0.34641 0.916515 0.706376
-0.25 -0.433013 0.866025 0.703745
-0.3 -0.519615 0.8 0.710401
-0.35 -0.606218 0.714143 0.700709
-0.4 -0.69282 0.6 0.669983
-0.45 -0.779423 0.43589 0.609093
-0.5 -0.866025 1.49012e-08 0.648221
-0 -0 1 0.660598
-0.034202 -0.0939693 0.994987 0.663334
-0.068404 -0.187939 0.979796 0.694677
-0.102606 -0.281908 0.953939 0.710436
-0.136808 -0.375877 0.916515 0.704539
-0.17101 -0.469846 0.866025 0.700826
-0.205212 -0.563816 0.8 0.706502
-0.239414 -0.657785 0.714143 0.702605
-0.273616 -0.751754 0.6 0.679569
-0.307818 -0.845723 0.43589 0.621863
-0.34202 -0.939693 1.49012e-08 0.648221
-0 -0 1 0.660598
-0.0173648 -0.0984808 0.994987 0.65465
-0.0347296 -0.196962 0.979796 0.69027
-0.0520945 -0.295442 0.953939 0.711485
-0.0694593 -0.393923 0.916515 0.712141
-0.0868241 -0.492404 0.866025 0.701143
-0.104189 -0.590885 0.8 0.694647
-0.121554 -0.689365 0.714143 0.70514
-0.138919 -0.787846 0.6 0.684643
-0.156283 -0.886327 0.43589 0.641367
-0.173648 -0.984808 1.49012e-08 0.648221
-0 -0 1 0.660598
-1.83697e-17 -0.1 0.994987 0.648977
-3.67394e-17 -0.2 0.979796 0.686839
-5.51091e-17 -0.3 0.953939 0.71052
-7.34788e-17 -0.4 0.916515 0.714517
-9.18485e-17 -0.5 0.866025 0.706597
-1.10218e-16 -0.6 0.8 0.703036
-1.28588e-16 -0.7 0.714143 0.710418
-1.46958e-16 -0.8 0.6 0.68222
-1.65327e-16 -0.9 0.43589 0.665733
-1.83697e-16 -1 1.49012e-08 0.648221
0 -0 1 0.660598
0.0173648 -0.0984808 0.994987 0.649478
0.0347296 -0.196962 0.979796 0.684073
0.0520945 -0.295442 0.953939 0.70845
0.0694593 -0.393923 0.916515 0.711981
0.0868241 -0.492404 0.866025 0.712699
0.104189 -0.590885 0.8 0.70213
0.121554 -0.689365 0.714143 0.712361
0.138919 -0.787846 0.6 0.686841
0.156283 -0.886327 0.43589 0.681039
0.173648 -0.984808 1.49012e-08 0.648221
0 -0 1 0.660598
0.034202 -0.0939693 0.994987 0.651226
0.068404 -0.187939 0.979796 0.680442
0.102606 -0.281908 0.953939 0.70363
0.136808 -0.375877 0.916515 0.712418
0.17101 -0.469846 0.866025 0.713658
0.205212 -0.563816 0.8 0.708798
0.239414 -0.657785 0.714143 0.712472
0.273616 -0.751754 0.6 0.680508
0.307818 -0.845723 0.43589 0.686652
0.34202 -0.939693 1.49012e-08 0.648221
0 -0 1 0.660598
0.05 -0.0866025 0.994987 0.651911
0.1 -0.173205 0.979796 0.674479
0.15 -0.259808 0.953939 0.694516
0.2 -0.34641 0.916515 0.706053
0.25 -0.433013 0.866025 0.7103
0.3 -0.519615 0.8 0.712161
0.35 -0.606218 0.714143 0.709635
0.4 -0.69282 0.6 0.689877
0.45 -0.779423 0.43589 0.6829
0.5 -0.866025 1.49012e-08 0.648221
0 -0 1 0.660598
0.0642788 -0.0766044 0.994987 0.651355
0.128558 -0.153209 0.979796 0.666039
0.192836 -0.229813 0.953939 0.680672
0.257115 -0.306418 0.916515 0.694049
0.321394 -0.383022 0.866025 0.692465
0.385673 -0.459627 0.8 0.703246
0.449951 -0.536231 0.714143 0.702997
0.51423 -0.612836 0.6 0.693253
0.578509 -0.68944 0.43589 0.683183
0.642788 -0.766044 1.49012e-08 0.648221
0 -0 1 0.660598
0.0766044 -0.0642788 0.994987 0.65023
0.153209 -0.128558 0.979796 0.656792
0.229813 -0.192836 0.953939 0.665314
0.306418 -0.257115 0.916515 0.67962
0.383022 -0.321394 0.866025 0.665233
0.459627 -0.385673 0.8 0.671897
0.536231 -0.449951 0.714143 0.679469
0.612836 -0.51423 0.6 0.670742
0.68944 -0.578509 0.43589 0.686563
0.766044 -0.642788 1.49012e-08 0.648221
0 -0 1 0.660598
0.0866025 -0.05 0.994987 0.649621
0.173205 -0.1 0.979796 0.649387
0.259808 -0.15 0.953939 0.657779
0.34641 -0.2 0.916515 0.674006
0.433013 -0.25 0.866025 0.670162
0.519615 -0.3 0.8 0.652827
0.606218 -0.35 0.714143 0.66889
0.69282 -0.4 0.6 0.649546
0.779423 -0.45 0.43589 0.658155
0.866025 -0.5 1.49012e-08 0.648221
0 -0 1 0.660598
0.0939693 -0.034202 0.994987 0.650561
0.187939 -0.068404 0.979796 0.64667
0.281908 -0.102606 0.953939 0.655127
0.375877 -0.136808 0.916515 0.681311
0.469846 -0.17101 0.866025 0.69183
0.563816 -0.205212 0.8 0.700175
0.657785 -0.239414 0.714143 0.696976
0.751754 -0.273616 0.6 0.690556
0.845723 -0.307818 0.43589 0.606324
0.939693 -0.34202 1.49012e-08 0.648221
0 -0 1 0.660598
0.0984808 -0.0173648 0.994987 0.653087
0.196962 -0.0347296 0.979796 0.648674
0.295442 -0.0520945 0.953939 0.644556
0.393923 -0.0694593 0.916515 0.688936
0.492404 -0.0868241 0.866025 0.709962
0.590885 -0.104189 0.8 0.719166
0.689365 -0.121554 0.714143 0.717237
0.787846 -0.138919 0.6 0.718502
0.886327 -0.156283 0.43589 0.700314
0.984808 -0.173648 1.49012e-08 0.648221
0 -0 1 0.660598
0.1 -2.44929e-17 0.994987 0.65648
0.2 -4.89859e-17 0.979796 0.655735
0.3 -7.34788e-17 0.953939 0.645516
0.4 -9.79717e-17 0.916515 0.694266
0.5 -1.22465e-16 0.866025 0.713593
0.6 -1.46958e-16 0.8 0.717578
0.7 -1.71451e-16 0.714143 0.717525
0.8 -1.95943e-16 0.6 0.711535
0.9 -2.20436e-16 0.43589 0.720088
1 -2.44929e-16 1.49012e-08 0.648221
