0 0 1 0.722371
0.1 0 0.994987 0.715783
0.2 0 0.979796 0.695312
0.3 0 0.953939 0.681888
0.4 0 0.916515 0.694879
0.5 0 0.866025 0.689741
0.6 0 0.8 0.695263
0.7 0 0.714143 0.697849
0.8 0 0.6 0.707219
0.9 0 0.43589 0.7152
1 0 1.49012e-08 0.712908
0 0 1 0.722371
0.0984808 0.0173648 0.994987 0.715788
0.196962 0.0347296 0.979796 0.699192
0.295442 0.0520945 0.953939 0.687356
0.393923 0.0694593 0.916515 0.680642
0.492404 0.0868241 0.866025 0.684765
0.590885 0.104189 0.8 0.688221
0.689365 0.121554 0.714143 0.704321
0.787846 0.138919 0.6 0.716418
0.886327 0.156283 0.43589 0.719482
0.984808 0.173648 1.49012e-08 0.712908
0 0 1 0.722371
0.0939693 0.034202 0.994987 0.715872
0.187939 0.068404 0.979796 0.701978
0.281908 0.102606 0.953939 0.689644
0.375877 0.136808 0.916515 0.684446
0.469846 0.17101 0.866025 0.683657
0.563816 0.205212 0.8 0.646594
0.657785 0.239414 0.714143 0.700872
0.751754 0.273616 0.6 0.716713
0.845723 0.307818 0.43589 0.715353
0.939693 0.34202 1.49012e-08 0.712908
0 0 1 0.722371
0.0866025 0.05 0.994987 0.715834
0.173205 0.1 0.979796 0.702326
0.259808 0.15 0.953939 0.690467
0.34641 0.2 0.916515 0.692161
0.433013 0.25 0.866025 0.697899
0.519615 0.3 0.8 0.698533
0.606218 0.35 0.714143 0.703676
0.69282 0.4 0.6 0.70936
0.779423 0.45 0.43589 0.684174
0.866025 0.5 1.49012e-08 0.712908
0 0 1 0.722371
0.0766044 0.0642788 0.994987 0.715627
0.153209 0.128558 0.979796 0.701915
0.229813 0.192836 0.953939 0.695956
0.306418 0.257115 0.916515 0.700976
0.383022 0.321394 0.866025 0.711973
0.459627 0.385673 0.8 0.715298
0.536231 0.449951 0.714143 0.712776
0.612836 0.51423 0.6 0.699691
0.68944 0.578509 0.43589 0.677448
0.766044 0.642788 1.49012e-08 0.712908
0 0 1 0.722371
0.0642788 0.0766044 0.994987 0.715282
0.128558 0.153209 0.979796 0.703472
0.192836 0.229813 0.953939 0.69494
0.257115 0.306418 0.916515 0.709994
0.321394 0.383022 0.866025 0.719065
0.385673 0.459627 0.8 0.721046
0.449951 0.536231 0.714143 0.719183
0.51423 0.612836 0.6 0.704745
0.578509 0.68944 0.43589 0.677785
0.642788 0.766044 1.49012e-08 0.712908
0 0 1 0.722371
0.05 0.0866025 0.994987 0.715074
0.1 0.173205 0.979796 0.703952
0.15 0.259808 0.953939 0.684721
0.2 0.34641 0.916515 0.712407
0.25 0.433013 0.866025 0.723611
0.3 0.519615 0.8 0.720521
0.35 0.606218 0.714143 0.71918
0.4 0.69282 0.6 0.705833
0.45 0.779423 0.43589 0.682908
0.5 0.866025 1.49012e-08 0.712908
0 0 1 0.722371
0.034202 0.0939693 0.994987 0.716407
0.068404 0.187939 0.979796 0.705268
0.102606 0.281908 0.953939 0.687156
0.136808 0.375877 0.916515 0.709361
0.17101 0.469846 0.866025 0.722987
0.205212 0.563816 0.8 0.723616
0.239414 0.657785 0.714143 0.72234
0.273616 0.751754 0.6 0.703072
0.307818 0.845723 0.43589 0.695283
0.34202 0.939693 1.49012e-08 0.712908
0 0 1 0.722371
0.0173648 0.0984808 0.994987 0.717584
0.0347296 0.196962 0.979796 0.706116
0.0520945 0.295442 0.953939 0.682557
0.0694593 0.393923 0.916515 0.702389
0.0868241 0.492404 0.866025 0.717214
0.104189 0.590885 0.8 0.722032
0.121554 0.689365 0.714143 0.713394
0.138919 0.787846 0.6 0.688375
0.156283 0.886327 0.43589 0.706237
0.173648 0.984808 1.49012e-08 0.712908
0 0 1 0.722371
6.12323e-18 0.1 0.994987 0.718735
1.22465e-17 0.2 0.979796 0.706559
1.83697e-17 0.3 0.953939 0.68175
2.44929e-17 0.4 0.916515 0.694189
3.06162e-17 0.5 0.866025 0.706682
3.67394e-17 0.6 0.8 0.710998
4.28626e-17 0.7 0.714143 0.695826
4.89859e-17 0.8 0.6 0.689421
5.51091e-17 0.9 0.43589 0.71477
6.12323e-17 1 1.49012e-08 0.712908
-0 0 1 0.722371
-0.0173648 0.0984808 0.994987 0.719854
-0.0347296 0.196962 0.979796 0.708821
-0.0520945 0.295442 0.953939 0.686745
-0.0694593 0.393923 0.916515 0.692534
-0.0868241 0.492404 0.866025 0.709828
-0.104189 0.590885 0.8 0.709505
-0.121554 0.689365 0.714143 0.6864
-0.138919 0.787846 0.6 0.693642
-0.156283 0.886327 0.43589 0.719576
-0.173648 0.984808 1.49012e-08 0.712908
-0 0 1 0.722371
-0.034202 0.0939693 0.994987 0.720731
-0.068404 0.187939 0.979796 0.710478
-0.102606 0.281908 0.953939 0.687638
-0.136808 0.375877 0.916515 0.692327
-0.17101 0.469846 0.866025 0.71102
-0.205212 0.563816 0.8 0.71276
-0.239414 0.657785 0.714143 0.696994
-0.273616 0.751754 0.6 0.690676
-0.307818 0.845723 0.43589 0.721783
-0.34202 0.939693 1.49012e-08 0.712908
-0 0 1 0.722371
-0.05 0.0866025 0.994987 0.72125
-0.1 0.173205 0.979796 0.711654
-0.15 0.259808 0.953939 0.687583
-0.2 0.34641 0.916515 0.698876
-0.25 0.433013 0.866025 0.704554
-0.3 0.519615 0.8 0.70945
-0.35 0.606218 0.714143 0.701591
-0.4 0.69282 0.6 0.702701
-0.45 0.779423 0.43589 0.719835
-0.5 0.866025 1.49012e-08 0.712908
-0 0 1 0.722371
-0.0642788 0.0766044 0.994987 0.721484
-0.128558 0.153209 0.979796 0.712538
-0.192836 0.229813 0.953939 0.702921
-0.257115 0.306418 0.916515 0.699358
-0.321394 0.383022 0.866025 0.70066
-0.385673 0.459627 0.8 0.693444
-0.449951 0.536231 0.714143 0.692821
-0.51423 0.612836 0.6 0.695471
-0.578509 0.68944 0.43589 0.71789
-0.642788 0.766044 1.49012e-08 0.712908
-0 0 1 0.722371
-0.0766044 0.0642788 0.994987 0.721598
-0.153209 0.128558 0.979796 0.716141
-0.229813 0.192836 0.953939 0.709746
-0.306418 0.257115 0.916515 0.698034
-0.383022 0.321394 0.866025 0.69185
-0.459627 0.385673 0.8 0.671203
-0.536231 0.449951 0.714143 0.659679
-0.612836 0.51423 0.6 0.677824
-0.68944 0.578509 0.43589 0.701172
-0.766044 0.642788 1.49012e-08 0.712908
-0 0 1 0.722371
-0.0866025 0.05 0.994987 0.721479
-0.173205 0.1 0.979796 0.719197
-0.259808 0.15 0.953939 0.711922
-0.34641 0.2 0.916515 0.68947
-0.433013 0.25 0.866025 0.681309
-0.519615 0.3 0.8 0.647716
-0.606218 0.35 0.714143 0.619231
-0.69282 0.4 0.6 0.639183
-0.779423 0.45 0.43589 0.689051
-0.866025 0.5 1.49012e-08 0.712908
-0 0 1 0.722371
-0.0939693 0.034202 0.994987 0.720824
-0.187939 0.068404 0.979796 0.720357
-0.281908 0.102606 0.953939 0.712479
-0.375877 0.136808 0.916515 0.693556
-0.469846 0.17101 0.866025 0.680271
-0.563816 0.205212 0.8 0.652666
-0.657785 0.239414 0.714143 0.648643
-0.751754 0.273616 0.6 0.677494
-0.845723 0.307818 0.43589 0.704485
-0.939693 0.34202 1.49012e-08 0.712908
-0 0 1 0.722371
-0.0984808 0.0173648 0.994987 0.719811
-0.196962 0.0347296 0.979796 0.72086
-0.295442 0.0520945 0.953939 0.711424
-0.393923 0.0694593 0.916515 0.692958
-0.492404 0.0868241 0.866025 0.689149
-0.590885 0.104189 0.8 0.691515
-0.689365 0.121554 0.714143 0.691135
-0.787846 0.138919 0.6 0.702331
-0.886327 0.156283 0.43589 0.705132
-0.984808 0.173648 1.49012e-08 0.712908
-0 0 1 0.722371
-0.1 1.22465e-17 0.994987 0.719606
-0.2 2.44929e-17 0.979796 0.719701
-0.3 3.67394e-17 0.953939 0.70844
-0.4 4.89859e-17 0.916515 0.68008
-0.5 6.12323e-17 0.866025 0.69485
-0.6 7.34788e-17 0.8 0.709541
-0.7 8.57253e-17 0.714143 0.710734
-0.8 9.79717e-17 0.6 0.680716
-0.9 1.10218e-16 0.43589 0.696478
-1 1.22465e-16 1.49012e-08 0.712908
-0 -0 1 0.722371
-0.0984808 -0.0173648 0.994987 0.720412
-0.196962 -0.0347296 0.979796 0.717695
-0.295442 -0.0520945 0.953939 0.704831
-0.393923 -0.0694593 0.916515 0.687342
-0.492404 -0.0868241 0.866025 0.688778
-0.590885 -0.104189 0.8 0.709405
-0.689365 -0.121554 0.714143 0.709727
-0.787846 -0.138919 0.6 0.692977
-0.886327 -0.156283 0.43589 0.683748
-0.984808 -0.173648 1.49012e-08 0.712908
-0 -0 1 0.722371
-0.0939693 -0.034202 0.994987 0.720795
-0.187939 -0.068404 0.979796 0.715861
-0.281908 -0.102606 0.953939 0.70258
-0.375877 -0.136808 0.916515 0.684478
-0.469846 -0.17101 0.866025 0.682494
-0.563816 -0.205212 0.8 0.707359
-0.657785 -0.239414 0.714143 0.704454
-0.751754 -0.273616 0.6 0.706402
-0.845723 -0.307818 0.43589 0.657054
-0.939693 -0.34202 1.49012e-08 0.712908
-0 -0 1 0.722371
-0.0866025 -0.05 0.994987 0.720529
-0.173205 -0.1 0.979796 0.712809
-0.259808 -0.15 0.953939 0.696169
-0.34641 -0.2 0.916515 0.681746
-0.433013 -0.25 0.866025 0.685935
-0.519615 -0.3 0.8 0.709104
-0.606218 -0.35 0.714143 0.701214
-0.69282 -0.4 0.6 0.696771
-0.779423 -0.45 0.43589 0.647721
-0.866025 -0.5 1.49012e-08 0.712908
-0 -0 1 0.722371
-0.0766044 -0.0642788 0.994987 0.719878
-0.153209 -0.128558 0.979796 0.711105
-0.229813 -0.192836 0.953939 0.685275
-0.306418 -0.257115 0.916515 0.673051
-0.383022 -0.321394 0.866025 0.686323
-0.459627 -0.385673 0.8 0.706891
-0.536231 -0.449951 0.714143 0.698025
-0.612836 -0.51423 0.6 0.680977
-0.68944 -0.578509 0.43589 0.666418
-0.766044 -0.642788 1.49012e-08 0.712908
-0 -0 1 0.722371
-0.0642788 -0.0766044 0.994987 0.719474
-0.128558 -0.153209 0.979796 0.710452
-0.192836 -0.229813 0.953939 0.674737
-0.257115 -0.306418 0.916515 0.665866
-0.321394 -0.383022 0.866025 0.679018
-0.385673 -0.459627 0.8 0.700056
-0.449951 -0.536231 0.714143 0.691094
-0.51423 -0.612836 0.6 0.66556
-0.578509 -0.68944 0.43589 0.670646
-0.642788 -0.766044 1.49012e-08 0.712908
-0 -0 1 0.722371
-0.05 -0.0866025 0.994987 0.719702
-0.1 -0.173205 0.979796 0.711694
-0.15 -0.259808 0.953939 0.685786
-0.2 -0.34641 0.916515 0.6686
-0.25 -0.433013 0.866025 0.679085
-0.3 -0.519615 0.8 0.685802
-0.35 -0.606218 0.714143 0.674569
-0.4 -0.69282 0.6 0.631956
-0.45 -0.779423 0.43589 0.673154
-0.5 -0.866025 1.49012e-08 0.712908
-0 -0 1 0.722371
-0.034202 -0.0939693 0.994987 0.719806
-0.068404 -0.187939 0.979796 0.713292
-0.102606 -0.281908 0.953939 0.699563
-0.136808 -0.375877 0.916515 0.68779
-0.17101 -0.469846 0.866025 0.686967
-0.205212 -0.563816 0.8 0.680623
-0.239414 -0.657785 0.714143 0.65776
-0.273616 -0.751754 0.6 0.59041
-0.307818 -0.845723 0.43589 0.672416
-0.34202 -0.939693 1.49012e-08 0.712908
-0 -0 1 0.722371
-0.0173648 -0.0984808 0.994987 0.719383
-0.0347296 -0.196962 0.979796 0.714529
-0.0520945 -0.295442 0.953939 0.709177
-0.0694593 -0.393923 0.916515 0.705504
-0.0868241 -0.492404 0.866025 0.701671
-0.104189 -0.590885 0.8 0.687734
-0.121554 -0.689365 0.714143 0.657721
-0.138919 -0.787846 0.6 0.59702
-0.156283 -0.886327 0.43589 0.665713
-0.173648 -0.984808 1.49012e-08 0.712908
-0 -0 1 0.722371
-1.83697e-17 -0.1 0.994987 0.718517
-3.67394e-17 -0.2 0.979796 0.714555
-5.51091e-17 -0.3 0.953939 0.714715
-7.34788e-17 -0.4 0.916515 0.713119
-9.18485e-17 -0.5 0.866025 0.711266
-1.10218e-16 -0.6 0.8 0.698135
-1.28588e-16 -0.7 0.714143 0.666346
-1.46958e-16 -0.8 0.6 0.585872
-1.65327e-16 -0.9 0.43589 0.653892
-1.83697e-16 -1 1.49012e-08 0.712908
0 -0 1 0.722371
0.0173648 -0.0984808 0.994987 0.717661
0.0347296 -0.196962 0.979796 0.714533
0.0520945 -0.295442 0.953939 0.716787
0.0694593 -0.393923 0.916515 0.714755
0.0868241 -0.492404 0.866025 0.717265
0.104189 -0.590885 0.8 0.707741
0.121554 -0.689365 0.714143 0.678298
0.138919 -0.787846 0.6 0.572529
0.156283 -0.886327 0.43589 0.641431
0.173648 -0.984808 1.49012e-08 0.712908
0 -0 1 0.722371
0.034202 -0.0939693 0.994987 0.717253
0.068404 -0.187939 0.979796 0.716336
0.102606 -0.281908 0.953939 0.719667
0.136808 -0.375877 0.916515 0.716025
0.17101 -0.469846 0.866025 0.719133
0.205212 -0.563816 0.8 0.712264
0.239414 -0.657785 0.714143 0.692487
0.273616 -0.751754 0.6 0.616616
0.307818 -0.845723 0.43589 0.632605
0.34202 -0.939693 1.49012e-08 0.712908
0 -0 1 0.722371
0.05 -0.0866025 0.994987 0.717186
0.1 -0.173205 0.979796 0.717471
0.15 -0.259808 0.953939 0.719882
0.2 -0.34641 0.916515 0.710127
0.25 -0.433013 0.866025 0.71282
0.3 -0.519615 0.8 0.714432
0.35 -0.606218 0.714143 0.70339
0.4 -0.69282 0.6 0.64752
0.45 -0.779423 0.43589 0.621028
0.5 -0.866025 1.49012e-08 0.712908
0 -0 1 0.722371
0.0642788 -0.0766044 0.994987 0.717307
0.128558 -0.153209 0.979796 0.715464
0.192836 -0.229813 0.953939 0.717316
0.257115 -0.306418 0.916515 0.699163
0.321394 -0.383022 0.866025 0.705323
0.385673 -0.459627 0.8 0.707797
0.449951 -0.536231 0.714143 0.709334
0.51423 -0.612836 0.6 0.661619
0.578509 -0.68944 0.43589 0.59422
0.642788 -0.766044 1.49012e-08 0.712908
0 -0 1 0.722371
0.0766044 -0.0642788 0.994987 0.717451
0.153209 -0.128558 0.979796 0.710251
0.229813 -0.192836 0.953939 0.711956
0.306418 -0.257115 0.916515 0.711915
0.383022 -0.321394 0.866025 0.707641
0.459627 -0.385673 0.8 0.711998
0.536231 -0.449951 0.714143 0.717788
0.612836 -0.51423 0.6 0.681514
0.68944 -0.578509 0.43589 0.628726
0.766044 -0.642788 1.49012e-08 0.712908
0 -0 1 0.722371
0.0866025 -0.05 0.994987 0.717132
0.173205 -0.1 0.979796 0.707308
0.259808 -0.15 0.953939 0.707195
0.34641 -0.2 0.916515 0.716146
0.433013 -0.25 0.866025 0.718561
0.519615 -0.3 0.8 0.715509
0.606218 -0.35 0.714143 0.714807
0.69282 -0.4 0.6 0.701904
0.779423 -0.45 0.43589 0.654115
0.866025 -0.5 1.49012e-08 0.712908
0 -0 1 0.722371
0.0939693 -0.034202 0.994987 0.716555
0.187939 -0.068404 0.979796 0.701033
0.281908 -0.102606 0.953939 0.69808
0.375877 -0.136808 0.916515 0.713485
0.469846 -0.17101 0.866025 0.718072
0.563816 -0.205212 0.8 0.720823
0.657785 -0.239414 0.714143 0.719503
0.751754 -0.273616 0.6 0.708864
0.845723 -0.307818 0.43589 0.646853
0.939693 -0.34202 1.49012e-08 0.712908
0 -0 1 0.722371
0.0984808 -0.0173648 0.994987 0.716036
0.196962 -0.0347296 0.979796 0.694618
0.295442 -0.0520945 0.953939 0.682511
0.393923 -0.0694593 0.916515 0.705635
0.492404 -0.0868241 0.866025 0.710174
0.590885 -0.104189 0.8 0.708035
0.689365 -0.121554 0.714143 0.706047
0.787846 -0.138919 0.6 0.700563
0.886327 -0.156283 0.43589 0.645209
0.984808 -0.173648 1.49012e-08 0.712908
0 -0 1 0.722371
0.1 -2.44929e-17 0.994987 0.715783
0.2 -4.89859e-17 0.979796 0.695312
0.3 -7.34788e-17 0.953939 0.681888
0.4 -9.79717e-17 0.916515 0.694879
0.5 -1.22465e-16 0.866025 0.689741
0.6 -1.46958e-16 0.8 0.695263
0.7 -1.71451e-16 0.714143 0.697849
0.8 -1.95943e-16 0.6 0.707219
0.9 -2.20436e-16 0.43589 0.7152
1 -2.44929e-16 1.49012e-08 0.712908
