0 0 1 0.589079
0.1 0 0.994987 0.628764
0.2 0 0.979796 0.631808
0.3 0 0.953939 0.613739
0.4 0 0.916515 0.571922
0.5 0 0.866025 0.523855
0.6 0 0.8 0.528354
0.7 0 0.714143 0.599601
0.8 0 0.6 0.651528
0.9 0 0.43589 0.6664
1 0 1.49012e-08 0.650725
0 0 1 0.589079
0.0984808 0.0173648 0.994987 0.624669
0.196962 0.0347296 0.979796 0.622645
0.295442 0.0520945 0.953939 0.601053
0.393923 0.0694593 0.916515 0.534292
0.492404 0.0868241 0.866025 0.408887
0.590885 0.104189 0.8 0.424705
0.689365 0.121554 0.714143 0.576781
0.787846 0.138919 0.6 0.633374
0.886327 0.156283 0.43589 0.66543
0.984808 0.173648 1.49012e-08 0.650725
0 0 1 0.589079
0.0939693 0.034202 0.994987 0.620461
0.187939 0.068404 0.979796 0.611931
0.281908 0.102606 0.953939 0.593738
0.375877 0.136808 0.916515 0.518659
0.469846 0.17101 0.866025 0.373064
0.563816 0.205212 0.8 0.46692
0.657785 0.239414 0.714143 0.600813
0.751754 0.273616 0.6 0.659579
0.845723 0.307818 0.43589 0.65696
0.939693 0.34202 1.49012e-08 0.650725
0 0 1 0.589079
0.0866025 0.05 0.994987 0.616389
0.173205 0.1 0.979796 0.605072
0.259808 0.15 0.953939 0.597013
0.34641 0.2 0.916515 0.54148
0.433013 0.25 0.866025 0.482807
0.519615 0.3 0.8 0.556327
0.606218 0.35 0.714143 0.625071
0.69282 0.4 0.6 0.633993
0.779423 0.45 0.43589 0.617739
0.866025 0.5 1.49012e-08 0.650725
0 0 1 0.589079
0.0766044 0.0642788 0.994987 0.612571
0.153209 0.128558 0.979796 0.606211
0.229813 0.192836 0.953939 0.6082
0.306418 0.257115 0.916515 0.58022
0.383022 0.321394 0.866025 0.566005
0.459627 0.385673 0.8 0.612968
0.536231 0.449951 0.714143 0.652439
0.612836 0.51423 0.6 0.650079
0.68944 0.578509 0.43589 0.668727
0.766044 0.642788 1.49012e-08 0.650725
0 0 1 0.589079
0.0642788 0.0766044 0.994987 0.608872
0.128558 0.153209 0.979796 0.612612
0.192836 0.229813 0.953939 0.620753
0.257115 0.306418 0.916515 0.609852
0.321394 0.383022 0.866025 0.598748
0.385673 0.459627 0.8 0.633874
0.449951 0.536231 0.714143 0.664351
0.51423 0.612836 0.6 0.669251
0.578509 0.68944 0.43589 0.674908
0.642788 0.766044 1.49012e-08 0.650725
0 0 1 0.589079
0.05 0.0866025 0.994987 0.604845
0.1 0.173205 0.979796 0.61958
0.15 0.259808 0.953939 0.631043
0.2 0.34641 0.916515 0.627172
0.25 0.433013 0.866025 0.605213
0.3 0.519615 0.8 0.624264
0.35 0.606218 0.714143 0.663486
0.4 0.69282 0.6 0.663414
0.45 0.779423 0.43589 0.658227
0.5 0.866025 1.49012e-08 0.650725
0 0 1 0.589079
0.034202 0.0939693 0.994987 0.599866
0.068404 0.187939 0.979796 0.623994
0.102606 0.281908 0.953939 0.638224
0.136808 0.375877 0.916515 0.63734
0.17101 0.469846 0.866025 0.603574
0.205212 0.563816 0.8 0.599548
0.239414 0.657785 0.714143 0.652584
0.273616 0.751754 0.6 0.664106
0.307818 0.845723 0.43589 0.63129
0.34202 0.939693 1.49012e-08 0.650725
0 0 1 0.589079
0.0173648 0.0984808 0.994987 0.593321
0.0347296 0.196962 0.979796 0.625568
0.0520945 0.295442 0.953939 0.643187
0.0694593 0.393923 0.916515 0.644972
0.0868241 0.492404 0.866025 0.622849
0.104189 0.590885 0.8 0.603698
0.121554 0.689365 0.714143 0.629562
0.138919 0.787846 0.6 0.644202
0.156283 0.886327 0.43589 0.631513
0.173648 0.984808 1.49012e-08 0.650725
0 0 1 0.589079
6.12323e-18 0.1 0.994987 0.584699
1.22465e-17 0.2 0.979796 0.624139
1.83697e-17 0.3 0.953939 0.645853
2.44929e-17 0.4 0.916515 0.649477
3.06162e-17 0.5 0.866025 0.637785
3.67394e-17 0.6 0.8 0.608627
4.28626e-17 0.7 0.714143 0.583501
4.89859e-17 0.8 0.6 0.605199
5.51091e-17 0.9 0.43589 0.640012
6.12323e-17 1 1.49012e-08 0.650725
-0 0 1 0.589079
-0.0173648 0.0984808 0.994987 0.573639
-0.0347296 0.196962 0.979796 0.619763
-0.0520945 0.295442 0.953939 0.645135
-0.0694593 0.393923 0.916515 0.646912
-0.0868241 0.492404 0.866025 0.642162
-0.104189 0.590885 0.8 0.603326
-0.121554 0.689365 0.714143 0.50691
-0.138919 0.787846 0.6 0.540648
-0.156283 0.886327 0.43589 0.64192
-0.173648 0.984808 1.49012e-08 0.650725
-0 0 1 0.589079
-0.034202 0.0939693 0.994987 0.56001
-0.068404 0.187939 0.979796 0.612783
-0.102606 0.281908 0.953939 0.644271
-0.136808 0.375877 0.916515 0.638757
-0.17101 0.469846 0.866025 0.643694
-0.205212 0.563816 0.8 0.609614
-0.239414 0.657785 0.714143 0.497497
-0.273616 0.751754 0.6 0.458577
-0.307818 0.845723 0.43589 0.634567
-0.34202 0.939693 1.49012e-08 0.650725
-0 0 1 0.589079
-0.05 0.0866025 0.994987 0.544495
-0.1 0.173205 0.979796 0.603749
-0.15 0.259808 0.953939 0.644881
-0.2 0.34641 0.916515 0.651146
-0.25 0.433013 0.866025 0.648078
-0.3 0.519615 0.8 0.625608
-0.35 0.606218 0.714143 0.567821
-0.4 0.69282 0.6 0.491911
-0.45 0.779423 0.43589 0.623751
-0.5 0.866025 1.49012e-08 0.650725
-0 0 1 0.589079
-0.0642788 0.0766044 0.994987 0.53191
-0.128558 0.153209 0.979796 0.594177
-0.192836 0.229813 0.953939 0.644655
-0.257115 0.306418 0.916515 0.656247
-0.321394 0.383022 0.866025 0.645147
-0.385673 0.459627 0.8 0.62787
-0.449951 0.536231 0.714143 0.618337
-0.51423 0.612836 0.6 0.590664
-0.578509 0.68944 0.43589 0.615656
-0.642788 0.766044 1.49012e-08 0.650725
-0 0 1 0.589079
-0.0766044 0.0642788 0.994987 0.532298
-0.153209 0.128558 0.979796 0.592766
-0.229813 0.192836 0.953939 0.643602
-0.306418 0.257115 0.916515 0.655093
-0.383022 0.321394 0.866025 0.635901
-0.459627 0.385673 0.8 0.588438
-0.536231 0.449951 0.714143 0.636684
-0.612836 0.51423 0.6 0.640766
-0.68944 0.578509 0.43589 0.604316
-0.766044 0.642788 1.49012e-08 0.650725
-0 0 1 0.589079
-0.0866025 0.05 0.994987 0.544968
-0.173205 0.1 0.979796 0.601227
-0.259808 0.15 0.953939 0.641711
-0.34641 0.2 0.916515 0.652861
-0.433013 0.25 0.866025 0.642248
-0.519615 0.3 0.8 0.624884
-0.606218 0.35 0.714143 0.645719
-0.69282 0.4 0.6 0.652738
-0.779423 0.45 0.43589 0.640072
-0.866025 0.5 1.49012e-08 0.650725
-0 0 1 0.589079
-0.0939693 0.034202 0.994987 0.561904
-0.187939 0.068404 0.979796 0.61001
-0.281908 0.102606 0.953939 0.63581
-0.375877 0.136808 0.916515 0.64253
-0.469846 0.17101 0.866025 0.631877
-0.563816 0.205212 0.8 0.626372
-0.657785 0.239414 0.714143 0.650413
-0.751754 0.273616 0.6 0.65649
-0.845723 0.307818 0.43589 0.653816
-0.939693 0.34202 1.49012e-08 0.650725
-0 0 1 0.589079
-0.0984808 0.0173648 0.994987 0.577904
-0.196962 0.0347296 0.979796 0.617756
-0.295442 0.0520945 0.953939 0.623844
-0.393923 0.0694593 0.916515 0.624607
-0.492404 0.0868241 0.866025 0.593913
-0.590885 0.104189 0.8 0.566879
-0.689365 0.121554 0.714143 0.595999
-0.787846 0.138919 0.6 0.623638
-0.886327 0.156283 0.43589 0.591752
-0.984808 0.173648 1.49012e-08 0.650725
-0 0 1 0.589079
-0.1 1.22465e-17 0.994987 0.591837
-0.2 2.44929e-17 0.979796 0.626072
-0.3 3.67394e-17 0.953939 0.624194
-0.4 4.89859e-17 0.916515 0.610343
-0.5 6.12323e-17 0.866025 0.540203
-0.6 7.34788e-17 0.8 0.430011
-0.7 8.57253e-17 0.714143 0.470951
-0.8 9.79717e-17 0.6 0.610879
-0.9 1.10218e-16 0.43589 0.661825
-1 1.22465e-16 1.49012e-08 0.650725
-0 -0 1 0.589079
-0.0984808 -0.0173648 0.994987 0.603648
-0.196962 -0.0347296 0.979796 0.635616
-0.295442 -0.0520945 0.953939 0.637752
-0.393923 -0.0694593 0.916515 0.613998
-0.492404 -0.0868241 0.866025 0.536589
-0.590885 -0.104189 0.8 0.455861
-0.689365 -0.121554 0.714143 0.535758
-0.787846 -0.138919 0.6 0.640596
-0.886327 -0.156283 0.43589 0.684304
-0.984808 -0.173648 1.49012e-08 0.650725
-0 -0 1 0.589079
-0.0939693 -0.034202 0.994987 0.613502
-0.187939 -0.068404 0.979796 0.644908
-0.281908 -0.102606 0.953939 0.649631
-0.375877 -0.136808 0.916515 0.629841
-0.469846 -0.17101 0.866025 0.591272
-0.563816 -0.205212 0.8 0.587367
-0.657785 -0.239414 0.714143 0.629369
-0.751754 -0.273616 0.6 0.648333
-0.845723 -0.307818 0.43589 0.625769
-0.939693 -0.34202 1.49012e-08 0.650725
-0 -0 1 0.589079
-0.0866025 -0.05 0.994987 0.621571
-0.173205 -0.1 0.979796 0.652344
-0.259808 -0.15 0.953939 0.658158
-0.34641 -0.2 0.916515 0.644506
-0.433013 -0.25 0.866025 0.62313
-0.519615 -0.3 0.8 0.645359
-0.606218 -0.35 0.714143 0.66891
-0.69282 -0.4 0.6 0.648532
-0.779423 -0.45 0.43589 0.659521
-0.866025 -0.5 1.49012e-08 0.650725
-0 -0 1 0.589079
-0.0766044 -0.0642788 0.994987 0.628021
-0.153209 -0.128558 0.979796 0.657497
-0.229813 -0.192836 0.953939 0.663016
-0.306418 -0.257115 0.916515 0.648928
-0.383022 -0.321394 0.866025 0.626557
-0.459627 -0.385673 0.8 0.659774
-0.536231 -0.449951 0.714143 0.681946
-0.612836 -0.51423 0.6 0.679027
-0.68944 -0.578509 0.43589 0.676373
-0.766044 -0.642788 1.49012e-08 0.650725
-0 -0 1 0.589079
-0.0642788 -0.0766044 0.994987 0.633022
-0.128558 -0.153209 0.979796 0.660367
-0.192836 -0.229813 0.953939 0.665665
-0.257115 -0.306418 0.916515 0.646604
-0.321394 -0.383022 0.866025 0.605637
-0.385673 -0.459627 0.8 0.656044
-0.449951 -0.536231 0.714143 0.680067
-0.51423 -0.612836 0.6 0.682945
-0.578509 -0.68944 0.43589 0.660502
-0.642788 -0.766044 1.49012e-08 0.650725
-0 -0 1 0.589079
-0.05 -0.0866025 0.994987 0.636769
-0.1 -0.173205 0.979796 0.660709
-0.15 -0.259808 0.953939 0.666752
-0.2 -0.34641 0.916515 0.649671
-0.25 -0.433013 0.866025 0.617976
-0.3 -0.519615 0.8 0.652349
-0.35 -0.606218 0.714143 0.672985
-0.4 -0.69282 0.6 0.673924
-0.45 -0.779423 0.43589 0.630936
-0.5 -0.866025 1.49012e-08 0.650725
-0 -0 1 0.589079
-0.034202 -0.0939693 0.994987 0.639498
-0.068404 -0.187939 0.979796 0.658238
-0.102606 -0.281908 0.953939 0.665033
-0.136808 -0.375877 0.916515 0.653905
-0.17101 -0.469846 0.866025 0.629515
-0.205212 -0.563816 0.8 0.633818
-0.239414 -0.657785 0.714143 0.649863
-0.273616 -0.751754 0.6 0.652245
-0.307818 -0.845723 0.43589 0.629593
-0.34202 -0.939693 1.49012e-08 0.650725
-0 -0 1 0.589079
-0.0173648 -0.0984808 0.994987 0.641442
-0.0347296 -0.196962 0.979796 0.654336
-0.0520945 -0.295442 0.953939 0.660518
-0.0694593 -0.393923 0.916515 0.651602
-0.0868241 -0.492404 0.866025 0.616995
-0.104189 -0.590885 0.8 0.585695
-0.121554 -0.689365 0.714143 0.604075
-0.138919 -0.787846 0.6 0.635047
-0.156283 -0.886327 0.43589 0.657871
-0.173648 -0.984808 1.49012e-08 0.650725
-0 -0 1 0.589079
-1.83697e-17 -0.1 0.994987 0.642754
-3.67394e-17 -0.2 0.979796 0.654637
-5.51091e-17 -0.3 0.953939 0.655703
-7.34788e-17 -0.4 0.916515 0.645902
-9.18485e-17 -0.5 0.866025 0.593666
-1.10218e-16 -0.6 0.8 0.504258
-1.28588e-16 -0.7 0.714143 0.533302
-1.46958e-16 -0.8 0.6 0.62791
-1.65327e-16 -0.9 0.43589 0.671565
-1.83697e-16 -1 1.49012e-08 0.650725
0 -0 1 0.589079
0.0173648 -0.0984808 0.994987 0.64349
0.0347296 -0.196962 0.979796 0.657232
0.0520945 -0.295442 0.953939 0.656406
0.0694593 -0.393923 0.916515 0.64358
0.0868241 -0.492404 0.866025 0.589365
0.104189 -0.590885 0.8 0.475772
0.121554 -0.689365 0.714143 0.474833
0.138919 -0.787846 0.6 0.617838
0.156283 -0.886327 0.43589 0.67143
0.173648 -0.984808 1.49012e-08 0.650725
0 -0 1 0.589079
0.034202 -0.0939693 0.994987 0.643633
0.068404 -0.187939 0.979796 0.65875
0.102606 -0.281908 0.953939 0.656986
0.136808 -0.375877 0.916515 0.643067
0.17101 -0.469846 0.866025 0.608046
0.205212 -0.563816 0.8 0.548303
0.239414 -0.657785 0.714143 0.529728
0.273616 -0.751754 0.6 0.618063
0.307818 -0.845723 0.43589 0.663882
0.34202 -0.939693 1.49012e-08 0.650725
0 -0 1 0.589079
0.05 -0.0866025 0.994987 0.64316
0.1 -0.173205 0.979796 0.657957
0.15 -0.259808 0.953939 0.652623
0.2 -0.34641 0.916515 0.636082
0.25 -0.433013 0.866025 0.620518
0.3 -0.519615 0.8 0.61106
0.35 -0.606218 0.714143 0.602455
0.4 -0.69282 0.6 0.622531
0.45 -0.779423 0.43589 0.666861
0.5 -0.866025 1.49012e-08 0.650725
0 -0 1 0.589079
0.0642788 -0.0766044 0.994987 0.642103
0.128558 -0.153209 0.979796 0.655067
0.192836 -0.229813 0.953939 0.644179
0.257115 -0.306418 0.916515 0.612854
0.321394 -0.383022 0.866025 0.620726
0.385673 -0.459627 0.8 0.640165
0.449951 -0.536231 0.714143 0.640592
0.51423 -0.612836 0.6 0.617451
0.578509 -0.68944 0.43589 0.65677
0.642788 -0.766044 1.49012e-08 0.650725
0 -0 1 0.589079
0.0766044 -0.0642788 0.994987 0.640533
0.153209 -0.128558 0.979796 0.651849
0.229813 -0.192836 0.953939 0.637524
0.306418 -0.257115 0.916515 0.587209
0.383022 -0.321394 0.866025 0.604905
0.459627 -0.385673 0.8 0.64639
0.536231 -0.449951 0.714143 0.648455
0.612836 -0.51423 0.6 0.638652
0.68944 -0.578509 0.43589 0.61591
0.766044 -0.642788 1.49012e-08 0.650725
0 -0 1 0.589079
0.0866025 -0.05 0.994987 0.638425
0.173205 -0.1 0.979796 0.649129
0.259808 -0.15 0.953939 0.636881
0.34641 -0.2 0.916515 0.613171
0.433013 -0.25 0.866025 0.625138
0.519615 -0.3 0.8 0.647273
0.606218 -0.35 0.714143 0.644707
0.69282 -0.4 0.6 0.646005
0.779423 -0.45 0.43589 0.619446
0.866025 -0.5 1.49012e-08 0.650725
0 -0 1 0.589079
0.0939693 -0.034202 0.994987 0.635751
0.187939 -0.068404 0.979796 0.645022
0.281908 -0.102606 0.953939 0.634079
0.375877 -0.136808 0.916515 0.613226
0.469846 -0.17101 0.866025 0.623692
0.563816 -0.205212 0.8 0.63838
0.657785 -0.239414 0.714143 0.629595
0.751754 -0.273616 0.6 0.604488
0.845723 -0.307818 0.43589 0.614647
0.939693 -0.34202 1.49012e-08 0.650725
0 -0 1 0.589079
0.0984808 -0.0173648 0.994987 0.632509
0.196962 -0.0347296 0.979796 0.639264
0.295442 -0.0520945 0.953939 0.626003
0.393923 -0.0694593 0.916515 0.602094
0.492404 -0.0868241 0.866025 0.595332
0.590885 -0.104189 0.8 0.60597
0.689365 -0.121554 0.714143 0.602513
0.787846 -0.138919 0.6 0.599533
0.886327 -0.156283 0.43589 0.629656
0.984808 -0.173648 1.49012e-08 0.650725
0 -0 1 0.589079
0.1 -2.44929e-17 0.994987 0.628764
0.2 -4.89859e-17 0.979796 0.631808
0.3 -7.34788e-17 0.953939 0.613739
0.4 -9.79717e-17 0.916515 0.571922
0.5 -1.22465e-16 0.866025 0.523855
0.6 -1.46958e-16 0.8 0.528354
0.7 -1.71451e-16 0.714143 0.599601
0.8 -1.95943e-16 0.6 0.651528
0.9 -2.20436e-16 0.43589 0.6664
1 -2.44929e-16 1.49012e-08 0.650725
