0 0 1 0.632402
0.1 0 0.994987 0.600491
0.2 0 0.979796 0.610179
0.3 0 0.953939 0.640777
0.4 0 0.916515 0.662711
0.5 0 0.866025 0.681411
0.6 0 0.8 0.69254
0.7 0 0.714143 0.697115
0.8 0 0.6 0.698097
0.9 0 0.43589 0.690117
1 0 1.49012e-08 0.591777
0 0 1 0.632402
0.0984808 0.0173648 0.994987 0.61065
0.196962 0.0347296 0.979796 0.589748
0.295442 0.0520945 0.953939 0.615187
0.393923 0.0694593 0.916515 0.617461
0.492404 0.0868241 0.866025 0.639205
0.590885 0.104189 0.8 0.651186
0.689365 0.121554 0.714143 0.664895
0.787846 0.138919 0.6 0.672346
0.886327 0.156283 0.43589 0.647402
0.984808 0.173648 1.49012e-08 0.591777
0 0 1 0.632402
0.0939693 0.034202 0.994987 0.620746
0.187939 0.068404 0.979796 0.600095
0.281908 0.102606 0.953939 0.603492
0.375877 0.136808 0.916515 0.547794
0.469846 0.17101 0.866025 0.58328
0.563816 0.205212 0.8 0.563024
0.657785 0.239414 0.714143 0.594274
0.751754 0.273616 0.6 0.604153
0.845723 0.307818 0.43589 0.668199
0.939693 0.34202 1.49012e-08 0.591777
0 0 1 0.632402
0.0866025 0.05 0.994987 0.630846
0.173205 0.1 0.979796 0.624981
0.259808 0.15 0.953939 0.624376
0.34641 0.2 0.916515 0.605135
0.433013 0.25 0.866025 0.619395
0.519615 0.3 0.8 0.623229
0.606218 0.35 0.714143 0.65782
0.69282 0.4 0.6 0.68682
0.779423 0.45 0.43589 0.702457
0.866025 0.5 1.49012e-08 0.591777
0 0 1 0.632402
0.0766044 0.0642788 0.994987 0.640593
0.153209 0.128558 0.979796 0.646658
0.229813 0.192836 0.953939 0.652495
0.306418 0.257115 0.916515 0.655573
0.383022 0.321394 0.866025 0.668521
0.459627 0.385673 0.8 0.681547
0.536231 0.449951 0.714143 0.695307
0.612836 0.51423 0.6 0.700872
0.68944 0.578509 0.43589 0.685776
0.766044 0.642788 1.49012e-08 0.591777
0 0 1 0.632402
0.0642788 0.0766044 0.994987 0.649493
0.128558 0.153209 0.979796 0.663905
0.192836 0.229813 0.953939 0.675301
0.257115 0.306418 0.916515 0.684178
0.321394 0.383022 0.866025 0.692499
0.385673 0.459627 0.8 0.696115
0.449951 0.536231 0.714143 0.699385
0.51423 0.612836 0.6 0.689058
0.578509 0.68944 0.43589 0.700156
0.642788 0.766044 1.49012e-08 0.591777
0 0 1 0.632402
0.05 0.0866025 0.994987 0.657149
0.1 0.173205 0.979796 0.676522
0.15 0.259808 0.953939 0.689252
0.2 0.34641 0.916515 0.696258
0.25 0.433013 0.866025 0.699299
0.3 0.519615 0.8 0.693606
0.35 0.606218 0.714143 0.686988
0.4 0.69282 0.6 0.689726
0.45 0.779423 0.43589 0.69794
0.5 0.866025 1.49012e-08 0.591777
0 0 1 0.632402
0.034202 0.0939693 0.994987 0.663338
0.068404 0.187939 0.979796 0.684757
0.102606 0.281908 0.953939 0.695372
0.136808 0.375877 0.916515 0.697765
0.17101 0.469846 0.866025 0.690092
0.205212 0.563816 0.8 0.681223
0.239414 0.657785 0.714143 0.693712
0.273616 0.751754 0.6 0.700645
0.307818 0.845723 0.43589 0.695794
0.34202 0.939693 1.49012e-08 0.591777
0 0 1 0.632402
0.0173648 0.0984808 0.994987 0.667995
0.0347296 0.196962 0.979796 0.689322
0.0520945 0.295442 0.953939 0.695643
0.0694593 0.393923 0.916515 0.686302
0.0868241 0.492404 0.866025 0.687141
0.104189 0.590885 0.8 0.697168
0.121554 0.689365 0.714143 0.699492
0.138919 0.787846 0.6 0.697329
0.156283 0.886327 0.43589 0.678099
0.173648 0.984808 1.49012e-08 0.591777
0 0 1 0.632402
6.12323e-18 0.1 0.994987 0.671168
1.22465e-17 0.2 0.979796 0.690955
1.83697e-17 0.3 0.953939 0.689964
2.44929e-17 0.4 0.916515 0.68829
3.06162e-17 0.5 0.866025 0.698459
3.67394e-17 0.6 0.8 0.696865
4.28626e-17 0.7 0.714143 0.692738
4.89859e-17 0.8 0.6 0.681577
5.51091e-17 0.9 0.43589 0.64992
6.12323e-17 1 1.49012e-08 0.591777
-0 0 1 0.632402
-0.0173648 0.0984808 0.994987 0.672968
-0.0347296 0.196962 0.979796 0.690282
-0.0520945 0.295442 0.953939 0.688388
-0.0694593 0.393923 0.916515 0.696254
-0.0868241 0.492404 0.866025 0.695863
-0.104189 0.590885 0.8 0.686929
-0.121554 0.689365 0.714143 0.669828
-0.138919 0.787846 0.6 0.643692
-0.156283 0.886327 0.43589 0.620018
-0.173648 0.984808 1.49012e-08 0.591777
-0 0 1 0.632402
-0.034202 0.0939693 0.994987 0.673531
-0.068404 0.187939 0.979796 0.688196
-0.102606 0.281908 0.953939 0.691346
-0.136808 0.375877 0.916515 0.693749
-0.17101 0.469846 0.866025 0.683385
-0.205212 0.563816 0.8 0.658126
-0.239414 0.657785 0.714143 0.629535
-0.273616 0.751754 0.6 0.572794
-0.307818 0.845723 0.43589 0.603088
-0.34202 0.939693 1.49012e-08 0.591777
-0 0 1 0.632402
-0.05 0.0866025 0.994987 0.672996
-0.1 0.173205 0.979796 0.684932
-0.15 0.259808 0.953939 0.689983
-0.2 0.34641 0.916515 0.683684
-0.25 0.433013 0.866025 0.660351
-0.3 0.519615 0.8 0.614363
-0.35 0.606218 0.714143 0.585219
-0.4 0.69282 0.6 0.57315
-0.45 0.779423 0.43589 0.62984
-0.5 0.866025 1.49012e-08 0.591777
-0 0 1 0.632402
-0.0642788 0.0766044 0.994987 0.671466
-0.128558 0.153209 0.979796 0.681986
-0.192836 0.229813 0.953939 0.684101
-0.257115 0.306418 0.916515 0.667145
-0.321394 0.383022 0.866025 0.626878
-0.385673 0.459627 0.8 0.601762
-0.449951 0.536231 0.714143 0.606904
-0.51423 0.612836 0.6 0.643456
-0.578509 0.68944 0.43589 0.664631
-0.642788 0.766044 1.49012e-08 0.591777
-0 0 1 0.632402
-0.0766044 0.0642788 0.994987 0.669029
-0.153209 0.128558 0.979796 0.677211
-0.229813 0.192836 0.953939 0.675113
-0.306418 0.257115 0.916515 0.646371
-0.383022 0.321394 0.866025 0.60723
-0.459627 0.385673 0.8 0.629134
-0.536231 0.449951 0.714143 0.665238
-0.612836 0.51423 0.6 0.684919
-0.68944 0.578509 0.43589 0.690801
-0.766044 0.642788 1.49012e-08 0.591777
-0 0 1 0.632402
-0.0866025 0.05 0.994987 0.665743
-0.173205 0.1 0.979796 0.672425
-0.259808 0.15 0.953939 0.664627
-0.34641 0.2 0.916515 0.627237
-0.433013 0.25 0.866025 0.607636
-0.519615 0.3 0.8 0.663331
-0.606218 0.35 0.714143 0.691072
-0.69282 0.4 0.6 0.698687
-0.779423 0.45 0.43589 0.697248
-0.866025 0.5 1.49012e-08 0.591777
-0 0 1 0.632402
-0.0939693 0.034202 0.994987 0.66166
-0.187939 0.068404 0.979796 0.665492
-0.281908 0.102606 0.953939 0.65359
-0.375877 0.136808 0.916515 0.615766
-0.469846 0.17101 0.866025 0.632825
-0.563816 0.205212 0.8 0.676435
-0.657785 0.239414 0.714143 0.690799
-0.751754 0.273616 0.6 0.687251
-0.845723 0.307818 0.43589 0.69208
-0.939693 0.34202 1.49012e-08 0.591777
-0 0 1 0.632402
-0.0984808 0.0173648 0.994987 0.656838
-0.196962 0.0347296 0.979796 0.65692
-0.295442 0.0520945 0.953939 0.641135
-0.393923 0.0694593 0.916515 0.610443
-0.492404 0.0868241 0.866025 0.636531
-0.590885 0.104189 0.8 0.668108
-0.689365 0.121554 0.714143 0.68104
-0.787846 0.138919 0.6 0.678357
-0.886327 0.156283 0.43589 0.666977
-0.984808 0.173648 1.49012e-08 0.591777
-0 0 1 0.632402
-0.1 1.22465e-17 0.994987 0.651355
-0.2 2.44929e-17 0.979796 0.64685
-0.3 3.67394e-17 0.953939 0.624909
-0.4 4.89859e-17 0.916515 0.596707
-0.5 6.12323e-17 0.866025 0.611762
-0.6 7.34788e-17 0.8 0.635033
-0.7 8.57253e-17 0.714143 0.634206
-0.8 9.79717e-17 0.6 0.605097
-0.9 1.10218e-16 0.43589 0.662653
-1 1.22465e-16 1.49012e-08 0.591777
-0 -0 1 0.632402
-0.0984808 -0.0173648 0.994987 0.645309
-0.196962 -0.0347296 0.979796 0.635689
-0.295442 -0.0520945 0.953939 0.603419
-0.393923 -0.0694593 0.916515 0.562225
-0.492404 -0.0868241 0.866025 0.548277
-0.590885 -0.104189 0.8 0.56937
-0.689365 -0.121554 0.714143 0.603457
-0.787846 -0.138919 0.6 0.656776
-0.886327 -0.156283 0.43589 0.676765
-0.984808 -0.173648 1.49012e-08 0.591777
-0 -0 1 0.632402
-0.0939693 -0.034202 0.994987 0.638814
-0.187939 -0.068404 0.979796 0.624396
-0.281908 -0.102606 0.953939 0.579145
-0.375877 -0.136808 0.916515 0.501103
-0.469846 -0.17101 0.866025 0.424158
-0.563816 -0.205212 0.8 0.457799
-0.657785 -0.239414 0.714143 0.560172
-0.751754 -0.273616 0.6 0.614878
-0.845723 -0.307818 0.43589 0.645908
-0.939693 -0.34202 1.49012e-08 0.591777
-0 -0 1 0.632402
-0.0866025 -0.05 0.994987 0.631991
-0.173205 -0.1 0.979796 0.614091
-0.259808 -0.15 0.953939 0.559779
-0.34641 -0.2 0.916515 0.43912
-0.433013 -0.25 0.866025 0.209281
-0.519615 -0.3 0.8 0.328938
-0.606218 -0.35 0.714143 0.532003
-0.69282 -0.4 0.6 0.631818
-0.779423 -0.45 0.43589 0.682975
-0.866025 -0.5 1.49012e-08 0.591777
-0 -0 1 0.632402
-0.0766044 -0.0642788 0.994987 0.625009
-0.153209 -0.128558 0.979796 0.60559
-0.229813 -0.192836 0.953939 0.553984
-0.306418 -0.257115 0.916515 0.431931
-0.383022 -0.321394 0.866025 0.237134
-0.459627 -0.385673 0.8 0.388166
-0.536231 -0.449951 0.714143 0.560597
-0.612836 -0.51423 0.6 0.643191
-0.68944 -0.578509 0.43589 0.667975
-0.766044 -0.642788 1.49012e-08 0.591777
-0 -0 1 0.632402
-0.0642788 -0.0766044 0.994987 0.618186
-0.128558 -0.153209 0.979796 0.6009
-0.192836 -0.229813 0.953939 0.565673
-0.257115 -0.306418 0.916515 0.485007
-0.321394 -0.383022 0.866025 0.428328
-0.385673 -0.459627 0.8 0.504893
-0.449951 -0.536231 0.714143 0.589285
-0.51423 -0.612836 0.6 0.615598
-0.578509 -0.68944 0.43589 0.619456
-0.642788 -0.766044 1.49012e-08 0.591777
-0 -0 1 0.632402
-0.05 -0.0866025 0.994987 0.612309
-0.1 -0.173205 0.979796 0.607432
-0.15 -0.259808 0.953939 0.588484
-0.2 -0.34641 0.916515 0.54645
-0.25 -0.433013 0.866025 0.533836
-0.3 -0.519615 0.8 0.58037
-0.35 -0.606218 0.714143 0.626696
-0.4 -0.69282 0.6 0.626696
-0.45 -0.779423 0.43589 0.608653
-0.5 -0.866025 1.49012e-08 0.591777
-0 -0 1 0.632402
-0.034202 -0.0939693 0.994987 0.608726
-0.068404 -0.187939 0.979796 0.619483
-0.102606 -0.281908 0.953939 0.613124
-0.136808 -0.375877 0.916515 0.59263
-0.17101 -0.469846 0.866025 0.58545
-0.205212 -0.563816 0.8 0.622951
-0.239414 -0.657785 0.714143 0.656958
-0.273616 -0.751754 0.6 0.665703
-0.307818 -0.845723 0.43589 0.651383
-0.34202 -0.939693 1.49012e-08 0.591777
-0 -0 1 0.632402
-0.0173648 -0.0984808 0.994987 0.607101
-0.0347296 -0.196962 0.979796 0.63142
-0.0520945 -0.295442 0.953939 0.634837
-0.0694593 -0.393923 0.916515 0.623426
-0.0868241 -0.492404 0.866025 0.602197
-0.104189 -0.590885 0.8 0.640837
-0.121554 -0.689365 0.714143 0.672646
-0.138919 -0.787846 0.6 0.685905
-0.156283 -0.886327 0.43589 0.678813
-0.173648 -0.984808 1.49012e-08 0.591777
-0 -0 1 0.632402
-1.83697e-17 -0.1 0.994987 0.606282
-3.67394e-17 -0.2 0.979796 0.641886
-5.51091e-17 -0.3 0.953939 0.652158
-7.34788e-17 -0.4 0.916515 0.644847
-9.18485e-17 -0.5 0.866025 0.613468
-1.10218e-16 -0.6 0.8 0.637815
-1.28588e-16 -0.7 0.714143 0.679079
-1.46958e-16 -0.8 0.6 0.688323
-1.65327e-16 -0.9 0.43589 0.692775
-1.83697e-16 -1 1.49012e-08 0.591777
0 -0 1 0.632402
0.0173648 -0.0984808 0.994987 0.607202
0.0347296 -0.196962 0.979796 0.650255
0.0520945 -0.295442 0.953939 0.665201
0.0694593 -0.393923 0.916515 0.661564
0.0868241 -0.492404 0.866025 0.627758
0.104189 -0.590885 0.8 0.618461
0.121554 -0.689365 0.714143 0.674455
0.138919 -0.787846 0.6 0.691033
0.156283 -0.886327 0.43589 0.696744
0.173648 -0.984808 1.49012e-08 0.591777
0 -0 1 0.632402
0.034202 -0.0939693 0.994987 0.60972
0.068404 -0.187939 0.979796 0.656241
0.102606 -0.281908 0.953939 0.674486
0.136808 -0.375877 0.916515 0.675171
0.17101 -0.469846 0.866025 0.648899
0.205212 -0.563816 0.8 0.597958
0.239414 -0.657785 0.714143 0.655768
0.273616 -0.751754 0.6 0.694044
0.307818 -0.845723 0.43589 0.690935
0.34202 -0.939693 1.49012e-08 0.591777
0 -0 1 0.632402
0.05 -0.0866025 0.994987 0.611313
0.1 -0.173205 0.979796 0.659657
0.15 -0.259808 0.953939 0.681058
0.2 -0.34641 0.916515 0.68473
0.25 -0.433013 0.866025 0.671307
0.3 -0.519615 0.8 0.621397
0.35 -0.606218 0.714143 0.619564
0.4 -0.69282 0.6 0.684578
0.45 -0.779423 0.43589 0.68969
0.5 -0.866025 1.49012e-08 0.591777
0 -0 1 0.632402
0.0642788 -0.0766044 0.994987 0.610365
0.128558 -0.153209 0.979796 0.660272
0.192836 -0.229813 0.953939 0.685558
0.257115 -0.306418 0.916515 0.688041
0.321394 -0.383022 0.866025 0.688044
0.385673 -0.459627 0.8 0.658013
0.449951 -0.536231 0.714143 0.600108
0.51423 -0.612836 0.6 0.652305
0.578509 -0.68944 0.43589 0.698272
0.642788 -0.766044 1.49012e-08 0.591777
0 -0 1 0.632402
0.0766044 -0.0642788 0.994987 0.606315
0.153209 -0.128558 0.979796 0.657804
0.229813 -0.192836 0.953939 0.687329
0.306418 -0.257115 0.916515 0.689197
0.383022 -0.321394 0.866025 0.6943
0.459627 -0.385673 0.8 0.686088
0.536231 -0.449951 0.714143 0.634839
0.612836 -0.51423 0.6 0.593867
0.68944 -0.578509 0.43589 0.692541
0.766044 -0.642788 1.49012e-08 0.591777
0 -0 1 0.632402
0.0866025 -0.05 0.994987 0.598986
0.173205 -0.1 0.979796 0.651956
0.259808 -0.15 0.953939 0.685288
0.34641 -0.2 0.916515 0.693498
0.433013 -0.25 0.866025 0.685409
0.519615 -0.3 0.8 0.697757
0.606218 -0.35 0.714143 0.683945
0.69282 -0.4 0.6 0.619395
0.779423 -0.45 0.43589 0.653342
0.866025 -0.5 1.49012e-08 0.591777
0 -0 1 0.632402
0.0939693 -0.034202 0.994987 0.588863
0.187939 -0.068404 0.979796 0.642403
0.281908 -0.102606 0.953939 0.677991
0.375877 -0.136808 0.916515 0.694721
0.469846 -0.17101 0.866025 0.693479
0.563816 -0.205212 0.8 0.683774
0.657785 -0.239414 0.714143 0.698057
0.751754 -0.273616 0.6 0.684855
0.845723 -0.307818 0.43589 0.578732
0.939693 -0.34202 1.49012e-08 0.591777
0 -0 1 0.632402
0.0984808 -0.0173648 0.994987 0.590173
0.196962 -0.0347296 0.979796 0.628648
0.295442 -0.0520945 0.953939 0.663368
0.393923 -0.0694593 0.916515 0.686344
0.492404 -0.0868241 0.866025 0.696184
0.590885 -0.104189 0.8 0.696966
0.689365 -0.121554 0.714143 0.665711
0.787846 -0.138919 0.6 0.691692
0.886327 -0.156283 0.43589 0.693123
0.984808 -0.173648 1.49012e-08 0.591777
0 -0 1 0.632402
0.1 -2.44929e-17 0.994987 0.600491
0.2 -4.89859e-17 0.979796 0.610179
0.3 -7.34788e-17 0.953939 0.640777
0.4 -9.79717e-17 0.916515 0.662711
0.5 -1.22465e-16 0.866025 0.681411
0.6 -1.46958e-16 0.8 0.69254
0.7 -1.71451e-16 0.714143 0.697115
0.8 -1.95943e-16 0.6 0.698097
0.9 -2.20436e-16 0.43589 0.690117
1 -2.44929e-16 1.49012e-08 0.591777
