0 0 1 0.642948
0.1 0 0.994987 0.676821
0.2 0 0.979796 0.703693
0.3 0 0.953939 0.709454
0.4 0 0.916515 0.697347
0.5 0 0.866025 0.683308
0.6 0 0.8 0.690043
0.7 0 0.714143 0.704044
0.8 0 0.6 0.700904
0.9 0 0.43589 0.68209
1 0 1.49012e-08 0.684789
0 0 1 0.642948
0.0984808 0.0173648 0.994987 0.679678
0.196962 0.0347296 0.979796 0.706597
0.295442 0.0520945 0.953939 0.71226
0.393923 0.0694593 0.916515 0.706133
0.492404 0.0868241 0.866025 0.690099
0.590885 0.104189 0.8 0.666891
0.689365 0.121554 0.714143 0.664556
0.787846 0.138919 0.6 0.660988
0.886327 0.156283 0.43589 0.706899
0.984808 0.173648 1.49012e-08 0.684789
0 0 1 0.642948
0.0939693 0.034202 0.994987 0.681649
0.187939 0.068404 0.979796 0.708041
0.281908 0.102606 0.953939 0.710821
0.375877 0.136808 0.916515 0.70702
0.469846 0.17101 0.866025 0.684112
0.563816 0.205212 0.8 0.6341
0.657785 0.239414 0.714143 0.613412
0.751754 0.273616 0.6 0.660567
0.845723 0.307818 0.43589 0.697786
0.939693 0.34202 1.49012e-08 0.684789
0 0 1 0.642948
0.0866025 0.05 0.994987 0.68279
0.173205 0.1 0.979796 0.708264
0.259808 0.15 0.953939 0.711087
0.34641 0.2 0.916515 0.705839
0.433013 0.25 0.866025 0.68114
0.519615 0.3 0.8 0.634175
0.606218 0.35 0.714143 0.660722
0.69282 0.4 0.6 0.684821
0.779423 0.45 0.43589 0.695593
0.866025 0.5 1.49012e-08 0.684789
0 0 1 0.642948
0.0766044 0.0642788 0.994987 0.683134
0.153209 0.128558 0.979796 0.708862
0.229813 0.192836 0.953939 0.712467
0.306418 0.257115 0.916515 0.706413
0.383022 0.321394 0.866025 0.682211
0.459627 0.385673 0.8 0.669325
0.536231 0.449951 0.714143 0.699494
0.612836 0.51423 0.6 0.713682
0.68944 0.578509 0.43589 0.709049
0.766044 0.642788 1.49012e-08 0.684789
0 0 1 0.642948
0.0642788 0.0766044 0.994987 0.682708
0.128558 0.153209 0.979796 0.708967
0.192836 0.229813 0.953939 0.71392
0.257115 0.306418 0.916515 0.702239
0.321394 0.383022 0.866025 0.681797
0.385673 0.459627 0.8 0.690555
0.449951 0.536231 0.714143 0.713843
0.51423 0.612836 0.6 0.71831
0.578509 0.68944 0.43589 0.702891
0.642788 0.766044 1.49012e-08 0.684789
0 0 1 0.642948
0.05 0.0866025 0.994987 0.681565
0.1 0.173205 0.979796 0.707628
0.15 0.259808 0.953939 0.712149
0.2 0.34641 0.916515 0.695881
0.25 0.433013 0.866025 0.680213
0.3 0.519615 0.8 0.693488
0.35 0.606218 0.714143 0.718358
0.4 0.69282 0.6 0.711323
0.45 0.779423 0.43589 0.691596
0.5 0.866025 1.49012e-08 0.684789
0 0 1 0.642948
0.034202 0.0939693 0.994987 0.679691
0.068404 0.187939 0.979796 0.704424
0.102606 0.281908 0.953939 0.708096
0.136808 0.375877 0.916515 0.6931
0.17101 0.469846 0.866025 0.679838
0.205212 0.563816 0.8 0.701538
0.239414 0.657785 0.714143 0.716365
0.273616 0.751754 0.6 0.695422
0.307818 0.845723 0.43589 0.688434
0.34202 0.939693 1.49012e-08 0.684789
0 0 1 0.642948
0.0173648 0.0984808 0.994987 0.67713
0.0347296 0.196962 0.979796 0.699812
0.0520945 0.295442 0.953939 0.701971
0.0694593 0.393923 0.916515 0.688615
0.0868241 0.492404 0.866025 0.679133
0.104189 0.590885 0.8 0.698996
0.121554 0.689365 0.714143 0.707277
0.138919 0.787846 0.6 0.691535
0.156283 0.886327 0.43589 0.685991
0.173648 0.984808 1.49012e-08 0.684789
0 0 1 0.642948
6.12323e-18 0.1 0.994987 0.67387
1.22465e-17 0.2 0.979796 0.693612
1.83697e-17 0.3 0.953939 0.692733
2.44929e-17 0.4 0.916515 0.677845
3.06162e-17 0.5 0.866025 0.671323
3.67394e-17 0.6 0.8 0.684189
4.28626e-17 0.7 0.714143 0.692544
4.89859e-17 0.8 0.6 0.686027
5.51091e-17 0.9 0.43589 0.694148
6.12323e-17 1 1.49012e-08 0.684789
-0 0 1 0.642948
-0.0173648 0.0984808 0.994987 0.669955
-0.0347296 0.196962 0.979796 0.685744
-0.0520945 0.295442 0.953939 0.68089
-0.0694593 0.393923 0.916515 0.655272
-0.0868241 0.492404 0.866025 0.64861
-0.104189 0.590885 0.8 0.6592
-0.121554 0.689365 0.714143 0.675389
-0.138919 0.787846 0.6 0.695261
-0.156283 0.886327 0.43589 0.710794
-0.173648 0.984808 1.49012e-08 0.684789
-0 0 1 0.642948
-0.034202 0.0939693 0.994987 0.665489
-0.068404 0.187939 0.979796 0.676978
-0.102606 0.281908 0.953939 0.671095
-0.136808 0.375877 0.916515 0.636404
-0.17101 0.469846 0.866025 0.606387
-0.205212 0.563816 0.8 0.623803
-0.239414 0.657785 0.714143 0.654113
-0.273616 0.751754 0.6 0.696503
-0.307818 0.845723 0.43589 0.716784
-0.34202 0.939693 1.49012e-08 0.684789
-0 0 1 0.642948
-0.05 0.0866025 0.994987 0.660625
-0.1 0.173205 0.979796 0.673518
-0.15 0.259808 0.953939 0.664579
-0.2 0.34641 0.916515 0.63118
-0.25 0.433013 0.866025 0.563648
-0.3 0.519615 0.8 0.573392
-0.35 0.606218 0.714143 0.623722
-0.4 0.69282 0.6 0.683494
-0.45 0.779423 0.43589 0.713037
-0.5 0.866025 1.49012e-08 0.684789
-0 0 1 0.642948
-0.0642788 0.0766044 0.994987 0.655789
-0.128558 0.153209 0.979796 0.671961
-0.192836 0.229813 0.953939 0.665436
-0.257115 0.306418 0.916515 0.643406
-0.321394 0.383022 0.866025 0.593406
-0.385673 0.459627 0.8 0.569683
-0.449951 0.536231 0.714143 0.587158
-0.51423 0.612836 0.6 0.663145
-0.578509 0.68944 0.43589 0.690284
-0.642788 0.766044 1.49012e-08 0.684789
-0 0 1 0.642948
-0.0766044 0.0642788 0.994987 0.653981
-0.153209 0.128558 0.979796 0.673893
-0.229813 0.192836 0.953939 0.677269
-0.306418 0.257115 0.916515 0.666116
-0.383022 0.321394 0.866025 0.636493
-0.459627 0.385673 0.8 0.619179
-0.536231 0.449951 0.714143 0.629145
-0.612836 0.51423 0.6 0.667241
-0.68944 0.578509 0.43589 0.666671
-0.766044 0.642788 1.49012e-08 0.684789
-0 0 1 0.642948
-0.0866025 0.05 0.994987 0.653672
-0.173205 0.1 0.979796 0.675631
-0.259808 0.15 0.953939 0.689393
-0.34641 0.2 0.916515 0.68688
-0.433013 0.25 0.866025 0.675009
-0.519615 0.3 0.8 0.671936
-0.606218 0.35 0.714143 0.670578
-0.69282 0.4 0.6 0.683709
-0.779423 0.45 0.43589 0.6943
-0.866025 0.5 1.49012e-08 0.684789
-0 0 1 0.642948
-0.0939693 0.034202 0.994987 0.653059
-0.187939 0.068404 0.979796 0.676898
-0.281908 0.102606 0.953939 0.697002
-0.375877 0.136808 0.916515 0.697099
-0.469846 0.17101 0.866025 0.687009
-0.563816 0.205212 0.8 0.691404
-0.657785 0.239414 0.714143 0.694505
-0.751754 0.273616 0.6 0.67332
-0.845723 0.307818 0.43589 0.697178
-0.939693 0.34202 1.49012e-08 0.684789
-0 0 1 0.642948
-0.0984808 0.0173648 0.994987 0.652345
-0.196962 0.0347296 0.979796 0.681261
-0.295442 0.0520945 0.953939 0.700866
-0.393923 0.0694593 0.916515 0.697194
-0.492404 0.0868241 0.866025 0.673411
-0.590885 0.104189 0.8 0.670788
-0.689365 0.121554 0.714143 0.69372
-0.787846 0.138919 0.6 0.685249
-0.886327 0.156283 0.43589 0.652295
-0.984808 0.173648 1.49012e-08 0.684789
-0 0 1 0.642948
-0.1 1.22465e-17 0.994987 0.652014
-0.2 2.44929e-17 0.979796 0.685832
-0.3 3.67394e-17 0.953939 0.702682
-0.4 4.89859e-17 0.916515 0.694115
-0.5 6.12323e-17 0.866025 0.672037
-0.6 7.34788e-17 0.8 0.678032
-0.7 8.57253e-17 0.714143 0.685142
-0.8 9.79717e-17 0.6 0.680071
-0.9 1.10218e-16 0.43589 0.661524
-1 1.22465e-16 1.49012e-08 0.684789
-0 -0 1 0.642948
-0.0984808 -0.0173648 0.994987 0.651856
-0.196962 -0.0347296 0.979796 0.689253
-0.295442 -0.0520945 0.953939 0.702318
-0.393923 -0.0694593 0.916515 0.695424
-0.492404 -0.0868241 0.866025 0.68781
-0.590885 -0.104189 0.8 0.669521
-0.689365 -0.121554 0.714143 0.632737
-0.787846 -0.138919 0.6 0.578909
-0.886327 -0.156283 0.43589 0.682317
-0.984808 -0.173648 1.49012e-08 0.684789
-0 -0 1 0.642948
-0.0939693 -0.034202 0.994987 0.652658
-0.187939 -0.068404 0.979796 0.691078
-0.281908 -0.102606 0.953939 0.698481
-0.375877 -0.136808 0.916515 0.693354
-0.469846 -0.17101 0.866025 0.6817
-0.563816 -0.205212 0.8 0.639094
-0.657785 -0.239414 0.714143 0.54028
-0.751754 -0.273616 0.6 0.622094
-0.845723 -0.307818 0.43589 0.690667
-0.939693 -0.34202 1.49012e-08 0.684789
-0 -0 1 0.642948
-0.0866025 -0.05 0.994987 0.654834
-0.173205 -0.1 0.979796 0.691499
-0.259808 -0.15 0.953939 0.693965
-0.34641 -0.2 0.916515 0.692234
-0.433013 -0.25 0.866025 0.671654
-0.519615 -0.3 0.8 0.617865
-0.606218 -0.35 0.714143 0.595174
-0.69282 -0.4 0.6 0.68164
-0.779423 -0.45 0.43589 0.694159
-0.866025 -0.5 1.49012e-08 0.684789
-0 -0 1 0.642948
-0.0766044 -0.0642788 0.994987 0.657268
-0.153209 -0.128558 0.979796 0.69082
-0.229813 -0.192836 0.953939 0.692765
-0.306418 -0.257115 0.916515 0.68736
-0.383022 -0.321394 0.866025 0.659081
-0.459627 -0.385673 0.8 0.625585
-0.536231 -0.449951 0.714143 0.66386
-0.612836 -0.51423 0.6 0.702129
-0.68944 -0.578509 0.43589 0.710394
-0.766044 -0.642788 1.49012e-08 0.684789
-0 -0 1 0.642948
-0.0642788 -0.0766044 0.994987 0.659013
-0.128558 -0.153209 0.979796 0.689028
-0.192836 -0.229813 0.953939 0.690289
-0.257115 -0.306418 0.916515 0.677622
-0.321394 -0.383022 0.866025 0.640024
-0.385673 -0.459627 0.8 0.640955
-0.449951 -0.536231 0.714143 0.690573
-0.51423 -0.612836 0.6 0.702749
-0.578509 -0.68944 0.43589 0.696314
-0.642788 -0.766044 1.49012e-08 0.684789
-0 -0 1 0.642948
-0.05 -0.0866025 0.994987 0.660026
-0.1 -0.173205 0.979796 0.685979
-0.15 -0.259808 0.953939 0.684119
-0.2 -0.34641 0.916515 0.664806
-0.25 -0.433013 0.866025 0.626154
-0.3 -0.519615 0.8 0.652941
-0.35 -0.606218 0.714143 0.698275
-0.4 -0.69282 0.6 0.69856
-0.45 -0.779423 0.43589 0.676423
-0.5 -0.866025 1.49012e-08 0.684789
-0 -0 1 0.642948
-0.034202 -0.0939693 0.994987 0.66018
-0.068404 -0.187939 0.979796 0.681695
-0.102606 -0.281908 0.953939 0.676294
-0.136808 -0.375877 0.916515 0.649696
-0.17101 -0.469846 0.866025 0.621586
-0.205212 -0.563816 0.8 0.658888
-0.239414 -0.657785 0.714143 0.696727
-0.273616 -0.751754 0.6 0.689313
-0.307818 -0.845723 0.43589 0.668906
-0.34202 -0.939693 1.49012e-08 0.684789
-0 -0 1 0.642948
-0.0173648 -0.0984808 0.994987 0.659736
-0.0347296 -0.196962 0.979796 0.676177
-0.0520945 -0.295442 0.953939 0.667594
-0.0694593 -0.393923 0.916515 0.631086
-0.0868241 -0.492404 0.866025 0.610355
-0.104189 -0.590885 0.8 0.652023
-0.121554 -0.689365 0.714143 0.688371
-0.138919 -0.787846 0.6 0.68491
-0.156283 -0.886327 0.43589 0.669486
-0.173648 -0.984808 1.49012e-08 0.684789
-0 -0 1 0.642948
-1.83697e-17 -0.1 0.994987 0.659255
-3.67394e-17 -0.2 0.979796 0.670457
-5.51091e-17 -0.3 0.953939 0.659594
-7.34788e-17 -0.4 0.916515 0.6144
-9.18485e-17 -0.5 0.866025 0.5829
-1.10218e-16 -0.6 0.8 0.631069
-1.28588e-16 -0.7 0.714143 0.675764
-1.46958e-16 -0.8 0.6 0.686893
-1.65327e-16 -0.9 0.43589 0.684439
-1.83697e-16 -1 1.49012e-08 0.684789
0 -0 1 0.642948
0.0173648 -0.0984808 0.994987 0.659315
0.0347296 -0.196962 0.979796 0.665697
0.0520945 -0.295442 0.953939 0.654257
0.0694593 -0.393923 0.916515 0.600591
0.0868241 -0.492404 0.866025 0.522661
0.104189 -0.590885 0.8 0.593735
0.121554 -0.689365 0.714143 0.660652
0.138919 -0.787846 0.6 0.690888
0.156283 -0.886327 0.43589 0.701382
0.173648 -0.984808 1.49012e-08 0.684789
0 -0 1 0.642948
0.034202 -0.0939693 0.994987 0.660272
0.068404 -0.187939 0.979796 0.665691
0.102606 -0.281908 0.953939 0.653746
0.136808 -0.375877 0.916515 0.602818
0.17101 -0.469846 0.866025 0.506055
0.205212 -0.563816 0.8 0.539066
0.239414 -0.657785 0.714143 0.637264
0.273616 -0.751754 0.6 0.688798
0.307818 -0.845723 0.43589 0.707296
0.34202 -0.939693 1.49012e-08 0.684789
0 -0 1 0.642948
0.05 -0.0866025 0.994987 0.661489
0.1 -0.173205 0.979796 0.670648
0.15 -0.259808 0.953939 0.660037
0.2 -0.34641 0.916515 0.621411
0.25 -0.433013 0.866025 0.535009
0.3 -0.519615 0.8 0.477143
0.35 -0.606218 0.714143 0.602545
0.4 -0.69282 0.6 0.671802
0.45 -0.779423 0.43589 0.70091
0.5 -0.866025 1.49012e-08 0.684789
0 -0 1 0.642948
0.0642788 -0.0766044 0.994987 0.662723
0.128558 -0.153209 0.979796 0.677234
0.192836 -0.229813 0.953939 0.67264
0.257115 -0.306418 0.916515 0.647728
0.321394 -0.383022 0.866025 0.591945
0.385673 -0.459627 0.8 0.514807
0.449951 -0.536231 0.714143 0.565827
0.51423 -0.612836 0.6 0.653483
0.578509 -0.68944 0.43589 0.673478
0.642788 -0.766044 1.49012e-08 0.684789
0 -0 1 0.642948
0.0766044 -0.0642788 0.994987 0.663893
0.153209 -0.128558 0.979796 0.683727
0.229813 -0.192836 0.953939 0.686538
0.306418 -0.257115 0.916515 0.67177
0.383022 -0.321394 0.866025 0.643284
0.459627 -0.385673 0.8 0.601238
0.536231 -0.449951 0.714143 0.578139
0.612836 -0.51423 0.6 0.648958
0.68944 -0.578509 0.43589 0.639054
0.766044 -0.642788 1.49012e-08 0.684789
0 -0 1 0.642948
0.0866025 -0.05 0.994987 0.665663
0.173205 -0.1 0.979796 0.688896
0.259808 -0.15 0.953939 0.696598
0.34641 -0.2 0.916515 0.686062
0.433013 -0.25 0.866025 0.673839
0.519615 -0.3 0.8 0.661495
0.606218 -0.35 0.714143 0.626646
0.69282 -0.4 0.6 0.634624
0.779423 -0.45 0.43589 0.680026
0.866025 -0.5 1.49012e-08 0.684789
0 -0 1 0.642948
0.0939693 -0.034202 0.994987 0.669088
0.187939 -0.068404 0.979796 0.694741
0.281908 -0.102606 0.953939 0.702129
0.375877 -0.136808 0.916515 0.690882
0.469846 -0.17101 0.866025 0.683603
0.563816 -0.205212 0.8 0.690382
0.657785 -0.239414 0.714143 0.676703
0.751754 -0.273616 0.6 0.616044
0.845723 -0.307818 0.43589 0.665964
0.939693 -0.34202 1.49012e-08 0.684789
0 -0 1 0.642948
0.0984808 -0.0173648 0.994987 0.673043
0.196962 -0.0347296 0.979796 0.699654
0.295442 -0.0520945 0.953939 0.705087
0.393923 -0.0694593 0.916515 0.68909
0.492404 -0.0868241 0.866025 0.667037
0.590885 -0.104189 0.8 0.691288
0.689365 -0.121554 0.714143 0.70162
0.787846 -0.138919 0.6 0.687698
0.886327 -0.156283 0.43589 0.622493
0.984808 -0.173648 1.49012e-08 0.684789
0 -0 1 0.642948
0.1 -2.44929e-17 0.994987 0.676821
0.2 -4.89859e-17 0.979796 0.703693
0.3 -7.34788e-17 0.953939 0.709454
0.4 -9.79717e-17 0.916515 0.697347
0.5 -1.22465e-16 0.866025 0.683308
0.6 -1.46958e-16 0.8 0.690043
0.7 -1.71451e-16 0.714143 0.704044
0.8 -1.95943e-16 0.6 0.700904
0.9 -2.20436e-16 0.43589 0.68209
1 -2.44929e-16 1.49012e-08 0.684789
