0 0 1 0.7133
0.1 0 0.994987 0.709116
0.2 0 0.979796 0.709712
0.3 0 0.953939 0.702617
0.4 0 0.916515 0.682311
0.5 0 0.866025 0.640816
0.6 0 0.8 0.572338
0.7 0 0.714143 0.554226
0.8 0 0.6 0.650691
0.9 0 0.43589 0.673901
1 0 1.49012e-08 0.671281
0 0 1 0.7133
0.0984808 0.0173648 0.994987 0.711586
0.196962 0.0347296 0.979796 0.713093
0.295442 0.0520945 0.953939 0.706037
0.393923 0.0694593 0.916515 0.687392
0.492404 0.0868241 0.866025 0.659033
0.590885 0.104189 0.8 0.611947
0.689365 0.121554 0.714143 0.613419
0.787846 0.138919 0.6 0.667664
0.886327 0.156283 0.43589 0.692921
0.984808 0.173648 1.49012e-08 0.671281
0 0 1 0.7133
0.0939693 0.034202 0.994987 0.713606
0.187939 0.068404 0.979796 0.715088
0.281908 0.102606 0.953939 0.706526
0.375877 0.136808 0.916515 0.684776
0.469846 0.17101 0.866025 0.675658
0.563816 0.205212 0.8 0.67038
0.657785 0.239414 0.714143 0.666347
0.751754 0.273616 0.6 0.642194
0.845723 0.307818 0.43589 0.657046
0.939693 0.34202 1.49012e-08 0.671281
0 0 1 0.7133
0.0866025 0.05 0.994987 0.715205
0.173205 0.1 0.979796 0.71577
0.259808 0.15 0.953939 0.704403
0.34641 0.2 0.916515 0.683667
0.433013 0.25 0.866025 0.68374
0.519615 0.3 0.8 0.697746
0.606218 0.35 0.714143 0.695891
0.69282 0.4 0.6 0.664486
0.779423 0.45 0.43589 0.657104
0.866025 0.5 1.49012e-08 0.671281
0 0 1 0.7133
0.0766044 0.0642788 0.994987 0.716149
0.153209 0.128558 0.979796 0.715347
0.229813 0.192836 0.953939 0.700691
0.306418 0.257115 0.916515 0.678348
0.383022 0.321394 0.866025 0.68383
0.459627 0.385673 0.8 0.70885
0.536231 0.449951 0.714143 0.708027
0.612836 0.51423 0.6 0.701939
0.68944 0.578509 0.43589 0.678779
0.766044 0.642788 1.49012e-08 0.671281
0 0 1 0.7133
0.0642788 0.0766044 0.994987 0.716625
0.128558 0.153209 0.979796 0.713888
0.192836 0.229813 0.953939 0.700086
0.257115 0.306418 0.916515 0.680978
0.321394 0.383022 0.866025 0.689721
0.385673 0.459627 0.8 0.709636
0.449951 0.536231 0.714143 0.710415
0.51423 0.612836 0.6 0.704126
0.578509 0.68944 0.43589 0.683353
0.642788 0.766044 1.49012e-08 0.671281
0 0 1 0.7133
0.05 0.0866025 0.994987 0.716861
0.1 0.173205 0.979796 0.71245
0.15 0.259808 0.953939 0.701263
0.2 0.34641 0.916515 0.680453
0.25 0.433013 0.866025 0.682272
0.3 0.519615 0.8 0.702347
0.35 0.606218 0.714143 0.707497
0.4 0.69282 0.6 0.684959
0.45 0.779423 0.43589 0.69082
0.5 0.866025 1.49012e-08 0.671281
0 0 1 0.7133
0.034202 0.0939693 0.994987 0.716975
0.068404 0.187939 0.979796 0.712266
0.102606 0.281908 0.953939 0.700687
0.136808 0.375877 0.916515 0.670768
0.17101 0.469846 0.866025 0.664727
0.205212 0.563816 0.8 0.685603
0.239414 0.657785 0.714143 0.695193
0.273616 0.751754 0.6 0.677149
0.307818 0.845723 0.43589 0.699683
0.34202 0.939693 1.49012e-08 0.671281
0 0 1 0.7133
0.0173648 0.0984808 0.994987 0.716985
0.0347296 0.196962 0.979796 0.712558
0.0520945 0.295442 0.953939 0.699173
0.0694593 0.393923 0.916515 0.662647
0.0868241 0.492404 0.866025 0.636463
0.104189 0.590885 0.8 0.661049
0.121554 0.689365 0.714143 0.684563
0.138919 0.787846 0.6 0.695372
0.156283 0.886327 0.43589 0.704638
0.173648 0.984808 1.49012e-08 0.671281
0 0 1 0.7133
6.12323e-18 0.1 0.994987 0.716765
1.22465e-17 0.2 0.979796 0.711703
1.83697e-17 0.3 0.953939 0.697541
2.44929e-17 0.4 0.916515 0.662427
3.06162e-17 0.5 0.866025 0.616789
3.67394e-17 0.6 0.8 0.642902
4.28626e-17 0.7 0.714143 0.681526
4.89859e-17 0.8 0.6 0.70808
5.51091e-17 0.9 0.43589 0.707127
6.12323e-17 1 1.49012e-08 0.671281
-0 0 1 0.7133
-0.0173648 0.0984808 0.994987 0.716262
-0.0347296 0.196962 0.979796 0.712049
-0.0520945 0.295442 0.953939 0.69583
-0.0694593 0.393923 0.916515 0.667985
-0.0868241 0.492404 0.866025 0.632834
-0.104189 0.590885 0.8 0.62802
-0.121554 0.689365 0.714143 0.681065
-0.138919 0.787846 0.6 0.71083
-0.156283 0.886327 0.43589 0.707923
-0.173648 0.984808 1.49012e-08 0.671281
-0 0 1 0.7133
-0.034202 0.0939693 0.994987 0.716252
-0.068404 0.187939 0.979796 0.712276
-0.102606 0.281908 0.953939 0.694359
-0.136808 0.375877 0.916515 0.671623
-0.17101 0.469846 0.866025 0.656022
-0.205212 0.563816 0.8 0.635039
-0.239414 0.657785 0.714143 0.675779
-0.273616 0.751754 0.6 0.709581
-0.307818 0.845723 0.43589 0.706922
-0.34202 0.939693 1.49012e-08 0.671281
-0 0 1 0.7133
-0.05 0.0866025 0.994987 0.716788
-0.1 0.173205 0.979796 0.711377
-0.15 0.259808 0.953939 0.69356
-0.2 0.34641 0.916515 0.671602
-0.25 0.433013 0.866025 0.68122
-0.3 0.519615 0.8 0.67443
-0.35 0.606218 0.714143 0.675166
-0.4 0.69282 0.6 0.700636
-0.45 0.779423 0.43589 0.706577
-0.5 0.866025 1.49012e-08 0.671281
-0 0 1 0.7133
-0.0642788 0.0766044 0.994987 0.717012
-0.128558 0.153209 0.979796 0.708837
-0.192836 0.229813 0.953939 0.694344
-0.257115 0.306418 0.916515 0.685265
-0.321394 0.383022 0.866025 0.698578
-0.385673 0.459627 0.8 0.702384
-0.449951 0.536231 0.714143 0.688437
-0.51423 0.612836 0.6 0.6727
-0.578509 0.68944 0.43589 0.702369
-0.642788 0.766044 1.49012e-08 0.671281
-0 0 1 0.7133
-0.0766044 0.0642788 0.994987 0.716873
-0.153209 0.128558 0.979796 0.704987
-0.229813 0.192836 0.953939 0.692397
-0.306418 0.257115 0.916515 0.694965
-0.383022 0.321394 0.866025 0.710482
-0.459627 0.385673 0.8 0.713848
-0.536231 0.449951 0.714143 0.71014
-0.612836 0.51423 0.6 0.684733
-0.68944 0.578509 0.43589 0.685781
-0.766044 0.642788 1.49012e-08 0.671281
-0 0 1 0.7133
-0.0866025 0.05 0.994987 0.71649
-0.173205 0.1 0.979796 0.703601
-0.259808 0.15 0.953939 0.689062
-0.34641 0.2 0.916515 0.687674
-0.433013 0.25 0.866025 0.712755
-0.519615 0.3 0.8 0.716468
-0.606218 0.35 0.714143 0.716693
-0.69282 0.4 0.6 0.70646
-0.779423 0.45 0.43589 0.662296
-0.866025 0.5 1.49012e-08 0.671281
-0 0 1 0.7133
-0.0939693 0.034202 0.994987 0.715896
-0.187939 0.068404 0.979796 0.70576
-0.281908 0.102606 0.953939 0.694762
-0.375877 0.136808 0.916515 0.697393
-0.469846 0.17101 0.866025 0.710857
-0.563816 0.205212 0.8 0.713132
-0.657785 0.239414 0.714143 0.690552
-0.751754 0.273616 0.6 0.695182
-0.845723 0.307818 0.43589 0.658549
-0.939693 0.34202 1.49012e-08 0.671281
-0 0 1 0.7133
-0.0984808 0.0173648 0.994987 0.71516
-0.196962 0.0347296 0.979796 0.706866
-0.295442 0.0520945 0.953939 0.694357
-0.393923 0.0694593 0.916515 0.690987
-0.492404 0.0868241 0.866025 0.697527
-0.590885 0.104189 0.8 0.698957
-0.689365 0.121554 0.714143 0.68794
-0.787846 0.138919 0.6 0.67848
-0.886327 0.156283 0.43589 0.700417
-0.984808 0.173648 1.49012e-08 0.671281
-0 0 1 0.7133
-0.1 1.22465e-17 0.994987 0.714166
-0.2 2.44929e-17 0.979796 0.705503
-0.3 3.67394e-17 0.953939 0.690813
-0.4 4.89859e-17 0.916515 0.683576
-0.5 6.12323e-17 0.866025 0.681834
-0.6 7.34788e-17 0.8 0.68362
-0.7 8.57253e-17 0.714143 0.689796
-0.8 9.79717e-17 0.6 0.710496
-0.9 1.10218e-16 0.43589 0.713373
-1 1.22465e-16 1.49012e-08 0.671281
-0 -0 1 0.7133
-0.0984808 -0.0173648 0.994987 0.713254
-0.196962 -0.0347296 0.979796 0.702788
-0.295442 -0.0520945 0.953939 0.688157
-0.393923 -0.0694593 0.916515 0.673427
-0.492404 -0.0868241 0.866025 0.653782
-0.590885 -0.104189 0.8 0.648343
-0.689365 -0.121554 0.714143 0.667419
-0.787846 -0.138919 0.6 0.689759
-0.886327 -0.156283 0.43589 0.69181
-0.984808 -0.173648 1.49012e-08 0.671281
-0 -0 1 0.7133
-0.0939693 -0.034202 0.994987 0.712121
-0.187939 -0.068404 0.979796 0.699895
-0.281908 -0.102606 0.953939 0.68325
-0.375877 -0.136808 0.916515 0.659472
-0.469846 -0.17101 0.866025 0.607062
-0.563816 -0.205212 0.8 0.570961
-0.657785 -0.239414 0.714143 0.653622
-0.751754 -0.273616 0.6 0.694211
-0.845723 -0.307818 0.43589 0.701452
-0.939693 -0.34202 1.49012e-08 0.671281
-0 -0 1 0.7133
-0.0866025 -0.05 0.994987 0.710719
-0.173205 -0.1 0.979796 0.69786
-0.259808 -0.15 0.953939 0.682069
-0.34641 -0.2 0.916515 0.652444
-0.433013 -0.25 0.866025 0.578926
-0.519615 -0.3 0.8 0.606372
-0.606218 -0.35 0.714143 0.665792
-0.69282 -0.4 0.6 0.693279
-0.779423 -0.45 0.43589 0.664395
-0.866025 -0.5 1.49012e-08 0.671281
-0 -0 1 0.7133
-0.0766044 -0.0642788 0.994987 0.70916
-0.153209 -0.128558 0.979796 0.695773
-0.229813 -0.192836 0.953939 0.683767
-0.306418 -0.257115 0.916515 0.661087
-0.383022 -0.321394 0.866025 0.6303
-0.459627 -0.385673 0.8 0.652179
-0.536231 -0.449951 0.714143 0.684412
-0.612836 -0.51423 0.6 0.703312
-0.68944 -0.578509 0.43589 0.693557
-0.766044 -0.642788 1.49012e-08 0.671281
-0 -0 1 0.7133
-0.0642788 -0.0766044 0.994987 0.707396
-0.128558 -0.153209 0.979796 0.692204
-0.192836 -0.229813 0.953939 0.685761
-0.257115 -0.306418 0.916515 0.673516
-0.321394 -0.383022 0.866025 0.666407
-0.385673 -0.459627 0.8 0.678726
-0.449951 -0.536231 0.714143 0.70052
-0.51423 -0.612836 0.6 0.712096
-0.578509 -0.68944 0.43589 0.705741
-0.642788 -0.766044 1.49012e-08 0.671281
-0 -0 1 0.7133
-0.05 -0.0866025 0.994987 0.705443
-0.1 -0.173205 0.979796 0.690137
-0.15 -0.259808 0.953939 0.687089
-0.2 -0.34641 0.916515 0.68674
-0.25 -0.433013 0.866025 0.68767
-0.3 -0.519615 0.8 0.687089
-0.35 -0.606218 0.714143 0.696714
-0.4 -0.69282 0.6 0.711743
-0.45 -0.779423 0.43589 0.69856
-0.5 -0.866025 1.49012e-08 0.671281
-0 -0 1 0.7133
-0.034202 -0.0939693 0.994987 0.703279
-0.068404 -0.187939 0.979796 0.688066
-0.102606 -0.281908 0.953939 0.689894
-0.136808 -0.375877 0.916515 0.698456
-0.17101 -0.469846 0.866025 0.701222
-0.205212 -0.563816 0.8 0.689652
-0.239414 -0.657785 0.714143 0.685042
-0.273616 -0.751754 0.6 0.70313
-0.307818 -0.845723 0.43589 0.682735
-0.34202 -0.939693 1.49012e-08 0.671281
-0 -0 1 0.7133
-0.0173648 -0.0984808 0.994987 0.700929
-0.0347296 -0.196962 0.979796 0.686753
-0.0520945 -0.295442 0.953939 0.69306
-0.0694593 -0.393923 0.916515 0.706211
-0.0868241 -0.492404 0.866025 0.709085
-0.104189 -0.590885 0.8 0.68427
-0.121554 -0.689365 0.714143 0.686644
-0.138919 -0.787846 0.6 0.685482
-0.156283 -0.886327 0.43589 0.659771
-0.173648 -0.984808 1.49012e-08 0.671281
-0 -0 1 0.7133
-1.83697e-17 -0.1 0.994987 0.698141
-3.67394e-17 -0.2 0.979796 0.686855
-5.51091e-17 -0.3 0.953939 0.690861
-7.34788e-17 -0.4 0.916515 0.710035
-9.18485e-17 -0.5 0.866025 0.714812
-1.10218e-16 -0.6 0.8 0.702358
-1.28588e-16 -0.7 0.714143 0.686981
-1.46958e-16 -0.8 0.6 0.655617
-1.65327e-16 -0.9 0.43589 0.630818
-1.83697e-16 -1 1.49012e-08 0.671281
0 -0 1 0.7133
0.0173648 -0.0984808 0.994987 0.694871
0.0347296 -0.196962 0.979796 0.685623
0.0520945 -0.295442 0.953939 0.680932
0.0694593 -0.393923 0.916515 0.708914
0.0868241 -0.492404 0.866025 0.713428
0.104189 -0.590885 0.8 0.708687
0.121554 -0.689365 0.714143 0.684287
0.138919 -0.787846 0.6 0.618737
0.156283 -0.886327 0.43589 0.608696
0.173648 -0.984808 1.49012e-08 0.671281
0 -0 1 0.7133
0.034202 -0.0939693 0.994987 0.691222
0.068404 -0.187939 0.979796 0.683398
0.102606 -0.281908 0.953939 0.672921
0.136808 -0.375877 0.916515 0.705476
0.17101 -0.469846 0.866025 0.711996
0.205212 -0.563816 0.8 0.707847
0.239414 -0.657785 0.714143 0.677634
0.273616 -0.751754 0.6 0.599551
0.307818 -0.845723 0.43589 0.609313
0.34202 -0.939693 1.49012e-08 0.671281
0 -0 1 0.7133
0.05 -0.0866025 0.994987 0.687932
0.1 -0.173205 0.979796 0.681292
0.15 -0.259808 0.953939 0.682862
0.2 -0.34641 0.916515 0.703602
0.25 -0.433013 0.866025 0.711815
0.3 -0.519615 0.8 0.701945
0.35 -0.606218 0.714143 0.668061
0.4 -0.69282 0.6 0.587695
0.45 -0.779423 0.43589 0.61967
0.5 -0.866025 1.49012e-08 0.671281
0 -0 1 0.7133
0.0642788 -0.0766044 0.994987 0.687445
0.128558 -0.153209 0.979796 0.678846
0.192836 -0.229813 0.953939 0.687019
0.257115 -0.306418 0.916515 0.702847
0.321394 -0.383022 0.866025 0.707143
0.385673 -0.459627 0.8 0.68769
0.449951 -0.536231 0.714143 0.654212
0.51423 -0.612836 0.6 0.624424
0.578509 -0.68944 0.43589 0.642787
0.642788 -0.766044 1.49012e-08 0.671281
0 -0 1 0.7133
0.0766044 -0.0642788 0.994987 0.691106
0.153209 -0.128558 0.979796 0.679395
0.229813 -0.192836 0.953939 0.681995
0.306418 -0.257115 0.916515 0.696543
0.383022 -0.321394 0.866025 0.697086
0.459627 -0.385673 0.8 0.672873
0.536231 -0.449951 0.714143 0.633255
0.612836 -0.51423 0.6 0.667522
0.68944 -0.578509 0.43589 0.672281
0.766044 -0.642788 1.49012e-08 0.671281
0 -0 1 0.7133
0.0866025 -0.05 0.994987 0.696332
0.173205 -0.1 0.979796 0.688526
0.259808 -0.15 0.953939 0.683216
0.34641 -0.2 0.916515 0.686192
0.433013 -0.25 0.866025 0.679209
0.519615 -0.3 0.8 0.654402
0.606218 -0.35 0.714143 0.647921
0.69282 -0.4 0.6 0.681472
0.779423 -0.45 0.43589 0.685017
0.866025 -0.5 1.49012e-08 0.671281
0 -0 1 0.7133
0.0939693 -0.034202 0.994987 0.701425
0.187939 -0.068404 0.979796 0.697681
0.281908 -0.102606 0.953939 0.690389
0.375877 -0.136808 0.916515 0.677236
0.469846 -0.17101 0.866025 0.651748
0.563816 -0.205212 0.8 0.607906
0.657785 -0.239414 0.714143 0.619704
0.751754 -0.273616 0.6 0.670189
0.845723 -0.307818 0.43589 0.671799
0.939693 -0.34202 1.49012e-08 0.671281
0 -0 1 0.7133
0.0984808 -0.0173648 0.994987 0.705762
0.196962 -0.0347296 0.979796 0.704864
0.295442 -0.0520945 0.953939 0.697516
0.393923 -0.0694593 0.916515 0.675184
0.492404 -0.0868241 0.866025 0.629489
0.590885 -0.104189 0.8 0.565069
0.689365 -0.121554 0.714143 0.568631
0.787846 -0.138919 0.6 0.647825
0.886327 -0.156283 0.43589 0.648164
0.984808 -0.173648 1.49012e-08 0.671281
0 -0 1 0.7133
0.1 -2.44929e-17 0.994987 0.709116
0.2 -4.89859e-17 0.979796 0.709712
0.3 -7.34788e-17 0.953939 0.702617
0.4 -9.79717e-17 0.916515 0.682311
0.5 -1.22465e-16 0.866025 0.640816
0.6 -1.46958e-16 0.8 0.572338
0.7 -1.71451e-16 0.714143 0.554226
0.8 -1.95943e-16 0.6 0.650691
0.9 -2.20436e-16 0.43589 0.673901
1 -2.44929e-16 1.49012e-08 0.671281
