0 0 1 0.704189
0.1 0 0.994987 0.715911
0.2 0 0.979796 0.716094
0.3 0 0.953939 0.708611
0.4 0 0.916515 0.694139
0.5 0 0.866025 0.649369
0.6 0 0.8 0.583641
0.7 0 0.714143 0.632323
0.8 0 0.6 0.696931
0.9 0 0.43589 0.699089
1 0 1.49012e-08 0.709259
0 0 1 0.704189
0.0984808 0.0173648 0.994987 0.716681
0.196962 0.0347296 0.979796 0.713698
0.295442 0.0520945 0.953939 0.705191
0.393923 0.0694593 0.916515 0.699472
0.492404 0.0868241 0.866025 0.678749
0.590885 0.104189 0.8 0.651473
0.689365 0.121554 0.714143 0.632194
0.787846 0.138919 0.6 0.65983
0.886327 0.156283 0.43589 0.680033
0.984808 0.173648 1.49012e-08 0.709259
0 0 1 0.704189
0.0939693 0.034202 0.994987 0.716916
0.187939 0.068404 0.979796 0.710348
0.281908 0.102606 0.953939 0.699942
0.375877 0.136808 0.916515 0.703626
0.469846 0.17101 0.866025 0.702579
0.563816 0.205212 0.8 0.696135
0.657785 0.239414 0.714143 0.679198
0.751754 0.273616 0.6 0.646287
0.845723 0.307818 0.43589 0.625764
0.939693 0.34202 1.49012e-08 0.709259
0 0 1 0.704189
0.0866025 0.05 0.994987 0.716795
0.173205 0.1 0.979796 0.708976
0.259808 0.15 0.953939 0.695317
0.34641 0.2 0.916515 0.704331
0.433013 0.25 0.866025 0.71327
0.519615 0.3 0.8 0.71463
0.606218 0.35 0.714143 0.713302
0.69282 0.4 0.6 0.700558
0.779423 0.45 0.43589 0.666692
0.866025 0.5 1.49012e-08 0.709259
0 0 1 0.704189
0.0766044 0.0642788 0.994987 0.716391
0.153209 0.128558 0.979796 0.710023
0.229813 0.192836 0.953939 0.700328
0.306418 0.257115 0.916515 0.705408
0.383022 0.321394 0.866025 0.716007
0.459627 0.385673 0.8 0.718376
0.536231 0.449951 0.714143 0.716962
0.612836 0.51423 0.6 0.704758
0.68944 0.578509 0.43589 0.691682
0.766044 0.642788 1.49012e-08 0.709259
0 0 1 0.704189
0.0642788 0.0766044 0.994987 0.715624
0.128558 0.153209 0.979796 0.711893
0.192836 0.229813 0.953939 0.702426
0.257115 0.306418 0.916515 0.708471
0.321394 0.383022 0.866025 0.716437
0.385673 0.459627 0.8 0.717562
0.449951 0.536231 0.714143 0.702829
0.51423 0.612836 0.6 0.687776
0.578509 0.68944 0.43589 0.708658
0.642788 0.766044 1.49012e-08 0.709259
0 0 1 0.704189
0.05 0.0866025 0.994987 0.714434
0.1 0.173205 0.979796 0.712564
0.15 0.259808 0.953939 0.704507
0.2 0.34641 0.916515 0.701417
0.25 0.433013 0.866025 0.707826
0.3 0.519615 0.8 0.708341
0.35 0.606218 0.714143 0.685304
0.4 0.69282 0.6 0.694929
0.45 0.779423 0.43589 0.71469
0.5 0.866025 1.49012e-08 0.709259
0 0 1 0.704189
0.034202 0.0939693 0.994987 0.712779
0.068404 0.187939 0.979796 0.7115
0.102606 0.281908 0.953939 0.704703
0.136808 0.375877 0.916515 0.688076
0.17101 0.469846 0.866025 0.692343
0.205212 0.563816 0.8 0.695983
0.239414 0.657785 0.714143 0.694942
0.273616 0.751754 0.6 0.705893
0.307818 0.845723 0.43589 0.715399
0.34202 0.939693 1.49012e-08 0.709259
0 0 1 0.704189
0.0173648 0.0984808 0.994987 0.710623
0.0347296 0.196962 0.979796 0.709479
0.0520945 0.295442 0.953939 0.702464
0.0694593 0.393923 0.916515 0.687697
0.0868241 0.492404 0.866025 0.671639
0.104189 0.590885 0.8 0.679862
0.121554 0.689365 0.714143 0.700402
0.138919 0.787846 0.6 0.719172
0.156283 0.886327 0.43589 0.715498
0.173648 0.984808 1.49012e-08 0.709259
0 0 1 0.704189
6.12323e-18 0.1 0.994987 0.707964
1.22465e-17 0.2 0.979796 0.705676
1.83697e-17 0.3 0.953939 0.696532
2.44929e-17 0.4 0.916515 0.680873
3.06162e-17 0.5 0.866025 0.669512
3.67394e-17 0.6 0.8 0.657339
4.28626e-17 0.7 0.714143 0.701591
4.89859e-17 0.8 0.6 0.719477
5.51091e-17 0.9 0.43589 0.714096
6.12323e-17 1 1.49012e-08 0.709259
-0 0 1 0.704189
-0.0173648 0.0984808 0.994987 0.706392
-0.0347296 0.196962 0.979796 0.700298
-0.0520945 0.295442 0.953939 0.687657
-0.0694593 0.393923 0.916515 0.671525
-0.0868241 0.492404 0.866025 0.662425
-0.104189 0.590885 0.8 0.678591
-0.121554 0.689365 0.714143 0.70336
-0.138919 0.787846 0.6 0.715853
-0.156283 0.886327 0.43589 0.711981
-0.173648 0.984808 1.49012e-08 0.709259
-0 0 1 0.704189
-0.034202 0.0939693 0.994987 0.705184
-0.068404 0.187939 0.979796 0.693665
-0.102606 0.281908 0.953939 0.675373
-0.136808 0.375877 0.916515 0.659815
-0.17101 0.469846 0.866025 0.668278
-0.205212 0.563816 0.8 0.693282
-0.239414 0.657785 0.714143 0.711825
-0.273616 0.751754 0.6 0.719837
-0.307818 0.845723 0.43589 0.711634
-0.34202 0.939693 1.49012e-08 0.709259
-0 0 1 0.704189
-0.05 0.0866025 0.994987 0.704009
-0.1 0.173205 0.979796 0.690017
-0.15 0.259808 0.953939 0.664818
-0.2 0.34641 0.916515 0.636486
-0.25 0.433013 0.866025 0.667986
-0.3 0.519615 0.8 0.694961
-0.35 0.606218 0.714143 0.71085
-0.4 0.69282 0.6 0.719926
-0.45 0.779423 0.43589 0.717
-0.5 0.866025 1.49012e-08 0.709259
-0 0 1 0.704189
-0.0642788 0.0766044 0.994987 0.703325
-0.128558 0.153209 0.979796 0.693359
-0.192836 0.229813 0.953939 0.668613
-0.257115 0.306418 0.916515 0.642807
-0.321394 0.383022 0.866025 0.661302
-0.385673 0.459627 0.8 0.687208
-0.449951 0.536231 0.714143 0.695955
-0.51423 0.612836 0.6 0.715053
-0.578509 0.68944 0.43589 0.718838
-0.642788 0.766044 1.49012e-08 0.709259
-0 0 1 0.704189
-0.0766044 0.0642788 0.994987 0.703782
-0.153209 0.128558 0.979796 0.699041
-0.229813 0.192836 0.953939 0.682012
-0.306418 0.257115 0.916515 0.669513
-0.383022 0.321394 0.866025 0.685234
-0.459627 0.385673 0.8 0.702373
-0.536231 0.449951 0.714143 0.695918
-0.612836 0.51423 0.6 0.67899
-0.68944 0.578509 0.43589 0.713012
-0.766044 0.642788 1.49012e-08 0.709259
-0 0 1 0.704189
-0.0866025 0.05 0.994987 0.705362
-0.173205 0.1 0.979796 0.705982
-0.259808 0.15 0.953939 0.694461
-0.34641 0.2 0.916515 0.686748
-0.433013 0.25 0.866025 0.699167
-0.519615 0.3 0.8 0.715665
-0.606218 0.35 0.714143 0.71942
-0.69282 0.4 0.6 0.712698
-0.779423 0.45 0.43589 0.686124
-0.866025 0.5 1.49012e-08 0.709259
-0 0 1 0.704189
-0.0939693 0.034202 0.994987 0.707218
-0.187939 0.068404 0.979796 0.711766
-0.281908 0.102606 0.953939 0.702569
-0.375877 0.136808 0.916515 0.686148
-0.469846 0.17101 0.866025 0.694141
-0.563816 0.205212 0.8 0.714837
-0.657785 0.239414 0.714143 0.723141
-0.751754 0.273616 0.6 0.714632
-0.845723 0.307818 0.43589 0.709063
-0.939693 0.34202 1.49012e-08 0.709259
-0 0 1 0.704189
-0.0984808 0.0173648 0.994987 0.708703
-0.196962 0.0347296 0.979796 0.715619
-0.295442 0.0520945 0.953939 0.707801
-0.393923 0.0694593 0.916515 0.681686
-0.492404 0.0868241 0.866025 0.692133
-0.590885 0.104189 0.8 0.704698
-0.689365 0.121554 0.714143 0.713021
-0.787846 0.138919 0.6 0.709608
-0.886327 0.156283 0.43589 0.706123
-0.984808 0.173648 1.49012e-08 0.709259
-0 0 1 0.704189
-0.1 1.22465e-17 0.994987 0.709622
-0.2 2.44929e-17 0.979796 0.717761
-0.3 3.67394e-17 0.953939 0.713146
-0.4 4.89859e-17 0.916515 0.698254
-0.5 6.12323e-17 0.866025 0.680496
-0.6 7.34788e-17 0.8 0.668391
-0.7 8.57253e-17 0.714143 0.682229
-0.8 9.79717e-17 0.6 0.704821
-0.9 1.10218e-16 0.43589 0.71943
-1 1.22465e-16 1.49012e-08 0.709259
-0 -0 1 0.704189
-0.0984808 -0.0173648 0.994987 0.710319
-0.196962 -0.0347296 0.979796 0.718957
-0.295442 -0.0520945 0.953939 0.716413
-0.393923 -0.0694593 0.916515 0.701611
-0.492404 -0.0868241 0.866025 0.66494
-0.590885 -0.104189 0.8 0.642179
-0.689365 -0.121554 0.714143 0.669745
-0.787846 -0.138919 0.6 0.676727
-0.886327 -0.156283 0.43589 0.705007
-0.984808 -0.173648 1.49012e-08 0.709259
-0 -0 1 0.704189
-0.0939693 -0.034202 0.994987 0.710184
-0.187939 -0.068404 0.979796 0.719889
-0.281908 -0.102606 0.953939 0.716759
-0.375877 -0.136808 0.916515 0.700809
-0.469846 -0.17101 0.866025 0.677373
-0.563816 -0.205212 0.8 0.679073
-0.657785 -0.239414 0.714143 0.681905
-0.751754 -0.273616 0.6 0.682802
-0.845723 -0.307818 0.43589 0.697752
-0.939693 -0.34202 1.49012e-08 0.709259
-0 -0 1 0.704189
-0.0866025 -0.05 0.994987 0.709403
-0.173205 -0.1 0.979796 0.719239
-0.259808 -0.15 0.953939 0.71382
-0.34641 -0.2 0.916515 0.700034
-0.433013 -0.25 0.866025 0.701357
-0.519615 -0.3 0.8 0.705144
-0.606218 -0.35 0.714143 0.697664
-0.69282 -0.4 0.6 0.715917
-0.779423 -0.45 0.43589 0.718252
-0.866025 -0.5 1.49012e-08 0.709259
-0 -0 1 0.704189
-0.0766044 -0.0642788 0.994987 0.708058
-0.153209 -0.128558 0.979796 0.717442
-0.229813 -0.192836 0.953939 0.707749
-0.306418 -0.257115 0.916515 0.704382
-0.383022 -0.321394 0.866025 0.713099
-0.459627 -0.385673 0.8 0.709509
-0.536231 -0.449951 0.714143 0.711121
-0.612836 -0.51423 0.6 0.718767
-0.68944 -0.578509 0.43589 0.703713
-0.766044 -0.642788 1.49012e-08 0.709259
-0 -0 1 0.704189
-0.0642788 -0.0766044 0.994987 0.706397
-0.128558 -0.153209 0.979796 0.715372
-0.192836 -0.229813 0.953939 0.698975
-0.257115 -0.306418 0.916515 0.708
-0.321394 -0.383022 0.866025 0.715959
-0.385673 -0.459627 0.8 0.692776
-0.449951 -0.536231 0.714143 0.706995
-0.51423 -0.612836 0.6 0.711506
-0.578509 -0.68944 0.43589 0.664224
-0.642788 -0.766044 1.49012e-08 0.709259
-0 -0 1 0.704189
-0.05 -0.0866025 0.994987 0.704623
-0.1 -0.173205 0.979796 0.71362
-0.15 -0.259808 0.953939 0.696623
-0.2 -0.34641 0.916515 0.709541
-0.25 -0.433013 0.866025 0.71703
-0.3 -0.519615 0.8 0.701743
-0.35 -0.606218 0.714143 0.704966
-0.4 -0.69282 0.6 0.68693
-0.45 -0.779423 0.43589 0.632469
-0.5 -0.866025 1.49012e-08 0.709259
-0 -0 1 0.704189
-0.034202 -0.0939693 0.994987 0.702746
-0.068404 -0.187939 0.979796 0.711721
-0.102606 -0.281908 0.953939 0.698701
-0.136808 -0.375877 0.916515 0.708132
-0.17101 -0.469846 0.866025 0.715994
-0.205212 -0.563816 0.8 0.708281
-0.239414 -0.657785 0.714143 0.689299
-0.273616 -0.751754 0.6 0.64234
-0.307818 -0.845723 0.43589 0.640939
-0.34202 -0.939693 1.49012e-08 0.709259
-0 -0 1 0.704189
-0.0173648 -0.0984808 0.994987 0.700612
-0.0347296 -0.196962 0.979796 0.709984
-0.0520945 -0.295442 0.953939 0.702966
-0.0694593 -0.393923 0.916515 0.705919
-0.0868241 -0.492404 0.866025 0.712167
-0.104189 -0.590885 0.8 0.703214
-0.121554 -0.689365 0.714143 0.661057
-0.138919 -0.787846 0.6 0.586202
-0.156283 -0.886327 0.43589 0.659528
-0.173648 -0.984808 1.49012e-08 0.709259
-0 -0 1 0.704189
-1.83697e-17 -0.1 0.994987 0.698177
-3.67394e-17 -0.2 0.979796 0.707784
-5.51091e-17 -0.3 0.953939 0.709116
-7.34788e-17 -0.4 0.916515 0.703021
-9.18485e-17 -0.5 0.866025 0.708012
-1.10218e-16 -0.6 0.8 0.69161
-1.28588e-16 -0.7 0.714143 0.634321
-1.46958e-16 -0.8 0.6 0.54784
-1.65327e-16 -0.9 0.43589 0.674227
-1.83697e-16 -1 1.49012e-08 0.709259
0 -0 1 0.704189
0.0173648 -0.0984808 0.994987 0.696096
0.0347296 -0.196962 0.979796 0.70352
0.0520945 -0.295442 0.953939 0.712164
0.0694593 -0.393923 0.916515 0.70552
0.0868241 -0.492404 0.866025 0.69864
0.104189 -0.590885 0.8 0.675483
0.121554 -0.689365 0.714143 0.622993
0.138919 -0.787846 0.6 0.573095
0.156283 -0.886327 0.43589 0.684613
0.173648 -0.984808 1.49012e-08 0.709259
0 -0 1 0.704189
0.034202 -0.0939693 0.994987 0.696345
0.068404 -0.187939 0.979796 0.697408
0.102606 -0.281908 0.953939 0.710523
0.136808 -0.375877 0.916515 0.704496
0.17101 -0.469846 0.866025 0.682641
0.205212 -0.563816 0.8 0.651437
0.239414 -0.657785 0.714143 0.626064
0.273616 -0.751754 0.6 0.632119
0.307818 -0.845723 0.43589 0.691621
0.34202 -0.939693 1.49012e-08 0.709259
0 -0 1 0.704189
0.05 -0.0866025 0.994987 0.699198
0.1 -0.173205 0.979796 0.695182
0.15 -0.259808 0.953939 0.705638
0.2 -0.34641 0.916515 0.698142
0.25 -0.433013 0.866025 0.662577
0.3 -0.519615 0.8 0.618324
0.35 -0.606218 0.714143 0.634772
0.4 -0.69282 0.6 0.668774
0.45 -0.779423 0.43589 0.692554
0.5 -0.866025 1.49012e-08 0.709259
0 -0 1 0.704189
0.0642788 -0.0766044 0.994987 0.702845
0.128558 -0.153209 0.979796 0.701727
0.192836 -0.229813 0.953939 0.703417
0.257115 -0.306418 0.916515 0.692125
0.321394 -0.383022 0.866025 0.646896
0.385673 -0.459627 0.8 0.574129
0.449951 -0.536231 0.714143 0.632904
0.51423 -0.612836 0.6 0.679735
0.578509 -0.68944 0.43589 0.692416
0.642788 -0.766044 1.49012e-08 0.709259
0 -0 1 0.704189
0.0766044 -0.0642788 0.994987 0.706541
0.153209 -0.128558 0.979796 0.708735
0.229813 -0.192836 0.953939 0.707737
0.306418 -0.257115 0.916515 0.691001
0.383022 -0.321394 0.866025 0.64444
0.459627 -0.385673 0.8 0.599
0.536231 -0.449951 0.714143 0.641805
0.612836 -0.51423 0.6 0.673302
0.68944 -0.578509 0.43589 0.685225
0.766044 -0.642788 1.49012e-08 0.709259
0 -0 1 0.704189
0.0866025 -0.05 0.994987 0.709764
0.173205 -0.1 0.979796 0.713406
0.259808 -0.15 0.953939 0.708315
0.34641 -0.2 0.916515 0.691789
0.433013 -0.25 0.866025 0.651547
0.519615 -0.3 0.8 0.624932
0.606218 -0.35 0.714143 0.660191
0.69282 -0.4 0.6 0.670886
0.779423 -0.45 0.43589 0.668117
0.866025 -0.5 1.49012e-08 0.709259
0 -0 1 0.704189
0.0939693 -0.034202 0.994987 0.712275
0.187939 -0.068404 0.979796 0.715798
0.281908 -0.102606 0.953939 0.708365
0.375877 -0.136808 0.916515 0.691968
0.469846 -0.17101 0.866025 0.646993
0.563816 -0.205212 0.8 0.611952
0.657785 -0.239414 0.714143 0.66112
0.751754 -0.273616 0.6 0.687003
0.845723 -0.307818 0.43589 0.672462
0.939693 -0.34202 1.49012e-08 0.709259
0 -0 1 0.704189
0.0984808 -0.0173648 0.994987 0.714469
0.196962 -0.0347296 0.979796 0.716693
0.295442 -0.0520945 0.953939 0.710619
0.393923 -0.0694593 0.916515 0.692195
0.492404 -0.0868241 0.866025 0.636575
0.590885 -0.104189 0.8 0.536668
0.689365 -0.121554 0.714143 0.632786
0.787846 -0.138919 0.6 0.691081
0.886327 -0.156283 0.43589 0.674484
0.984808 -0.173648 1.49012e-08 0.709259
0 -0 1 0.704189
0.1 -2.44929e-17 0.994987 0.715911
0.2 -4.89859e-17 0.979796 0.716094
0.3 -7.34788e-17 0.953939 0.708611
0.4 -9.79717e-17 0.916515 0.694139
0.5 -1.22465e-16 0.866025 0.649369
0.6 -1.46958e-16 0.8 0.583641
0.7 -1.71451e-16 0.714143 0.632323
0.8 -1.95943e-16 0.6 0.696931
0.9 -2.20436e-16 0.43589 0.699089
1 -2.44929e-16 1.49012e-08 0.709259
