0 0 1 0.701946
0.1 0 0.994987 0.700528
0.2 0 0.979796 0.701957
0.3 0 0.953939 0.691582
0.4 0 0.916515 0.702958
0.5 0 0.866025 0.691773
0.6 0 0.8 0.676377
0.7 0 0.714143 0.653
0.8 0 0.6 0.660547
0.9 0 0.43589 0.709084
1 0 1.49012e-08 0.699056
0 0 1 0.701946
0.0984808 0.0173648 0.994987 0.700041
0.196962 0.0347296 0.979796 0.70316
0.295442 0.0520945 0.953939 0.690301
0.393923 0.0694593 0.916515 0.708081
0.492404 0.0868241 0.866025 0.707648
0.590885 0.104189 0.8 0.703416
0.689365 0.121554 0.714143 0.685705
0.787846 0.138919 0.6 0.659345
0.886327 0.156283 0.43589 0.67371
0.984808 0.173648 1.49012e-08 0.699056
0 0 1 0.701946
0.0939693 0.034202 0.994987 0.699509
0.187939 0.068404 0.979796 0.704279
0.281908 0.102606 0.953939 0.704704
0.375877 0.136808 0.916515 0.714006
0.469846 0.17101 0.866025 0.713196
0.563816 0.205212 0.8 0.709735
0.657785 0.239414 0.714143 0.697435
0.751754 0.273616 0.6 0.670577
0.845723 0.307818 0.43589 0.669028
0.939693 0.34202 1.49012e-08 0.699056
0 0 1 0.701946
0.0866025 0.05 0.994987 0.699175
0.173205 0.1 0.979796 0.70405
0.259808 0.15 0.953939 0.710326
0.34641 0.2 0.916515 0.711033
0.433013 0.25 0.866025 0.70973
0.519615 0.3 0.8 0.703358
0.606218 0.35 0.714143 0.703735
0.69282 0.4 0.6 0.69083
0.779423 0.45 0.43589 0.65951
0.866025 0.5 1.49012e-08 0.699056
0 0 1 0.701946
0.0766044 0.0642788 0.994987 0.698156
0.153209 0.128558 0.979796 0.702225
0.229813 0.192836 0.953939 0.708979
0.306418 0.257115 0.916515 0.70671
0.383022 0.321394 0.866025 0.714029
0.459627 0.385673 0.8 0.709486
0.536231 0.449951 0.714143 0.688394
0.612836 0.51423 0.6 0.67427
0.68944 0.578509 0.43589 0.677333
0.766044 0.642788 1.49012e-08 0.699056
0 0 1 0.701946
0.0642788 0.0766044 0.994987 0.696084
0.128558 0.153209 0.979796 0.696797
0.192836 0.229813 0.953939 0.703332
0.257115 0.306418 0.916515 0.707107
0.321394 0.383022 0.866025 0.708865
0.385673 0.459627 0.8 0.695004
0.449951 0.536231 0.714143 0.655788
0.51423 0.612836 0.6 0.662505
0.578509 0.68944 0.43589 0.697861
0.642788 0.766044 1.49012e-08 0.699056
0 0 1 0.701946
0.05 0.0866025 0.994987 0.693341
0.1 0.173205 0.979796 0.687965
0.15 0.259808 0.953939 0.695907
0.2 0.34641 0.916515 0.698156
0.25 0.433013 0.866025 0.693173
0.3 0.519615 0.8 0.669761
0.35 0.606218 0.714143 0.668823
0.4 0.69282 0.6 0.698684
0.45 0.779423 0.43589 0.705046
0.5 0.866025 1.49012e-08 0.699056
0 0 1 0.701946
0.034202 0.0939693 0.994987 0.690416
0.068404 0.187939 0.979796 0.675964
0.102606 0.281908 0.953939 0.683829
0.136808 0.375877 0.916515 0.684422
0.17101 0.469846 0.866025 0.671413
0.205212 0.563816 0.8 0.662327
0.239414 0.657785 0.714143 0.691037
0.273616 0.751754 0.6 0.713715
0.307818 0.845723 0.43589 0.708314
0.34202 0.939693 1.49012e-08 0.699056
0 0 1 0.701946
0.0173648 0.0984808 0.994987 0.687734
0.0347296 0.196962 0.979796 0.660354
0.0520945 0.295442 0.953939 0.667932
0.0694593 0.393923 0.916515 0.666915
0.0868241 0.492404 0.866025 0.651302
0.104189 0.590885 0.8 0.662348
0.121554 0.689365 0.714143 0.703414
0.138919 0.787846 0.6 0.715799
0.156283 0.886327 0.43589 0.707
0.173648 0.984808 1.49012e-08 0.699056
0 0 1 0.701946
6.12323e-18 0.1 0.994987 0.68586
1.22465e-17 0.2 0.979796 0.642855
1.83697e-17 0.3 0.953939 0.652722
2.44929e-17 0.4 0.916515 0.653429
3.06162e-17 0.5 0.866025 0.661088
3.67394e-17 0.6 0.8 0.661445
4.28626e-17 0.7 0.714143 0.707883
4.89859e-17 0.8 0.6 0.715956
5.51091e-17 0.9 0.43589 0.703269
6.12323e-17 1 1.49012e-08 0.699056
-0 0 1 0.701946
-0.0173648 0.0984808 0.994987 0.685133
-0.0347296 0.196962 0.979796 0.638989
-0.0520945 0.295442 0.953939 0.644168
-0.0694593 0.393923 0.916515 0.664011
-0.0868241 0.492404 0.866025 0.682805
-0.104189 0.590885 0.8 0.693706
-0.121554 0.689365 0.714143 0.710444
-0.138919 0.787846 0.6 0.710167
-0.156283 0.886327 0.43589 0.695169
-0.173648 0.984808 1.49012e-08 0.699056
-0 0 1 0.701946
-0.034202 0.0939693 0.994987 0.685602
-0.068404 0.187939 0.979796 0.649767
-0.102606 0.281908 0.953939 0.646218
-0.136808 0.375877 0.916515 0.670004
-0.17101 0.469846 0.866025 0.697538
-0.205212 0.563816 0.8 0.710508
-0.239414 0.657785 0.714143 0.712612
-0.273616 0.751754 0.6 0.714511
-0.307818 0.845723 0.43589 0.679711
-0.34202 0.939693 1.49012e-08 0.699056
-0 0 1 0.701946
-0.05 0.0866025 0.994987 0.687014
-0.1 0.173205 0.979796 0.658957
-0.15 0.259808 0.953939 0.658014
-0.2 0.34641 0.916515 0.681172
-0.25 0.433013 0.866025 0.704618
-0.3 0.519615 0.8 0.714893
-0.35 0.606218 0.714143 0.711669
-0.4 0.69282 0.6 0.71129
-0.45 0.779423 0.43589 0.676534
-0.5 0.866025 1.49012e-08 0.699056
-0 0 1 0.701946
-0.0642788 0.0766044 0.994987 0.689053
-0.128558 0.153209 0.979796 0.66407
-0.192836 0.229813 0.953939 0.662814
-0.257115 0.306418 0.916515 0.688003
-0.321394 0.383022 0.866025 0.711326
-0.385673 0.459627 0.8 0.716775
-0.449951 0.536231 0.714143 0.706083
-0.51423 0.612836 0.6 0.710465
-0.578509 0.68944 0.43589 0.693232
-0.642788 0.766044 1.49012e-08 0.699056
-0 0 1 0.701946
-0.0766044 0.0642788 0.994987 0.691419
-0.153209 0.128558 0.979796 0.667414
-0.229813 0.192836 0.953939 0.660469
-0.306418 0.257115 0.916515 0.684568
-0.383022 0.321394 0.866025 0.712884
-0.459627 0.385673 0.8 0.718439
-0.536231 0.449951 0.714143 0.697751
-0.612836 0.51423 0.6 0.715512
-0.68944 0.578509 0.43589 0.700938
-0.766044 0.642788 1.49012e-08 0.699056
-0 0 1 0.701946
-0.0866025 0.05 0.994987 0.693957
-0.173205 0.1 0.979796 0.669648
-0.259808 0.15 0.953939 0.649916
-0.34641 0.2 0.916515 0.674925
-0.433013 0.25 0.866025 0.708646
-0.519615 0.3 0.8 0.714584
-0.606218 0.35 0.714143 0.716473
-0.69282 0.4 0.6 0.712963
-0.779423 0.45 0.43589 0.709529
-0.866025 0.5 1.49012e-08 0.699056
-0 0 1 0.701946
-0.0939693 0.034202 0.994987 0.696634
-0.187939 0.068404 0.979796 0.674394
-0.281908 0.102606 0.953939 0.643294
-0.375877 0.136808 0.916515 0.657849
-0.469846 0.17101 0.866025 0.696775
-0.563816 0.205212 0.8 0.707557
-0.657785 0.239414 0.714143 0.713477
-0.751754 0.273616 0.6 0.710303
-0.845723 0.307818 0.43589 0.705164
-0.939693 0.34202 1.49012e-08 0.699056
-0 0 1 0.701946
-0.0984808 0.0173648 0.994987 0.699376
-0.196962 0.0347296 0.979796 0.68193
-0.295442 0.0520945 0.953939 0.645253
-0.393923 0.0694593 0.916515 0.6453
-0.492404 0.0868241 0.866025 0.675719
-0.590885 0.104189 0.8 0.692913
-0.689365 0.121554 0.714143 0.700438
-0.787846 0.138919 0.6 0.677128
-0.886327 0.156283 0.43589 0.685237
-0.984808 0.173648 1.49012e-08 0.699056
-0 0 1 0.701946
-0.1 1.22465e-17 0.994987 0.702036
-0.2 2.44929e-17 0.979796 0.690474
-0.3 3.67394e-17 0.953939 0.664752
-0.4 4.89859e-17 0.916515 0.64962
-0.5 6.12323e-17 0.866025 0.650543
-0.6 7.34788e-17 0.8 0.654306
-0.7 8.57253e-17 0.714143 0.673241
-0.8 9.79717e-17 0.6 0.694034
-0.9 1.10218e-16 0.43589 0.700186
-1 1.22465e-16 1.49012e-08 0.699056
-0 -0 1 0.701946
-0.0984808 -0.0173648 0.994987 0.704514
-0.196962 -0.0347296 0.979796 0.698433
-0.295442 -0.0520945 0.953939 0.681681
-0.393923 -0.0694593 0.916515 0.663397
-0.492404 -0.0868241 0.866025 0.644913
-0.590885 -0.104189 0.8 0.613445
-0.689365 -0.121554 0.714143 0.658773
-0.787846 -0.138919 0.6 0.692364
-0.886327 -0.156283 0.43589 0.690142
-0.984808 -0.173648 1.49012e-08 0.699056
-0 -0 1 0.701946
-0.0939693 -0.034202 0.994987 0.706628
-0.187939 -0.068404 0.979796 0.704845
-0.281908 -0.102606 0.953939 0.694963
-0.375877 -0.136808 0.916515 0.677866
-0.469846 -0.17101 0.866025 0.667587
-0.563816 -0.205212 0.8 0.651447
-0.657785 -0.239414 0.714143 0.636972
-0.751754 -0.273616 0.6 0.646432
-0.845723 -0.307818 0.43589 0.664974
-0.939693 -0.34202 1.49012e-08 0.699056
-0 -0 1 0.701946
-0.0866025 -0.05 0.994987 0.708232
-0.173205 -0.1 0.979796 0.708628
-0.259808 -0.15 0.953939 0.705719
-0.34641 -0.2 0.916515 0.696849
-0.433013 -0.25 0.866025 0.696448
-0.519615 -0.3 0.8 0.680694
-0.606218 -0.35 0.714143 0.644136
-0.69282 -0.4 0.6 0.687115
-0.779423 -0.45 0.43589 0.706238
-0.866025 -0.5 1.49012e-08 0.699056
-0 -0 1 0.701946
-0.0766044 -0.0642788 0.994987 0.709115
-0.153209 -0.128558 0.979796 0.711131
-0.229813 -0.192836 0.953939 0.713081
-0.306418 -0.257115 0.916515 0.707728
-0.383022 -0.321394 0.866025 0.711089
-0.459627 -0.385673 0.8 0.697466
-0.536231 -0.449951 0.714143 0.689836
-0.612836 -0.51423 0.6 0.709622
-0.68944 -0.578509 0.43589 0.705706
-0.766044 -0.642788 1.49012e-08 0.699056
-0 -0 1 0.701946
-0.0642788 -0.0766044 0.994987 0.709315
-0.128558 -0.153209 0.979796 0.712347
-0.192836 -0.229813 0.953939 0.715371
-0.257115 -0.306418 0.916515 0.712893
-0.321394 -0.383022 0.866025 0.715278
-0.385673 -0.459627 0.8 0.700483
-0.449951 -0.536231 0.714143 0.700012
-0.51423 -0.612836 0.6 0.71018
-0.578509 -0.68944 0.43589 0.695817
-0.642788 -0.766044 1.49012e-08 0.699056
-0 -0 1 0.701946
-0.05 -0.0866025 0.994987 0.709041
-0.1 -0.173205 0.979796 0.712678
-0.15 -0.259808 0.953939 0.714749
-0.2 -0.34641 0.916515 0.713691
-0.25 -0.433013 0.866025 0.715409
-0.3 -0.519615 0.8 0.688401
-0.35 -0.606218 0.714143 0.699187
-0.4 -0.69282 0.6 0.700343
-0.45 -0.779423 0.43589 0.677295
-0.5 -0.866025 1.49012e-08 0.699056
-0 -0 1 0.701946
-0.034202 -0.0939693 0.994987 0.708586
-0.068404 -0.187939 0.979796 0.710822
-0.102606 -0.281908 0.953939 0.713762
-0.136808 -0.375877 0.916515 0.705383
-0.17101 -0.469846 0.866025 0.714474
-0.205212 -0.563816 0.8 0.701821
-0.239414 -0.657785 0.714143 0.697432
-0.273616 -0.751754 0.6 0.672532
-0.307818 -0.845723 0.43589 0.65684
-0.34202 -0.939693 1.49012e-08 0.699056
-0 -0 1 0.701946
-0.0173648 -0.0984808 0.994987 0.708274
-0.0347296 -0.196962 0.979796 0.708971
-0.0520945 -0.295442 0.953939 0.712203
-0.0694593 -0.393923 0.916515 0.692937
-0.0868241 -0.492404 0.866025 0.714522
-0.104189 -0.590885 0.8 0.708862
-0.121554 -0.689365 0.714143 0.694925
-0.138919 -0.787846 0.6 0.632112
-0.156283 -0.886327 0.43589 0.653045
-0.173648 -0.984808 1.49012e-08 0.699056
-0 -0 1 0.701946
-1.83697e-17 -0.1 0.994987 0.708422
-3.67394e-17 -0.2 0.979796 0.709525
-5.51091e-17 -0.3 0.953939 0.71321
-7.34788e-17 -0.4 0.916515 0.702063
-9.18485e-17 -0.5 0.866025 0.714301
-1.10218e-16 -0.6 0.8 0.707172
-1.28588e-16 -0.7 0.714143 0.690534
-1.46958e-16 -0.8 0.6 0.623862
-1.65327e-16 -0.9 0.43589 0.662036
-1.83697e-16 -1 1.49012e-08 0.699056
0 -0 1 0.701946
0.0173648 -0.0984808 0.994987 0.70855
0.0347296 -0.196962 0.979796 0.710545
0.0520945 -0.295442 0.953939 0.713896
0.0694593 -0.393923 0.916515 0.707094
0.0868241 -0.492404 0.866025 0.711724
0.104189 -0.590885 0.8 0.704737
0.121554 -0.689365 0.714143 0.684426
0.138919 -0.787846 0.6 0.625242
0.156283 -0.886327 0.43589 0.663927
0.173648 -0.984808 1.49012e-08 0.699056
0 -0 1 0.701946
0.034202 -0.0939693 0.994987 0.708309
0.068404 -0.187939 0.979796 0.710575
0.102606 -0.281908 0.953939 0.714357
0.136808 -0.375877 0.916515 0.705209
0.17101 -0.469846 0.866025 0.70935
0.205212 -0.563816 0.8 0.695313
0.239414 -0.657785 0.714143 0.67449
0.273616 -0.751754 0.6 0.626243
0.307818 -0.845723 0.43589 0.661204
0.34202 -0.939693 1.49012e-08 0.699056
0 -0 1 0.701946
0.05 -0.0866025 0.994987 0.70751
0.1 -0.173205 0.979796 0.707486
0.15 -0.259808 0.953939 0.714053
0.2 -0.34641 0.916515 0.711197
0.25 -0.433013 0.866025 0.705284
0.3 -0.519615 0.8 0.680625
0.35 -0.606218 0.714143 0.662805
0.4 -0.69282 0.6 0.641542
0.45 -0.779423 0.43589 0.66058
0.5 -0.866025 1.49012e-08 0.699056
0 -0 1 0.701946
0.0642788 -0.0766044 0.994987 0.70623
0.128558 -0.153209 0.979796 0.700728
0.192836 -0.229813 0.953939 0.710967
0.257115 -0.306418 0.916515 0.71122
0.321394 -0.383022 0.866025 0.70287
0.385673 -0.459627 0.8 0.662651
0.449951 -0.536231 0.714143 0.631327
0.51423 -0.612836 0.6 0.666285
0.578509 -0.68944 0.43589 0.673567
0.642788 -0.766044 1.49012e-08 0.699056
0 -0 1 0.701946
0.0766044 -0.0642788 0.994987 0.704794
0.153209 -0.128558 0.979796 0.69147
0.229813 -0.192836 0.953939 0.704649
0.306418 -0.257115 0.916515 0.70593
0.383022 -0.321394 0.866025 0.698489
0.459627 -0.385673 0.8 0.660296
0.536231 -0.449951 0.714143 0.600046
0.612836 -0.51423 0.6 0.678944
0.68944 -0.578509 0.43589 0.691816
0.766044 -0.642788 1.49012e-08 0.699056
0 -0 1 0.701946
0.0866025 -0.05 0.994987 0.703545
0.173205 -0.1 0.979796 0.689636
0.259808 -0.15 0.953939 0.702579
0.34641 -0.2 0.916515 0.705357
0.433013 -0.25 0.866025 0.690987
0.519615 -0.3 0.8 0.660077
0.606218 -0.35 0.714143 0.661881
0.69282 -0.4 0.6 0.688692
0.779423 -0.45 0.43589 0.699006
0.866025 -0.5 1.49012e-08 0.699056
0 -0 1 0.701946
0.0939693 -0.034202 0.994987 0.7026
0.187939 -0.068404 0.979796 0.696022
0.281908 -0.102606 0.953939 0.703281
0.375877 -0.136808 0.916515 0.700073
0.469846 -0.17101 0.866025 0.675173
0.563816 -0.205212 0.8 0.640113
0.657785 -0.239414 0.714143 0.660288
0.751754 -0.273616 0.6 0.69393
0.845723 -0.307818 0.43589 0.6912
0.939693 -0.34202 1.49012e-08 0.699056
0 -0 1 0.701946
0.0984808 -0.0173648 0.994987 0.701666
0.196962 -0.0347296 0.979796 0.700186
0.295442 -0.0520945 0.953939 0.701131
0.393923 -0.0694593 0.916515 0.699492
0.492404 -0.0868241 0.866025 0.671934
0.590885 -0.104189 0.8 0.6228
0.689365 -0.121554 0.714143 0.63182
0.787846 -0.138919 0.6 0.681605
0.886327 -0.156283 0.43589 0.702742
0.984808 -0.173648 1.49012e-08 0.699056
0 -0 1 0.701946
0.1 -2.44929e-17 0.994987 0.700528
0.2 -4.89859e-17 0.979796 0.701957
0.3 -7.34788e-17 0.953939 0.691582
0.4 -9.79717e-17 0.916515 0.702958
0.5 -1.22465e-16 0.866025 0.691773
0.6 -1.46958e-16 0.8 0.676377
0.7 -1.71451e-16 0.714143 0.653
0.8 -1.95943e-16 0.6 0.660547
0.9 -2.20436e-16 0.43589 0.709084
1 -2.44929e-16 1.49012e-08 0.699056
