0 0 1 0.684237
0.1 0 0.994987 0.674391
0.2 0 0.979796 0.665448
0.3 0 0.953939 0.658645
0.4 0 0.916515 0.649301
0.5 0 0.866025 0.659038
0.6 0 0.8 0.674567
0.7 0 0.714143 0.682541
0.8 0 0.6 0.686777
0.9 0 0.43589 0.686804
1 0 1.49012e-08 0.709947
0 0 1 0.684237
0.0984808 0.0173648 0.994987 0.669192
0.196962 0.0347296 0.979796 0.650421
0.295442 0.0520945 0.953939 0.63389
0.393923 0.0694593 0.916515 0.619857
0.492404 0.0868241 0.866025 0.635673
0.590885 0.104189 0.8 0.662091
0.689365 0.121554 0.714143 0.661685
0.787846 0.138919 0.6 0.63413
0.886327 0.156283 0.43589 0.643803
0.984808 0.173648 1.49012e-08 0.709947
0 0 1 0.684237
0.0939693 0.034202 0.994987 0.663759
0.187939 0.068404 0.979796 0.633163
0.281908 0.102606 0.953939 0.605063
0.375877 0.136808 0.916515 0.571629
0.469846 0.17101 0.866025 0.596207
0.563816 0.205212 0.8 0.64041
0.657785 0.239414 0.714143 0.635488
0.751754 0.273616 0.6 0.649785
0.845723 0.307818 0.43589 0.690996
0.939693 0.34202 1.49012e-08 0.709947
0 0 1 0.684237
0.0866025 0.05 0.994987 0.658624
0.173205 0.1 0.979796 0.616042
0.259808 0.15 0.953939 0.578614
0.34641 0.2 0.916515 0.561728
0.433013 0.25 0.866025 0.609862
0.519615 0.3 0.8 0.649075
0.606218 0.35 0.714143 0.66853
0.69282 0.4 0.6 0.696488
0.779423 0.45 0.43589 0.692469
0.866025 0.5 1.49012e-08 0.709947
0 0 1 0.684237
0.0766044 0.0642788 0.994987 0.654271
0.153209 0.128558 0.979796 0.60366
0.229813 0.192836 0.953939 0.553771
0.306418 0.257115 0.916515 0.568202
0.383022 0.321394 0.866025 0.635813
0.459627 0.385673 0.8 0.67767
0.536231 0.449951 0.714143 0.695278
0.612836 0.51423 0.6 0.69582
0.68944 0.578509 0.43589 0.67458
0.766044 0.642788 1.49012e-08 0.709947
0 0 1 0.684237
0.0642788 0.0766044 0.994987 0.65096
0.128558 0.153209 0.979796 0.598229
0.192836 0.229813 0.953939 0.547165
0.257115 0.306418 0.916515 0.581169
0.321394 0.383022 0.866025 0.654601
0.385673 0.459627 0.8 0.687087
0.449951 0.536231 0.714143 0.686701
0.51423 0.612836 0.6 0.692709
0.578509 0.68944 0.43589 0.652393
0.642788 0.766044 1.49012e-08 0.709947
0 0 1 0.684237
0.05 0.0866025 0.994987 0.648849
0.1 0.173205 0.979796 0.593985
0.15 0.259808 0.953939 0.558178
0.2 0.34641 0.916515 0.607119
0.25 0.433013 0.866025 0.66629
0.3 0.519615 0.8 0.690165
0.35 0.606218 0.714143 0.681064
0.4 0.69282 0.6 0.696293
0.45 0.779423 0.43589 0.664824
0.5 0.866025 1.49012e-08 0.709947
0 0 1 0.684237
0.034202 0.0939693 0.994987 0.647968
0.068404 0.187939 0.979796 0.592143
0.102606 0.281908 0.953939 0.563148
0.136808 0.375877 0.916515 0.621871
0.17101 0.469846 0.866025 0.670847
0.205212 0.563816 0.8 0.69373
0.239414 0.657785 0.714143 0.694727
0.273616 0.751754 0.6 0.702645
0.307818 0.845723 0.43589 0.667869
0.34202 0.939693 1.49012e-08 0.709947
0 0 1 0.684237
0.0173648 0.0984808 0.994987 0.64822
0.0347296 0.196962 0.979796 0.595169
0.0520945 0.295442 0.953939 0.562367
0.0694593 0.393923 0.916515 0.627906
0.0868241 0.492404 0.866025 0.666311
0.104189 0.590885 0.8 0.687702
0.121554 0.689365 0.714143 0.69787
0.138919 0.787846 0.6 0.703197
0.156283 0.886327 0.43589 0.672892
0.173648 0.984808 1.49012e-08 0.709947
0 0 1 0.684237
6.12323e-18 0.1 0.994987 0.649387
1.22465e-17 0.2 0.979796 0.604881
1.83697e-17 0.3 0.953939 0.581496
2.44929e-17 0.4 0.916515 0.633125
3.06162e-17 0.5 0.866025 0.654737
3.67394e-17 0.6 0.8 0.666109
4.28626e-17 0.7 0.714143 0.696821
4.89859e-17 0.8 0.6 0.702865
5.51091e-17 0.9 0.43589 0.679864
6.12323e-17 1 1.49012e-08 0.709947
-0 0 1 0.684237
-0.0173648 0.0984808 0.994987 0.651303
-0.0347296 0.196962 0.979796 0.618928
-0.0520945 0.295442 0.953939 0.612859
-0.0694593 0.393923 0.916515 0.643242
-0.0868241 0.492404 0.866025 0.650039
-0.104189 0.590885 0.8 0.652485
-0.121554 0.689365 0.714143 0.683679
-0.138919 0.787846 0.6 0.697654
-0.156283 0.886327 0.43589 0.677815
-0.173648 0.984808 1.49012e-08 0.709947
-0 0 1 0.684237
-0.034202 0.0939693 0.994987 0.654268
-0.068404 0.187939 0.979796 0.632594
-0.102606 0.281908 0.953939 0.638508
-0.136808 0.375877 0.916515 0.656603
-0.17101 0.469846 0.866025 0.649588
-0.205212 0.563816 0.8 0.626482
-0.239414 0.657785 0.714143 0.654379
-0.273616 0.751754 0.6 0.692764
-0.307818 0.845723 0.43589 0.676167
-0.34202 0.939693 1.49012e-08 0.709947
-0 0 1 0.684237
-0.05 0.0866025 0.994987 0.657699
-0.1 0.173205 0.979796 0.643079
-0.15 0.259808 0.953939 0.655077
-0.2 0.34641 0.916515 0.668526
-0.25 0.433013 0.866025 0.664716
-0.3 0.519615 0.8 0.633005
-0.35 0.606218 0.714143 0.636481
-0.4 0.69282 0.6 0.678189
-0.45 0.779423 0.43589 0.677842
-0.5 0.866025 1.49012e-08 0.709947
-0 0 1 0.684237
-0.0642788 0.0766044 0.994987 0.661486
-0.128558 0.153209 0.979796 0.649466
-0.192836 0.229813 0.953939 0.662517
-0.257115 0.306418 0.916515 0.67563
-0.321394 0.383022 0.866025 0.678281
-0.385673 0.459627 0.8 0.668363
-0.449951 0.536231 0.714143 0.654558
-0.51423 0.612836 0.6 0.658617
-0.578509 0.68944 0.43589 0.656176
-0.642788 0.766044 1.49012e-08 0.709947
-0 0 1 0.684237
-0.0766044 0.0642788 0.994987 0.666267
-0.153209 0.128558 0.979796 0.653285
-0.229813 0.192836 0.953939 0.66025
-0.306418 0.257115 0.916515 0.678569
-0.383022 0.321394 0.866025 0.683182
-0.459627 0.385673 0.8 0.689432
-0.536231 0.449951 0.714143 0.682785
-0.612836 0.51423 0.6 0.666396
-0.68944 0.578509 0.43589 0.589277
-0.766044 0.642788 1.49012e-08 0.709947
-0 0 1 0.684237
-0.0866025 0.05 0.994987 0.671845
-0.173205 0.1 0.979796 0.658331
-0.259808 0.15 0.953939 0.646229
-0.34641 0.2 0.916515 0.674522
-0.433013 0.25 0.866025 0.691443
-0.519615 0.3 0.8 0.691393
-0.606218 0.35 0.714143 0.691469
-0.69282 0.4 0.6 0.691866
-0.779423 0.45 0.43589 0.615581
-0.866025 0.5 1.49012e-08 0.709947
-0 0 1 0.684237
-0.0939693 0.034202 0.994987 0.677494
-0.187939 0.068404 0.979796 0.663414
-0.281908 0.102606 0.953939 0.642589
-0.375877 0.136808 0.916515 0.663352
-0.469846 0.17101 0.866025 0.679523
-0.563816 0.205212 0.8 0.695612
-0.657785 0.239414 0.714143 0.692248
-0.751754 0.273616 0.6 0.674543
-0.845723 0.307818 0.43589 0.675634
-0.939693 0.34202 1.49012e-08 0.709947
-0 0 1 0.684237
-0.0984808 0.0173648 0.994987 0.682799
-0.196962 0.0347296 0.979796 0.670615
-0.295442 0.0520945 0.953939 0.6491
-0.393923 0.0694593 0.916515 0.64988
-0.492404 0.0868241 0.866025 0.644348
-0.590885 0.104189 0.8 0.664843
-0.689365 0.121554 0.714143 0.681928
-0.787846 0.138919 0.6 0.696614
-0.886327 0.156283 0.43589 0.68845
-0.984808 0.173648 1.49012e-08 0.709947
-0 0 1 0.684237
-0.1 1.22465e-17 0.994987 0.687584
-0.2 2.44929e-17 0.979796 0.680727
-0.3 3.67394e-17 0.953939 0.668127
-0.4 4.89859e-17 0.916515 0.653679
-0.5 6.12323e-17 0.866025 0.595506
-0.6 7.34788e-17 0.8 0.623576
-0.7 8.57253e-17 0.714143 0.628236
-0.8 9.79717e-17 0.6 0.653859
-0.9 1.10218e-16 0.43589 0.680795
-1 1.22465e-16 1.49012e-08 0.709947
-0 -0 1 0.684237
-0.0984808 -0.0173648 0.994987 0.691794
-0.196962 -0.0347296 0.979796 0.69063
-0.295442 -0.0520945 0.953939 0.685996
-0.393923 -0.0694593 0.916515 0.675539
-0.492404 -0.0868241 0.866025 0.653337
-0.590885 -0.104189 0.8 0.6495
-0.689365 -0.121554 0.714143 0.649663
-0.787846 -0.138919 0.6 0.673545
-0.886327 -0.156283 0.43589 0.692966
-0.984808 -0.173648 1.49012e-08 0.709947
-0 -0 1 0.684237
-0.0939693 -0.034202 0.994987 0.695352
-0.187939 -0.068404 0.979796 0.697929
-0.281908 -0.102606 0.953939 0.697549
-0.375877 -0.136808 0.916515 0.695609
-0.469846 -0.17101 0.866025 0.686572
-0.563816 -0.205212 0.8 0.671174
-0.657785 -0.239414 0.714143 0.692852
-0.751754 -0.273616 0.6 0.708769
-0.845723 -0.307818 0.43589 0.677524
-0.939693 -0.34202 1.49012e-08 0.709947
-0 -0 1 0.684237
-0.0866025 -0.05 0.994987 0.698112
-0.173205 -0.1 0.979796 0.70313
-0.259808 -0.15 0.953939 0.703939
-0.34641 -0.2 0.916515 0.705912
-0.433013 -0.25 0.866025 0.700461
-0.519615 -0.3 0.8 0.690641
-0.606218 -0.35 0.714143 0.690365
-0.69282 -0.4 0.6 0.703843
-0.779423 -0.45 0.43589 0.687354
-0.866025 -0.5 1.49012e-08 0.709947
-0 -0 1 0.684237
-0.0766044 -0.0642788 0.994987 0.699961
-0.153209 -0.128558 0.979796 0.705822
-0.229813 -0.192836 0.953939 0.707144
-0.306418 -0.257115 0.916515 0.709206
-0.383022 -0.321394 0.866025 0.703682
-0.459627 -0.385673 0.8 0.691015
-0.536231 -0.449951 0.714143 0.696879
-0.612836 -0.51423 0.6 0.682386
-0.68944 -0.578509 0.43589 0.690289
-0.766044 -0.642788 1.49012e-08 0.709947
-0 -0 1 0.684237
-0.0642788 -0.0766044 0.994987 0.700925
-0.128558 -0.153209 0.979796 0.705987
-0.192836 -0.229813 0.953939 0.708003
-0.257115 -0.306418 0.916515 0.707744
-0.321394 -0.383022 0.866025 0.704429
-0.385673 -0.459627 0.8 0.696908
-0.449951 -0.536231 0.714143 0.688844
-0.51423 -0.612836 0.6 0.676599
-0.578509 -0.68944 0.43589 0.677095
-0.642788 -0.766044 1.49012e-08 0.709947
-0 -0 1 0.684237
-0.05 -0.0866025 0.994987 0.701093
-0.1 -0.173205 0.979796 0.704613
-0.15 -0.259808 0.953939 0.701233
-0.2 -0.34641 0.916515 0.706629
-0.25 -0.433013 0.866025 0.702555
-0.3 -0.519615 0.8 0.686765
-0.35 -0.606218 0.714143 0.680528
-0.4 -0.69282 0.6 0.633732
-0.45 -0.779423 0.43589 0.667831
-0.5 -0.866025 1.49012e-08 0.709947
-0 -0 1 0.684237
-0.034202 -0.0939693 0.994987 0.700603
-0.068404 -0.187939 0.979796 0.703498
-0.102606 -0.281908 0.953939 0.688204
-0.136808 -0.375877 0.916515 0.698848
-0.17101 -0.469846 0.866025 0.698512
-0.205212 -0.563816 0.8 0.687932
-0.239414 -0.657785 0.714143 0.662921
-0.273616 -0.751754 0.6 0.549985
-0.307818 -0.845723 0.43589 0.66532
-0.34202 -0.939693 1.49012e-08 0.709947
-0 -0 1 0.684237
-0.0173648 -0.0984808 0.994987 0.700271
-0.0347296 -0.196962 0.979796 0.701332
-0.0520945 -0.295442 0.953939 0.68041
-0.0694593 -0.393923 0.916515 0.693975
-0.0868241 -0.492404 0.866025 0.692199
-0.104189 -0.590885 0.8 0.6909
-0.121554 -0.689365 0.714143 0.665915
-0.138919 -0.787846 0.6 0.593166
-0.156283 -0.886327 0.43589 0.673077
-0.173648 -0.984808 1.49012e-08 0.709947
-0 -0 1 0.684237
-1.83697e-17 -0.1 0.994987 0.699659
-3.67394e-17 -0.2 0.979796 0.697842
-5.51091e-17 -0.3 0.953939 0.689328
-7.34788e-17 -0.4 0.916515 0.694059
-9.18485e-17 -0.5 0.866025 0.68801
-1.10218e-16 -0.6 0.8 0.691269
-1.28588e-16 -0.7 0.714143 0.676866
-1.46958e-16 -0.8 0.6 0.654803
-1.65327e-16 -0.9 0.43589 0.682319
-1.83697e-16 -1 1.49012e-08 0.709947
0 -0 1 0.684237
0.0173648 -0.0984808 0.994987 0.698364
0.0347296 -0.196962 0.979796 0.694759
0.0520945 -0.295442 0.953939 0.692519
0.0694593 -0.393923 0.916515 0.69182
0.0868241 -0.492404 0.866025 0.698226
0.104189 -0.590885 0.8 0.691283
0.121554 -0.689365 0.714143 0.687003
0.138919 -0.787846 0.6 0.682229
0.156283 -0.886327 0.43589 0.689251
0.173648 -0.984808 1.49012e-08 0.709947
0 -0 1 0.684237
0.034202 -0.0939693 0.994987 0.696515
0.068404 -0.187939 0.979796 0.691363
0.102606 -0.281908 0.953939 0.692084
0.136808 -0.375877 0.916515 0.676056
0.17101 -0.469846 0.866025 0.701292
0.205212 -0.563816 0.8 0.699705
0.239414 -0.657785 0.714143 0.693198
0.273616 -0.751754 0.6 0.689616
0.307818 -0.845723 0.43589 0.689651
0.34202 -0.939693 1.49012e-08 0.709947
0 -0 1 0.684237
0.05 -0.0866025 0.994987 0.694261
0.1 -0.173205 0.979796 0.68989
0.15 -0.259808 0.953939 0.694971
0.2 -0.34641 0.916515 0.685553
0.25 -0.433013 0.866025 0.703982
0.3 -0.519615 0.8 0.705596
0.35 -0.606218 0.714143 0.689612
0.4 -0.69282 0.6 0.696026
0.45 -0.779423 0.43589 0.693067
0.5 -0.866025 1.49012e-08 0.709947
0 -0 1 0.684237
0.0642788 -0.0766044 0.994987 0.691687
0.128558 -0.153209 0.979796 0.688905
0.192836 -0.229813 0.953939 0.69987
0.257115 -0.306418 0.916515 0.701675
0.321394 -0.383022 0.866025 0.706909
0.385673 -0.459627 0.8 0.708386
0.449951 -0.536231 0.714143 0.693604
0.51423 -0.612836 0.6 0.689919
0.578509 -0.68944 0.43589 0.703223
0.642788 -0.766044 1.49012e-08 0.709947
0 -0 1 0.684237
0.0766044 -0.0642788 0.994987 0.688891
0.153209 -0.128558 0.979796 0.690768
0.229813 -0.192836 0.953939 0.701979
0.306418 -0.257115 0.916515 0.704641
0.383022 -0.321394 0.866025 0.703413
0.459627 -0.385673 0.8 0.703691
0.536231 -0.449951 0.714143 0.692874
0.612836 -0.51423 0.6 0.681145
0.68944 -0.578509 0.43589 0.708262
0.766044 -0.642788 1.49012e-08 0.709947
0 -0 1 0.684237
0.0866025 -0.05 0.994987 0.686089
0.173205 -0.1 0.979796 0.689948
0.259808 -0.15 0.953939 0.698187
0.34641 -0.2 0.916515 0.701959
0.433013 -0.25 0.866025 0.696583
0.519615 -0.3 0.8 0.689509
0.606218 -0.35 0.714143 0.668332
0.69282 -0.4 0.6 0.663727
0.779423 -0.45 0.43589 0.702429
0.866025 -0.5 1.49012e-08 0.709947
0 -0 1 0.684237
0.0939693 -0.034202 0.994987 0.68297
0.187939 -0.068404 0.979796 0.684915
0.281908 -0.102606 0.953939 0.690844
0.375877 -0.136808 0.916515 0.689262
0.469846 -0.17101 0.866025 0.672967
0.563816 -0.205212 0.8 0.664684
0.657785 -0.239414 0.714143 0.627162
0.751754 -0.273616 0.6 0.630218
0.845723 -0.307818 0.43589 0.628978
0.939693 -0.34202 1.49012e-08 0.709947
0 -0 1 0.684237
0.0984808 -0.0173648 0.994987 0.678943
0.196962 -0.0347296 0.979796 0.676945
0.295442 -0.0520945 0.953939 0.67753
0.393923 -0.0694593 0.916515 0.665752
0.492404 -0.0868241 0.866025 0.662069
0.590885 -0.104189 0.8 0.657281
0.689365 -0.121554 0.714143 0.672002
0.787846 -0.138919 0.6 0.682341
0.886327 -0.156283 0.43589 0.67687
0.984808 -0.173648 1.49012e-08 0.709947
0 -0 1 0.684237
0.1 -2.44929e-17 0.994987 0.674391
0.2 -4.89859e-17 0.979796 0.665448
0.3 -7.34788e-17 0.953939 0.658645
0.4 -9.79717e-17 0.916515 0.649301
0.5 -1.22465e-16 0.866025 0.659038
0.6 -1.46958e-16 0.8 0.674567
0.7 -1.71451e-16 0.714143 0.682541
0.8 -1.95943e-16 0.6 0.686777
0.9 -2.20436e-16 0.43589 0.686804
1 -2.44929e-16 1.49012e-08 0.709947
