0 0 1 0.605517
0.1 0 0.994987 0.528409
0.2 0 0.979796 0.379483
0.3 0 0.953939 0.149283
0.4 0 0.916515 0.352168
0.5 0 0.866025 0.525136
0.6 0 0.8 0.610641
0.7 0 0.714143 0.650323
0.8 0 0.6 0.672746
0.9 0 0.43589 0.686908
1 0 1.49012e-08 0.699632
0 0 1 0.605517
0.0984808 0.0173648 0.994987 0.532627
0.196962 0.0347296 0.979796 0.406625
0.295442 0.0520945 0.953939 0.293877
0.393923 0.0694593 0.916515 0.411844
0.492404 0.0868241 0.866025 0.546033
0.590885 0.104189 0.8 0.612797
0.689365 0.121554 0.714143 0.631287
0.787846 0.138919 0.6 0.640853
0.886327 0.156283 0.43589 0.675193
0.984808 0.173648 1.49012e-08 0.699632
0 0 1 0.605517
0.0939693 0.034202 0.994987 0.540809
0.187939 0.068404 0.979796 0.450142
0.281908 0.102606 0.953939 0.411791
0.375877 0.136808 0.916515 0.490991
0.469846 0.17101 0.866025 0.583412
0.563816 0.205212 0.8 0.644574
0.657785 0.239414 0.714143 0.678723
0.751754 0.273616 0.6 0.695048
0.845723 0.307818 0.43589 0.69308
0.939693 0.34202 1.49012e-08 0.699632
0 0 1 0.605517
0.0866025 0.05 0.994987 0.551736
0.173205 0.1 0.979796 0.494754
0.259808 0.15 0.953939 0.493563
0.34641 0.2 0.916515 0.550699
0.433013 0.25 0.866025 0.607443
0.519615 0.3 0.8 0.651647
0.606218 0.35 0.714143 0.680325
0.69282 0.4 0.6 0.694236
0.779423 0.45 0.43589 0.686691
0.866025 0.5 1.49012e-08 0.699632
0 0 1 0.605517
0.0766044 0.0642788 0.994987 0.564071
0.153209 0.128558 0.979796 0.53314
0.229813 0.192836 0.953939 0.549991
0.306418 0.257115 0.916515 0.593295
0.383022 0.321394 0.866025 0.613466
0.459627 0.385673 0.8 0.623126
0.536231 0.449951 0.714143 0.637569
0.612836 0.51423 0.6 0.64512
0.68944 0.578509 0.43589 0.612501
0.766044 0.642788 1.49012e-08 0.699632
0 0 1 0.605517
0.0642788 0.0766044 0.994987 0.57669
0.128558 0.153209 0.979796 0.563003
0.192836 0.229813 0.953939 0.588523
0.257115 0.306418 0.916515 0.625662
0.321394 0.383022 0.866025 0.642917
0.385673 0.459627 0.8 0.631931
0.449951 0.536231 0.714143 0.620173
0.51423 0.612836 0.6 0.613675
0.578509 0.68944 0.43589 0.614844
0.642788 0.766044 1.49012e-08 0.699632
0 0 1 0.605517
0.05 0.0866025 0.994987 0.588827
0.1 0.173205 0.979796 0.584543
0.15 0.259808 0.953939 0.613185
0.2 0.34641 0.916515 0.648379
0.25 0.433013 0.866025 0.668952
0.3 0.519615 0.8 0.672889
0.35 0.606218 0.714143 0.66785
0.4 0.69282 0.6 0.659448
0.45 0.779423 0.43589 0.665381
0.5 0.866025 1.49012e-08 0.699632
0 0 1 0.605517
0.034202 0.0939693 0.994987 0.600069
0.068404 0.187939 0.979796 0.599851
0.102606 0.281908 0.953939 0.625689
0.136808 0.375877 0.916515 0.661139
0.17101 0.469846 0.866025 0.68234
0.205212 0.563816 0.8 0.693441
0.239414 0.657785 0.714143 0.696162
0.273616 0.751754 0.6 0.693817
0.307818 0.845723 0.43589 0.69354
0.34202 0.939693 1.49012e-08 0.699632
0 0 1 0.605517
0.0173648 0.0984808 0.994987 0.610256
0.0347296 0.196962 0.979796 0.61196
0.0520945 0.295442 0.953939 0.626723
0.0694593 0.393923 0.916515 0.663314
0.0868241 0.492404 0.866025 0.687844
0.104189 0.590885 0.8 0.694027
0.121554 0.689365 0.714143 0.700258
0.138919 0.787846 0.6 0.705301
0.156283 0.886327 0.43589 0.704328
0.173648 0.984808 1.49012e-08 0.699632
0 0 1 0.605517
6.12323e-18 0.1 0.994987 0.619359
1.22465e-17 0.2 0.979796 0.623572
1.83697e-17 0.3 0.953939 0.618022
2.44929e-17 0.4 0.916515 0.65309
3.06162e-17 0.5 0.866025 0.684872
3.67394e-17 0.6 0.8 0.69934
4.28626e-17 0.7 0.714143 0.695057
4.89859e-17 0.8 0.6 0.699812
5.51091e-17 0.9 0.43589 0.705408
6.12323e-17 1 1.49012e-08 0.699632
-0 0 1 0.605517
-0.0173648 0.0984808 0.994987 0.627375
-0.0347296 0.196962 0.979796 0.635642
-0.0520945 0.295442 0.953939 0.617516
-0.0694593 0.393923 0.916515 0.630668
-0.0868241 0.492404 0.866025 0.667851
-0.104189 0.590885 0.8 0.693621
-0.121554 0.689365 0.714143 0.703493
-0.138919 0.787846 0.6 0.695481
-0.156283 0.886327 0.43589 0.691592
-0.173648 0.984808 1.49012e-08 0.699632
-0 0 1 0.605517
-0.034202 0.0939693 0.994987 0.634274
-0.068404 0.187939 0.979796 0.647547
-0.102606 0.281908 0.953939 0.633406
-0.136808 0.375877 0.916515 0.604786
-0.17101 0.469846 0.866025 0.635485
-0.205212 0.563816 0.8 0.670112
-0.239414 0.657785 0.714143 0.695558
-0.273616 0.751754 0.6 0.706473
-0.307818 0.845723 0.43589 0.676677
-0.34202 0.939693 1.49012e-08 0.699632
-0 0 1 0.605517
-0.05 0.0866025 0.994987 0.639982
-0.1 0.173205 0.979796 0.658341
-0.15 0.259808 0.953939 0.654703
-0.2 0.34641 0.916515 0.628776
-0.25 0.433013 0.866025 0.603397
-0.3 0.519615 0.8 0.62822
-0.35 0.606218 0.714143 0.662688
-0.4 0.69282 0.6 0.699055
-0.45 0.779423 0.43589 0.701242
-0.5 0.866025 1.49012e-08 0.699632
-0 0 1 0.605517
-0.0642788 0.0766044 0.994987 0.644421
-0.128558 0.153209 0.979796 0.666995
-0.192836 0.229813 0.953939 0.672968
-0.257115 0.306418 0.916515 0.664271
-0.321394 0.383022 0.866025 0.641407
-0.385673 0.459627 0.8 0.613043
-0.449951 0.536231 0.714143 0.594987
-0.51423 0.612836 0.6 0.668701
-0.578509 0.68944 0.43589 0.704884
-0.642788 0.766044 1.49012e-08 0.699632
-0 0 1 0.605517
-0.0766044 0.0642788 0.994987 0.647534
-0.153209 0.128558 0.979796 0.672669
-0.229813 0.192836 0.953939 0.684922
-0.306418 0.257115 0.916515 0.687877
-0.383022 0.321394 0.866025 0.681857
-0.459627 0.385673 0.8 0.662009
-0.536231 0.449951 0.714143 0.618977
-0.612836 0.51423 0.6 0.60301
-0.68944 0.578509 0.43589 0.689644
-0.766044 0.642788 1.49012e-08 0.699632
-0 0 1 0.605517
-0.0866025 0.05 0.994987 0.649237
-0.173205 0.1 0.979796 0.675301
-0.259808 0.15 0.953939 0.688783
-0.34641 0.2 0.916515 0.69688
-0.433013 0.25 0.866025 0.699925
-0.519615 0.3 0.8 0.697834
-0.606218 0.35 0.714143 0.685253
-0.69282 0.4 0.6 0.637786
-0.779423 0.45 0.43589 0.623819
-0.866025 0.5 1.49012e-08 0.699632
-0 0 1 0.605517
-0.0939693 0.034202 0.994987 0.649447
-0.187939 0.068404 0.979796 0.676107
-0.281908 0.102606 0.953939 0.689363
-0.375877 0.136808 0.916515 0.693971
-0.469846 0.17101 0.866025 0.694582
-0.563816 0.205212 0.8 0.699709
-0.657785 0.239414 0.714143 0.703544
-0.751754 0.273616 0.6 0.699198
-0.845723 0.307818 0.43589 0.661086
-0.939693 0.34202 1.49012e-08 0.699632
-0 0 1 0.605517
-0.0984808 0.0173648 0.994987 0.648119
-0.196962 0.0347296 0.979796 0.67349
-0.295442 0.0520945 0.953939 0.68916
-0.393923 0.0694593 0.916515 0.697596
-0.492404 0.0868241 0.866025 0.699741
-0.590885 0.104189 0.8 0.699464
-0.689365 0.121554 0.714143 0.694066
-0.787846 0.138919 0.6 0.682574
-0.886327 0.156283 0.43589 0.699861
-0.984808 0.173648 1.49012e-08 0.699632
-0 0 1 0.605517
-0.1 1.22465e-17 0.994987 0.645279
-0.2 2.44929e-17 0.979796 0.666532
-0.3 3.67394e-17 0.953939 0.679616
-0.4 4.89859e-17 0.916515 0.688501
-0.5 6.12323e-17 0.866025 0.69294
-0.6 7.34788e-17 0.8 0.693559
-0.7 8.57253e-17 0.714143 0.692706
-0.8 9.79717e-17 0.6 0.694174
-0.9 1.10218e-16 0.43589 0.697321
-1 1.22465e-16 1.49012e-08 0.699632
-0 -0 1 0.605517
-0.0984808 -0.0173648 0.994987 0.64106
-0.196962 -0.0347296 0.979796 0.655069
-0.295442 -0.0520945 0.953939 0.659465
-0.393923 -0.0694593 0.916515 0.661172
-0.492404 -0.0868241 0.866025 0.657378
-0.590885 -0.104189 0.8 0.638908
-0.689365 -0.121554 0.714143 0.618251
-0.787846 -0.138919 0.6 0.561271
-0.886327 -0.156283 0.43589 0.630394
-0.984808 -0.173648 1.49012e-08 0.699632
-0 -0 1 0.605517
-0.0939693 -0.034202 0.994987 0.63571
-0.187939 -0.068404 0.979796 0.639897
-0.281908 -0.102606 0.953939 0.629029
-0.375877 -0.136808 0.916515 0.620493
-0.469846 -0.17101 0.866025 0.610251
-0.563816 -0.205212 0.8 0.580281
-0.657785 -0.239414 0.714143 0.614881
-0.751754 -0.273616 0.6 0.666386
-0.845723 -0.307818 0.43589 0.702525
-0.939693 -0.34202 1.49012e-08 0.699632
-0 -0 1 0.605517
-0.0866025 -0.05 0.994987 0.629589
-0.173205 -0.1 0.979796 0.623459
-0.259808 -0.15 0.953939 0.598875
-0.34641 -0.2 0.916515 0.61745
-0.433013 -0.25 0.866025 0.63768
-0.519615 -0.3 0.8 0.660376
-0.606218 -0.35 0.714143 0.686833
-0.69282 -0.4 0.6 0.701388
-0.779423 -0.45 0.43589 0.688983
-0.866025 -0.5 1.49012e-08 0.699632
-0 -0 1 0.605517
-0.0766044 -0.0642788 0.994987 0.623121
-0.153209 -0.128558 0.979796 0.6127
-0.229813 -0.192836 0.953939 0.619384
-0.306418 -0.257115 0.916515 0.651717
-0.383022 -0.321394 0.866025 0.678538
-0.459627 -0.385673 0.8 0.695796
-0.536231 -0.449951 0.714143 0.701632
-0.612836 -0.51423 0.6 0.687053
-0.68944 -0.578509 0.43589 0.703758
-0.766044 -0.642788 1.49012e-08 0.699632
-0 -0 1 0.605517
-0.0642788 -0.0766044 0.994987 0.616712
-0.128558 -0.153209 0.979796 0.616523
-0.192836 -0.229813 0.953939 0.64417
-0.257115 -0.306418 0.916515 0.676345
-0.321394 -0.383022 0.866025 0.6959
-0.385673 -0.459627 0.8 0.699358
-0.449951 -0.536231 0.714143 0.692886
-0.51423 -0.612836 0.6 0.70347
-0.578509 -0.68944 0.43589 0.688455
-0.642788 -0.766044 1.49012e-08 0.699632
-0 -0 1 0.605517
-0.05 -0.0866025 0.994987 0.610784
-0.1 -0.173205 0.979796 0.626074
-0.15 -0.259808 0.953939 0.660024
-0.2 -0.34641 0.916515 0.686875
-0.25 -0.433013 0.866025 0.695782
-0.3 -0.519615 0.8 0.695358
-0.35 -0.606218 0.714143 0.702892
-0.4 -0.69282 0.6 0.696028
-0.45 -0.779423 0.43589 0.646646
-0.5 -0.866025 1.49012e-08 0.699632
-0 -0 1 0.605517
-0.034202 -0.0939693 0.994987 0.605885
-0.068404 -0.187939 0.979796 0.631787
-0.102606 -0.281908 0.953939 0.666149
-0.136808 -0.375877 0.916515 0.686758
-0.17101 -0.469846 0.866025 0.693948
-0.205212 -0.563816 0.8 0.699385
-0.239414 -0.657785 0.714143 0.692695
-0.273616 -0.751754 0.6 0.665458
-0.307818 -0.845723 0.43589 0.597581
-0.34202 -0.939693 1.49012e-08 0.699632
-0 -0 1 0.605517
-0.0173648 -0.0984808 0.994987 0.601461
-0.0347296 -0.196962 0.979796 0.631857
-0.0520945 -0.295442 0.953939 0.664389
-0.0694593 -0.393923 0.916515 0.681978
-0.0868241 -0.492404 0.866025 0.689772
-0.104189 -0.590885 0.8 0.684492
-0.121554 -0.689365 0.714143 0.662249
-0.138919 -0.787846 0.6 0.609622
-0.156283 -0.886327 0.43589 0.594891
-0.173648 -0.984808 1.49012e-08 0.699632
-0 -0 1 0.605517
-1.83697e-17 -0.1 0.994987 0.596896
-3.67394e-17 -0.2 0.979796 0.6263
-5.51091e-17 -0.3 0.953939 0.656386
-7.34788e-17 -0.4 0.916515 0.672279
-9.18485e-17 -0.5 0.866025 0.670592
-1.10218e-16 -0.6 0.8 0.651791
-1.28588e-16 -0.7 0.714143 0.620284
-1.46958e-16 -0.8 0.6 0.572262
-1.65327e-16 -0.9 0.43589 0.632298
-1.83697e-16 -1 1.49012e-08 0.699632
0 -0 1 0.605517
0.0173648 -0.0984808 0.994987 0.590936
0.0347296 -0.196962 0.979796 0.615261
0.0520945 -0.295442 0.953939 0.642864
0.0694593 -0.393923 0.916515 0.654395
0.0868241 -0.492404 0.866025 0.639449
0.104189 -0.590885 0.8 0.611909
0.121554 -0.689365 0.714143 0.612961
0.138919 -0.787846 0.6 0.637846
0.156283 -0.886327 0.43589 0.668212
0.173648 -0.984808 1.49012e-08 0.699632
0 -0 1 0.605517
0.034202 -0.0939693 0.994987 0.583234
0.068404 -0.187939 0.979796 0.598659
0.102606 -0.281908 0.953939 0.623642
0.136808 -0.375877 0.916515 0.632225
0.17101 -0.469846 0.866025 0.609543
0.205212 -0.563816 0.8 0.625917
0.239414 -0.657785 0.714143 0.660148
0.273616 -0.751754 0.6 0.681062
0.307818 -0.845723 0.43589 0.69261
0.34202 -0.939693 1.49012e-08 0.699632
0 -0 1 0.605517
0.05 -0.0866025 0.994987 0.573804
0.1 -0.173205 0.979796 0.576093
0.15 -0.259808 0.953939 0.598429
0.2 -0.34641 0.916515 0.611133
0.25 -0.433013 0.866025 0.631647
0.3 -0.519615 0.8 0.663941
0.35 -0.606218 0.714143 0.688959
0.4 -0.69282 0.6 0.701005
0.45 -0.779423 0.43589 0.704045
0.5 -0.866025 1.49012e-08 0.699632
0 -0 1 0.605517
0.0642788 -0.0766044 0.994987 0.563259
0.128558 -0.153209 0.979796 0.546889
0.192836 -0.229813 0.953939 0.565261
0.257115 -0.306418 0.916515 0.598695
0.321394 -0.383022 0.866025 0.642135
0.385673 -0.459627 0.8 0.676639
0.449951 -0.536231 0.714143 0.695027
0.51423 -0.612836 0.6 0.697537
0.578509 -0.68944 0.43589 0.703853
0.642788 -0.766044 1.49012e-08 0.699632
0 -0 1 0.605517
0.0766044 -0.0642788 0.994987 0.552288
0.153209 -0.128558 0.979796 0.510482
0.229813 -0.192836 0.953939 0.518958
0.306418 -0.257115 0.916515 0.573021
0.383022 -0.321394 0.866025 0.630297
0.459627 -0.385673 0.8 0.668627
0.536231 -0.449951 0.714143 0.689736
0.612836 -0.51423 0.6 0.700672
0.68944 -0.578509 0.43589 0.698593
0.766044 -0.642788 1.49012e-08 0.699632
0 -0 1 0.605517
0.0866025 -0.05 0.994987 0.541948
0.173205 -0.1 0.979796 0.467434
0.259808 -0.15 0.953939 0.45157
0.34641 -0.2 0.916515 0.524942
0.433013 -0.25 0.866025 0.60062
0.519615 -0.3 0.8 0.640057
0.606218 -0.35 0.714143 0.653384
0.69282 -0.4 0.6 0.671524
0.779423 -0.45 0.43589 0.700552
0.866025 -0.5 1.49012e-08 0.699632
0 -0 1 0.605517
0.0939693 -0.034202 0.994987 0.533656
0.187939 -0.068404 0.979796 0.422036
0.281908 -0.102606 0.953939 0.354251
0.375877 -0.136808 0.916515 0.456475
0.469846 -0.17101 0.866025 0.56371
0.563816 -0.205212 0.8 0.612389
0.657785 -0.239414 0.714143 0.623285
0.751754 -0.273616 0.6 0.619774
0.845723 -0.307818 0.43589 0.613775
0.939693 -0.34202 1.49012e-08 0.699632
0 -0 1 0.605517
0.0984808 -0.0173648 0.994987 0.528817
0.196962 -0.0347296 0.979796 0.386332
0.295442 -0.0520945 0.953939 0.218972
0.393923 -0.0694593 0.916515 0.379301
0.492404 -0.0868241 0.866025 0.535845
0.590885 -0.104189 0.8 0.621664
0.689365 -0.121554 0.714143 0.667787
0.787846 -0.138919 0.6 0.690902
0.886327 -0.156283 0.43589 0.695677
0.984808 -0.173648 1.49012e-08 0.699632
0 -0 1 0.605517
0.1 -2.44929e-17 0.994987 0.528409
0.2 -4.89859e-17 0.979796 0.379483
0.3 -7.34788e-17 0.953939 0.149283
0.4 -9.79717e-17 0.916515 0.352168
0.5 -1.22465e-16 0.866025 0.525136
0.6 -1.46958e-16 0.8 0.610641
0.7 -1.71451e-16 0.714143 0.650323
0.8 -1.95943e-16 0.6 0.672746
0.9 -2.20436e-16 0.43589 0.686908
1 -2.44929e-16 1.49012e-08 0.699632
