0 0 1 0.700205
0.1 0 0.994987 0.702269
0.2 0 0.979796 0.700448
0.3 0 0.953939 0.696469
0.4 0 0.916515 0.702718
0.5 0 0.866025 0.702814
0.6 0 0.8 0.695065
0.7 0 0.714143 0.691497
0.8 0 0.6 0.700026
0.9 0 0.43589 0.674593
1 0 1.49012e-08 0.705829
0 0 1 0.700205
0.0984808 0.0173648 0.994987 0.701512
0.196962 0.0347296 0.979796 0.69707
0.295442 0.0520945 0.953939 0.693587
0.393923 0.0694593 0.916515 0.694505
0.492404 0.0868241 0.866025 0.70282
0.590885 0.104189 0.8 0.706996
0.689365 0.121554 0.714143 0.685323
0.787846 0.138919 0.6 0.696244
0.886327 0.156283 0.43589 0.702301
0.984808 0.173648 1.49012e-08 0.705829
0 0 1 0.700205
0.0939693 0.034202 0.994987 0.700478
0.187939 0.068404 0.979796 0.69203
0.281908 0.102606 0.953939 0.681404
0.375877 0.136808 0.916515 0.680799
0.469846 0.17101 0.866025 0.689555
0.563816 0.205212 0.8 0.701414
0.657785 0.239414 0.714143 0.699038
0.751754 0.273616 0.6 0.691771
0.845723 0.307818 0.43589 0.689092
0.939693 0.34202 1.49012e-08 0.705829
0 0 1 0.700205
0.0866025 0.05 0.994987 0.699774
0.173205 0.1 0.979796 0.687429
0.259808 0.15 0.953939 0.662739
0.34641 0.2 0.916515 0.647671
0.433013 0.25 0.866025 0.670653
0.519615 0.3 0.8 0.693521
0.606218 0.35 0.714143 0.705258
0.69282 0.4 0.6 0.707652
0.779423 0.45 0.43589 0.694934
0.866025 0.5 1.49012e-08 0.705829
0 0 1 0.700205
0.0766044 0.0642788 0.994987 0.699712
0.153209 0.128558 0.979796 0.683306
0.229813 0.192836 0.953939 0.639307
0.306418 0.257115 0.916515 0.588535
0.383022 0.321394 0.866025 0.646285
0.459627 0.385673 0.8 0.68905
0.536231 0.449951 0.714143 0.702102
0.612836 0.51423 0.6 0.687424
0.68944 0.578509 0.43589 0.700707
0.766044 0.642788 1.49012e-08 0.705829
0 0 1 0.700205
0.0642788 0.0766044 0.994987 0.699901
0.128558 0.153209 0.979796 0.680677
0.192836 0.229813 0.953939 0.629375
0.257115 0.306418 0.916515 0.582232
0.321394 0.383022 0.866025 0.654004
0.385673 0.459627 0.8 0.692568
0.449951 0.536231 0.714143 0.702559
0.51423 0.612836 0.6 0.68232
0.578509 0.68944 0.43589 0.702644
0.642788 0.766044 1.49012e-08 0.705829
0 0 1 0.700205
0.05 0.0866025 0.994987 0.700231
0.1 0.173205 0.979796 0.680502
0.15 0.259808 0.953939 0.647955
0.2 0.34641 0.916515 0.637482
0.25 0.433013 0.866025 0.673606
0.3 0.519615 0.8 0.697956
0.35 0.606218 0.714143 0.698323
0.4 0.69282 0.6 0.694294
0.45 0.779423 0.43589 0.704296
0.5 0.866025 1.49012e-08 0.705829
0 0 1 0.700205
0.034202 0.0939693 0.994987 0.700942
0.068404 0.187939 0.979796 0.686132
0.102606 0.281908 0.953939 0.670559
0.136808 0.375877 0.916515 0.67039
0.17101 0.469846 0.866025 0.690301
0.205212 0.563816 0.8 0.703676
0.239414 0.657785 0.714143 0.691991
0.273616 0.751754 0.6 0.702037
0.307818 0.845723 0.43589 0.707871
0.34202 0.939693 1.49012e-08 0.705829
0 0 1 0.700205
0.0173648 0.0984808 0.994987 0.702075
0.0347296 0.196962 0.979796 0.692873
0.0520945 0.295442 0.953939 0.685957
0.0694593 0.393923 0.916515 0.687252
0.0868241 0.492404 0.866025 0.69802
0.104189 0.590885 0.8 0.703594
0.121554 0.689365 0.714143 0.683882
0.138919 0.787846 0.6 0.70679
0.156283 0.886327 0.43589 0.707671
0.173648 0.984808 1.49012e-08 0.705829
0 0 1 0.700205
6.12323e-18 0.1 0.994987 0.703263
1.22465e-17 0.2 0.979796 0.698045
1.83697e-17 0.3 0.953939 0.694441
2.44929e-17 0.4 0.916515 0.690475
3.06162e-17 0.5 0.866025 0.7036
3.67394e-17 0.6 0.8 0.701803
4.28626e-17 0.7 0.714143 0.677185
4.89859e-17 0.8 0.6 0.708907
5.51091e-17 0.9 0.43589 0.704242
6.12323e-17 1 1.49012e-08 0.705829
-0 0 1 0.700205
-0.0173648 0.0984808 0.994987 0.70409
-0.0347296 0.196962 0.979796 0.70067
-0.0520945 0.295442 0.953939 0.700514
-0.0694593 0.393923 0.916515 0.702295
-0.0868241 0.492404 0.866025 0.707268
-0.104189 0.590885 0.8 0.698666
-0.121554 0.689365 0.714143 0.682724
-0.138919 0.787846 0.6 0.70909
-0.156283 0.886327 0.43589 0.691842
-0.173648 0.984808 1.49012e-08 0.705829
-0 0 1 0.700205
-0.034202 0.0939693 0.994987 0.704309
-0.068404 0.187939 0.979796 0.701499
-0.102606 0.281908 0.953939 0.702821
-0.136808 0.375877 0.916515 0.705995
-0.17101 0.469846 0.866025 0.711533
-0.205212 0.563816 0.8 0.6958
-0.239414 0.657785 0.714143 0.682414
-0.273616 0.751754 0.6 0.702618
-0.307818 0.845723 0.43589 0.671397
-0.34202 0.939693 1.49012e-08 0.705829
-0 0 1 0.700205
-0.05 0.0866025 0.994987 0.703784
-0.1 0.173205 0.979796 0.702059
-0.15 0.259808 0.953939 0.700778
-0.2 0.34641 0.916515 0.703485
-0.25 0.433013 0.866025 0.707323
-0.3 0.519615 0.8 0.697715
-0.35 0.606218 0.714143 0.684342
-0.4 0.69282 0.6 0.7001
-0.45 0.779423 0.43589 0.663623
-0.5 0.866025 1.49012e-08 0.705829
-0 0 1 0.700205
-0.0642788 0.0766044 0.994987 0.70251
-0.128558 0.153209 0.979796 0.699141
-0.192836 0.229813 0.953939 0.693019
-0.257115 0.306418 0.916515 0.691501
-0.321394 0.383022 0.866025 0.694104
-0.385673 0.459627 0.8 0.699829
-0.449951 0.536231 0.714143 0.688904
-0.51423 0.612836 0.6 0.702953
-0.578509 0.68944 0.43589 0.682324
-0.642788 0.766044 1.49012e-08 0.705829
-0 0 1 0.700205
-0.0766044 0.0642788 0.994987 0.700627
-0.153209 0.128558 0.979796 0.693885
-0.229813 0.192836 0.953939 0.683485
-0.306418 0.257115 0.916515 0.681286
-0.383022 0.321394 0.866025 0.678045
-0.459627 0.385673 0.8 0.695213
-0.536231 0.449951 0.714143 0.661978
-0.612836 0.51423 0.6 0.701584
-0.68944 0.578509 0.43589 0.690846
-0.766044 0.642788 1.49012e-08 0.705829
-0 0 1 0.700205
-0.0866025 0.05 0.994987 0.698346
-0.173205 0.1 0.979796 0.689673
-0.259808 0.15 0.953939 0.681582
-0.34641 0.2 0.916515 0.690291
-0.433013 0.25 0.866025 0.696652
-0.519615 0.3 0.8 0.701044
-0.606218 0.35 0.714143 0.685276
-0.69282 0.4 0.6 0.698734
-0.779423 0.45 0.43589 0.678705
-0.866025 0.5 1.49012e-08 0.705829
-0 0 1 0.700205
-0.0939693 0.034202 0.994987 0.695828
-0.187939 0.068404 0.979796 0.68948
-0.281908 0.102606 0.953939 0.689333
-0.375877 0.136808 0.916515 0.702394
-0.469846 0.17101 0.866025 0.698576
-0.563816 0.205212 0.8 0.696556
-0.657785 0.239414 0.714143 0.693887
-0.751754 0.273616 0.6 0.678806
-0.845723 0.307818 0.43589 0.675301
-0.939693 0.34202 1.49012e-08 0.705829
-0 0 1 0.700205
-0.0984808 0.0173648 0.994987 0.6938
-0.196962 0.0347296 0.979796 0.69037
-0.295442 0.0520945 0.953939 0.698044
-0.393923 0.0694593 0.916515 0.705665
-0.492404 0.0868241 0.866025 0.697646
-0.590885 0.104189 0.8 0.670788
-0.689365 0.121554 0.714143 0.675017
-0.787846 0.138919 0.6 0.647405
-0.886327 0.156283 0.43589 0.668323
-0.984808 0.173648 1.49012e-08 0.705829
-0 0 1 0.700205
-0.1 1.22465e-17 0.994987 0.692561
-0.2 2.44929e-17 0.979796 0.688655
-0.3 3.67394e-17 0.953939 0.700661
-0.4 4.89859e-17 0.916515 0.705655
-0.5 6.12323e-17 0.866025 0.688687
-0.6 7.34788e-17 0.8 0.645099
-0.7 8.57253e-17 0.714143 0.673005
-0.8 9.79717e-17 0.6 0.693316
-0.9 1.10218e-16 0.43589 0.680753
-1 1.22465e-16 1.49012e-08 0.705829
-0 -0 1 0.700205
-0.0984808 -0.0173648 0.994987 0.691303
-0.196962 -0.0347296 0.979796 0.686525
-0.295442 -0.0520945 0.953939 0.697561
-0.393923 -0.0694593 0.916515 0.704145
-0.492404 -0.0868241 0.866025 0.687482
-0.590885 -0.104189 0.8 0.654446
-0.689365 -0.121554 0.714143 0.68936
-0.787846 -0.138919 0.6 0.703753
-0.886327 -0.156283 0.43589 0.694036
-0.984808 -0.173648 1.49012e-08 0.705829
-0 -0 1 0.700205
-0.0939693 -0.034202 0.994987 0.689917
-0.187939 -0.068404 0.979796 0.691288
-0.281908 -0.102606 0.953939 0.692867
-0.375877 -0.136808 0.916515 0.703034
-0.469846 -0.17101 0.866025 0.687698
-0.563816 -0.205212 0.8 0.682003
-0.657785 -0.239414 0.714143 0.688693
-0.751754 -0.273616 0.6 0.694568
-0.845723 -0.307818 0.43589 0.701263
-0.939693 -0.34202 1.49012e-08 0.705829
-0 -0 1 0.700205
-0.0866025 -0.05 0.994987 0.688199
-0.173205 -0.1 0.979796 0.69564
-0.259808 -0.15 0.953939 0.701169
-0.34641 -0.2 0.916515 0.70122
-0.433013 -0.25 0.866025 0.685861
-0.519615 -0.3 0.8 0.685951
-0.606218 -0.35 0.714143 0.697652
-0.69282 -0.4 0.6 0.698634
-0.779423 -0.45 0.43589 0.687333
-0.866025 -0.5 1.49012e-08 0.705829
-0 -0 1 0.700205
-0.0766044 -0.0642788 0.994987 0.685518
-0.153209 -0.128558 0.979796 0.698362
-0.229813 -0.192836 0.953939 0.702917
-0.306418 -0.257115 0.916515 0.693186
-0.383022 -0.321394 0.866025 0.671493
-0.459627 -0.385673 0.8 0.674739
-0.536231 -0.449951 0.714143 0.701672
-0.612836 -0.51423 0.6 0.693171
-0.68944 -0.578509 0.43589 0.641117
-0.766044 -0.642788 1.49012e-08 0.705829
-0 -0 1 0.700205
-0.0642788 -0.0766044 0.994987 0.681702
-0.128558 -0.153209 0.979796 0.699205
-0.192836 -0.229813 0.953939 0.702729
-0.257115 -0.306418 0.916515 0.68446
-0.321394 -0.383022 0.866025 0.631845
-0.385673 -0.459627 0.8 0.672792
-0.449951 -0.536231 0.714143 0.695769
-0.51423 -0.612836 0.6 0.682953
-0.578509 -0.68944 0.43589 0.627793
-0.642788 -0.766044 1.49012e-08 0.705829
-0 -0 1 0.700205
-0.05 -0.0866025 0.994987 0.677278
-0.1 -0.173205 0.979796 0.69878
-0.15 -0.259808 0.953939 0.703987
-0.2 -0.34641 0.916515 0.686972
-0.25 -0.433013 0.866025 0.656801
-0.3 -0.519615 0.8 0.670713
-0.35 -0.606218 0.714143 0.683582
-0.4 -0.69282 0.6 0.668746
-0.45 -0.779423 0.43589 0.654986
-0.5 -0.866025 1.49012e-08 0.705829
-0 -0 1 0.700205
-0.034202 -0.0939693 0.994987 0.676368
-0.068404 -0.187939 0.979796 0.697263
-0.102606 -0.281908 0.953939 0.704087
-0.136808 -0.375877 0.916515 0.694742
-0.17101 -0.469846 0.866025 0.669624
-0.205212 -0.563816 0.8 0.66756
-0.239414 -0.657785 0.714143 0.670141
-0.273616 -0.751754 0.6 0.635409
-0.307818 -0.845723 0.43589 0.664693
-0.34202 -0.939693 1.49012e-08 0.705829
-0 -0 1 0.700205
-0.0173648 -0.0984808 0.994987 0.679059
-0.0347296 -0.196962 0.979796 0.694101
-0.0520945 -0.295442 0.953939 0.703409
-0.0694593 -0.393923 0.916515 0.700146
-0.0868241 -0.492404 0.866025 0.688212
-0.104189 -0.590885 0.8 0.682929
-0.121554 -0.689365 0.714143 0.662803
-0.138919 -0.787846 0.6 0.594778
-0.156283 -0.886327 0.43589 0.667228
-0.173648 -0.984808 1.49012e-08 0.705829
-0 -0 1 0.700205
-1.83697e-17 -0.1 0.994987 0.682259
-3.67394e-17 -0.2 0.979796 0.689603
-5.51091e-17 -0.3 0.953939 0.699738
-7.34788e-17 -0.4 0.916515 0.704501
-9.18485e-17 -0.5 0.866025 0.70136
-1.10218e-16 -0.6 0.8 0.689427
-1.28588e-16 -0.7 0.714143 0.659744
-1.46958e-16 -0.8 0.6 0.624581
-1.65327e-16 -0.9 0.43589 0.676667
-1.83697e-16 -1 1.49012e-08 0.705829
0 -0 1 0.700205
0.0173648 -0.0984808 0.994987 0.685507
0.0347296 -0.196962 0.979796 0.68694
0.0520945 -0.295442 0.953939 0.690757
0.0694593 -0.393923 0.916515 0.703028
0.0868241 -0.492404 0.866025 0.705493
0.104189 -0.590885 0.8 0.691434
0.121554 -0.689365 0.714143 0.669199
0.138919 -0.787846 0.6 0.641485
0.156283 -0.886327 0.43589 0.68112
0.173648 -0.984808 1.49012e-08 0.705829
0 -0 1 0.700205
0.034202 -0.0939693 0.994987 0.68876
0.068404 -0.187939 0.979796 0.689482
0.102606 -0.281908 0.953939 0.682044
0.136808 -0.375877 0.916515 0.696852
0.17101 -0.469846 0.866025 0.70343
0.205212 -0.563816 0.8 0.693446
0.239414 -0.657785 0.714143 0.675053
0.273616 -0.751754 0.6 0.638631
0.307818 -0.845723 0.43589 0.675775
0.34202 -0.939693 1.49012e-08 0.705829
0 -0 1 0.700205
0.05 -0.0866025 0.994987 0.692081
0.1 -0.173205 0.979796 0.694339
0.15 -0.259808 0.953939 0.690088
0.2 -0.34641 0.916515 0.700355
0.25 -0.433013 0.866025 0.696382
0.3 -0.519615 0.8 0.68769
0.35 -0.606218 0.714143 0.681968
0.4 -0.69282 0.6 0.650186
0.45 -0.779423 0.43589 0.668069
0.5 -0.866025 1.49012e-08 0.705829
0 -0 1 0.700205
0.0642788 -0.0766044 0.994987 0.695191
0.128558 -0.153209 0.979796 0.69908
0.192836 -0.229813 0.953939 0.704482
0.257115 -0.306418 0.916515 0.709447
0.321394 -0.383022 0.866025 0.702705
0.385673 -0.459627 0.8 0.693454
0.449951 -0.536231 0.714143 0.684207
0.51423 -0.612836 0.6 0.654629
0.578509 -0.68944 0.43589 0.662256
0.642788 -0.766044 1.49012e-08 0.705829
0 -0 1 0.700205
0.0766044 -0.0642788 0.994987 0.697859
0.153209 -0.128558 0.979796 0.701878
0.229813 -0.192836 0.953939 0.711594
0.306418 -0.257115 0.916515 0.71222
0.383022 -0.321394 0.866025 0.70407
0.459627 -0.385673 0.8 0.705977
0.536231 -0.449951 0.714143 0.698622
0.612836 -0.51423 0.6 0.658253
0.68944 -0.578509 0.43589 0.637148
0.766044 -0.642788 1.49012e-08 0.705829
0 -0 1 0.700205
0.0866025 -0.05 0.994987 0.700066
0.173205 -0.1 0.979796 0.701138
0.259808 -0.15 0.953939 0.712915
0.34641 -0.2 0.916515 0.711711
0.433013 -0.25 0.866025 0.684451
0.519615 -0.3 0.8 0.703032
0.606218 -0.35 0.714143 0.701089
0.69282 -0.4 0.6 0.671046
0.779423 -0.45 0.43589 0.636813
0.866025 -0.5 1.49012e-08 0.705829
0 -0 1 0.700205
0.0939693 -0.034202 0.994987 0.701607
0.187939 -0.068404 0.979796 0.700369
0.281908 -0.102606 0.953939 0.708739
0.375877 -0.136808 0.916515 0.709173
0.469846 -0.17101 0.866025 0.693684
0.563816 -0.205212 0.8 0.699402
0.657785 -0.239414 0.714143 0.702859
0.751754 -0.273616 0.6 0.658501
0.845723 -0.307818 0.43589 0.681994
0.939693 -0.34202 1.49012e-08 0.705829
0 -0 1 0.700205
0.0984808 -0.0173648 0.994987 0.70234
0.196962 -0.0347296 0.979796 0.701434
0.295442 -0.0520945 0.953939 0.701371
0.393923 -0.0694593 0.916515 0.701263
0.492404 -0.0868241 0.866025 0.690123
0.590885 -0.104189 0.8 0.689079
0.689365 -0.121554 0.714143 0.704479
0.787846 -0.138919 0.6 0.694208
0.886327 -0.156283 0.43589 0.670734
0.984808 -0.173648 1.49012e-08 0.705829
0 -0 1 0.700205
0.1 -2.44929e-17 0.994987 0.702269
0.2 -4.89859e-17 0.979796 0.700448
0.3 -7.34788e-17 0.953939 0.696469
0.4 -9.79717e-17 0.916515 0.702718
0.5 -1.22465e-16 0.866025 0.702814
0.6 -1.46958e-16 0.8 0.695065
0.7 -1.71451e-16 0.714143 0.691497
0.8 -1.95943e-16 0.6 0.700026
0.9 -2.20436e-16 0.43589 0.674593
1 -2.44929e-16 1.49012e-08 0.705829
