0 0 1 0.697634
0.1 0 0.994987 0.679308
0.2 0 0.979796 0.682368
0.3 0 0.953939 0.689209
0.4 0 0.916515 0.686599
0.5 0 0.866025 0.691085
0.6 0 0.8 0.696105
0.7 0 0.714143 0.712816
0.8 0 0.6 0.714307
0.9 0 0.43589 0.702308
1 0 1.49012e-08 0.625561
0 0 1 0.697634
0.0984808 0.0173648 0.994987 0.684171
0.196962 0.0347296 0.979796 0.683283
0.295442 0.0520945 0.953939 0.679465
0.393923 0.0694593 0.916515 0.672019
0.492404 0.0868241 0.866025 0.672928
0.590885 0.104189 0.8 0.682381
0.689365 0.121554 0.714143 0.688408
0.787846 0.138919 0.6 0.691711
0.886327 0.156283 0.43589 0.716248
0.984808 0.173648 1.49012e-08 0.625561
0 0 1 0.697634
0.0939693 0.034202 0.994987 0.689112
0.187939 0.068404 0.979796 0.683358
0.281908 0.102606 0.953939 0.672334
0.375877 0.136808 0.916515 0.645961
0.469846 0.17101 0.866025 0.628178
0.563816 0.205212 0.8 0.641703
0.657785 0.239414 0.714143 0.662302
0.751754 0.273616 0.6 0.697716
0.845723 0.307818 0.43589 0.684419
0.939693 0.34202 1.49012e-08 0.625561
0 0 1 0.697634
0.0866025 0.05 0.994987 0.69371
0.173205 0.1 0.979796 0.686163
0.259808 0.15 0.953939 0.669266
0.34641 0.2 0.916515 0.621739
0.433013 0.25 0.866025 0.587245
0.519615 0.3 0.8 0.588671
0.606218 0.35 0.714143 0.645109
0.69282 0.4 0.6 0.681115
0.779423 0.45 0.43589 0.697567
0.866025 0.5 1.49012e-08 0.625561
0 0 1 0.697634
0.0766044 0.0642788 0.994987 0.697919
0.153209 0.128558 0.979796 0.690309
0.229813 0.192836 0.953939 0.672713
0.306418 0.257115 0.916515 0.630874
0.383022 0.321394 0.866025 0.614466
0.459627 0.385673 0.8 0.625371
0.536231 0.449951 0.714143 0.660182
0.612836 0.51423 0.6 0.703176
0.68944 0.578509 0.43589 0.702903
0.766044 0.642788 1.49012e-08 0.625561
0 0 1 0.697634
0.0642788 0.0766044 0.994987 0.7017
0.128558 0.153209 0.979796 0.697419
0.192836 0.229813 0.953939 0.682019
0.257115 0.306418 0.916515 0.657399
0.321394 0.383022 0.866025 0.648836
0.385673 0.459627 0.8 0.667398
0.449951 0.536231 0.714143 0.690581
0.51423 0.612836 0.6 0.708912
0.578509 0.68944 0.43589 0.696782
0.642788 0.766044 1.49012e-08 0.625561
0 0 1 0.697634
0.05 0.0866025 0.994987 0.705045
0.1 0.173205 0.979796 0.703575
0.15 0.259808 0.953939 0.692203
0.2 0.34641 0.916515 0.678509
0.25 0.433013 0.866025 0.676579
0.3 0.519615 0.8 0.690361
0.35 0.606218 0.714143 0.693613
0.4 0.69282 0.6 0.688306
0.45 0.779423 0.43589 0.690878
0.5 0.866025 1.49012e-08 0.625561
0 0 1 0.697634
0.034202 0.0939693 0.994987 0.707857
0.068404 0.187939 0.979796 0.708075
0.102606 0.281908 0.953939 0.698125
0.136808 0.375877 0.916515 0.690585
0.17101 0.469846 0.866025 0.697483
0.205212 0.563816 0.8 0.703336
0.239414 0.657785 0.714143 0.690795
0.273616 0.751754 0.6 0.646925
0.307818 0.845723 0.43589 0.690797
0.34202 0.939693 1.49012e-08 0.625561
0 0 1 0.697634
0.0173648 0.0984808 0.994987 0.710129
0.0347296 0.196962 0.979796 0.710627
0.0520945 0.295442 0.953939 0.699869
0.0694593 0.393923 0.916515 0.692612
0.0868241 0.492404 0.866025 0.702222
0.104189 0.590885 0.8 0.70715
0.121554 0.689365 0.714143 0.683297
0.138919 0.787846 0.6 0.650446
0.156283 0.886327 0.43589 0.684654
0.173648 0.984808 1.49012e-08 0.625561
0 0 1 0.697634
6.12323e-18 0.1 0.994987 0.71181
1.22465e-17 0.2 0.979796 0.711481
1.83697e-17 0.3 0.953939 0.695861
2.44929e-17 0.4 0.916515 0.685676
3.06162e-17 0.5 0.866025 0.697341
3.67394e-17 0.6 0.8 0.706542
4.28626e-17 0.7 0.714143 0.686288
4.89859e-17 0.8 0.6 0.681004
5.51091e-17 0.9 0.43589 0.675191
6.12323e-17 1 1.49012e-08 0.625561
-0 0 1 0.697634
-0.0173648 0.0984808 0.994987 0.712961
-0.0347296 0.196962 0.979796 0.711295
-0.0520945 0.295442 0.953939 0.690842
-0.0694593 0.393923 0.916515 0.678149
-0.0868241 0.492404 0.866025 0.696213
-0.104189 0.590885 0.8 0.705504
-0.121554 0.689365 0.714143 0.693254
-0.138919 0.787846 0.6 0.69179
-0.156283 0.886327 0.43589 0.67296
-0.173648 0.984808 1.49012e-08 0.625561
-0 0 1 0.697634
-0.034202 0.0939693 0.994987 0.713686
-0.068404 0.187939 0.979796 0.71162
-0.102606 0.281908 0.953939 0.693729
-0.136808 0.375877 0.916515 0.684962
-0.17101 0.469846 0.866025 0.695669
-0.205212 0.563816 0.8 0.696231
-0.239414 0.657785 0.714143 0.693772
-0.273616 0.751754 0.6 0.688716
-0.307818 0.845723 0.43589 0.664085
-0.34202 0.939693 1.49012e-08 0.625561
-0 0 1 0.697634
-0.05 0.0866025 0.994987 0.714012
-0.1 0.173205 0.979796 0.711521
-0.15 0.259808 0.953939 0.69829
-0.2 0.34641 0.916515 0.689613
-0.25 0.433013 0.866025 0.685091
-0.3 0.519615 0.8 0.677917
-0.35 0.606218 0.714143 0.679025
-0.4 0.69282 0.6 0.67518
-0.45 0.779423 0.43589 0.647432
-0.5 0.866025 1.49012e-08 0.625561
-0 0 1 0.697634
-0.0642788 0.0766044 0.994987 0.71398
-0.128558 0.153209 0.979796 0.71073
-0.192836 0.229813 0.953939 0.703219
-0.257115 0.306418 0.916515 0.687977
-0.321394 0.383022 0.866025 0.663282
-0.385673 0.459627 0.8 0.634392
-0.449951 0.536231 0.714143 0.639211
-0.51423 0.612836 0.6 0.644588
-0.578509 0.68944 0.43589 0.62856
-0.642788 0.766044 1.49012e-08 0.625561
-0 0 1 0.697634
-0.0766044 0.0642788 0.994987 0.713617
-0.153209 0.128558 0.979796 0.709901
-0.229813 0.192836 0.953939 0.70453
-0.306418 0.257115 0.916515 0.68186
-0.383022 0.321394 0.866025 0.631905
-0.459627 0.385673 0.8 0.572592
-0.536231 0.449951 0.714143 0.60333
-0.612836 0.51423 0.6 0.642126
-0.68944 0.578509 0.43589 0.643077
-0.766044 0.642788 1.49012e-08 0.625561
-0 0 1 0.697634
-0.0866025 0.05 0.994987 0.712981
-0.173205 0.1 0.979796 0.707956
-0.259808 0.15 0.953939 0.703204
-0.34641 0.2 0.916515 0.674828
-0.433013 0.25 0.866025 0.611311
-0.519615 0.3 0.8 0.496903
-0.606218 0.35 0.714143 0.615564
-0.69282 0.4 0.6 0.681111
-0.779423 0.45 0.43589 0.689723
-0.866025 0.5 1.49012e-08 0.625561
-0 0 1 0.697634
-0.0939693 0.034202 0.994987 0.712176
-0.187939 0.068404 0.979796 0.706667
-0.281908 0.102606 0.953939 0.701096
-0.375877 0.136808 0.916515 0.669126
-0.469846 0.17101 0.866025 0.612496
-0.563816 0.205212 0.8 0.57994
-0.657785 0.239414 0.714143 0.646887
-0.751754 0.273616 0.6 0.692067
-0.845723 0.307818 0.43589 0.705192
-0.939693 0.34202 1.49012e-08 0.625561
-0 0 1 0.697634
-0.0984808 0.0173648 0.994987 0.711253
-0.196962 0.0347296 0.979796 0.707323
-0.295442 0.0520945 0.953939 0.698493
-0.393923 0.0694593 0.916515 0.663282
-0.492404 0.0868241 0.866025 0.629989
-0.590885 0.104189 0.8 0.638595
-0.689365 0.121554 0.714143 0.680052
-0.787846 0.138919 0.6 0.688516
-0.886327 0.156283 0.43589 0.695182
-0.984808 0.173648 1.49012e-08 0.625561
-0 0 1 0.697634
-0.1 1.22465e-17 0.994987 0.710216
-0.2 2.44929e-17 0.979796 0.707444
-0.3 3.67394e-17 0.953939 0.695559
-0.4 4.89859e-17 0.916515 0.656062
-0.5 6.12323e-17 0.866025 0.639927
-0.6 7.34788e-17 0.8 0.672658
-0.7 8.57253e-17 0.714143 0.690474
-0.8 9.79717e-17 0.6 0.701157
-0.9 1.10218e-16 0.43589 0.703006
-1 1.22465e-16 1.49012e-08 0.625561
-0 -0 1 0.697634
-0.0984808 -0.0173648 0.994987 0.70885
-0.196962 -0.0347296 0.979796 0.707058
-0.295442 -0.0520945 0.953939 0.693249
-0.393923 -0.0694593 0.916515 0.653384
-0.492404 -0.0868241 0.866025 0.632707
-0.590885 -0.104189 0.8 0.67573
-0.689365 -0.121554 0.714143 0.689951
-0.787846 -0.138919 0.6 0.665855
-0.886327 -0.156283 0.43589 0.673808
-0.984808 -0.173648 1.49012e-08 0.625561
-0 -0 1 0.697634
-0.0939693 -0.034202 0.994987 0.706946
-0.187939 -0.068404 0.979796 0.70626
-0.281908 -0.102606 0.953939 0.691447
-0.375877 -0.136808 0.916515 0.656419
-0.469846 -0.17101 0.866025 0.633589
-0.563816 -0.205212 0.8 0.660215
-0.657785 -0.239414 0.714143 0.672228
-0.751754 -0.273616 0.6 0.678911
-0.845723 -0.307818 0.43589 0.693166
-0.939693 -0.34202 1.49012e-08 0.625561
-0 -0 1 0.697634
-0.0866025 -0.05 0.994987 0.704358
-0.173205 -0.1 0.979796 0.704909
-0.259808 -0.15 0.953939 0.689315
-0.34641 -0.2 0.916515 0.654329
-0.433013 -0.25 0.866025 0.617667
-0.519615 -0.3 0.8 0.626731
-0.606218 -0.35 0.714143 0.652345
-0.69282 -0.4 0.6 0.673018
-0.779423 -0.45 0.43589 0.659188
-0.866025 -0.5 1.49012e-08 0.625561
-0 -0 1 0.697634
-0.0766044 -0.0642788 0.994987 0.701006
-0.153209 -0.128558 0.979796 0.702373
-0.229813 -0.192836 0.953939 0.687207
-0.306418 -0.257115 0.916515 0.647668
-0.383022 -0.321394 0.866025 0.579949
-0.459627 -0.385673 0.8 0.563092
-0.536231 -0.449951 0.714143 0.603252
-0.612836 -0.51423 0.6 0.642447
-0.68944 -0.578509 0.43589 0.681622
-0.766044 -0.642788 1.49012e-08 0.625561
-0 -0 1 0.697634
-0.0642788 -0.0766044 0.994987 0.696874
-0.128558 -0.153209 0.979796 0.698317
-0.192836 -0.229813 0.953939 0.684882
-0.257115 -0.306418 0.916515 0.646801
-0.321394 -0.383022 0.866025 0.575449
-0.385673 -0.459627 0.8 0.524427
-0.449951 -0.536231 0.714143 0.540324
-0.51423 -0.612836 0.6 0.619978
-0.578509 -0.68944 0.43589 0.680654
-0.642788 -0.766044 1.49012e-08 0.625561
-0 -0 1 0.697634
-0.05 -0.0866025 0.994987 0.692015
-0.1 -0.173205 0.979796 0.692889
-0.15 -0.259808 0.953939 0.681788
-0.2 -0.34641 0.916515 0.655201
-0.25 -0.433013 0.866025 0.605875
-0.3 -0.519615 0.8 0.566297
-0.35 -0.606218 0.714143 0.549747
-0.4 -0.69282 0.6 0.616998
-0.45 -0.779423 0.43589 0.663647
-0.5 -0.866025 1.49012e-08 0.625561
-0 -0 1 0.697634
-0.034202 -0.0939693 0.994987 0.686451
-0.068404 -0.187939 0.979796 0.686622
-0.102606 -0.281908 0.953939 0.678621
-0.136808 -0.375877 0.916515 0.668711
-0.17101 -0.469846 0.866025 0.648201
-0.205212 -0.563816 0.8 0.62824
-0.239414 -0.657785 0.714143 0.614643
-0.273616 -0.751754 0.6 0.63286
-0.307818 -0.845723 0.43589 0.637776
-0.34202 -0.939693 1.49012e-08 0.625561
-0 -0 1 0.697634
-0.0173648 -0.0984808 0.994987 0.680167
-0.0347296 -0.196962 0.979796 0.680017
-0.0520945 -0.295442 0.953939 0.679013
-0.0694593 -0.393923 0.916515 0.684922
-0.0868241 -0.492404 0.866025 0.679884
-0.104189 -0.590885 0.8 0.669491
-0.121554 -0.689365 0.714143 0.667472
-0.138919 -0.787846 0.6 0.664959
-0.156283 -0.886327 0.43589 0.62819
-0.173648 -0.984808 1.49012e-08 0.625561
-0 -0 1 0.697634
-1.83697e-17 -0.1 0.994987 0.673269
-3.67394e-17 -0.2 0.979796 0.674195
-5.51091e-17 -0.3 0.953939 0.685562
-7.34788e-17 -0.4 0.916515 0.698802
-9.18485e-17 -0.5 0.866025 0.698293
-1.10218e-16 -0.6 0.8 0.688617
-1.28588e-16 -0.7 0.714143 0.693565
-1.46958e-16 -0.8 0.6 0.694351
-1.65327e-16 -0.9 0.43589 0.650955
-1.83697e-16 -1 1.49012e-08 0.625561
0 -0 1 0.697634
0.0173648 -0.0984808 0.994987 0.667422
0.0347296 -0.196962 0.979796 0.674768
0.0520945 -0.295442 0.953939 0.687928
0.0694593 -0.393923 0.916515 0.708003
0.0868241 -0.492404 0.866025 0.707071
0.104189 -0.590885 0.8 0.69447
0.121554 -0.689365 0.714143 0.698651
0.138919 -0.787846 0.6 0.710365
0.156283 -0.886327 0.43589 0.684322
0.173648 -0.984808 1.49012e-08 0.625561
0 -0 1 0.697634
0.034202 -0.0939693 0.994987 0.668426
0.068404 -0.187939 0.979796 0.675671
0.102606 -0.281908 0.953939 0.692957
0.136808 -0.375877 0.916515 0.714265
0.17101 -0.469846 0.866025 0.712373
0.205212 -0.563816 0.8 0.689002
0.239414 -0.657785 0.714143 0.691159
0.273616 -0.751754 0.6 0.714707
0.307818 -0.845723 0.43589 0.705843
0.34202 -0.939693 1.49012e-08 0.625561
0 -0 1 0.697634
0.05 -0.0866025 0.994987 0.671529
0.1 -0.173205 0.979796 0.675462
0.15 -0.259808 0.953939 0.69721
0.2 -0.34641 0.916515 0.717957
0.25 -0.433013 0.866025 0.717881
0.3 -0.519615 0.8 0.698628
0.35 -0.606218 0.714143 0.694799
0.4 -0.69282 0.6 0.714275
0.45 -0.779423 0.43589 0.714318
0.5 -0.866025 1.49012e-08 0.625561
0 -0 1 0.697634
0.0642788 -0.0766044 0.994987 0.674122
0.128558 -0.153209 0.979796 0.677932
0.192836 -0.229813 0.953939 0.700042
0.257115 -0.306418 0.916515 0.71858
0.321394 -0.383022 0.866025 0.718249
0.385673 -0.459627 0.8 0.706981
0.449951 -0.536231 0.714143 0.681384
0.51423 -0.612836 0.6 0.702384
0.578509 -0.68944 0.43589 0.714405
0.642788 -0.766044 1.49012e-08 0.625561
0 -0 1 0.697634
0.0766044 -0.0642788 0.994987 0.675833
0.153209 -0.128558 0.979796 0.683202
0.229813 -0.192836 0.953939 0.70516
0.306418 -0.257115 0.916515 0.719262
0.383022 -0.321394 0.866025 0.718403
0.459627 -0.385673 0.8 0.706889
0.536231 -0.449951 0.714143 0.670582
0.612836 -0.51423 0.6 0.672607
0.68944 -0.578509 0.43589 0.702089
0.766044 -0.642788 1.49012e-08 0.625561
0 -0 1 0.697634
0.0866025 -0.05 0.994987 0.6767
0.173205 -0.1 0.979796 0.685576
0.259808 -0.15 0.953939 0.707574
0.34641 -0.2 0.916515 0.719289
0.433013 -0.25 0.866025 0.716998
0.519615 -0.3 0.8 0.702672
0.606218 -0.35 0.714143 0.672013
0.69282 -0.4 0.6 0.623175
0.779423 -0.45 0.43589 0.678434
0.866025 -0.5 1.49012e-08 0.625561
0 -0 1 0.697634
0.0939693 -0.034202 0.994987 0.676882
0.187939 -0.068404 0.979796 0.684375
0.281908 -0.102606 0.953939 0.705646
0.375877 -0.136808 0.916515 0.715202
0.469846 -0.17101 0.866025 0.7063
0.563816 -0.205212 0.8 0.695319
0.657785 -0.239414 0.714143 0.686306
0.751754 -0.273616 0.6 0.686482
0.845723 -0.307818 0.43589 0.683115
0.939693 -0.34202 1.49012e-08 0.625561
0 -0 1 0.697634
0.0984808 -0.0173648 0.994987 0.677043
0.196962 -0.0347296 0.979796 0.683049
0.295442 -0.0520945 0.953939 0.698976
0.393923 -0.0694593 0.916515 0.705019
0.492404 -0.0868241 0.866025 0.69931
0.590885 -0.104189 0.8 0.694254
0.689365 -0.121554 0.714143 0.706098
0.787846 -0.138919 0.6 0.719182
0.886327 -0.156283 0.43589 0.704036
0.984808 -0.173648 1.49012e-08 0.625561
0 -0 1 0.697634
0.1 -2.44929e-17 0.994987 0.679308
0.2 -4.89859e-17 0.979796 0.682368
0.3 -7.34788e-17 0.953939 0.689209
0.4 -9.79717e-17 0.916515 0.686599
0.5 -1.22465e-16 0.866025 0.691085
0.6 -1.46958e-16 0.8 0.696105
0.7 -1.71451e-16 0.714143 0.712816
0.8 -1.95943e-16 0.6 0.714307
0.9 -2.20436e-16 0.43589 0.702308
1 -2.44929e-16 1.49012e-08 0.625561
