0 0 1 0.686207
0.1 0 0.994987 0.699499
0.2 0 0.979796 0.71062
0.3 0 0.953939 0.710178
0.4 0 0.916515 0.702918
0.5 0 0.866025 0.675937
0.6 0 0.8 0.702633
0.7 0 0.714143 0.711532
0.8 0 0.6 0.716178
0.9 0 0.43589 0.705565
1 0 1.49012e-08 0.633226
0 0 1 0.686207
0.0984808 0.0173648 0.994987 0.7028
0.196962 0.0347296 0.979796 0.713129
0.295442 0.0520945 0.953939 0.712164
0.393923 0.0694593 0.916515 0.709912
0.492404 0.0868241 0.866025 0.695314
0.590885 0.104189 0.8 0.690884
0.689365 0.121554 0.714143 0.693067
0.787846 0.138919 0.6 0.673016
0.886327 0.156283 0.43589 0.619331
0.984808 0.173648 1.49012e-08 0.633226
0 0 1 0.686207
0.0939693 0.034202 0.994987 0.70537
0.187939 0.068404 0.979796 0.715353
0.281908 0.102606 0.953939 0.712896
0.375877 0.136808 0.916515 0.713013
0.469846 0.17101 0.866025 0.709389
0.563816 0.205212 0.8 0.68996
0.657785 0.239414 0.714143 0.650257
0.751754 0.273616 0.6 0.599009
0.845723 0.307818 0.43589 0.690959
0.939693 0.34202 1.49012e-08 0.633226
0 0 1 0.686207
0.0866025 0.05 0.994987 0.707125
0.173205 0.1 0.979796 0.716589
0.259808 0.15 0.953939 0.715121
0.34641 0.2 0.916515 0.712646
0.433013 0.25 0.866025 0.708892
0.519615 0.3 0.8 0.686494
0.606218 0.35 0.714143 0.643737
0.69282 0.4 0.6 0.659725
0.779423 0.45 0.43589 0.705024
0.866025 0.5 1.49012e-08 0.633226
0 0 1 0.686207
0.0766044 0.0642788 0.994987 0.708066
0.153209 0.128558 0.979796 0.715157
0.229813 0.192836 0.953939 0.716227
0.306418 0.257115 0.916515 0.714417
0.383022 0.321394 0.866025 0.703739
0.459627 0.385673 0.8 0.670192
0.536231 0.449951 0.714143 0.645325
0.612836 0.51423 0.6 0.69225
0.68944 0.578509 0.43589 0.685522
0.766044 0.642788 1.49012e-08 0.633226
0 0 1 0.686207
0.0642788 0.0766044 0.994987 0.708682
0.128558 0.153209 0.979796 0.711283
0.192836 0.229813 0.953939 0.710835
0.257115 0.306418 0.916515 0.711659
0.321394 0.383022 0.866025 0.687119
0.385673 0.459627 0.8 0.64449
0.449951 0.536231 0.714143 0.642259
0.51423 0.612836 0.6 0.693977
0.578509 0.68944 0.43589 0.699596
0.642788 0.766044 1.49012e-08 0.633226
0 0 1 0.686207
0.05 0.0866025 0.994987 0.709143
0.1 0.173205 0.979796 0.707956
0.15 0.259808 0.953939 0.708159
0.2 0.34641 0.916515 0.706089
0.25 0.433013 0.866025 0.670605
0.3 0.519615 0.8 0.599996
0.35 0.606218 0.714143 0.657013
0.4 0.69282 0.6 0.702286
0.45 0.779423 0.43589 0.701874
0.5 0.866025 1.49012e-08 0.633226
0 0 1 0.686207
0.034202 0.0939693 0.994987 0.709303
0.068404 0.187939 0.979796 0.712668
0.102606 0.281908 0.953939 0.714085
0.136808 0.375877 0.916515 0.703783
0.17101 0.469846 0.866025 0.6657
0.205212 0.563816 0.8 0.63525
0.239414 0.657785 0.714143 0.681437
0.273616 0.751754 0.6 0.705177
0.307818 0.845723 0.43589 0.707018
0.34202 0.939693 1.49012e-08 0.633226
0 0 1 0.686207
0.0173648 0.0984808 0.994987 0.709079
0.0347296 0.196962 0.979796 0.715423
0.0520945 0.295442 0.953939 0.715639
0.0694593 0.393923 0.916515 0.702375
0.0868241 0.492404 0.866025 0.662904
0.104189 0.590885 0.8 0.639181
0.121554 0.689365 0.714143 0.692995
0.138919 0.787846 0.6 0.704976
0.156283 0.886327 0.43589 0.706503
0.173648 0.984808 1.49012e-08 0.633226
0 0 1 0.686207
6.12323e-18 0.1 0.994987 0.708113
1.22465e-17 0.2 0.979796 0.715303
1.83697e-17 0.3 0.953939 0.714337
2.44929e-17 0.4 0.916515 0.701537
3.06162e-17 0.5 0.866025 0.652284
3.67394e-17 0.6 0.8 0.656769
4.28626e-17 0.7 0.714143 0.697831
4.89859e-17 0.8 0.6 0.705293
5.51091e-17 0.9 0.43589 0.700303
6.12323e-17 1 1.49012e-08 0.633226
-0 0 1 0.686207
-0.0173648 0.0984808 0.994987 0.706266
-0.0347296 0.196962 0.979796 0.713178
-0.0520945 0.295442 0.953939 0.714389
-0.0694593 0.393923 0.916515 0.703009
-0.0868241 0.492404 0.866025 0.67088
-0.104189 0.590885 0.8 0.654907
-0.121554 0.689365 0.714143 0.695611
-0.138919 0.787846 0.6 0.70402
-0.156283 0.886327 0.43589 0.686852
-0.173648 0.984808 1.49012e-08 0.633226
-0 0 1 0.686207
-0.034202 0.0939693 0.994987 0.703538
-0.068404 0.187939 0.979796 0.708698
-0.102606 0.281908 0.953939 0.711458
-0.136808 0.375877 0.916515 0.705508
-0.17101 0.469846 0.866025 0.679828
-0.205212 0.563816 0.8 0.658097
-0.239414 0.657785 0.714143 0.685549
-0.273616 0.751754 0.6 0.693193
-0.307818 0.845723 0.43589 0.666308
-0.34202 0.939693 1.49012e-08 0.633226
-0 0 1 0.686207
-0.05 0.0866025 0.994987 0.70003
-0.1 0.173205 0.979796 0.700803
-0.15 0.259808 0.953939 0.70711
-0.2 0.34641 0.916515 0.704837
-0.25 0.433013 0.866025 0.683333
-0.3 0.519615 0.8 0.654258
-0.35 0.606218 0.714143 0.662586
-0.4 0.69282 0.6 0.67149
-0.45 0.779423 0.43589 0.64061
-0.5 0.866025 1.49012e-08 0.633226
-0 0 1 0.686207
-0.0642788 0.0766044 0.994987 0.695975
-0.128558 0.153209 0.979796 0.68864
-0.192836 0.229813 0.953939 0.698491
-0.257115 0.306418 0.916515 0.698623
-0.321394 0.383022 0.866025 0.679834
-0.385673 0.459627 0.8 0.640755
-0.449951 0.536231 0.714143 0.617326
-0.51423 0.612836 0.6 0.637853
-0.578509 0.68944 0.43589 0.636841
-0.642788 0.766044 1.49012e-08 0.633226
-0 0 1 0.686207
-0.0766044 0.0642788 0.994987 0.691712
-0.153209 0.128558 0.979796 0.674679
-0.229813 0.192836 0.953939 0.684605
-0.306418 0.257115 0.916515 0.686526
-0.383022 0.321394 0.866025 0.669255
-0.459627 0.385673 0.8 0.61631
-0.536231 0.449951 0.714143 0.530054
-0.612836 0.51423 0.6 0.588915
-0.68944 0.578509 0.43589 0.66256
-0.766044 0.642788 1.49012e-08 0.633226
-0 0 1 0.686207
-0.0866025 0.05 0.994987 0.687595
-0.173205 0.1 0.979796 0.660338
-0.259808 0.15 0.953939 0.671457
-0.34641 0.2 0.916515 0.674346
-0.433013 0.25 0.866025 0.660642
-0.519615 0.3 0.8 0.604152
-0.606218 0.35 0.714143 0.479982
-0.69282 0.4 0.6 0.527723
-0.779423 0.45 0.43589 0.673647
-0.866025 0.5 1.49012e-08 0.633226
-0 0 1 0.686207
-0.0939693 0.034202 0.994987 0.683805
-0.187939 0.068404 0.979796 0.661859
-0.281908 0.102606 0.953939 0.664128
-0.375877 0.136808 0.916515 0.674598
-0.469846 0.17101 0.866025 0.670171
-0.563816 0.205212 0.8 0.62658
-0.657785 0.239414 0.714143 0.53262
-0.751754 0.273616 0.6 0.536275
-0.845723 0.307818 0.43589 0.658577
-0.939693 0.34202 1.49012e-08 0.633226
-0 0 1 0.686207
-0.0984808 0.0173648 0.994987 0.680272
-0.196962 0.0347296 0.979796 0.661763
-0.295442 0.0520945 0.953939 0.666125
-0.393923 0.0694593 0.916515 0.684991
-0.492404 0.0868241 0.866025 0.688496
-0.590885 0.104189 0.8 0.661947
-0.689365 0.121554 0.714143 0.625247
-0.787846 0.138919 0.6 0.63923
-0.886327 0.156283 0.43589 0.659158
-0.984808 0.173648 1.49012e-08 0.633226
-0 0 1 0.686207
-0.1 1.22465e-17 0.994987 0.677108
-0.2 2.44929e-17 0.979796 0.664581
-0.3 3.67394e-17 0.953939 0.675412
-0.4 4.89859e-17 0.916515 0.696868
-0.5 6.12323e-17 0.866025 0.699454
-0.6 7.34788e-17 0.8 0.674946
-0.7 8.57253e-17 0.714143 0.628434
-0.8 9.79717e-17 0.6 0.674347
-0.9 1.10218e-16 0.43589 0.70245
-1 1.22465e-16 1.49012e-08 0.633226
-0 -0 1 0.686207
-0.0984808 -0.0173648 0.994987 0.675376
-0.196962 -0.0347296 0.979796 0.671447
-0.295442 -0.0520945 0.953939 0.687191
-0.393923 -0.0694593 0.916515 0.704956
-0.492404 -0.0868241 0.866025 0.705036
-0.590885 -0.104189 0.8 0.685753
-0.689365 -0.121554 0.714143 0.63134
-0.787846 -0.138919 0.6 0.665417
-0.886327 -0.156283 0.43589 0.704282
-0.984808 -0.173648 1.49012e-08 0.633226
-0 -0 1 0.686207
-0.0939693 -0.034202 0.994987 0.673289
-0.187939 -0.068404 0.979796 0.676383
-0.281908 -0.102606 0.953939 0.695633
-0.375877 -0.136808 0.916515 0.706258
-0.469846 -0.17101 0.866025 0.704272
-0.563816 -0.205212 0.8 0.695439
-0.657785 -0.239414 0.714143 0.657744
-0.751754 -0.273616 0.6 0.620602
-0.845723 -0.307818 0.43589 0.617365
-0.939693 -0.34202 1.49012e-08 0.633226
-0 -0 1 0.686207
-0.0866025 -0.05 0.994987 0.670627
-0.173205 -0.1 0.979796 0.677806
-0.259808 -0.15 0.953939 0.699153
-0.34641 -0.2 0.916515 0.708416
-0.433013 -0.25 0.866025 0.703395
-0.519615 -0.3 0.8 0.697796
-0.606218 -0.35 0.714143 0.663023
-0.69282 -0.4 0.6 0.589808
-0.779423 -0.45 0.43589 0.627786
-0.866025 -0.5 1.49012e-08 0.633226
-0 -0 1 0.686207
-0.0766044 -0.0642788 0.994987 0.667064
-0.153209 -0.128558 0.979796 0.675192
-0.229813 -0.192836 0.953939 0.697462
-0.306418 -0.257115 0.916515 0.706357
-0.383022 -0.321394 0.866025 0.697714
-0.459627 -0.385673 0.8 0.695866
-0.536231 -0.449951 0.714143 0.685937
-0.612836 -0.51423 0.6 0.672359
-0.68944 -0.578509 0.43589 0.662121
-0.766044 -0.642788 1.49012e-08 0.633226
-0 -0 1 0.686207
-0.0642788 -0.0766044 0.994987 0.662379
-0.128558 -0.153209 0.979796 0.667544
-0.192836 -0.229813 0.953939 0.689447
-0.257115 -0.306418 0.916515 0.701227
-0.321394 -0.383022 0.866025 0.695004
-0.385673 -0.459627 0.8 0.697031
-0.449951 -0.536231 0.714143 0.702584
-0.51423 -0.612836 0.6 0.702427
-0.578509 -0.68944 0.43589 0.687389
-0.642788 -0.766044 1.49012e-08 0.633226
-0 -0 1 0.686207
-0.05 -0.0866025 0.994987 0.656835
-0.1 -0.173205 0.979796 0.656065
-0.15 -0.259808 0.953939 0.675392
-0.2 -0.34641 0.916515 0.69557
-0.25 -0.433013 0.866025 0.696903
-0.3 -0.519615 0.8 0.681107
-0.35 -0.606218 0.714143 0.709215
-0.4 -0.69282 0.6 0.710944
-0.45 -0.779423 0.43589 0.706073
-0.5 -0.866025 1.49012e-08 0.633226
-0 -0 1 0.686207
-0.034202 -0.0939693 0.994987 0.651346
-0.068404 -0.187939 0.979796 0.643244
-0.102606 -0.281908 0.953939 0.660203
-0.136808 -0.375877 0.916515 0.690499
-0.17101 -0.469846 0.866025 0.700214
-0.205212 -0.563816 0.8 0.705139
-0.239414 -0.657785 0.714143 0.713107
-0.273616 -0.751754 0.6 0.703244
-0.307818 -0.845723 0.43589 0.713858
-0.34202 -0.939693 1.49012e-08 0.633226
-0 -0 1 0.686207
-0.0173648 -0.0984808 0.994987 0.647379
-0.0347296 -0.196962 0.979796 0.636483
-0.0520945 -0.295442 0.953939 0.660134
-0.0694593 -0.393923 0.916515 0.690507
-0.0868241 -0.492404 0.866025 0.705911
-0.104189 -0.590885 0.8 0.714454
-0.121554 -0.689365 0.714143 0.704253
-0.138919 -0.787846 0.6 0.692693
-0.156283 -0.886327 0.43589 0.712764
-0.173648 -0.984808 1.49012e-08 0.633226
-0 -0 1 0.686207
-1.83697e-17 -0.1 0.994987 0.646387
-3.67394e-17 -0.2 0.979796 0.635804
-5.51091e-17 -0.3 0.953939 0.65813
-7.34788e-17 -0.4 0.916515 0.684431
-9.18485e-17 -0.5 0.866025 0.702388
-1.10218e-16 -0.6 0.8 0.710518
-1.28588e-16 -0.7 0.714143 0.70389
-1.46958e-16 -0.8 0.6 0.708224
-1.65327e-16 -0.9 0.43589 0.706494
-1.83697e-16 -1 1.49012e-08 0.633226
0 -0 1 0.686207
0.0173648 -0.0984808 0.994987 0.649349
0.0347296 -0.196962 0.979796 0.638644
0.0520945 -0.295442 0.953939 0.649374
0.0694593 -0.393923 0.916515 0.669741
0.0868241 -0.492404 0.866025 0.687678
0.104189 -0.590885 0.8 0.70003
0.121554 -0.689365 0.714143 0.714575
0.138919 -0.787846 0.6 0.713466
0.156283 -0.886327 0.43589 0.696738
0.173648 -0.984808 1.49012e-08 0.633226
0 -0 1 0.686207
0.034202 -0.0939693 0.994987 0.655628
0.068404 -0.187939 0.979796 0.645411
0.102606 -0.281908 0.953939 0.63963
0.136808 -0.375877 0.916515 0.646867
0.17101 -0.469846 0.866025 0.664071
0.205212 -0.563816 0.8 0.688796
0.239414 -0.657785 0.714143 0.714245
0.273616 -0.751754 0.6 0.715194
0.307818 -0.845723 0.43589 0.702677
0.34202 -0.939693 1.49012e-08 0.633226
0 -0 1 0.686207
0.05 -0.0866025 0.994987 0.663338
0.1 -0.173205 0.979796 0.655757
0.15 -0.259808 0.953939 0.642681
0.2 -0.34641 0.916515 0.622537
0.25 -0.433013 0.866025 0.634733
0.3 -0.519615 0.8 0.676568
0.35 -0.606218 0.714143 0.703941
0.4 -0.69282 0.6 0.71265
0.45 -0.779423 0.43589 0.71023
0.5 -0.866025 1.49012e-08 0.633226
0 -0 1 0.686207
0.0642788 -0.0766044 0.994987 0.671155
0.128558 -0.153209 0.979796 0.668235
0.192836 -0.229813 0.953939 0.65827
0.257115 -0.306418 0.916515 0.63325
0.321394 -0.383022 0.866025 0.632391
0.385673 -0.459627 0.8 0.666305
0.449951 -0.536231 0.714143 0.672007
0.51423 -0.612836 0.6 0.691661
0.578509 -0.68944 0.43589 0.708083
0.642788 -0.766044 1.49012e-08 0.633226
0 -0 1 0.686207
0.0766044 -0.0642788 0.994987 0.678441
0.153209 -0.128558 0.979796 0.680862
0.229813 -0.192836 0.953939 0.674123
0.306418 -0.257115 0.916515 0.659209
0.383022 -0.321394 0.866025 0.657235
0.459627 -0.385673 0.8 0.678347
0.536231 -0.449951 0.714143 0.669851
0.612836 -0.51423 0.6 0.663005
0.68944 -0.578509 0.43589 0.689273
0.766044 -0.642788 1.49012e-08 0.633226
0 -0 1 0.686207
0.0866025 -0.05 0.994987 0.684939
0.173205 -0.1 0.979796 0.691898
0.259808 -0.15 0.953939 0.687778
0.34641 -0.2 0.916515 0.676981
0.433013 -0.25 0.866025 0.689244
0.519615 -0.3 0.8 0.704098
0.606218 -0.35 0.714143 0.703035
0.69282 -0.4 0.6 0.661092
0.779423 -0.45 0.43589 0.639799
0.866025 -0.5 1.49012e-08 0.633226
0 -0 1 0.686207
0.0939693 -0.034202 0.994987 0.690588
0.187939 -0.068404 0.979796 0.700515
0.281908 -0.102606 0.953939 0.697669
0.375877 -0.136808 0.916515 0.687815
0.469846 -0.17101 0.866025 0.700162
0.563816 -0.205212 0.8 0.713085
0.657785 -0.239414 0.714143 0.719368
0.751754 -0.273616 0.6 0.713987
0.845723 -0.307818 0.43589 0.684591
0.939693 -0.34202 1.49012e-08 0.633226
0 -0 1 0.686207
0.0984808 -0.0173648 0.994987 0.69544
0.196962 -0.0347296 0.979796 0.706716
0.295442 -0.0520945 0.953939 0.705161
0.393923 -0.0694593 0.916515 0.696517
0.492404 -0.0868241 0.866025 0.691441
0.590885 -0.104189 0.8 0.715567
0.689365 -0.121554 0.714143 0.713986
0.787846 -0.138919 0.6 0.7186
0.886327 -0.156283 0.43589 0.707347
0.984808 -0.173648 1.49012e-08 0.633226
0 -0 1 0.686207
0.1 -2.44929e-17 0.994987 0.699499
0.2 -4.89859e-17 0.979796 0.71062
0.3 -7.34788e-17 0.953939 0.710178
0.4 -9.79717e-17 0.916515 0.702918
0.5 -1.22465e-16 0.866025 0.675937
0.6 -1.46958e-16 0.8 0.702633
0.7 -1.71451e-16 0.714143 0.711532
0.8 -1.95943e-16 0.6 0.716178
0.9 -2.20436e-16 0.43589 0.705565
1 -2.44929e-16 1.49012e-08 0.633226
