0 0 1 0.683961
0.1 0 0.994987 0.694115
0.2 0 0.979796 0.697422
0.3 0 0.953939 0.704635
0.4 0 0.916515 0.691022
0.5 0 0.866025 0.643964
0.6 0 0.8 0.604942
0.7 0 0.714143 0.660299
0.8 0 0.6 0.695016
0.9 0 0.43589 0.695651
1 0 1.49012e-08 0.716375
0 0 1 0.683961
0.0984808 0.0173648 0.994987 0.69412
0.196962 0.0347296 0.979796 0.695545
0.295442 0.0520945 0.953939 0.706897
0.393923 0.0694593 0.916515 0.699129
0.492404 0.0868241 0.866025 0.664788
0.590885 0.104189 0.8 0.622951
0.689365 0.121554 0.714143 0.651802
0.787846 0.138919 0.6 0.700041
0.886327 0.156283 0.43589 0.713891
0.984808 0.173648 1.49012e-08 0.716375
0 0 1 0.683961
0.0939693 0.034202 0.994987 0.694134
0.187939 0.068404 0.979796 0.688906
0.281908 0.102606 0.953939 0.708672
0.375877 0.136808 0.916515 0.708535
0.469846 0.17101 0.866025 0.69388
0.563816 0.205212 0.8 0.672387
0.657785 0.239414 0.714143 0.655794
0.751754 0.273616 0.6 0.645954
0.845723 0.307818 0.43589 0.664372
0.939693 0.34202 1.49012e-08 0.716375
0 0 1 0.683961
0.0866025 0.05 0.994987 0.694729
0.173205 0.1 0.979796 0.678799
0.259808 0.15 0.953939 0.70952
0.34641 0.2 0.916515 0.713163
0.433013 0.25 0.866025 0.707866
0.519615 0.3 0.8 0.69718
0.606218 0.35 0.714143 0.67404
0.69282 0.4 0.6 0.664125
0.779423 0.45 0.43589 0.596958
0.866025 0.5 1.49012e-08 0.716375
0 0 1 0.683961
0.0766044 0.0642788 0.994987 0.695839
0.153209 0.128558 0.979796 0.690087
0.229813 0.192836 0.953939 0.710885
0.306418 0.257115 0.916515 0.710535
0.383022 0.321394 0.866025 0.707071
0.459627 0.385673 0.8 0.708199
0.536231 0.449951 0.714143 0.704453
0.612836 0.51423 0.6 0.686568
0.68944 0.578509 0.43589 0.662649
0.766044 0.642788 1.49012e-08 0.716375
0 0 1 0.683961
0.0642788 0.0766044 0.994987 0.697114
0.128558 0.153209 0.979796 0.699603
0.192836 0.229813 0.953939 0.711456
0.257115 0.306418 0.916515 0.70875
0.321394 0.383022 0.866025 0.712207
0.385673 0.459627 0.8 0.71147
0.449951 0.536231 0.714143 0.713757
0.51423 0.612836 0.6 0.698903
0.578509 0.68944 0.43589 0.696544
0.642788 0.766044 1.49012e-08 0.716375
0 0 1 0.683961
0.05 0.0866025 0.994987 0.698214
0.1 0.173205 0.979796 0.704341
0.15 0.259808 0.953939 0.710101
0.2 0.34641 0.916515 0.71615
0.25 0.433013 0.866025 0.711787
0.3 0.519615 0.8 0.714847
0.35 0.606218 0.714143 0.709756
0.4 0.69282 0.6 0.696071
0.45 0.779423 0.43589 0.713501
0.5 0.866025 1.49012e-08 0.716375
0 0 1 0.683961
0.034202 0.0939693 0.994987 0.698922
0.068404 0.187939 0.979796 0.706275
0.102606 0.281908 0.953939 0.711262
0.136808 0.375877 0.916515 0.713888
0.17101 0.469846 0.866025 0.70327
0.205212 0.563816 0.8 0.704734
0.239414 0.657785 0.714143 0.69686
0.273616 0.751754 0.6 0.704266
0.307818 0.845723 0.43589 0.720999
0.34202 0.939693 1.49012e-08 0.716375
0 0 1 0.683961
0.0173648 0.0984808 0.994987 0.699085
0.0347296 0.196962 0.979796 0.706776
0.0520945 0.295442 0.953939 0.71169
0.0694593 0.393923 0.916515 0.704868
0.0868241 0.492404 0.866025 0.698284
0.104189 0.590885 0.8 0.692259
0.121554 0.689365 0.714143 0.68823
0.138919 0.787846 0.6 0.71221
0.156283 0.886327 0.43589 0.72337
0.173648 0.984808 1.49012e-08 0.716375
0 0 1 0.683961
6.12323e-18 0.1 0.994987 0.698903
1.22465e-17 0.2 0.979796 0.706199
1.83697e-17 0.3 0.953939 0.71025
2.44929e-17 0.4 0.916515 0.694631
3.06162e-17 0.5 0.866025 0.683653
3.67394e-17 0.6 0.8 0.691548
4.28626e-17 0.7 0.714143 0.690573
4.89859e-17 0.8 0.6 0.715559
5.51091e-17 0.9 0.43589 0.723252
6.12323e-17 1 1.49012e-08 0.716375
-0 0 1 0.683961
-0.0173648 0.0984808 0.994987 0.699051
-0.0347296 0.196962 0.979796 0.705893
-0.0520945 0.295442 0.953939 0.708304
-0.0694593 0.393923 0.916515 0.698516
-0.0868241 0.492404 0.866025 0.689602
-0.104189 0.590885 0.8 0.693807
-0.121554 0.689365 0.714143 0.668042
-0.138919 0.787846 0.6 0.714134
-0.156283 0.886327 0.43589 0.720743
-0.173648 0.984808 1.49012e-08 0.716375
-0 0 1 0.683961
-0.034202 0.0939693 0.994987 0.698471
-0.068404 0.187939 0.979796 0.704007
-0.102606 0.281908 0.953939 0.704506
-0.136808 0.375877 0.916515 0.699641
-0.17101 0.469846 0.866025 0.695924
-0.205212 0.563816 0.8 0.70914
-0.239414 0.657785 0.714143 0.702588
-0.273616 0.751754 0.6 0.711603
-0.307818 0.845723 0.43589 0.720175
-0.34202 0.939693 1.49012e-08 0.716375
-0 0 1 0.683961
-0.05 0.0866025 0.994987 0.697107
-0.1 0.173205 0.979796 0.69968
-0.15 0.259808 0.953939 0.700263
-0.2 0.34641 0.916515 0.69821
-0.25 0.433013 0.866025 0.69611
-0.3 0.519615 0.8 0.716601
-0.35 0.606218 0.714143 0.719241
-0.4 0.69282 0.6 0.713438
-0.45 0.779423 0.43589 0.7141
-0.5 0.866025 1.49012e-08 0.716375
-0 0 1 0.683961
-0.0642788 0.0766044 0.994987 0.69505
-0.128558 0.153209 0.979796 0.692328
-0.192836 0.229813 0.953939 0.691764
-0.257115 0.306418 0.916515 0.694115
-0.321394 0.383022 0.866025 0.698181
-0.385673 0.459627 0.8 0.716554
-0.449951 0.536231 0.714143 0.7208
-0.51423 0.612836 0.6 0.720211
-0.578509 0.68944 0.43589 0.694157
-0.642788 0.766044 1.49012e-08 0.716375
-0 0 1 0.683961
-0.0766044 0.0642788 0.994987 0.692414
-0.153209 0.128558 0.979796 0.682456
-0.229813 0.192836 0.953939 0.675756
-0.306418 0.257115 0.916515 0.681696
-0.383022 0.321394 0.866025 0.684764
-0.459627 0.385673 0.8 0.706744
-0.536231 0.449951 0.714143 0.714604
-0.612836 0.51423 0.6 0.722052
-0.68944 0.578509 0.43589 0.697684
-0.766044 0.642788 1.49012e-08 0.716375
-0 0 1 0.683961
-0.0866025 0.05 0.994987 0.689352
-0.173205 0.1 0.979796 0.675049
-0.259808 0.15 0.953939 0.653595
-0.34641 0.2 0.916515 0.671245
-0.433013 0.25 0.866025 0.691915
-0.519615 0.3 0.8 0.701291
-0.606218 0.35 0.714143 0.693943
-0.69282 0.4 0.6 0.698587
-0.779423 0.45 0.43589 0.712313
-0.866025 0.5 1.49012e-08 0.716375
-0 0 1 0.683961
-0.0939693 0.034202 0.994987 0.68646
-0.187939 0.068404 0.979796 0.674412
-0.281908 0.102606 0.953939 0.628308
-0.375877 0.136808 0.916515 0.666558
-0.469846 0.17101 0.866025 0.692532
-0.563816 0.205212 0.8 0.71017
-0.657785 0.239414 0.714143 0.713364
-0.751754 0.273616 0.6 0.716165
-0.845723 0.307818 0.43589 0.711244
-0.939693 0.34202 1.49012e-08 0.716375
-0 0 1 0.683961
-0.0984808 0.0173648 0.994987 0.687349
-0.196962 0.0347296 0.979796 0.679543
-0.295442 0.0520945 0.953939 0.653469
-0.393923 0.0694593 0.916515 0.66031
-0.492404 0.0868241 0.866025 0.677503
-0.590885 0.104189 0.8 0.693005
-0.689365 0.121554 0.714143 0.713333
-0.787846 0.138919 0.6 0.705406
-0.886327 0.156283 0.43589 0.724534
-0.984808 0.173648 1.49012e-08 0.716375
-0 0 1 0.683961
-0.1 1.22465e-17 0.994987 0.689455
-0.2 2.44929e-17 0.979796 0.687159
-0.3 3.67394e-17 0.953939 0.675493
-0.4 4.89859e-17 0.916515 0.657834
-0.5 6.12323e-17 0.866025 0.660413
-0.6 7.34788e-17 0.8 0.679571
-0.7 8.57253e-17 0.714143 0.701251
-0.8 9.79717e-17 0.6 0.698275
-0.9 1.10218e-16 0.43589 0.701356
-1 1.22465e-16 1.49012e-08 0.716375
-0 -0 1 0.683961
-0.0984808 -0.0173648 0.994987 0.691672
-0.196962 -0.0347296 0.979796 0.694581
-0.295442 -0.0520945 0.953939 0.691465
-0.393923 -0.0694593 0.916515 0.682063
-0.492404 -0.0868241 0.866025 0.664028
-0.590885 -0.104189 0.8 0.661655
-0.689365 -0.121554 0.714143 0.692908
-0.787846 -0.138919 0.6 0.7062
-0.886327 -0.156283 0.43589 0.71747
-0.984808 -0.173648 1.49012e-08 0.716375
-0 -0 1 0.683961
-0.0939693 -0.034202 0.994987 0.693566
-0.187939 -0.068404 0.979796 0.70102
-0.281908 -0.102606 0.953939 0.703468
-0.375877 -0.136808 0.916515 0.699488
-0.469846 -0.17101 0.866025 0.690465
-0.563816 -0.205212 0.8 0.692352
-0.657785 -0.239414 0.714143 0.698221
-0.751754 -0.273616 0.6 0.697221
-0.845723 -0.307818 0.43589 0.685251
-0.939693 -0.34202 1.49012e-08 0.716375
-0 -0 1 0.683961
-0.0866025 -0.05 0.994987 0.695038
-0.173205 -0.1 0.979796 0.706039
-0.259808 -0.15 0.953939 0.710846
-0.34641 -0.2 0.916515 0.706985
-0.433013 -0.25 0.866025 0.702152
-0.519615 -0.3 0.8 0.711626
-0.606218 -0.35 0.714143 0.709856
-0.69282 -0.4 0.6 0.706526
-0.779423 -0.45 0.43589 0.718492
-0.866025 -0.5 1.49012e-08 0.716375
-0 -0 1 0.683961
-0.0766044 -0.0642788 0.994987 0.696165
-0.153209 -0.128558 0.979796 0.71014
-0.229813 -0.192836 0.953939 0.714606
-0.306418 -0.257115 0.916515 0.713154
-0.383022 -0.321394 0.866025 0.716156
-0.459627 -0.385673 0.8 0.721668
-0.536231 -0.449951 0.714143 0.716872
-0.612836 -0.51423 0.6 0.722318
-0.68944 -0.578509 0.43589 0.719555
-0.766044 -0.642788 1.49012e-08 0.716375
-0 -0 1 0.683961
-0.0642788 -0.0766044 0.994987 0.697018
-0.128558 -0.153209 0.979796 0.713606
-0.192836 -0.229813 0.953939 0.716064
-0.257115 -0.306418 0.916515 0.712238
-0.321394 -0.383022 0.866025 0.71923
-0.385673 -0.459627 0.8 0.717794
-0.449951 -0.536231 0.714143 0.721043
-0.51423 -0.612836 0.6 0.717486
-0.578509 -0.68944 0.43589 0.713813
-0.642788 -0.766044 1.49012e-08 0.716375
-0 -0 1 0.683961
-0.05 -0.0866025 0.994987 0.697118
-0.1 -0.173205 0.979796 0.714831
-0.15 -0.259808 0.953939 0.714281
-0.2 -0.34641 0.916515 0.700915
-0.25 -0.433013 0.866025 0.712321
-0.3 -0.519615 0.8 0.706252
-0.35 -0.606218 0.714143 0.717302
-0.4 -0.69282 0.6 0.717431
-0.45 -0.779423 0.43589 0.693401
-0.5 -0.866025 1.49012e-08 0.716375
-0 -0 1 0.683961
-0.034202 -0.0939693 0.994987 0.696137
-0.068404 -0.187939 0.979796 0.714107
-0.102606 -0.281908 0.953939 0.712489
-0.136808 -0.375877 0.916515 0.69849
-0.17101 -0.469846 0.866025 0.707933
-0.205212 -0.563816 0.8 0.714615
-0.239414 -0.657785 0.714143 0.718442
-0.273616 -0.751754 0.6 0.70936
-0.307818 -0.845723 0.43589 0.667778
-0.34202 -0.939693 1.49012e-08 0.716375
-0 -0 1 0.683961
-0.0173648 -0.0984808 0.994987 0.694165
-0.0347296 -0.196962 0.979796 0.711867
-0.0520945 -0.295442 0.953939 0.71266
-0.0694593 -0.393923 0.916515 0.699744
-0.0868241 -0.492404 0.866025 0.709396
-0.104189 -0.590885 0.8 0.715153
-0.121554 -0.689365 0.714143 0.710218
-0.138919 -0.787846 0.6 0.687506
-0.156283 -0.886327 0.43589 0.649825
-0.173648 -0.984808 1.49012e-08 0.716375
-0 -0 1 0.683961
-1.83697e-17 -0.1 0.994987 0.691556
-3.67394e-17 -0.2 0.979796 0.708348
-5.51091e-17 -0.3 0.953939 0.714099
-7.34788e-17 -0.4 0.916515 0.709523
-9.18485e-17 -0.5 0.866025 0.713153
-1.10218e-16 -0.6 0.8 0.706885
-1.28588e-16 -0.7 0.714143 0.68662
-1.46958e-16 -0.8 0.6 0.655357
-1.65327e-16 -0.9 0.43589 0.639251
-1.83697e-16 -1 1.49012e-08 0.716375
0 -0 1 0.683961
0.0173648 -0.0984808 0.994987 0.688928
0.0347296 -0.196962 0.979796 0.704018
0.0520945 -0.295442 0.953939 0.712991
0.0694593 -0.393923 0.916515 0.706422
0.0868241 -0.492404 0.866025 0.709802
0.104189 -0.590885 0.8 0.696608
0.121554 -0.689365 0.714143 0.644215
0.138919 -0.787846 0.6 0.618841
0.156283 -0.886327 0.43589 0.630772
0.173648 -0.984808 1.49012e-08 0.716375
0 -0 1 0.683961
0.034202 -0.0939693 0.994987 0.687059
0.068404 -0.187939 0.979796 0.699913
0.102606 -0.281908 0.953939 0.709986
0.136808 -0.375877 0.916515 0.704331
0.17101 -0.469846 0.866025 0.700937
0.205212 -0.563816 0.8 0.684984
0.239414 -0.657785 0.714143 0.641583
0.273616 -0.751754 0.6 0.624664
0.307818 -0.845723 0.43589 0.636215
0.34202 -0.939693 1.49012e-08 0.716375
0 -0 1 0.683961
0.05 -0.0866025 0.994987 0.686671
0.1 -0.173205 0.979796 0.699465
0.15 -0.259808 0.953939 0.705274
0.2 -0.34641 0.916515 0.696088
0.25 -0.433013 0.866025 0.685827
0.3 -0.519615 0.8 0.666613
0.35 -0.606218 0.714143 0.651386
0.4 -0.69282 0.6 0.662458
0.45 -0.779423 0.43589 0.667275
0.5 -0.866025 1.49012e-08 0.716375
0 -0 1 0.683961
0.0642788 -0.0766044 0.994987 0.688107
0.128558 -0.153209 0.979796 0.702285
0.192836 -0.229813 0.953939 0.705544
0.257115 -0.306418 0.916515 0.694035
0.321394 -0.383022 0.866025 0.667748
0.385673 -0.459627 0.8 0.634044
0.449951 -0.536231 0.714143 0.659183
0.51423 -0.612836 0.6 0.689621
0.578509 -0.68944 0.43589 0.68921
0.642788 -0.766044 1.49012e-08 0.716375
0 -0 1 0.683961
0.0766044 -0.0642788 0.994987 0.690333
0.153209 -0.128558 0.979796 0.705195
0.229813 -0.192836 0.953939 0.708875
0.306418 -0.257115 0.916515 0.695784
0.383022 -0.321394 0.866025 0.661072
0.459627 -0.385673 0.8 0.626413
0.536231 -0.449951 0.714143 0.664743
0.612836 -0.51423 0.6 0.703245
0.68944 -0.578509 0.43589 0.705113
0.766044 -0.642788 1.49012e-08 0.716375
0 -0 1 0.683961
0.0866025 -0.05 0.994987 0.692209
0.173205 -0.1 0.979796 0.706073
0.259808 -0.15 0.953939 0.708798
0.34641 -0.2 0.916515 0.695366
0.433013 -0.25 0.866025 0.665676
0.519615 -0.3 0.8 0.651705
0.606218 -0.35 0.714143 0.688444
0.69282 -0.4 0.6 0.711579
0.779423 -0.45 0.43589 0.717277
0.866025 -0.5 1.49012e-08 0.716375
0 -0 1 0.683961
0.0939693 -0.034202 0.994987 0.693371
0.187939 -0.068404 0.979796 0.704191
0.281908 -0.102606 0.953939 0.705889
0.375877 -0.136808 0.916515 0.691926
0.469846 -0.17101 0.866025 0.658018
0.563816 -0.205212 0.8 0.652747
0.657785 -0.239414 0.714143 0.692715
0.751754 -0.273616 0.6 0.713003
0.845723 -0.307818 0.43589 0.714352
0.939693 -0.34202 1.49012e-08 0.716375
0 -0 1 0.683961
0.0984808 -0.0173648 0.994987 0.693904
0.196962 -0.0347296 0.979796 0.699377
0.295442 -0.0520945 0.953939 0.704276
0.393923 -0.0694593 0.916515 0.68824
0.492404 -0.0868241 0.866025 0.637736
0.590885 -0.104189 0.8 0.60707
0.689365 -0.121554 0.714143 0.682134
0.787846 -0.138919 0.6 0.715297
0.886327 -0.156283 0.43589 0.721822
0.984808 -0.173648 1.49012e-08 0.716375
0 -0 1 0.683961
0.1 -2.44929e-17 0.994987 0.694115
0.2 -4.89859e-17 0.979796 0.697422
0.3 -7.34788e-17 0.953939 0.704635
0.4 -9.79717e-17 0.916515 0.691022
0.5 -1.22465e-16 0.866025 0.643964
0.6 -1.46958e-16 0.8 0.604942
0.7 -1.71451e-16 0.714143 0.660299
0.8 -1.95943e-16 0.6 0.695016
0.9 -2.20436e-16 0.43589 0.695651
1 -2.44929e-16 1.49012e-08 0.716375
