0 0 1 0.620243
0.1 0 0.994987 0.665583
0.2 0 0.979796 0.67804
0.3 0 0.953939 0.672289
0.4 0 0.916515 0.666152
0.5 0 0.866025 0.680322
0.6 0 0.8 0.673011
0.7 0 0.714143 0.640066
0.8 0 0.6 0.638698
0.9 0 0.43589 0.656635
1 0 1.49012e-08 0.701159
0 0 1 0.620243
0.0984808 0.0173648 0.994987 0.664492
0.196962 0.0347296 0.979796 0.678579
0.295442 0.0520945 0.953939 0.6818
0.393923 0.0694593 0.916515 0.679107
0.492404 0.0868241 0.866025 0.69649
0.590885 0.104189 0.8 0.701297
0.689365 0.121554 0.714143 0.697023
0.787846 0.138919 0.6 0.702935
0.886327 0.156283 0.43589 0.694344
0.984808 0.173648 1.49012e-08 0.701159
0 0 1 0.620243
0.0939693 0.034202 0.994987 0.662898
0.187939 0.068404 0.979796 0.682152
0.281908 0.102606 0.953939 0.693652
0.375877 0.136808 0.916515 0.702
0.469846 0.17101 0.866025 0.712958
0.563816 0.205212 0.8 0.714015
0.657785 0.239414 0.714143 0.713039
0.751754 0.273616 0.6 0.713955
0.845723 0.307818 0.43589 0.703621
0.939693 0.34202 1.49012e-08 0.701159
0 0 1 0.620243
0.0866025 0.05 0.994987 0.660582
0.173205 0.1 0.979796 0.684321
0.259808 0.15 0.953939 0.700913
0.34641 0.2 0.916515 0.710176
0.433013 0.25 0.866025 0.715594
0.519615 0.3 0.8 0.709845
0.606218 0.35 0.714143 0.714873
0.69282 0.4 0.6 0.71395
0.779423 0.45 0.43589 0.659827
0.866025 0.5 1.49012e-08 0.701159
0 0 1 0.620243
0.0766044 0.0642788 0.994987 0.65711
0.153209 0.128558 0.979796 0.683248
0.229813 0.192836 0.953939 0.700579
0.306418 0.257115 0.916515 0.707876
0.383022 0.321394 0.866025 0.710077
0.459627 0.385673 0.8 0.706219
0.536231 0.449951 0.714143 0.699031
0.612836 0.51423 0.6 0.677918
0.68944 0.578509 0.43589 0.632159
0.766044 0.642788 1.49012e-08 0.701159
0 0 1 0.620243
0.0642788 0.0766044 0.994987 0.652118
0.128558 0.153209 0.979796 0.677941
0.192836 0.229813 0.953939 0.693392
0.257115 0.306418 0.916515 0.697413
0.321394 0.383022 0.866025 0.689599
0.385673 0.459627 0.8 0.671353
0.449951 0.536231 0.714143 0.639707
0.51423 0.612836 0.6 0.627989
0.578509 0.68944 0.43589 0.675985
0.642788 0.766044 1.49012e-08 0.701159
0 0 1 0.620243
0.05 0.0866025 0.994987 0.645459
0.1 0.173205 0.979796 0.668583
0.15 0.259808 0.953939 0.679629
0.2 0.34641 0.916515 0.675715
0.25 0.433013 0.866025 0.652158
0.3 0.519615 0.8 0.621479
0.35 0.606218 0.714143 0.596341
0.4 0.69282 0.6 0.652445
0.45 0.779423 0.43589 0.698662
0.5 0.866025 1.49012e-08 0.701159
0 0 1 0.620243
0.034202 0.0939693 0.994987 0.637072
0.068404 0.187939 0.979796 0.655658
0.102606 0.281908 0.953939 0.660114
0.136808 0.375877 0.916515 0.648095
0.17101 0.469846 0.866025 0.625025
0.205212 0.563816 0.8 0.621753
0.239414 0.657785 0.714143 0.646157
0.273616 0.751754 0.6 0.68761
0.307818 0.845723 0.43589 0.703029
0.34202 0.939693 1.49012e-08 0.701159
0 0 1 0.620243
0.0173648 0.0984808 0.994987 0.627017
0.0347296 0.196962 0.979796 0.639745
0.0520945 0.295442 0.953939 0.639055
0.0694593 0.393923 0.916515 0.630646
0.0868241 0.492404 0.866025 0.641718
0.104189 0.590885 0.8 0.661903
0.121554 0.689365 0.714143 0.681538
0.138919 0.787846 0.6 0.70009
0.156283 0.886327 0.43589 0.700989
0.173648 0.984808 1.49012e-08 0.701159
0 0 1 0.620243
6.12323e-18 0.1 0.994987 0.61542
1.22465e-17 0.2 0.979796 0.621353
1.83697e-17 0.3 0.953939 0.625325
2.44929e-17 0.4 0.916515 0.638585
3.06162e-17 0.5 0.866025 0.663104
3.67394e-17 0.6 0.8 0.683748
4.28626e-17 0.7 0.714143 0.692757
4.89859e-17 0.8 0.6 0.696777
5.51091e-17 0.9 0.43589 0.691406
6.12323e-17 1 1.49012e-08 0.701159
-0 0 1 0.620243
-0.0173648 0.0984808 0.994987 0.602476
-0.0347296 0.196962 0.979796 0.600231
-0.0520945 0.295442 0.953939 0.614836
-0.0694593 0.393923 0.916515 0.642213
-0.0868241 0.492404 0.866025 0.671043
-0.104189 0.590885 0.8 0.688675
-0.121554 0.689365 0.714143 0.68968
-0.138919 0.787846 0.6 0.682774
-0.156283 0.886327 0.43589 0.693371
-0.173648 0.984808 1.49012e-08 0.701159
-0 0 1 0.620243
-0.034202 0.0939693 0.994987 0.5885
-0.068404 0.187939 0.979796 0.575213
-0.102606 0.281908 0.953939 0.597978
-0.136808 0.375877 0.916515 0.63789
-0.17101 0.469846 0.866025 0.671319
-0.205212 0.563816 0.8 0.689895
-0.239414 0.657785 0.714143 0.699113
-0.273616 0.751754 0.6 0.701615
-0.307818 0.845723 0.43589 0.702115
-0.34202 0.939693 1.49012e-08 0.701159
-0 0 1 0.620243
-0.05 0.0866025 0.994987 0.573988
-0.1 0.173205 0.979796 0.544526
-0.15 0.259808 0.953939 0.572742
-0.2 0.34641 0.916515 0.633023
-0.25 0.433013 0.866025 0.667754
-0.3 0.519615 0.8 0.682395
-0.35 0.606218 0.714143 0.691123
-0.4 0.69282 0.6 0.69757
-0.45 0.779423 0.43589 0.696586
-0.5 0.866025 1.49012e-08 0.701159
-0 0 1 0.620243
-0.0642788 0.0766044 0.994987 0.559664
-0.128558 0.153209 0.979796 0.50832
-0.192836 0.229813 0.953939 0.554207
-0.257115 0.306418 0.916515 0.625856
-0.321394 0.383022 0.866025 0.655316
-0.385673 0.459627 0.8 0.65579
-0.449951 0.536231 0.714143 0.653669
-0.51423 0.612836 0.6 0.669425
-0.578509 0.68944 0.43589 0.669972
-0.642788 0.766044 1.49012e-08 0.701159
-0 0 1 0.620243
-0.0766044 0.0642788 0.994987 0.546477
-0.153209 0.128558 0.979796 0.474372
-0.229813 0.192836 0.953939 0.539793
-0.306418 0.257115 0.916515 0.620591
-0.383022 0.321394 0.866025 0.64917
-0.459627 0.385673 0.8 0.648376
-0.536231 0.449951 0.714143 0.653002
-0.612836 0.51423 0.6 0.646056
-0.68944 0.578509 0.43589 0.612247
-0.766044 0.642788 1.49012e-08 0.701159
-0 0 1 0.620243
-0.0866025 0.05 0.994987 0.535557
-0.173205 0.1 0.979796 0.447303
-0.259808 0.15 0.953939 0.532511
-0.34641 0.2 0.916515 0.622151
-0.433013 0.25 0.866025 0.667917
-0.519615 0.3 0.8 0.688523
-0.606218 0.35 0.714143 0.699581
-0.69282 0.4 0.6 0.69724
-0.779423 0.45 0.43589 0.630967
-0.866025 0.5 1.49012e-08 0.701159
-0 0 1 0.620243
-0.0939693 0.034202 0.994987 0.528161
-0.187939 0.068404 0.979796 0.421375
-0.281908 0.102606 0.953939 0.526942
-0.375877 0.136808 0.916515 0.624192
-0.469846 0.17101 0.866025 0.67699
-0.563816 0.205212 0.8 0.703063
-0.657785 0.239414 0.714143 0.715399
-0.751754 0.273616 0.6 0.716665
-0.845723 0.307818 0.43589 0.703001
-0.939693 0.34202 1.49012e-08 0.701159
-0 0 1 0.620243
-0.0984808 0.0173648 0.994987 0.525473
-0.196962 0.0347296 0.979796 0.380831
-0.295442 0.0520945 0.953939 0.522265
-0.393923 0.0694593 0.916515 0.623088
-0.492404 0.0868241 0.866025 0.671474
-0.590885 0.104189 0.8 0.687234
-0.689365 0.121554 0.714143 0.687004
-0.787846 0.138919 0.6 0.707235
-0.886327 0.156283 0.43589 0.707348
-0.984808 0.173648 1.49012e-08 0.701159
-0 0 1 0.620243
-0.1 1.22465e-17 0.994987 0.52808
-0.2 2.44929e-17 0.979796 0.412719
-0.3 3.67394e-17 0.953939 0.521692
-0.4 4.89859e-17 0.916515 0.621484
-0.5 6.12323e-17 0.866025 0.670474
-0.6 7.34788e-17 0.8 0.684169
-0.7 8.57253e-17 0.714143 0.674454
-0.8 9.79717e-17 0.6 0.685993
-0.9 1.10218e-16 0.43589 0.66074
-1 1.22465e-16 1.49012e-08 0.701159
-0 -0 1 0.620243
-0.0984808 -0.0173648 0.994987 0.535559
-0.196962 -0.0347296 0.979796 0.44336
-0.295442 -0.0520945 0.953939 0.523184
-0.393923 -0.0694593 0.916515 0.618971
-0.492404 -0.0868241 0.866025 0.673352
-0.590885 -0.104189 0.8 0.700269
-0.689365 -0.121554 0.714143 0.711081
-0.787846 -0.138919 0.6 0.71479
-0.886327 -0.156283 0.43589 0.715238
-0.984808 -0.173648 1.49012e-08 0.701159
-0 -0 1 0.620243
-0.0939693 -0.034202 0.994987 0.546725
-0.187939 -0.068404 0.979796 0.473789
-0.281908 -0.102606 0.953939 0.526616
-0.375877 -0.136808 0.916515 0.61295
-0.469846 -0.17101 0.866025 0.660406
-0.563816 -0.205212 0.8 0.687659
-0.657785 -0.239414 0.714143 0.698816
-0.751754 -0.273616 0.6 0.69999
-0.845723 -0.307818 0.43589 0.690132
-0.939693 -0.34202 1.49012e-08 0.701159
-0 -0 1 0.620243
-0.0866025 -0.05 0.994987 0.560202
-0.173205 -0.1 0.979796 0.509116
-0.259808 -0.15 0.953939 0.542203
-0.34641 -0.2 0.916515 0.60951
-0.433013 -0.25 0.866025 0.630906
-0.519615 -0.3 0.8 0.643959
-0.606218 -0.35 0.714143 0.636171
-0.69282 -0.4 0.6 0.602003
-0.779423 -0.45 0.43589 0.635967
-0.866025 -0.5 1.49012e-08 0.701159
-0 -0 1 0.620243
-0.0766044 -0.0642788 0.994987 0.574757
-0.153209 -0.128558 0.979796 0.546263
-0.229813 -0.192836 0.953939 0.56937
-0.306418 -0.257115 0.916515 0.620117
-0.383022 -0.321394 0.866025 0.640162
-0.459627 -0.385673 0.8 0.640439
-0.536231 -0.449951 0.714143 0.633515
-0.612836 -0.51423 0.6 0.642313
-0.68944 -0.578509 0.43589 0.692359
-0.766044 -0.642788 1.49012e-08 0.701159
-0 -0 1 0.620243
-0.0642788 -0.0766044 0.994987 0.589388
-0.128558 -0.153209 0.979796 0.578433
-0.192836 -0.229813 0.953939 0.602087
-0.257115 -0.306418 0.916515 0.636404
-0.321394 -0.383022 0.866025 0.660733
-0.385673 -0.459627 0.8 0.674535
-0.449951 -0.536231 0.714143 0.679597
-0.51423 -0.612836 0.6 0.691369
-0.578509 -0.68944 0.43589 0.703609
-0.642788 -0.766044 1.49012e-08 0.701159
-0 -0 1 0.620243
-0.05 -0.0866025 0.994987 0.603371
-0.1 -0.173205 0.979796 0.603903
-0.15 -0.259808 0.953939 0.626525
-0.2 -0.34641 0.916515 0.654714
-0.25 -0.433013 0.866025 0.675818
-0.3 -0.519615 0.8 0.688766
-0.35 -0.606218 0.714143 0.693431
-0.4 -0.69282 0.6 0.698331
-0.45 -0.779423 0.43589 0.697216
-0.5 -0.866025 1.49012e-08 0.701159
-0 -0 1 0.620243
-0.034202 -0.0939693 0.994987 0.616256
-0.068404 -0.187939 0.979796 0.623275
-0.102606 -0.281908 0.953939 0.640867
-0.136808 -0.375877 0.916515 0.664923
-0.17101 -0.469846 0.866025 0.684331
-0.205212 -0.563816 0.8 0.694097
-0.239414 -0.657785 0.714143 0.690548
-0.273616 -0.751754 0.6 0.69052
-0.307818 -0.845723 0.43589 0.681569
-0.34202 -0.939693 1.49012e-08 0.701159
-0 -0 1 0.620243
-0.0173648 -0.0984808 0.994987 0.627815
-0.0347296 -0.196962 0.979796 0.638635
-0.0520945 -0.295442 0.953939 0.645469
-0.0694593 -0.393923 0.916515 0.66185
-0.0868241 -0.492404 0.866025 0.680362
-0.104189 -0.590885 0.8 0.696193
-0.121554 -0.689365 0.714143 0.702038
-0.138919 -0.787846 0.6 0.703304
-0.156283 -0.886327 0.43589 0.692726
-0.173648 -0.984808 1.49012e-08 0.701159
-0 -0 1 0.620243
-1.83697e-17 -0.1 0.994987 0.63795
-3.67394e-17 -0.2 0.979796 0.652496
-5.51091e-17 -0.3 0.953939 0.652637
-7.34788e-17 -0.4 0.916515 0.648849
-9.18485e-17 -0.5 0.866025 0.656777
-1.10218e-16 -0.6 0.8 0.681406
-1.28588e-16 -0.7 0.714143 0.696147
-1.46958e-16 -0.8 0.6 0.699161
-1.65327e-16 -0.9 0.43589 0.696154
-1.83697e-16 -1 1.49012e-08 0.701159
0 -0 1 0.620243
0.0173648 -0.0984808 0.994987 0.646609
0.0347296 -0.196962 0.979796 0.665482
0.0520945 -0.295442 0.953939 0.665434
0.0694593 -0.393923 0.916515 0.644044
0.0868241 -0.492404 0.866025 0.635885
0.104189 -0.590885 0.8 0.658132
0.121554 -0.689365 0.714143 0.672601
0.138919 -0.787846 0.6 0.677329
0.156283 -0.886327 0.43589 0.69079
0.173648 -0.984808 1.49012e-08 0.701159
0 -0 1 0.620243
0.034202 -0.0939693 0.994987 0.653739
0.068404 -0.187939 0.979796 0.676598
0.102606 -0.281908 0.953939 0.681083
0.136808 -0.375877 0.916515 0.668726
0.17101 -0.469846 0.866025 0.66161
0.205212 -0.563816 0.8 0.650633
0.239414 -0.657785 0.714143 0.64591
0.273616 -0.751754 0.6 0.629294
0.307818 -0.845723 0.43589 0.673427
0.34202 -0.939693 1.49012e-08 0.701159
0 -0 1 0.620243
0.05 -0.0866025 0.994987 0.659292
0.1 -0.173205 0.979796 0.685064
0.15 -0.259808 0.953939 0.69602
0.2 -0.34641 0.916515 0.696187
0.25 -0.433013 0.866025 0.693143
0.3 -0.519615 0.8 0.680518
0.35 -0.606218 0.714143 0.648958
0.4 -0.69282 0.6 0.58512
0.45 -0.779423 0.43589 0.635981
0.5 -0.866025 1.49012e-08 0.701159
0 -0 1 0.620243
0.0642788 -0.0766044 0.994987 0.663258
0.128558 -0.153209 0.979796 0.690239
0.192836 -0.229813 0.953939 0.70489
0.257115 -0.306418 0.916515 0.711545
0.321394 -0.383022 0.866025 0.712352
0.385673 -0.459627 0.8 0.706476
0.449951 -0.536231 0.714143 0.679668
0.51423 -0.612836 0.6 0.623972
0.578509 -0.68944 0.43589 0.618918
0.642788 -0.766044 1.49012e-08 0.701159
0 -0 1 0.620243
0.0766044 -0.0642788 0.994987 0.66572
0.153209 -0.128558 0.979796 0.691663
0.229813 -0.192836 0.953939 0.707112
0.306418 -0.257115 0.916515 0.715737
0.383022 -0.321394 0.866025 0.716483
0.459627 -0.385673 0.8 0.716724
0.536231 -0.449951 0.714143 0.70477
0.612836 -0.51423 0.6 0.684278
0.68944 -0.578509 0.43589 0.648464
0.766044 -0.642788 1.49012e-08 0.701159
0 -0 1 0.620243
0.0866025 -0.05 0.994987 0.66684
0.173205 -0.1 0.979796 0.689648
0.259808 -0.15 0.953939 0.702299
0.34641 -0.2 0.916515 0.711322
0.433013 -0.25 0.866025 0.716573
0.519615 -0.3 0.8 0.718971
0.606218 -0.35 0.714143 0.701599
0.69282 -0.4 0.6 0.702417
0.779423 -0.45 0.43589 0.703992
0.866025 -0.5 1.49012e-08 0.701159
0 -0 1 0.620243
0.0939693 -0.034202 0.994987 0.666995
0.187939 -0.068404 0.979796 0.684508
0.281908 -0.102606 0.953939 0.690921
0.375877 -0.136808 0.916515 0.693586
0.469846 -0.17101 0.866025 0.70992
0.563816 -0.205212 0.8 0.7118
0.657785 -0.239414 0.714143 0.705114
0.751754 -0.273616 0.6 0.705396
0.845723 -0.307818 0.43589 0.720555
0.939693 -0.34202 1.49012e-08 0.701159
0 -0 1 0.620243
0.0984808 -0.0173648 0.994987 0.66647
0.196962 -0.0347296 0.979796 0.68037
0.295442 -0.0520945 0.953939 0.675469
0.393923 -0.0694593 0.916515 0.676167
0.492404 -0.0868241 0.866025 0.688963
0.590885 -0.104189 0.8 0.685295
0.689365 -0.121554 0.714143 0.668511
0.787846 -0.138919 0.6 0.68267
0.886327 -0.156283 0.43589 0.708746
0.984808 -0.173648 1.49012e-08 0.701159
0 -0 1 0.620243
0.1 -2.44929e-17 0.994987 0.665583
0.2 -4.89859e-17 0.979796 0.67804
0.3 -7.34788e-17 0.953939 0.672289
0.4 -9.79717e-17 0.916515 0.666152
0.5 -1.22465e-16 0.866025 0.680322
0.6 -1.46958e-16 0.8 0.673011
0.7 -1.71451e-16 0.714143 0.640066
0.8 -1.95943e-16 0.6 0.638698
0.9 -2.20436e-16 0.43589 0.656635
1 -2.44929e-16 1.49012e-08 0.701159
