0 0 1 0.696684
0.1 0 0.994987 0.703513
0.2 0 0.979796 0.713086
0.3 0 0.953939 0.714765
0.4 0 0.916515 0.710294
0.5 0 0.866025 0.697047
0.6 0 0.8 0.704973
0.7 0 0.714143 0.72022
0.8 0 0.6 0.714945
0.9 0 0.43589 0.715229
1 0 1.49012e-08 0.679961
0 0 1 0.696684
0.0984808 0.0173648 0.994987 0.703616
0.196962 0.0347296 0.979796 0.710305
0.295442 0.0520945 0.953939 0.714013
0.393923 0.0694593 0.916515 0.714304
0.492404 0.0868241 0.866025 0.697646
0.590885 0.104189 0.8 0.70256
0.689365 0.121554 0.714143 0.714855
0.787846 0.138919 0.6 0.714026
0.886327 0.156283 0.43589 0.698206
0.984808 0.173648 1.49012e-08 0.679961
0 0 1 0.696684
0.0939693 0.034202 0.994987 0.703642
0.187939 0.068404 0.979796 0.704017
0.281908 0.102606 0.953939 0.713983
0.375877 0.136808 0.916515 0.712386
0.469846 0.17101 0.866025 0.70615
0.563816 0.205212 0.8 0.69729
0.657785 0.239414 0.714143 0.691486
0.751754 0.273616 0.6 0.673698
0.845723 0.307818 0.43589 0.679739
0.939693 0.34202 1.49012e-08 0.679961
0 0 1 0.696684
0.0866025 0.05 0.994987 0.703644
0.173205 0.1 0.979796 0.703518
0.259808 0.15 0.953939 0.712335
0.34641 0.2 0.916515 0.713514
0.433013 0.25 0.866025 0.704368
0.519615 0.3 0.8 0.681949
0.606218 0.35 0.714143 0.658128
0.69282 0.4 0.6 0.657012
0.779423 0.45 0.43589 0.708051
0.866025 0.5 1.49012e-08 0.679961
0 0 1 0.696684
0.0766044 0.0642788 0.994987 0.703682
0.153209 0.128558 0.979796 0.702904
0.229813 0.192836 0.953939 0.711624
0.306418 0.257115 0.916515 0.712301
0.383022 0.321394 0.866025 0.702059
0.459627 0.385673 0.8 0.676915
0.536231 0.449951 0.714143 0.642745
0.612836 0.51423 0.6 0.666644
0.68944 0.578509 0.43589 0.705068
0.766044 0.642788 1.49012e-08 0.679961
0 0 1 0.696684
0.0642788 0.0766044 0.994987 0.703797
0.128558 0.153209 0.979796 0.70191
0.192836 0.229813 0.953939 0.706935
0.257115 0.306418 0.916515 0.707561
0.321394 0.383022 0.866025 0.692061
0.385673 0.459627 0.8 0.668266
0.449951 0.536231 0.714143 0.661969
0.51423 0.612836 0.6 0.696992
0.578509 0.68944 0.43589 0.698444
0.642788 0.766044 1.49012e-08 0.679961
0 0 1 0.696684
0.05 0.0866025 0.994987 0.70403
0.1 0.173205 0.979796 0.702406
0.15 0.259808 0.953939 0.700897
0.2 0.34641 0.916515 0.696418
0.25 0.433013 0.866025 0.68367
0.3 0.519615 0.8 0.685226
0.35 0.606218 0.714143 0.69491
0.4 0.69282 0.6 0.713035
0.45 0.779423 0.43589 0.716444
0.5 0.866025 1.49012e-08 0.679961
0 0 1 0.696684
0.034202 0.0939693 0.994987 0.704644
0.068404 0.187939 0.979796 0.701835
0.102606 0.281908 0.953939 0.689616
0.136808 0.375877 0.916515 0.679833
0.17101 0.469846 0.866025 0.678712
0.205212 0.563816 0.8 0.693882
0.239414 0.657785 0.714143 0.705971
0.273616 0.751754 0.6 0.714809
0.307818 0.845723 0.43589 0.718405
0.34202 0.939693 1.49012e-08 0.679961
0 0 1 0.696684
0.0173648 0.0984808 0.994987 0.705552
0.0347296 0.196962 0.979796 0.701714
0.0520945 0.295442 0.953939 0.686062
0.0694593 0.393923 0.916515 0.668249
0.0868241 0.492404 0.866025 0.674236
0.104189 0.590885 0.8 0.701058
0.121554 0.689365 0.714143 0.713305
0.138919 0.787846 0.6 0.717053
0.156283 0.886327 0.43589 0.721511
0.173648 0.984808 1.49012e-08 0.679961
0 0 1 0.696684
6.12323e-18 0.1 0.994987 0.70638
1.22465e-17 0.2 0.979796 0.70143
1.83697e-17 0.3 0.953939 0.687153
2.44929e-17 0.4 0.916515 0.679391
3.06162e-17 0.5 0.866025 0.696199
3.67394e-17 0.6 0.8 0.715129
4.28626e-17 0.7 0.714143 0.717913
4.89859e-17 0.8 0.6 0.715015
5.51091e-17 0.9 0.43589 0.716747
6.12323e-17 1 1.49012e-08 0.679961
-0 0 1 0.696684
-0.0173648 0.0984808 0.994987 0.706941
-0.0347296 0.196962 0.979796 0.700322
-0.0520945 0.295442 0.953939 0.683916
-0.0694593 0.393923 0.916515 0.676294
-0.0868241 0.492404 0.866025 0.702613
-0.104189 0.590885 0.8 0.719977
-0.121554 0.689365 0.714143 0.722303
-0.138919 0.787846 0.6 0.710662
-0.156283 0.886327 0.43589 0.703383
-0.173648 0.984808 1.49012e-08 0.679961
-0 0 1 0.696684
-0.034202 0.0939693 0.994987 0.707151
-0.068404 0.187939 0.979796 0.698942
-0.102606 0.281908 0.953939 0.678673
-0.136808 0.375877 0.916515 0.670221
-0.17101 0.469846 0.866025 0.700721
-0.205212 0.563816 0.8 0.717656
-0.239414 0.657785 0.714143 0.72025
-0.273616 0.751754 0.6 0.706681
-0.307818 0.845723 0.43589 0.69697
-0.34202 0.939693 1.49012e-08 0.679961
-0 0 1 0.696684
-0.05 0.0866025 0.994987 0.707083
-0.1 0.173205 0.979796 0.697847
-0.15 0.259808 0.953939 0.669514
-0.2 0.34641 0.916515 0.659023
-0.25 0.433013 0.866025 0.692823
-0.3 0.519615 0.8 0.710928
-0.35 0.606218 0.714143 0.712225
-0.4 0.69282 0.6 0.699297
-0.45 0.779423 0.43589 0.702424
-0.5 0.866025 1.49012e-08 0.679961
-0 0 1 0.696684
-0.0642788 0.0766044 0.994987 0.707449
-0.128558 0.153209 0.979796 0.698623
-0.192836 0.229813 0.953939 0.663285
-0.257115 0.306418 0.916515 0.631509
-0.321394 0.383022 0.866025 0.676974
-0.385673 0.459627 0.8 0.702435
-0.449951 0.536231 0.714143 0.703433
-0.51423 0.612836 0.6 0.70879
-0.578509 0.68944 0.43589 0.702234
-0.642788 0.766044 1.49012e-08 0.679961
-0 0 1 0.696684
-0.0766044 0.0642788 0.994987 0.708313
-0.153209 0.128558 0.979796 0.701086
-0.229813 0.192836 0.953939 0.669594
-0.306418 0.257115 0.916515 0.63581
-0.383022 0.321394 0.866025 0.657112
-0.459627 0.385673 0.8 0.682405
-0.536231 0.449951 0.714143 0.705525
-0.612836 0.51423 0.6 0.718763
-0.68944 0.578509 0.43589 0.698945
-0.766044 0.642788 1.49012e-08 0.679961
-0 0 1 0.696684
-0.0866025 0.05 0.994987 0.70945
-0.173205 0.1 0.979796 0.704763
-0.259808 0.15 0.953939 0.681769
-0.34641 0.2 0.916515 0.655191
-0.433013 0.25 0.866025 0.657365
-0.519615 0.3 0.8 0.662617
-0.606218 0.35 0.714143 0.691479
-0.69282 0.4 0.6 0.715088
-0.779423 0.45 0.43589 0.714098
-0.866025 0.5 1.49012e-08 0.679961
-0 0 1 0.696684
-0.0939693 0.034202 0.994987 0.710677
-0.187939 0.068404 0.979796 0.708079
-0.281908 0.102606 0.953939 0.691432
-0.375877 0.136808 0.916515 0.663108
-0.469846 0.17101 0.866025 0.650709
-0.563816 0.205212 0.8 0.666153
-0.657785 0.239414 0.714143 0.69734
-0.751754 0.273616 0.6 0.704846
-0.845723 0.307818 0.43589 0.717954
-0.939693 0.34202 1.49012e-08 0.679961
-0 0 1 0.696684
-0.0984808 0.0173648 0.994987 0.711697
-0.196962 0.0347296 0.979796 0.710218
-0.295442 0.0520945 0.953939 0.700423
-0.393923 0.0694593 0.916515 0.677724
-0.492404 0.0868241 0.866025 0.656986
-0.590885 0.104189 0.8 0.646225
-0.689365 0.121554 0.714143 0.692935
-0.787846 0.138919 0.6 0.717157
-0.886327 0.156283 0.43589 0.717762
-0.984808 0.173648 1.49012e-08 0.679961
-0 0 1 0.696684
-0.1 1.22465e-17 0.994987 0.712195
-0.2 2.44929e-17 0.979796 0.711752
-0.3 3.67394e-17 0.953939 0.706349
-0.4 4.89859e-17 0.916515 0.696012
-0.5 6.12323e-17 0.866025 0.675204
-0.6 7.34788e-17 0.8 0.651559
-0.7 8.57253e-17 0.714143 0.676104
-0.8 9.79717e-17 0.6 0.689074
-0.9 1.10218e-16 0.43589 0.693965
-1 1.22465e-16 1.49012e-08 0.679961
-0 -0 1 0.696684
-0.0984808 -0.0173648 0.994987 0.712042
-0.196962 -0.0347296 0.979796 0.714146
-0.295442 -0.0520945 0.953939 0.707564
-0.393923 -0.0694593 0.916515 0.704572
-0.492404 -0.0868241 0.866025 0.699034
-0.590885 -0.104189 0.8 0.694659
-0.689365 -0.121554 0.714143 0.695813
-0.787846 -0.138919 0.6 0.696696
-0.886327 -0.156283 0.43589 0.700221
-0.984808 -0.173648 1.49012e-08 0.679961
-0 -0 1 0.696684
-0.0939693 -0.034202 0.994987 0.71129
-0.187939 -0.068404 0.979796 0.715903
-0.281908 -0.102606 0.953939 0.711372
-0.375877 -0.136808 0.916515 0.711611
-0.469846 -0.17101 0.866025 0.707139
-0.563816 -0.205212 0.8 0.700135
-0.657785 -0.239414 0.714143 0.705602
-0.751754 -0.273616 0.6 0.717879
-0.845723 -0.307818 0.43589 0.71214
-0.939693 -0.34202 1.49012e-08 0.679961
-0 -0 1 0.696684
-0.0866025 -0.05 0.994987 0.710427
-0.173205 -0.1 0.979796 0.715904
-0.259808 -0.15 0.953939 0.714008
-0.34641 -0.2 0.916515 0.710954
-0.433013 -0.25 0.866025 0.703872
-0.519615 -0.3 0.8 0.691918
-0.606218 -0.35 0.714143 0.71401
-0.69282 -0.4 0.6 0.716799
-0.779423 -0.45 0.43589 0.712925
-0.866025 -0.5 1.49012e-08 0.679961
-0 -0 1 0.696684
-0.0766044 -0.0642788 0.994987 0.710152
-0.153209 -0.128558 0.979796 0.715652
-0.229813 -0.192836 0.953939 0.715523
-0.306418 -0.257115 0.916515 0.718859
-0.383022 -0.321394 0.866025 0.708501
-0.459627 -0.385673 0.8 0.705478
-0.536231 -0.449951 0.714143 0.699152
-0.612836 -0.51423 0.6 0.707528
-0.68944 -0.578509 0.43589 0.713874
-0.766044 -0.642788 1.49012e-08 0.679961
-0 -0 1 0.696684
-0.0642788 -0.0766044 0.994987 0.710093
-0.128558 -0.153209 0.979796 0.717582
-0.192836 -0.229813 0.953939 0.721081
-0.257115 -0.306418 0.916515 0.720217
-0.321394 -0.383022 0.866025 0.709784
-0.385673 -0.459627 0.8 0.706122
-0.449951 -0.536231 0.714143 0.664354
-0.51423 -0.612836 0.6 0.697627
-0.578509 -0.68944 0.43589 0.706074
-0.642788 -0.766044 1.49012e-08 0.679961
-0 -0 1 0.696684
-0.05 -0.0866025 0.994987 0.709656
-0.1 -0.173205 0.979796 0.719675
-0.15 -0.259808 0.953939 0.723298
-0.2 -0.34641 0.916515 0.71997
-0.25 -0.433013 0.866025 0.707138
-0.3 -0.519615 0.8 0.712741
-0.35 -0.606218 0.714143 0.699542
-0.4 -0.69282 0.6 0.68408
-0.45 -0.779423 0.43589 0.690573
-0.5 -0.866025 1.49012e-08 0.679961
-0 -0 1 0.696684
-0.034202 -0.0939693 0.994987 0.70862
-0.068404 -0.187939 0.979796 0.719032
-0.102606 -0.281908 0.953939 0.720678
-0.136808 -0.375877 0.916515 0.721007
-0.17101 -0.469846 0.866025 0.71904
-0.205212 -0.563816 0.8 0.720707
-0.239414 -0.657785 0.714143 0.712037
-0.273616 -0.751754 0.6 0.693007
-0.307818 -0.845723 0.43589 0.666257
-0.34202 -0.939693 1.49012e-08 0.679961
-0 -0 1 0.696684
-0.0173648 -0.0984808 0.994987 0.707082
-0.0347296 -0.196962 0.979796 0.71636
-0.0520945 -0.295442 0.953939 0.71166
-0.0694593 -0.393923 0.916515 0.719313
-0.0868241 -0.492404 0.866025 0.717717
-0.104189 -0.590885 0.8 0.721527
-0.121554 -0.689365 0.714143 0.711019
-0.138919 -0.787846 0.6 0.687833
-0.156283 -0.886327 0.43589 0.66377
-0.173648 -0.984808 1.49012e-08 0.679961
-0 -0 1 0.696684
-1.83697e-17 -0.1 0.994987 0.705391
-3.67394e-17 -0.2 0.979796 0.713096
-5.51091e-17 -0.3 0.953939 0.703764
-7.34788e-17 -0.4 0.916515 0.719385
-9.18485e-17 -0.5 0.866025 0.718811
-1.10218e-16 -0.6 0.8 0.724699
-1.28588e-16 -0.7 0.714143 0.716514
-1.46958e-16 -0.8 0.6 0.697586
-1.65327e-16 -0.9 0.43589 0.684738
-1.83697e-16 -1 1.49012e-08 0.679961
0 -0 1 0.696684
0.0173648 -0.0984808 0.994987 0.704033
0.0347296 -0.196962 0.979796 0.712063
0.0520945 -0.295442 0.953939 0.713301
0.0694593 -0.393923 0.916515 0.721921
0.0868241 -0.492404 0.866025 0.720833
0.104189 -0.590885 0.8 0.722325
0.121554 -0.689365 0.714143 0.715212
0.138919 -0.787846 0.6 0.684736
0.156283 -0.886327 0.43589 0.696678
0.173648 -0.984808 1.49012e-08 0.679961
0 -0 1 0.696684
0.034202 -0.0939693 0.994987 0.703256
0.068404 -0.187939 0.979796 0.713393
0.102606 -0.281908 0.953939 0.714035
0.136808 -0.375877 0.916515 0.718918
0.17101 -0.469846 0.866025 0.718683
0.205212 -0.563816 0.8 0.718305
0.239414 -0.657785 0.714143 0.708746
0.273616 -0.751754 0.6 0.677129
0.307818 -0.845723 0.43589 0.701814
0.34202 -0.939693 1.49012e-08 0.679961
0 -0 1 0.696684
0.05 -0.0866025 0.994987 0.702859
0.1 -0.173205 0.979796 0.712179
0.15 -0.259808 0.953939 0.71001
0.2 -0.34641 0.916515 0.710564
0.25 -0.433013 0.866025 0.712675
0.3 -0.519615 0.8 0.703851
0.35 -0.606218 0.714143 0.695767
0.4 -0.69282 0.6 0.661642
0.45 -0.779423 0.43589 0.708164
0.5 -0.866025 1.49012e-08 0.679961
0 -0 1 0.696684
0.0642788 -0.0766044 0.994987 0.702613
0.128558 -0.153209 0.979796 0.708248
0.192836 -0.229813 0.953939 0.700991
0.257115 -0.306418 0.916515 0.692645
0.321394 -0.383022 0.866025 0.700699
0.385673 -0.459627 0.8 0.687061
0.449951 -0.536231 0.714143 0.691835
0.51423 -0.612836 0.6 0.694053
0.578509 -0.68944 0.43589 0.715066
0.642788 -0.766044 1.49012e-08 0.679961
0 -0 1 0.696684
0.0766044 -0.0642788 0.994987 0.702619
0.153209 -0.128558 0.979796 0.704936
0.229813 -0.192836 0.953939 0.693108
0.306418 -0.257115 0.916515 0.670909
0.383022 -0.321394 0.866025 0.687796
0.459627 -0.385673 0.8 0.681515
0.536231 -0.449951 0.714143 0.679799
0.612836 -0.51423 0.6 0.701589
0.68944 -0.578509 0.43589 0.719066
0.766044 -0.642788 1.49012e-08 0.679961
0 -0 1 0.696684
0.0866025 -0.05 0.994987 0.702734
0.173205 -0.1 0.979796 0.704531
0.259808 -0.15 0.953939 0.69957
0.34641 -0.2 0.916515 0.693379
0.433013 -0.25 0.866025 0.68975
0.519615 -0.3 0.8 0.687143
0.606218 -0.35 0.714143 0.675577
0.69282 -0.4 0.6 0.683186
0.779423 -0.45 0.43589 0.717878
0.866025 -0.5 1.49012e-08 0.679961
0 -0 1 0.696684
0.0939693 -0.034202 0.994987 0.702986
0.187939 -0.068404 0.979796 0.708302
0.281908 -0.102606 0.953939 0.709764
0.375877 -0.136808 0.916515 0.706047
0.469846 -0.17101 0.866025 0.701198
0.563816 -0.205212 0.8 0.703188
0.657785 -0.239414 0.714143 0.706012
0.751754 -0.273616 0.6 0.70083
0.845723 -0.307818 0.43589 0.70156
0.939693 -0.34202 1.49012e-08 0.679961
0 -0 1 0.696684
0.0984808 -0.0173648 0.994987 0.703288
0.196962 -0.0347296 0.979796 0.712258
0.295442 -0.0520945 0.953939 0.715186
0.393923 -0.0694593 0.916515 0.709273
0.492404 -0.0868241 0.866025 0.696643
0.590885 -0.104189 0.8 0.706889
0.689365 -0.121554 0.714143 0.714685
0.787846 -0.138919 0.6 0.712604
0.886327 -0.156283 0.43589 0.700937
0.984808 -0.173648 1.49012e-08 0.679961
0 -0 1 0.696684
0.1 -2.44929e-17 0.994987 0.703513
0.2 -4.89859e-17 0.979796 0.713086
0.3 -7.34788e-17 0.953939 0.714765
0.4 -9.79717e-17 0.916515 0.710294
0.5 -1.22465e-16 0.866025 0.697047
0.6 -1.46958e-16 0.8 0.704973
0.7 -1.71451e-16 0.714143 0.72022
0.8 -1.95943e-16 0.6 0.714945
0.9 -2.20436e-16 0.43589 0.715229
1 -2.44929e-16 1.49012e-08 0.679961
