0 0 1 0.710653
0.1 0 0.994987 0.70966
0.2 0 0.979796 0.703004
0.3 0 0.953939 0.679329
0.4 0 0.916515 0.649451
0.5 0 0.866025 0.61043
0.6 0 0.8 0.610964
0.7 0 0.714143 0.634217
0.8 0 0.6 0.681334
0.9 0 0.43589 0.696988
1 0 1.49012e-08 0.702567
0 0 1 0.710653
0.0984808 0.0173648 0.994987 0.711734
0.196962 0.0347296 0.979796 0.707056
0.295442 0.0520945 0.953939 0.688732
0.393923 0.0694593 0.916515 0.670389
0.492404 0.0868241 0.866025 0.65635
0.590885 0.104189 0.8 0.658585
0.689365 0.121554 0.714143 0.682499
0.787846 0.138919 0.6 0.707592
0.886327 0.156283 0.43589 0.711812
0.984808 0.173648 1.49012e-08 0.702567
0 0 1 0.710653
0.0939693 0.034202 0.994987 0.713534
0.187939 0.068404 0.979796 0.710229
0.281908 0.102606 0.953939 0.69681
0.375877 0.136808 0.916515 0.683531
0.469846 0.17101 0.866025 0.687424
0.563816 0.205212 0.8 0.695626
0.657785 0.239414 0.714143 0.700006
0.751754 0.273616 0.6 0.691455
0.845723 0.307818 0.43589 0.686207
0.939693 0.34202 1.49012e-08 0.702567
0 0 1 0.710653
0.0866025 0.05 0.994987 0.714732
0.173205 0.1 0.979796 0.712106
0.259808 0.15 0.953939 0.698007
0.34641 0.2 0.916515 0.691958
0.433013 0.25 0.866025 0.702185
0.519615 0.3 0.8 0.708759
0.606218 0.35 0.714143 0.688398
0.69282 0.4 0.6 0.692176
0.779423 0.45 0.43589 0.581584
0.866025 0.5 1.49012e-08 0.702567
0 0 1 0.710653
0.0766044 0.0642788 0.994987 0.715277
0.153209 0.128558 0.979796 0.712237
0.229813 0.192836 0.953939 0.697636
0.306418 0.257115 0.916515 0.692009
0.383022 0.321394 0.866025 0.701193
0.459627 0.385673 0.8 0.708365
0.536231 0.449951 0.714143 0.705188
0.612836 0.51423 0.6 0.676452
0.68944 0.578509 0.43589 0.581812
0.766044 0.642788 1.49012e-08 0.702567
0 0 1 0.710653
0.0642788 0.0766044 0.994987 0.715145
0.128558 0.153209 0.979796 0.710995
0.192836 0.229813 0.953939 0.69237
0.257115 0.306418 0.916515 0.679109
0.321394 0.383022 0.866025 0.68616
0.385673 0.459627 0.8 0.70679
0.449951 0.536231 0.714143 0.699176
0.51423 0.612836 0.6 0.655115
0.578509 0.68944 0.43589 0.639755
0.642788 0.766044 1.49012e-08 0.702567
0 0 1 0.710653
0.05 0.0866025 0.994987 0.714402
0.1 0.173205 0.979796 0.708923
0.15 0.259808 0.953939 0.682923
0.2 0.34641 0.916515 0.660861
0.25 0.433013 0.866025 0.686442
0.3 0.519615 0.8 0.700685
0.35 0.606218 0.714143 0.694944
0.4 0.69282 0.6 0.642687
0.45 0.779423 0.43589 0.674881
0.5 0.866025 1.49012e-08 0.702567
0 0 1 0.710653
0.034202 0.0939693 0.994987 0.712904
0.068404 0.187939 0.979796 0.707113
0.102606 0.281908 0.953939 0.675544
0.136808 0.375877 0.916515 0.656385
0.17101 0.469846 0.866025 0.68802
0.205212 0.563816 0.8 0.698801
0.239414 0.657785 0.714143 0.68248
0.273616 0.751754 0.6 0.623083
0.307818 0.845723 0.43589 0.692084
0.34202 0.939693 1.49012e-08 0.702567
0 0 1 0.710653
0.0173648 0.0984808 0.994987 0.710951
0.0347296 0.196962 0.979796 0.705853
0.0520945 0.295442 0.953939 0.680443
0.0694593 0.393923 0.916515 0.670805
0.0868241 0.492404 0.866025 0.687276
0.104189 0.590885 0.8 0.688365
0.121554 0.689365 0.714143 0.66234
0.138919 0.787846 0.6 0.619566
0.156283 0.886327 0.43589 0.700445
0.173648 0.984808 1.49012e-08 0.702567
0 0 1 0.710653
6.12323e-18 0.1 0.994987 0.711204
1.22465e-17 0.2 0.979796 0.706182
1.83697e-17 0.3 0.953939 0.685031
2.44929e-17 0.4 0.916515 0.685525
3.06162e-17 0.5 0.866025 0.679682
3.67394e-17 0.6 0.8 0.6735
4.28626e-17 0.7 0.714143 0.63727
4.89859e-17 0.8 0.6 0.631443
5.51091e-17 0.9 0.43589 0.70342
6.12323e-17 1 1.49012e-08 0.702567
-0 0 1 0.710653
-0.0173648 0.0984808 0.994987 0.710784
-0.0347296 0.196962 0.979796 0.707783
-0.0520945 0.295442 0.953939 0.694375
-0.0694593 0.393923 0.916515 0.693433
-0.0868241 0.492404 0.866025 0.678623
-0.104189 0.590885 0.8 0.657557
-0.121554 0.689365 0.714143 0.605964
-0.138919 0.787846 0.6 0.630735
-0.156283 0.886327 0.43589 0.702561
-0.173648 0.984808 1.49012e-08 0.702567
-0 0 1 0.710653
-0.034202 0.0939693 0.994987 0.710182
-0.068404 0.187939 0.979796 0.709907
-0.102606 0.281908 0.953939 0.702744
-0.136808 0.375877 0.916515 0.69869
-0.17101 0.469846 0.866025 0.680544
-0.205212 0.563816 0.8 0.641617
-0.239414 0.657785 0.714143 0.563315
-0.273616 0.751754 0.6 0.616471
-0.307818 0.845723 0.43589 0.697748
-0.34202 0.939693 1.49012e-08 0.702567
-0 0 1 0.710653
-0.05 0.0866025 0.994987 0.709519
-0.1 0.173205 0.979796 0.710846
-0.15 0.259808 0.953939 0.705321
-0.2 0.34641 0.916515 0.700065
-0.25 0.433013 0.866025 0.681874
-0.3 0.519615 0.8 0.630985
-0.35 0.606218 0.714143 0.533618
-0.4 0.69282 0.6 0.601623
-0.45 0.779423 0.43589 0.688525
-0.5 0.866025 1.49012e-08 0.702567
-0 0 1 0.710653
-0.0642788 0.0766044 0.994987 0.709018
-0.128558 0.153209 0.979796 0.710572
-0.192836 0.229813 0.953939 0.70356
-0.257115 0.306418 0.916515 0.695249
-0.321394 0.383022 0.866025 0.680151
-0.385673 0.459627 0.8 0.631626
-0.449951 0.536231 0.714143 0.518668
-0.51423 0.612836 0.6 0.597526
-0.578509 0.68944 0.43589 0.686507
-0.642788 0.766044 1.49012e-08 0.702567
-0 0 1 0.710653
-0.0766044 0.0642788 0.994987 0.708259
-0.153209 0.128558 0.979796 0.709203
-0.229813 0.192836 0.953939 0.699061
-0.306418 0.257115 0.916515 0.683694
-0.383022 0.321394 0.866025 0.678614
-0.459627 0.385673 0.8 0.645729
-0.536231 0.449951 0.714143 0.554341
-0.612836 0.51423 0.6 0.601494
-0.68944 0.578509 0.43589 0.693052
-0.766044 0.642788 1.49012e-08 0.702567
-0 0 1 0.710653
-0.0866025 0.05 0.994987 0.706787
-0.173205 0.1 0.979796 0.706919
-0.259808 0.15 0.953939 0.693104
-0.34641 0.2 0.916515 0.670208
-0.433013 0.25 0.866025 0.679845
-0.519615 0.3 0.8 0.665934
-0.606218 0.35 0.714143 0.607395
-0.69282 0.4 0.6 0.619226
-0.779423 0.45 0.43589 0.685979
-0.866025 0.5 1.49012e-08 0.702567
-0 0 1 0.710653
-0.0939693 0.034202 0.994987 0.704496
-0.187939 0.068404 0.979796 0.703257
-0.281908 0.102606 0.953939 0.691919
-0.375877 0.136808 0.916515 0.662612
-0.469846 0.17101 0.866025 0.680897
-0.563816 0.205212 0.8 0.681
-0.657785 0.239414 0.714143 0.642221
-0.751754 0.273616 0.6 0.625337
-0.845723 0.307818 0.43589 0.693488
-0.939693 0.34202 1.49012e-08 0.702567
-0 0 1 0.710653
-0.0984808 0.0173648 0.994987 0.701814
-0.196962 0.0347296 0.979796 0.698312
-0.295442 0.0520945 0.953939 0.689519
-0.393923 0.0694593 0.916515 0.681748
-0.492404 0.0868241 0.866025 0.685858
-0.590885 0.104189 0.8 0.687748
-0.689365 0.121554 0.714143 0.665372
-0.787846 0.138919 0.6 0.578681
-0.886327 0.156283 0.43589 0.679912
-0.984808 0.173648 1.49012e-08 0.702567
-0 0 1 0.710653
-0.1 1.22465e-17 0.994987 0.700271
-0.2 2.44929e-17 0.979796 0.692063
-0.3 3.67394e-17 0.953939 0.6829
-0.4 4.89859e-17 0.916515 0.682589
-0.5 6.12323e-17 0.866025 0.693359
-0.6 7.34788e-17 0.8 0.694571
-0.7 8.57253e-17 0.714143 0.683035
-0.8 9.79717e-17 0.6 0.65735
-0.9 1.10218e-16 0.43589 0.602552
-1 1.22465e-16 1.49012e-08 0.702567
-0 -0 1 0.710653
-0.0984808 -0.0173648 0.994987 0.699159
-0.196962 -0.0347296 0.979796 0.683298
-0.295442 -0.0520945 0.953939 0.666789
-0.393923 -0.0694593 0.916515 0.670052
-0.492404 -0.0868241 0.866025 0.689348
-0.590885 -0.104189 0.8 0.6903
-0.689365 -0.121554 0.714143 0.684302
-0.787846 -0.138919 0.6 0.676052
-0.886327 -0.156283 0.43589 0.66225
-0.984808 -0.173648 1.49012e-08 0.702567
-0 -0 1 0.710653
-0.0939693 -0.034202 0.994987 0.697821
-0.187939 -0.068404 0.979796 0.672789
-0.281908 -0.102606 0.953939 0.644198
-0.375877 -0.136808 0.916515 0.650313
-0.469846 -0.17101 0.866025 0.665489
-0.563816 -0.205212 0.8 0.67362
-0.657785 -0.239414 0.714143 0.675372
-0.751754 -0.273616 0.6 0.69768
-0.845723 -0.307818 0.43589 0.700635
-0.939693 -0.34202 1.49012e-08 0.702567
-0 -0 1 0.710653
-0.0866025 -0.05 0.994987 0.696532
-0.173205 -0.1 0.979796 0.663103
-0.259808 -0.15 0.953939 0.627536
-0.34641 -0.2 0.916515 0.633539
-0.433013 -0.25 0.866025 0.630616
-0.519615 -0.3 0.8 0.668713
-0.606218 -0.35 0.714143 0.701954
-0.69282 -0.4 0.6 0.713057
-0.779423 -0.45 0.43589 0.678772
-0.866025 -0.5 1.49012e-08 0.702567
-0 -0 1 0.710653
-0.0766044 -0.0642788 0.994987 0.695536
-0.153209 -0.128558 0.979796 0.658926
-0.229813 -0.192836 0.953939 0.628281
-0.306418 -0.257115 0.916515 0.628016
-0.383022 -0.321394 0.866025 0.626199
-0.459627 -0.385673 0.8 0.673835
-0.536231 -0.449951 0.714143 0.706978
-0.612836 -0.51423 0.6 0.714783
-0.68944 -0.578509 0.43589 0.69965
-0.766044 -0.642788 1.49012e-08 0.702567
-0 -0 1 0.710653
-0.0642788 -0.0766044 0.994987 0.694959
-0.128558 -0.153209 0.979796 0.660853
-0.192836 -0.229813 0.953939 0.643369
-0.257115 -0.306418 0.916515 0.651864
-0.321394 -0.383022 0.866025 0.65376
-0.385673 -0.459627 0.8 0.685375
-0.449951 -0.536231 0.714143 0.709383
-0.51423 -0.612836 0.6 0.71446
-0.578509 -0.68944 0.43589 0.693655
-0.642788 -0.766044 1.49012e-08 0.702567
-0 -0 1 0.710653
-0.05 -0.0866025 0.994987 0.69482
-0.1 -0.173205 0.979796 0.664823
-0.15 -0.259808 0.953939 0.657378
-0.2 -0.34641 0.916515 0.674492
-0.25 -0.433013 0.866025 0.672958
-0.3 -0.519615 0.8 0.686737
-0.35 -0.606218 0.714143 0.689451
-0.4 -0.69282 0.6 0.700457
-0.45 -0.779423 0.43589 0.674169
-0.5 -0.866025 1.49012e-08 0.702567
-0 -0 1 0.710653
-0.034202 -0.0939693 0.994987 0.69502
-0.068404 -0.187939 0.979796 0.669128
-0.102606 -0.281908 0.953939 0.674015
-0.136808 -0.375877 0.916515 0.693823
-0.17101 -0.469846 0.866025 0.697076
-0.205212 -0.563816 0.8 0.688186
-0.239414 -0.657785 0.714143 0.693652
-0.273616 -0.751754 0.6 0.687547
-0.307818 -0.845723 0.43589 0.636929
-0.34202 -0.939693 1.49012e-08 0.702567
-0 -0 1 0.710653
-0.0173648 -0.0984808 0.994987 0.695312
-0.0347296 -0.196962 0.979796 0.674272
-0.0520945 -0.295442 0.953939 0.687735
-0.0694593 -0.393923 0.916515 0.707169
-0.0868241 -0.492404 0.866025 0.712079
-0.104189 -0.590885 0.8 0.700736
-0.121554 -0.689365 0.714143 0.699754
-0.138919 -0.787846 0.6 0.684786
-0.156283 -0.886327 0.43589 0.587557
-0.173648 -0.984808 1.49012e-08 0.702567
-0 -0 1 0.710653
-1.83697e-17 -0.1 0.994987 0.695456
-3.67394e-17 -0.2 0.979796 0.680467
-5.51091e-17 -0.3 0.953939 0.6949
-7.34788e-17 -0.4 0.916515 0.714698
-9.18485e-17 -0.5 0.866025 0.719804
-1.10218e-16 -0.6 0.8 0.717527
-1.28588e-16 -0.7 0.714143 0.708033
-1.46958e-16 -0.8 0.6 0.686813
-1.65327e-16 -0.9 0.43589 0.615599
-1.83697e-16 -1 1.49012e-08 0.702567
0 -0 1 0.710653
0.0173648 -0.0984808 0.994987 0.695479
0.0347296 -0.196962 0.979796 0.683562
0.0520945 -0.295442 0.953939 0.695579
0.0694593 -0.393923 0.916515 0.716813
0.0868241 -0.492404 0.866025 0.722909
0.104189 -0.590885 0.8 0.721212
0.121554 -0.689365 0.714143 0.710817
0.138919 -0.787846 0.6 0.689785
0.156283 -0.886327 0.43589 0.64338
0.173648 -0.984808 1.49012e-08 0.702567
0 -0 1 0.710653
0.034202 -0.0939693 0.994987 0.695958
0.068404 -0.187939 0.979796 0.685323
0.102606 -0.281908 0.953939 0.689314
0.136808 -0.375877 0.916515 0.717262
0.17101 -0.469846 0.866025 0.721704
0.205212 -0.563816 0.8 0.714639
0.239414 -0.657785 0.714143 0.70869
0.273616 -0.751754 0.6 0.694984
0.307818 -0.845723 0.43589 0.66944
0.34202 -0.939693 1.49012e-08 0.702567
0 -0 1 0.710653
0.05 -0.0866025 0.994987 0.696069
0.1 -0.173205 0.979796 0.68556
0.15 -0.259808 0.953939 0.686321
0.2 -0.34641 0.916515 0.714187
0.25 -0.433013 0.866025 0.719863
0.3 -0.519615 0.8 0.698308
0.35 -0.606218 0.714143 0.701127
0.4 -0.69282 0.6 0.694188
0.45 -0.779423 0.43589 0.689581
0.5 -0.866025 1.49012e-08 0.702567
0 -0 1 0.710653
0.0642788 -0.0766044 0.994987 0.697062
0.128558 -0.153209 0.979796 0.684138
0.192836 -0.229813 0.953939 0.692413
0.257115 -0.306418 0.916515 0.709417
0.321394 -0.383022 0.866025 0.713828
0.385673 -0.459627 0.8 0.705965
0.449951 -0.536231 0.714143 0.688347
0.51423 -0.612836 0.6 0.70965
0.578509 -0.68944 0.43589 0.701626
0.642788 -0.766044 1.49012e-08 0.702567
0 -0 1 0.710653
0.0766044 -0.0642788 0.994987 0.699028
0.153209 -0.128558 0.979796 0.684525
0.229813 -0.192836 0.953939 0.69079
0.306418 -0.257115 0.916515 0.70179
0.383022 -0.321394 0.866025 0.70213
0.459627 -0.385673 0.8 0.695009
0.536231 -0.449951 0.714143 0.704631
0.612836 -0.51423 0.6 0.708689
0.68944 -0.578509 0.43589 0.711385
0.766044 -0.642788 1.49012e-08 0.702567
0 -0 1 0.710653
0.0866025 -0.05 0.994987 0.701745
0.173205 -0.1 0.979796 0.68904
0.259808 -0.15 0.953939 0.685642
0.34641 -0.2 0.916515 0.687808
0.433013 -0.25 0.866025 0.682236
0.519615 -0.3 0.8 0.692206
0.606218 -0.35 0.714143 0.7039
0.69282 -0.4 0.6 0.721494
0.779423 -0.45 0.43589 0.720079
0.866025 -0.5 1.49012e-08 0.702567
0 -0 1 0.710653
0.0939693 -0.034202 0.994987 0.704685
0.187939 -0.068404 0.979796 0.69439
0.281908 -0.102606 0.953939 0.682352
0.375877 -0.136808 0.916515 0.670654
0.469846 -0.17101 0.866025 0.664295
0.563816 -0.205212 0.8 0.676128
0.657785 -0.239414 0.714143 0.692469
0.751754 -0.273616 0.6 0.706641
0.845723 -0.307818 0.43589 0.714292
0.939693 -0.34202 1.49012e-08 0.702567
0 -0 1 0.710653
0.0984808 -0.0173648 0.994987 0.70737
0.196962 -0.0347296 0.979796 0.699097
0.295442 -0.0520945 0.953939 0.680015
0.393923 -0.0694593 0.916515 0.651319
0.492404 -0.0868241 0.866025 0.618859
0.590885 -0.104189 0.8 0.625501
0.689365 -0.121554 0.714143 0.654969
0.787846 -0.138919 0.6 0.690454
0.886327 -0.156283 0.43589 0.693926
0.984808 -0.173648 1.49012e-08 0.702567
0 -0 1 0.710653
0.1 -2.44929e-17 0.994987 0.70966
0.2 -4.89859e-17 0.979796 0.703004
0.3 -7.34788e-17 0.953939 0.679329
0.4 -9.79717e-17 0.916515 0.649451
0.5 -1.22465e-16 0.866025 0.61043
0.6 -1.46958e-16 0.8 0.610964
0.7 -1.71451e-16 0.714143 0.634217
0.8 -1.95943e-16 0.6 0.681334
0.9 -2.20436e-16 0.43589 0.696988
1 -2.44929e-16 1.49012e-08 0.702567
