0 0 1 0.643563
0.1 0 0.994987 0.644043
0.2 0 0.979796 0.635396
0.3 0 0.953939 0.611681
0.4 0 0.916515 0.57455
0.5 0 0.866025 0.558744
0.6 0 0.8 0.581539
0.7 0 0.714143 0.624573
0.8 0 0.6 0.655174
0.9 0 0.43589 0.654422
1 0 1.49012e-08 0.669574
0 0 1 0.643563
0.0984808 0.0173648 0.994987 0.645732
0.196962 0.0347296 0.979796 0.638699
0.295442 0.0520945 0.953939 0.618943
0.393923 0.0694593 0.916515 0.600756
0.492404 0.0868241 0.866025 0.62045
0.590885 0.104189 0.8 0.636918
0.689365 0.121554 0.714143 0.634622
0.787846 0.138919 0.6 0.6424
0.886327 0.156283 0.43589 0.675175
0.984808 0.173648 1.49012e-08 0.669574
0 0 1 0.643563
0.0939693 0.034202 0.994987 0.647174
0.187939 0.068404 0.979796 0.641097
0.281908 0.102606 0.953939 0.619483
0.375877 0.136808 0.916515 0.612943
0.469846 0.17101 0.866025 0.647
0.563816 0.205212 0.8 0.662106
0.657785 0.239414 0.714143 0.639039
0.751754 0.273616 0.6 0.6097
0.845723 0.307818 0.43589 0.638721
0.939693 0.34202 1.49012e-08 0.669574
0 0 1 0.643563
0.0866025 0.05 0.994987 0.648378
0.173205 0.1 0.979796 0.642708
0.259808 0.15 0.953939 0.612595
0.34641 0.2 0.916515 0.604568
0.433013 0.25 0.866025 0.655045
0.519615 0.3 0.8 0.671495
0.606218 0.35 0.714143 0.666933
0.69282 0.4 0.6 0.672423
0.779423 0.45 0.43589 0.62927
0.866025 0.5 1.49012e-08 0.669574
0 0 1 0.643563
0.0766044 0.0642788 0.994987 0.64922
0.153209 0.128558 0.979796 0.644222
0.229813 0.192836 0.953939 0.607878
0.306418 0.257115 0.916515 0.599001
0.383022 0.321394 0.866025 0.655096
0.459627 0.385673 0.8 0.667498
0.536231 0.449951 0.714143 0.675642
0.612836 0.51423 0.6 0.667841
0.68944 0.578509 0.43589 0.644364
0.766044 0.642788 1.49012e-08 0.669574
0 0 1 0.643563
0.0642788 0.0766044 0.994987 0.649509
0.128558 0.153209 0.979796 0.646118
0.192836 0.229813 0.953939 0.616402
0.257115 0.306418 0.916515 0.6106
0.321394 0.383022 0.866025 0.646906
0.385673 0.459627 0.8 0.662365
0.449951 0.536231 0.714143 0.667272
0.51423 0.612836 0.6 0.622378
0.578509 0.68944 0.43589 0.668472
0.642788 0.766044 1.49012e-08 0.669574
0 0 1 0.643563
0.05 0.0866025 0.994987 0.649029
0.1 0.173205 0.979796 0.648085
0.15 0.259808 0.953939 0.627019
0.2 0.34641 0.916515 0.609902
0.25 0.433013 0.866025 0.622081
0.3 0.519615 0.8 0.639416
0.35 0.606218 0.714143 0.647667
0.4 0.69282 0.6 0.631711
0.45 0.779423 0.43589 0.677729
0.5 0.866025 1.49012e-08 0.669574
0 0 1 0.643563
0.034202 0.0939693 0.994987 0.64766
0.068404 0.187939 0.979796 0.649476
0.102606 0.281908 0.953939 0.632447
0.136808 0.375877 0.916515 0.599521
0.17101 0.469846 0.866025 0.572001
0.205212 0.563816 0.8 0.594296
0.239414 0.657785 0.714143 0.631753
0.273616 0.751754 0.6 0.662122
0.307818 0.845723 0.43589 0.678546
0.34202 0.939693 1.49012e-08 0.669574
0 0 1 0.643563
0.0173648 0.0984808 0.994987 0.645293
0.0347296 0.196962 0.979796 0.649921
0.0520945 0.295442 0.953939 0.634157
0.0694593 0.393923 0.916515 0.585672
0.0868241 0.492404 0.866025 0.494226
0.104189 0.590885 0.8 0.527281
0.121554 0.689365 0.714143 0.617053
0.138919 0.787846 0.6 0.666605
0.156283 0.886327 0.43589 0.673078
0.173648 0.984808 1.49012e-08 0.669574
0 0 1 0.643563
6.12323e-18 0.1 0.994987 0.641927
1.22465e-17 0.2 0.979796 0.649568
1.83697e-17 0.3 0.953939 0.636017
2.44929e-17 0.4 0.916515 0.58464
3.06162e-17 0.5 0.866025 0.472619
3.67394e-17 0.6 0.8 0.46669
4.28626e-17 0.7 0.714143 0.598684
4.89859e-17 0.8 0.6 0.662173
5.51091e-17 0.9 0.43589 0.670656
6.12323e-17 1 1.49012e-08 0.669574
-0 0 1 0.643563
-0.0173648 0.0984808 0.994987 0.639942
-0.0347296 0.196962 0.979796 0.648877
-0.0520945 0.295442 0.953939 0.639752
-0.0694593 0.393923 0.916515 0.600592
-0.0868241 0.492404 0.866025 0.527104
-0.104189 0.590885 0.8 0.489581
-0.121554 0.689365 0.714143 0.590963
-0.138919 0.787846 0.6 0.654019
-0.156283 0.886327 0.43589 0.672889
-0.173648 0.984808 1.49012e-08 0.669574
-0 0 1 0.643563
-0.034202 0.0939693 0.994987 0.641716
-0.068404 0.187939 0.979796 0.648458
-0.102606 0.281908 0.953939 0.644115
-0.136808 0.375877 0.916515 0.619334
-0.17101 0.469846 0.866025 0.588506
-0.205212 0.563816 0.8 0.575525
-0.239414 0.657785 0.714143 0.601977
-0.273616 0.751754 0.6 0.630077
-0.307818 0.845723 0.43589 0.667402
-0.34202 0.939693 1.49012e-08 0.669574
-0 0 1 0.643563
-0.05 0.0866025 0.994987 0.644625
-0.1 0.173205 0.979796 0.649632
-0.15 0.259808 0.953939 0.645515
-0.2 0.34641 0.916515 0.627523
-0.25 0.433013 0.866025 0.62377
-0.3 0.519615 0.8 0.626638
-0.35 0.606218 0.714143 0.630245
-0.4 0.69282 0.6 0.589238
-0.45 0.779423 0.43589 0.652526
-0.5 0.866025 1.49012e-08 0.669574
-0 0 1 0.643563
-0.0642788 0.0766044 0.994987 0.647369
-0.128558 0.153209 0.979796 0.652506
-0.192836 0.229813 0.953939 0.642211
-0.257115 0.306418 0.916515 0.622768
-0.321394 0.383022 0.866025 0.635081
-0.385673 0.459627 0.8 0.647872
-0.449951 0.536231 0.714143 0.64943
-0.51423 0.612836 0.6 0.62725
-0.578509 0.68944 0.43589 0.624179
-0.642788 0.766044 1.49012e-08 0.669574
-0 0 1 0.643563
-0.0766044 0.0642788 0.994987 0.649256
-0.153209 0.128558 0.979796 0.654657
-0.229813 0.192836 0.953939 0.637466
-0.306418 0.257115 0.916515 0.59126
-0.383022 0.321394 0.866025 0.622282
-0.459627 0.385673 0.8 0.652184
-0.536231 0.449951 0.714143 0.638948
-0.612836 0.51423 0.6 0.647513
-0.68944 0.578509 0.43589 0.60453
-0.766044 0.642788 1.49012e-08 0.669574
-0 0 1 0.643563
-0.0866025 0.05 0.994987 0.649986
-0.173205 0.1 0.979796 0.655683
-0.259808 0.15 0.953939 0.641904
-0.34641 0.2 0.916515 0.609516
-0.433013 0.25 0.866025 0.625192
-0.519615 0.3 0.8 0.652171
-0.606218 0.35 0.714143 0.646091
-0.69282 0.4 0.6 0.633397
-0.779423 0.45 0.43589 0.61402
-0.866025 0.5 1.49012e-08 0.669574
-0 0 1 0.643563
-0.0939693 0.034202 0.994987 0.649454
-0.187939 0.068404 0.979796 0.655117
-0.281908 0.102606 0.953939 0.648756
-0.375877 0.136808 0.916515 0.632584
-0.469846 0.17101 0.866025 0.632784
-0.563816 0.205212 0.8 0.646225
-0.657785 0.239414 0.714143 0.636765
-0.751754 0.273616 0.6 0.558814
-0.845723 0.307818 0.43589 0.609736
-0.939693 0.34202 1.49012e-08 0.669574
-0 0 1 0.643563
-0.0984808 0.0173648 0.994987 0.647628
-0.196962 0.0347296 0.979796 0.65329
-0.295442 0.0520945 0.953939 0.650751
-0.393923 0.0694593 0.916515 0.634193
-0.492404 0.0868241 0.866025 0.616468
-0.590885 0.104189 0.8 0.610912
-0.689365 0.121554 0.714143 0.614358
-0.787846 0.138919 0.6 0.63734
-0.886327 0.156283 0.43589 0.651503
-0.984808 0.173648 1.49012e-08 0.669574
-0 0 1 0.643563
-0.1 1.22465e-17 0.994987 0.644483
-0.2 2.44929e-17 0.979796 0.64993
-0.3 3.67394e-17 0.953939 0.647614
-0.4 4.89859e-17 0.916515 0.625689
-0.5 6.12323e-17 0.866025 0.57613
-0.6 7.34788e-17 0.8 0.509221
-0.7 8.57253e-17 0.714143 0.517657
-0.8 9.79717e-17 0.6 0.610082
-0.9 1.10218e-16 0.43589 0.621871
-1 1.22465e-16 1.49012e-08 0.669574
-0 -0 1 0.643563
-0.0984808 -0.0173648 0.994987 0.640026
-0.196962 -0.0347296 0.979796 0.643217
-0.295442 -0.0520945 0.953939 0.640591
-0.393923 -0.0694593 0.916515 0.614048
-0.492404 -0.0868241 0.866025 0.53767
-0.590885 -0.104189 0.8 0.400862
-0.689365 -0.121554 0.714143 0.465885
-0.787846 -0.138919 0.6 0.614216
-0.886327 -0.156283 0.43589 0.6709
-0.984808 -0.173648 1.49012e-08 0.669574
-0 -0 1 0.643563
-0.0939693 -0.034202 0.994987 0.634361
-0.187939 -0.068404 0.979796 0.632794
-0.281908 -0.102606 0.953939 0.630337
-0.375877 -0.136808 0.916515 0.610664
-0.469846 -0.17101 0.866025 0.558608
-0.563816 -0.205212 0.8 0.515163
-0.657785 -0.239414 0.714143 0.585466
-0.751754 -0.273616 0.6 0.649102
-0.845723 -0.307818 0.43589 0.6409
-0.939693 -0.34202 1.49012e-08 0.669574
-0 -0 1 0.643563
-0.0866025 -0.05 0.994987 0.627805
-0.173205 -0.1 0.979796 0.618427
-0.259808 -0.15 0.953939 0.621248
-0.34641 -0.2 0.916515 0.6227
-0.433013 -0.25 0.866025 0.610405
-0.519615 -0.3 0.8 0.607685
-0.606218 -0.35 0.714143 0.643506
-0.69282 -0.4 0.6 0.67846
-0.779423 -0.45 0.43589 0.680292
-0.866025 -0.5 1.49012e-08 0.669574
-0 -0 1 0.643563
-0.0766044 -0.0642788 0.994987 0.620983
-0.153209 -0.128558 0.979796 0.599413
-0.229813 -0.192836 0.953939 0.620678
-0.306418 -0.257115 0.916515 0.640856
-0.383022 -0.321394 0.866025 0.645908
-0.459627 -0.385673 0.8 0.637228
-0.536231 -0.449951 0.714143 0.63681
-0.612836 -0.51423 0.6 0.676802
-0.68944 -0.578509 0.43589 0.677121
-0.766044 -0.642788 1.49012e-08 0.669574
-0 -0 1 0.643563
-0.0642788 -0.0766044 0.994987 0.614813
-0.128558 -0.153209 0.979796 0.579825
-0.192836 -0.229813 0.953939 0.622544
-0.257115 -0.306418 0.916515 0.653735
-0.321394 -0.383022 0.866025 0.662522
-0.385673 -0.459627 0.8 0.642619
-0.449951 -0.536231 0.714143 0.617461
-0.51423 -0.612836 0.6 0.658924
-0.578509 -0.68944 0.43589 0.648541
-0.642788 -0.766044 1.49012e-08 0.669574
-0 -0 1 0.643563
-0.05 -0.0866025 0.994987 0.610291
-0.1 -0.173205 0.979796 0.559965
-0.15 -0.259808 0.953939 0.619033
-0.2 -0.34641 0.916515 0.659105
-0.25 -0.433013 0.866025 0.669427
-0.3 -0.519615 0.8 0.657258
-0.35 -0.606218 0.714143 0.633642
-0.4 -0.69282 0.6 0.614591
-0.45 -0.779423 0.43589 0.611381
-0.5 -0.866025 1.49012e-08 0.669574
-0 -0 1 0.643563
-0.034202 -0.0939693 0.994987 0.60821
-0.068404 -0.187939 0.979796 0.536515
-0.102606 -0.281908 0.953939 0.613627
-0.136808 -0.375877 0.916515 0.659209
-0.17101 -0.469846 0.866025 0.668068
-0.205212 -0.563816 0.8 0.664784
-0.239414 -0.657785 0.714143 0.62904
-0.273616 -0.751754 0.6 0.53807
-0.307818 -0.845723 0.43589 0.577714
-0.34202 -0.939693 1.49012e-08 0.669574
-0 -0 1 0.643563
-0.0173648 -0.0984808 0.994987 0.608898
-0.0347296 -0.196962 0.979796 0.541501
-0.0520945 -0.295442 0.953939 0.611027
-0.0694593 -0.393923 0.916515 0.657601
-0.0868241 -0.492404 0.866025 0.658427
-0.104189 -0.590885 0.8 0.662848
-0.121554 -0.689365 0.714143 0.618972
-0.138919 -0.787846 0.6 0.488851
-0.156283 -0.886327 0.43589 0.563315
-0.173648 -0.984808 1.49012e-08 0.669574
-0 -0 1 0.643563
-1.83697e-17 -0.1 0.994987 0.61197
-3.67394e-17 -0.2 0.979796 0.568242
-5.51091e-17 -0.3 0.953939 0.612445
-7.34788e-17 -0.4 0.916515 0.657683
-9.18485e-17 -0.5 0.866025 0.664382
-1.10218e-16 -0.6 0.8 0.661456
-1.28588e-16 -0.7 0.714143 0.625828
-1.46958e-16 -0.8 0.6 0.529933
-1.65327e-16 -0.9 0.43589 0.575142
-1.83697e-16 -1 1.49012e-08 0.669574
0 -0 1 0.643563
0.0173648 -0.0984808 0.994987 0.616474
0.0347296 -0.196962 0.979796 0.589688
0.0520945 -0.295442 0.953939 0.62002
0.0694593 -0.393923 0.916515 0.656235
0.0868241 -0.492404 0.866025 0.66348
0.104189 -0.590885 0.8 0.652063
0.121554 -0.689365 0.714143 0.633036
0.138919 -0.787846 0.6 0.599572
0.156283 -0.886327 0.43589 0.602153
0.173648 -0.984808 1.49012e-08 0.669574
0 -0 1 0.643563
0.034202 -0.0939693 0.994987 0.621409
0.068404 -0.187939 0.979796 0.604424
0.102606 -0.281908 0.953939 0.625997
0.136808 -0.375877 0.916515 0.652465
0.17101 -0.469846 0.866025 0.654248
0.205212 -0.563816 0.8 0.62069
0.239414 -0.657785 0.714143 0.630879
0.273616 -0.751754 0.6 0.64077
0.307818 -0.845723 0.43589 0.627574
0.34202 -0.939693 1.49012e-08 0.669574
0 -0 1 0.643563
0.05 -0.0866025 0.994987 0.6261
0.1 -0.173205 0.979796 0.611474
0.15 -0.259808 0.953939 0.62268
0.2 -0.34641 0.916515 0.64353
0.25 -0.433013 0.866025 0.645388
0.3 -0.519615 0.8 0.617386
0.35 -0.606218 0.714143 0.617118
0.4 -0.69282 0.6 0.657454
0.45 -0.779423 0.43589 0.647437
0.5 -0.866025 1.49012e-08 0.669574
0 -0 1 0.643563
0.0642788 -0.0766044 0.994987 0.630255
0.128558 -0.153209 0.979796 0.614426
0.192836 -0.229813 0.953939 0.608913
0.257115 -0.306418 0.916515 0.626272
0.321394 -0.383022 0.866025 0.628544
0.385673 -0.459627 0.8 0.624756
0.449951 -0.536231 0.714143 0.641613
0.51423 -0.612836 0.6 0.658299
0.578509 -0.68944 0.43589 0.659663
0.642788 -0.766044 1.49012e-08 0.669574
0 -0 1 0.643563
0.0766044 -0.0642788 0.994987 0.633838
0.153209 -0.128558 0.979796 0.619558
0.229813 -0.192836 0.953939 0.605551
0.306418 -0.257115 0.916515 0.599277
0.383022 -0.321394 0.866025 0.59265
0.459627 -0.385673 0.8 0.606517
0.536231 -0.449951 0.714143 0.636701
0.612836 -0.51423 0.6 0.649998
0.68944 -0.578509 0.43589 0.656131
0.766044 -0.642788 1.49012e-08 0.669574
0 -0 1 0.643563
0.0866025 -0.05 0.994987 0.636926
0.173205 -0.1 0.979796 0.624241
0.259808 -0.15 0.953939 0.602948
0.34641 -0.2 0.916515 0.563254
0.433013 -0.25 0.866025 0.519363
0.519615 -0.3 0.8 0.533243
0.606218 -0.35 0.714143 0.594652
0.69282 -0.4 0.6 0.615554
0.779423 -0.45 0.43589 0.622248
0.866025 -0.5 1.49012e-08 0.669574
0 -0 1 0.643563
0.0939693 -0.034202 0.994987 0.639632
0.187939 -0.068404 0.979796 0.627911
0.281908 -0.102606 0.953939 0.600475
0.375877 -0.136808 0.916515 0.53114
0.469846 -0.17101 0.866025 0.409518
0.563816 -0.205212 0.8 0.37789
0.657785 -0.239414 0.714143 0.523675
0.751754 -0.273616 0.6 0.610115
0.845723 -0.307818 0.43589 0.565588
0.939693 -0.34202 1.49012e-08 0.669574
0 -0 1 0.643563
0.0984808 -0.0173648 0.994987 0.642011
0.196962 -0.0347296 0.979796 0.63167
0.295442 -0.0520945 0.953939 0.603309
0.393923 -0.0694593 0.916515 0.536035
0.492404 -0.0868241 0.866025 0.441326
0.590885 -0.104189 0.8 0.452911
0.689365 -0.121554 0.714143 0.549404
0.787846 -0.138919 0.6 0.616071
0.886327 -0.156283 0.43589 0.65047
0.984808 -0.173648 1.49012e-08 0.669574
0 -0 1 0.643563
0.1 -2.44929e-17 0.994987 0.644043
0.2 -4.89859e-17 0.979796 0.635396
0.3 -7.34788e-17 0.953939 0.611681
0.4 -9.79717e-17 0.916515 0.57455
0.5 -1.22465e-16 0.866025 0.558744
0.6 -1.46958e-16 0.8 0.581539
0.7 -1.71451e-16 0.714143 0.624573
0.8 -1.95943e-16 0.6 0.655174
0.9 -2.20436e-16 0.43589 0.654422
1 -2.44929e-16 1.49012e-08 0.669574
