0 0 1 0.676427
0.1 0 0.994987 0.677324
0.2 0 0.979796 0.691445
0.3 0 0.953939 0.696992
0.4 0 0.916515 0.700035
0.5 0 0.866025 0.696431
0.6 0 0.8 0.684084
0.7 0 0.714143 0.660226
0.8 0 0.6 0.620029
0.9 0 0.43589 0.631906
1 0 1.49012e-08 0.720194
0 0 1 0.676427
0.0984808 0.0173648 0.994987 0.669067
0.196962 0.0347296 0.979796 0.679227
0.295442 0.0520945 0.953939 0.678541
0.393923 0.0694593 0.916515 0.677415
0.492404 0.0868241 0.866025 0.66415
0.590885 0.104189 0.8 0.633186
0.689365 0.121554 0.714143 0.668961
0.787846 0.138919 0.6 0.683736
0.886327 0.156283 0.43589 0.716661
0.984808 0.173648 1.49012e-08 0.720194
0 0 1 0.676427
0.0939693 0.034202 0.994987 0.659713
0.187939 0.068404 0.979796 0.66549
0.281908 0.102606 0.953939 0.659839
0.375877 0.136808 0.916515 0.656867
0.469846 0.17101 0.866025 0.64805
0.563816 0.205212 0.8 0.677897
0.657785 0.239414 0.714143 0.710312
0.751754 0.273616 0.6 0.718989
0.845723 0.307818 0.43589 0.704069
0.939693 0.34202 1.49012e-08 0.720194
0 0 1 0.676427
0.0866025 0.05 0.994987 0.649664
0.173205 0.1 0.979796 0.650698
0.259808 0.15 0.953939 0.6415
0.34641 0.2 0.916515 0.633118
0.433013 0.25 0.866025 0.663986
0.519615 0.3 0.8 0.699669
0.606218 0.35 0.714143 0.714068
0.69282 0.4 0.6 0.716527
0.779423 0.45 0.43589 0.718948
0.866025 0.5 1.49012e-08 0.720194
0 0 1 0.676427
0.0766044 0.0642788 0.994987 0.6397
0.153209 0.128558 0.979796 0.635392
0.229813 0.192836 0.953939 0.627754
0.306418 0.257115 0.916515 0.594086
0.383022 0.321394 0.866025 0.6687
0.459627 0.385673 0.8 0.702956
0.536231 0.449951 0.714143 0.715483
0.612836 0.51423 0.6 0.712343
0.68944 0.578509 0.43589 0.704984
0.766044 0.642788 1.49012e-08 0.720194
0 0 1 0.676427
0.0642788 0.0766044 0.994987 0.631532
0.128558 0.153209 0.979796 0.628652
0.192836 0.229813 0.953939 0.630969
0.257115 0.306418 0.916515 0.62523
0.321394 0.383022 0.866025 0.678296
0.385673 0.459627 0.8 0.697269
0.449951 0.536231 0.714143 0.704799
0.51423 0.612836 0.6 0.691289
0.578509 0.68944 0.43589 0.694195
0.642788 0.766044 1.49012e-08 0.720194
0 0 1 0.676427
0.05 0.0866025 0.994987 0.628639
0.1 0.173205 0.979796 0.637003
0.15 0.259808 0.953939 0.6486
0.2 0.34641 0.916515 0.660721
0.25 0.433013 0.866025 0.688775
0.3 0.519615 0.8 0.696375
0.35 0.606218 0.714143 0.698341
0.4 0.69282 0.6 0.691482
0.45 0.779423 0.43589 0.69489
0.5 0.866025 1.49012e-08 0.720194
0 0 1 0.676427
0.034202 0.0939693 0.994987 0.632544
0.068404 0.187939 0.979796 0.645889
0.102606 0.281908 0.953939 0.665664
0.136808 0.375877 0.916515 0.681191
0.17101 0.469846 0.866025 0.698735
0.205212 0.563816 0.8 0.697273
0.239414 0.657785 0.714143 0.699795
0.273616 0.751754 0.6 0.686349
0.307818 0.845723 0.43589 0.691495
0.34202 0.939693 1.49012e-08 0.720194
0 0 1 0.676427
0.0173648 0.0984808 0.994987 0.639578
0.0347296 0.196962 0.979796 0.651734
0.0520945 0.295442 0.953939 0.677622
0.0694593 0.393923 0.916515 0.693271
0.0868241 0.492404 0.866025 0.704109
0.104189 0.590885 0.8 0.71369
0.121554 0.689365 0.714143 0.707834
0.138919 0.787846 0.6 0.683619
0.156283 0.886327 0.43589 0.693221
0.173648 0.984808 1.49012e-08 0.720194
0 0 1 0.676427
6.12323e-18 0.1 0.994987 0.647058
1.22465e-17 0.2 0.979796 0.658753
1.83697e-17 0.3 0.953939 0.684867
2.44929e-17 0.4 0.916515 0.699355
3.06162e-17 0.5 0.866025 0.711299
3.67394e-17 0.6 0.8 0.71824
4.28626e-17 0.7 0.714143 0.712334
4.89859e-17 0.8 0.6 0.694665
5.51091e-17 0.9 0.43589 0.700462
6.12323e-17 1 1.49012e-08 0.720194
-0 0 1 0.676427
-0.0173648 0.0984808 0.994987 0.653965
-0.0347296 0.196962 0.979796 0.665576
-0.0520945 0.295442 0.953939 0.689151
-0.0694593 0.393923 0.916515 0.701732
-0.0868241 0.492404 0.866025 0.711411
-0.104189 0.590885 0.8 0.71819
-0.121554 0.689365 0.714143 0.707218
-0.138919 0.787846 0.6 0.702674
-0.156283 0.886327 0.43589 0.704606
-0.173648 0.984808 1.49012e-08 0.720194
-0 0 1 0.676427
-0.034202 0.0939693 0.994987 0.660057
-0.068404 0.187939 0.979796 0.668291
-0.102606 0.281908 0.953939 0.689987
-0.136808 0.375877 0.916515 0.706595
-0.17101 0.469846 0.866025 0.712548
-0.205212 0.563816 0.8 0.711715
-0.239414 0.657785 0.714143 0.717549
-0.273616 0.751754 0.6 0.706281
-0.307818 0.845723 0.43589 0.703404
-0.34202 0.939693 1.49012e-08 0.720194
-0 0 1 0.676427
-0.05 0.0866025 0.994987 0.665486
-0.1 0.173205 0.979796 0.667592
-0.15 0.259808 0.953939 0.687464
-0.2 0.34641 0.916515 0.708021
-0.25 0.433013 0.866025 0.716266
-0.3 0.519615 0.8 0.707928
-0.35 0.606218 0.714143 0.71866
-0.4 0.69282 0.6 0.712059
-0.45 0.779423 0.43589 0.709917
-0.5 0.866025 1.49012e-08 0.720194
-0 0 1 0.676427
-0.0642788 0.0766044 0.994987 0.670677
-0.128558 0.153209 0.979796 0.666441
-0.192836 0.229813 0.953939 0.680278
-0.257115 0.306418 0.916515 0.701642
-0.321394 0.383022 0.866025 0.715063
-0.385673 0.459627 0.8 0.714654
-0.449951 0.536231 0.714143 0.708943
-0.51423 0.612836 0.6 0.718266
-0.578509 0.68944 0.43589 0.71357
-0.642788 0.766044 1.49012e-08 0.720194
-0 0 1 0.676427
-0.0766044 0.0642788 0.994987 0.675883
-0.153209 0.128558 0.979796 0.665432
-0.229813 0.192836 0.953939 0.672513
-0.306418 0.257115 0.916515 0.683255
-0.383022 0.321394 0.866025 0.710853
-0.459627 0.385673 0.8 0.715461
-0.536231 0.449951 0.714143 0.711071
-0.612836 0.51423 0.6 0.716819
-0.68944 0.578509 0.43589 0.716193
-0.766044 0.642788 1.49012e-08 0.720194
-0 0 1 0.676427
-0.0866025 0.05 0.994987 0.680966
-0.173205 0.1 0.979796 0.671697
-0.259808 0.15 0.953939 0.670292
-0.34641 0.2 0.916515 0.670547
-0.433013 0.25 0.866025 0.694919
-0.519615 0.3 0.8 0.70878
-0.606218 0.35 0.714143 0.706914
-0.69282 0.4 0.6 0.705493
-0.779423 0.45 0.43589 0.709134
-0.866025 0.5 1.49012e-08 0.720194
-0 0 1 0.676427
-0.0939693 0.034202 0.994987 0.685798
-0.187939 0.068404 0.979796 0.682724
-0.281908 0.102606 0.953939 0.675032
-0.375877 0.136808 0.916515 0.672429
-0.469846 0.17101 0.866025 0.673966
-0.563816 0.205212 0.8 0.677259
-0.657785 0.239414 0.714143 0.685482
-0.751754 0.273616 0.6 0.687449
-0.845723 0.307818 0.43589 0.660846
-0.939693 0.34202 1.49012e-08 0.720194
-0 0 1 0.676427
-0.0984808 0.0173648 0.994987 0.690207
-0.196962 0.0347296 0.979796 0.692924
-0.295442 0.0520945 0.953939 0.68922
-0.393923 0.0694593 0.916515 0.682604
-0.492404 0.0868241 0.866025 0.665268
-0.590885 0.104189 0.8 0.648923
-0.689365 0.121554 0.714143 0.623156
-0.787846 0.138919 0.6 0.64815
-0.886327 0.156283 0.43589 0.696165
-0.984808 0.173648 1.49012e-08 0.720194
-0 0 1 0.676427
-0.1 1.22465e-17 0.994987 0.694007
-0.2 2.44929e-17 0.979796 0.700951
-0.3 3.67394e-17 0.953939 0.701678
-0.4 4.89859e-17 0.916515 0.700522
-0.5 6.12323e-17 0.866025 0.694616
-0.6 7.34788e-17 0.8 0.67574
-0.7 8.57253e-17 0.714143 0.661087
-0.8 9.79717e-17 0.6 0.666265
-0.9 1.10218e-16 0.43589 0.682982
-1 1.22465e-16 1.49012e-08 0.720194
-0 -0 1 0.676427
-0.0984808 -0.0173648 0.994987 0.697113
-0.196962 -0.0347296 0.979796 0.706149
-0.295442 -0.0520945 0.953939 0.7074
-0.393923 -0.0694593 0.916515 0.708053
-0.492404 -0.0868241 0.866025 0.708739
-0.590885 -0.104189 0.8 0.69967
-0.689365 -0.121554 0.714143 0.701888
-0.787846 -0.138919 0.6 0.710594
-0.886327 -0.156283 0.43589 0.708861
-0.984808 -0.173648 1.49012e-08 0.720194
-0 -0 1 0.676427
-0.0939693 -0.034202 0.994987 0.69962
-0.187939 -0.068404 0.979796 0.708716
-0.281908 -0.102606 0.953939 0.707281
-0.375877 -0.136808 0.916515 0.704382
-0.469846 -0.17101 0.866025 0.70724
-0.563816 -0.205212 0.8 0.692046
-0.657785 -0.239414 0.714143 0.674523
-0.751754 -0.273616 0.6 0.709579
-0.845723 -0.307818 0.43589 0.688979
-0.939693 -0.34202 1.49012e-08 0.720194
-0 -0 1 0.676427
-0.0866025 -0.05 0.994987 0.701899
-0.173205 -0.1 0.979796 0.70952
-0.259808 -0.15 0.953939 0.702312
-0.34641 -0.2 0.916515 0.702368
-0.433013 -0.25 0.866025 0.695628
-0.519615 -0.3 0.8 0.674355
-0.606218 -0.35 0.714143 0.692768
-0.69282 -0.4 0.6 0.702545
-0.779423 -0.45 0.43589 0.695928
-0.866025 -0.5 1.49012e-08 0.720194
-0 -0 1 0.676427
-0.0766044 -0.0642788 0.994987 0.703564
-0.153209 -0.128558 0.979796 0.710975
-0.229813 -0.192836 0.953939 0.704966
-0.306418 -0.257115 0.916515 0.704405
-0.383022 -0.321394 0.866025 0.702222
-0.459627 -0.385673 0.8 0.694919
-0.536231 -0.449951 0.714143 0.688701
-0.612836 -0.51423 0.6 0.685489
-0.68944 -0.578509 0.43589 0.68751
-0.766044 -0.642788 1.49012e-08 0.720194
-0 -0 1 0.676427
-0.0642788 -0.0766044 0.994987 0.704538
-0.128558 -0.153209 0.979796 0.711244
-0.192836 -0.229813 0.953939 0.706074
-0.257115 -0.306418 0.916515 0.706251
-0.321394 -0.383022 0.866025 0.710495
-0.385673 -0.459627 0.8 0.699094
-0.449951 -0.536231 0.714143 0.670488
-0.51423 -0.612836 0.6 0.65296
-0.578509 -0.68944 0.43589 0.694665
-0.642788 -0.766044 1.49012e-08 0.720194
-0 -0 1 0.676427
-0.05 -0.0866025 0.994987 0.704809
-0.1 -0.173205 0.979796 0.709775
-0.15 -0.259808 0.953939 0.700044
-0.2 -0.34641 0.916515 0.702749
-0.25 -0.433013 0.866025 0.711877
-0.3 -0.519615 0.8 0.69868
-0.35 -0.606218 0.714143 0.655873
-0.4 -0.69282 0.6 0.646241
-0.45 -0.779423 0.43589 0.696944
-0.5 -0.866025 1.49012e-08 0.720194
-0 -0 1 0.676427
-0.034202 -0.0939693 0.994987 0.70442
-0.068404 -0.187939 0.979796 0.707272
-0.102606 -0.281908 0.953939 0.69477
-0.136808 -0.375877 0.916515 0.699666
-0.17101 -0.469846 0.866025 0.711014
-0.205212 -0.563816 0.8 0.697977
-0.239414 -0.657785 0.714143 0.658754
-0.273616 -0.751754 0.6 0.642419
-0.307818 -0.845723 0.43589 0.696609
-0.34202 -0.939693 1.49012e-08 0.720194
-0 -0 1 0.676427
-0.0173648 -0.0984808 0.994987 0.703523
-0.0347296 -0.196962 0.979796 0.70533
-0.0520945 -0.295442 0.953939 0.694786
-0.0694593 -0.393923 0.916515 0.701278
-0.0868241 -0.492404 0.866025 0.710312
-0.104189 -0.590885 0.8 0.69937
-0.121554 -0.689365 0.714143 0.664889
-0.138919 -0.787846 0.6 0.636142
-0.156283 -0.886327 0.43589 0.698768
-0.173648 -0.984808 1.49012e-08 0.720194
-0 -0 1 0.676427
-1.83697e-17 -0.1 0.994987 0.702635
-3.67394e-17 -0.2 0.979796 0.70597
-5.51091e-17 -0.3 0.953939 0.6978
-7.34788e-17 -0.4 0.916515 0.707808
-9.18485e-17 -0.5 0.866025 0.713845
-1.10218e-16 -0.6 0.8 0.698478
-1.28588e-16 -0.7 0.714143 0.67709
-1.46958e-16 -0.8 0.6 0.658722
-1.65327e-16 -0.9 0.43589 0.697677
-1.83697e-16 -1 1.49012e-08 0.720194
0 -0 1 0.676427
0.0173648 -0.0984808 0.994987 0.70236
0.0347296 -0.196962 0.979796 0.708384
0.0520945 -0.295442 0.953939 0.701152
0.0694593 -0.393923 0.916515 0.711821
0.0868241 -0.492404 0.866025 0.718422
0.104189 -0.590885 0.8 0.708146
0.121554 -0.689365 0.714143 0.691944
0.138919 -0.787846 0.6 0.683483
0.156283 -0.886327 0.43589 0.697716
0.173648 -0.984808 1.49012e-08 0.720194
0 -0 1 0.676427
0.034202 -0.0939693 0.994987 0.701988
0.068404 -0.187939 0.979796 0.71038
0.102606 -0.281908 0.953939 0.699905
0.136808 -0.375877 0.916515 0.711638
0.17101 -0.469846 0.866025 0.72104
0.205212 -0.563816 0.8 0.711623
0.239414 -0.657785 0.714143 0.696567
0.273616 -0.751754 0.6 0.695499
0.307818 -0.845723 0.43589 0.698801
0.34202 -0.939693 1.49012e-08 0.720194
0 -0 1 0.676427
0.05 -0.0866025 0.994987 0.700973
0.1 -0.173205 0.979796 0.711583
0.15 -0.259808 0.953939 0.704635
0.2 -0.34641 0.916515 0.714393
0.25 -0.433013 0.866025 0.720047
0.3 -0.519615 0.8 0.712562
0.35 -0.606218 0.714143 0.696209
0.4 -0.69282 0.6 0.700463
0.45 -0.779423 0.43589 0.698062
0.5 -0.866025 1.49012e-08 0.720194
0 -0 1 0.676427
0.0642788 -0.0766044 0.994987 0.699384
0.128558 -0.153209 0.979796 0.713167
0.192836 -0.229813 0.953939 0.713963
0.257115 -0.306418 0.916515 0.718361
0.321394 -0.383022 0.866025 0.71962
0.385673 -0.459627 0.8 0.696719
0.449951 -0.536231 0.714143 0.690683
0.51423 -0.612836 0.6 0.70775
0.578509 -0.68944 0.43589 0.709756
0.642788 -0.766044 1.49012e-08 0.720194
0 -0 1 0.676427
0.0766044 -0.0642788 0.994987 0.697185
0.153209 -0.128558 0.979796 0.713521
0.229813 -0.192836 0.953939 0.718645
0.306418 -0.257115 0.916515 0.71674
0.383022 -0.321394 0.866025 0.720409
0.459627 -0.385673 0.8 0.711487
0.536231 -0.449951 0.714143 0.693181
0.612836 -0.51423 0.6 0.707518
0.68944 -0.578509 0.43589 0.717663
0.766044 -0.642788 1.49012e-08 0.720194
0 -0 1 0.676427
0.0866025 -0.05 0.994987 0.694025
0.173205 -0.1 0.979796 0.711579
0.259808 -0.15 0.953939 0.720068
0.34641 -0.2 0.916515 0.712981
0.433013 -0.25 0.866025 0.719542
0.519615 -0.3 0.8 0.720578
0.606218 -0.35 0.714143 0.697827
0.69282 -0.4 0.6 0.670945
0.779423 -0.45 0.43589 0.717061
0.866025 -0.5 1.49012e-08 0.720194
0 -0 1 0.676427
0.0939693 -0.034202 0.994987 0.689835
0.187939 -0.068404 0.979796 0.707623
0.281908 -0.102606 0.953939 0.717769
0.375877 -0.136808 0.916515 0.718187
0.469846 -0.17101 0.866025 0.717202
0.563816 -0.205212 0.8 0.717637
0.657785 -0.239414 0.714143 0.706962
0.751754 -0.273616 0.6 0.677666
0.845723 -0.307818 0.43589 0.706785
0.939693 -0.34202 1.49012e-08 0.720194
0 -0 1 0.676427
0.0984808 -0.0173648 0.994987 0.684272
0.196962 -0.0347296 0.979796 0.701181
0.295442 -0.0520945 0.953939 0.710488
0.393923 -0.0694593 0.916515 0.715287
0.492404 -0.0868241 0.866025 0.715765
0.590885 -0.104189 0.8 0.710031
0.689365 -0.121554 0.714143 0.698426
0.787846 -0.138919 0.6 0.680898
0.886327 -0.156283 0.43589 0.70257
0.984808 -0.173648 1.49012e-08 0.720194
0 -0 1 0.676427
0.1 -2.44929e-17 0.994987 0.677324
0.2 -4.89859e-17 0.979796 0.691445
0.3 -7.34788e-17 0.953939 0.696992
0.4 -9.79717e-17 0.916515 0.700035
0.5 -1.22465e-16 0.866025 0.696431
0.6 -1.46958e-16 0.8 0.684084
0.7 -1.71451e-16 0.714143 0.660226
0.8 -1.95943e-16 0.6 0.620029
0.9 -2.20436e-16 0.43589 0.631906
1 -2.44929e-16 1.49012e-08 0.720194
