0 0 1 0.662065
0.1 0 0.994987 0.651592
0.2 0 0.979796 0.649283
0.3 0 0.953939 0.655806
0.4 0 0.916515 0.664969
0.5 0 0.866025 0.672381
0.6 0 0.8 0.67897
0.7 0 0.714143 0.696301
0.8 0 0.6 0.701648
0.9 0 0.43589 0.703079
1 0 1.49012e-08 0.709323
0 0 1 0.662065
0.0984808 0.0173648 0.994987 0.641725
0.196962 0.0347296 0.979796 0.630655
0.295442 0.0520945 0.953939 0.630245
0.393923 0.0694593 0.916515 0.625848
0.492404 0.0868241 0.866025 0.624832
0.590885 0.104189 0.8 0.599021
0.689365 0.121554 0.714143 0.629017
0.787846 0.138919 0.6 0.634608
0.886327 0.156283 0.43589 0.670489
0.984808 0.173648 1.49012e-08 0.709323
0 0 1 0.662065
0.0939693 0.034202 0.994987 0.63209
0.187939 0.068404 0.979796 0.610772
0.281908 0.102606 0.953939 0.609198
0.375877 0.136808 0.916515 0.583736
0.469846 0.17101 0.866025 0.603663
0.563816 0.205212 0.8 0.615165
0.657785 0.239414 0.714143 0.660776
0.751754 0.273616 0.6 0.693052
0.845723 0.307818 0.43589 0.705568
0.939693 0.34202 1.49012e-08 0.709323
0 0 1 0.662065
0.0866025 0.05 0.994987 0.623859
0.173205 0.1 0.979796 0.592693
0.259808 0.15 0.953939 0.602238
0.34641 0.2 0.916515 0.604471
0.433013 0.25 0.866025 0.635387
0.519615 0.3 0.8 0.668428
0.606218 0.35 0.714143 0.688681
0.69282 0.4 0.6 0.697217
0.779423 0.45 0.43589 0.694887
0.866025 0.5 1.49012e-08 0.709323
0 0 1 0.662065
0.0766044 0.0642788 0.994987 0.61856
0.153209 0.128558 0.979796 0.583948
0.229813 0.192836 0.953939 0.613832
0.306418 0.257115 0.916515 0.644649
0.383022 0.321394 0.866025 0.673919
0.459627 0.385673 0.8 0.690197
0.536231 0.449951 0.714143 0.687916
0.612836 0.51423 0.6 0.696875
0.68944 0.578509 0.43589 0.671872
0.766044 0.642788 1.49012e-08 0.709323
0 0 1 0.662065
0.0642788 0.0766044 0.994987 0.616895
0.128558 0.153209 0.979796 0.592738
0.192836 0.229813 0.953939 0.635227
0.257115 0.306418 0.916515 0.671171
0.321394 0.383022 0.866025 0.694381
0.385673 0.459627 0.8 0.703134
0.449951 0.536231 0.714143 0.698186
0.51423 0.612836 0.6 0.706469
0.578509 0.68944 0.43589 0.654569
0.642788 0.766044 1.49012e-08 0.709323
0 0 1 0.662065
0.05 0.0866025 0.994987 0.618128
0.1 0.173205 0.979796 0.607716
0.15 0.259808 0.953939 0.652824
0.2 0.34641 0.916515 0.684231
0.25 0.433013 0.866025 0.699919
0.3 0.519615 0.8 0.70496
0.35 0.606218 0.714143 0.710154
0.4 0.69282 0.6 0.706797
0.45 0.779423 0.43589 0.680891
0.5 0.866025 1.49012e-08 0.709323
0 0 1 0.662065
0.034202 0.0939693 0.994987 0.62087
0.068404 0.187939 0.979796 0.623841
0.102606 0.281908 0.953939 0.664822
0.136808 0.375877 0.916515 0.690091
0.17101 0.469846 0.866025 0.700811
0.205212 0.563816 0.8 0.704708
0.239414 0.657785 0.714143 0.710957
0.273616 0.751754 0.6 0.710823
0.307818 0.845723 0.43589 0.695468
0.34202 0.939693 1.49012e-08 0.709323
0 0 1 0.662065
0.0173648 0.0984808 0.994987 0.625325
0.0347296 0.196962 0.979796 0.638876
0.0520945 0.295442 0.953939 0.671833
0.0694593 0.393923 0.916515 0.689886
0.0868241 0.492404 0.866025 0.700396
0.104189 0.590885 0.8 0.699274
0.121554 0.689365 0.714143 0.711476
0.138919 0.787846 0.6 0.716838
0.156283 0.886327 0.43589 0.694609
0.173648 0.984808 1.49012e-08 0.709323
0 0 1 0.662065
6.12323e-18 0.1 0.994987 0.629761
1.22465e-17 0.2 0.979796 0.649491
1.83697e-17 0.3 0.953939 0.676004
2.44929e-17 0.4 0.916515 0.69015
3.06162e-17 0.5 0.866025 0.692453
3.67394e-17 0.6 0.8 0.678772
4.28626e-17 0.7 0.714143 0.709577
4.89859e-17 0.8 0.6 0.716305
5.51091e-17 0.9 0.43589 0.693405
6.12323e-17 1 1.49012e-08 0.709323
-0 0 1 0.662065
-0.0173648 0.0984808 0.994987 0.633237
-0.0347296 0.196962 0.979796 0.655818
-0.0520945 0.295442 0.953939 0.682926
-0.0694593 0.393923 0.916515 0.697576
-0.0868241 0.492404 0.866025 0.692168
-0.104189 0.590885 0.8 0.675083
-0.121554 0.689365 0.714143 0.704054
-0.138919 0.787846 0.6 0.708361
-0.156283 0.886327 0.43589 0.694843
-0.173648 0.984808 1.49012e-08 0.709323
-0 0 1 0.662065
-0.034202 0.0939693 0.994987 0.634967
-0.068404 0.187939 0.979796 0.657806
-0.102606 0.281908 0.953939 0.688498
-0.136808 0.375877 0.916515 0.702672
-0.17101 0.469846 0.866025 0.70259
-0.205212 0.563816 0.8 0.696141
-0.239414 0.657785 0.714143 0.706274
-0.273616 0.751754 0.6 0.70098
-0.307818 0.845723 0.43589 0.684338
-0.34202 0.939693 1.49012e-08 0.709323
-0 0 1 0.662065
-0.05 0.0866025 0.994987 0.635467
-0.1 0.173205 0.979796 0.656835
-0.15 0.259808 0.953939 0.689948
-0.2 0.34641 0.916515 0.705022
-0.25 0.433013 0.866025 0.708227
-0.3 0.519615 0.8 0.706652
-0.35 0.606218 0.714143 0.712959
-0.4 0.69282 0.6 0.701787
-0.45 0.779423 0.43589 0.66362
-0.5 0.866025 1.49012e-08 0.709323
-0 0 1 0.662065
-0.0642788 0.0766044 0.994987 0.635761
-0.128558 0.153209 0.979796 0.651366
-0.192836 0.229813 0.953939 0.68587
-0.257115 0.306418 0.916515 0.704973
-0.321394 0.383022 0.866025 0.712087
-0.385673 0.459627 0.8 0.707973
-0.449951 0.536231 0.714143 0.717212
-0.51423 0.612836 0.6 0.701299
-0.578509 0.68944 0.43589 0.639743
-0.642788 0.766044 1.49012e-08 0.709323
-0 0 1 0.662065
-0.0766044 0.0642788 0.994987 0.638135
-0.153209 0.128558 0.979796 0.643466
-0.229813 0.192836 0.953939 0.674868
-0.306418 0.257115 0.916515 0.697862
-0.383022 0.321394 0.866025 0.709495
-0.459627 0.385673 0.8 0.713875
-0.536231 0.449951 0.714143 0.712895
-0.612836 0.51423 0.6 0.6974
-0.68944 0.578509 0.43589 0.660995
-0.766044 0.642788 1.49012e-08 0.709323
-0 0 1 0.662065
-0.0866025 0.05 0.994987 0.642127
-0.173205 0.1 0.979796 0.637847
-0.259808 0.15 0.953939 0.656993
-0.34641 0.2 0.916515 0.679957
-0.433013 0.25 0.866025 0.702666
-0.519615 0.3 0.8 0.711667
-0.606218 0.35 0.714143 0.703273
-0.69282 0.4 0.6 0.714062
-0.779423 0.45 0.43589 0.670135
-0.866025 0.5 1.49012e-08 0.709323
-0 0 1 0.662065
-0.0939693 0.034202 0.994987 0.64733
-0.187939 0.068404 0.979796 0.634833
-0.281908 0.102606 0.953939 0.635128
-0.375877 0.136808 0.916515 0.648651
-0.469846 0.17101 0.866025 0.680829
-0.563816 0.205212 0.8 0.703425
-0.657785 0.239414 0.714143 0.708098
-0.751754 0.273616 0.6 0.718708
-0.845723 0.307818 0.43589 0.699593
-0.939693 0.34202 1.49012e-08 0.709323
-0 0 1 0.662065
-0.0984808 0.0173648 0.994987 0.653721
-0.196962 0.0347296 0.979796 0.638499
-0.295442 0.0520945 0.953939 0.623658
-0.393923 0.0694593 0.916515 0.623569
-0.492404 0.0868241 0.866025 0.639398
-0.590885 0.104189 0.8 0.667227
-0.689365 0.121554 0.714143 0.699851
-0.787846 0.138919 0.6 0.715263
-0.886327 0.156283 0.43589 0.714336
-0.984808 0.173648 1.49012e-08 0.709323
-0 0 1 0.662065
-0.1 1.22465e-17 0.994987 0.661243
-0.2 2.44929e-17 0.979796 0.652006
-0.3 3.67394e-17 0.953939 0.643666
-0.4 4.89859e-17 0.916515 0.630757
-0.5 6.12323e-17 0.866025 0.591196
-0.6 7.34788e-17 0.8 0.604823
-0.7 8.57253e-17 0.714143 0.639371
-0.8 9.79717e-17 0.6 0.659073
-0.9 1.10218e-16 0.43589 0.659079
-1 1.22465e-16 1.49012e-08 0.709323
-0 -0 1 0.662065
-0.0984808 -0.0173648 0.994987 0.669368
-0.196962 -0.0347296 0.979796 0.668985
-0.295442 -0.0520945 0.953939 0.670195
-0.393923 -0.0694593 0.916515 0.663233
-0.492404 -0.0868241 0.866025 0.643548
-0.590885 -0.104189 0.8 0.650053
-0.689365 -0.121554 0.714143 0.658456
-0.787846 -0.138919 0.6 0.682954
-0.886327 -0.156283 0.43589 0.708388
-0.984808 -0.173648 1.49012e-08 0.709323
-0 -0 1 0.662065
-0.0939693 -0.034202 0.994987 0.67729
-0.187939 -0.068404 0.979796 0.685846
-0.281908 -0.102606 0.953939 0.693622
-0.375877 -0.136808 0.916515 0.695002
-0.469846 -0.17101 0.866025 0.694521
-0.563816 -0.205212 0.8 0.703632
-0.657785 -0.239414 0.714143 0.713371
-0.751754 -0.273616 0.6 0.717148
-0.845723 -0.307818 0.43589 0.698449
-0.939693 -0.34202 1.49012e-08 0.709323
-0 -0 1 0.662065
-0.0866025 -0.05 0.994987 0.684316
-0.173205 -0.1 0.979796 0.698985
-0.259808 -0.15 0.953939 0.70974
-0.34641 -0.2 0.916515 0.714004
-0.433013 -0.25 0.866025 0.713543
-0.519615 -0.3 0.8 0.715136
-0.606218 -0.35 0.714143 0.719981
-0.69282 -0.4 0.6 0.721829
-0.779423 -0.45 0.43589 0.712625
-0.866025 -0.5 1.49012e-08 0.709323
-0 -0 1 0.662065
-0.0766044 -0.0642788 0.994987 0.690112
-0.153209 -0.128558 0.979796 0.708003
-0.229813 -0.192836 0.953939 0.718178
-0.306418 -0.257115 0.916515 0.719822
-0.383022 -0.321394 0.866025 0.716497
-0.459627 -0.385673 0.8 0.715503
-0.536231 -0.449951 0.714143 0.717676
-0.612836 -0.51423 0.6 0.713272
-0.68944 -0.578509 0.43589 0.705861
-0.766044 -0.642788 1.49012e-08 0.709323
-0 -0 1 0.662065
-0.0642788 -0.0766044 0.994987 0.694549
-0.128558 -0.153209 0.979796 0.713296
-0.192836 -0.229813 0.953939 0.719556
-0.257115 -0.306418 0.916515 0.721627
-0.321394 -0.383022 0.866025 0.716829
-0.385673 -0.459627 0.8 0.715528
-0.449951 -0.536231 0.714143 0.711793
-0.51423 -0.612836 0.6 0.703657
-0.578509 -0.68944 0.43589 0.677193
-0.642788 -0.766044 1.49012e-08 0.709323
-0 -0 1 0.662065
-0.05 -0.0866025 0.994987 0.69764
-0.1 -0.173205 0.979796 0.716186
-0.15 -0.259808 0.953939 0.721665
-0.2 -0.34641 0.916515 0.723045
-0.25 -0.433013 0.866025 0.72208
-0.3 -0.519615 0.8 0.709375
-0.35 -0.606218 0.714143 0.704804
-0.4 -0.69282 0.6 0.682542
-0.45 -0.779423 0.43589 0.651344
-0.5 -0.866025 1.49012e-08 0.709323
-0 -0 1 0.662065
-0.034202 -0.0939693 0.994987 0.699466
-0.068404 -0.187939 0.979796 0.717255
-0.102606 -0.281908 0.953939 0.721392
-0.136808 -0.375877 0.916515 0.721272
-0.17101 -0.469846 0.866025 0.716841
-0.205212 -0.563816 0.8 0.703349
-0.239414 -0.657785 0.714143 0.686748
-0.273616 -0.751754 0.6 0.65182
-0.307818 -0.845723 0.43589 0.679328
-0.34202 -0.939693 1.49012e-08 0.709323
-0 -0 1 0.662065
-0.0173648 -0.0984808 0.994987 0.700118
-0.0347296 -0.196962 0.979796 0.716776
-0.0520945 -0.295442 0.953939 0.716618
-0.0694593 -0.393923 0.916515 0.712074
-0.0868241 -0.492404 0.866025 0.707011
-0.104189 -0.590885 0.8 0.701876
-0.121554 -0.689365 0.714143 0.677633
-0.138919 -0.787846 0.6 0.658942
-0.156283 -0.886327 0.43589 0.698385
-0.173648 -0.984808 1.49012e-08 0.709323
-0 -0 1 0.662065
-1.83697e-17 -0.1 0.994987 0.699698
-3.67394e-17 -0.2 0.979796 0.714767
-5.51091e-17 -0.3 0.953939 0.712073
-7.34788e-17 -0.4 0.916515 0.70255
-9.18485e-17 -0.5 0.866025 0.707953
-1.10218e-16 -0.6 0.8 0.703333
-1.28588e-16 -0.7 0.714143 0.694281
-1.46958e-16 -0.8 0.6 0.687592
-1.65327e-16 -0.9 0.43589 0.708609
-1.83697e-16 -1 1.49012e-08 0.709323
0 -0 1 0.662065
0.0173648 -0.0984808 0.994987 0.698292
0.0347296 -0.196962 0.979796 0.712226
0.0520945 -0.295442 0.953939 0.709908
0.0694593 -0.393923 0.916515 0.705926
0.0868241 -0.492404 0.866025 0.711157
0.104189 -0.590885 0.8 0.706218
0.121554 -0.689365 0.714143 0.707762
0.138919 -0.787846 0.6 0.70426
0.156283 -0.886327 0.43589 0.715582
0.173648 -0.984808 1.49012e-08 0.709323
0 -0 1 0.662065
0.034202 -0.0939693 0.994987 0.695964
0.068404 -0.187939 0.979796 0.709327
0.102606 -0.281908 0.953939 0.708645
0.136808 -0.375877 0.916515 0.708727
0.17101 -0.469846 0.866025 0.710424
0.205212 -0.563816 0.8 0.711535
0.239414 -0.657785 0.714143 0.71258
0.273616 -0.751754 0.6 0.711753
0.307818 -0.845723 0.43589 0.717982
0.34202 -0.939693 1.49012e-08 0.709323
0 -0 1 0.662065
0.05 -0.0866025 0.994987 0.692703
0.1 -0.173205 0.979796 0.705874
0.15 -0.259808 0.953939 0.702858
0.2 -0.34641 0.916515 0.707287
0.25 -0.433013 0.866025 0.697339
0.3 -0.519615 0.8 0.71302
0.35 -0.606218 0.714143 0.710664
0.4 -0.69282 0.6 0.710135
0.45 -0.779423 0.43589 0.717448
0.5 -0.866025 1.49012e-08 0.709323
0 -0 1 0.662065
0.0642788 -0.0766044 0.994987 0.688491
0.128558 -0.153209 0.979796 0.700351
0.192836 -0.229813 0.953939 0.695918
0.257115 -0.306418 0.916515 0.704683
0.321394 -0.383022 0.866025 0.707596
0.385673 -0.459627 0.8 0.7172
0.449951 -0.536231 0.714143 0.717313
0.51423 -0.612836 0.6 0.703342
0.578509 -0.68944 0.43589 0.706146
0.642788 -0.766044 1.49012e-08 0.709323
0 -0 1 0.662065
0.0766044 -0.0642788 0.994987 0.68323
0.153209 -0.128558 0.979796 0.69324
0.229813 -0.192836 0.953939 0.69325
0.306418 -0.257115 0.916515 0.708897
0.383022 -0.321394 0.866025 0.716782
0.459627 -0.385673 0.8 0.722557
0.536231 -0.449951 0.714143 0.721577
0.612836 -0.51423 0.6 0.710345
0.68944 -0.578509 0.43589 0.71263
0.766044 -0.642788 1.49012e-08 0.709323
0 -0 1 0.662065
0.0866025 -0.05 0.994987 0.676884
0.173205 -0.1 0.979796 0.685468
0.259808 -0.15 0.953939 0.69217
0.34641 -0.2 0.916515 0.709907
0.433013 -0.25 0.866025 0.715293
0.519615 -0.3 0.8 0.717062
0.606218 -0.35 0.714143 0.710712
0.69282 -0.4 0.6 0.692299
0.779423 -0.45 0.43589 0.715291
0.866025 -0.5 1.49012e-08 0.709323
0 -0 1 0.662065
0.0939693 -0.034202 0.994987 0.669445
0.187939 -0.068404 0.979796 0.676173
0.281908 -0.102606 0.953939 0.685829
0.375877 -0.136808 0.916515 0.7034
0.469846 -0.17101 0.866025 0.707114
0.563816 -0.205212 0.8 0.710207
0.657785 -0.239414 0.714143 0.704017
0.751754 -0.273616 0.6 0.694296
0.845723 -0.307818 0.43589 0.683142
0.939693 -0.34202 1.49012e-08 0.709323
0 -0 1 0.662065
0.0984808 -0.0173648 0.994987 0.660962
0.196962 -0.0347296 0.979796 0.664524
0.295442 -0.0520945 0.953939 0.674891
0.393923 -0.0694593 0.916515 0.690653
0.492404 -0.0868241 0.866025 0.69935
0.590885 -0.104189 0.8 0.705559
0.689365 -0.121554 0.714143 0.709206
0.787846 -0.138919 0.6 0.717439
0.886327 -0.156283 0.43589 0.712448
0.984808 -0.173648 1.49012e-08 0.709323
0 -0 1 0.662065
0.1 -2.44929e-17 0.994987 0.651592
0.2 -4.89859e-17 0.979796 0.649283
0.3 -7.34788e-17 0.953939 0.655806
0.4 -9.79717e-17 0.916515 0.664969
0.5 -1.22465e-16 0.866025 0.672381
0.6 -1.46958e-16 0.8 0.67897
0.7 -1.71451e-16 0.714143 0.696301
0.8 -1.95943e-16 0.6 0.701648
0.9 -2.20436e-16 0.43589 0.703079
1 -2.44929e-16 1.49012e-08 0.709323
