0 0 1 0.673514
0.1 0 0.994987 0.641803
0.2 0 0.979796 0.648531
0.3 0 0.953939 0.676738
0.4 0 0.916515 0.701042
0.5 0 0.866025 0.705619
0.6 0 0.8 0.704115
0.7 0 0.714143 0.706054
0.8 0 0.6 0.710851
0.9 0 0.43589 0.702843
1 0 1.49012e-08 0.670575
0 0 1 0.673514
0.0984808 0.0173648 0.994987 0.640595
0.196962 0.0347296 0.979796 0.652931
0.295442 0.0520945 0.953939 0.68498
0.393923 0.0694593 0.916515 0.706259
0.492404 0.0868241 0.866025 0.7095
0.590885 0.104189 0.8 0.698616
0.689365 0.121554 0.714143 0.707253
0.787846 0.138919 0.6 0.712188
0.886327 0.156283 0.43589 0.661721
0.984808 0.173648 1.49012e-08 0.670575
0 0 1 0.673514
0.0939693 0.034202 0.994987 0.640911
0.187939 0.068404 0.979796 0.653265
0.281908 0.102606 0.953939 0.686329
0.375877 0.136808 0.916515 0.706987
0.469846 0.17101 0.866025 0.704412
0.563816 0.205212 0.8 0.695846
0.657785 0.239414 0.714143 0.713013
0.751754 0.273616 0.6 0.689118
0.845723 0.307818 0.43589 0.617612
0.939693 0.34202 1.49012e-08 0.670575
0 0 1 0.673514
0.0866025 0.05 0.994987 0.641589
0.173205 0.1 0.979796 0.64779
0.259808 0.15 0.953939 0.683825
0.34641 0.2 0.916515 0.704654
0.433013 0.25 0.866025 0.70665
0.519615 0.3 0.8 0.7116
0.606218 0.35 0.714143 0.701618
0.69282 0.4 0.6 0.640067
0.779423 0.45 0.43589 0.685631
0.866025 0.5 1.49012e-08 0.670575
0 0 1 0.673514
0.0766044 0.0642788 0.994987 0.641735
0.153209 0.128558 0.979796 0.635278
0.229813 0.192836 0.953939 0.678846
0.306418 0.257115 0.916515 0.706524
0.383022 0.321394 0.866025 0.709362
0.459627 0.385673 0.8 0.70697
0.536231 0.449951 0.714143 0.690627
0.612836 0.51423 0.6 0.646065
0.68944 0.578509 0.43589 0.705486
0.766044 0.642788 1.49012e-08 0.670575
0 0 1 0.673514
0.0642788 0.0766044 0.994987 0.641662
0.128558 0.153209 0.979796 0.618102
0.192836 0.229813 0.953939 0.672325
0.257115 0.306418 0.916515 0.705684
0.321394 0.383022 0.866025 0.70646
0.385673 0.459627 0.8 0.713421
0.449951 0.536231 0.714143 0.695428
0.51423 0.612836 0.6 0.650736
0.578509 0.68944 0.43589 0.710619
0.642788 0.766044 1.49012e-08 0.670575
0 0 1 0.673514
0.05 0.0866025 0.994987 0.641964
0.1 0.173205 0.979796 0.609617
0.15 0.259808 0.953939 0.66489
0.2 0.34641 0.916515 0.703735
0.25 0.433013 0.866025 0.710588
0.3 0.519615 0.8 0.714694
0.35 0.606218 0.714143 0.695257
0.4 0.69282 0.6 0.651292
0.45 0.779423 0.43589 0.709072
0.5 0.866025 1.49012e-08 0.670575
0 0 1 0.673514
0.034202 0.0939693 0.994987 0.643086
0.068404 0.187939 0.979796 0.606281
0.102606 0.281908 0.953939 0.65854
0.136808 0.375877 0.916515 0.699229
0.17101 0.469846 0.866025 0.710252
0.205212 0.563816 0.8 0.712078
0.239414 0.657785 0.714143 0.691129
0.273616 0.751754 0.6 0.647255
0.307818 0.845723 0.43589 0.705932
0.34202 0.939693 1.49012e-08 0.670575
0 0 1 0.673514
0.0173648 0.0984808 0.994987 0.646731
0.0347296 0.196962 0.979796 0.612793
0.0520945 0.295442 0.953939 0.652055
0.0694593 0.393923 0.916515 0.690248
0.0868241 0.492404 0.866025 0.708551
0.104189 0.590885 0.8 0.70945
0.121554 0.689365 0.714143 0.686828
0.138919 0.787846 0.6 0.656806
0.156283 0.886327 0.43589 0.701279
0.173648 0.984808 1.49012e-08 0.670575
0 0 1 0.673514
6.12323e-18 0.1 0.994987 0.65155
1.22465e-17 0.2 0.979796 0.61956
1.83697e-17 0.3 0.953939 0.642691
2.44929e-17 0.4 0.916515 0.675004
3.06162e-17 0.5 0.866025 0.69715
3.67394e-17 0.6 0.8 0.701739
4.28626e-17 0.7 0.714143 0.685304
4.89859e-17 0.8 0.6 0.65631
5.51091e-17 0.9 0.43589 0.693213
6.12323e-17 1 1.49012e-08 0.670575
-0 0 1 0.673514
-0.0173648 0.0984808 0.994987 0.657596
-0.0347296 0.196962 0.979796 0.635909
-0.0520945 0.295442 0.953939 0.632121
-0.0694593 0.393923 0.916515 0.654384
-0.0868241 0.492404 0.866025 0.673414
-0.104189 0.590885 0.8 0.686154
-0.121554 0.689365 0.714143 0.674073
-0.138919 0.787846 0.6 0.648692
-0.156283 0.886327 0.43589 0.680474
-0.173648 0.984808 1.49012e-08 0.670575
-0 0 1 0.673514
-0.034202 0.0939693 0.994987 0.664219
-0.068404 0.187939 0.979796 0.651078
-0.102606 0.281908 0.953939 0.633104
-0.136808 0.375877 0.916515 0.636963
-0.17101 0.469846 0.866025 0.64329
-0.205212 0.563816 0.8 0.663984
-0.239414 0.657785 0.714143 0.64914
-0.273616 0.751754 0.6 0.629647
-0.307818 0.845723 0.43589 0.661897
-0.34202 0.939693 1.49012e-08 0.670575
-0 0 1 0.673514
-0.05 0.0866025 0.994987 0.670738
-0.1 0.173205 0.979796 0.665198
-0.15 0.259808 0.953939 0.651092
-0.2 0.34641 0.916515 0.640831
-0.25 0.433013 0.866025 0.657839
-0.3 0.519615 0.8 0.650245
-0.35 0.606218 0.714143 0.623206
-0.4 0.69282 0.6 0.57604
-0.45 0.779423 0.43589 0.634947
-0.5 0.866025 1.49012e-08 0.670575
-0 0 1 0.673514
-0.0642788 0.0766044 0.994987 0.67663
-0.128558 0.153209 0.979796 0.677307
-0.192836 0.229813 0.953939 0.671846
-0.257115 0.306418 0.916515 0.671257
-0.321394 0.383022 0.866025 0.67776
-0.385673 0.459627 0.8 0.667219
-0.449951 0.536231 0.714143 0.622122
-0.51423 0.612836 0.6 0.497469
-0.578509 0.68944 0.43589 0.589066
-0.642788 0.766044 1.49012e-08 0.670575
-0 0 1 0.673514
-0.0766044 0.0642788 0.994987 0.681612
-0.153209 0.128558 0.979796 0.686615
-0.229813 0.192836 0.953939 0.685501
-0.306418 0.257115 0.916515 0.688633
-0.383022 0.321394 0.866025 0.690874
-0.459627 0.385673 0.8 0.679716
-0.536231 0.449951 0.714143 0.646075
-0.612836 0.51423 0.6 0.554477
-0.68944 0.578509 0.43589 0.526027
-0.766044 0.642788 1.49012e-08 0.670575
-0 0 1 0.673514
-0.0866025 0.05 0.994987 0.685588
-0.173205 0.1 0.979796 0.692996
-0.259808 0.15 0.953939 0.693646
-0.34641 0.2 0.916515 0.694742
-0.433013 0.25 0.866025 0.692839
-0.519615 0.3 0.8 0.678314
-0.606218 0.35 0.714143 0.647464
-0.69282 0.4 0.6 0.633089
-0.779423 0.45 0.43589 0.577154
-0.866025 0.5 1.49012e-08 0.670575
-0 0 1 0.673514
-0.0939693 0.034202 0.994987 0.688586
-0.187939 0.068404 0.979796 0.697783
-0.281908 0.102606 0.953939 0.696989
-0.375877 0.136808 0.916515 0.697949
-0.469846 0.17101 0.866025 0.693962
-0.563816 0.205212 0.8 0.659045
-0.657785 0.239414 0.714143 0.636879
-0.751754 0.273616 0.6 0.672038
-0.845723 0.307818 0.43589 0.645276
-0.939693 0.34202 1.49012e-08 0.670575
-0 0 1 0.673514
-0.0984808 0.0173648 0.994987 0.691098
-0.196962 0.0347296 0.979796 0.700851
-0.295442 0.0520945 0.953939 0.693521
-0.393923 0.0694593 0.916515 0.693992
-0.492404 0.0868241 0.866025 0.695912
-0.590885 0.104189 0.8 0.668033
-0.689365 0.121554 0.714143 0.658815
-0.787846 0.138919 0.6 0.696944
-0.886327 0.156283 0.43589 0.698578
-0.984808 0.173648 1.49012e-08 0.670575
-0 0 1 0.673514
-0.1 1.22465e-17 0.994987 0.69355
-0.2 2.44929e-17 0.979796 0.701677
-0.3 3.67394e-17 0.953939 0.696349
-0.4 4.89859e-17 0.916515 0.702552
-0.5 6.12323e-17 0.866025 0.699926
-0.6 7.34788e-17 0.8 0.672878
-0.7 8.57253e-17 0.714143 0.653295
-0.8 9.79717e-17 0.6 0.690033
-0.9 1.10218e-16 0.43589 0.699519
-1 1.22465e-16 1.49012e-08 0.670575
-0 -0 1 0.673514
-0.0984808 -0.0173648 0.994987 0.695149
-0.196962 -0.0347296 0.979796 0.701
-0.295442 -0.0520945 0.953939 0.703105
-0.393923 -0.0694593 0.916515 0.70837
-0.492404 -0.0868241 0.866025 0.701242
-0.590885 -0.104189 0.8 0.6656
-0.689365 -0.121554 0.714143 0.610516
-0.787846 -0.138919 0.6 0.669506
-0.886327 -0.156283 0.43589 0.7164
-0.984808 -0.173648 1.49012e-08 0.670575
-0 -0 1 0.673514
-0.0939693 -0.034202 0.994987 0.695903
-0.187939 -0.068404 0.979796 0.701134
-0.281908 -0.102606 0.953939 0.706061
-0.375877 -0.136808 0.916515 0.705512
-0.469846 -0.17101 0.866025 0.697214
-0.563816 -0.205212 0.8 0.659528
-0.657785 -0.239414 0.714143 0.608517
-0.751754 -0.273616 0.6 0.66334
-0.845723 -0.307818 0.43589 0.700066
-0.939693 -0.34202 1.49012e-08 0.670575
-0 -0 1 0.673514
-0.0866025 -0.05 0.994987 0.695862
-0.173205 -0.1 0.979796 0.702946
-0.259808 -0.15 0.953939 0.706761
-0.34641 -0.2 0.916515 0.700051
-0.433013 -0.25 0.866025 0.693137
-0.519615 -0.3 0.8 0.663319
-0.606218 -0.35 0.714143 0.645409
-0.69282 -0.4 0.6 0.64746
-0.779423 -0.45 0.43589 0.657116
-0.866025 -0.5 1.49012e-08 0.670575
-0 -0 1 0.673514
-0.0766044 -0.0642788 0.994987 0.695054
-0.153209 -0.128558 0.979796 0.703696
-0.229813 -0.192836 0.953939 0.70472
-0.306418 -0.257115 0.916515 0.693596
-0.383022 -0.321394 0.866025 0.693768
-0.459627 -0.385673 0.8 0.691425
-0.536231 -0.449951 0.714143 0.687437
-0.612836 -0.51423 0.6 0.670417
-0.68944 -0.578509 0.43589 0.662972
-0.766044 -0.642788 1.49012e-08 0.670575
-0 -0 1 0.673514
-0.0642788 -0.0766044 0.994987 0.693516
-0.128558 -0.153209 0.979796 0.702602
-0.192836 -0.229813 0.953939 0.700636
-0.257115 -0.306418 0.916515 0.672876
-0.321394 -0.383022 0.866025 0.692621
-0.385673 -0.459627 0.8 0.706786
-0.449951 -0.536231 0.714143 0.706282
-0.51423 -0.612836 0.6 0.701902
-0.578509 -0.68944 0.43589 0.683016
-0.642788 -0.766044 1.49012e-08 0.670575
-0 -0 1 0.673514
-0.05 -0.0866025 0.994987 0.691268
-0.1 -0.173205 0.979796 0.699994
-0.15 -0.259808 0.953939 0.697811
-0.2 -0.34641 0.916515 0.675789
-0.25 -0.433013 0.866025 0.687498
-0.3 -0.519615 0.8 0.712702
-0.35 -0.606218 0.714143 0.713299
-0.4 -0.69282 0.6 0.715147
-0.45 -0.779423 0.43589 0.700368
-0.5 -0.866025 1.49012e-08 0.670575
-0 -0 1 0.673514
-0.034202 -0.0939693 0.994987 0.688259
-0.068404 -0.187939 0.979796 0.695852
-0.102606 -0.281908 0.953939 0.695486
-0.136808 -0.375877 0.916515 0.684822
-0.17101 -0.469846 0.866025 0.694983
-0.205212 -0.563816 0.8 0.713396
-0.239414 -0.657785 0.714143 0.708294
-0.273616 -0.751754 0.6 0.716773
-0.307818 -0.845723 0.43589 0.710413
-0.34202 -0.939693 1.49012e-08 0.670575
-0 -0 1 0.673514
-0.0173648 -0.0984808 0.994987 0.684412
-0.0347296 -0.196962 0.979796 0.690279
-0.0520945 -0.295442 0.953939 0.692517
-0.0694593 -0.393923 0.916515 0.692295
-0.0868241 -0.492404 0.866025 0.700498
-0.104189 -0.590885 0.8 0.710932
-0.121554 -0.689365 0.714143 0.709729
-0.138919 -0.787846 0.6 0.710478
-0.156283 -0.886327 0.43589 0.714661
-0.173648 -0.984808 1.49012e-08 0.670575
-0 -0 1 0.673514
-1.83697e-17 -0.1 0.994987 0.679718
-3.67394e-17 -0.2 0.979796 0.681811
-5.51091e-17 -0.3 0.953939 0.686287
-7.34788e-17 -0.4 0.916515 0.691802
-9.18485e-17 -0.5 0.866025 0.7003
-1.10218e-16 -0.6 0.8 0.710973
-1.28588e-16 -0.7 0.714143 0.706601
-1.46958e-16 -0.8 0.6 0.700983
-1.65327e-16 -0.9 0.43589 0.713275
-1.83697e-16 -1 1.49012e-08 0.670575
0 -0 1 0.673514
0.0173648 -0.0984808 0.994987 0.674299
0.0347296 -0.196962 0.979796 0.670064
0.0520945 -0.295442 0.953939 0.673362
0.0694593 -0.393923 0.916515 0.68377
0.0868241 -0.492404 0.866025 0.697571
0.104189 -0.590885 0.8 0.708913
0.121554 -0.689365 0.714143 0.70963
0.138919 -0.787846 0.6 0.703593
0.156283 -0.886327 0.43589 0.712385
0.173648 -0.984808 1.49012e-08 0.670575
0 -0 1 0.673514
0.034202 -0.0939693 0.994987 0.669099
0.068404 -0.187939 0.979796 0.65528
0.102606 -0.281908 0.953939 0.651385
0.136808 -0.375877 0.916515 0.669733
0.17101 -0.469846 0.866025 0.686879
0.205212 -0.563816 0.8 0.702971
0.239414 -0.657785 0.714143 0.708781
0.273616 -0.751754 0.6 0.712817
0.307818 -0.845723 0.43589 0.711119
0.34202 -0.939693 1.49012e-08 0.670575
0 -0 1 0.673514
0.05 -0.0866025 0.994987 0.6648
0.1 -0.173205 0.979796 0.640154
0.15 -0.259808 0.953939 0.619836
0.2 -0.34641 0.916515 0.64406
0.25 -0.433013 0.866025 0.658902
0.3 -0.519615 0.8 0.680776
0.35 -0.606218 0.714143 0.698788
0.4 -0.69282 0.6 0.709358
0.45 -0.779423 0.43589 0.709776
0.5 -0.866025 1.49012e-08 0.670575
0 -0 1 0.673514
0.0642788 -0.0766044 0.994987 0.66076
0.128558 -0.153209 0.979796 0.631147
0.192836 -0.229813 0.953939 0.585314
0.257115 -0.306418 0.916515 0.613351
0.321394 -0.383022 0.866025 0.606089
0.385673 -0.459627 0.8 0.633272
0.449951 -0.536231 0.714143 0.664664
0.51423 -0.612836 0.6 0.688202
0.578509 -0.68944 0.43589 0.703273
0.642788 -0.766044 1.49012e-08 0.670575
0 -0 1 0.673514
0.0766044 -0.0642788 0.994987 0.65695
0.153209 -0.128558 0.979796 0.630885
0.229813 -0.192836 0.953939 0.602061
0.306418 -0.257115 0.916515 0.611217
0.383022 -0.321394 0.866025 0.573226
0.459627 -0.385673 0.8 0.581143
0.536231 -0.449951 0.714143 0.617919
0.612836 -0.51423 0.6 0.640295
0.68944 -0.578509 0.43589 0.671019
0.766044 -0.642788 1.49012e-08 0.670575
0 -0 1 0.673514
0.0866025 -0.05 0.994987 0.653128
0.173205 -0.1 0.979796 0.634466
0.259808 -0.15 0.953939 0.625577
0.34641 -0.2 0.916515 0.636883
0.433013 -0.25 0.866025 0.632413
0.519615 -0.3 0.8 0.630104
0.606218 -0.35 0.714143 0.630446
0.69282 -0.4 0.6 0.621704
0.779423 -0.45 0.43589 0.640992
0.866025 -0.5 1.49012e-08 0.670575
0 -0 1 0.673514
0.0939693 -0.034202 0.994987 0.649091
0.187939 -0.068404 0.979796 0.63858
0.281908 -0.102606 0.953939 0.646555
0.375877 -0.136808 0.916515 0.66493
0.469846 -0.17101 0.866025 0.677955
0.563816 -0.205212 0.8 0.683175
0.657785 -0.239414 0.714143 0.681713
0.751754 -0.273616 0.6 0.683161
0.845723 -0.307818 0.43589 0.691437
0.939693 -0.34202 1.49012e-08 0.670575
0 -0 1 0.673514
0.0984808 -0.0173648 0.994987 0.645016
0.196962 -0.0347296 0.979796 0.642703
0.295442 -0.0520945 0.953939 0.665269
0.393923 -0.0694593 0.916515 0.688517
0.492404 -0.0868241 0.866025 0.698306
0.590885 -0.104189 0.8 0.704165
0.689365 -0.121554 0.714143 0.700587
0.787846 -0.138919 0.6 0.690738
0.886327 -0.156283 0.43589 0.672086
0.984808 -0.173648 1.49012e-08 0.670575
0 -0 1 0.673514
0.1 -2.44929e-17 0.994987 0.641803
0.2 -4.89859e-17 0.979796 0.648531
0.3 -7.34788e-17 0.953939 0.676738
0.4 -9.79717e-17 0.916515 0.701042
0.5 -1.22465e-16 0.866025 0.705619
0.6 -1.46958e-16 0.8 0.704115
0.7 -1.71451e-16 0.714143 0.706054
0.8 -1.95943e-16 0.6 0.710851
0.9 -2.20436e-16 0.43589 0.702843
1 -2.44929e-16 1.49012e-08 0.670575
