0 0 1 0.71985
0.1 0 0.994987 0.71708
0.2 0 0.979796 0.714529
0.3 0 0.953939 0.706117
0.4 0 0.916515 0.710779
0.5 0 0.866025 0.714368
0.6 0 0.8 0.71429
0.7 0 0.714143 0.704771
0.8 0 0.6 0.703357
0.9 0 0.43589 0.704262
1 0 1.49012e-08 0.70428
0 0 1 0.71985
0.0984808 0.0173648 0.994987 0.715221
0.196962 0.0347296 0.979796 0.714185
0.295442 0.0520945 0.953939 0.703098
0.393923 0.0694593 0.916515 0.707777
0.492404 0.0868241 0.866025 0.717242
0.590885 0.104189 0.8 0.70977
0.689365 0.121554 0.714143 0.695424
0.787846 0.138919 0.6 0.708669
0.886327 0.156283 0.43589 0.717809
0.984808 0.173648 1.49012e-08 0.70428
0 0 1 0.71985
0.0939693 0.034202 0.994987 0.714645
0.187939 0.068404 0.979796 0.71282
0.281908 0.102606 0.953939 0.701906
0.375877 0.136808 0.916515 0.712619
0.469846 0.17101 0.866025 0.716753
0.563816 0.205212 0.8 0.710361
0.657785 0.239414 0.714143 0.678775
0.751754 0.273616 0.6 0.708417
0.845723 0.307818 0.43589 0.7091
0.939693 0.34202 1.49012e-08 0.70428
0 0 1 0.71985
0.0866025 0.05 0.994987 0.715703
0.173205 0.1 0.979796 0.710391
0.259808 0.15 0.953939 0.696948
0.34641 0.2 0.916515 0.711947
0.433013 0.25 0.866025 0.710972
0.519615 0.3 0.8 0.714001
0.606218 0.35 0.714143 0.704918
0.69282 0.4 0.6 0.704547
0.779423 0.45 0.43589 0.694876
0.866025 0.5 1.49012e-08 0.70428
0 0 1 0.71985
0.0766044 0.0642788 0.994987 0.716692
0.153209 0.128558 0.979796 0.707794
0.229813 0.192836 0.953939 0.68363
0.306418 0.257115 0.916515 0.706297
0.383022 0.321394 0.866025 0.717125
0.459627 0.385673 0.8 0.719966
0.536231 0.449951 0.714143 0.714059
0.612836 0.51423 0.6 0.698319
0.68944 0.578509 0.43589 0.704812
0.766044 0.642788 1.49012e-08 0.70428
0 0 1 0.71985
0.0642788 0.0766044 0.994987 0.717075
0.128558 0.153209 0.979796 0.70704
0.192836 0.229813 0.953939 0.67395
0.257115 0.306418 0.916515 0.704249
0.321394 0.383022 0.866025 0.718449
0.385673 0.459627 0.8 0.722234
0.449951 0.536231 0.714143 0.714128
0.51423 0.612836 0.6 0.711752
0.578509 0.68944 0.43589 0.714028
0.642788 0.766044 1.49012e-08 0.70428
0 0 1 0.71985
0.05 0.0866025 0.994987 0.716919
0.1 0.173205 0.979796 0.707924
0.15 0.259808 0.953939 0.693544
0.2 0.34641 0.916515 0.70582
0.25 0.433013 0.866025 0.71468
0.3 0.519615 0.8 0.719764
0.35 0.606218 0.714143 0.70688
0.4 0.69282 0.6 0.713595
0.45 0.779423 0.43589 0.717109
0.5 0.866025 1.49012e-08 0.70428
0 0 1 0.71985
0.034202 0.0939693 0.994987 0.716871
0.068404 0.187939 0.979796 0.709266
0.102606 0.281908 0.953939 0.701936
0.136808 0.375877 0.916515 0.705367
0.17101 0.469846 0.866025 0.710008
0.205212 0.563816 0.8 0.711486
0.239414 0.657785 0.714143 0.68728
0.273616 0.751754 0.6 0.710498
0.307818 0.845723 0.43589 0.722595
0.34202 0.939693 1.49012e-08 0.70428
0 0 1 0.71985
0.0173648 0.0984808 0.994987 0.71679
0.0347296 0.196962 0.979796 0.709728
0.0520945 0.295442 0.953939 0.702466
0.0694593 0.393923 0.916515 0.698944
0.0868241 0.492404 0.866025 0.705789
0.104189 0.590885 0.8 0.70111
0.121554 0.689365 0.714143 0.686143
0.138919 0.787846 0.6 0.708633
0.156283 0.886327 0.43589 0.72139
0.173648 0.984808 1.49012e-08 0.70428
0 0 1 0.71985
6.12323e-18 0.1 0.994987 0.716749
1.22465e-17 0.2 0.979796 0.708385
1.83697e-17 0.3 0.953939 0.695737
2.44929e-17 0.4 0.916515 0.6981
3.06162e-17 0.5 0.866025 0.708372
3.67394e-17 0.6 0.8 0.713788
4.28626e-17 0.7 0.714143 0.71155
4.89859e-17 0.8 0.6 0.705922
5.51091e-17 0.9 0.43589 0.714738
6.12323e-17 1 1.49012e-08 0.70428
-0 0 1 0.71985
-0.0173648 0.0984808 0.994987 0.716746
-0.0347296 0.196962 0.979796 0.705592
-0.0520945 0.295442 0.953939 0.692651
-0.0694593 0.393923 0.916515 0.701319
-0.0868241 0.492404 0.866025 0.709721
-0.104189 0.590885 0.8 0.719902
-0.121554 0.689365 0.714143 0.721426
-0.138919 0.787846 0.6 0.718307
-0.156283 0.886327 0.43589 0.70077
-0.173648 0.984808 1.49012e-08 0.70428
-0 0 1 0.71985
-0.034202 0.0939693 0.994987 0.71634
-0.068404 0.187939 0.979796 0.701561
-0.102606 0.281908 0.953939 0.699306
-0.136808 0.375877 0.916515 0.698386
-0.17101 0.469846 0.866025 0.704838
-0.205212 0.563816 0.8 0.717789
-0.239414 0.657785 0.714143 0.719293
-0.273616 0.751754 0.6 0.723338
-0.307818 0.845723 0.43589 0.684982
-0.34202 0.939693 1.49012e-08 0.70428
-0 0 1 0.71985
-0.05 0.0866025 0.994987 0.715478
-0.1 0.173205 0.979796 0.704699
-0.15 0.259808 0.953939 0.702822
-0.2 0.34641 0.916515 0.694008
-0.25 0.433013 0.866025 0.686447
-0.3 0.519615 0.8 0.709541
-0.35 0.606218 0.714143 0.712771
-0.4 0.69282 0.6 0.72362
-0.45 0.779423 0.43589 0.699371
-0.5 0.866025 1.49012e-08 0.70428
-0 0 1 0.71985
-0.0642788 0.0766044 0.994987 0.71413
-0.128558 0.153209 0.979796 0.70876
-0.192836 0.229813 0.953939 0.706429
-0.257115 0.306418 0.916515 0.692305
-0.321394 0.383022 0.866025 0.652621
-0.385673 0.459627 0.8 0.69612
-0.449951 0.536231 0.714143 0.71285
-0.51423 0.612836 0.6 0.720867
-0.578509 0.68944 0.43589 0.707861
-0.642788 0.766044 1.49012e-08 0.70428
-0 0 1 0.71985
-0.0766044 0.0642788 0.994987 0.712359
-0.153209 0.128558 0.979796 0.710761
-0.229813 0.192836 0.953939 0.708006
-0.306418 0.257115 0.916515 0.700249
-0.383022 0.321394 0.866025 0.685736
-0.459627 0.385673 0.8 0.692467
-0.536231 0.449951 0.714143 0.693205
-0.612836 0.51423 0.6 0.703818
-0.68944 0.578509 0.43589 0.710322
-0.766044 0.642788 1.49012e-08 0.70428
-0 0 1 0.71985
-0.0866025 0.05 0.994987 0.710498
-0.173205 0.1 0.979796 0.710959
-0.259808 0.15 0.953939 0.711521
-0.34641 0.2 0.916515 0.708731
-0.433013 0.25 0.866025 0.708441
-0.519615 0.3 0.8 0.711183
-0.606218 0.35 0.714143 0.704738
-0.69282 0.4 0.6 0.650975
-0.779423 0.45 0.43589 0.704517
-0.866025 0.5 1.49012e-08 0.70428
-0 0 1 0.71985
-0.0939693 0.034202 0.994987 0.70905
-0.187939 0.068404 0.979796 0.709827
-0.281908 0.102606 0.953939 0.712765
-0.375877 0.136808 0.916515 0.713547
-0.469846 0.17101 0.866025 0.714214
-0.563816 0.205212 0.8 0.717206
-0.657785 0.239414 0.714143 0.716754
-0.751754 0.273616 0.6 0.707475
-0.845723 0.307818 0.43589 0.705912
-0.939693 0.34202 1.49012e-08 0.70428
-0 0 1 0.71985
-0.0984808 0.0173648 0.994987 0.708548
-0.196962 0.0347296 0.979796 0.708481
-0.295442 0.0520945 0.953939 0.713542
-0.393923 0.0694593 0.916515 0.719237
-0.492404 0.0868241 0.866025 0.718627
-0.590885 0.104189 0.8 0.717432
-0.689365 0.121554 0.714143 0.721986
-0.787846 0.138919 0.6 0.712651
-0.886327 0.156283 0.43589 0.714975
-0.984808 0.173648 1.49012e-08 0.70428
-0 0 1 0.71985
-0.1 1.22465e-17 0.994987 0.709567
-0.2 2.44929e-17 0.979796 0.709163
-0.3 3.67394e-17 0.953939 0.713728
-0.4 4.89859e-17 0.916515 0.720558
-0.5 6.12323e-17 0.866025 0.719135
-0.6 7.34788e-17 0.8 0.717648
-0.7 8.57253e-17 0.714143 0.718872
-0.8 9.79717e-17 0.6 0.716441
-0.9 1.10218e-16 0.43589 0.713946
-1 1.22465e-16 1.49012e-08 0.70428
-0 -0 1 0.71985
-0.0984808 -0.0173648 0.994987 0.711917
-0.196962 -0.0347296 0.979796 0.711351
-0.295442 -0.0520945 0.953939 0.708019
-0.393923 -0.0694593 0.916515 0.715807
-0.492404 -0.0868241 0.866025 0.721535
-0.590885 -0.104189 0.8 0.722661
-0.689365 -0.121554 0.714143 0.715475
-0.787846 -0.138919 0.6 0.679087
-0.886327 -0.156283 0.43589 0.610868
-0.984808 -0.173648 1.49012e-08 0.70428
-0 -0 1 0.71985
-0.0939693 -0.034202 0.994987 0.714667
-0.187939 -0.068404 0.979796 0.713021
-0.281908 -0.102606 0.953939 0.709414
-0.375877 -0.136808 0.916515 0.716504
-0.469846 -0.17101 0.866025 0.718924
-0.563816 -0.205212 0.8 0.713402
-0.657785 -0.239414 0.714143 0.682348
-0.751754 -0.273616 0.6 0.622966
-0.845723 -0.307818 0.43589 0.703289
-0.939693 -0.34202 1.49012e-08 0.70428
-0 -0 1 0.71985
-0.0866025 -0.05 0.994987 0.717101
-0.173205 -0.1 0.979796 0.713737
-0.259808 -0.15 0.953939 0.712905
-0.34641 -0.2 0.916515 0.714752
-0.433013 -0.25 0.866025 0.710125
-0.519615 -0.3 0.8 0.684714
-0.606218 -0.35 0.714143 0.614081
-0.69282 -0.4 0.6 0.663575
-0.779423 -0.45 0.43589 0.717977
-0.866025 -0.5 1.49012e-08 0.70428
-0 -0 1 0.71985
-0.0766044 -0.0642788 0.994987 0.718896
-0.153209 -0.128558 0.979796 0.715902
-0.229813 -0.192836 0.953939 0.713006
-0.306418 -0.257115 0.916515 0.711306
-0.383022 -0.321394 0.866025 0.69051
-0.459627 -0.385673 0.8 0.64213
-0.536231 -0.449951 0.714143 0.605926
-0.612836 -0.51423 0.6 0.692714
-0.68944 -0.578509 0.43589 0.7128
-0.766044 -0.642788 1.49012e-08 0.70428
-0 -0 1 0.71985
-0.0642788 -0.0766044 0.994987 0.719959
-0.128558 -0.153209 0.979796 0.719518
-0.192836 -0.229813 0.953939 0.714899
-0.257115 -0.306418 0.916515 0.704929
-0.321394 -0.383022 0.866025 0.663114
-0.385673 -0.459627 0.8 0.594521
-0.449951 -0.536231 0.714143 0.63341
-0.51423 -0.612836 0.6 0.703141
-0.578509 -0.68944 0.43589 0.707918
-0.642788 -0.766044 1.49012e-08 0.70428
-0 -0 1 0.71985
-0.05 -0.0866025 0.994987 0.720226
-0.1 -0.173205 0.979796 0.721819
-0.15 -0.259808 0.953939 0.717452
-0.2 -0.34641 0.916515 0.700651
-0.25 -0.433013 0.866025 0.649029
-0.3 -0.519615 0.8 0.579739
-0.35 -0.606218 0.714143 0.653303
-0.4 -0.69282 0.6 0.708434
-0.45 -0.779423 0.43589 0.718646
-0.5 -0.866025 1.49012e-08 0.70428
-0 -0 1 0.71985
-0.034202 -0.0939693 0.994987 0.719893
-0.068404 -0.187939 0.979796 0.721814
-0.102606 -0.281908 0.953939 0.715947
-0.136808 -0.375877 0.916515 0.698497
-0.17101 -0.469846 0.866025 0.649677
-0.205212 -0.563816 0.8 0.616382
-0.239414 -0.657785 0.714143 0.676101
-0.273616 -0.751754 0.6 0.711138
-0.307818 -0.845723 0.43589 0.718116
-0.34202 -0.939693 1.49012e-08 0.70428
-0 -0 1 0.71985
-0.0173648 -0.0984808 0.994987 0.719113
-0.0347296 -0.196962 0.979796 0.721469
-0.0520945 -0.295442 0.953939 0.717481
-0.0694593 -0.393923 0.916515 0.69781
-0.0868241 -0.492404 0.866025 0.645974
-0.104189 -0.590885 0.8 0.626809
-0.121554 -0.689365 0.714143 0.688369
-0.138919 -0.787846 0.6 0.712079
-0.156283 -0.886327 0.43589 0.717943
-0.173648 -0.984808 1.49012e-08 0.70428
-0 -0 1 0.71985
-1.83697e-17 -0.1 0.994987 0.718078
-3.67394e-17 -0.2 0.979796 0.721928
-5.51091e-17 -0.3 0.953939 0.718465
-7.34788e-17 -0.4 0.916515 0.698044
-9.18485e-17 -0.5 0.866025 0.64249
-1.10218e-16 -0.6 0.8 0.62574
-1.28588e-16 -0.7 0.714143 0.690965
-1.46958e-16 -0.8 0.6 0.716641
-1.65327e-16 -0.9 0.43589 0.7128
-1.83697e-16 -1 1.49012e-08 0.70428
0 -0 1 0.71985
0.0173648 -0.0984808 0.994987 0.71664
0.0347296 -0.196962 0.979796 0.722171
0.0520945 -0.295442 0.953939 0.719604
0.0694593 -0.393923 0.916515 0.699574
0.0868241 -0.492404 0.866025 0.645081
0.104189 -0.590885 0.8 0.619766
0.121554 -0.689365 0.714143 0.686015
0.138919 -0.787846 0.6 0.714335
0.156283 -0.886327 0.43589 0.71314
0.173648 -0.984808 1.49012e-08 0.70428
0 -0 1 0.71985
0.034202 -0.0939693 0.994987 0.714441
0.068404 -0.187939 0.979796 0.720651
0.102606 -0.281908 0.953939 0.718786
0.136808 -0.375877 0.916515 0.702204
0.17101 -0.469846 0.866025 0.65363
0.205212 -0.563816 0.8 0.617
0.239414 -0.657785 0.714143 0.673941
0.273616 -0.751754 0.6 0.711206
0.307818 -0.845723 0.43589 0.714028
0.34202 -0.939693 1.49012e-08 0.70428
0 -0 1 0.71985
0.05 -0.0866025 0.994987 0.7122
0.1 -0.173205 0.979796 0.719392
0.15 -0.259808 0.953939 0.719072
0.2 -0.34641 0.916515 0.70508
0.25 -0.433013 0.866025 0.661567
0.3 -0.519615 0.8 0.607774
0.35 -0.606218 0.714143 0.651814
0.4 -0.69282 0.6 0.705275
0.45 -0.779423 0.43589 0.702658
0.5 -0.866025 1.49012e-08 0.70428
0 -0 1 0.71985
0.0642788 -0.0766044 0.994987 0.714689
0.128558 -0.153209 0.979796 0.71928
0.192836 -0.229813 0.953939 0.718572
0.257115 -0.306418 0.916515 0.708328
0.321394 -0.383022 0.866025 0.672184
0.385673 -0.459627 0.8 0.591184
0.449951 -0.536231 0.714143 0.615471
0.51423 -0.612836 0.6 0.694343
0.578509 -0.68944 0.43589 0.69838
0.642788 -0.766044 1.49012e-08 0.70428
0 -0 1 0.71985
0.0766044 -0.0642788 0.994987 0.716786
0.153209 -0.128558 0.979796 0.718549
0.229813 -0.192836 0.953939 0.715543
0.306418 -0.257115 0.916515 0.70839
0.383022 -0.321394 0.866025 0.686817
0.459627 -0.385673 0.8 0.628034
0.536231 -0.449951 0.714143 0.59728
0.612836 -0.51423 0.6 0.680774
0.68944 -0.578509 0.43589 0.708543
0.766044 -0.642788 1.49012e-08 0.70428
0 -0 1 0.71985
0.0866025 -0.05 0.994987 0.717967
0.173205 -0.1 0.979796 0.716311
0.259808 -0.15 0.953939 0.706686
0.34641 -0.2 0.916515 0.706651
0.433013 -0.25 0.866025 0.699973
0.519615 -0.3 0.8 0.663858
0.606218 -0.35 0.714143 0.589372
0.69282 -0.4 0.6 0.641955
0.779423 -0.45 0.43589 0.713555
0.866025 -0.5 1.49012e-08 0.70428
0 -0 1 0.71985
0.0939693 -0.034202 0.994987 0.718442
0.187939 -0.068404 0.979796 0.713646
0.281908 -0.102606 0.953939 0.698983
0.375877 -0.136808 0.916515 0.70691
0.469846 -0.17101 0.866025 0.707615
0.563816 -0.205212 0.8 0.691628
0.657785 -0.239414 0.714143 0.63958
0.751754 -0.273616 0.6 0.585479
0.845723 -0.307818 0.43589 0.698953
0.939693 -0.34202 1.49012e-08 0.70428
0 -0 1 0.71985
0.0984808 -0.0173648 0.994987 0.718173
0.196962 -0.0347296 0.979796 0.713678
0.295442 -0.0520945 0.953939 0.704248
0.393923 -0.0694593 0.916515 0.712822
0.492404 -0.0868241 0.866025 0.714997
0.590885 -0.104189 0.8 0.707028
0.689365 -0.121554 0.714143 0.690842
0.787846 -0.138919 0.6 0.646418
0.886327 -0.156283 0.43589 0.593843
0.984808 -0.173648 1.49012e-08 0.70428
0 -0 1 0.71985
0.1 -2.44929e-17 0.994987 0.71708
0.2 -4.89859e-17 0.979796 0.714529
0.3 -7.34788e-17 0.953939 0.706117
0.4 -9.79717e-17 0.916515 0.710779
0.5 -1.22465e-16 0.866025 0.714368
0.6 -1.46958e-16 0.8 0.71429
0.7 -1.71451e-16 0.714143 0.704771
0.8 -1.95943e-16 0.6 0.703357
0.9 -2.20436e-16 0.43589 0.704262
1 -2.44929e-16 1.49012e-08 0.70428
