0 0 1 0.692332
0.1 0 0.994987 0.7065
0.2 0 0.979796 0.71668
0.3 0 0.953939 0.71649
0.4 0 0.916515 0.712367
0.5 0 0.866025 0.715524
0.6 0 0.8 0.712128
0.7 0 0.714143 0.705158
0.8 0 0.6 0.71047
0.9 0 0.43589 0.71086
1 0 1.49012e-08 0.710042
0 0 1 0.692332
0.0984808 0.0173648 0.994987 0.706021
0.196962 0.0347296 0.979796 0.712842
0.295442 0.0520945 0.953939 0.706766
0.393923 0.0694593 0.916515 0.702962
0.492404 0.0868241 0.866025 0.711469
0.590885 0.104189 0.8 0.717528
0.689365 0.121554 0.714143 0.710577
0.787846 0.138919 0.6 0.702289
0.886327 0.156283 0.43589 0.704506
0.984808 0.173648 1.49012e-08 0.710042
0 0 1 0.692332
0.0939693 0.034202 0.994987 0.705407
0.187939 0.068404 0.979796 0.709313
0.281908 0.102606 0.953939 0.695997
0.375877 0.136808 0.916515 0.688221
0.469846 0.17101 0.866025 0.700849
0.563816 0.205212 0.8 0.705594
0.657785 0.239414 0.714143 0.683795
0.751754 0.273616 0.6 0.699886
0.845723 0.307818 0.43589 0.716409
0.939693 0.34202 1.49012e-08 0.710042
0 0 1 0.692332
0.0866025 0.05 0.994987 0.704967
0.173205 0.1 0.979796 0.708078
0.259808 0.15 0.953939 0.699331
0.34641 0.2 0.916515 0.687415
0.433013 0.25 0.866025 0.707377
0.519615 0.3 0.8 0.709002
0.606218 0.35 0.714143 0.708785
0.69282 0.4 0.6 0.704464
0.779423 0.45 0.43589 0.719998
0.866025 0.5 1.49012e-08 0.710042
0 0 1 0.692332
0.0766044 0.0642788 0.994987 0.704139
0.153209 0.128558 0.979796 0.708259
0.229813 0.192836 0.953939 0.704694
0.306418 0.257115 0.916515 0.703899
0.383022 0.321394 0.866025 0.708061
0.459627 0.385673 0.8 0.704103
0.536231 0.449951 0.714143 0.700473
0.612836 0.51423 0.6 0.707689
0.68944 0.578509 0.43589 0.70993
0.766044 0.642788 1.49012e-08 0.710042
0 0 1 0.692332
0.0642788 0.0766044 0.994987 0.702717
0.128558 0.153209 0.979796 0.707189
0.192836 0.229813 0.953939 0.703228
0.257115 0.306418 0.916515 0.705064
0.321394 0.383022 0.866025 0.697196
0.385673 0.459627 0.8 0.697989
0.449951 0.536231 0.714143 0.703749
0.51423 0.612836 0.6 0.698753
0.578509 0.68944 0.43589 0.686161
0.642788 0.766044 1.49012e-08 0.710042
0 0 1 0.692332
0.05 0.0866025 0.994987 0.700455
0.1 0.173205 0.979796 0.703994
0.15 0.259808 0.953939 0.695589
0.2 0.34641 0.916515 0.703011
0.25 0.433013 0.866025 0.706262
0.3 0.519615 0.8 0.701058
0.35 0.606218 0.714143 0.690877
0.4 0.69282 0.6 0.661748
0.45 0.779423 0.43589 0.671033
0.5 0.866025 1.49012e-08 0.710042
0 0 1 0.692332
0.034202 0.0939693 0.994987 0.69737
0.068404 0.187939 0.979796 0.699856
0.102606 0.281908 0.953939 0.691591
0.136808 0.375877 0.916515 0.70065
0.17101 0.469846 0.866025 0.703257
0.205212 0.563816 0.8 0.692679
0.239414 0.657785 0.714143 0.674027
0.273616 0.751754 0.6 0.656782
0.307818 0.845723 0.43589 0.680105
0.34202 0.939693 1.49012e-08 0.710042
0 0 1 0.692332
0.0173648 0.0984808 0.994987 0.693628
0.0347296 0.196962 0.979796 0.697208
0.0520945 0.295442 0.953939 0.694867
0.0694593 0.393923 0.916515 0.691678
0.0868241 0.492404 0.866025 0.689972
0.104189 0.590885 0.8 0.680964
0.121554 0.689365 0.714143 0.671043
0.138919 0.787846 0.6 0.683641
0.156283 0.886327 0.43589 0.698312
0.173648 0.984808 1.49012e-08 0.710042
0 0 1 0.692332
6.12323e-18 0.1 0.994987 0.689533
1.22465e-17 0.2 0.979796 0.694809
1.83697e-17 0.3 0.953939 0.691837
2.44929e-17 0.4 0.916515 0.678889
3.06162e-17 0.5 0.866025 0.67177
3.67394e-17 0.6 0.8 0.675131
4.28626e-17 0.7 0.714143 0.685355
4.89859e-17 0.8 0.6 0.704787
5.51091e-17 0.9 0.43589 0.709451
6.12323e-17 1 1.49012e-08 0.710042
-0 0 1 0.692332
-0.0173648 0.0984808 0.994987 0.685174
-0.0347296 0.196962 0.979796 0.690836
-0.0520945 0.295442 0.953939 0.683761
-0.0694593 0.393923 0.916515 0.669194
-0.0868241 0.492404 0.866025 0.665188
-0.104189 0.590885 0.8 0.678505
-0.121554 0.689365 0.714143 0.700378
-0.138919 0.787846 0.6 0.717511
-0.156283 0.886327 0.43589 0.714407
-0.173648 0.984808 1.49012e-08 0.710042
-0 0 1 0.692332
-0.034202 0.0939693 0.994987 0.68033
-0.068404 0.187939 0.979796 0.685809
-0.102606 0.281908 0.953939 0.674763
-0.136808 0.375877 0.916515 0.665693
-0.17101 0.469846 0.866025 0.65594
-0.205212 0.563816 0.8 0.685567
-0.239414 0.657785 0.714143 0.710267
-0.273616 0.751754 0.6 0.723796
-0.307818 0.845723 0.43589 0.718116
-0.34202 0.939693 1.49012e-08 0.710042
-0 0 1 0.692332
-0.05 0.0866025 0.994987 0.67468
-0.1 0.173205 0.979796 0.681132
-0.15 0.259808 0.953939 0.668104
-0.2 0.34641 0.916515 0.669503
-0.25 0.433013 0.866025 0.644829
-0.3 0.519615 0.8 0.690609
-0.35 0.606218 0.714143 0.711039
-0.4 0.69282 0.6 0.720358
-0.45 0.779423 0.43589 0.716221
-0.5 0.866025 1.49012e-08 0.710042
-0 0 1 0.692332
-0.0642788 0.0766044 0.994987 0.667987
-0.128558 0.153209 0.979796 0.678558
-0.192836 0.229813 0.953939 0.671586
-0.257115 0.306418 0.916515 0.681432
-0.321394 0.383022 0.866025 0.68554
-0.385673 0.459627 0.8 0.6997
-0.449951 0.536231 0.714143 0.701535
-0.51423 0.612836 0.6 0.715006
-0.578509 0.68944 0.43589 0.709242
-0.642788 0.766044 1.49012e-08 0.710042
-0 0 1 0.692332
-0.0766044 0.0642788 0.994987 0.660058
-0.153209 0.128558 0.979796 0.677913
-0.229813 0.192836 0.953939 0.675389
-0.306418 0.257115 0.916515 0.695176
-0.383022 0.321394 0.866025 0.707674
-0.459627 0.385673 0.8 0.709355
-0.536231 0.449951 0.714143 0.709924
-0.612836 0.51423 0.6 0.709676
-0.68944 0.578509 0.43589 0.70498
-0.766044 0.642788 1.49012e-08 0.710042
-0 0 1 0.692332
-0.0866025 0.05 0.994987 0.651739
-0.173205 0.1 0.979796 0.678417
-0.259808 0.15 0.953939 0.682869
-0.34641 0.2 0.916515 0.704934
-0.433013 0.25 0.866025 0.716075
-0.519615 0.3 0.8 0.710836
-0.606218 0.35 0.714143 0.696126
-0.69282 0.4 0.6 0.698431
-0.779423 0.45 0.43589 0.696938
-0.866025 0.5 1.49012e-08 0.710042
-0 0 1 0.692332
-0.0939693 0.034202 0.994987 0.659369
-0.187939 0.068404 0.979796 0.679017
-0.281908 0.102606 0.953939 0.6868
-0.375877 0.136808 0.916515 0.709708
-0.469846 0.17101 0.866025 0.713726
-0.563816 0.205212 0.8 0.716941
-0.657785 0.239414 0.714143 0.709795
-0.751754 0.273616 0.6 0.697524
-0.845723 0.307818 0.43589 0.709413
-0.939693 0.34202 1.49012e-08 0.710042
-0 0 1 0.692332
-0.0984808 0.0173648 0.994987 0.666221
-0.196962 0.0347296 0.979796 0.678523
-0.295442 0.0520945 0.953939 0.688033
-0.393923 0.0694593 0.916515 0.70693
-0.492404 0.0868241 0.866025 0.714754
-0.590885 0.104189 0.8 0.717244
-0.689365 0.121554 0.714143 0.709162
-0.787846 0.138919 0.6 0.677935
-0.886327 0.156283 0.43589 0.677036
-0.984808 0.173648 1.49012e-08 0.710042
-0 0 1 0.692332
-0.1 1.22465e-17 0.994987 0.672163
-0.2 2.44929e-17 0.979796 0.675986
-0.3 3.67394e-17 0.953939 0.68249
-0.4 4.89859e-17 0.916515 0.693765
-0.5 6.12323e-17 0.866025 0.710459
-0.6 7.34788e-17 0.8 0.71506
-0.7 8.57253e-17 0.714143 0.714783
-0.8 9.79717e-17 0.6 0.714853
-0.9 1.10218e-16 0.43589 0.713799
-1 1.22465e-16 1.49012e-08 0.710042
-0 -0 1 0.692332
-0.0984808 -0.0173648 0.994987 0.677647
-0.196962 -0.0347296 0.979796 0.672418
-0.295442 -0.0520945 0.953939 0.668657
-0.393923 -0.0694593 0.916515 0.670879
-0.492404 -0.0868241 0.866025 0.698725
-0.590885 -0.104189 0.8 0.713684
-0.689365 -0.121554 0.714143 0.714
-0.787846 -0.138919 0.6 0.720213
-0.886327 -0.156283 0.43589 0.695175
-0.984808 -0.173648 1.49012e-08 0.710042
-0 -0 1 0.692332
-0.0939693 -0.034202 0.994987 0.6829
-0.187939 -0.068404 0.979796 0.673549
-0.281908 -0.102606 0.953939 0.648432
-0.375877 -0.136808 0.916515 0.624502
-0.469846 -0.17101 0.866025 0.675502
-0.563816 -0.205212 0.8 0.696362
-0.657785 -0.239414 0.714143 0.695238
-0.751754 -0.273616 0.6 0.703149
-0.845723 -0.307818 0.43589 0.690489
-0.939693 -0.34202 1.49012e-08 0.710042
-0 -0 1 0.692332
-0.0866025 -0.05 0.994987 0.687885
-0.173205 -0.1 0.979796 0.679985
-0.259808 -0.15 0.953939 0.641273
-0.34641 -0.2 0.916515 0.592779
-0.433013 -0.25 0.866025 0.657888
-0.519615 -0.3 0.8 0.670343
-0.606218 -0.35 0.714143 0.666418
-0.69282 -0.4 0.6 0.695458
-0.779423 -0.45 0.43589 0.686426
-0.866025 -0.5 1.49012e-08 0.710042
-0 -0 1 0.692332
-0.0766044 -0.0642788 0.994987 0.692454
-0.153209 -0.128558 0.979796 0.688103
-0.229813 -0.192836 0.953939 0.658844
-0.306418 -0.257115 0.916515 0.644001
-0.383022 -0.321394 0.866025 0.673397
-0.459627 -0.385673 0.8 0.677642
-0.536231 -0.449951 0.714143 0.670796
-0.612836 -0.51423 0.6 0.672332
-0.68944 -0.578509 0.43589 0.677344
-0.766044 -0.642788 1.49012e-08 0.710042
-0 -0 1 0.692332
-0.0642788 -0.0766044 0.994987 0.696475
-0.128558 -0.153209 0.979796 0.696883
-0.192836 -0.229813 0.953939 0.682576
-0.257115 -0.306418 0.916515 0.677854
-0.321394 -0.383022 0.866025 0.691701
-0.385673 -0.459627 0.8 0.687293
-0.449951 -0.536231 0.714143 0.675137
-0.51423 -0.612836 0.6 0.643609
-0.578509 -0.68944 0.43589 0.687107
-0.642788 -0.766044 1.49012e-08 0.710042
-0 -0 1 0.692332
-0.05 -0.0866025 0.994987 0.699853
-0.1 -0.173205 0.979796 0.704928
-0.15 -0.259808 0.953939 0.700284
-0.2 -0.34641 0.916515 0.698022
-0.25 -0.433013 0.866025 0.70662
-0.3 -0.519615 0.8 0.705644
-0.35 -0.606218 0.714143 0.69577
-0.4 -0.69282 0.6 0.672448
-0.45 -0.779423 0.43589 0.703847
-0.5 -0.866025 1.49012e-08 0.710042
-0 -0 1 0.692332
-0.034202 -0.0939693 0.994987 0.7026
-0.068404 -0.187939 0.979796 0.711088
-0.102606 -0.281908 0.953939 0.710777
-0.136808 -0.375877 0.916515 0.710904
-0.17101 -0.469846 0.866025 0.71187
-0.205212 -0.563816 0.8 0.715407
-0.239414 -0.657785 0.714143 0.709883
-0.273616 -0.751754 0.6 0.700558
-0.307818 -0.845723 0.43589 0.713015
-0.34202 -0.939693 1.49012e-08 0.710042
-0 -0 1 0.692332
-0.0173648 -0.0984808 0.994987 0.704864
-0.0347296 -0.196962 0.979796 0.715028
-0.0520945 -0.295442 0.953939 0.716409
-0.0694593 -0.393923 0.916515 0.715254
-0.0868241 -0.492404 0.866025 0.71823
-0.104189 -0.590885 0.8 0.713118
-0.121554 -0.689365 0.714143 0.711188
-0.138919 -0.787846 0.6 0.71104
-0.156283 -0.886327 0.43589 0.71252
-0.173648 -0.984808 1.49012e-08 0.710042
-0 -0 1 0.692332
-1.83697e-17 -0.1 0.994987 0.706245
-3.67394e-17 -0.2 0.979796 0.716834
-5.51091e-17 -0.3 0.953939 0.71887
-7.34788e-17 -0.4 0.916515 0.714521
-9.18485e-17 -0.5 0.866025 0.718648
-1.10218e-16 -0.6 0.8 0.713965
-1.28588e-16 -0.7 0.714143 0.694578
-1.46958e-16 -0.8 0.6 0.714579
-1.65327e-16 -0.9 0.43589 0.70835
-1.83697e-16 -1 1.49012e-08 0.710042
0 -0 1 0.692332
0.0173648 -0.0984808 0.994987 0.707712
0.0347296 -0.196962 0.979796 0.71741
0.0520945 -0.295442 0.953939 0.718186
0.0694593 -0.393923 0.916515 0.711281
0.0868241 -0.492404 0.866025 0.711642
0.104189 -0.590885 0.8 0.713678
0.121554 -0.689365 0.714143 0.702695
0.138919 -0.787846 0.6 0.712346
0.156283 -0.886327 0.43589 0.71212
0.173648 -0.984808 1.49012e-08 0.710042
0 -0 1 0.692332
0.034202 -0.0939693 0.994987 0.708455
0.068404 -0.187939 0.979796 0.717216
0.102606 -0.281908 0.953939 0.713556
0.136808 -0.375877 0.916515 0.716198
0.17101 -0.469846 0.866025 0.706021
0.205212 -0.563816 0.8 0.70141
0.239414 -0.657785 0.714143 0.706116
0.273616 -0.751754 0.6 0.706065
0.307818 -0.845723 0.43589 0.704252
0.34202 -0.939693 1.49012e-08 0.710042
0 -0 1 0.692332
0.05 -0.0866025 0.994987 0.708604
0.1 -0.173205 0.979796 0.717334
0.15 -0.259808 0.953939 0.706762
0.2 -0.34641 0.916515 0.71784
0.25 -0.433013 0.866025 0.706363
0.3 -0.519615 0.8 0.679612
0.35 -0.606218 0.714143 0.688417
0.4 -0.69282 0.6 0.703483
0.45 -0.779423 0.43589 0.682809
0.5 -0.866025 1.49012e-08 0.710042
0 -0 1 0.692332
0.0642788 -0.0766044 0.994987 0.707933
0.128558 -0.153209 0.979796 0.7182
0.192836 -0.229813 0.953939 0.713405
0.257115 -0.306418 0.916515 0.717468
0.321394 -0.383022 0.866025 0.708484
0.385673 -0.459627 0.8 0.677157
0.449951 -0.536231 0.714143 0.66485
0.51423 -0.612836 0.6 0.706873
0.578509 -0.68944 0.43589 0.699819
0.642788 -0.766044 1.49012e-08 0.710042
0 -0 1 0.692332
0.0766044 -0.0642788 0.994987 0.706543
0.153209 -0.128558 0.979796 0.719186
0.229813 -0.192836 0.953939 0.719981
0.306418 -0.257115 0.916515 0.709054
0.383022 -0.321394 0.866025 0.712396
0.459627 -0.385673 0.8 0.697217
0.536231 -0.449951 0.714143 0.68189
0.612836 -0.51423 0.6 0.70553
0.68944 -0.578509 0.43589 0.699208
0.766044 -0.642788 1.49012e-08 0.710042
0 -0 1 0.692332
0.0866025 -0.05 0.994987 0.70543
0.173205 -0.1 0.979796 0.720292
0.259808 -0.15 0.953939 0.722921
0.34641 -0.2 0.916515 0.713505
0.433013 -0.25 0.866025 0.712145
0.519615 -0.3 0.8 0.709838
0.606218 -0.35 0.714143 0.690282
0.69282 -0.4 0.6 0.713755
0.779423 -0.45 0.43589 0.704986
0.866025 -0.5 1.49012e-08 0.710042
0 -0 1 0.692332
0.0939693 -0.034202 0.994987 0.7058
0.187939 -0.068404 0.979796 0.720443
0.281908 -0.102606 0.953939 0.722894
0.375877 -0.136808 0.916515 0.717342
0.469846 -0.17101 0.866025 0.720399
0.563816 -0.205212 0.8 0.711322
0.657785 -0.239414 0.714143 0.693439
0.751754 -0.273616 0.6 0.707768
0.845723 -0.307818 0.43589 0.717962
0.939693 -0.34202 1.49012e-08 0.710042
0 -0 1 0.692332
0.0984808 -0.0173648 0.994987 0.706497
0.196962 -0.0347296 0.979796 0.719165
0.295442 -0.0520945 0.953939 0.72118
0.393923 -0.0694593 0.916515 0.71956
0.492404 -0.0868241 0.866025 0.721687
0.590885 -0.104189 0.8 0.713785
0.689365 -0.121554 0.714143 0.695153
0.787846 -0.138919 0.6 0.681915
0.886327 -0.156283 0.43589 0.710124
0.984808 -0.173648 1.49012e-08 0.710042
0 -0 1 0.692332
0.1 -2.44929e-17 0.994987 0.7065
0.2 -4.89859e-17 0.979796 0.71668
0.3 -7.34788e-17 0.953939 0.71649
0.4 -9.79717e-17 0.916515 0.712367
0.5 -1.22465e-16 0.866025 0.715524
0.6 -1.46958e-16 0.8 0.712128
0.7 -1.71451e-16 0.714143 0.705158
0.8 -1.95943e-16 0.6 0.71047
0.9 -2.20436e-16 0.43589 0.71086
1 -2.44929e-16 1.49012e-08 0.710042
