0 0 1 0.709166
0.1 0 0.994987 0.703351
0.2 0 0.979796 0.702719
0.3 0 0.953939 0.698319
0.4 0 0.916515 0.67941
0.5 0 0.866025 0.634623
0.6 0 0.8 0.551395
0.7 0 0.714143 0.50082
0.8 0 0.6 0.617552
0.9 0 0.43589 0.653065
1 0 1.49012e-08 0.682642
0 0 1 0.709166
0.0984808 0.0173648 0.994987 0.705718
0.196962 0.0347296 0.979796 0.707682
0.295442 0.0520945 0.953939 0.702098
0.393923 0.0694593 0.916515 0.684079
0.492404 0.0868241 0.866025 0.655138
0.590885 0.104189 0.8 0.618176
0.689365 0.121554 0.714143 0.600846
0.787846 0.138919 0.6 0.643592
0.886327 0.156283 0.43589 0.676411
0.984808 0.173648 1.49012e-08 0.682642
0 0 1 0.709166
0.0939693 0.034202 0.994987 0.707134
0.187939 0.068404 0.979796 0.710269
0.281908 0.102606 0.953939 0.701494
0.375877 0.136808 0.916515 0.679748
0.469846 0.17101 0.866025 0.669299
0.563816 0.205212 0.8 0.67001
0.657785 0.239414 0.714143 0.66227
0.751754 0.273616 0.6 0.623364
0.845723 0.307818 0.43589 0.630676
0.939693 0.34202 1.49012e-08 0.682642
0 0 1 0.709166
0.0866025 0.05 0.994987 0.70868
0.173205 0.1 0.979796 0.711264
0.259808 0.15 0.953939 0.700118
0.34641 0.2 0.916515 0.672296
0.433013 0.25 0.866025 0.671955
0.519615 0.3 0.8 0.693517
0.606218 0.35 0.714143 0.692596
0.69282 0.4 0.6 0.669015
0.779423 0.45 0.43589 0.653646
0.866025 0.5 1.49012e-08 0.682642
0 0 1 0.709166
0.0766044 0.0642788 0.994987 0.709719
0.153209 0.128558 0.979796 0.710634
0.229813 0.192836 0.953939 0.698515
0.306418 0.257115 0.916515 0.664047
0.383022 0.321394 0.866025 0.67308
0.459627 0.385673 0.8 0.700837
0.536231 0.449951 0.714143 0.69966
0.612836 0.51423 0.6 0.697666
0.68944 0.578509 0.43589 0.669517
0.766044 0.642788 1.49012e-08 0.682642
0 0 1 0.709166
0.0642788 0.0766044 0.994987 0.709925
0.128558 0.153209 0.979796 0.709191
0.192836 0.229813 0.953939 0.698384
0.257115 0.306418 0.916515 0.675367
0.321394 0.383022 0.866025 0.677877
0.385673 0.459627 0.8 0.700706
0.449951 0.536231 0.714143 0.702759
0.51423 0.612836 0.6 0.691095
0.578509 0.68944 0.43589 0.673447
0.642788 0.766044 1.49012e-08 0.682642
0 0 1 0.709166
0.05 0.0866025 0.994987 0.709666
0.1 0.173205 0.979796 0.708446
0.15 0.259808 0.953939 0.697428
0.2 0.34641 0.916515 0.673214
0.25 0.433013 0.866025 0.670962
0.3 0.519615 0.8 0.688979
0.35 0.606218 0.714143 0.694952
0.4 0.69282 0.6 0.66345
0.45 0.779423 0.43589 0.686331
0.5 0.866025 1.49012e-08 0.682642
0 0 1 0.709166
0.034202 0.0939693 0.994987 0.710343
0.068404 0.187939 0.979796 0.707429
0.102606 0.281908 0.953939 0.694078
0.136808 0.375877 0.916515 0.663792
0.17101 0.469846 0.866025 0.643998
0.205212 0.563816 0.8 0.66348
0.239414 0.657785 0.714143 0.678179
0.273616 0.751754 0.6 0.673487
0.307818 0.845723 0.43589 0.696944
0.34202 0.939693 1.49012e-08 0.682642
0 0 1 0.709166
0.0173648 0.0984808 0.994987 0.710467
0.0347296 0.196962 0.979796 0.706094
0.0520945 0.295442 0.953939 0.690351
0.0694593 0.393923 0.916515 0.651029
0.0868241 0.492404 0.866025 0.609722
0.104189 0.590885 0.8 0.630423
0.121554 0.689365 0.714143 0.668622
0.138919 0.787846 0.6 0.694509
0.156283 0.886327 0.43589 0.702595
0.173648 0.984808 1.49012e-08 0.682642
0 0 1 0.709166
6.12323e-18 0.1 0.994987 0.711052
1.22465e-17 0.2 0.979796 0.706986
1.83697e-17 0.3 0.953939 0.687902
2.44929e-17 0.4 0.916515 0.645736
3.06162e-17 0.5 0.866025 0.590726
3.67394e-17 0.6 0.8 0.606215
4.28626e-17 0.7 0.714143 0.666444
4.89859e-17 0.8 0.6 0.703946
5.51091e-17 0.9 0.43589 0.70476
6.12323e-17 1 1.49012e-08 0.682642
-0 0 1 0.709166
-0.0173648 0.0984808 0.994987 0.71238
-0.0347296 0.196962 0.979796 0.707086
-0.0520945 0.295442 0.953939 0.687044
-0.0694593 0.393923 0.916515 0.650638
-0.0868241 0.492404 0.866025 0.617878
-0.104189 0.590885 0.8 0.603269
-0.121554 0.689365 0.714143 0.668141
-0.138919 0.787846 0.6 0.704995
-0.156283 0.886327 0.43589 0.704024
-0.173648 0.984808 1.49012e-08 0.682642
-0 0 1 0.709166
-0.034202 0.0939693 0.994987 0.713174
-0.068404 0.187939 0.979796 0.706192
-0.102606 0.281908 0.953939 0.686881
-0.136808 0.375877 0.916515 0.656474
-0.17101 0.469846 0.866025 0.652184
-0.205212 0.563816 0.8 0.643236
-0.239414 0.657785 0.714143 0.668612
-0.273616 0.751754 0.6 0.704208
-0.307818 0.845723 0.43589 0.704262
-0.34202 0.939693 1.49012e-08 0.682642
-0 0 1 0.709166
-0.05 0.0866025 0.994987 0.713495
-0.1 0.173205 0.979796 0.704036
-0.15 0.259808 0.953939 0.686038
-0.2 0.34641 0.916515 0.674916
-0.25 0.433013 0.866025 0.68064
-0.3 0.519615 0.8 0.680882
-0.35 0.606218 0.714143 0.674593
-0.4 0.69282 0.6 0.690504
-0.45 0.779423 0.43589 0.705615
-0.5 0.866025 1.49012e-08 0.682642
-0 0 1 0.709166
-0.0642788 0.0766044 0.994987 0.71339
-0.128558 0.153209 0.979796 0.700328
-0.192836 0.229813 0.953939 0.68482
-0.257115 0.306418 0.916515 0.68561
-0.321394 0.383022 0.866025 0.700629
-0.385673 0.459627 0.8 0.70393
-0.449951 0.536231 0.714143 0.691194
-0.51423 0.612836 0.6 0.670756
-0.578509 0.68944 0.43589 0.699807
-0.642788 0.766044 1.49012e-08 0.682642
-0 0 1 0.709166
-0.0766044 0.0642788 0.994987 0.713017
-0.153209 0.128558 0.979796 0.697288
-0.229813 0.192836 0.953939 0.679894
-0.306418 0.257115 0.916515 0.687484
-0.383022 0.321394 0.866025 0.710628
-0.459627 0.385673 0.8 0.713773
-0.536231 0.449951 0.714143 0.71217
-0.612836 0.51423 0.6 0.685941
-0.68944 0.578509 0.43589 0.678285
-0.766044 0.642788 1.49012e-08 0.682642
-0 0 1 0.709166
-0.0866025 0.05 0.994987 0.712537
-0.173205 0.1 0.979796 0.697698
-0.259808 0.15 0.953939 0.679269
-0.34641 0.2 0.916515 0.686273
-0.433013 0.25 0.866025 0.712481
-0.519615 0.3 0.8 0.714625
-0.606218 0.35 0.714143 0.712502
-0.69282 0.4 0.6 0.704172
-0.779423 0.45 0.43589 0.651514
-0.866025 0.5 1.49012e-08 0.682642
-0 0 1 0.709166
-0.0939693 0.034202 0.994987 0.711963
-0.187939 0.068404 0.979796 0.699484
-0.281908 0.102606 0.953939 0.682969
-0.375877 0.136808 0.916515 0.691939
-0.469846 0.17101 0.866025 0.708435
-0.563816 0.205212 0.8 0.707963
-0.657785 0.239414 0.714143 0.675096
-0.751754 0.273616 0.6 0.682751
-0.845723 0.307818 0.43589 0.651368
-0.939693 0.34202 1.49012e-08 0.682642
-0 0 1 0.709166
-0.0984808 0.0173648 0.994987 0.711233
-0.196962 0.0347296 0.979796 0.699809
-0.295442 0.0520945 0.953939 0.683069
-0.393923 0.0694593 0.916515 0.68295
-0.492404 0.0868241 0.866025 0.692389
-0.590885 0.104189 0.8 0.689906
-0.689365 0.121554 0.714143 0.673811
-0.787846 0.138919 0.6 0.667309
-0.886327 0.156283 0.43589 0.702988
-0.984808 0.173648 1.49012e-08 0.682642
-0 0 1 0.709166
-0.1 1.22465e-17 0.994987 0.710212
-0.2 2.44929e-17 0.979796 0.698766
-0.3 3.67394e-17 0.953939 0.680309
-0.4 4.89859e-17 0.916515 0.668385
-0.5 6.12323e-17 0.866025 0.662378
-0.6 7.34788e-17 0.8 0.668388
-0.7 8.57253e-17 0.714143 0.687591
-0.8 9.79717e-17 0.6 0.709106
-0.9 1.10218e-16 0.43589 0.707247
-1 1.22465e-16 1.49012e-08 0.682642
-0 -0 1 0.709166
-0.0984808 -0.0173648 0.994987 0.70896
-0.196962 -0.0347296 0.979796 0.696591
-0.295442 -0.0520945 0.953939 0.673424
-0.393923 -0.0694593 0.916515 0.648275
-0.492404 -0.0868241 0.866025 0.624292
-0.590885 -0.104189 0.8 0.623878
-0.689365 -0.121554 0.714143 0.657237
-0.787846 -0.138919 0.6 0.674616
-0.886327 -0.156283 0.43589 0.691567
-0.984808 -0.173648 1.49012e-08 0.682642
-0 -0 1 0.709166
-0.0939693 -0.034202 0.994987 0.707448
-0.187939 -0.068404 0.979796 0.693557
-0.281908 -0.102606 0.953939 0.662039
-0.375877 -0.136808 0.916515 0.625013
-0.469846 -0.17101 0.866025 0.562737
-0.563816 -0.205212 0.8 0.547797
-0.657785 -0.239414 0.714143 0.635762
-0.751754 -0.273616 0.6 0.691786
-0.845723 -0.307818 0.43589 0.685318
-0.939693 -0.34202 1.49012e-08 0.682642
-0 -0 1 0.709166
-0.0866025 -0.05 0.994987 0.705665
-0.173205 -0.1 0.979796 0.690581
-0.259808 -0.15 0.953939 0.661595
-0.34641 -0.2 0.916515 0.618197
-0.433013 -0.25 0.866025 0.547156
-0.519615 -0.3 0.8 0.591456
-0.606218 -0.35 0.714143 0.656373
-0.69282 -0.4 0.6 0.682295
-0.779423 -0.45 0.43589 0.638456
-0.866025 -0.5 1.49012e-08 0.682642
-0 -0 1 0.709166
-0.0766044 -0.0642788 0.994987 0.703677
-0.153209 -0.128558 0.979796 0.68753
-0.229813 -0.192836 0.953939 0.666063
-0.306418 -0.257115 0.916515 0.63472
-0.383022 -0.321394 0.866025 0.612781
-0.459627 -0.385673 0.8 0.636777
-0.536231 -0.449951 0.714143 0.682775
-0.612836 -0.51423 0.6 0.693419
-0.68944 -0.578509 0.43589 0.688773
-0.766044 -0.642788 1.49012e-08 0.682642
-0 -0 1 0.709166
-0.0642788 -0.0766044 0.994987 0.701487
-0.128558 -0.153209 0.979796 0.684215
-0.192836 -0.229813 0.953939 0.670577
-0.257115 -0.306418 0.916515 0.657753
-0.321394 -0.383022 0.866025 0.654908
-0.385673 -0.459627 0.8 0.671695
-0.449951 -0.536231 0.714143 0.697353
-0.51423 -0.612836 0.6 0.703496
-0.578509 -0.68944 0.43589 0.694732
-0.642788 -0.766044 1.49012e-08 0.682642
-0 -0 1 0.709166
-0.05 -0.0866025 0.994987 0.699086
-0.1 -0.173205 0.979796 0.680252
-0.15 -0.259808 0.953939 0.674786
-0.2 -0.34641 0.916515 0.67714
-0.25 -0.433013 0.866025 0.681919
-0.3 -0.519615 0.8 0.679915
-0.35 -0.606218 0.714143 0.687441
-0.4 -0.69282 0.6 0.701585
-0.45 -0.779423 0.43589 0.684831
-0.5 -0.866025 1.49012e-08 0.682642
-0 -0 1 0.709166
-0.034202 -0.0939693 0.994987 0.696485
-0.068404 -0.187939 0.979796 0.678146
-0.102606 -0.281908 0.953939 0.68031
-0.136808 -0.375877 0.916515 0.693854
-0.17101 -0.469846 0.866025 0.6958
-0.205212 -0.563816 0.8 0.674351
-0.239414 -0.657785 0.714143 0.67441
-0.273616 -0.751754 0.6 0.691625
-0.307818 -0.845723 0.43589 0.663896
-0.34202 -0.939693 1.49012e-08 0.682642
-0 -0 1 0.709166
-0.0173648 -0.0984808 0.994987 0.693734
-0.0347296 -0.196962 0.979796 0.673243
-0.0520945 -0.295442 0.953939 0.683438
-0.0694593 -0.393923 0.916515 0.701329
-0.0868241 -0.492404 0.866025 0.702568
-0.104189 -0.590885 0.8 0.675585
-0.121554 -0.689365 0.714143 0.676959
-0.138919 -0.787846 0.6 0.670936
-0.156283 -0.886327 0.43589 0.63561
-0.173648 -0.984808 1.49012e-08 0.682642
-0 -0 1 0.709166
-1.83697e-17 -0.1 0.994987 0.690867
-3.67394e-17 -0.2 0.979796 0.66789
-5.51091e-17 -0.3 0.953939 0.679757
-7.34788e-17 -0.4 0.916515 0.703153
-9.18485e-17 -0.5 0.866025 0.707699
-1.10218e-16 -0.6 0.8 0.693381
-1.28588e-16 -0.7 0.714143 0.676894
-1.46958e-16 -0.8 0.6 0.636416
-1.65327e-16 -0.9 0.43589 0.604044
-1.83697e-16 -1 1.49012e-08 0.682642
0 -0 1 0.709166
0.0173648 -0.0984808 0.994987 0.688053
0.0347296 -0.196962 0.979796 0.665837
0.0520945 -0.295442 0.953939 0.668802
0.0694593 -0.393923 0.916515 0.700806
0.0868241 -0.492404 0.866025 0.705383
0.104189 -0.590885 0.8 0.69998
0.121554 -0.689365 0.714143 0.671941
0.138919 -0.787846 0.6 0.591944
0.156283 -0.886327 0.43589 0.58149
0.173648 -0.984808 1.49012e-08 0.682642
0 -0 1 0.709166
0.034202 -0.0939693 0.994987 0.685686
0.068404 -0.187939 0.979796 0.66225
0.102606 -0.281908 0.953939 0.658277
0.136808 -0.375877 0.916515 0.69739
0.17101 -0.469846 0.866025 0.701419
0.205212 -0.563816 0.8 0.69807
0.239414 -0.657785 0.714143 0.663577
0.273616 -0.751754 0.6 0.559386
0.307818 -0.845723 0.43589 0.582268
0.34202 -0.939693 1.49012e-08 0.682642
0 -0 1 0.709166
0.05 -0.0866025 0.994987 0.684294
0.1 -0.173205 0.979796 0.658964
0.15 -0.259808 0.953939 0.660714
0.2 -0.34641 0.916515 0.694762
0.25 -0.433013 0.866025 0.702246
0.3 -0.519615 0.8 0.693158
0.35 -0.606218 0.714143 0.655443
0.4 -0.69282 0.6 0.563211
0.45 -0.779423 0.43589 0.598036
0.5 -0.866025 1.49012e-08 0.682642
0 -0 1 0.709166
0.0642788 -0.0766044 0.994987 0.684693
0.128558 -0.153209 0.979796 0.657718
0.192836 -0.229813 0.953939 0.666988
0.257115 -0.306418 0.916515 0.69218
0.321394 -0.383022 0.866025 0.697884
0.385673 -0.459627 0.8 0.680622
0.449951 -0.536231 0.714143 0.639581
0.51423 -0.612836 0.6 0.616057
0.578509 -0.68944 0.43589 0.628984
0.642788 -0.766044 1.49012e-08 0.682642
0 -0 1 0.709166
0.0766044 -0.0642788 0.994987 0.68726
0.153209 -0.128558 0.979796 0.659507
0.229813 -0.192836 0.953939 0.666135
0.306418 -0.257115 0.916515 0.684864
0.383022 -0.321394 0.866025 0.686288
0.459627 -0.385673 0.8 0.663179
0.536231 -0.449951 0.714143 0.613357
0.612836 -0.51423 0.6 0.655581
0.68944 -0.578509 0.43589 0.661864
0.766044 -0.642788 1.49012e-08 0.682642
0 -0 1 0.709166
0.0866025 -0.05 0.994987 0.691304
0.173205 -0.1 0.979796 0.67192
0.259808 -0.15 0.953939 0.672626
0.34641 -0.2 0.916515 0.67417
0.433013 -0.25 0.866025 0.666641
0.519615 -0.3 0.8 0.639027
0.606218 -0.35 0.714143 0.627897
0.69282 -0.4 0.6 0.669101
0.779423 -0.45 0.43589 0.67204
0.866025 -0.5 1.49012e-08 0.682642
0 -0 1 0.709166
0.0939693 -0.034202 0.994987 0.695794
0.187939 -0.068404 0.979796 0.68545
0.281908 -0.102606 0.953939 0.681124
0.375877 -0.136808 0.916515 0.667228
0.469846 -0.17101 0.866025 0.6398
0.563816 -0.205212 0.8 0.584421
0.657785 -0.239414 0.714143 0.595911
0.751754 -0.273616 0.6 0.655214
0.845723 -0.307818 0.43589 0.666089
0.939693 -0.34202 1.49012e-08 0.682642
0 -0 1 0.709166
0.0984808 -0.0173648 0.994987 0.699965
0.196962 -0.0347296 0.979796 0.695187
0.295442 -0.0520945 0.953939 0.690787
0.393923 -0.0694593 0.916515 0.671224
0.492404 -0.0868241 0.866025 0.622515
0.590885 -0.104189 0.8 0.526128
0.689365 -0.121554 0.714143 0.514878
0.787846 -0.138919 0.6 0.625655
0.886327 -0.156283 0.43589 0.652558
0.984808 -0.173648 1.49012e-08 0.682642
0 -0 1 0.709166
0.1 -2.44929e-17 0.994987 0.703351
0.2 -4.89859e-17 0.979796 0.702719
0.3 -7.34788e-17 0.953939 0.698319
0.4 -9.79717e-17 0.916515 0.67941
0.5 -1.22465e-16 0.866025 0.634623
0.6 -1.46958e-16 0.8 0.551395
0.7 -1.71451e-16 0.714143 0.50082
0.8 -1.95943e-16 0.6 0.617552
0.9 -2.20436e-16 0.43589 0.653065
1 -2.44929e-16 1.49012e-08 0.682642
