0 0 1 0.699529
0.1 0 0.994987 0.671922
0.2 0 0.979796 0.660711
0.3 0 0.953939 0.699215
0.4 0 0.916515 0.698167
0.5 0 0.866025 0.699432
0.6 0 0.8 0.689507
0.7 0 0.714143 0.636784
0.8 0 0.6 0.692838
0.9 0 0.43589 0.716169
1 0 1.49012e-08 0.704635
0 0 1 0.699529
0.0984808 0.0173648 0.994987 0.670867
0.196962 0.0347296 0.979796 0.66361
0.295442 0.0520945 0.953939 0.698145
0.393923 0.0694593 0.916515 0.703315
0.492404 0.0868241 0.866025 0.696833
0.590885 0.104189 0.8 0.707217
0.689365 0.121554 0.714143 0.702722
0.787846 0.138919 0.6 0.691533
0.886327 0.156283 0.43589 0.675473
0.984808 0.173648 1.49012e-08 0.704635
0 0 1 0.699529
0.0939693 0.034202 0.994987 0.671386
0.187939 0.068404 0.979796 0.667076
0.281908 0.102606 0.953939 0.695961
0.375877 0.136808 0.916515 0.705588
0.469846 0.17101 0.866025 0.708847
0.563816 0.205212 0.8 0.718646
0.657785 0.239414 0.714143 0.715021
0.751754 0.273616 0.6 0.708435
0.845723 0.307818 0.43589 0.696111
0.939693 0.34202 1.49012e-08 0.704635
0 0 1 0.699529
0.0866025 0.05 0.994987 0.672648
0.173205 0.1 0.979796 0.666615
0.259808 0.15 0.953939 0.691399
0.34641 0.2 0.916515 0.705519
0.433013 0.25 0.866025 0.716713
0.519615 0.3 0.8 0.714123
0.606218 0.35 0.714143 0.718572
0.69282 0.4 0.6 0.706303
0.779423 0.45 0.43589 0.680336
0.866025 0.5 1.49012e-08 0.704635
0 0 1 0.699529
0.0766044 0.0642788 0.994987 0.674249
0.153209 0.128558 0.979796 0.66309
0.229813 0.192836 0.953939 0.681729
0.306418 0.257115 0.916515 0.70236
0.383022 0.321394 0.866025 0.709856
0.459627 0.385673 0.8 0.718263
0.536231 0.449951 0.714143 0.715389
0.612836 0.51423 0.6 0.682718
0.68944 0.578509 0.43589 0.676619
0.766044 0.642788 1.49012e-08 0.704635
0 0 1 0.699529
0.0642788 0.0766044 0.994987 0.676354
0.128558 0.153209 0.979796 0.657089
0.192836 0.229813 0.953939 0.663462
0.257115 0.306418 0.916515 0.692244
0.321394 0.383022 0.866025 0.70887
0.385673 0.459627 0.8 0.71079
0.449951 0.536231 0.714143 0.701184
0.51423 0.612836 0.6 0.685154
0.578509 0.68944 0.43589 0.696395
0.642788 0.766044 1.49012e-08 0.704635
0 0 1 0.699529
0.05 0.0866025 0.994987 0.679163
0.1 0.173205 0.979796 0.650487
0.15 0.259808 0.953939 0.640851
0.2 0.34641 0.916515 0.67726
0.25 0.433013 0.866025 0.699417
0.3 0.519615 0.8 0.705553
0.35 0.606218 0.714143 0.696153
0.4 0.69282 0.6 0.690847
0.45 0.779423 0.43589 0.708675
0.5 0.866025 1.49012e-08 0.704635
0 0 1 0.699529
0.034202 0.0939693 0.994987 0.682423
0.068404 0.187939 0.979796 0.648514
0.102606 0.281908 0.953939 0.61962
0.136808 0.375877 0.916515 0.661548
0.17101 0.469846 0.866025 0.69216
0.205212 0.563816 0.8 0.703095
0.239414 0.657785 0.714143 0.702351
0.273616 0.751754 0.6 0.703303
0.307818 0.845723 0.43589 0.712686
0.34202 0.939693 1.49012e-08 0.704635
0 0 1 0.699529
0.0173648 0.0984808 0.994987 0.686
0.0347296 0.196962 0.979796 0.653192
0.0520945 0.295442 0.953939 0.615457
0.0694593 0.393923 0.916515 0.655934
0.0868241 0.492404 0.866025 0.675382
0.104189 0.590885 0.8 0.694614
0.121554 0.689365 0.714143 0.709696
0.138919 0.787846 0.6 0.707352
0.156283 0.886327 0.43589 0.709174
0.173648 0.984808 1.49012e-08 0.704635
0 0 1 0.699529
6.12323e-18 0.1 0.994987 0.689781
1.22465e-17 0.2 0.979796 0.664892
1.83697e-17 0.3 0.953939 0.646152
2.44929e-17 0.4 0.916515 0.662289
3.06162e-17 0.5 0.866025 0.655885
3.67394e-17 0.6 0.8 0.674563
4.28626e-17 0.7 0.714143 0.699096
4.89859e-17 0.8 0.6 0.697959
5.51091e-17 0.9 0.43589 0.699316
6.12323e-17 1 1.49012e-08 0.704635
-0 0 1 0.699529
-0.0173648 0.0984808 0.994987 0.6936
-0.0347296 0.196962 0.979796 0.678241
-0.0520945 0.295442 0.953939 0.672868
-0.0694593 0.393923 0.916515 0.682002
-0.0868241 0.492404 0.866025 0.67806
-0.104189 0.590885 0.8 0.679077
-0.121554 0.689365 0.714143 0.680466
-0.138919 0.787846 0.6 0.675922
-0.156283 0.886327 0.43589 0.680103
-0.173648 0.984808 1.49012e-08 0.704635
-0 0 1 0.699529
-0.034202 0.0939693 0.994987 0.697142
-0.068404 0.187939 0.979796 0.690644
-0.102606 0.281908 0.953939 0.691793
-0.136808 0.375877 0.916515 0.698119
-0.17101 0.469846 0.866025 0.69936
-0.205212 0.563816 0.8 0.701485
-0.239414 0.657785 0.714143 0.696275
-0.273616 0.751754 0.6 0.666511
-0.307818 0.845723 0.43589 0.653891
-0.34202 0.939693 1.49012e-08 0.704635
-0 0 1 0.699529
-0.05 0.0866025 0.994987 0.700083
-0.1 0.173205 0.979796 0.700473
-0.15 0.259808 0.953939 0.704217
-0.2 0.34641 0.916515 0.705597
-0.25 0.433013 0.866025 0.702902
-0.3 0.519615 0.8 0.70418
-0.35 0.606218 0.714143 0.706735
-0.4 0.69282 0.6 0.681076
-0.45 0.779423 0.43589 0.652427
-0.5 0.866025 1.49012e-08 0.704635
-0 0 1 0.699529
-0.0642788 0.0766044 0.994987 0.702398
-0.128558 0.153209 0.979796 0.7073
-0.192836 0.229813 0.953939 0.710411
-0.257115 0.306418 0.916515 0.70886
-0.321394 0.383022 0.866025 0.694814
-0.385673 0.459627 0.8 0.691923
-0.449951 0.536231 0.714143 0.703075
-0.51423 0.612836 0.6 0.688952
-0.578509 0.68944 0.43589 0.675998
-0.642788 0.766044 1.49012e-08 0.704635
-0 0 1 0.699529
-0.0766044 0.0642788 0.994987 0.704276
-0.153209 0.128558 0.979796 0.711171
-0.229813 0.192836 0.953939 0.710066
-0.306418 0.257115 0.916515 0.717307
-0.383022 0.321394 0.866025 0.706723
-0.459627 0.385673 0.8 0.701839
-0.536231 0.449951 0.714143 0.691033
-0.612836 0.51423 0.6 0.697973
-0.68944 0.578509 0.43589 0.689711
-0.766044 0.642788 1.49012e-08 0.704635
-0 0 1 0.699529
-0.0866025 0.05 0.994987 0.705294
-0.173205 0.1 0.979796 0.713072
-0.259808 0.15 0.953939 0.717151
-0.34641 0.2 0.916515 0.721118
-0.433013 0.25 0.866025 0.717662
-0.519615 0.3 0.8 0.70284
-0.606218 0.35 0.714143 0.668214
-0.69282 0.4 0.6 0.676276
-0.779423 0.45 0.43589 0.685528
-0.866025 0.5 1.49012e-08 0.704635
-0 0 1 0.699529
-0.0939693 0.034202 0.994987 0.70529
-0.187939 0.068404 0.979796 0.71343
-0.281908 0.102606 0.953939 0.72068
-0.375877 0.136808 0.916515 0.716613
-0.469846 0.17101 0.866025 0.715896
-0.563816 0.205212 0.8 0.702023
-0.657785 0.239414 0.714143 0.652678
-0.751754 0.273616 0.6 0.667318
-0.845723 0.307818 0.43589 0.669042
-0.939693 0.34202 1.49012e-08 0.704635
-0 0 1 0.699529
-0.0984808 0.0173648 0.994987 0.704682
-0.196962 0.0347296 0.979796 0.711422
-0.295442 0.0520945 0.953939 0.720432
-0.393923 0.0694593 0.916515 0.716511
-0.492404 0.0868241 0.866025 0.70838
-0.590885 0.104189 0.8 0.697977
-0.689365 0.121554 0.714143 0.66981
-0.787846 0.138919 0.6 0.702911
-0.886327 0.156283 0.43589 0.71538
-0.984808 0.173648 1.49012e-08 0.704635
-0 0 1 0.699529
-0.1 1.22465e-17 0.994987 0.70394
-0.2 2.44929e-17 0.979796 0.706398
-0.3 3.67394e-17 0.953939 0.718765
-0.4 4.89859e-17 0.916515 0.715799
-0.5 6.12323e-17 0.866025 0.702309
-0.6 7.34788e-17 0.8 0.690769
-0.7 8.57253e-17 0.714143 0.684983
-0.8 9.79717e-17 0.6 0.694045
-0.9 1.10218e-16 0.43589 0.703641
-1 1.22465e-16 1.49012e-08 0.704635
-0 -0 1 0.699529
-0.0984808 -0.0173648 0.994987 0.703127
-0.196962 -0.0347296 0.979796 0.700209
-0.295442 -0.0520945 0.953939 0.715235
-0.393923 -0.0694593 0.916515 0.711332
-0.492404 -0.0868241 0.866025 0.697762
-0.590885 -0.104189 0.8 0.682452
-0.689365 -0.121554 0.714143 0.687509
-0.787846 -0.138919 0.6 0.704529
-0.886327 -0.156283 0.43589 0.71047
-0.984808 -0.173648 1.49012e-08 0.704635
-0 -0 1 0.699529
-0.0939693 -0.034202 0.994987 0.702257
-0.187939 -0.068404 0.979796 0.694069
-0.281908 -0.102606 0.953939 0.708967
-0.375877 -0.136808 0.916515 0.699973
-0.469846 -0.17101 0.866025 0.674871
-0.563816 -0.205212 0.8 0.673151
-0.657785 -0.239414 0.714143 0.708919
-0.751754 -0.273616 0.6 0.718176
-0.845723 -0.307818 0.43589 0.705923
-0.939693 -0.34202 1.49012e-08 0.704635
-0 -0 1 0.699529
-0.0866025 -0.05 0.994987 0.701538
-0.173205 -0.1 0.979796 0.694971
-0.259808 -0.15 0.953939 0.70285
-0.34641 -0.2 0.916515 0.68457
-0.433013 -0.25 0.866025 0.629682
-0.519615 -0.3 0.8 0.677412
-0.606218 -0.35 0.714143 0.708815
-0.69282 -0.4 0.6 0.71667
-0.779423 -0.45 0.43589 0.691443
-0.866025 -0.5 1.49012e-08 0.704635
-0 -0 1 0.699529
-0.0766044 -0.0642788 0.994987 0.701316
-0.153209 -0.128558 0.979796 0.694105
-0.229813 -0.192836 0.953939 0.700244
-0.306418 -0.257115 0.916515 0.677573
-0.383022 -0.321394 0.866025 0.640439
-0.459627 -0.385673 0.8 0.675044
-0.536231 -0.449951 0.714143 0.695378
-0.612836 -0.51423 0.6 0.699447
-0.68944 -0.578509 0.43589 0.692166
-0.766044 -0.642788 1.49012e-08 0.704635
-0 -0 1 0.699529
-0.0642788 -0.0766044 0.994987 0.701488
-0.128558 -0.153209 0.979796 0.690246
-0.192836 -0.229813 0.953939 0.698941
-0.257115 -0.306418 0.916515 0.676354
-0.321394 -0.383022 0.866025 0.667191
-0.385673 -0.459627 0.8 0.665496
-0.449951 -0.536231 0.714143 0.675071
-0.51423 -0.612836 0.6 0.660437
-0.578509 -0.68944 0.43589 0.706316
-0.642788 -0.766044 1.49012e-08 0.704635
-0 -0 1 0.699529
-0.05 -0.0866025 0.994987 0.702148
-0.1 -0.173205 0.979796 0.690825
-0.15 -0.259808 0.953939 0.699864
-0.2 -0.34641 0.916515 0.680874
-0.25 -0.433013 0.866025 0.681919
-0.3 -0.519615 0.8 0.675239
-0.35 -0.606218 0.714143 0.659228
-0.4 -0.69282 0.6 0.648298
-0.45 -0.779423 0.43589 0.71199
-0.5 -0.866025 1.49012e-08 0.704635
-0 -0 1 0.699529
-0.034202 -0.0939693 0.994987 0.703063
-0.068404 -0.187939 0.979796 0.698007
-0.102606 -0.281908 0.953939 0.701817
-0.136808 -0.375877 0.916515 0.692117
-0.17101 -0.469846 0.866025 0.6965
-0.205212 -0.563816 0.8 0.687412
-0.239414 -0.657785 0.714143 0.655689
-0.273616 -0.751754 0.6 0.679145
-0.307818 -0.845723 0.43589 0.711782
-0.34202 -0.939693 1.49012e-08 0.704635
-0 -0 1 0.699529
-0.0173648 -0.0984808 0.994987 0.703743
-0.0347296 -0.196962 0.979796 0.704193
-0.0520945 -0.295442 0.953939 0.704589
-0.0694593 -0.393923 0.916515 0.695426
-0.0868241 -0.492404 0.866025 0.701825
-0.104189 -0.590885 0.8 0.692136
-0.121554 -0.689365 0.714143 0.673382
-0.138919 -0.787846 0.6 0.68697
-0.156283 -0.886327 0.43589 0.705619
-0.173648 -0.984808 1.49012e-08 0.704635
-0 -0 1 0.699529
-1.83697e-17 -0.1 0.994987 0.703899
-3.67394e-17 -0.2 0.979796 0.707452
-5.51091e-17 -0.3 0.953939 0.706125
-7.34788e-17 -0.4 0.916515 0.692333
-9.18485e-17 -0.5 0.866025 0.697931
-1.10218e-16 -0.6 0.8 0.693092
-1.28588e-16 -0.7 0.714143 0.695459
-1.46958e-16 -0.8 0.6 0.675582
-1.65327e-16 -0.9 0.43589 0.699575
-1.83697e-16 -1 1.49012e-08 0.704635
0 -0 1 0.699529
0.0173648 -0.0984808 0.994987 0.703312
0.0347296 -0.196962 0.979796 0.707427
0.0520945 -0.295442 0.953939 0.704736
0.0694593 -0.393923 0.916515 0.691388
0.0868241 -0.492404 0.866025 0.685743
0.104189 -0.590885 0.8 0.686823
0.121554 -0.689365 0.714143 0.70205
0.138919 -0.787846 0.6 0.691027
0.156283 -0.886327 0.43589 0.690253
0.173648 -0.984808 1.49012e-08 0.704635
0 -0 1 0.699529
0.034202 -0.0939693 0.994987 0.701591
0.068404 -0.187939 0.979796 0.704319
0.102606 -0.281908 0.953939 0.700411
0.136808 -0.375877 0.916515 0.683023
0.17101 -0.469846 0.866025 0.661224
0.205212 -0.563816 0.8 0.675188
0.239414 -0.657785 0.714143 0.697666
0.273616 -0.751754 0.6 0.690797
0.307818 -0.845723 0.43589 0.685616
0.34202 -0.939693 1.49012e-08 0.704635
0 -0 1 0.699529
0.05 -0.0866025 0.994987 0.698714
0.1 -0.173205 0.979796 0.698184
0.15 -0.259808 0.953939 0.691991
0.2 -0.34641 0.916515 0.67573
0.25 -0.433013 0.866025 0.624454
0.3 -0.519615 0.8 0.657599
0.35 -0.606218 0.714143 0.681298
0.4 -0.69282 0.6 0.676097
0.45 -0.779423 0.43589 0.66675
0.5 -0.866025 1.49012e-08 0.704635
0 -0 1 0.699529
0.0642788 -0.0766044 0.994987 0.694834
0.128558 -0.153209 0.979796 0.689815
0.192836 -0.229813 0.953939 0.681833
0.257115 -0.306418 0.916515 0.678773
0.321394 -0.383022 0.866025 0.639546
0.385673 -0.459627 0.8 0.664728
0.449951 -0.536231 0.714143 0.694626
0.51423 -0.612836 0.6 0.68814
0.578509 -0.68944 0.43589 0.657007
0.642788 -0.766044 1.49012e-08 0.704635
0 -0 1 0.699529
0.0766044 -0.0642788 0.994987 0.69014
0.153209 -0.128558 0.979796 0.680707
0.229813 -0.192836 0.953939 0.683617
0.306418 -0.257115 0.916515 0.693635
0.383022 -0.321394 0.866025 0.686041
0.459627 -0.385673 0.8 0.694353
0.536231 -0.449951 0.714143 0.708917
0.612836 -0.51423 0.6 0.709709
0.68944 -0.578509 0.43589 0.692833
0.766044 -0.642788 1.49012e-08 0.704635
0 -0 1 0.699529
0.0866025 -0.05 0.994987 0.684931
0.173205 -0.1 0.979796 0.673199
0.259808 -0.15 0.953939 0.693506
0.34641 -0.2 0.916515 0.70666
0.433013 -0.25 0.866025 0.70307
0.519615 -0.3 0.8 0.708709
0.606218 -0.35 0.714143 0.705896
0.69282 -0.4 0.6 0.708092
0.779423 -0.45 0.43589 0.706226
0.866025 -0.5 1.49012e-08 0.704635
0 -0 1 0.699529
0.0939693 -0.034202 0.994987 0.679661
0.187939 -0.068404 0.979796 0.668167
0.281908 -0.102606 0.953939 0.6991
0.375877 -0.136808 0.916515 0.711062
0.469846 -0.17101 0.866025 0.707016
0.563816 -0.205212 0.8 0.699081
0.657785 -0.239414 0.714143 0.707816
0.751754 -0.273616 0.6 0.685888
0.845723 -0.307818 0.43589 0.704074
0.939693 -0.34202 1.49012e-08 0.704635
0 -0 1 0.699529
0.0984808 -0.0173648 0.994987 0.675027
0.196962 -0.0347296 0.979796 0.663757
0.295442 -0.0520945 0.953939 0.700161
0.393923 -0.0694593 0.916515 0.706177
0.492404 -0.0868241 0.866025 0.703708
0.590885 -0.104189 0.8 0.6763
0.689365 -0.121554 0.714143 0.684648
0.787846 -0.138919 0.6 0.671355
0.886327 -0.156283 0.43589 0.651525
0.984808 -0.173648 1.49012e-08 0.704635
0 -0 1 0.699529
0.1 -2.44929e-17 0.994987 0.671922
0.2 -4.89859e-17 0.979796 0.660711
0.3 -7.34788e-17 0.953939 0.699215
0.4 -9.79717e-17 0.916515 0.698167
0.5 -1.22465e-16 0.866025 0.699432
0.6 -1.46958e-16 0.8 0.689507
0.7 -1.71451e-16 0.714143 0.636784
0.8 -1.95943e-16 0.6 0.692838
0.9 -2.20436e-16 0.43589 0.716169
1 -2.44929e-16 1.49012e-08 0.704635
