0 0 1 0.712192
0.1 0 0.994987 0.703242
0.2 0 0.979796 0.689587
0.3 0 0.953939 0.677306
0.4 0 0.916515 0.685768
0.5 0 0.866025 0.693693
0.6 0 0.8 0.702569
0.7 0 0.714143 0.703661
0.8 0 0.6 0.711888
0.9 0 0.43589 0.705583
1 0 1.49012e-08 0.678407
0 0 1 0.712192
0.0984808 0.0173648 0.994987 0.700225
0.196962 0.0347296 0.979796 0.687319
0.295442 0.0520945 0.953939 0.681825
0.393923 0.0694593 0.916515 0.693312
0.492404 0.0868241 0.866025 0.708409
0.590885 0.104189 0.8 0.715601
0.689365 0.121554 0.714143 0.719923
0.787846 0.138919 0.6 0.717055
0.886327 0.156283 0.43589 0.695489
0.984808 0.173648 1.49012e-08 0.678407
0 0 1 0.712192
0.0939693 0.034202 0.994987 0.696986
0.187939 0.068404 0.979796 0.684608
0.281908 0.102606 0.953939 0.681886
0.375877 0.136808 0.916515 0.696915
0.469846 0.17101 0.866025 0.706488
0.563816 0.205212 0.8 0.708299
0.657785 0.239414 0.714143 0.704685
0.751754 0.273616 0.6 0.706914
0.845723 0.307818 0.43589 0.587366
0.939693 0.34202 1.49012e-08 0.678407
0 0 1 0.712192
0.0866025 0.05 0.994987 0.693901
0.173205 0.1 0.979796 0.679972
0.259808 0.15 0.953939 0.682949
0.34641 0.2 0.916515 0.695435
0.433013 0.25 0.866025 0.704547
0.519615 0.3 0.8 0.711839
0.606218 0.35 0.714143 0.71031
0.69282 0.4 0.6 0.677283
0.779423 0.45 0.43589 0.612377
0.866025 0.5 1.49012e-08 0.678407
0 0 1 0.712192
0.0766044 0.0642788 0.994987 0.691793
0.153209 0.128558 0.979796 0.675434
0.229813 0.192836 0.953939 0.689593
0.306418 0.257115 0.916515 0.704448
0.383022 0.321394 0.866025 0.715939
0.459627 0.385673 0.8 0.715579
0.536231 0.449951 0.714143 0.713942
0.612836 0.51423 0.6 0.665908
0.68944 0.578509 0.43589 0.664788
0.766044 0.642788 1.49012e-08 0.678407
0 0 1 0.712192
0.0642788 0.0766044 0.994987 0.691708
0.128558 0.153209 0.979796 0.676774
0.192836 0.229813 0.953939 0.69708
0.257115 0.306418 0.916515 0.712173
0.321394 0.383022 0.866025 0.721557
0.385673 0.459627 0.8 0.72191
0.449951 0.536231 0.714143 0.711944
0.51423 0.612836 0.6 0.65089
0.578509 0.68944 0.43589 0.683052
0.642788 0.766044 1.49012e-08 0.678407
0 0 1 0.712192
0.05 0.0866025 0.994987 0.693912
0.1 0.173205 0.979796 0.685206
0.15 0.259808 0.953939 0.70086
0.2 0.34641 0.916515 0.710532
0.25 0.433013 0.866025 0.719409
0.3 0.519615 0.8 0.72152
0.35 0.606218 0.714143 0.707065
0.4 0.69282 0.6 0.635326
0.45 0.779423 0.43589 0.688399
0.5 0.866025 1.49012e-08 0.678407
0 0 1 0.712192
0.034202 0.0939693 0.994987 0.697523
0.068404 0.187939 0.979796 0.693597
0.102606 0.281908 0.953939 0.702334
0.136808 0.375877 0.916515 0.704348
0.17101 0.469846 0.866025 0.716076
0.205212 0.563816 0.8 0.7199
0.239414 0.657785 0.714143 0.699571
0.273616 0.751754 0.6 0.623576
0.307818 0.845723 0.43589 0.68822
0.34202 0.939693 1.49012e-08 0.678407
0 0 1 0.712192
0.0173648 0.0984808 0.994987 0.701506
0.0347296 0.196962 0.979796 0.699851
0.0520945 0.295442 0.953939 0.70155
0.0694593 0.393923 0.916515 0.694863
0.0868241 0.492404 0.866025 0.710095
0.104189 0.590885 0.8 0.716303
0.121554 0.689365 0.714143 0.690701
0.138919 0.787846 0.6 0.627793
0.156283 0.886327 0.43589 0.685172
0.173648 0.984808 1.49012e-08 0.678407
0 0 1 0.712192
6.12323e-18 0.1 0.994987 0.705243
1.22465e-17 0.2 0.979796 0.705134
1.83697e-17 0.3 0.953939 0.699198
2.44929e-17 0.4 0.916515 0.694159
3.06162e-17 0.5 0.866025 0.699095
3.67394e-17 0.6 0.8 0.708537
4.28626e-17 0.7 0.714143 0.679586
4.89859e-17 0.8 0.6 0.620065
5.51091e-17 0.9 0.43589 0.679758
6.12323e-17 1 1.49012e-08 0.678407
-0 0 1 0.712192
-0.0173648 0.0984808 0.994987 0.70849
-0.0347296 0.196962 0.979796 0.710613
-0.0520945 0.295442 0.953939 0.696711
-0.0694593 0.393923 0.916515 0.69938
-0.0868241 0.492404 0.866025 0.698487
-0.104189 0.590885 0.8 0.699068
-0.121554 0.689365 0.714143 0.665607
-0.138919 0.787846 0.6 0.599651
-0.156283 0.886327 0.43589 0.671069
-0.173648 0.984808 1.49012e-08 0.678407
-0 0 1 0.712192
-0.034202 0.0939693 0.994987 0.711219
-0.068404 0.187939 0.979796 0.715692
-0.102606 0.281908 0.953939 0.706909
-0.136808 0.375877 0.916515 0.707239
-0.17101 0.469846 0.866025 0.70556
-0.205212 0.563816 0.8 0.693745
-0.239414 0.657785 0.714143 0.65079
-0.273616 0.751754 0.6 0.558444
-0.307818 0.845723 0.43589 0.661282
-0.34202 0.939693 1.49012e-08 0.678407
-0 0 1 0.712192
-0.05 0.0866025 0.994987 0.71329
-0.1 0.173205 0.979796 0.719584
-0.15 0.259808 0.953939 0.716563
-0.2 0.34641 0.916515 0.713966
-0.25 0.433013 0.866025 0.711165
-0.3 0.519615 0.8 0.693614
-0.35 0.606218 0.714143 0.640486
-0.4 0.69282 0.6 0.545816
-0.45 0.779423 0.43589 0.653595
-0.5 0.866025 1.49012e-08 0.678407
-0 0 1 0.712192
-0.0642788 0.0766044 0.994987 0.714507
-0.128558 0.153209 0.979796 0.721452
-0.192836 0.229813 0.953939 0.721666
-0.257115 0.306418 0.916515 0.718754
-0.321394 0.383022 0.866025 0.713812
-0.385673 0.459627 0.8 0.695756
-0.449951 0.536231 0.714143 0.642927
-0.51423 0.612836 0.6 0.512272
-0.578509 0.68944 0.43589 0.64857
-0.642788 0.766044 1.49012e-08 0.678407
-0 0 1 0.712192
-0.0766044 0.0642788 0.994987 0.715104
-0.153209 0.128558 0.979796 0.721432
-0.229813 0.192836 0.953939 0.723106
-0.306418 0.257115 0.916515 0.719186
-0.383022 0.321394 0.866025 0.711181
-0.459627 0.385673 0.8 0.693227
-0.536231 0.449951 0.714143 0.658258
-0.612836 0.51423 0.6 0.553416
-0.68944 0.578509 0.43589 0.644791
-0.766044 0.642788 1.49012e-08 0.678407
-0 0 1 0.712192
-0.0866025 0.05 0.994987 0.716065
-0.173205 0.1 0.979796 0.719496
-0.259808 0.15 0.953939 0.72265
-0.34641 0.2 0.916515 0.71519
-0.433013 0.25 0.866025 0.702183
-0.519615 0.3 0.8 0.688558
-0.606218 0.35 0.714143 0.682404
-0.69282 0.4 0.6 0.612216
-0.779423 0.45 0.43589 0.64529
-0.866025 0.5 1.49012e-08 0.678407
-0 0 1 0.712192
-0.0939693 0.034202 0.994987 0.717835
-0.187939 0.068404 0.979796 0.713833
-0.281908 0.102606 0.953939 0.721058
-0.375877 0.136808 0.916515 0.708659
-0.469846 0.17101 0.866025 0.679018
-0.563816 0.205212 0.8 0.686608
-0.657785 0.239414 0.714143 0.703968
-0.751754 0.273616 0.6 0.681166
-0.845723 0.307818 0.43589 0.625304
-0.939693 0.34202 1.49012e-08 0.678407
-0 0 1 0.712192
-0.0984808 0.0173648 0.994987 0.719521
-0.196962 0.0347296 0.979796 0.713893
-0.295442 0.0520945 0.953939 0.716961
-0.393923 0.0694593 0.916515 0.702046
-0.492404 0.0868241 0.866025 0.681944
-0.590885 0.104189 0.8 0.687305
-0.689365 0.121554 0.714143 0.714868
-0.787846 0.138919 0.6 0.713107
-0.886327 0.156283 0.43589 0.6572
-0.984808 0.173648 1.49012e-08 0.678407
-0 0 1 0.712192
-0.1 1.22465e-17 0.994987 0.72083
-0.2 2.44929e-17 0.979796 0.719081
-0.3 3.67394e-17 0.953939 0.713102
-0.4 4.89859e-17 0.916515 0.693649
-0.5 6.12323e-17 0.866025 0.666337
-0.6 7.34788e-17 0.8 0.685742
-0.7 8.57253e-17 0.714143 0.713226
-0.8 9.79717e-17 0.6 0.713473
-0.9 1.10218e-16 0.43589 0.711177
-1 1.22465e-16 1.49012e-08 0.678407
-0 -0 1 0.712192
-0.0984808 -0.0173648 0.994987 0.721609
-0.196962 -0.0347296 0.979796 0.722102
-0.295442 -0.0520945 0.953939 0.717342
-0.393923 -0.0694593 0.916515 0.699795
-0.492404 -0.0868241 0.866025 0.679506
-0.590885 -0.104189 0.8 0.6766
-0.689365 -0.121554 0.714143 0.696701
-0.787846 -0.138919 0.6 0.715147
-0.886327 -0.156283 0.43589 0.702
-0.984808 -0.173648 1.49012e-08 0.678407
-0 -0 1 0.712192
-0.0939693 -0.034202 0.994987 0.721754
-0.187939 -0.068404 0.979796 0.724113
-0.281908 -0.102606 0.953939 0.72128
-0.375877 -0.136808 0.916515 0.71241
-0.469846 -0.17101 0.866025 0.69458
-0.563816 -0.205212 0.8 0.68382
-0.657785 -0.239414 0.714143 0.70022
-0.751754 -0.273616 0.6 0.705973
-0.845723 -0.307818 0.43589 0.70943
-0.939693 -0.34202 1.49012e-08 0.678407
-0 -0 1 0.712192
-0.0866025 -0.05 0.994987 0.721245
-0.173205 -0.1 0.979796 0.724465
-0.259808 -0.15 0.953939 0.720902
-0.34641 -0.2 0.916515 0.717435
-0.433013 -0.25 0.866025 0.701467
-0.519615 -0.3 0.8 0.681852
-0.606218 -0.35 0.714143 0.660698
-0.69282 -0.4 0.6 0.677901
-0.779423 -0.45 0.43589 0.693171
-0.866025 -0.5 1.49012e-08 0.678407
-0 -0 1 0.712192
-0.0766044 -0.0642788 0.994987 0.7201
-0.153209 -0.128558 0.979796 0.724174
-0.229813 -0.192836 0.953939 0.71983
-0.306418 -0.257115 0.916515 0.717076
-0.383022 -0.321394 0.866025 0.701639
-0.459627 -0.385673 0.8 0.666208
-0.536231 -0.449951 0.714143 0.634658
-0.612836 -0.51423 0.6 0.659766
-0.68944 -0.578509 0.43589 0.640178
-0.766044 -0.642788 1.49012e-08 0.678407
-0 -0 1 0.712192
-0.0642788 -0.0766044 0.994987 0.718304
-0.128558 -0.153209 0.979796 0.723089
-0.192836 -0.229813 0.953939 0.718562
-0.257115 -0.306418 0.916515 0.712536
-0.321394 -0.383022 0.866025 0.697296
-0.385673 -0.459627 0.8 0.68091
-0.449951 -0.536231 0.714143 0.677533
-0.51423 -0.612836 0.6 0.665355
-0.578509 -0.68944 0.43589 0.640315
-0.642788 -0.766044 1.49012e-08 0.678407
-0 -0 1 0.712192
-0.05 -0.0866025 0.994987 0.717309
-0.1 -0.173205 0.979796 0.722374
-0.15 -0.259808 0.953939 0.716888
-0.2 -0.34641 0.916515 0.699316
-0.25 -0.433013 0.866025 0.692485
-0.3 -0.519615 0.8 0.701248
-0.35 -0.606218 0.714143 0.697325
-0.4 -0.69282 0.6 0.687242
-0.45 -0.779423 0.43589 0.663791
-0.5 -0.866025 1.49012e-08 0.678407
-0 -0 1 0.712192
-0.034202 -0.0939693 0.994987 0.717234
-0.068404 -0.187939 0.979796 0.720462
-0.102606 -0.281908 0.953939 0.711048
-0.136808 -0.375877 0.916515 0.682939
-0.17101 -0.469846 0.866025 0.69778
-0.205212 -0.563816 0.8 0.707944
-0.239414 -0.657785 0.714143 0.712716
-0.273616 -0.751754 0.6 0.699815
-0.307818 -0.845723 0.43589 0.688385
-0.34202 -0.939693 1.49012e-08 0.678407
-0 -0 1 0.712192
-0.0173648 -0.0984808 0.994987 0.716378
-0.0347296 -0.196962 0.979796 0.717658
-0.0520945 -0.295442 0.953939 0.702969
-0.0694593 -0.393923 0.916515 0.684558
-0.0868241 -0.492404 0.866025 0.707828
-0.104189 -0.590885 0.8 0.716921
-0.121554 -0.689365 0.714143 0.717147
-0.138919 -0.787846 0.6 0.702445
-0.156283 -0.886327 0.43589 0.704947
-0.173648 -0.984808 1.49012e-08 0.678407
-0 -0 1 0.712192
-1.83697e-17 -0.1 0.994987 0.715174
-3.67394e-17 -0.2 0.979796 0.713998
-5.51091e-17 -0.3 0.953939 0.694478
-7.34788e-17 -0.4 0.916515 0.688362
-9.18485e-17 -0.5 0.866025 0.713851
-1.10218e-16 -0.6 0.8 0.715604
-1.28588e-16 -0.7 0.714143 0.718804
-1.46958e-16 -0.8 0.6 0.696203
-1.65327e-16 -0.9 0.43589 0.714105
-1.83697e-16 -1 1.49012e-08 0.678407
0 -0 1 0.712192
0.0173648 -0.0984808 0.994987 0.71492
0.0347296 -0.196962 0.979796 0.710419
0.0520945 -0.295442 0.953939 0.682567
0.0694593 -0.393923 0.916515 0.69921
0.0868241 -0.492404 0.866025 0.718182
0.104189 -0.590885 0.8 0.711615
0.121554 -0.689365 0.714143 0.718296
0.138919 -0.787846 0.6 0.692212
0.156283 -0.886327 0.43589 0.717763
0.173648 -0.984808 1.49012e-08 0.678407
0 -0 1 0.712192
0.034202 -0.0939693 0.994987 0.714763
0.068404 -0.187939 0.979796 0.709535
0.102606 -0.281908 0.953939 0.686693
0.136808 -0.375877 0.916515 0.705108
0.17101 -0.469846 0.866025 0.720724
0.205212 -0.563816 0.8 0.72146
0.239414 -0.657785 0.714143 0.718527
0.273616 -0.751754 0.6 0.680948
0.307818 -0.845723 0.43589 0.719606
0.34202 -0.939693 1.49012e-08 0.678407
0 -0 1 0.712192
0.05 -0.0866025 0.994987 0.71414
0.1 -0.173205 0.979796 0.708616
0.15 -0.259808 0.953939 0.695351
0.2 -0.34641 0.916515 0.708923
0.25 -0.433013 0.866025 0.719882
0.3 -0.519615 0.8 0.725039
0.35 -0.606218 0.714143 0.71907
0.4 -0.69282 0.6 0.686964
0.45 -0.779423 0.43589 0.722605
0.5 -0.866025 1.49012e-08 0.678407
0 -0 1 0.712192
0.0642788 -0.0766044 0.994987 0.713076
0.128558 -0.153209 0.979796 0.706954
0.192836 -0.229813 0.953939 0.695322
0.257115 -0.306418 0.916515 0.705961
0.321394 -0.383022 0.866025 0.718792
0.385673 -0.459627 0.8 0.721441
0.449951 -0.536231 0.714143 0.717536
0.51423 -0.612836 0.6 0.693439
0.578509 -0.68944 0.43589 0.719547
0.642788 -0.766044 1.49012e-08 0.678407
0 -0 1 0.712192
0.0766044 -0.0642788 0.994987 0.7117
0.153209 -0.128558 0.979796 0.703848
0.229813 -0.192836 0.953939 0.688449
0.306418 -0.257115 0.916515 0.694262
0.383022 -0.321394 0.866025 0.710229
0.459627 -0.385673 0.8 0.704202
0.536231 -0.449951 0.714143 0.710045
0.612836 -0.51423 0.6 0.688607
0.68944 -0.578509 0.43589 0.714773
0.766044 -0.642788 1.49012e-08 0.678407
0 -0 1 0.712192
0.0866025 -0.05 0.994987 0.710099
0.173205 -0.1 0.979796 0.700956
0.259808 -0.15 0.953939 0.679577
0.34641 -0.2 0.916515 0.677754
0.433013 -0.25 0.866025 0.692927
0.519615 -0.3 0.8 0.695244
0.606218 -0.35 0.714143 0.695092
0.69282 -0.4 0.6 0.666766
0.779423 -0.45 0.43589 0.696531
0.866025 -0.5 1.49012e-08 0.678407
0 -0 1 0.712192
0.0939693 -0.034202 0.994987 0.708154
0.187939 -0.068404 0.979796 0.697376
0.281908 -0.102606 0.953939 0.681961
0.375877 -0.136808 0.916515 0.658674
0.469846 -0.17101 0.866025 0.664093
0.563816 -0.205212 0.8 0.693038
0.657785 -0.239414 0.714143 0.698298
0.751754 -0.273616 0.6 0.67274
0.845723 -0.307818 0.43589 0.689075
0.939693 -0.34202 1.49012e-08 0.678407
0 -0 1 0.712192
0.0984808 -0.0173648 0.994987 0.705906
0.196962 -0.0347296 0.979796 0.693454
0.295442 -0.0520945 0.953939 0.680408
0.393923 -0.0694593 0.916515 0.667282
0.492404 -0.0868241 0.866025 0.664631
0.590885 -0.104189 0.8 0.699732
0.689365 -0.121554 0.714143 0.718177
0.787846 -0.138919 0.6 0.714742
0.886327 -0.156283 0.43589 0.711906
0.984808 -0.173648 1.49012e-08 0.678407
0 -0 1 0.712192
0.1 -2.44929e-17 0.994987 0.703242
0.2 -4.89859e-17 0.979796 0.689587
0.3 -7.34788e-17 0.953939 0.677306
0.4 -9.79717e-17 0.916515 0.685768
0.5 -1.22465e-16 0.866025 0.693693
0.6 -1.46958e-16 0.8 0.702569
0.7 -1.71451e-16 0.714143 0.703661
0.8 -1.95943e-16 0.6 0.711888
0.9 -2.20436e-16 0.43589 0.705583
1 -2.44929e-16 1.49012e-08 0.678407
