0 0 1 0.707836
0.1 0 0.994987 0.71138
0.2 0 0.979796 0.711657
0.3 0 0.953939 0.712758
0.4 0 0.916515 0.698119
0.5 0 0.866025 0.681074
0.6 0 0.8 0.686269
0.7 0 0.714143 0.695091
0.8 0 0.6 0.671677
0.9 0 0.43589 0.669216
1 0 1.49012e-08 0.663092
0 0 1 0.707836
0.0984808 0.0173648 0.994987 0.709574
0.196962 0.0347296 0.979796 0.71039
0.295442 0.0520945 0.953939 0.711809
0.393923 0.0694593 0.916515 0.702617
0.492404 0.0868241 0.866025 0.682963
0.590885 0.104189 0.8 0.664783
0.689365 0.121554 0.714143 0.633934
0.787846 0.138919 0.6 0.635928
0.886327 0.156283 0.43589 0.669983
0.984808 0.173648 1.49012e-08 0.663092
0 0 1 0.707836
0.0939693 0.034202 0.994987 0.707046
0.187939 0.068404 0.979796 0.706193
0.281908 0.102606 0.953939 0.707143
0.375877 0.136808 0.916515 0.698718
0.469846 0.17101 0.866025 0.672277
0.563816 0.205212 0.8 0.626758
0.657785 0.239414 0.714143 0.54808
0.751754 0.273616 0.6 0.572165
0.845723 0.307818 0.43589 0.676293
0.939693 0.34202 1.49012e-08 0.663092
0 0 1 0.707836
0.0866025 0.05 0.994987 0.704087
0.173205 0.1 0.979796 0.698246
0.259808 0.15 0.953939 0.698118
0.34641 0.2 0.916515 0.687315
0.433013 0.25 0.866025 0.656841
0.519615 0.3 0.8 0.600794
0.606218 0.35 0.714143 0.528081
0.69282 0.4 0.6 0.624997
0.779423 0.45 0.43589 0.66832
0.866025 0.5 1.49012e-08 0.663092
0 0 1 0.707836
0.0766044 0.0642788 0.994987 0.7009
0.153209 0.128558 0.979796 0.686061
0.229813 0.192836 0.953939 0.684599
0.306418 0.257115 0.916515 0.673069
0.383022 0.321394 0.866025 0.660134
0.459627 0.385673 0.8 0.627556
0.536231 0.449951 0.714143 0.618587
0.612836 0.51423 0.6 0.670028
0.68944 0.578509 0.43589 0.6805
0.766044 0.642788 1.49012e-08 0.663092
0 0 1 0.707836
0.0642788 0.0766044 0.994987 0.697751
0.128558 0.153209 0.979796 0.669448
0.192836 0.229813 0.953939 0.668605
0.257115 0.306418 0.916515 0.670474
0.321394 0.383022 0.866025 0.675751
0.385673 0.459627 0.8 0.665555
0.449951 0.536231 0.714143 0.657393
0.51423 0.612836 0.6 0.680477
0.578509 0.68944 0.43589 0.681454
0.642788 0.766044 1.49012e-08 0.663092
0 0 1 0.707836
0.05 0.0866025 0.994987 0.694987
0.1 0.173205 0.979796 0.660462
0.15 0.259808 0.953939 0.655801
0.2 0.34641 0.916515 0.675685
0.25 0.433013 0.866025 0.692392
0.3 0.519615 0.8 0.68679
0.35 0.606218 0.714143 0.661006
0.4 0.69282 0.6 0.674674
0.45 0.779423 0.43589 0.674389
0.5 0.866025 1.49012e-08 0.663092
0 0 1 0.707836
0.034202 0.0939693 0.994987 0.692868
0.068404 0.187939 0.979796 0.661737
0.102606 0.281908 0.953939 0.656233
0.136808 0.375877 0.916515 0.683354
0.17101 0.469846 0.866025 0.702584
0.205212 0.563816 0.8 0.695857
0.239414 0.657785 0.714143 0.648259
0.273616 0.751754 0.6 0.670574
0.307818 0.845723 0.43589 0.667457
0.34202 0.939693 1.49012e-08 0.663092
0 0 1 0.707836
0.0173648 0.0984808 0.994987 0.691415
0.0347296 0.196962 0.979796 0.659883
0.0520945 0.295442 0.953939 0.655571
0.0694593 0.393923 0.916515 0.689127
0.0868241 0.492404 0.866025 0.706156
0.104189 0.590885 0.8 0.700489
0.121554 0.689365 0.714143 0.668048
0.138919 0.787846 0.6 0.657135
0.156283 0.886327 0.43589 0.649558
0.173648 0.984808 1.49012e-08 0.663092
0 0 1 0.707836
6.12323e-18 0.1 0.994987 0.690506
1.22465e-17 0.2 0.979796 0.658826
1.83697e-17 0.3 0.953939 0.66827
2.44929e-17 0.4 0.916515 0.696286
3.06162e-17 0.5 0.866025 0.704405
3.67394e-17 0.6 0.8 0.701651
4.28626e-17 0.7 0.714143 0.677698
4.89859e-17 0.8 0.6 0.629931
5.51091e-17 0.9 0.43589 0.622688
6.12323e-17 1 1.49012e-08 0.663092
-0 0 1 0.707836
-0.0173648 0.0984808 0.994987 0.690028
-0.0347296 0.196962 0.979796 0.662104
-0.0520945 0.295442 0.953939 0.678785
-0.0694593 0.393923 0.916515 0.701042
-0.0868241 0.492404 0.866025 0.704218
-0.104189 0.590885 0.8 0.700504
-0.121554 0.689365 0.714143 0.672807
-0.138919 0.787846 0.6 0.592288
-0.156283 0.886327 0.43589 0.596707
-0.173648 0.984808 1.49012e-08 0.663092
-0 0 1 0.707836
-0.034202 0.0939693 0.994987 0.689911
-0.068404 0.187939 0.979796 0.668387
-0.102606 0.281908 0.953939 0.682075
-0.136808 0.375877 0.916515 0.701168
-0.17101 0.469846 0.866025 0.703179
-0.205212 0.563816 0.8 0.692779
-0.239414 0.657785 0.714143 0.663425
-0.273616 0.751754 0.6 0.561269
-0.307818 0.845723 0.43589 0.583938
-0.34202 0.939693 1.49012e-08 0.663092
-0 0 1 0.707836
-0.05 0.0866025 0.994987 0.690035
-0.1 0.173205 0.979796 0.66949
-0.15 0.259808 0.953939 0.679878
-0.2 0.34641 0.916515 0.695051
-0.25 0.433013 0.866025 0.693433
-0.3 0.519615 0.8 0.671957
-0.35 0.606218 0.714143 0.654953
-0.4 0.69282 0.6 0.571706
-0.45 0.779423 0.43589 0.588236
-0.5 0.866025 1.49012e-08 0.663092
-0 0 1 0.707836
-0.0642788 0.0766044 0.994987 0.690522
-0.128558 0.153209 0.979796 0.669418
-0.192836 0.229813 0.953939 0.67366
-0.257115 0.306418 0.916515 0.681685
-0.321394 0.383022 0.866025 0.677798
-0.385673 0.459627 0.8 0.643732
-0.449951 0.536231 0.714143 0.657726
-0.51423 0.612836 0.6 0.621848
-0.578509 0.68944 0.43589 0.612697
-0.642788 0.766044 1.49012e-08 0.663092
-0 0 1 0.707836
-0.0766044 0.0642788 0.994987 0.691376
-0.153209 0.128558 0.979796 0.669736
-0.229813 0.192836 0.953939 0.662139
-0.306418 0.257115 0.916515 0.660844
-0.383022 0.321394 0.866025 0.659147
-0.459627 0.385673 0.8 0.653473
-0.536231 0.449951 0.714143 0.672083
-0.612836 0.51423 0.6 0.667113
-0.68944 0.578509 0.43589 0.644659
-0.766044 0.642788 1.49012e-08 0.663092
-0 0 1 0.707836
-0.0866025 0.05 0.994987 0.692357
-0.173205 0.1 0.979796 0.667911
-0.259808 0.15 0.953939 0.646332
-0.34641 0.2 0.916515 0.627605
-0.433013 0.25 0.866025 0.633474
-0.519615 0.3 0.8 0.660679
-0.606218 0.35 0.714143 0.684185
-0.69282 0.4 0.6 0.679691
-0.779423 0.45 0.43589 0.672659
-0.866025 0.5 1.49012e-08 0.663092
-0 0 1 0.707836
-0.0939693 0.034202 0.994987 0.69348
-0.187939 0.068404 0.979796 0.665915
-0.281908 0.102606 0.953939 0.628804
-0.375877 0.136808 0.916515 0.573979
-0.469846 0.17101 0.866025 0.580713
-0.563816 0.205212 0.8 0.639391
-0.657785 0.239414 0.714143 0.673079
-0.751754 0.273616 0.6 0.663326
-0.845723 0.307818 0.43589 0.668642
-0.939693 0.34202 1.49012e-08 0.663092
-0 0 1 0.707836
-0.0984808 0.0173648 0.994987 0.694753
-0.196962 0.0347296 0.979796 0.665882
-0.295442 0.0520945 0.953939 0.618464
-0.393923 0.0694593 0.916515 0.549443
-0.492404 0.0868241 0.866025 0.534397
-0.590885 0.104189 0.8 0.610501
-0.689365 0.121554 0.714143 0.660546
-0.787846 0.138919 0.6 0.662822
-0.886327 0.156283 0.43589 0.611709
-0.984808 0.173648 1.49012e-08 0.663092
-0 0 1 0.707836
-0.1 1.22465e-17 0.994987 0.69613
-0.2 2.44929e-17 0.979796 0.66894
-0.3 3.67394e-17 0.953939 0.62377
-0.4 4.89859e-17 0.916515 0.558373
-0.5 6.12323e-17 0.866025 0.517203
-0.6 7.34788e-17 0.8 0.58294
-0.7 8.57253e-17 0.714143 0.657204
-0.8 9.79717e-17 0.6 0.675579
-0.9 1.10218e-16 0.43589 0.677939
-1 1.22465e-16 1.49012e-08 0.663092
-0 -0 1 0.707836
-0.0984808 -0.0173648 0.994987 0.697534
-0.196962 -0.0347296 0.979796 0.674025
-0.295442 -0.0520945 0.953939 0.638797
-0.393923 -0.0694593 0.916515 0.589909
-0.492404 -0.0868241 0.866025 0.544652
-0.590885 -0.104189 0.8 0.612231
-0.689365 -0.121554 0.714143 0.664386
-0.787846 -0.138919 0.6 0.660692
-0.886327 -0.156283 0.43589 0.671463
-0.984808 -0.173648 1.49012e-08 0.663092
-0 -0 1 0.707836
-0.0939693 -0.034202 0.994987 0.698856
-0.187939 -0.068404 0.979796 0.678851
-0.281908 -0.102606 0.953939 0.6542
-0.375877 -0.136808 0.916515 0.625508
-0.469846 -0.17101 0.866025 0.617873
-0.563816 -0.205212 0.8 0.648655
-0.657785 -0.239414 0.714143 0.685293
-0.751754 -0.273616 0.6 0.698054
-0.845723 -0.307818 0.43589 0.690784
-0.939693 -0.34202 1.49012e-08 0.663092
-0 -0 1 0.707836
-0.0866025 -0.05 0.994987 0.700013
-0.173205 -0.1 0.979796 0.681759
-0.259808 -0.15 0.953939 0.666897
-0.34641 -0.2 0.916515 0.65667
-0.433013 -0.25 0.866025 0.657776
-0.519615 -0.3 0.8 0.657676
-0.606218 -0.35 0.714143 0.667544
-0.69282 -0.4 0.6 0.685004
-0.779423 -0.45 0.43589 0.670432
-0.866025 -0.5 1.49012e-08 0.663092
-0 -0 1 0.707836
-0.0766044 -0.0642788 0.994987 0.701007
-0.153209 -0.128558 0.979796 0.683659
-0.229813 -0.192836 0.953939 0.675944
-0.306418 -0.257115 0.916515 0.682216
-0.383022 -0.321394 0.866025 0.685065
-0.459627 -0.385673 0.8 0.668475
-0.536231 -0.449951 0.714143 0.639779
-0.612836 -0.51423 0.6 0.66037
-0.68944 -0.578509 0.43589 0.625311
-0.766044 -0.642788 1.49012e-08 0.663092
-0 -0 1 0.707836
-0.0642788 -0.0766044 0.994987 0.702008
-0.128558 -0.153209 0.979796 0.682902
-0.192836 -0.229813 0.953939 0.679904
-0.257115 -0.306418 0.916515 0.695149
-0.321394 -0.383022 0.866025 0.701763
-0.385673 -0.459627 0.8 0.687389
-0.449951 -0.536231 0.714143 0.661285
-0.51423 -0.612836 0.6 0.663671
-0.578509 -0.68944 0.43589 0.596938
-0.642788 -0.766044 1.49012e-08 0.663092
-0 -0 1 0.707836
-0.05 -0.0866025 0.994987 0.703052
-0.1 -0.173205 0.979796 0.683428
-0.15 -0.259808 0.953939 0.679004
-0.2 -0.34641 0.916515 0.698721
-0.25 -0.433013 0.866025 0.70956
-0.3 -0.519615 0.8 0.704317
-0.35 -0.606218 0.714143 0.696425
-0.4 -0.69282 0.6 0.683736
-0.45 -0.779423 0.43589 0.612077
-0.5 -0.866025 1.49012e-08 0.663092
-0 -0 1 0.707836
-0.034202 -0.0939693 0.994987 0.704115
-0.068404 -0.187939 0.979796 0.681701
-0.102606 -0.281908 0.953939 0.673843
-0.136808 -0.375877 0.916515 0.696335
-0.17101 -0.469846 0.866025 0.710219
-0.205212 -0.563816 0.8 0.708835
-0.239414 -0.657785 0.714143 0.707623
-0.273616 -0.751754 0.6 0.690413
-0.307818 -0.845723 0.43589 0.633597
-0.34202 -0.939693 1.49012e-08 0.663092
-0 -0 1 0.707836
-0.0173648 -0.0984808 0.994987 0.705226
-0.0347296 -0.196962 0.979796 0.679249
-0.0520945 -0.295442 0.953939 0.67437
-0.0694593 -0.393923 0.916515 0.693523
-0.0868241 -0.492404 0.866025 0.707665
-0.104189 -0.590885 0.8 0.708896
-0.121554 -0.689365 0.714143 0.702234
-0.138919 -0.787846 0.6 0.683112
-0.156283 -0.886327 0.43589 0.65321
-0.173648 -0.984808 1.49012e-08 0.663092
-0 -0 1 0.707836
-1.83697e-17 -0.1 0.994987 0.706509
-3.67394e-17 -0.2 0.979796 0.685504
-5.51091e-17 -0.3 0.953939 0.678944
-7.34788e-17 -0.4 0.916515 0.685188
-9.18485e-17 -0.5 0.866025 0.697069
-1.10218e-16 -0.6 0.8 0.701288
-1.28588e-16 -0.7 0.714143 0.687334
-1.46958e-16 -0.8 0.6 0.676092
-1.65327e-16 -0.9 0.43589 0.671339
-1.83697e-16 -1 1.49012e-08 0.663092
0 -0 1 0.707836
0.0173648 -0.0984808 0.994987 0.708218
0.0347296 -0.196962 0.979796 0.694469
0.0520945 -0.295442 0.953939 0.679605
0.0694593 -0.393923 0.916515 0.671665
0.0868241 -0.492404 0.866025 0.677632
0.104189 -0.590885 0.8 0.682231
0.121554 -0.689365 0.714143 0.679369
0.138919 -0.787846 0.6 0.672056
0.156283 -0.886327 0.43589 0.686358
0.173648 -0.984808 1.49012e-08 0.663092
0 -0 1 0.707836
0.034202 -0.0939693 0.994987 0.71007
0.068404 -0.187939 0.979796 0.701239
0.102606 -0.281908 0.953939 0.683423
0.136808 -0.375877 0.916515 0.654079
0.17101 -0.469846 0.866025 0.648229
0.205212 -0.563816 0.8 0.650574
0.239414 -0.657785 0.714143 0.675195
0.273616 -0.751754 0.6 0.693826
0.307818 -0.845723 0.43589 0.696759
0.34202 -0.939693 1.49012e-08 0.663092
0 -0 1 0.707836
0.05 -0.0866025 0.994987 0.711616
0.1 -0.173205 0.979796 0.705973
0.15 -0.259808 0.953939 0.68959
0.2 -0.34641 0.916515 0.655491
0.25 -0.433013 0.866025 0.609996
0.3 -0.519615 0.8 0.616976
0.35 -0.606218 0.714143 0.67179
0.4 -0.69282 0.6 0.70519
0.45 -0.779423 0.43589 0.702683
0.5 -0.866025 1.49012e-08 0.663092
0 -0 1 0.707836
0.0642788 -0.0766044 0.994987 0.71264
0.128558 -0.153209 0.979796 0.709107
0.192836 -0.229813 0.953939 0.694228
0.257115 -0.306418 0.916515 0.664639
0.321394 -0.383022 0.866025 0.608016
0.385673 -0.459627 0.8 0.592582
0.449951 -0.536231 0.714143 0.663699
0.51423 -0.612836 0.6 0.705044
0.578509 -0.68944 0.43589 0.704511
0.642788 -0.766044 1.49012e-08 0.663092
0 -0 1 0.707836
0.0766044 -0.0642788 0.994987 0.713103
0.153209 -0.128558 0.979796 0.71082
0.229813 -0.192836 0.953939 0.699455
0.306418 -0.257115 0.916515 0.675361
0.383022 -0.321394 0.866025 0.638288
0.459627 -0.385673 0.8 0.634318
0.536231 -0.449951 0.714143 0.652339
0.612836 -0.51423 0.6 0.693817
0.68944 -0.578509 0.43589 0.706897
0.766044 -0.642788 1.49012e-08 0.663092
0 -0 1 0.707836
0.0866025 -0.05 0.994987 0.713199
0.173205 -0.1 0.979796 0.711209
0.259808 -0.15 0.953939 0.705128
0.34641 -0.2 0.916515 0.685826
0.433013 -0.25 0.866025 0.660255
0.519615 -0.3 0.8 0.675806
0.606218 -0.35 0.714143 0.68805
0.69282 -0.4 0.6 0.677069
0.779423 -0.45 0.43589 0.701066
0.866025 -0.5 1.49012e-08 0.663092
0 -0 1 0.707836
0.0939693 -0.034202 0.994987 0.713055
0.187939 -0.068404 0.979796 0.712399
0.281908 -0.102606 0.953939 0.709461
0.375877 -0.136808 0.916515 0.691995
0.469846 -0.17101 0.866025 0.678844
0.563816 -0.205212 0.8 0.696763
0.657785 -0.239414 0.714143 0.7071
0.751754 -0.273616 0.6 0.706594
0.845723 -0.307818 0.43589 0.677745
0.939693 -0.34202 1.49012e-08 0.663092
0 -0 1 0.707836
0.0984808 -0.0173648 0.994987 0.712514
0.196962 -0.0347296 0.979796 0.712535
0.295442 -0.0520945 0.953939 0.711658
0.393923 -0.0694593 0.916515 0.692759
0.492404 -0.0868241 0.866025 0.675262
0.590885 -0.104189 0.8 0.693132
0.689365 -0.121554 0.714143 0.711608
0.787846 -0.138919 0.6 0.701421
0.886327 -0.156283 0.43589 0.684315
0.984808 -0.173648 1.49012e-08 0.663092
0 -0 1 0.707836
0.1 -2.44929e-17 0.994987 0.71138
0.2 -4.89859e-17 0.979796 0.711657
0.3 -7.34788e-17 0.953939 0.712758
0.4 -9.79717e-17 0.916515 0.698119
0.5 -1.22465e-16 0.866025 0.681074
0.6 -1.46958e-16 0.8 0.686269
0.7 -1.71451e-16 0.714143 0.695091
0.8 -1.95943e-16 0.6 0.671677
0.9 -2.20436e-16 0.43589 0.669216
1 -2.44929e-16 1.49012e-08 0.663092
