0 0 1 0.650957
0.1 0 0.994987 0.585738
0.2 0 0.979796 0.604611
0.3 0 0.953939 0.658202
0.4 0 0.916515 0.695277
0.5 0 0.866025 0.712786
0.6 0 0.8 0.715768
0.7 0 0.714143 0.709664
0.8 0 0.6 0.705936
0.9 0 0.43589 0.709787
1 0 1.49012e-08 0.630274
0 0 1 0.650957
0.0984808 0.0173648 0.994987 0.594726
0.196962 0.0347296 0.979796 0.60986
0.295442 0.0520945 0.953939 0.647941
0.393923 0.0694593 0.916515 0.676042
0.492404 0.0868241 0.866025 0.699839
0.590885 0.104189 0.8 0.714486
0.689365 0.121554 0.714143 0.713737
0.787846 0.138919 0.6 0.714756
0.886327 0.156283 0.43589 0.708536
0.984808 0.173648 1.49012e-08 0.630274
0 0 1 0.650957
0.0939693 0.034202 0.994987 0.605505
0.187939 0.068404 0.979796 0.619213
0.281908 0.102606 0.953939 0.636763
0.375877 0.136808 0.916515 0.644334
0.469846 0.17101 0.866025 0.665605
0.563816 0.205212 0.8 0.690031
0.657785 0.239414 0.714143 0.697729
0.751754 0.273616 0.6 0.685709
0.845723 0.307818 0.43589 0.673612
0.939693 0.34202 1.49012e-08 0.630274
0 0 1 0.650957
0.0866025 0.05 0.994987 0.617179
0.173205 0.1 0.979796 0.631842
0.259808 0.15 0.953939 0.636492
0.34641 0.2 0.916515 0.619846
0.433013 0.25 0.866025 0.611202
0.519615 0.3 0.8 0.646618
0.606218 0.35 0.714143 0.640729
0.69282 0.4 0.6 0.587608
0.779423 0.45 0.43589 0.636234
0.866025 0.5 1.49012e-08 0.630274
0 0 1 0.650957
0.0766044 0.0642788 0.994987 0.630028
0.153209 0.128558 0.979796 0.646642
0.229813 0.192836 0.953939 0.650859
0.306418 0.257115 0.916515 0.6305
0.383022 0.321394 0.866025 0.618517
0.459627 0.385673 0.8 0.643226
0.536231 0.449951 0.714143 0.636353
0.612836 0.51423 0.6 0.641408
0.68944 0.578509 0.43589 0.69708
0.766044 0.642788 1.49012e-08 0.630274
0 0 1 0.650957
0.0642788 0.0766044 0.994987 0.642533
0.128558 0.153209 0.979796 0.661441
0.192836 0.229813 0.953939 0.669967
0.257115 0.306418 0.916515 0.666522
0.321394 0.383022 0.866025 0.669049
0.385673 0.459627 0.8 0.679711
0.449951 0.536231 0.714143 0.687046
0.51423 0.612836 0.6 0.695378
0.578509 0.68944 0.43589 0.706098
0.642788 0.766044 1.49012e-08 0.630274
0 0 1 0.650957
0.05 0.0866025 0.994987 0.653593
0.1 0.173205 0.979796 0.674491
0.15 0.259808 0.953939 0.686319
0.2 0.34641 0.916515 0.691793
0.25 0.433013 0.866025 0.697327
0.3 0.519615 0.8 0.703434
0.35 0.606218 0.714143 0.703869
0.4 0.69282 0.6 0.706584
0.45 0.779423 0.43589 0.699909
0.5 0.866025 1.49012e-08 0.630274
0 0 1 0.650957
0.034202 0.0939693 0.994987 0.662941
0.068404 0.187939 0.979796 0.684785
0.102606 0.281908 0.953939 0.697303
0.136808 0.375877 0.916515 0.702809
0.17101 0.469846 0.866025 0.704933
0.205212 0.563816 0.8 0.705506
0.239414 0.657785 0.714143 0.705763
0.273616 0.751754 0.6 0.690962
0.307818 0.845723 0.43589 0.706576
0.34202 0.939693 1.49012e-08 0.630274
0 0 1 0.650957
0.0173648 0.0984808 0.994987 0.670574
0.0347296 0.196962 0.979796 0.691974
0.0520945 0.295442 0.953939 0.702677
0.0694593 0.393923 0.916515 0.703177
0.0868241 0.492404 0.866025 0.705356
0.104189 0.590885 0.8 0.698256
0.121554 0.689365 0.714143 0.68826
0.138919 0.787846 0.6 0.688033
0.156283 0.886327 0.43589 0.705831
0.173648 0.984808 1.49012e-08 0.630274
0 0 1 0.650957
6.12323e-18 0.1 0.994987 0.676608
1.22465e-17 0.2 0.979796 0.695869
1.83697e-17 0.3 0.953939 0.704245
2.44929e-17 0.4 0.916515 0.705224
3.06162e-17 0.5 0.866025 0.702013
3.67394e-17 0.6 0.8 0.685491
4.28626e-17 0.7 0.714143 0.680128
4.89859e-17 0.8 0.6 0.705025
5.51091e-17 0.9 0.43589 0.70351
6.12323e-17 1 1.49012e-08 0.630274
-0 0 1 0.650957
-0.0173648 0.0984808 0.994987 0.681327
-0.0347296 0.196962 0.979796 0.697261
-0.0520945 0.295442 0.953939 0.702015
-0.0694593 0.393923 0.916515 0.697764
-0.0868241 0.492404 0.866025 0.693161
-0.104189 0.590885 0.8 0.695243
-0.121554 0.689365 0.714143 0.699463
-0.138919 0.787846 0.6 0.705674
-0.156283 0.886327 0.43589 0.695832
-0.173648 0.984808 1.49012e-08 0.630274
-0 0 1 0.650957
-0.034202 0.0939693 0.994987 0.684991
-0.068404 0.187939 0.979796 0.698184
-0.102606 0.281908 0.953939 0.698053
-0.136808 0.375877 0.916515 0.678983
-0.17101 0.469846 0.866025 0.684751
-0.205212 0.563816 0.8 0.699656
-0.239414 0.657785 0.714143 0.70297
-0.273616 0.751754 0.6 0.698877
-0.307818 0.845723 0.43589 0.680622
-0.34202 0.939693 1.49012e-08 0.630274
-0 0 1 0.650957
-0.05 0.0866025 0.994987 0.687706
-0.1 0.173205 0.979796 0.698975
-0.15 0.259808 0.953939 0.693221
-0.2 0.34641 0.916515 0.672327
-0.25 0.433013 0.866025 0.691089
-0.3 0.519615 0.8 0.699409
-0.35 0.606218 0.714143 0.698103
-0.4 0.69282 0.6 0.683027
-0.45 0.779423 0.43589 0.652399
-0.5 0.866025 1.49012e-08 0.630274
-0 0 1 0.650957
-0.0642788 0.0766044 0.994987 0.689641
-0.128558 0.153209 0.979796 0.69983
-0.192836 0.229813 0.953939 0.685735
-0.257115 0.306418 0.916515 0.68625
-0.321394 0.383022 0.866025 0.694991
-0.385673 0.459627 0.8 0.691236
-0.449951 0.536231 0.714143 0.681705
-0.51423 0.612836 0.6 0.65084
-0.578509 0.68944 0.43589 0.609928
-0.642788 0.766044 1.49012e-08 0.630274
-0 0 1 0.650957
-0.0766044 0.0642788 0.994987 0.690954
-0.153209 0.128558 0.979796 0.701481
-0.229813 0.192836 0.953939 0.683928
-0.306418 0.257115 0.916515 0.693902
-0.383022 0.321394 0.866025 0.700204
-0.459627 0.385673 0.8 0.684859
-0.536231 0.449951 0.714143 0.653204
-0.612836 0.51423 0.6 0.593194
-0.68944 0.578509 0.43589 0.603447
-0.766044 0.642788 1.49012e-08 0.630274
-0 0 1 0.650957
-0.0866025 0.05 0.994987 0.691815
-0.173205 0.1 0.979796 0.703188
-0.259808 0.15 0.953939 0.693352
-0.34641 0.2 0.916515 0.703618
-0.433013 0.25 0.866025 0.703044
-0.519615 0.3 0.8 0.676487
-0.606218 0.35 0.714143 0.600002
-0.69282 0.4 0.6 0.616824
-0.779423 0.45 0.43589 0.650032
-0.866025 0.5 1.49012e-08 0.630274
-0 0 1 0.650957
-0.0939693 0.034202 0.994987 0.692298
-0.187939 0.068404 0.979796 0.705232
-0.281908 0.102606 0.953939 0.699887
-0.375877 0.136808 0.916515 0.709321
-0.469846 0.17101 0.866025 0.705213
-0.563816 0.205212 0.8 0.676549
-0.657785 0.239414 0.714143 0.62745
-0.751754 0.273616 0.6 0.655285
-0.845723 0.307818 0.43589 0.700798
-0.939693 0.34202 1.49012e-08 0.630274
-0 0 1 0.650957
-0.0984808 0.0173648 0.994987 0.69219
-0.196962 0.0347296 0.979796 0.706958
-0.295442 0.0520945 0.953939 0.704677
-0.393923 0.0694593 0.916515 0.708375
-0.492404 0.0868241 0.866025 0.707082
-0.590885 0.104189 0.8 0.673632
-0.689365 0.121554 0.714143 0.627585
-0.787846 0.138919 0.6 0.683333
-0.886327 0.156283 0.43589 0.716191
-0.984808 0.173648 1.49012e-08 0.630274
-0 0 1 0.650957
-0.1 1.22465e-17 0.994987 0.69117
-0.2 2.44929e-17 0.979796 0.707445
-0.3 3.67394e-17 0.953939 0.705681
-0.4 4.89859e-17 0.916515 0.704421
-0.5 6.12323e-17 0.866025 0.707003
-0.6 7.34788e-17 0.8 0.672203
-0.7 8.57253e-17 0.714143 0.618473
-0.8 9.79717e-17 0.6 0.681293
-0.9 1.10218e-16 0.43589 0.710616
-1 1.22465e-16 1.49012e-08 0.630274
-0 -0 1 0.650957
-0.0984808 -0.0173648 0.994987 0.689047
-0.196962 -0.0347296 0.979796 0.705954
-0.295442 -0.0520945 0.953939 0.706682
-0.393923 -0.0694593 0.916515 0.697005
-0.492404 -0.0868241 0.866025 0.705988
-0.590885 -0.104189 0.8 0.677047
-0.689365 -0.121554 0.714143 0.627283
-0.787846 -0.138919 0.6 0.68146
-0.886327 -0.156283 0.43589 0.705117
-0.984808 -0.173648 1.49012e-08 0.630274
-0 -0 1 0.650957
-0.0939693 -0.034202 0.994987 0.685694
-0.187939 -0.068404 0.979796 0.703713
-0.281908 -0.102606 0.953939 0.707943
-0.375877 -0.136808 0.916515 0.698299
-0.469846 -0.17101 0.866025 0.70321
-0.563816 -0.205212 0.8 0.687774
-0.657785 -0.239414 0.714143 0.650435
-0.751754 -0.273616 0.6 0.648911
-0.845723 -0.307818 0.43589 0.621694
-0.939693 -0.34202 1.49012e-08 0.630274
-0 -0 1 0.650957
-0.0866025 -0.05 0.994987 0.681001
-0.173205 -0.1 0.979796 0.699248
-0.259808 -0.15 0.953939 0.705929
-0.34641 -0.2 0.916515 0.703931
-0.433013 -0.25 0.866025 0.698179
-0.519615 -0.3 0.8 0.685664
-0.606218 -0.35 0.714143 0.659037
-0.69282 -0.4 0.6 0.601086
-0.779423 -0.45 0.43589 0.424451
-0.866025 -0.5 1.49012e-08 0.630274
-0 -0 1 0.650957
-0.0766044 -0.0642788 0.994987 0.674897
-0.153209 -0.128558 0.979796 0.691476
-0.229813 -0.192836 0.953939 0.698377
-0.306418 -0.257115 0.916515 0.697168
-0.383022 -0.321394 0.866025 0.689817
-0.459627 -0.385673 0.8 0.673552
-0.536231 -0.449951 0.714143 0.641292
-0.612836 -0.51423 0.6 0.538032
-0.68944 -0.578509 0.43589 0.45023
-0.766044 -0.642788 1.49012e-08 0.630274
-0 -0 1 0.650957
-0.0642788 -0.0766044 0.994987 0.667387
-0.128558 -0.153209 0.979796 0.680171
-0.192836 -0.229813 0.953939 0.683778
-0.257115 -0.306418 0.916515 0.676664
-0.321394 -0.383022 0.866025 0.662992
-0.385673 -0.459627 0.8 0.651033
-0.449951 -0.536231 0.714143 0.62299
-0.51423 -0.612836 0.6 0.562015
-0.578509 -0.68944 0.43589 0.579502
-0.642788 -0.766044 1.49012e-08 0.630274
-0 -0 1 0.650957
-0.05 -0.0866025 0.994987 0.658579
-0.1 -0.173205 0.979796 0.665859
-0.15 -0.259808 0.953939 0.663505
-0.2 -0.34641 0.916515 0.648626
-0.25 -0.433013 0.866025 0.621978
-0.3 -0.519615 0.8 0.632055
-0.35 -0.606218 0.714143 0.640075
-0.4 -0.69282 0.6 0.615889
-0.45 -0.779423 0.43589 0.635383
-0.5 -0.866025 1.49012e-08 0.630274
-0 -0 1 0.650957
-0.034202 -0.0939693 0.994987 0.648731
-0.068404 -0.187939 0.979796 0.649609
-0.102606 -0.281908 0.953939 0.643406
-0.136808 -0.375877 0.916515 0.635106
-0.17101 -0.469846 0.866025 0.635106
-0.205212 -0.563816 0.8 0.657151
-0.239414 -0.657785 0.714143 0.66775
-0.273616 -0.751754 0.6 0.64484
-0.307818 -0.845723 0.43589 0.660664
-0.34202 -0.939693 1.49012e-08 0.630274
-0 -0 1 0.650957
-0.0173648 -0.0984808 0.994987 0.638277
-0.0347296 -0.196962 0.979796 0.633174
-0.0520945 -0.295442 0.953939 0.630279
-0.0694593 -0.393923 0.916515 0.649286
-0.0868241 -0.492404 0.866025 0.670966
-0.104189 -0.590885 0.8 0.687222
-0.121554 -0.689365 0.714143 0.685032
-0.138919 -0.787846 0.6 0.655564
-0.156283 -0.886327 0.43589 0.672918
-0.173648 -0.984808 1.49012e-08 0.630274
-0 -0 1 0.650957
-1.83697e-17 -0.1 0.994987 0.627595
-3.67394e-17 -0.2 0.979796 0.619163
-5.51091e-17 -0.3 0.953939 0.637113
-7.34788e-17 -0.4 0.916515 0.670562
-9.18485e-17 -0.5 0.866025 0.694573
-1.10218e-16 -0.6 0.8 0.701471
-1.28588e-16 -0.7 0.714143 0.694941
-1.46958e-16 -0.8 0.6 0.646714
-1.65327e-16 -0.9 0.43589 0.677405
-1.83697e-16 -1 1.49012e-08 0.630274
0 -0 1 0.650957
0.0173648 -0.0984808 0.994987 0.616932
0.0347296 -0.196962 0.979796 0.605159
0.0520945 -0.295442 0.953939 0.642319
0.0694593 -0.393923 0.916515 0.684411
0.0868241 -0.492404 0.866025 0.70568
0.104189 -0.590885 0.8 0.7044
0.121554 -0.689365 0.714143 0.700437
0.138919 -0.787846 0.6 0.648428
0.156283 -0.886327 0.43589 0.676154
0.173648 -0.984808 1.49012e-08 0.630274
0 -0 1 0.650957
0.034202 -0.0939693 0.994987 0.606712
0.068404 -0.187939 0.979796 0.590807
0.102606 -0.281908 0.953939 0.642685
0.136808 -0.375877 0.916515 0.691834
0.17101 -0.469846 0.866025 0.709777
0.205212 -0.563816 0.8 0.708096
0.239414 -0.657785 0.714143 0.704238
0.273616 -0.751754 0.6 0.65693
0.307818 -0.845723 0.43589 0.676175
0.34202 -0.939693 1.49012e-08 0.630274
0 -0 1 0.650957
0.05 -0.0866025 0.994987 0.597454
0.1 -0.173205 0.979796 0.584166
0.15 -0.259808 0.953939 0.649554
0.2 -0.34641 0.916515 0.695621
0.25 -0.433013 0.866025 0.707855
0.3 -0.519615 0.8 0.707556
0.35 -0.606218 0.714143 0.704525
0.4 -0.69282 0.6 0.663231
0.45 -0.779423 0.43589 0.68269
0.5 -0.866025 1.49012e-08 0.630274
0 -0 1 0.650957
0.0642788 -0.0766044 0.994987 0.589886
0.128558 -0.153209 0.979796 0.590912
0.192836 -0.229813 0.953939 0.659125
0.257115 -0.306418 0.916515 0.697859
0.321394 -0.383022 0.866025 0.702979
0.385673 -0.459627 0.8 0.703318
0.449951 -0.536231 0.714143 0.701285
0.51423 -0.612836 0.6 0.64836
0.578509 -0.68944 0.43589 0.676904
0.642788 -0.766044 1.49012e-08 0.630274
0 -0 1 0.650957
0.0766044 -0.0642788 0.994987 0.58486
0.153209 -0.128558 0.979796 0.598337
0.229813 -0.192836 0.953939 0.666202
0.306418 -0.257115 0.916515 0.701019
0.383022 -0.321394 0.866025 0.70579
0.459627 -0.385673 0.8 0.700067
0.536231 -0.449951 0.714143 0.702594
0.612836 -0.51423 0.6 0.649687
0.68944 -0.578509 0.43589 0.660049
0.766044 -0.642788 1.49012e-08 0.630274
0 -0 1 0.650957
0.0866025 -0.05 0.994987 0.581919
0.173205 -0.1 0.979796 0.60286
0.259808 -0.15 0.953939 0.670095
0.34641 -0.2 0.916515 0.704644
0.433013 -0.25 0.866025 0.710115
0.519615 -0.3 0.8 0.700435
0.606218 -0.35 0.714143 0.713896
0.69282 -0.4 0.6 0.68028
0.779423 -0.45 0.43589 0.633998
0.866025 -0.5 1.49012e-08 0.630274
0 -0 1 0.650957
0.0939693 -0.034202 0.994987 0.580731
0.187939 -0.068404 0.979796 0.605136
0.281908 -0.102606 0.953939 0.670066
0.375877 -0.136808 0.916515 0.706304
0.469846 -0.17101 0.866025 0.71621
0.563816 -0.205212 0.8 0.713624
0.657785 -0.239414 0.714143 0.71731
0.751754 -0.273616 0.6 0.705598
0.845723 -0.307818 0.43589 0.614473
0.939693 -0.34202 1.49012e-08 0.630274
0 -0 1 0.650957
0.0984808 -0.0173648 0.994987 0.581147
0.196962 -0.0347296 0.979796 0.603816
0.295442 -0.0520945 0.953939 0.665325
0.393923 -0.0694593 0.916515 0.703357
0.492404 -0.0868241 0.866025 0.715432
0.590885 -0.104189 0.8 0.707496
0.689365 -0.121554 0.714143 0.705019
0.787846 -0.138919 0.6 0.719678
0.886327 -0.156283 0.43589 0.679499
0.984808 -0.173648 1.49012e-08 0.630274
0 -0 1 0.650957
0.1 -2.44929e-17 0.994987 0.585738
0.2 -4.89859e-17 0.979796 0.604611
0.3 -7.34788e-17 0.953939 0.658202
0.4 -9.79717e-17 0.916515 0.695277
0.5 -1.22465e-16 0.866025 0.712786
0.6 -1.46958e-16 0.8 0.715768
0.7 -1.71451e-16 0.714143 0.709664
0.8 -1.95943e-16 0.6 0.705936
0.9 -2.20436e-16 0.43589 0.709787
1 -2.44929e-16 1.49012e-08 0.630274
