0 0 1 0.687592
0.1 0 0.994987 0.678092
0.2 0 0.979796 0.67898
0.3 0 0.953939 0.68636
0.4 0 0.916515 0.684662
0.5 0 0.866025 0.674109
0.6 0 0.8 0.654942
0.7 0 0.714143 0.589539
0.8 0 0.6 0.53061
0.9 0 0.43589 0.548086
1 0 1.49012e-08 0.721252
0 0 1 0.687592
0.0984808 0.0173648 0.994987 0.686237
0.196962 0.0347296 0.979796 0.693588
0.295442 0.0520945 0.953939 0.703871
0.393923 0.0694593 0.916515 0.706922
0.492404 0.0868241 0.866025 0.70091
0.590885 0.104189 0.8 0.68019
0.689365 0.121554 0.714143 0.653158
0.787846 0.138919 0.6 0.66214
0.886327 0.156283 0.43589 0.671612
0.984808 0.173648 1.49012e-08 0.721252
0 0 1 0.687592
0.0939693 0.034202 0.994987 0.693298
0.187939 0.068404 0.979796 0.70373
0.281908 0.102606 0.953939 0.713669
0.375877 0.136808 0.916515 0.716523
0.469846 0.17101 0.866025 0.71051
0.563816 0.205212 0.8 0.688197
0.657785 0.239414 0.714143 0.68261
0.751754 0.273616 0.6 0.71048
0.845723 0.307818 0.43589 0.706691
0.939693 0.34202 1.49012e-08 0.721252
0 0 1 0.687592
0.0866025 0.05 0.994987 0.699119
0.173205 0.1 0.979796 0.709889
0.259808 0.15 0.953939 0.716484
0.34641 0.2 0.916515 0.719077
0.433013 0.25 0.866025 0.708719
0.519615 0.3 0.8 0.679009
0.606218 0.35 0.714143 0.690525
0.69282 0.4 0.6 0.721048
0.779423 0.45 0.43589 0.723308
0.866025 0.5 1.49012e-08 0.721252
0 0 1 0.687592
0.0766044 0.0642788 0.994987 0.703669
0.153209 0.128558 0.979796 0.713508
0.229813 0.192836 0.953939 0.716825
0.306418 0.257115 0.916515 0.720133
0.383022 0.321394 0.866025 0.706475
0.459627 0.385673 0.8 0.677086
0.536231 0.449951 0.714143 0.697219
0.612836 0.51423 0.6 0.722999
0.68944 0.578509 0.43589 0.716167
0.766044 0.642788 1.49012e-08 0.721252
0 0 1 0.687592
0.0642788 0.0766044 0.994987 0.707213
0.128558 0.153209 0.979796 0.714787
0.192836 0.229813 0.953939 0.716313
0.257115 0.306418 0.916515 0.719717
0.321394 0.383022 0.866025 0.703453
0.385673 0.459627 0.8 0.674315
0.449951 0.536231 0.714143 0.696234
0.51423 0.612836 0.6 0.718387
0.578509 0.68944 0.43589 0.708261
0.642788 0.766044 1.49012e-08 0.721252
0 0 1 0.687592
0.05 0.0866025 0.994987 0.709902
0.1 0.173205 0.979796 0.715332
0.15 0.259808 0.953939 0.714228
0.2 0.34641 0.916515 0.716449
0.25 0.433013 0.866025 0.697096
0.3 0.519615 0.8 0.678957
0.35 0.606218 0.714143 0.683838
0.4 0.69282 0.6 0.709071
0.45 0.779423 0.43589 0.706229
0.5 0.866025 1.49012e-08 0.721252
0 0 1 0.687592
0.034202 0.0939693 0.994987 0.711691
0.068404 0.187939 0.979796 0.715996
0.102606 0.281908 0.953939 0.714473
0.136808 0.375877 0.916515 0.712197
0.17101 0.469846 0.866025 0.690742
0.205212 0.563816 0.8 0.667848
0.239414 0.657785 0.714143 0.665058
0.273616 0.751754 0.6 0.695575
0.307818 0.845723 0.43589 0.715133
0.34202 0.939693 1.49012e-08 0.721252
0 0 1 0.687592
0.0173648 0.0984808 0.994987 0.71264
0.0347296 0.196962 0.979796 0.717443
0.0520945 0.295442 0.953939 0.715645
0.0694593 0.393923 0.916515 0.711091
0.0868241 0.492404 0.866025 0.676915
0.104189 0.590885 0.8 0.654518
0.121554 0.689365 0.714143 0.650776
0.138919 0.787846 0.6 0.678366
0.156283 0.886327 0.43589 0.717179
0.173648 0.984808 1.49012e-08 0.721252
0 0 1 0.687592
6.12323e-18 0.1 0.994987 0.713062
1.22465e-17 0.2 0.979796 0.719398
1.83697e-17 0.3 0.953939 0.717628
2.44929e-17 0.4 0.916515 0.712915
3.06162e-17 0.5 0.866025 0.688115
3.67394e-17 0.6 0.8 0.661846
4.28626e-17 0.7 0.714143 0.646755
4.89859e-17 0.8 0.6 0.671559
5.51091e-17 0.9 0.43589 0.715404
6.12323e-17 1 1.49012e-08 0.721252
-0 0 1 0.687592
-0.0173648 0.0984808 0.994987 0.712994
-0.0347296 0.196962 0.979796 0.719209
-0.0520945 0.295442 0.953939 0.718034
-0.0694593 0.393923 0.916515 0.713629
-0.0868241 0.492404 0.866025 0.70315
-0.104189 0.590885 0.8 0.677067
-0.121554 0.689365 0.714143 0.662881
-0.138919 0.787846 0.6 0.681359
-0.156283 0.886327 0.43589 0.714551
-0.173648 0.984808 1.49012e-08 0.721252
-0 0 1 0.687592
-0.034202 0.0939693 0.994987 0.712347
-0.068404 0.187939 0.979796 0.717474
-0.102606 0.281908 0.953939 0.714107
-0.136808 0.375877 0.916515 0.711362
-0.17101 0.469846 0.866025 0.711295
-0.205212 0.563816 0.8 0.699549
-0.239414 0.657785 0.714143 0.677602
-0.273616 0.751754 0.6 0.684784
-0.307818 0.845723 0.43589 0.716913
-0.34202 0.939693 1.49012e-08 0.721252
-0 0 1 0.687592
-0.05 0.0866025 0.994987 0.711659
-0.1 0.173205 0.979796 0.715479
-0.15 0.259808 0.953939 0.707373
-0.2 0.34641 0.916515 0.706155
-0.25 0.433013 0.866025 0.713015
-0.3 0.519615 0.8 0.71481
-0.35 0.606218 0.714143 0.69093
-0.4 0.69282 0.6 0.677669
-0.45 0.779423 0.43589 0.716364
-0.5 0.866025 1.49012e-08 0.721252
-0 0 1 0.687592
-0.0642788 0.0766044 0.994987 0.711041
-0.128558 0.153209 0.979796 0.713739
-0.192836 0.229813 0.953939 0.704348
-0.257115 0.306418 0.916515 0.697392
-0.321394 0.383022 0.866025 0.709358
-0.385673 0.459627 0.8 0.719776
-0.449951 0.536231 0.714143 0.710988
-0.51423 0.612836 0.6 0.680841
-0.578509 0.68944 0.43589 0.707504
-0.642788 0.766044 1.49012e-08 0.721252
-0 0 1 0.687592
-0.0766044 0.0642788 0.994987 0.710018
-0.153209 0.128558 0.979796 0.713989
-0.229813 0.192836 0.953939 0.707944
-0.306418 0.257115 0.916515 0.697334
-0.383022 0.321394 0.866025 0.702061
-0.459627 0.385673 0.8 0.712082
-0.536231 0.449951 0.714143 0.718992
-0.612836 0.51423 0.6 0.69965
-0.68944 0.578509 0.43589 0.691278
-0.766044 0.642788 1.49012e-08 0.721252
-0 0 1 0.687592
-0.0866025 0.05 0.994987 0.708408
-0.173205 0.1 0.979796 0.714506
-0.259808 0.15 0.953939 0.712761
-0.34641 0.2 0.916515 0.705594
-0.433013 0.25 0.866025 0.709101
-0.519615 0.3 0.8 0.716487
-0.606218 0.35 0.714143 0.719099
-0.69282 0.4 0.6 0.707284
-0.779423 0.45 0.43589 0.665817
-0.866025 0.5 1.49012e-08 0.721252
-0 0 1 0.687592
-0.0939693 0.034202 0.994987 0.706034
-0.187939 0.068404 0.979796 0.71267
-0.281908 0.102606 0.953939 0.712292
-0.375877 0.136808 0.916515 0.708486
-0.469846 0.17101 0.866025 0.711702
-0.563816 0.205212 0.8 0.712667
-0.657785 0.239414 0.714143 0.703502
-0.751754 0.273616 0.6 0.693113
-0.845723 0.307818 0.43589 0.659677
-0.939693 0.34202 1.49012e-08 0.721252
-0 0 1 0.687592
-0.0984808 0.0173648 0.994987 0.702723
-0.196962 0.0347296 0.979796 0.708592
-0.295442 0.0520945 0.953939 0.70769
-0.393923 0.0694593 0.916515 0.70377
-0.492404 0.0868241 0.866025 0.702664
-0.590885 0.104189 0.8 0.696432
-0.689365 0.121554 0.714143 0.683422
-0.787846 0.138919 0.6 0.677724
-0.886327 0.156283 0.43589 0.695232
-0.984808 0.173648 1.49012e-08 0.721252
-0 0 1 0.687592
-0.1 1.22465e-17 0.994987 0.698477
-0.2 2.44929e-17 0.979796 0.702456
-0.3 3.67394e-17 0.953939 0.698602
-0.4 4.89859e-17 0.916515 0.690176
-0.5 6.12323e-17 0.866025 0.675635
-0.6 7.34788e-17 0.8 0.65689
-0.7 8.57253e-17 0.714143 0.642839
-0.8 9.79717e-17 0.6 0.66062
-0.9 1.10218e-16 0.43589 0.685303
-1 1.22465e-16 1.49012e-08 0.721252
-0 -0 1 0.687592
-0.0984808 -0.0173648 0.994987 0.6934
-0.196962 -0.0347296 0.979796 0.693582
-0.295442 -0.0520945 0.953939 0.682983
-0.393923 -0.0694593 0.916515 0.663401
-0.492404 -0.0868241 0.866025 0.623798
-0.590885 -0.104189 0.8 0.569679
-0.689365 -0.121554 0.714143 0.576765
-0.787846 -0.138919 0.6 0.639069
-0.886327 -0.156283 0.43589 0.694481
-0.984808 -0.173648 1.49012e-08 0.721252
-0 -0 1 0.687592
-0.0939693 -0.034202 0.994987 0.687738
-0.187939 -0.068404 0.979796 0.682602
-0.281908 -0.102606 0.953939 0.661872
-0.375877 -0.136808 0.916515 0.631442
-0.469846 -0.17101 0.866025 0.576196
-0.563816 -0.205212 0.8 0.539098
-0.657785 -0.239414 0.714143 0.640295
-0.751754 -0.273616 0.6 0.698029
-0.845723 -0.307818 0.43589 0.699219
-0.939693 -0.34202 1.49012e-08 0.721252
-0 -0 1 0.687592
-0.0866025 -0.05 0.994987 0.681929
-0.173205 -0.1 0.979796 0.670945
-0.259808 -0.15 0.953939 0.647581
-0.34641 -0.2 0.916515 0.605901
-0.433013 -0.25 0.866025 0.576084
-0.519615 -0.3 0.8 0.627829
-0.606218 -0.35 0.714143 0.685451
-0.69282 -0.4 0.6 0.707965
-0.779423 -0.45 0.43589 0.707511
-0.866025 -0.5 1.49012e-08 0.721252
-0 -0 1 0.687592
-0.0766044 -0.0642788 0.994987 0.676297
-0.153209 -0.128558 0.979796 0.660151
-0.229813 -0.192836 0.953939 0.643007
-0.306418 -0.257115 0.916515 0.606271
-0.383022 -0.321394 0.866025 0.615884
-0.459627 -0.385673 0.8 0.663261
-0.536231 -0.449951 0.714143 0.698693
-0.612836 -0.51423 0.6 0.71485
-0.68944 -0.578509 0.43589 0.716221
-0.766044 -0.642788 1.49012e-08 0.721252
-0 -0 1 0.687592
-0.0642788 -0.0766044 0.994987 0.67078
-0.128558 -0.153209 0.979796 0.651332
-0.192836 -0.229813 0.953939 0.649184
-0.257115 -0.306418 0.916515 0.639374
-0.321394 -0.383022 0.866025 0.65787
-0.385673 -0.459627 0.8 0.67512
-0.449951 -0.536231 0.714143 0.686053
-0.51423 -0.612836 0.6 0.717417
-0.578509 -0.68944 0.43589 0.715553
-0.642788 -0.766044 1.49012e-08 0.721252
-0 -0 1 0.687592
-0.05 -0.0866025 0.994987 0.665278
-0.1 -0.173205 0.979796 0.642427
-0.15 -0.259808 0.953939 0.659671
-0.2 -0.34641 0.916515 0.666648
-0.25 -0.433013 0.866025 0.681866
-0.3 -0.519615 0.8 0.679148
-0.35 -0.606218 0.714143 0.681526
-0.4 -0.69282 0.6 0.713866
-0.45 -0.779423 0.43589 0.706914
-0.5 -0.866025 1.49012e-08 0.721252
-0 -0 1 0.687592
-0.034202 -0.0939693 0.994987 0.659734
-0.068404 -0.187939 0.979796 0.644491
-0.102606 -0.281908 0.953939 0.669885
-0.136808 -0.375877 0.916515 0.683657
-0.17101 -0.469846 0.866025 0.69496
-0.205212 -0.563816 0.8 0.679972
-0.239414 -0.657785 0.714143 0.666112
-0.273616 -0.751754 0.6 0.703709
-0.307818 -0.845723 0.43589 0.691178
-0.34202 -0.939693 1.49012e-08 0.721252
-0 -0 1 0.687592
-0.0173648 -0.0984808 0.994987 0.654024
-0.0347296 -0.196962 0.979796 0.648938
-0.0520945 -0.295442 0.953939 0.677253
-0.0694593 -0.393923 0.916515 0.692175
-0.0868241 -0.492404 0.866025 0.701967
-0.104189 -0.590885 0.8 0.687072
-0.121554 -0.689365 0.714143 0.678181
-0.138919 -0.787846 0.6 0.687423
-0.156283 -0.886327 0.43589 0.667867
-0.173648 -0.984808 1.49012e-08 0.721252
-0 -0 1 0.687592
-1.83697e-17 -0.1 0.994987 0.648315
-3.67394e-17 -0.2 0.979796 0.649011
-5.51091e-17 -0.3 0.953939 0.680819
-7.34788e-17 -0.4 0.916515 0.69604
-9.18485e-17 -0.5 0.866025 0.703817
-1.10218e-16 -0.6 0.8 0.700648
-1.28588e-16 -0.7 0.714143 0.686701
-1.46958e-16 -0.8 0.6 0.660795
-1.65327e-16 -0.9 0.43589 0.655414
-1.83697e-16 -1 1.49012e-08 0.721252
0 -0 1 0.687592
0.0173648 -0.0984808 0.994987 0.644054
0.0347296 -0.196962 0.979796 0.64671
0.0520945 -0.295442 0.953939 0.680487
0.0694593 -0.393923 0.916515 0.696922
0.0868241 -0.492404 0.866025 0.69682
0.104189 -0.590885 0.8 0.707808
0.121554 -0.689365 0.714143 0.694332
0.138919 -0.787846 0.6 0.653565
0.156283 -0.886327 0.43589 0.636602
0.173648 -0.984808 1.49012e-08 0.721252
0 -0 1 0.687592
0.034202 -0.0939693 0.994987 0.642926
0.068404 -0.187939 0.979796 0.640865
0.102606 -0.281908 0.953939 0.676016
0.136808 -0.375877 0.916515 0.694338
0.17101 -0.469846 0.866025 0.694039
0.205212 -0.563816 0.8 0.706522
0.239414 -0.657785 0.714143 0.701165
0.273616 -0.751754 0.6 0.647023
0.307818 -0.845723 0.43589 0.613972
0.34202 -0.939693 1.49012e-08 0.721252
0 -0 1 0.687592
0.05 -0.0866025 0.994987 0.643479
0.1 -0.173205 0.979796 0.631259
0.15 -0.259808 0.953939 0.667084
0.2 -0.34641 0.916515 0.69341
0.25 -0.433013 0.866025 0.697127
0.3 -0.519615 0.8 0.698221
0.35 -0.606218 0.714143 0.70371
0.4 -0.69282 0.6 0.65365
0.45 -0.779423 0.43589 0.610475
0.5 -0.866025 1.49012e-08 0.721252
0 -0 1 0.687592
0.0642788 -0.0766044 0.994987 0.644969
0.128558 -0.153209 0.979796 0.617615
0.192836 -0.229813 0.953939 0.652468
0.257115 -0.306418 0.916515 0.688335
0.321394 -0.383022 0.866025 0.703341
0.385673 -0.459627 0.8 0.69851
0.449951 -0.536231 0.714143 0.699864
0.51423 -0.612836 0.6 0.671973
0.578509 -0.68944 0.43589 0.62359
0.642788 -0.766044 1.49012e-08 0.721252
0 -0 1 0.687592
0.0766044 -0.0642788 0.994987 0.647987
0.153209 -0.128558 0.979796 0.612299
0.229813 -0.192836 0.953939 0.632399
0.306418 -0.257115 0.916515 0.674705
0.383022 -0.321394 0.866025 0.700306
0.459627 -0.385673 0.8 0.703096
0.536231 -0.449951 0.714143 0.681151
0.612836 -0.51423 0.6 0.678399
0.68944 -0.578509 0.43589 0.660826
0.766044 -0.642788 1.49012e-08 0.721252
0 -0 1 0.687592
0.0866025 -0.05 0.994987 0.653202
0.173205 -0.1 0.979796 0.618803
0.259808 -0.15 0.953939 0.622815
0.34641 -0.2 0.916515 0.652792
0.433013 -0.25 0.866025 0.690428
0.519615 -0.3 0.8 0.700141
0.606218 -0.35 0.714143 0.683226
0.69282 -0.4 0.6 0.643377
0.779423 -0.45 0.43589 0.695872
0.866025 -0.5 1.49012e-08 0.721252
0 -0 1 0.687592
0.0939693 -0.034202 0.994987 0.660592
0.187939 -0.068404 0.979796 0.638235
0.281908 -0.102606 0.953939 0.639815
0.375877 -0.136808 0.916515 0.645289
0.469846 -0.17101 0.866025 0.672112
0.563816 -0.205212 0.8 0.688866
0.657785 -0.239414 0.714143 0.681367
0.751754 -0.273616 0.6 0.65966
0.845723 -0.307818 0.43589 0.689957
0.939693 -0.34202 1.49012e-08 0.721252
0 -0 1 0.687592
0.0984808 -0.0173648 0.994987 0.66927
0.196962 -0.0347296 0.979796 0.66007
0.295442 -0.0520945 0.953939 0.663761
0.393923 -0.0694593 0.916515 0.658581
0.492404 -0.0868241 0.866025 0.651057
0.590885 -0.104189 0.8 0.65582
0.689365 -0.121554 0.714143 0.638955
0.787846 -0.138919 0.6 0.630567
0.886327 -0.156283 0.43589 0.654081
0.984808 -0.173648 1.49012e-08 0.721252
0 -0 1 0.687592
0.1 -2.44929e-17 0.994987 0.678092
0.2 -4.89859e-17 0.979796 0.67898
0.3 -7.34788e-17 0.953939 0.68636
0.4 -9.79717e-17 0.916515 0.684662
0.5 -1.22465e-16 0.866025 0.674109
0.6 -1.46958e-16 0.8 0.654942
0.7 -1.71451e-16 0.714143 0.589539
0.8 -1.95943e-16 0.6 0.53061
0.9 -2.20436e-16 0.43589 0.548086
1 -2.44929e-16 1.49012e-08 0.721252
