0 0 1 0.681339
0.1 0 0.994987 0.691134
0.2 0 0.979796 0.689033
0.3 0 0.953939 0.66444
0.4 0 0.916515 0.622559
0.5 0 0.866025 0.652512
0.6 0 0.8 0.680512
0.7 0 0.714143 0.686904
0.8 0 0.6 0.661002
0.9 0 0.43589 0.678902
1 0 1.49012e-08 0.715087
0 0 1 0.681339
0.0984808 0.0173648 0.994987 0.686464
0.196962 0.0347296 0.979796 0.681175
0.295442 0.0520945 0.953939 0.657038
0.393923 0.0694593 0.916515 0.628203
0.492404 0.0868241 0.866025 0.634128
0.590885 0.104189 0.8 0.662484
0.689365 0.121554 0.714143 0.688969
0.787846 0.138919 0.6 0.708624
0.886327 0.156283 0.43589 0.713537
0.984808 0.173648 1.49012e-08 0.715087
0 0 1 0.681339
0.0939693 0.034202 0.994987 0.681149
0.187939 0.068404 0.979796 0.673444
0.281908 0.102606 0.953939 0.66249
0.375877 0.136808 0.916515 0.643342
0.469846 0.17101 0.866025 0.631164
0.563816 0.205212 0.8 0.662219
0.657785 0.239414 0.714143 0.703609
0.751754 0.273616 0.6 0.718594
0.845723 0.307818 0.43589 0.702143
0.939693 0.34202 1.49012e-08 0.715087
0 0 1 0.681339
0.0866025 0.05 0.994987 0.675225
0.173205 0.1 0.979796 0.667019
0.259808 0.15 0.953939 0.669445
0.34641 0.2 0.916515 0.663903
0.433013 0.25 0.866025 0.660946
0.519615 0.3 0.8 0.690427
0.606218 0.35 0.714143 0.703246
0.69282 0.4 0.6 0.703509
0.779423 0.45 0.43589 0.681716
0.866025 0.5 1.49012e-08 0.715087
0 0 1 0.681339
0.0766044 0.0642788 0.994987 0.668577
0.153209 0.128558 0.979796 0.665729
0.229813 0.192836 0.953939 0.674136
0.306418 0.257115 0.916515 0.686534
0.383022 0.321394 0.866025 0.698683
0.459627 0.385673 0.8 0.708381
0.536231 0.449951 0.714143 0.696007
0.612836 0.51423 0.6 0.705477
0.68944 0.578509 0.43589 0.687561
0.766044 0.642788 1.49012e-08 0.715087
0 0 1 0.681339
0.0642788 0.0766044 0.994987 0.661058
0.128558 0.153209 0.979796 0.662193
0.192836 0.229813 0.953939 0.680604
0.257115 0.306418 0.916515 0.70099
0.321394 0.383022 0.866025 0.710902
0.385673 0.459627 0.8 0.716738
0.449951 0.536231 0.714143 0.716595
0.51423 0.612836 0.6 0.714689
0.578509 0.68944 0.43589 0.670201
0.642788 0.766044 1.49012e-08 0.715087
0 0 1 0.681339
0.05 0.0866025 0.994987 0.652552
0.1 0.173205 0.979796 0.654234
0.15 0.259808 0.953939 0.683173
0.2 0.34641 0.916515 0.705381
0.25 0.433013 0.866025 0.7131
0.3 0.519615 0.8 0.71644
0.35 0.606218 0.714143 0.715194
0.4 0.69282 0.6 0.703414
0.45 0.779423 0.43589 0.679158
0.5 0.866025 1.49012e-08 0.715087
0 0 1 0.681339
0.034202 0.0939693 0.994987 0.643255
0.068404 0.187939 0.979796 0.640087
0.102606 0.281908 0.953939 0.678138
0.136808 0.375877 0.916515 0.701736
0.17101 0.469846 0.866025 0.702721
0.205212 0.563816 0.8 0.695094
0.239414 0.657785 0.714143 0.69794
0.273616 0.751754 0.6 0.709346
0.307818 0.845723 0.43589 0.689171
0.34202 0.939693 1.49012e-08 0.715087
0 0 1 0.681339
0.0173648 0.0984808 0.994987 0.634062
0.0347296 0.196962 0.979796 0.619165
0.0520945 0.295442 0.953939 0.667947
0.0694593 0.393923 0.916515 0.694292
0.0868241 0.492404 0.866025 0.700054
0.104189 0.590885 0.8 0.705267
0.121554 0.689365 0.714143 0.715442
0.138919 0.787846 0.6 0.716208
0.156283 0.886327 0.43589 0.684268
0.173648 0.984808 1.49012e-08 0.715087
0 0 1 0.681339
6.12323e-18 0.1 0.994987 0.626822
1.22465e-17 0.2 0.979796 0.593731
1.83697e-17 0.3 0.953939 0.662149
2.44929e-17 0.4 0.916515 0.698838
3.06162e-17 0.5 0.866025 0.71307
3.67394e-17 0.6 0.8 0.717294
4.28626e-17 0.7 0.714143 0.71627
4.89859e-17 0.8 0.6 0.711379
5.51091e-17 0.9 0.43589 0.681146
6.12323e-17 1 1.49012e-08 0.715087
-0 0 1 0.681339
-0.0173648 0.0984808 0.994987 0.623883
-0.0347296 0.196962 0.979796 0.579638
-0.0520945 0.295442 0.953939 0.664719
-0.0694593 0.393923 0.916515 0.701707
-0.0868241 0.492404 0.866025 0.712809
-0.104189 0.590885 0.8 0.711213
-0.121554 0.689365 0.714143 0.70314
-0.138919 0.787846 0.6 0.697879
-0.156283 0.886327 0.43589 0.676329
-0.173648 0.984808 1.49012e-08 0.715087
-0 0 1 0.681339
-0.034202 0.0939693 0.994987 0.626408
-0.068404 0.187939 0.979796 0.597765
-0.102606 0.281908 0.953939 0.668064
-0.136808 0.375877 0.916515 0.702386
-0.17101 0.469846 0.866025 0.712517
-0.205212 0.563816 0.8 0.704343
-0.239414 0.657785 0.714143 0.688956
-0.273616 0.751754 0.6 0.684769
-0.307818 0.845723 0.43589 0.663349
-0.34202 0.939693 1.49012e-08 0.715087
-0 0 1 0.681339
-0.05 0.0866025 0.994987 0.633054
-0.1 0.173205 0.979796 0.622908
-0.15 0.259808 0.953939 0.670251
-0.2 0.34641 0.916515 0.699828
-0.25 0.433013 0.866025 0.711477
-0.3 0.519615 0.8 0.709683
-0.35 0.606218 0.714143 0.704017
-0.4 0.69282 0.6 0.696069
-0.45 0.779423 0.43589 0.651676
-0.5 0.866025 1.49012e-08 0.715087
-0 0 1 0.681339
-0.0642788 0.0766044 0.994987 0.641522
-0.128558 0.153209 0.979796 0.643161
-0.192836 0.229813 0.953939 0.668184
-0.257115 0.306418 0.916515 0.6895
-0.321394 0.383022 0.866025 0.700642
-0.385673 0.459627 0.8 0.703716
-0.449951 0.536231 0.714143 0.694147
-0.51423 0.612836 0.6 0.709208
-0.578509 0.68944 0.43589 0.677966
-0.642788 0.766044 1.49012e-08 0.715087
-0 0 1 0.681339
-0.0766044 0.0642788 0.994987 0.650107
-0.153209 0.128558 0.979796 0.658539
-0.229813 0.192836 0.953939 0.669522
-0.306418 0.257115 0.916515 0.671544
-0.383022 0.321394 0.866025 0.674405
-0.459627 0.385673 0.8 0.68922
-0.536231 0.449951 0.714143 0.706142
-0.612836 0.51423 0.6 0.719014
-0.68944 0.578509 0.43589 0.704893
-0.766044 0.642788 1.49012e-08 0.715087
-0 0 1 0.681339
-0.0866025 0.05 0.994987 0.658038
-0.173205 0.1 0.979796 0.6708
-0.259808 0.15 0.953939 0.673361
-0.34641 0.2 0.916515 0.663174
-0.433013 0.25 0.866025 0.634783
-0.519615 0.3 0.8 0.655202
-0.606218 0.35 0.714143 0.705083
-0.69282 0.4 0.6 0.719962
-0.779423 0.45 0.43589 0.718071
-0.866025 0.5 1.49012e-08 0.715087
-0 0 1 0.681339
-0.0939693 0.034202 0.994987 0.665729
-0.187939 0.068404 0.979796 0.681388
-0.281908 0.102606 0.953939 0.678204
-0.375877 0.136808 0.916515 0.663247
-0.469846 0.17101 0.866025 0.628716
-0.563816 0.205212 0.8 0.647596
-0.657785 0.239414 0.714143 0.688414
-0.751754 0.273616 0.6 0.712535
-0.845723 0.307818 0.43589 0.718452
-0.939693 0.34202 1.49012e-08 0.715087
-0 0 1 0.681339
-0.0984808 0.0173648 0.994987 0.672755
-0.196962 0.0347296 0.979796 0.690288
-0.295442 0.0520945 0.953939 0.691081
-0.393923 0.0694593 0.916515 0.670997
-0.492404 0.0868241 0.866025 0.633797
-0.590885 0.104189 0.8 0.653142
-0.689365 0.121554 0.714143 0.66663
-0.787846 0.138919 0.6 0.68434
-0.886327 0.156283 0.43589 0.705765
-0.984808 0.173648 1.49012e-08 0.715087
-0 0 1 0.681339
-0.1 1.22465e-17 0.994987 0.67842
-0.2 2.44929e-17 0.979796 0.697006
-0.3 3.67394e-17 0.953939 0.701793
-0.4 4.89859e-17 0.916515 0.690287
-0.5 6.12323e-17 0.866025 0.668254
-0.6 7.34788e-17 0.8 0.676533
-0.7 8.57253e-17 0.714143 0.700997
-0.8 9.79717e-17 0.6 0.706252
-0.9 1.10218e-16 0.43589 0.693679
-1 1.22465e-16 1.49012e-08 0.715087
-0 -0 1 0.681339
-0.0984808 -0.0173648 0.994987 0.682779
-0.196962 -0.0347296 0.979796 0.701172
-0.295442 -0.0520945 0.953939 0.708368
-0.393923 -0.0694593 0.916515 0.707151
-0.492404 -0.0868241 0.866025 0.701359
-0.590885 -0.104189 0.8 0.702012
-0.689365 -0.121554 0.714143 0.713216
-0.787846 -0.138919 0.6 0.719758
-0.886327 -0.156283 0.43589 0.7056
-0.984808 -0.173648 1.49012e-08 0.715087
-0 -0 1 0.681339
-0.0939693 -0.034202 0.994987 0.68679
-0.187939 -0.068404 0.979796 0.702553
-0.281908 -0.102606 0.953939 0.711215
-0.375877 -0.136808 0.916515 0.714713
-0.469846 -0.17101 0.866025 0.709953
-0.563816 -0.205212 0.8 0.704901
-0.657785 -0.239414 0.714143 0.706728
-0.751754 -0.273616 0.6 0.696102
-0.845723 -0.307818 0.43589 0.678393
-0.939693 -0.34202 1.49012e-08 0.715087
-0 -0 1 0.681339
-0.0866025 -0.05 0.994987 0.690486
-0.173205 -0.1 0.979796 0.701128
-0.259808 -0.15 0.953939 0.711285
-0.34641 -0.2 0.916515 0.717559
-0.433013 -0.25 0.866025 0.71287
-0.519615 -0.3 0.8 0.703884
-0.606218 -0.35 0.714143 0.699926
-0.69282 -0.4 0.6 0.678462
-0.779423 -0.45 0.43589 0.686386
-0.866025 -0.5 1.49012e-08 0.715087
-0 -0 1 0.681339
-0.0766044 -0.0642788 0.994987 0.694186
-0.153209 -0.128558 0.979796 0.698093
-0.229813 -0.192836 0.953939 0.703102
-0.306418 -0.257115 0.916515 0.713795
-0.383022 -0.321394 0.866025 0.718665
-0.459627 -0.385673 0.8 0.716077
-0.536231 -0.449951 0.714143 0.706053
-0.612836 -0.51423 0.6 0.673861
-0.68944 -0.578509 0.43589 0.660247
-0.766044 -0.642788 1.49012e-08 0.715087
-0 -0 1 0.681339
-0.0642788 -0.0766044 0.994987 0.697654
-0.128558 -0.153209 0.979796 0.698464
-0.192836 -0.229813 0.953939 0.693046
-0.257115 -0.306418 0.916515 0.697645
-0.321394 -0.383022 0.866025 0.710681
-0.385673 -0.459627 0.8 0.709812
-0.449951 -0.536231 0.714143 0.689465
-0.51423 -0.612836 0.6 0.64218
-0.578509 -0.68944 0.43589 0.655382
-0.642788 -0.766044 1.49012e-08 0.715087
-0 -0 1 0.681339
-0.05 -0.0866025 0.994987 0.70063
-0.1 -0.173205 0.979796 0.704067
-0.15 -0.259808 0.953939 0.700122
-0.2 -0.34641 0.916515 0.696792
-0.25 -0.433013 0.866025 0.704946
-0.3 -0.519615 0.8 0.700601
-0.35 -0.606218 0.714143 0.679698
-0.4 -0.69282 0.6 0.647934
-0.45 -0.779423 0.43589 0.679151
-0.5 -0.866025 1.49012e-08 0.715087
-0 -0 1 0.681339
-0.034202 -0.0939693 0.994987 0.702878
-0.068404 -0.187939 0.979796 0.70992
-0.102606 -0.281908 0.953939 0.711417
-0.136808 -0.375877 0.916515 0.713333
-0.17101 -0.469846 0.866025 0.717016
-0.205212 -0.563816 0.8 0.710867
-0.239414 -0.657785 0.714143 0.689909
-0.273616 -0.751754 0.6 0.666488
-0.307818 -0.845723 0.43589 0.694989
-0.34202 -0.939693 1.49012e-08 0.715087
-0 -0 1 0.681339
-0.0173648 -0.0984808 0.994987 0.704233
-0.0347296 -0.196962 0.979796 0.712926
-0.0520945 -0.295442 0.953939 0.716223
-0.0694593 -0.393923 0.916515 0.717045
-0.0868241 -0.492404 0.866025 0.714976
-0.104189 -0.590885 0.8 0.707712
-0.121554 -0.689365 0.714143 0.681523
-0.138919 -0.787846 0.6 0.667132
-0.156283 -0.886327 0.43589 0.705485
-0.173648 -0.984808 1.49012e-08 0.715087
-0 -0 1 0.681339
-1.83697e-17 -0.1 0.994987 0.704655
-3.67394e-17 -0.2 0.979796 0.712438
-5.51091e-17 -0.3 0.953939 0.714324
-7.34788e-17 -0.4 0.916515 0.711132
-9.18485e-17 -0.5 0.866025 0.705983
-1.10218e-16 -0.6 0.8 0.697924
-1.28588e-16 -0.7 0.714143 0.674849
-1.46958e-16 -0.8 0.6 0.675719
-1.65327e-16 -0.9 0.43589 0.712447
-1.83697e-16 -1 1.49012e-08 0.715087
0 -0 1 0.681339
0.0173648 -0.0984808 0.994987 0.704303
0.0347296 -0.196962 0.979796 0.711077
0.0520945 -0.295442 0.953939 0.707137
0.0694593 -0.393923 0.916515 0.698839
0.0868241 -0.492404 0.866025 0.690164
0.104189 -0.590885 0.8 0.680466
0.121554 -0.689365 0.714143 0.661162
0.138919 -0.787846 0.6 0.670202
0.156283 -0.886327 0.43589 0.714684
0.173648 -0.984808 1.49012e-08 0.715087
0 -0 1 0.681339
0.034202 -0.0939693 0.994987 0.703581
0.068404 -0.187939 0.979796 0.71045
0.102606 -0.281908 0.953939 0.700347
0.136808 -0.375877 0.916515 0.688498
0.17101 -0.469846 0.866025 0.688699
0.205212 -0.563816 0.8 0.67299
0.239414 -0.657785 0.714143 0.650104
0.273616 -0.751754 0.6 0.672474
0.307818 -0.845723 0.43589 0.712832
0.34202 -0.939693 1.49012e-08 0.715087
0 -0 1 0.681339
0.05 -0.0866025 0.994987 0.703219
0.1 -0.173205 0.979796 0.711088
0.15 -0.259808 0.953939 0.705375
0.2 -0.34641 0.916515 0.6986
0.25 -0.433013 0.866025 0.699588
0.3 -0.519615 0.8 0.692523
0.35 -0.606218 0.714143 0.675809
0.4 -0.69282 0.6 0.682827
0.45 -0.779423 0.43589 0.710625
0.5 -0.866025 1.49012e-08 0.715087
0 -0 1 0.681339
0.0642788 -0.0766044 0.994987 0.703106
0.128558 -0.153209 0.979796 0.711408
0.192836 -0.229813 0.953939 0.707878
0.257115 -0.306418 0.916515 0.70143
0.321394 -0.383022 0.866025 0.701591
0.385673 -0.459627 0.8 0.70978
0.449951 -0.536231 0.714143 0.703182
0.51423 -0.612836 0.6 0.688539
0.578509 -0.68944 0.43589 0.714746
0.642788 -0.766044 1.49012e-08 0.715087
0 -0 1 0.681339
0.0766044 -0.0642788 0.994987 0.702415
0.153209 -0.128558 0.979796 0.710137
0.229813 -0.192836 0.953939 0.704016
0.306418 -0.257115 0.916515 0.699123
0.383022 -0.321394 0.866025 0.698332
0.459627 -0.385673 0.8 0.717598
0.536231 -0.449951 0.714143 0.71615
0.612836 -0.51423 0.6 0.691719
0.68944 -0.578509 0.43589 0.707371
0.766044 -0.642788 1.49012e-08 0.715087
0 -0 1 0.681339
0.0866025 -0.05 0.994987 0.700806
0.173205 -0.1 0.979796 0.707189
0.259808 -0.15 0.953939 0.702318
0.34641 -0.2 0.916515 0.698418
0.433013 -0.25 0.866025 0.70869
0.519615 -0.3 0.8 0.720877
0.606218 -0.35 0.714143 0.720172
0.69282 -0.4 0.6 0.704988
0.779423 -0.45 0.43589 0.686811
0.866025 -0.5 1.49012e-08 0.715087
0 -0 1 0.681339
0.0939693 -0.034202 0.994987 0.698284
0.187939 -0.068404 0.979796 0.702719
0.281908 -0.102606 0.953939 0.694225
0.375877 -0.136808 0.916515 0.689379
0.469846 -0.17101 0.866025 0.704676
0.563816 -0.205212 0.8 0.71484
0.657785 -0.239414 0.714143 0.7118
0.751754 -0.273616 0.6 0.711229
0.845723 -0.307818 0.43589 0.685742
0.939693 -0.34202 1.49012e-08 0.715087
0 -0 1 0.681339
0.0984808 -0.0173648 0.994987 0.695069
0.196962 -0.0347296 0.979796 0.696437
0.295442 -0.0520945 0.953939 0.681023
0.393923 -0.0694593 0.916515 0.665212
0.492404 -0.0868241 0.866025 0.684471
0.590885 -0.104189 0.8 0.704647
0.689365 -0.121554 0.714143 0.707076
0.787846 -0.138919 0.6 0.712522
0.886327 -0.156283 0.43589 0.707855
0.984808 -0.173648 1.49012e-08 0.715087
0 -0 1 0.681339
0.1 -2.44929e-17 0.994987 0.691134
0.2 -4.89859e-17 0.979796 0.689033
0.3 -7.34788e-17 0.953939 0.66444
0.4 -9.79717e-17 0.916515 0.622559
0.5 -1.22465e-16 0.866025 0.652512
0.6 -1.46958e-16 0.8 0.680512
0.7 -1.71451e-16 0.714143 0.686904
0.8 -1.95943e-16 0.6 0.661002
0.9 -2.20436e-16 0.43589 0.678902
1 -2.44929e-16 1.49012e-08 0.715087
