0 0 1 0.719403
0.1 0 0.994987 0.721779
0.2 0 0.979796 0.719639
0.3 0 0.953939 0.703634
0.4 0 0.916515 0.704605
0.5 0 0.866025 0.701977
0.6 0 0.8 0.715927
0.7 0 0.714143 0.704184
0.8 0 0.6 0.697053
0.9 0 0.43589 0.705184
1 0 1.49012e-08 0.681261
0 0 1 0.719403
0.0984808 0.0173648 0.994987 0.722132
0.196962 0.0347296 0.979796 0.718272
0.295442 0.0520945 0.953939 0.70651
0.393923 0.0694593 0.916515 0.707931
0.492404 0.0868241 0.866025 0.711087
0.590885 0.104189 0.8 0.705504
0.689365 0.121554 0.714143 0.687333
0.787846 0.138919 0.6 0.687531
0.886327 0.156283 0.43589 0.698442
0.984808 0.173648 1.49012e-08 0.681261
0 0 1 0.719403
0.0939693 0.034202 0.994987 0.722099
0.187939 0.068404 0.979796 0.715115
0.281908 0.102606 0.953939 0.712312
0.375877 0.136808 0.916515 0.706414
0.469846 0.17101 0.866025 0.7064
0.563816 0.205212 0.8 0.697341
0.657785 0.239414 0.714143 0.664689
0.751754 0.273616 0.6 0.604383
0.845723 0.307818 0.43589 0.671641
0.939693 0.34202 1.49012e-08 0.681261
0 0 1 0.719403
0.0866025 0.05 0.994987 0.721519
0.173205 0.1 0.979796 0.716278
0.259808 0.15 0.953939 0.71138
0.34641 0.2 0.916515 0.703383
0.433013 0.25 0.866025 0.695833
0.519615 0.3 0.8 0.668346
0.606218 0.35 0.714143 0.624165
0.69282 0.4 0.6 0.646627
0.779423 0.45 0.43589 0.682416
0.866025 0.5 1.49012e-08 0.681261
0 0 1 0.719403
0.0766044 0.0642788 0.994987 0.720308
0.153209 0.128558 0.979796 0.715777
0.229813 0.192836 0.953939 0.705982
0.306418 0.257115 0.916515 0.69112
0.383022 0.321394 0.866025 0.672385
0.459627 0.385673 0.8 0.633653
0.536231 0.449951 0.714143 0.629598
0.612836 0.51423 0.6 0.677848
0.68944 0.578509 0.43589 0.684242
0.766044 0.642788 1.49012e-08 0.681261
0 0 1 0.719403
0.0642788 0.0766044 0.994987 0.718506
0.128558 0.153209 0.979796 0.712934
0.192836 0.229813 0.953939 0.701651
0.257115 0.306418 0.916515 0.681636
0.321394 0.383022 0.866025 0.656178
0.385673 0.459627 0.8 0.607166
0.449951 0.536231 0.714143 0.649476
0.51423 0.612836 0.6 0.690784
0.578509 0.68944 0.43589 0.689924
0.642788 0.766044 1.49012e-08 0.681261
0 0 1 0.719403
0.05 0.0866025 0.994987 0.716888
0.1 0.173205 0.979796 0.708217
0.15 0.259808 0.953939 0.695542
0.2 0.34641 0.916515 0.67351
0.25 0.433013 0.866025 0.661546
0.3 0.519615 0.8 0.666207
0.35 0.606218 0.714143 0.684268
0.4 0.69282 0.6 0.691128
0.45 0.779423 0.43589 0.694439
0.5 0.866025 1.49012e-08 0.681261
0 0 1 0.719403
0.034202 0.0939693 0.994987 0.716514
0.068404 0.187939 0.979796 0.701666
0.102606 0.281908 0.953939 0.688224
0.136808 0.375877 0.916515 0.667042
0.17101 0.469846 0.866025 0.681086
0.205212 0.563816 0.8 0.69581
0.239414 0.657785 0.714143 0.696377
0.273616 0.751754 0.6 0.682535
0.307818 0.845723 0.43589 0.694956
0.34202 0.939693 1.49012e-08 0.681261
0 0 1 0.719403
0.0173648 0.0984808 0.994987 0.716062
0.0347296 0.196962 0.979796 0.693788
0.0520945 0.295442 0.953939 0.682913
0.0694593 0.393923 0.916515 0.676457
0.0868241 0.492404 0.866025 0.693874
0.104189 0.590885 0.8 0.709627
0.121554 0.689365 0.714143 0.698985
0.138919 0.787846 0.6 0.686334
0.156283 0.886327 0.43589 0.686863
0.173648 0.984808 1.49012e-08 0.681261
0 0 1 0.719403
6.12323e-18 0.1 0.994987 0.715703
1.22465e-17 0.2 0.979796 0.690462
1.83697e-17 0.3 0.953939 0.680903
2.44929e-17 0.4 0.916515 0.678457
3.06162e-17 0.5 0.866025 0.703205
3.67394e-17 0.6 0.8 0.715549
4.28626e-17 0.7 0.714143 0.703806
4.89859e-17 0.8 0.6 0.693434
5.51091e-17 0.9 0.43589 0.670362
6.12323e-17 1 1.49012e-08 0.681261
-0 0 1 0.719403
-0.0173648 0.0984808 0.994987 0.715604
-0.0347296 0.196962 0.979796 0.692799
-0.0520945 0.295442 0.953939 0.679485
-0.0694593 0.393923 0.916515 0.670918
-0.0868241 0.492404 0.866025 0.709204
-0.104189 0.590885 0.8 0.716617
-0.121554 0.689365 0.714143 0.707559
-0.138919 0.787846 0.6 0.692074
-0.156283 0.886327 0.43589 0.647787
-0.173648 0.984808 1.49012e-08 0.681261
-0 0 1 0.719403
-0.034202 0.0939693 0.994987 0.715806
-0.068404 0.187939 0.979796 0.694736
-0.102606 0.281908 0.953939 0.67441
-0.136808 0.375877 0.916515 0.685708
-0.17101 0.469846 0.866025 0.710468
-0.205212 0.563816 0.8 0.714104
-0.239414 0.657785 0.714143 0.710963
-0.273616 0.751754 0.6 0.685033
-0.307818 0.845723 0.43589 0.629513
-0.34202 0.939693 1.49012e-08 0.681261
-0 0 1 0.719403
-0.05 0.0866025 0.994987 0.716196
-0.1 0.173205 0.979796 0.69597
-0.15 0.259808 0.953939 0.664867
-0.2 0.34641 0.916515 0.685172
-0.25 0.433013 0.866025 0.705757
-0.3 0.519615 0.8 0.71223
-0.35 0.606218 0.714143 0.70332
-0.4 0.69282 0.6 0.676034
-0.45 0.779423 0.43589 0.601205
-0.5 0.866025 1.49012e-08 0.681261
-0 0 1 0.719403
-0.0642788 0.0766044 0.994987 0.716623
-0.128558 0.153209 0.979796 0.697496
-0.192836 0.229813 0.953939 0.659446
-0.257115 0.306418 0.916515 0.678735
-0.321394 0.383022 0.866025 0.695551
-0.385673 0.459627 0.8 0.703181
-0.449951 0.536231 0.714143 0.685543
-0.51423 0.612836 0.6 0.673763
-0.578509 0.68944 0.43589 0.595156
-0.642788 0.766044 1.49012e-08 0.681261
-0 0 1 0.719403
-0.0766044 0.0642788 0.994987 0.71696
-0.153209 0.128558 0.979796 0.699961
-0.229813 0.192836 0.953939 0.669643
-0.306418 0.257115 0.916515 0.663394
-0.383022 0.321394 0.866025 0.674033
-0.459627 0.385673 0.8 0.686003
-0.536231 0.449951 0.714143 0.666478
-0.612836 0.51423 0.6 0.680512
-0.68944 0.578509 0.43589 0.632588
-0.766044 0.642788 1.49012e-08 0.681261
-0 0 1 0.719403
-0.0866025 0.05 0.994987 0.717155
-0.173205 0.1 0.979796 0.702941
-0.259808 0.15 0.953939 0.673178
-0.34641 0.2 0.916515 0.65097
-0.433013 0.25 0.866025 0.627698
-0.519615 0.3 0.8 0.660659
-0.606218 0.35 0.714143 0.675583
-0.69282 0.4 0.6 0.695481
-0.779423 0.45 0.43589 0.67141
-0.866025 0.5 1.49012e-08 0.681261
-0 0 1 0.719403
-0.0939693 0.034202 0.994987 0.71776
-0.187939 0.068404 0.979796 0.706171
-0.281908 0.102606 0.953939 0.679018
-0.375877 0.136808 0.916515 0.650459
-0.469846 0.17101 0.866025 0.60171
-0.563816 0.205212 0.8 0.626326
-0.657785 0.239414 0.714143 0.67533
-0.751754 0.273616 0.6 0.689498
-0.845723 0.307818 0.43589 0.686091
-0.939693 0.34202 1.49012e-08 0.681261
-0 0 1 0.719403
-0.0984808 0.0173648 0.994987 0.71818
-0.196962 0.0347296 0.979796 0.70911
-0.295442 0.0520945 0.953939 0.691036
-0.393923 0.0694593 0.916515 0.664938
-0.492404 0.0868241 0.866025 0.61729
-0.590885 0.104189 0.8 0.611195
-0.689365 0.121554 0.714143 0.664985
-0.787846 0.138919 0.6 0.68552
-0.886327 0.156283 0.43589 0.659596
-0.984808 0.173648 1.49012e-08 0.681261
-0 0 1 0.719403
-0.1 1.22465e-17 0.994987 0.718207
-0.2 2.44929e-17 0.979796 0.710671
-0.3 3.67394e-17 0.953939 0.701231
-0.4 4.89859e-17 0.916515 0.681447
-0.5 6.12323e-17 0.866025 0.639022
-0.6 7.34788e-17 0.8 0.60126
-0.7 8.57253e-17 0.714143 0.628981
-0.8 9.79717e-17 0.6 0.67193
-0.9 1.10218e-16 0.43589 0.696495
-1 1.22465e-16 1.49012e-08 0.681261
-0 -0 1 0.719403
-0.0984808 -0.0173648 0.994987 0.717738
-0.196962 -0.0347296 0.979796 0.710562
-0.295442 -0.0520945 0.953939 0.707244
-0.393923 -0.0694593 0.916515 0.695119
-0.492404 -0.0868241 0.866025 0.667583
-0.590885 -0.104189 0.8 0.629997
-0.689365 -0.121554 0.714143 0.648926
-0.787846 -0.138919 0.6 0.689041
-0.886327 -0.156283 0.43589 0.697415
-0.984808 -0.173648 1.49012e-08 0.681261
-0 -0 1 0.719403
-0.0939693 -0.034202 0.994987 0.716678
-0.187939 -0.068404 0.979796 0.711547
-0.281908 -0.102606 0.953939 0.709127
-0.375877 -0.136808 0.916515 0.704192
-0.469846 -0.17101 0.866025 0.682936
-0.563816 -0.205212 0.8 0.663889
-0.657785 -0.239414 0.714143 0.686979
-0.751754 -0.273616 0.6 0.711231
-0.845723 -0.307818 0.43589 0.715318
-0.939693 -0.34202 1.49012e-08 0.681261
-0 -0 1 0.719403
-0.0866025 -0.05 0.994987 0.715022
-0.173205 -0.1 0.979796 0.711398
-0.259808 -0.15 0.953939 0.712285
-0.34641 -0.2 0.916515 0.708606
-0.433013 -0.25 0.866025 0.698853
-0.519615 -0.3 0.8 0.669567
-0.606218 -0.35 0.714143 0.68062
-0.69282 -0.4 0.6 0.695335
-0.779423 -0.45 0.43589 0.698659
-0.866025 -0.5 1.49012e-08 0.681261
-0 -0 1 0.719403
-0.0766044 -0.0642788 0.994987 0.713021
-0.153209 -0.128558 0.979796 0.708088
-0.229813 -0.192836 0.953939 0.711813
-0.306418 -0.257115 0.916515 0.71466
-0.383022 -0.321394 0.866025 0.712476
-0.459627 -0.385673 0.8 0.69546
-0.536231 -0.449951 0.714143 0.685289
-0.612836 -0.51423 0.6 0.671313
-0.68944 -0.578509 0.43589 0.640146
-0.766044 -0.642788 1.49012e-08 0.681261
-0 -0 1 0.719403
-0.0642788 -0.0766044 0.994987 0.711463
-0.128558 -0.153209 0.979796 0.704205
-0.192836 -0.229813 0.953939 0.705496
-0.257115 -0.306418 0.916515 0.714797
-0.321394 -0.383022 0.866025 0.718928
-0.385673 -0.459627 0.8 0.70438
-0.449951 -0.536231 0.714143 0.696362
-0.51423 -0.612836 0.6 0.679439
-0.578509 -0.68944 0.43589 0.628205
-0.642788 -0.766044 1.49012e-08 0.681261
-0 -0 1 0.719403
-0.05 -0.0866025 0.994987 0.712363
-0.1 -0.173205 0.979796 0.704749
-0.15 -0.259808 0.953939 0.703438
-0.2 -0.34641 0.916515 0.716748
-0.25 -0.433013 0.866025 0.721303
-0.3 -0.519615 0.8 0.716021
-0.35 -0.606218 0.714143 0.706012
-0.4 -0.69282 0.6 0.688819
-0.45 -0.779423 0.43589 0.659361
-0.5 -0.866025 1.49012e-08 0.681261
-0 -0 1 0.719403
-0.034202 -0.0939693 0.994987 0.714294
-0.068404 -0.187939 0.979796 0.706088
-0.102606 -0.281908 0.953939 0.706378
-0.136808 -0.375877 0.916515 0.718249
-0.17101 -0.469846 0.866025 0.720545
-0.205212 -0.563816 0.8 0.715178
-0.239414 -0.657785 0.714143 0.709288
-0.273616 -0.751754 0.6 0.702568
-0.307818 -0.845723 0.43589 0.677088
-0.34202 -0.939693 1.49012e-08 0.681261
-0 -0 1 0.719403
-0.0173648 -0.0984808 0.994987 0.716202
-0.0347296 -0.196962 0.979796 0.706165
-0.0520945 -0.295442 0.953939 0.700969
-0.0694593 -0.393923 0.916515 0.713368
-0.0868241 -0.492404 0.866025 0.719475
-0.104189 -0.590885 0.8 0.715483
-0.121554 -0.689365 0.714143 0.703519
-0.138919 -0.787846 0.6 0.70762
-0.156283 -0.886327 0.43589 0.690141
-0.173648 -0.984808 1.49012e-08 0.681261
-0 -0 1 0.719403
-1.83697e-17 -0.1 0.994987 0.71778
-3.67394e-17 -0.2 0.979796 0.705223
-5.51091e-17 -0.3 0.953939 0.695708
-7.34788e-17 -0.4 0.916515 0.710425
-9.18485e-17 -0.5 0.866025 0.714566
-1.10218e-16 -0.6 0.8 0.706179
-1.28588e-16 -0.7 0.714143 0.703909
-1.46958e-16 -0.8 0.6 0.710996
-1.65327e-16 -0.9 0.43589 0.69431
-1.83697e-16 -1 1.49012e-08 0.681261
0 -0 1 0.719403
0.0173648 -0.0984808 0.994987 0.718974
0.0347296 -0.196962 0.979796 0.705171
0.0520945 -0.295442 0.953939 0.699537
0.0694593 -0.393923 0.916515 0.70193
0.0868241 -0.492404 0.866025 0.702545
0.104189 -0.590885 0.8 0.695638
0.121554 -0.689365 0.714143 0.702318
0.138919 -0.787846 0.6 0.711611
0.156283 -0.886327 0.43589 0.695181
0.173648 -0.984808 1.49012e-08 0.681261
0 -0 1 0.719403
0.034202 -0.0939693 0.994987 0.719799
0.068404 -0.187939 0.979796 0.707423
0.102606 -0.281908 0.953939 0.700284
0.136808 -0.375877 0.916515 0.684867
0.17101 -0.469846 0.866025 0.683244
0.205212 -0.563816 0.8 0.700356
0.239414 -0.657785 0.714143 0.711667
0.273616 -0.751754 0.6 0.715693
0.307818 -0.845723 0.43589 0.691902
0.34202 -0.939693 1.49012e-08 0.681261
0 -0 1 0.719403
0.05 -0.0866025 0.994987 0.720246
0.1 -0.173205 0.979796 0.712427
0.15 -0.259808 0.953939 0.700574
0.2 -0.34641 0.916515 0.664877
0.25 -0.433013 0.866025 0.655786
0.3 -0.519615 0.8 0.704315
0.35 -0.606218 0.714143 0.720078
0.4 -0.69282 0.6 0.716767
0.45 -0.779423 0.43589 0.69649
0.5 -0.866025 1.49012e-08 0.681261
0 -0 1 0.719403
0.0642788 -0.0766044 0.994987 0.720262
0.128558 -0.153209 0.979796 0.716198
0.192836 -0.229813 0.953939 0.702355
0.257115 -0.306418 0.916515 0.66074
0.321394 -0.383022 0.866025 0.66385
0.385673 -0.459627 0.8 0.702919
0.449951 -0.536231 0.714143 0.718301
0.51423 -0.612836 0.6 0.718056
0.578509 -0.68944 0.43589 0.696969
0.642788 -0.766044 1.49012e-08 0.681261
0 -0 1 0.719403
0.0766044 -0.0642788 0.994987 0.719915
0.153209 -0.128558 0.979796 0.718227
0.229813 -0.192836 0.953939 0.704678
0.306418 -0.257115 0.916515 0.681875
0.383022 -0.321394 0.866025 0.689555
0.459627 -0.385673 0.8 0.703019
0.536231 -0.449951 0.714143 0.703973
0.612836 -0.51423 0.6 0.712221
0.68944 -0.578509 0.43589 0.701397
0.766044 -0.642788 1.49012e-08 0.681261
0 -0 1 0.719403
0.0866025 -0.05 0.994987 0.719971
0.173205 -0.1 0.979796 0.719209
0.259808 -0.15 0.953939 0.703936
0.34641 -0.2 0.916515 0.696573
0.433013 -0.25 0.866025 0.708138
0.519615 -0.3 0.8 0.711894
0.606218 -0.35 0.714143 0.700266
0.69282 -0.4 0.6 0.705532
0.779423 -0.45 0.43589 0.701365
0.866025 -0.5 1.49012e-08 0.681261
0 -0 1 0.719403
0.0939693 -0.034202 0.994987 0.720604
0.187939 -0.068404 0.979796 0.719711
0.281908 -0.102606 0.953939 0.705045
0.375877 -0.136808 0.916515 0.694495
0.469846 -0.17101 0.866025 0.712288
0.563816 -0.205212 0.8 0.71957
0.657785 -0.239414 0.714143 0.71429
0.751754 -0.273616 0.6 0.708908
0.845723 -0.307818 0.43589 0.706359
0.939693 -0.34202 1.49012e-08 0.681261
0 -0 1 0.719403
0.0984808 -0.0173648 0.994987 0.72124
0.196962 -0.0347296 0.979796 0.719977
0.295442 -0.0520945 0.953939 0.707108
0.393923 -0.0694593 0.916515 0.6994
0.492404 -0.0868241 0.866025 0.710297
0.590885 -0.104189 0.8 0.717984
0.689365 -0.121554 0.714143 0.709889
0.787846 -0.138919 0.6 0.705272
0.886327 -0.156283 0.43589 0.692289
0.984808 -0.173648 1.49012e-08 0.681261
0 -0 1 0.719403
0.1 -2.44929e-17 0.994987 0.721779
0.2 -4.89859e-17 0.979796 0.719639
0.3 -7.34788e-17 0.953939 0.703634
0.4 -9.79717e-17 0.916515 0.704605
0.5 -1.22465e-16 0.866025 0.701977
0.6 -1.46958e-16 0.8 0.715927
0.7 -1.71451e-16 0.714143 0.704184
0.8 -1.95943e-16 0.6 0.697053
0.9 -2.20436e-16 0.43589 0.705184
1 -2.44929e-16 1.49012e-08 0.681261
