0 0 1 0.643163
0.1 0 0.994987 0.627376
0.2 0 0.979796 0.572982
0.3 0 0.953939 0.469357
0.4 0 0.916515 0.514522
0.5 0 0.866025 0.616622
0.6 0 0.8 0.667971
0.7 0 0.714143 0.685316
0.8 0 0.6 0.687456
0.9 0 0.43589 0.654964
1 0 1.49012e-08 0.653736
0 0 1 0.643163
0.0984808 0.0173648 0.994987 0.626473
0.196962 0.0347296 0.979796 0.580517
0.295442 0.0520945 0.953939 0.502727
0.393923 0.0694593 0.916515 0.547893
0.492404 0.0868241 0.866025 0.629315
0.590885 0.104189 0.8 0.67324
0.689365 0.121554 0.714143 0.683704
0.787846 0.138919 0.6 0.677795
0.886327 0.156283 0.43589 0.649541
0.984808 0.173648 1.49012e-08 0.653736
0 0 1 0.643163
0.0939693 0.034202 0.994987 0.626239
0.187939 0.068404 0.979796 0.594837
0.281908 0.102606 0.953939 0.556897
0.375877 0.136808 0.916515 0.589459
0.469846 0.17101 0.866025 0.632086
0.563816 0.205212 0.8 0.654075
0.657785 0.239414 0.714143 0.675111
0.751754 0.273616 0.6 0.66592
0.845723 0.307818 0.43589 0.596053
0.939693 0.34202 1.49012e-08 0.653736
0 0 1 0.643163
0.0866025 0.05 0.994987 0.626432
0.173205 0.1 0.979796 0.610662
0.259808 0.15 0.953939 0.600263
0.34641 0.2 0.916515 0.623463
0.433013 0.25 0.866025 0.63552
0.519615 0.3 0.8 0.609371
0.606218 0.35 0.714143 0.639716
0.69282 0.4 0.6 0.594526
0.779423 0.45 0.43589 0.413887
0.866025 0.5 1.49012e-08 0.653736
0 0 1 0.643163
0.0766044 0.0642788 0.994987 0.627201
0.153209 0.128558 0.979796 0.624086
0.229813 0.192836 0.953939 0.629891
0.306418 0.257115 0.916515 0.647732
0.383022 0.321394 0.866025 0.654628
0.459627 0.385673 0.8 0.644535
0.536231 0.449951 0.714143 0.638426
0.612836 0.51423 0.6 0.560907
0.68944 0.578509 0.43589 0.546206
0.766044 0.642788 1.49012e-08 0.653736
0 0 1 0.643163
0.0642788 0.0766044 0.994987 0.627874
0.128558 0.153209 0.979796 0.633256
0.192836 0.229813 0.953939 0.646709
0.257115 0.306418 0.916515 0.659098
0.321394 0.383022 0.866025 0.667917
0.385673 0.459627 0.8 0.666192
0.449951 0.536231 0.714143 0.648688
0.51423 0.612836 0.6 0.606871
0.578509 0.68944 0.43589 0.623969
0.642788 0.766044 1.49012e-08 0.653736
0 0 1 0.643163
0.05 0.0866025 0.994987 0.627564
0.1 0.173205 0.979796 0.637714
0.15 0.259808 0.953939 0.654586
0.2 0.34641 0.916515 0.655836
0.25 0.433013 0.866025 0.665796
0.3 0.519615 0.8 0.66449
0.35 0.606218 0.714143 0.643964
0.4 0.69282 0.6 0.635856
0.45 0.779423 0.43589 0.644644
0.5 0.866025 1.49012e-08 0.653736
0 0 1 0.643163
0.034202 0.0939693 0.994987 0.625697
0.068404 0.187939 0.979796 0.637137
0.102606 0.281908 0.953939 0.656749
0.136808 0.375877 0.916515 0.657154
0.17101 0.469846 0.866025 0.656559
0.205212 0.563816 0.8 0.644877
0.239414 0.657785 0.714143 0.631026
0.273616 0.751754 0.6 0.65108
0.307818 0.845723 0.43589 0.645099
0.34202 0.939693 1.49012e-08 0.653736
0 0 1 0.643163
0.0173648 0.0984808 0.994987 0.622064
0.0347296 0.196962 0.979796 0.630694
0.0520945 0.295442 0.953939 0.654341
0.0694593 0.393923 0.916515 0.66023
0.0868241 0.492404 0.866025 0.645128
0.104189 0.590885 0.8 0.599557
0.121554 0.689365 0.714143 0.60027
0.138919 0.787846 0.6 0.653282
0.156283 0.886327 0.43589 0.64576
0.173648 0.984808 1.49012e-08 0.653736
0 0 1 0.643163
6.12323e-18 0.1 0.994987 0.617046
1.22465e-17 0.2 0.979796 0.617839
1.83697e-17 0.3 0.953939 0.647356
2.44929e-17 0.4 0.916515 0.655901
3.06162e-17 0.5 0.866025 0.637282
3.67394e-17 0.6 0.8 0.577272
4.28626e-17 0.7 0.714143 0.583625
4.89859e-17 0.8 0.6 0.652
5.51091e-17 0.9 0.43589 0.653621
6.12323e-17 1 1.49012e-08 0.653736
-0 0 1 0.643163
-0.0173648 0.0984808 0.994987 0.611766
-0.0347296 0.196962 0.979796 0.599637
-0.0520945 0.295442 0.953939 0.637472
-0.0694593 0.393923 0.916515 0.650568
-0.0868241 0.492404 0.866025 0.638113
-0.104189 0.590885 0.8 0.612172
-0.121554 0.689365 0.714143 0.621758
-0.138919 0.787846 0.6 0.648979
-0.156283 0.886327 0.43589 0.653845
-0.173648 0.984808 1.49012e-08 0.653736
-0 0 1 0.643163
-0.034202 0.0939693 0.994987 0.608232
-0.068404 0.187939 0.979796 0.588494
-0.102606 0.281908 0.953939 0.63031
-0.136808 0.375877 0.916515 0.64206
-0.17101 0.469846 0.866025 0.631535
-0.205212 0.563816 0.8 0.612684
-0.239414 0.657785 0.714143 0.637541
-0.273616 0.751754 0.6 0.65333
-0.307818 0.845723 0.43589 0.647424
-0.34202 0.939693 1.49012e-08 0.653736
-0 0 1 0.643163
-0.05 0.0866025 0.994987 0.609584
-0.1 0.173205 0.979796 0.599991
-0.15 0.259808 0.953939 0.626715
-0.2 0.34641 0.916515 0.630158
-0.25 0.433013 0.866025 0.619331
-0.3 0.519615 0.8 0.615113
-0.35 0.606218 0.714143 0.637934
-0.4 0.69282 0.6 0.652028
-0.45 0.779423 0.43589 0.640649
-0.5 0.866025 1.49012e-08 0.653736
-0 0 1 0.643163
-0.0642788 0.0766044 0.994987 0.616156
-0.128558 0.153209 0.979796 0.61504
-0.192836 0.229813 0.953939 0.621753
-0.257115 0.306418 0.916515 0.613117
-0.321394 0.383022 0.866025 0.588857
-0.385673 0.459627 0.8 0.582721
-0.449951 0.536231 0.714143 0.615729
-0.51423 0.612836 0.6 0.631946
-0.578509 0.68944 0.43589 0.630159
-0.642788 0.766044 1.49012e-08 0.653736
-0 0 1 0.643163
-0.0766044 0.0642788 0.994987 0.624718
-0.153209 0.128558 0.979796 0.627745
-0.229813 0.192836 0.953939 0.621479
-0.306418 0.257115 0.916515 0.595668
-0.383022 0.321394 0.866025 0.534654
-0.459627 0.385673 0.8 0.49159
-0.536231 0.449951 0.714143 0.558449
-0.612836 0.51423 0.6 0.610655
-0.68944 0.578509 0.43589 0.605753
-0.766044 0.642788 1.49012e-08 0.653736
-0 0 1 0.643163
-0.0866025 0.05 0.994987 0.632903
-0.173205 0.1 0.979796 0.638135
-0.259808 0.15 0.953939 0.629432
-0.34641 0.2 0.916515 0.588229
-0.433013 0.25 0.866025 0.485184
-0.519615 0.3 0.8 0.373103
-0.606218 0.35 0.714143 0.491694
-0.69282 0.4 0.6 0.620906
-0.779423 0.45 0.43589 0.650094
-0.866025 0.5 1.49012e-08 0.653736
-0 0 1 0.643163
-0.0939693 0.034202 0.994987 0.639889
-0.187939 0.068404 0.979796 0.646347
-0.281908 0.102606 0.953939 0.637143
-0.375877 0.136808 0.916515 0.597631
-0.469846 0.17101 0.866025 0.515083
-0.563816 0.205212 0.8 0.467931
-0.657785 0.239414 0.714143 0.546549
-0.751754 0.273616 0.6 0.623878
-0.845723 0.307818 0.43589 0.670083
-0.939693 0.34202 1.49012e-08 0.653736
-0 0 1 0.643163
-0.0984808 0.0173648 0.994987 0.645465
-0.196962 0.0347296 0.979796 0.65229
-0.295442 0.0520945 0.953939 0.644337
-0.393923 0.0694593 0.916515 0.615937
-0.492404 0.0868241 0.866025 0.584764
-0.590885 0.104189 0.8 0.590806
-0.689365 0.121554 0.714143 0.622472
-0.787846 0.138919 0.6 0.663046
-0.886327 0.156283 0.43589 0.656614
-0.984808 0.173648 1.49012e-08 0.653736
-0 0 1 0.643163
-0.1 1.22465e-17 0.994987 0.649649
-0.2 2.44929e-17 0.979796 0.656059
-0.3 3.67394e-17 0.953939 0.649257
-0.4 4.89859e-17 0.916515 0.625625
-0.5 6.12323e-17 0.866025 0.621045
-0.6 7.34788e-17 0.8 0.649586
-0.7 8.57253e-17 0.714143 0.657444
-0.8 9.79717e-17 0.6 0.623995
-0.9 1.10218e-16 0.43589 0.677386
-1 1.22465e-16 1.49012e-08 0.653736
-0 -0 1 0.643163
-0.0984808 -0.0173648 0.994987 0.652547
-0.196962 -0.0347296 0.979796 0.658256
-0.295442 -0.0520945 0.953939 0.650653
-0.393923 -0.0694593 0.916515 0.62399
-0.492404 -0.0868241 0.866025 0.629497
-0.590885 -0.104189 0.8 0.666833
-0.689365 -0.121554 0.714143 0.680314
-0.787846 -0.138919 0.6 0.67374
-0.886327 -0.156283 0.43589 0.597606
-0.984808 -0.173648 1.49012e-08 0.653736
-0 -0 1 0.643163
-0.0939693 -0.034202 0.994987 0.654291
-0.187939 -0.068404 0.979796 0.659304
-0.281908 -0.102606 0.953939 0.649718
-0.375877 -0.136808 0.916515 0.607324
-0.469846 -0.17101 0.866025 0.603429
-0.563816 -0.205212 0.8 0.659643
-0.657785 -0.239414 0.714143 0.67446
-0.751754 -0.273616 0.6 0.676316
-0.845723 -0.307818 0.43589 0.653635
-0.939693 -0.34202 1.49012e-08 0.653736
-0 -0 1 0.643163
-0.0866025 -0.05 0.994987 0.655092
-0.173205 -0.1 0.979796 0.658424
-0.259808 -0.15 0.953939 0.649675
-0.34641 -0.2 0.916515 0.60026
-0.433013 -0.25 0.866025 0.567821
-0.519615 -0.3 0.8 0.648273
-0.606218 -0.35 0.714143 0.674642
-0.69282 -0.4 0.6 0.648791
-0.779423 -0.45 0.43589 0.668968
-0.866025 -0.5 1.49012e-08 0.653736
-0 -0 1 0.643163
-0.0766044 -0.0642788 0.994987 0.655286
-0.153209 -0.128558 0.979796 0.655018
-0.229813 -0.192836 0.953939 0.652093
-0.306418 -0.257115 0.916515 0.621003
-0.383022 -0.321394 0.866025 0.597535
-0.459627 -0.385673 0.8 0.639193
-0.536231 -0.449951 0.714143 0.656016
-0.612836 -0.51423 0.6 0.638322
-0.68944 -0.578509 0.43589 0.649106
-0.766044 -0.642788 1.49012e-08 0.653736
-0 -0 1 0.643163
-0.0642788 -0.0766044 0.994987 0.655238
-0.128558 -0.153209 0.979796 0.649158
-0.192836 -0.229813 0.953939 0.65515
-0.257115 -0.306418 0.916515 0.641451
-0.321394 -0.383022 0.866025 0.621749
-0.385673 -0.459627 0.8 0.61477
-0.449951 -0.536231 0.714143 0.611469
-0.51423 -0.612836 0.6 0.593694
-0.578509 -0.68944 0.43589 0.611971
-0.642788 -0.766044 1.49012e-08 0.653736
-0 -0 1 0.643163
-0.05 -0.0866025 0.994987 0.655193
-0.1 -0.173205 0.979796 0.645331
-0.15 -0.259808 0.953939 0.65648
-0.2 -0.34641 0.916515 0.650212
-0.25 -0.433013 0.866025 0.629864
-0.3 -0.519615 0.8 0.59153
-0.35 -0.606218 0.714143 0.528673
-0.4 -0.69282 0.6 0.497883
-0.45 -0.779423 0.43589 0.589761
-0.5 -0.866025 1.49012e-08 0.653736
-0 -0 1 0.643163
-0.034202 -0.0939693 0.994987 0.655122
-0.068404 -0.187939 0.979796 0.649899
-0.102606 -0.281908 0.953939 0.656456
-0.136808 -0.375877 0.916515 0.650272
-0.17101 -0.469846 0.866025 0.627546
-0.205212 -0.563816 0.8 0.566726
-0.239414 -0.657785 0.714143 0.41676
-0.273616 -0.751754 0.6 0.384069
-0.307818 -0.845723 0.43589 0.579758
-0.34202 -0.939693 1.49012e-08 0.653736
-0 -0 1 0.643163
-0.0173648 -0.0984808 0.994987 0.654761
-0.0347296 -0.196962 0.979796 0.654169
-0.0520945 -0.295442 0.953939 0.655131
-0.0694593 -0.393923 0.916515 0.6465
-0.0868241 -0.492404 0.866025 0.623659
-0.104189 -0.590885 0.8 0.572685
-0.121554 -0.689365 0.714143 0.471619
-0.138919 -0.787846 0.6 0.441065
-0.156283 -0.886327 0.43589 0.585527
-0.173648 -0.984808 1.49012e-08 0.653736
-0 -0 1 0.643163
-1.83697e-17 -0.1 0.994987 0.65382
-3.67394e-17 -0.2 0.979796 0.654749
-5.51091e-17 -0.3 0.953939 0.649453
-7.34788e-17 -0.4 0.916515 0.634735
-9.18485e-17 -0.5 0.866025 0.617794
-1.10218e-16 -0.6 0.8 0.596895
-1.28588e-16 -0.7 0.714143 0.555845
-1.46958e-16 -0.8 0.6 0.541574
-1.65327e-16 -0.9 0.43589 0.593938
-1.83697e-16 -1 1.49012e-08 0.653736
0 -0 1 0.643163
0.0173648 -0.0984808 0.994987 0.652144
0.0347296 -0.196962 0.979796 0.652252
0.0520945 -0.295442 0.953939 0.639651
0.0694593 -0.393923 0.916515 0.60941
0.0868241 -0.492404 0.866025 0.613921
0.104189 -0.590885 0.8 0.624768
0.121554 -0.689365 0.714143 0.611599
0.138919 -0.787846 0.6 0.601595
0.156283 -0.886327 0.43589 0.612676
0.173648 -0.984808 1.49012e-08 0.653736
0 -0 1 0.643163
0.034202 -0.0939693 0.994987 0.649816
0.068404 -0.187939 0.979796 0.647577
0.102606 -0.281908 0.953939 0.631223
0.136808 -0.375877 0.916515 0.590518
0.17101 -0.469846 0.866025 0.613552
0.205212 -0.563816 0.8 0.646929
0.239414 -0.657785 0.714143 0.640663
0.273616 -0.751754 0.6 0.628578
0.307818 -0.845723 0.43589 0.636224
0.34202 -0.939693 1.49012e-08 0.653736
0 -0 1 0.643163
0.05 -0.0866025 0.994987 0.646926
0.1 -0.173205 0.979796 0.640758
0.15 -0.259808 0.953939 0.628071
0.2 -0.34641 0.916515 0.619867
0.25 -0.433013 0.866025 0.641938
0.3 -0.519615 0.8 0.661852
0.35 -0.606218 0.714143 0.654771
0.4 -0.69282 0.6 0.633007
0.45 -0.779423 0.43589 0.654761
0.5 -0.866025 1.49012e-08 0.653736
0 -0 1 0.643163
0.0642788 -0.0766044 0.994987 0.643431
0.128558 -0.153209 0.979796 0.631105
0.192836 -0.229813 0.953939 0.619077
0.257115 -0.306418 0.916515 0.630941
0.321394 -0.383022 0.866025 0.657335
0.385673 -0.459627 0.8 0.669924
0.449951 -0.536231 0.714143 0.656264
0.51423 -0.612836 0.6 0.616699
0.578509 -0.68944 0.43589 0.662801
0.642788 -0.766044 1.49012e-08 0.653736
0 -0 1 0.643163
0.0766044 -0.0642788 0.994987 0.639542
0.153209 -0.128558 0.979796 0.618147
0.229813 -0.192836 0.953939 0.600884
0.306418 -0.257115 0.916515 0.620644
0.383022 -0.321394 0.866025 0.655496
0.459627 -0.385673 0.8 0.662709
0.536231 -0.449951 0.714143 0.664699
0.612836 -0.51423 0.6 0.59115
0.68944 -0.578509 0.43589 0.652819
0.766044 -0.642788 1.49012e-08 0.653736
0 -0 1 0.643163
0.0866025 -0.05 0.994987 0.63561
0.173205 -0.1 0.979796 0.602542
0.259808 -0.15 0.953939 0.565458
0.34641 -0.2 0.916515 0.586437
0.433013 -0.25 0.866025 0.641366
0.519615 -0.3 0.8 0.670682
0.606218 -0.35 0.714143 0.679666
0.69282 -0.4 0.6 0.662759
0.779423 -0.45 0.43589 0.654084
0.866025 -0.5 1.49012e-08 0.653736
0 -0 1 0.643163
0.0939693 -0.034202 0.994987 0.632049
0.187939 -0.068404 0.979796 0.586903
0.281908 -0.102606 0.953939 0.51604
0.375877 -0.136808 0.916515 0.535279
0.469846 -0.17101 0.866025 0.6208
0.563816 -0.205212 0.8 0.654622
0.657785 -0.239414 0.714143 0.656489
0.751754 -0.273616 0.6 0.666233
0.845723 -0.307818 0.43589 0.643068
0.939693 -0.34202 1.49012e-08 0.653736
0 -0 1 0.643163
0.0984808 -0.0173648 0.994987 0.629233
0.196962 -0.0347296 0.979796 0.575593
0.295442 -0.0520945 0.953939 0.476813
0.393923 -0.0694593 0.916515 0.502687
0.492404 -0.0868241 0.866025 0.608407
0.590885 -0.104189 0.8 0.645736
0.689365 -0.121554 0.714143 0.629883
0.787846 -0.138919 0.6 0.651548
0.886327 -0.156283 0.43589 0.557545
0.984808 -0.173648 1.49012e-08 0.653736
0 -0 1 0.643163
0.1 -2.44929e-17 0.994987 0.627376
0.2 -4.89859e-17 0.979796 0.572982
0.3 -7.34788e-17 0.953939 0.469357
0.4 -9.79717e-17 0.916515 0.514522
0.5 -1.22465e-16 0.866025 0.616622
0.6 -1.46958e-16 0.8 0.667971
0.7 -1.71451e-16 0.714143 0.685316
0.8 -1.95943e-16 0.6 0.687456
0.9 -2.20436e-16 0.43589 0.654964
1 -2.44929e-16 1.49012e-08 0.653736
