0 0 1 0.668642
0.1 0 0.994987 0.675132
0.2 0 0.979796 0.679367
0.3 0 0.953939 0.677675
0.4 0 0.916515 0.699097
0.5 0 0.866025 0.714964
0.6 0 0.8 0.715671
0.7 0 0.714143 0.719872
0.8 0 0.6 0.717349
0.9 0 0.43589 0.710038
1 0 1.49012e-08 0.699886
0 0 1 0.668642
0.0984808 0.0173648 0.994987 0.678679
0.196962 0.0347296 0.979796 0.686273
0.295442 0.0520945 0.953939 0.689318
0.393923 0.0694593 0.916515 0.700353
0.492404 0.0868241 0.866025 0.713747
0.590885 0.104189 0.8 0.716259
0.689365 0.121554 0.714143 0.706293
0.787846 0.138919 0.6 0.715829
0.886327 0.156283 0.43589 0.703497
0.984808 0.173648 1.49012e-08 0.699886
0 0 1 0.668642
0.0939693 0.034202 0.994987 0.681717
0.187939 0.068404 0.979796 0.692252
0.281908 0.102606 0.953939 0.695515
0.375877 0.136808 0.916515 0.694133
0.469846 0.17101 0.866025 0.699122
0.563816 0.205212 0.8 0.697507
0.657785 0.239414 0.714143 0.708132
0.751754 0.273616 0.6 0.706146
0.845723 0.307818 0.43589 0.653641
0.939693 0.34202 1.49012e-08 0.699886
0 0 1 0.668642
0.0866025 0.05 0.994987 0.683883
0.173205 0.1 0.979796 0.696073
0.259808 0.15 0.953939 0.69886
0.34641 0.2 0.916515 0.686057
0.433013 0.25 0.866025 0.65751
0.519615 0.3 0.8 0.679007
0.606218 0.35 0.714143 0.690342
0.69282 0.4 0.6 0.67549
0.779423 0.45 0.43589 0.660836
0.866025 0.5 1.49012e-08 0.699886
0 0 1 0.668642
0.0766044 0.0642788 0.994987 0.684995
0.153209 0.128558 0.979796 0.697566
0.229813 0.192836 0.953939 0.699867
0.306418 0.257115 0.916515 0.682655
0.383022 0.321394 0.866025 0.635405
0.459627 0.385673 0.8 0.664743
0.536231 0.449951 0.714143 0.684816
0.612836 0.51423 0.6 0.651037
0.68944 0.578509 0.43589 0.675849
0.766044 0.642788 1.49012e-08 0.699886
0 0 1 0.668642
0.0642788 0.0766044 0.994987 0.685059
0.128558 0.153209 0.979796 0.699031
0.192836 0.229813 0.953939 0.703173
0.257115 0.306418 0.916515 0.69129
0.321394 0.383022 0.866025 0.676191
0.385673 0.459627 0.8 0.684205
0.449951 0.536231 0.714143 0.682672
0.51423 0.612836 0.6 0.631812
0.578509 0.68944 0.43589 0.688024
0.642788 0.766044 1.49012e-08 0.699886
0 0 1 0.668642
0.05 0.0866025 0.994987 0.684149
0.1 0.173205 0.979796 0.702495
0.15 0.259808 0.953939 0.707525
0.2 0.34641 0.916515 0.697201
0.25 0.433013 0.866025 0.691892
0.3 0.519615 0.8 0.696917
0.35 0.606218 0.714143 0.690283
0.4 0.69282 0.6 0.665878
0.45 0.779423 0.43589 0.698928
0.5 0.866025 1.49012e-08 0.699886
0 0 1 0.668642
0.034202 0.0939693 0.994987 0.682316
0.068404 0.187939 0.979796 0.704519
0.102606 0.281908 0.953939 0.708985
0.136808 0.375877 0.916515 0.696129
0.17101 0.469846 0.866025 0.696283
0.205212 0.563816 0.8 0.699771
0.239414 0.657785 0.714143 0.694129
0.273616 0.751754 0.6 0.672097
0.307818 0.845723 0.43589 0.706236
0.34202 0.939693 1.49012e-08 0.699886
0 0 1 0.668642
0.0173648 0.0984808 0.994987 0.679679
0.0347296 0.196962 0.979796 0.704721
0.0520945 0.295442 0.953939 0.708962
0.0694593 0.393923 0.916515 0.688532
0.0868241 0.492404 0.866025 0.700206
0.104189 0.590885 0.8 0.702929
0.121554 0.689365 0.714143 0.684604
0.138919 0.787846 0.6 0.662269
0.156283 0.886327 0.43589 0.709684
0.173648 0.984808 1.49012e-08 0.699886
0 0 1 0.668642
6.12323e-18 0.1 0.994987 0.676528
1.22465e-17 0.2 0.979796 0.704316
1.83697e-17 0.3 0.953939 0.710482
2.44929e-17 0.4 0.916515 0.698135
3.06162e-17 0.5 0.866025 0.702197
3.67394e-17 0.6 0.8 0.706411
4.28626e-17 0.7 0.714143 0.680085
4.89859e-17 0.8 0.6 0.673452
5.51091e-17 0.9 0.43589 0.708471
6.12323e-17 1 1.49012e-08 0.699886
-0 0 1 0.668642
-0.0173648 0.0984808 0.994987 0.673247
-0.0347296 0.196962 0.979796 0.704565
-0.0520945 0.295442 0.953939 0.71348
-0.0694593 0.393923 0.916515 0.704386
-0.0868241 0.492404 0.866025 0.699166
-0.104189 0.590885 0.8 0.706796
-0.121554 0.689365 0.714143 0.690524
-0.138919 0.787846 0.6 0.667066
-0.156283 0.886327 0.43589 0.703055
-0.173648 0.984808 1.49012e-08 0.699886
-0 0 1 0.668642
-0.034202 0.0939693 0.994987 0.670585
-0.068404 0.187939 0.979796 0.704162
-0.102606 0.281908 0.953939 0.713829
-0.136808 0.375877 0.916515 0.705258
-0.17101 0.469846 0.866025 0.688366
-0.205212 0.563816 0.8 0.708379
-0.239414 0.657785 0.714143 0.692372
-0.273616 0.751754 0.6 0.647209
-0.307818 0.845723 0.43589 0.69534
-0.34202 0.939693 1.49012e-08 0.699886
-0 0 1 0.668642
-0.05 0.0866025 0.994987 0.669363
-0.1 0.173205 0.979796 0.703133
-0.15 0.259808 0.953939 0.713231
-0.2 0.34641 0.916515 0.710644
-0.25 0.433013 0.866025 0.701569
-0.3 0.519615 0.8 0.71214
-0.35 0.606218 0.714143 0.701009
-0.4 0.69282 0.6 0.654205
-0.45 0.779423 0.43589 0.682784
-0.5 0.866025 1.49012e-08 0.699886
-0 0 1 0.668642
-0.0642788 0.0766044 0.994987 0.669913
-0.128558 0.153209 0.979796 0.701921
-0.192836 0.229813 0.953939 0.707938
-0.257115 0.306418 0.916515 0.714556
-0.321394 0.383022 0.866025 0.714201
-0.385673 0.459627 0.8 0.707941
-0.449951 0.536231 0.714143 0.70463
-0.51423 0.612836 0.6 0.667189
-0.578509 0.68944 0.43589 0.676195
-0.642788 0.766044 1.49012e-08 0.699886
-0 0 1 0.668642
-0.0766044 0.0642788 0.994987 0.672108
-0.153209 0.128558 0.979796 0.700417
-0.229813 0.192836 0.953939 0.699582
-0.306418 0.257115 0.916515 0.71068
-0.383022 0.321394 0.866025 0.717245
-0.459627 0.385673 0.8 0.705154
-0.536231 0.449951 0.714143 0.695569
-0.612836 0.51423 0.6 0.663364
-0.68944 0.578509 0.43589 0.679893
-0.766044 0.642788 1.49012e-08 0.699886
-0 0 1 0.668642
-0.0866025 0.05 0.994987 0.674448
-0.173205 0.1 0.979796 0.700226
-0.259808 0.15 0.953939 0.698697
-0.34641 0.2 0.916515 0.706838
-0.433013 0.25 0.866025 0.711287
-0.519615 0.3 0.8 0.709638
-0.606218 0.35 0.714143 0.68531
-0.69282 0.4 0.6 0.666602
-0.779423 0.45 0.43589 0.677747
-0.866025 0.5 1.49012e-08 0.699886
-0 0 1 0.668642
-0.0939693 0.034202 0.994987 0.676222
-0.187939 0.068404 0.979796 0.700329
-0.281908 0.102606 0.953939 0.701677
-0.375877 0.136808 0.916515 0.703816
-0.469846 0.17101 0.866025 0.700575
-0.563816 0.205212 0.8 0.700424
-0.657785 0.239414 0.714143 0.689081
-0.751754 0.273616 0.6 0.639437
-0.845723 0.307818 0.43589 0.659269
-0.939693 0.34202 1.49012e-08 0.699886
-0 0 1 0.668642
-0.0984808 0.0173648 0.994987 0.677326
-0.196962 0.0347296 0.979796 0.699759
-0.295442 0.0520945 0.953939 0.701549
-0.393923 0.0694593 0.916515 0.704149
-0.492404 0.0868241 0.866025 0.682513
-0.590885 0.104189 0.8 0.684498
-0.689365 0.121554 0.714143 0.680049
-0.787846 0.138919 0.6 0.696244
-0.886327 0.156283 0.43589 0.659559
-0.984808 0.173648 1.49012e-08 0.699886
-0 0 1 0.668642
-0.1 1.22465e-17 0.994987 0.677932
-0.2 2.44929e-17 0.979796 0.698778
-0.3 3.67394e-17 0.953939 0.705719
-0.4 4.89859e-17 0.916515 0.709132
-0.5 6.12323e-17 0.866025 0.699115
-0.6 7.34788e-17 0.8 0.668764
-0.7 8.57253e-17 0.714143 0.703447
-0.8 9.79717e-17 0.6 0.721624
-0.9 1.10218e-16 0.43589 0.72112
-1 1.22465e-16 1.49012e-08 0.699886
-0 -0 1 0.668642
-0.0984808 -0.0173648 0.994987 0.678117
-0.196962 -0.0347296 0.979796 0.698492
-0.295442 -0.0520945 0.953939 0.710364
-0.393923 -0.0694593 0.916515 0.714015
-0.492404 -0.0868241 0.866025 0.71139
-0.590885 -0.104189 0.8 0.708594
-0.689365 -0.121554 0.714143 0.707417
-0.787846 -0.138919 0.6 0.701893
-0.886327 -0.156283 0.43589 0.71936
-0.984808 -0.173648 1.49012e-08 0.699886
-0 -0 1 0.668642
-0.0939693 -0.034202 0.994987 0.677728
-0.187939 -0.068404 0.979796 0.698605
-0.281908 -0.102606 0.953939 0.712902
-0.375877 -0.136808 0.916515 0.710738
-0.469846 -0.17101 0.866025 0.711845
-0.563816 -0.205212 0.8 0.708547
-0.657785 -0.239414 0.714143 0.694267
-0.751754 -0.273616 0.6 0.711483
-0.845723 -0.307818 0.43589 0.711945
-0.939693 -0.34202 1.49012e-08 0.699886
-0 -0 1 0.668642
-0.0866025 -0.05 0.994987 0.676413
-0.173205 -0.1 0.979796 0.701354
-0.259808 -0.15 0.953939 0.715486
-0.34641 -0.2 0.916515 0.714833
-0.433013 -0.25 0.866025 0.70492
-0.519615 -0.3 0.8 0.70571
-0.606218 -0.35 0.714143 0.708247
-0.69282 -0.4 0.6 0.69641
-0.779423 -0.45 0.43589 0.670089
-0.866025 -0.5 1.49012e-08 0.699886
-0 -0 1 0.668642
-0.0766044 -0.0642788 0.994987 0.673858
-0.153209 -0.128558 0.979796 0.703162
-0.229813 -0.192836 0.953939 0.715628
-0.306418 -0.257115 0.916515 0.712833
-0.383022 -0.321394 0.866025 0.706599
-0.459627 -0.385673 0.8 0.710097
-0.536231 -0.449951 0.714143 0.697767
-0.612836 -0.51423 0.6 0.637531
-0.68944 -0.578509 0.43589 0.657739
-0.766044 -0.642788 1.49012e-08 0.699886
-0 -0 1 0.668642
-0.0642788 -0.0766044 0.994987 0.674834
-0.128558 -0.153209 0.979796 0.702669
-0.192836 -0.229813 0.953939 0.713588
-0.257115 -0.306418 0.916515 0.706482
-0.321394 -0.383022 0.866025 0.691398
-0.385673 -0.459627 0.8 0.70618
-0.449951 -0.536231 0.714143 0.695508
-0.51423 -0.612836 0.6 0.671305
-0.578509 -0.68944 0.43589 0.692957
-0.642788 -0.766044 1.49012e-08 0.699886
-0 -0 1 0.668642
-0.05 -0.0866025 0.994987 0.677548
-0.1 -0.173205 0.979796 0.700216
-0.15 -0.259808 0.953939 0.708843
-0.2 -0.34641 0.916515 0.704828
-0.25 -0.433013 0.866025 0.691917
-0.3 -0.519615 0.8 0.705017
-0.35 -0.606218 0.714143 0.701846
-0.4 -0.69282 0.6 0.697982
-0.45 -0.779423 0.43589 0.704805
-0.5 -0.866025 1.49012e-08 0.699886
-0 -0 1 0.668642
-0.034202 -0.0939693 0.994987 0.678919
-0.068404 -0.187939 0.979796 0.696434
-0.102606 -0.281908 0.953939 0.703642
-0.136808 -0.375877 0.916515 0.700623
-0.17101 -0.469846 0.866025 0.689253
-0.205212 -0.563816 0.8 0.705203
-0.239414 -0.657785 0.714143 0.712919
-0.273616 -0.751754 0.6 0.710349
-0.307818 -0.845723 0.43589 0.701378
-0.34202 -0.939693 1.49012e-08 0.699886
-0 -0 1 0.668642
-0.0173648 -0.0984808 0.994987 0.679408
-0.0347296 -0.196962 0.979796 0.691496
-0.0520945 -0.295442 0.953939 0.700611
-0.0694593 -0.393923 0.916515 0.699789
-0.0868241 -0.492404 0.866025 0.691956
-0.104189 -0.590885 0.8 0.706877
-0.121554 -0.689365 0.714143 0.715445
-0.138919 -0.787846 0.6 0.709695
-0.156283 -0.886327 0.43589 0.703842
-0.173648 -0.984808 1.49012e-08 0.699886
-0 -0 1 0.668642
-1.83697e-17 -0.1 0.994987 0.679794
-3.67394e-17 -0.2 0.979796 0.688593
-5.51091e-17 -0.3 0.953939 0.701
-7.34788e-17 -0.4 0.916515 0.705278
-9.18485e-17 -0.5 0.866025 0.706826
-1.10218e-16 -0.6 0.8 0.713587
-1.28588e-16 -0.7 0.714143 0.710564
-1.46958e-16 -0.8 0.6 0.702437
-1.65327e-16 -0.9 0.43589 0.707881
-1.83697e-16 -1 1.49012e-08 0.699886
0 -0 1 0.668642
0.0173648 -0.0984808 0.994987 0.68009
0.0347296 -0.196962 0.979796 0.690026
0.0520945 -0.295442 0.953939 0.702852
0.0694593 -0.393923 0.916515 0.707833
0.0868241 -0.492404 0.866025 0.709552
0.104189 -0.590885 0.8 0.713398
0.121554 -0.689365 0.714143 0.699828
0.138919 -0.787846 0.6 0.692294
0.156283 -0.886327 0.43589 0.715384
0.173648 -0.984808 1.49012e-08 0.699886
0 -0 1 0.668642
0.034202 -0.0939693 0.994987 0.679964
0.068404 -0.187939 0.979796 0.690637
0.102606 -0.281908 0.953939 0.70437
0.136808 -0.375877 0.916515 0.710711
0.17101 -0.469846 0.866025 0.710088
0.205212 -0.563816 0.8 0.711277
0.239414 -0.657785 0.714143 0.702079
0.273616 -0.751754 0.6 0.690256
0.307818 -0.845723 0.43589 0.719284
0.34202 -0.939693 1.49012e-08 0.699886
0 -0 1 0.668642
0.05 -0.0866025 0.994987 0.679037
0.1 -0.173205 0.979796 0.688194
0.15 -0.259808 0.953939 0.700922
0.2 -0.34641 0.916515 0.709225
0.25 -0.433013 0.866025 0.706827
0.3 -0.519615 0.8 0.714936
0.35 -0.606218 0.714143 0.718095
0.4 -0.69282 0.6 0.698218
0.45 -0.779423 0.43589 0.719975
0.5 -0.866025 1.49012e-08 0.699886
0 -0 1 0.668642
0.0642788 -0.0766044 0.994987 0.677222
0.128558 -0.153209 0.979796 0.683363
0.192836 -0.229813 0.953939 0.691631
0.257115 -0.306418 0.916515 0.701624
0.321394 -0.383022 0.866025 0.711536
0.385673 -0.459627 0.8 0.72091
0.449951 -0.536231 0.714143 0.72311
0.51423 -0.612836 0.6 0.703117
0.578509 -0.68944 0.43589 0.713055
0.642788 -0.766044 1.49012e-08 0.699886
0 -0 1 0.668642
0.0766044 -0.0642788 0.994987 0.674749
0.153209 -0.128558 0.979796 0.677665
0.229813 -0.192836 0.953939 0.675811
0.306418 -0.257115 0.916515 0.689229
0.383022 -0.321394 0.866025 0.70951
0.459627 -0.385673 0.8 0.717051
0.536231 -0.449951 0.714143 0.71945
0.612836 -0.51423 0.6 0.709294
0.68944 -0.578509 0.43589 0.700119
0.766044 -0.642788 1.49012e-08 0.699886
0 -0 1 0.668642
0.0866025 -0.05 0.994987 0.672119
0.173205 -0.1 0.979796 0.672872
0.259808 -0.15 0.953939 0.652712
0.34641 -0.2 0.916515 0.672237
0.433013 -0.25 0.866025 0.700335
0.519615 -0.3 0.8 0.705943
0.606218 -0.35 0.714143 0.708708
0.69282 -0.4 0.6 0.70626
0.779423 -0.45 0.43589 0.705208
0.866025 -0.5 1.49012e-08 0.699886
0 -0 1 0.668642
0.0939693 -0.034202 0.994987 0.670518
0.187939 -0.068404 0.979796 0.670755
0.281908 -0.102606 0.953939 0.649818
0.375877 -0.136808 0.916515 0.672971
0.469846 -0.17101 0.866025 0.697437
0.563816 -0.205212 0.8 0.696141
0.657785 -0.239414 0.714143 0.692409
0.751754 -0.273616 0.6 0.659606
0.845723 -0.307818 0.43589 0.695635
0.939693 -0.34202 1.49012e-08 0.699886
0 -0 1 0.668642
0.0984808 -0.0173648 0.994987 0.671787
0.196962 -0.0347296 0.979796 0.67356
0.295442 -0.0520945 0.953939 0.665295
0.393923 -0.0694593 0.916515 0.688081
0.492404 -0.0868241 0.866025 0.70631
0.590885 -0.104189 0.8 0.707768
0.689365 -0.121554 0.714143 0.69266
0.787846 -0.138919 0.6 0.696655
0.886327 -0.156283 0.43589 0.693521
0.984808 -0.173648 1.49012e-08 0.699886
0 -0 1 0.668642
0.1 -2.44929e-17 0.994987 0.675132
0.2 -4.89859e-17 0.979796 0.679367
0.3 -7.34788e-17 0.953939 0.677675
0.4 -9.79717e-17 0.916515 0.699097
0.5 -1.22465e-16 0.866025 0.714964
0.6 -1.46958e-16 0.8 0.715671
0.7 -1.71451e-16 0.714143 0.719872
0.8 -1.95943e-16 0.6 0.717349
0.9 -2.20436e-16 0.43589 0.710038
1 -2.44929e-16 1.49012e-08 0.699886
