0 0 1 0.702497
0.1 0 0.994987 0.706916
0.2 0 0.979796 0.705502
0.3 0 0.953939 0.700987
0.4 0 0.916515 0.687758
0.5 0 0.866025 0.646825
0.6 0 0.8 0.594973
0.7 0 0.714143 0.672654
0.8 0 0.6 0.711609
0.9 0 0.43589 0.71769
1 0 1.49012e-08 0.699279
0 0 1 0.702497
0.0984808 0.0173648 0.994987 0.704813
0.196962 0.0347296 0.979796 0.702302
0.295442 0.0520945 0.953939 0.700762
0.393923 0.0694593 0.916515 0.688584
0.492404 0.0868241 0.866025 0.659626
0.590885 0.104189 0.8 0.630268
0.689365 0.121554 0.714143 0.668175
0.787846 0.138919 0.6 0.693316
0.886327 0.156283 0.43589 0.678307
0.984808 0.173648 1.49012e-08 0.699279
0 0 1 0.702497
0.0939693 0.034202 0.994987 0.70196
0.187939 0.068404 0.979796 0.698001
0.281908 0.102606 0.953939 0.700686
0.375877 0.136808 0.916515 0.686742
0.469846 0.17101 0.866025 0.658351
0.563816 0.205212 0.8 0.62106
0.657785 0.239414 0.714143 0.64256
0.751754 0.273616 0.6 0.69312
0.845723 0.307818 0.43589 0.704159
0.939693 0.34202 1.49012e-08 0.699279
0 0 1 0.702497
0.0866025 0.05 0.994987 0.69861
0.173205 0.1 0.979796 0.694166
0.259808 0.15 0.953939 0.700303
0.34641 0.2 0.916515 0.685318
0.433013 0.25 0.866025 0.659919
0.519615 0.3 0.8 0.651589
0.606218 0.35 0.714143 0.675724
0.69282 0.4 0.6 0.694792
0.779423 0.45 0.43589 0.691378
0.866025 0.5 1.49012e-08 0.699279
0 0 1 0.702497
0.0766044 0.0642788 0.994987 0.695465
0.153209 0.128558 0.979796 0.687884
0.229813 0.192836 0.953939 0.702048
0.306418 0.257115 0.916515 0.694344
0.383022 0.321394 0.866025 0.674318
0.459627 0.385673 0.8 0.660823
0.536231 0.449951 0.714143 0.68097
0.612836 0.51423 0.6 0.690785
0.68944 0.578509 0.43589 0.699386
0.766044 0.642788 1.49012e-08 0.699279
0 0 1 0.702497
0.0642788 0.0766044 0.994987 0.693804
0.128558 0.153209 0.979796 0.682558
0.192836 0.229813 0.953939 0.704077
0.257115 0.306418 0.916515 0.700613
0.321394 0.383022 0.866025 0.674731
0.385673 0.459627 0.8 0.64691
0.449951 0.536231 0.714143 0.670876
0.51423 0.612836 0.6 0.688955
0.578509 0.68944 0.43589 0.703566
0.642788 0.766044 1.49012e-08 0.699279
0 0 1 0.702497
0.05 0.0866025 0.994987 0.694738
0.1 0.173205 0.979796 0.685689
0.15 0.259808 0.953939 0.706021
0.2 0.34641 0.916515 0.705987
0.25 0.433013 0.866025 0.689032
0.3 0.519615 0.8 0.668941
0.35 0.606218 0.714143 0.662672
0.4 0.69282 0.6 0.671055
0.45 0.779423 0.43589 0.693076
0.5 0.866025 1.49012e-08 0.699279
0 0 1 0.702497
0.034202 0.0939693 0.994987 0.697871
0.068404 0.187939 0.979796 0.693619
0.102606 0.281908 0.953939 0.705689
0.136808 0.375877 0.916515 0.707297
0.17101 0.469846 0.866025 0.70045
0.205212 0.563816 0.8 0.68046
0.239414 0.657785 0.714143 0.636126
0.273616 0.751754 0.6 0.648609
0.307818 0.845723 0.43589 0.670652
0.34202 0.939693 1.49012e-08 0.699279
0 0 1 0.702497
0.0173648 0.0984808 0.994987 0.701824
0.0347296 0.196962 0.979796 0.700327
0.0520945 0.295442 0.953939 0.700323
0.0694593 0.393923 0.916515 0.708652
0.0868241 0.492404 0.866025 0.7007
0.104189 0.590885 0.8 0.683634
0.121554 0.689365 0.714143 0.632785
0.138919 0.787846 0.6 0.631768
0.156283 0.886327 0.43589 0.652104
0.173648 0.984808 1.49012e-08 0.699279
0 0 1 0.702497
6.12323e-18 0.1 0.994987 0.70549
1.22465e-17 0.2 0.979796 0.705766
1.83697e-17 0.3 0.953939 0.69608
2.44929e-17 0.4 0.916515 0.707858
3.06162e-17 0.5 0.866025 0.700799
3.67394e-17 0.6 0.8 0.684438
4.28626e-17 0.7 0.714143 0.658507
4.89859e-17 0.8 0.6 0.645903
5.51091e-17 0.9 0.43589 0.637404
6.12323e-17 1 1.49012e-08 0.699279
-0 0 1 0.702497
-0.0173648 0.0984808 0.994987 0.70836
-0.0347296 0.196962 0.979796 0.709963
-0.0520945 0.295442 0.953939 0.704924
-0.0694593 0.393923 0.916515 0.705629
-0.0868241 0.492404 0.866025 0.697779
-0.104189 0.590885 0.8 0.672914
-0.121554 0.689365 0.714143 0.678077
-0.138919 0.787846 0.6 0.6747
-0.156283 0.886327 0.43589 0.642534
-0.173648 0.984808 1.49012e-08 0.699279
-0 0 1 0.702497
-0.034202 0.0939693 0.994987 0.71026
-0.068404 0.187939 0.979796 0.712158
-0.102606 0.281908 0.953939 0.710616
-0.136808 0.375877 0.916515 0.702225
-0.17101 0.469846 0.866025 0.685491
-0.205212 0.563816 0.8 0.669131
-0.239414 0.657785 0.714143 0.684669
-0.273616 0.751754 0.6 0.697076
-0.307818 0.845723 0.43589 0.671395
-0.34202 0.939693 1.49012e-08 0.699279
-0 0 1 0.702497
-0.05 0.0866025 0.994987 0.711139
-0.1 0.173205 0.979796 0.71213
-0.15 0.259808 0.953939 0.712134
-0.2 0.34641 0.916515 0.70435
-0.25 0.433013 0.866025 0.671964
-0.3 0.519615 0.8 0.650518
-0.35 0.606218 0.714143 0.692108
-0.4 0.69282 0.6 0.708486
-0.45 0.779423 0.43589 0.696794
-0.5 0.866025 1.49012e-08 0.699279
-0 0 1 0.702497
-0.0642788 0.0766044 0.994987 0.71112
-0.128558 0.153209 0.979796 0.711354
-0.192836 0.229813 0.953939 0.712611
-0.257115 0.306418 0.916515 0.706285
-0.321394 0.383022 0.866025 0.684738
-0.385673 0.459627 0.8 0.674059
-0.449951 0.536231 0.714143 0.701628
-0.51423 0.612836 0.6 0.712969
-0.578509 0.68944 0.43589 0.713722
-0.642788 0.766044 1.49012e-08 0.699279
-0 0 1 0.702497
-0.0766044 0.0642788 0.994987 0.710407
-0.153209 0.128558 0.979796 0.711894
-0.229813 0.192836 0.953939 0.711209
-0.306418 0.257115 0.916515 0.7028
-0.383022 0.321394 0.866025 0.692641
-0.459627 0.385673 0.8 0.69331
-0.536231 0.449951 0.714143 0.712929
-0.612836 0.51423 0.6 0.70688
-0.68944 0.578509 0.43589 0.720423
-0.766044 0.642788 1.49012e-08 0.699279
-0 0 1 0.702497
-0.0866025 0.05 0.994987 0.71011
-0.173205 0.1 0.979796 0.711307
-0.259808 0.15 0.953939 0.708088
-0.34641 0.2 0.916515 0.694923
-0.433013 0.25 0.866025 0.685942
-0.519615 0.3 0.8 0.689244
-0.606218 0.35 0.714143 0.710438
-0.69282 0.4 0.6 0.717399
-0.779423 0.45 0.43589 0.705878
-0.866025 0.5 1.49012e-08 0.699279
-0 0 1 0.702497
-0.0939693 0.034202 0.994987 0.709279
-0.187939 0.068404 0.979796 0.708409
-0.281908 0.102606 0.953939 0.700884
-0.375877 0.136808 0.916515 0.690162
-0.469846 0.17101 0.866025 0.672938
-0.563816 0.205212 0.8 0.650651
-0.657785 0.239414 0.714143 0.690357
-0.751754 0.273616 0.6 0.704807
-0.845723 0.307818 0.43589 0.715642
-0.939693 0.34202 1.49012e-08 0.699279
-0 0 1 0.702497
-0.0984808 0.0173648 0.994987 0.708081
-0.196962 0.0347296 0.979796 0.704051
-0.295442 0.0520945 0.953939 0.687458
-0.393923 0.0694593 0.916515 0.677316
-0.492404 0.0868241 0.866025 0.670681
-0.590885 0.104189 0.8 0.678105
-0.689365 0.121554 0.714143 0.688479
-0.787846 0.138919 0.6 0.701213
-0.886327 0.156283 0.43589 0.693699
-0.984808 0.173648 1.49012e-08 0.699279
-0 0 1 0.702497
-0.1 1.22465e-17 0.994987 0.70656
-0.2 2.44929e-17 0.979796 0.700286
-0.3 3.67394e-17 0.953939 0.668557
-0.4 4.89859e-17 0.916515 0.66844
-0.5 6.12323e-17 0.866025 0.683103
-0.6 7.34788e-17 0.8 0.701786
-0.7 8.57253e-17 0.714143 0.712452
-0.8 9.79717e-17 0.6 0.711098
-0.9 1.10218e-16 0.43589 0.719119
-1 1.22465e-16 1.49012e-08 0.699279
-0 -0 1 0.702497
-0.0984808 -0.0173648 0.994987 0.704714
-0.196962 -0.0347296 0.979796 0.698763
-0.295442 -0.0520945 0.953939 0.668704
-0.393923 -0.0694593 0.916515 0.667289
-0.492404 -0.0868241 0.866025 0.681152
-0.590885 -0.104189 0.8 0.697053
-0.689365 -0.121554 0.714143 0.707013
-0.787846 -0.138919 0.6 0.707897
-0.886327 -0.156283 0.43589 0.687271
-0.984808 -0.173648 1.49012e-08 0.699279
-0 -0 1 0.702497
-0.0939693 -0.034202 0.994987 0.702553
-0.187939 -0.068404 0.979796 0.699075
-0.281908 -0.102606 0.953939 0.683821
-0.375877 -0.136808 0.916515 0.691583
-0.469846 -0.17101 0.866025 0.697333
-0.563816 -0.205212 0.8 0.694287
-0.657785 -0.239414 0.714143 0.663295
-0.751754 -0.273616 0.6 0.703223
-0.845723 -0.307818 0.43589 0.700777
-0.939693 -0.34202 1.49012e-08 0.699279
-0 -0 1 0.702497
-0.0866025 -0.05 0.994987 0.699971
-0.173205 -0.1 0.979796 0.702167
-0.259808 -0.15 0.953939 0.696176
-0.34641 -0.2 0.916515 0.708035
-0.433013 -0.25 0.866025 0.711547
-0.519615 -0.3 0.8 0.700259
-0.606218 -0.35 0.714143 0.687112
-0.69282 -0.4 0.6 0.700806
-0.779423 -0.45 0.43589 0.64254
-0.866025 -0.5 1.49012e-08 0.699279
-0 -0 1 0.702497
-0.0766044 -0.0642788 0.994987 0.696921
-0.153209 -0.128558 0.979796 0.704455
-0.229813 -0.192836 0.953939 0.705165
-0.306418 -0.257115 0.916515 0.715576
-0.383022 -0.321394 0.866025 0.717254
-0.459627 -0.385673 0.8 0.705513
-0.536231 -0.449951 0.714143 0.700516
-0.612836 -0.51423 0.6 0.694266
-0.68944 -0.578509 0.43589 0.650005
-0.766044 -0.642788 1.49012e-08 0.699279
-0 -0 1 0.702497
-0.0642788 -0.0766044 0.994987 0.693736
-0.128558 -0.153209 0.979796 0.704816
-0.192836 -0.229813 0.953939 0.70263
-0.257115 -0.306418 0.916515 0.715839
-0.321394 -0.383022 0.866025 0.712754
-0.385673 -0.459627 0.8 0.70858
-0.449951 -0.536231 0.714143 0.694948
-0.51423 -0.612836 0.6 0.694643
-0.578509 -0.68944 0.43589 0.689182
-0.642788 -0.766044 1.49012e-08 0.699279
-0 -0 1 0.702497
-0.05 -0.0866025 0.994987 0.691611
-0.1 -0.173205 0.979796 0.704414
-0.15 -0.259808 0.953939 0.696611
-0.2 -0.34641 0.916515 0.713198
-0.25 -0.433013 0.866025 0.711925
-0.3 -0.519615 0.8 0.709624
-0.35 -0.606218 0.714143 0.692123
-0.4 -0.69282 0.6 0.700276
-0.45 -0.779423 0.43589 0.70531
-0.5 -0.866025 1.49012e-08 0.699279
-0 -0 1 0.702497
-0.034202 -0.0939693 0.994987 0.692004
-0.068404 -0.187939 0.979796 0.705172
-0.102606 -0.281908 0.953939 0.703537
-0.136808 -0.375877 0.916515 0.709045
-0.17101 -0.469846 0.866025 0.708044
-0.205212 -0.563816 0.8 0.70566
-0.239414 -0.657785 0.714143 0.686683
-0.273616 -0.751754 0.6 0.705601
-0.307818 -0.845723 0.43589 0.712582
-0.34202 -0.939693 1.49012e-08 0.699279
-0 -0 1 0.702497
-0.0173648 -0.0984808 0.994987 0.694593
-0.0347296 -0.196962 0.979796 0.705368
-0.0520945 -0.295442 0.953939 0.702604
-0.0694593 -0.393923 0.916515 0.695292
-0.0868241 -0.492404 0.866025 0.697166
-0.104189 -0.590885 0.8 0.699858
-0.121554 -0.689365 0.714143 0.688506
-0.138919 -0.787846 0.6 0.713101
-0.156283 -0.886327 0.43589 0.713165
-0.173648 -0.984808 1.49012e-08 0.699279
-0 -0 1 0.702497
-1.83697e-17 -0.1 0.994987 0.697743
-3.67394e-17 -0.2 0.979796 0.70406
-5.51091e-17 -0.3 0.953939 0.697131
-7.34788e-17 -0.4 0.916515 0.67243
-9.18485e-17 -0.5 0.866025 0.676938
-1.10218e-16 -0.6 0.8 0.693741
-1.28588e-16 -0.7 0.714143 0.68935
-1.46958e-16 -0.8 0.6 0.713226
-1.65327e-16 -0.9 0.43589 0.705913
-1.83697e-16 -1 1.49012e-08 0.699279
0 -0 1 0.702497
0.0173648 -0.0984808 0.994987 0.700615
0.0347296 -0.196962 0.979796 0.702972
0.0520945 -0.295442 0.953939 0.692094
0.0694593 -0.393923 0.916515 0.656922
0.0868241 -0.492404 0.866025 0.666297
0.104189 -0.590885 0.8 0.693924
0.121554 -0.689365 0.714143 0.704133
0.138919 -0.787846 0.6 0.714752
0.156283 -0.886327 0.43589 0.695689
0.173648 -0.984808 1.49012e-08 0.699279
0 -0 1 0.702497
0.034202 -0.0939693 0.994987 0.702987
0.068404 -0.187939 0.979796 0.702763
0.102606 -0.281908 0.953939 0.695194
0.136808 -0.375877 0.916515 0.672753
0.17101 -0.469846 0.866025 0.666312
0.205212 -0.563816 0.8 0.693876
0.239414 -0.657785 0.714143 0.712902
0.273616 -0.751754 0.6 0.707902
0.307818 -0.845723 0.43589 0.701965
0.34202 -0.939693 1.49012e-08 0.699279
0 -0 1 0.702497
0.05 -0.0866025 0.994987 0.704857
0.1 -0.173205 0.979796 0.705757
0.15 -0.259808 0.953939 0.701078
0.2 -0.34641 0.916515 0.684142
0.25 -0.433013 0.866025 0.674501
0.3 -0.519615 0.8 0.696819
0.35 -0.606218 0.714143 0.70787
0.4 -0.69282 0.6 0.697453
0.45 -0.779423 0.43589 0.710395
0.5 -0.866025 1.49012e-08 0.699279
0 -0 1 0.702497
0.0642788 -0.0766044 0.994987 0.706365
0.128558 -0.153209 0.979796 0.708917
0.192836 -0.229813 0.953939 0.704625
0.257115 -0.306418 0.916515 0.688311
0.321394 -0.383022 0.866025 0.668833
0.385673 -0.459627 0.8 0.689497
0.449951 -0.536231 0.714143 0.690846
0.51423 -0.612836 0.6 0.701738
0.578509 -0.68944 0.43589 0.707125
0.642788 -0.766044 1.49012e-08 0.699279
0 -0 1 0.702497
0.0766044 -0.0642788 0.994987 0.707666
0.153209 -0.128558 0.979796 0.709926
0.229813 -0.192836 0.953939 0.705113
0.306418 -0.257115 0.916515 0.693037
0.383022 -0.321394 0.866025 0.67661
0.459627 -0.385673 0.8 0.67
0.536231 -0.449951 0.714143 0.674082
0.612836 -0.51423 0.6 0.690834
0.68944 -0.578509 0.43589 0.689736
0.766044 -0.642788 1.49012e-08 0.699279
0 -0 1 0.702497
0.0866025 -0.05 0.994987 0.708528
0.173205 -0.1 0.979796 0.709496
0.259808 -0.15 0.953939 0.703514
0.34641 -0.2 0.916515 0.687882
0.433013 -0.25 0.866025 0.666557
0.519615 -0.3 0.8 0.624812
0.606218 -0.35 0.714143 0.638326
0.69282 -0.4 0.6 0.650865
0.779423 -0.45 0.43589 0.662318
0.866025 -0.5 1.49012e-08 0.699279
0 -0 1 0.702497
0.0939693 -0.034202 0.994987 0.708741
0.187939 -0.068404 0.979796 0.708751
0.281908 -0.102606 0.953939 0.700499
0.375877 -0.136808 0.916515 0.686421
0.469846 -0.17101 0.866025 0.659212
0.563816 -0.205212 0.8 0.62361
0.657785 -0.239414 0.714143 0.643152
0.751754 -0.273616 0.6 0.67464
0.845723 -0.307818 0.43589 0.670093
0.939693 -0.34202 1.49012e-08 0.699279
0 -0 1 0.702497
0.0984808 -0.0173648 0.994987 0.708223
0.196962 -0.0347296 0.979796 0.707243
0.295442 -0.0520945 0.953939 0.699413
0.393923 -0.0694593 0.916515 0.686891
0.492404 -0.0868241 0.866025 0.64863
0.590885 -0.104189 0.8 0.617013
0.689365 -0.121554 0.714143 0.669027
0.787846 -0.138919 0.6 0.701707
0.886327 -0.156283 0.43589 0.719161
0.984808 -0.173648 1.49012e-08 0.699279
0 -0 1 0.702497
0.1 -2.44929e-17 0.994987 0.706916
0.2 -4.89859e-17 0.979796 0.705502
0.3 -7.34788e-17 0.953939 0.700987
0.4 -9.79717e-17 0.916515 0.687758
0.5 -1.22465e-16 0.866025 0.646825
0.6 -1.46958e-16 0.8 0.594973
0.7 -1.71451e-16 0.714143 0.672654
0.8 -1.95943e-16 0.6 0.711609
0.9 -2.20436e-16 0.43589 0.71769
1 -2.44929e-16 1.49012e-08 0.699279
