0 0 1 0.63687
0.1 0 0.994987 0.609819
0.2 0 0.979796 0.638839
0.3 0 0.953939 0.666595
0.4 0 0.916515 0.687993
0.5 0 0.866025 0.695562
0.6 0 0.8 0.697992
0.7 0 0.714143 0.697769
0.8 0 0.6 0.694208
0.9 0 0.43589 0.684658
1 0 1.49012e-08 0.705921
0 0 1 0.63687
0.0984808 0.0173648 0.994987 0.604879
0.196962 0.0347296 0.979796 0.624447
0.295442 0.0520945 0.953939 0.640754
0.393923 0.0694593 0.916515 0.660526
0.492404 0.0868241 0.866025 0.6651
0.590885 0.104189 0.8 0.674131
0.689365 0.121554 0.714143 0.687114
0.787846 0.138919 0.6 0.698708
0.886327 0.156283 0.43589 0.718259
0.984808 0.173648 1.49012e-08 0.705921
0 0 1 0.63687
0.0939693 0.034202 0.994987 0.602713
0.187939 0.068404 0.979796 0.609514
0.281908 0.102606 0.953939 0.606583
0.375877 0.136808 0.916515 0.627026
0.469846 0.17101 0.866025 0.634397
0.563816 0.205212 0.8 0.671638
0.657785 0.239414 0.714143 0.700008
0.751754 0.273616 0.6 0.712463
0.845723 0.307818 0.43589 0.70313
0.939693 0.34202 1.49012e-08 0.705921
0 0 1 0.63687
0.0866025 0.05 0.994987 0.603888
0.173205 0.1 0.979796 0.600375
0.259808 0.15 0.953939 0.580027
0.34641 0.2 0.916515 0.603909
0.433013 0.25 0.866025 0.599879
0.519615 0.3 0.8 0.663424
0.606218 0.35 0.714143 0.690019
0.69282 0.4 0.6 0.688584
0.779423 0.45 0.43589 0.634323
0.866025 0.5 1.49012e-08 0.705921
0 0 1 0.63687
0.0766044 0.0642788 0.994987 0.607863
0.153209 0.128558 0.979796 0.602398
0.229813 0.192836 0.953939 0.602004
0.306418 0.257115 0.916515 0.61159
0.383022 0.321394 0.866025 0.634882
0.459627 0.385673 0.8 0.660156
0.536231 0.449951 0.714143 0.650886
0.612836 0.51423 0.6 0.665444
0.68944 0.578509 0.43589 0.65665
0.766044 0.642788 1.49012e-08 0.705921
0 0 1 0.63687
0.0642788 0.0766044 0.994987 0.613787
0.128558 0.153209 0.979796 0.610153
0.192836 0.229813 0.953939 0.630329
0.257115 0.306418 0.916515 0.648123
0.321394 0.383022 0.866025 0.659843
0.385673 0.459627 0.8 0.667916
0.449951 0.536231 0.714143 0.683827
0.51423 0.612836 0.6 0.673503
0.578509 0.68944 0.43589 0.69924
0.642788 0.766044 1.49012e-08 0.705921
0 0 1 0.63687
0.05 0.0866025 0.994987 0.620781
0.1 0.173205 0.979796 0.629682
0.15 0.259808 0.953939 0.654684
0.2 0.34641 0.916515 0.674494
0.25 0.433013 0.866025 0.682907
0.3 0.519615 0.8 0.694007
0.35 0.606218 0.714143 0.701733
0.4 0.69282 0.6 0.696572
0.45 0.779423 0.43589 0.711167
0.5 0.866025 1.49012e-08 0.705921
0 0 1 0.63687
0.034202 0.0939693 0.994987 0.628124
0.068404 0.187939 0.979796 0.64582
0.102606 0.281908 0.953939 0.672026
0.136808 0.375877 0.916515 0.690132
0.17101 0.469846 0.866025 0.697866
0.205212 0.563816 0.8 0.705741
0.239414 0.657785 0.714143 0.705839
0.273616 0.751754 0.6 0.709633
0.307818 0.845723 0.43589 0.706525
0.34202 0.939693 1.49012e-08 0.705921
0 0 1 0.63687
0.0173648 0.0984808 0.994987 0.635527
0.0347296 0.196962 0.979796 0.656781
0.0520945 0.295442 0.953939 0.682523
0.0694593 0.393923 0.916515 0.698441
0.0868241 0.492404 0.866025 0.700729
0.104189 0.590885 0.8 0.705715
0.121554 0.689365 0.714143 0.700339
0.138919 0.787846 0.6 0.717266
0.156283 0.886327 0.43589 0.707269
0.173648 0.984808 1.49012e-08 0.705921
0 0 1 0.63687
6.12323e-18 0.1 0.994987 0.642641
1.22465e-17 0.2 0.979796 0.662486
1.83697e-17 0.3 0.953939 0.686708
2.44929e-17 0.4 0.916515 0.70033
3.06162e-17 0.5 0.866025 0.705929
3.67394e-17 0.6 0.8 0.692139
4.28626e-17 0.7 0.714143 0.697989
4.89859e-17 0.8 0.6 0.720134
5.51091e-17 0.9 0.43589 0.712098
6.12323e-17 1 1.49012e-08 0.705921
-0 0 1 0.63687
-0.0173648 0.0984808 0.994987 0.649032
-0.0347296 0.196962 0.979796 0.665259
-0.0520945 0.295442 0.953939 0.684974
-0.0694593 0.393923 0.916515 0.703351
-0.0868241 0.492404 0.866025 0.707166
-0.104189 0.590885 0.8 0.681331
-0.121554 0.689365 0.714143 0.696867
-0.138919 0.787846 0.6 0.718602
-0.156283 0.886327 0.43589 0.704027
-0.173648 0.984808 1.49012e-08 0.705921
-0 0 1 0.63687
-0.034202 0.0939693 0.994987 0.654625
-0.068404 0.187939 0.979796 0.668225
-0.102606 0.281908 0.953939 0.684003
-0.136808 0.375877 0.916515 0.707096
-0.17101 0.469846 0.866025 0.707902
-0.205212 0.563816 0.8 0.691142
-0.239414 0.657785 0.714143 0.703792
-0.273616 0.751754 0.6 0.715644
-0.307818 0.845723 0.43589 0.697181
-0.34202 0.939693 1.49012e-08 0.705921
-0 0 1 0.63687
-0.05 0.0866025 0.994987 0.65958
-0.1 0.173205 0.979796 0.669817
-0.15 0.259808 0.953939 0.681623
-0.2 0.34641 0.916515 0.706707
-0.25 0.433013 0.866025 0.706428
-0.3 0.519615 0.8 0.70333
-0.35 0.606218 0.714143 0.716842
-0.4 0.69282 0.6 0.71393
-0.45 0.779423 0.43589 0.697892
-0.5 0.866025 1.49012e-08 0.705921
-0 0 1 0.63687
-0.0642788 0.0766044 0.994987 0.66399
-0.128558 0.153209 0.979796 0.672018
-0.192836 0.229813 0.953939 0.675794
-0.257115 0.306418 0.916515 0.702958
-0.321394 0.383022 0.866025 0.705763
-0.385673 0.459627 0.8 0.706995
-0.449951 0.536231 0.714143 0.720891
-0.51423 0.612836 0.6 0.7072
-0.578509 0.68944 0.43589 0.688877
-0.642788 0.766044 1.49012e-08 0.705921
-0 0 1 0.63687
-0.0766044 0.0642788 0.994987 0.667925
-0.153209 0.128558 0.979796 0.674017
-0.229813 0.192836 0.953939 0.670686
-0.306418 0.257115 0.916515 0.695456
-0.383022 0.321394 0.866025 0.697659
-0.459627 0.385673 0.8 0.704212
-0.536231 0.449951 0.714143 0.714115
-0.612836 0.51423 0.6 0.705857
-0.68944 0.578509 0.43589 0.677335
-0.766044 0.642788 1.49012e-08 0.705921
-0 0 1 0.63687
-0.0866025 0.05 0.994987 0.671411
-0.173205 0.1 0.979796 0.677594
-0.259808 0.15 0.953939 0.656293
-0.34641 0.2 0.916515 0.685105
-0.433013 0.25 0.866025 0.678858
-0.519615 0.3 0.8 0.684442
-0.606218 0.35 0.714143 0.707193
-0.69282 0.4 0.6 0.706034
-0.779423 0.45 0.43589 0.687821
-0.866025 0.5 1.49012e-08 0.705921
-0 0 1 0.63687
-0.0939693 0.034202 0.994987 0.674383
-0.187939 0.068404 0.979796 0.684377
-0.281908 0.102606 0.953939 0.670177
-0.375877 0.136808 0.916515 0.681247
-0.469846 0.17101 0.866025 0.667437
-0.563816 0.205212 0.8 0.653352
-0.657785 0.239414 0.714143 0.684241
-0.751754 0.273616 0.6 0.710982
-0.845723 0.307818 0.43589 0.716248
-0.939693 0.34202 1.49012e-08 0.705921
-0 0 1 0.63687
-0.0984808 0.0173648 0.994987 0.676697
-0.196962 0.0347296 0.979796 0.691475
-0.295442 0.0520945 0.953939 0.687793
-0.393923 0.0694593 0.916515 0.685757
-0.492404 0.0868241 0.866025 0.675546
-0.590885 0.104189 0.8 0.630588
-0.689365 0.121554 0.714143 0.651805
-0.787846 0.138919 0.6 0.694867
-0.886327 0.156283 0.43589 0.72153
-0.984808 0.173648 1.49012e-08 0.705921
-0 0 1 0.63687
-0.1 1.22465e-17 0.994987 0.678214
-0.2 2.44929e-17 0.979796 0.696984
-0.3 3.67394e-17 0.953939 0.701429
-0.4 4.89859e-17 0.916515 0.696783
-0.5 6.12323e-17 0.866025 0.693046
-0.6 7.34788e-17 0.8 0.67332
-0.7 8.57253e-17 0.714143 0.652646
-0.8 9.79717e-17 0.6 0.655044
-0.9 1.10218e-16 0.43589 0.681705
-1 1.22465e-16 1.49012e-08 0.705921
-0 -0 1 0.63687
-0.0984808 -0.0173648 0.994987 0.679024
-0.196962 -0.0347296 0.979796 0.699829
-0.295442 -0.0520945 0.953939 0.708309
-0.393923 -0.0694593 0.916515 0.707352
-0.492404 -0.0868241 0.866025 0.70416
-0.590885 -0.104189 0.8 0.701111
-0.689365 -0.121554 0.714143 0.699482
-0.787846 -0.138919 0.6 0.698102
-0.886327 -0.156283 0.43589 0.683579
-0.984808 -0.173648 1.49012e-08 0.705921
-0 -0 1 0.63687
-0.0939693 -0.034202 0.994987 0.679241
-0.187939 -0.068404 0.979796 0.700213
-0.281908 -0.102606 0.953939 0.708075
-0.375877 -0.136808 0.916515 0.710868
-0.469846 -0.17101 0.866025 0.706008
-0.563816 -0.205212 0.8 0.69078
-0.657785 -0.239414 0.714143 0.684533
-0.751754 -0.273616 0.6 0.69612
-0.845723 -0.307818 0.43589 0.683218
-0.939693 -0.34202 1.49012e-08 0.705921
-0 -0 1 0.63687
-0.0866025 -0.05 0.994987 0.678748
-0.173205 -0.1 0.979796 0.699274
-0.259808 -0.15 0.953939 0.709548
-0.34641 -0.2 0.916515 0.712399
-0.433013 -0.25 0.866025 0.712857
-0.519615 -0.3 0.8 0.705912
-0.606218 -0.35 0.714143 0.699747
-0.69282 -0.4 0.6 0.692587
-0.779423 -0.45 0.43589 0.661375
-0.866025 -0.5 1.49012e-08 0.705921
-0 -0 1 0.63687
-0.0766044 -0.0642788 0.994987 0.677511
-0.153209 -0.128558 0.979796 0.697345
-0.229813 -0.192836 0.953939 0.708691
-0.306418 -0.257115 0.916515 0.713939
-0.383022 -0.321394 0.866025 0.712913
-0.459627 -0.385673 0.8 0.70402
-0.536231 -0.449951 0.714143 0.682148
-0.612836 -0.51423 0.6 0.647237
-0.68944 -0.578509 0.43589 0.620114
-0.766044 -0.642788 1.49012e-08 0.705921
-0 -0 1 0.63687
-0.0642788 -0.0766044 0.994987 0.67559
-0.128558 -0.153209 0.979796 0.693923
-0.192836 -0.229813 0.953939 0.701173
-0.257115 -0.306418 0.916515 0.702916
-0.321394 -0.383022 0.866025 0.696361
-0.385673 -0.459627 0.8 0.679087
-0.449951 -0.536231 0.714143 0.634435
-0.51423 -0.612836 0.6 0.62804
-0.578509 -0.68944 0.43589 0.645985
-0.642788 -0.766044 1.49012e-08 0.705921
-0 -0 1 0.63687
-0.05 -0.0866025 0.994987 0.672982
-0.1 -0.173205 0.979796 0.688057
-0.15 -0.259808 0.953939 0.686301
-0.2 -0.34641 0.916515 0.682349
-0.25 -0.433013 0.866025 0.675351
-0.3 -0.519615 0.8 0.652481
-0.35 -0.606218 0.714143 0.621472
-0.4 -0.69282 0.6 0.661214
-0.45 -0.779423 0.43589 0.681651
-0.5 -0.866025 1.49012e-08 0.705921
-0 -0 1 0.63687
-0.034202 -0.0939693 0.994987 0.669624
-0.068404 -0.187939 0.979796 0.680309
-0.102606 -0.281908 0.953939 0.671791
-0.136808 -0.375877 0.916515 0.668556
-0.17101 -0.469846 0.866025 0.667169
-0.205212 -0.563816 0.8 0.666227
-0.239414 -0.657785 0.714143 0.67078
-0.273616 -0.751754 0.6 0.693221
-0.307818 -0.845723 0.43589 0.69693
-0.34202 -0.939693 1.49012e-08 0.705921
-0 -0 1 0.63687
-0.0173648 -0.0984808 0.994987 0.665554
-0.0347296 -0.196962 0.979796 0.673511
-0.0520945 -0.295442 0.953939 0.666305
-0.0694593 -0.393923 0.916515 0.672042
-0.0868241 -0.492404 0.866025 0.681929
-0.104189 -0.590885 0.8 0.688725
-0.121554 -0.689365 0.714143 0.697675
-0.138919 -0.787846 0.6 0.708166
-0.156283 -0.886327 0.43589 0.704265
-0.173648 -0.984808 1.49012e-08 0.705921
-0 -0 1 0.63687
-1.83697e-17 -0.1 0.994987 0.660901
-3.67394e-17 -0.2 0.979796 0.668099
-5.51091e-17 -0.3 0.953939 0.668019
-7.34788e-17 -0.4 0.916515 0.675336
-9.18485e-17 -0.5 0.866025 0.699158
-1.10218e-16 -0.6 0.8 0.708497
-1.28588e-16 -0.7 0.714143 0.708466
-1.46958e-16 -0.8 0.6 0.713646
-1.65327e-16 -0.9 0.43589 0.712358
-1.83697e-16 -1 1.49012e-08 0.705921
0 -0 1 0.63687
0.0173648 -0.0984808 0.994987 0.65588
0.0347296 -0.196962 0.979796 0.663925
0.0520945 -0.295442 0.953939 0.67871
0.0694593 -0.393923 0.916515 0.694947
0.0868241 -0.492404 0.866025 0.710871
0.104189 -0.590885 0.8 0.716775
0.121554 -0.689365 0.714143 0.709477
0.138919 -0.787846 0.6 0.712345
0.156283 -0.886327 0.43589 0.718243
0.173648 -0.984808 1.49012e-08 0.705921
0 -0 1 0.63687
0.034202 -0.0939693 0.994987 0.650604
0.068404 -0.187939 0.979796 0.661867
0.102606 -0.281908 0.953939 0.688326
0.136808 -0.375877 0.916515 0.709712
0.17101 -0.469846 0.866025 0.71907
0.205212 -0.563816 0.8 0.719456
0.239414 -0.657785 0.714143 0.710773
0.273616 -0.751754 0.6 0.706353
0.307818 -0.845723 0.43589 0.720242
0.34202 -0.939693 1.49012e-08 0.705921
0 -0 1 0.63687
0.05 -0.0866025 0.994987 0.645265
0.1 -0.173205 0.979796 0.662716
0.15 -0.259808 0.953939 0.695787
0.2 -0.34641 0.916515 0.716902
0.25 -0.433013 0.866025 0.723107
0.3 -0.519615 0.8 0.723345
0.35 -0.606218 0.714143 0.716132
0.4 -0.69282 0.6 0.69659
0.45 -0.779423 0.43589 0.721199
0.5 -0.866025 1.49012e-08 0.705921
0 -0 1 0.63687
0.0642788 -0.0766044 0.994987 0.640246
0.128558 -0.153209 0.979796 0.663811
0.192836 -0.229813 0.953939 0.699934
0.257115 -0.306418 0.916515 0.719298
0.321394 -0.383022 0.866025 0.720376
0.385673 -0.459627 0.8 0.72015
0.449951 -0.536231 0.714143 0.71587
0.51423 -0.612836 0.6 0.697416
0.578509 -0.68944 0.43589 0.722589
0.642788 -0.766044 1.49012e-08 0.705921
0 -0 1 0.63687
0.0766044 -0.0642788 0.994987 0.635021
0.153209 -0.128558 0.979796 0.661245
0.229813 -0.192836 0.953939 0.699772
0.306418 -0.257115 0.916515 0.715959
0.383022 -0.321394 0.866025 0.713179
0.459627 -0.385673 0.8 0.714702
0.536231 -0.449951 0.714143 0.710641
0.612836 -0.51423 0.6 0.676061
0.68944 -0.578509 0.43589 0.716101
0.766044 -0.642788 1.49012e-08 0.705921
0 -0 1 0.63687
0.0866025 -0.05 0.994987 0.629044
0.173205 -0.1 0.979796 0.658737
0.259808 -0.15 0.953939 0.697083
0.34641 -0.2 0.916515 0.713797
0.433013 -0.25 0.866025 0.714293
0.519615 -0.3 0.8 0.710619
0.606218 -0.35 0.714143 0.705082
0.69282 -0.4 0.6 0.684016
0.779423 -0.45 0.43589 0.70411
0.866025 -0.5 1.49012e-08 0.705921
0 -0 1 0.63687
0.0939693 -0.034202 0.994987 0.622285
0.187939 -0.068404 0.979796 0.656173
0.281908 -0.102606 0.953939 0.692753
0.375877 -0.136808 0.916515 0.711648
0.469846 -0.17101 0.866025 0.71678
0.563816 -0.205212 0.8 0.712516
0.657785 -0.239414 0.714143 0.720661
0.751754 -0.273616 0.6 0.716
0.845723 -0.307818 0.43589 0.705036
0.939693 -0.34202 1.49012e-08 0.705921
0 -0 1 0.63687
0.0984808 -0.0173648 0.994987 0.616022
0.196962 -0.0347296 0.979796 0.649702
0.295442 -0.0520945 0.953939 0.683414
0.393923 -0.0694593 0.916515 0.70442
0.492404 -0.0868241 0.866025 0.712764
0.590885 -0.104189 0.8 0.720637
0.689365 -0.121554 0.714143 0.722885
0.787846 -0.138919 0.6 0.718719
0.886327 -0.156283 0.43589 0.70048
0.984808 -0.173648 1.49012e-08 0.705921
0 -0 1 0.63687
0.1 -2.44929e-17 0.994987 0.609819
0.2 -4.89859e-17 0.979796 0.638839
0.3 -7.34788e-17 0.953939 0.666595
0.4 -9.79717e-17 0.916515 0.687993
0.5 -1.22465e-16 0.866025 0.695562
0.6 -1.46958e-16 0.8 0.697992
0.7 -1.71451e-16 0.714143 0.697769
0.8 -1.95943e-16 0.6 0.694208
0.9 -2.20436e-16 0.43589 0.684658
1 -2.44929e-16 1.49012e-08 0.705921
