0 0 1 0.697789
0.1 0 0.994987 0.692023
0.2 0 0.979796 0.676792
0.3 0 0.953939 0.639692
0.4 0 0.916515 0.614482
0.5 0 0.866025 0.629192
0.6 0 0.8 0.655442
0.7 0 0.714143 0.68459
0.8 0 0.6 0.69287
0.9 0 0.43589 0.695355
1 0 1.49012e-08 0.718237
0 0 1 0.697789
0.0984808 0.0173648 0.994987 0.695339
0.196962 0.0347296 0.979796 0.68758
0.295442 0.0520945 0.953939 0.664409
0.393923 0.0694593 0.916515 0.640848
0.492404 0.0868241 0.866025 0.617193
0.590885 0.104189 0.8 0.60107
0.689365 0.121554 0.714143 0.664525
0.787846 0.138919 0.6 0.688603
0.886327 0.156283 0.43589 0.698427
0.984808 0.173648 1.49012e-08 0.718237
0 0 1 0.697789
0.0939693 0.034202 0.994987 0.698223
0.187939 0.068404 0.979796 0.697525
0.281908 0.102606 0.953939 0.685838
0.375877 0.136808 0.916515 0.667762
0.469846 0.17101 0.866025 0.635793
0.563816 0.205212 0.8 0.62762
0.657785 0.239414 0.714143 0.619592
0.751754 0.273616 0.6 0.621916
0.845723 0.307818 0.43589 0.62377
0.939693 0.34202 1.49012e-08 0.718237
0 0 1 0.697789
0.0866025 0.05 0.994987 0.700431
0.173205 0.1 0.979796 0.705331
0.259808 0.15 0.953939 0.701371
0.34641 0.2 0.916515 0.689864
0.433013 0.25 0.866025 0.668305
0.519615 0.3 0.8 0.660899
0.606218 0.35 0.714143 0.628528
0.69282 0.4 0.6 0.640394
0.779423 0.45 0.43589 0.634083
0.866025 0.5 1.49012e-08 0.718237
0 0 1 0.697789
0.0766044 0.0642788 0.994987 0.703299
0.153209 0.128558 0.979796 0.710648
0.229813 0.192836 0.953939 0.710876
0.306418 0.257115 0.916515 0.705328
0.383022 0.321394 0.866025 0.698498
0.459627 0.385673 0.8 0.691794
0.536231 0.449951 0.714143 0.687871
0.612836 0.51423 0.6 0.686364
0.68944 0.578509 0.43589 0.690379
0.766044 0.642788 1.49012e-08 0.718237
0 0 1 0.697789
0.0642788 0.0766044 0.994987 0.705284
0.128558 0.153209 0.979796 0.713527
0.192836 0.229813 0.953939 0.715615
0.257115 0.306418 0.916515 0.710826
0.321394 0.383022 0.866025 0.706756
0.385673 0.459627 0.8 0.704928
0.449951 0.536231 0.714143 0.706575
0.51423 0.612836 0.6 0.700311
0.578509 0.68944 0.43589 0.69887
0.642788 0.766044 1.49012e-08 0.718237
0 0 1 0.697789
0.05 0.0866025 0.994987 0.707172
0.1 0.173205 0.979796 0.714741
0.15 0.259808 0.953939 0.716485
0.2 0.34641 0.916515 0.707784
0.25 0.433013 0.866025 0.706004
0.3 0.519615 0.8 0.709637
0.35 0.606218 0.714143 0.711431
0.4 0.69282 0.6 0.697932
0.45 0.779423 0.43589 0.69274
0.5 0.866025 1.49012e-08 0.718237
0 0 1 0.697789
0.034202 0.0939693 0.994987 0.708381
0.068404 0.187939 0.979796 0.714558
0.102606 0.281908 0.953939 0.714449
0.136808 0.375877 0.916515 0.697272
0.17101 0.469846 0.866025 0.707397
0.205212 0.563816 0.8 0.712129
0.239414 0.657785 0.714143 0.707827
0.273616 0.751754 0.6 0.686673
0.307818 0.845723 0.43589 0.695543
0.34202 0.939693 1.49012e-08 0.718237
0 0 1 0.697789
0.0173648 0.0984808 0.994987 0.708757
0.0347296 0.196962 0.979796 0.712714
0.0520945 0.295442 0.953939 0.715604
0.0694593 0.393923 0.916515 0.701971
0.0868241 0.492404 0.866025 0.708414
0.104189 0.590885 0.8 0.705849
0.121554 0.689365 0.714143 0.705001
0.138919 0.787846 0.6 0.669551
0.156283 0.886327 0.43589 0.703566
0.173648 0.984808 1.49012e-08 0.718237
0 0 1 0.697789
6.12323e-18 0.1 0.994987 0.708524
1.22465e-17 0.2 0.979796 0.709568
1.83697e-17 0.3 0.953939 0.719102
2.44929e-17 0.4 0.916515 0.71438
3.06162e-17 0.5 0.866025 0.708752
3.67394e-17 0.6 0.8 0.698278
4.28626e-17 0.7 0.714143 0.704999
4.89859e-17 0.8 0.6 0.677299
5.51091e-17 0.9 0.43589 0.707598
6.12323e-17 1 1.49012e-08 0.718237
-0 0 1 0.697789
-0.0173648 0.0984808 0.994987 0.708055
-0.0347296 0.196962 0.979796 0.708714
-0.0520945 0.295442 0.953939 0.720664
-0.0694593 0.393923 0.916515 0.718278
-0.0868241 0.492404 0.866025 0.711477
-0.104189 0.590885 0.8 0.698422
-0.121554 0.689365 0.714143 0.700084
-0.138919 0.787846 0.6 0.701648
-0.156283 0.886327 0.43589 0.709727
-0.173648 0.984808 1.49012e-08 0.718237
-0 0 1 0.697789
-0.034202 0.0939693 0.994987 0.707998
-0.068404 0.187939 0.979796 0.710853
-0.102606 0.281908 0.953939 0.721064
-0.136808 0.375877 0.916515 0.717718
-0.17101 0.469846 0.866025 0.711494
-0.205212 0.563816 0.8 0.685363
-0.239414 0.657785 0.714143 0.698684
-0.273616 0.751754 0.6 0.713086
-0.307818 0.845723 0.43589 0.709755
-0.34202 0.939693 1.49012e-08 0.718237
-0 0 1 0.697789
-0.05 0.0866025 0.994987 0.707713
-0.1 0.173205 0.979796 0.711973
-0.15 0.259808 0.953939 0.72124
-0.2 0.34641 0.916515 0.718216
-0.25 0.433013 0.866025 0.711751
-0.3 0.519615 0.8 0.672187
-0.35 0.606218 0.714143 0.692085
-0.4 0.69282 0.6 0.71731
-0.45 0.779423 0.43589 0.709048
-0.5 0.866025 1.49012e-08 0.718237
-0 0 1 0.697789
-0.0642788 0.0766044 0.994987 0.706729
-0.128558 0.153209 0.979796 0.710421
-0.192836 0.229813 0.953939 0.719278
-0.257115 0.306418 0.916515 0.715973
-0.321394 0.383022 0.866025 0.712054
-0.385673 0.459627 0.8 0.690183
-0.449951 0.536231 0.714143 0.68715
-0.51423 0.612836 0.6 0.717399
-0.578509 0.68944 0.43589 0.704322
-0.642788 0.766044 1.49012e-08 0.718237
-0 0 1 0.697789
-0.0766044 0.0642788 0.994987 0.704962
-0.153209 0.128558 0.979796 0.706249
-0.229813 0.192836 0.953939 0.713377
-0.306418 0.257115 0.916515 0.713751
-0.383022 0.321394 0.866025 0.707747
-0.459627 0.385673 0.8 0.691051
-0.536231 0.449951 0.714143 0.694886
-0.612836 0.51423 0.6 0.71048
-0.68944 0.578509 0.43589 0.699082
-0.766044 0.642788 1.49012e-08 0.718237
-0 0 1 0.697789
-0.0866025 0.05 0.994987 0.702838
-0.173205 0.1 0.979796 0.698991
-0.259808 0.15 0.953939 0.704005
-0.34641 0.2 0.916515 0.709532
-0.433013 0.25 0.866025 0.697434
-0.519615 0.3 0.8 0.694893
-0.606218 0.35 0.714143 0.708174
-0.69282 0.4 0.6 0.709871
-0.779423 0.45 0.43589 0.693076
-0.866025 0.5 1.49012e-08 0.718237
-0 0 1 0.697789
-0.0939693 0.034202 0.994987 0.700618
-0.187939 0.068404 0.979796 0.690103
-0.281908 0.102606 0.953939 0.692262
-0.375877 0.136808 0.916515 0.7004
-0.469846 0.17101 0.866025 0.68945
-0.563816 0.205212 0.8 0.674888
-0.657785 0.239414 0.714143 0.696101
-0.751754 0.273616 0.6 0.715221
-0.845723 0.307818 0.43589 0.697466
-0.939693 0.34202 1.49012e-08 0.718237
-0 0 1 0.697789
-0.0984808 0.0173648 0.994987 0.698257
-0.196962 0.0347296 0.979796 0.68245
-0.295442 0.0520945 0.953939 0.685898
-0.393923 0.0694593 0.916515 0.694588
-0.492404 0.0868241 0.866025 0.693755
-0.590885 0.104189 0.8 0.663998
-0.689365 0.121554 0.714143 0.682286
-0.787846 0.138919 0.6 0.708545
-0.886327 0.156283 0.43589 0.705644
-0.984808 0.173648 1.49012e-08 0.718237
-0 0 1 0.697789
-0.1 1.22465e-17 0.994987 0.696023
-0.2 2.44929e-17 0.979796 0.678212
-0.3 3.67394e-17 0.953939 0.685086
-0.4 4.89859e-17 0.916515 0.699792
-0.5 6.12323e-17 0.866025 0.701943
-0.6 7.34788e-17 0.8 0.696652
-0.7 8.57253e-17 0.714143 0.690879
-0.8 9.79717e-17 0.6 0.68459
-0.9 1.10218e-16 0.43589 0.652842
-1 1.22465e-16 1.49012e-08 0.718237
-0 -0 1 0.697789
-0.0984808 -0.0173648 0.994987 0.694047
-0.196962 -0.0347296 0.979796 0.681785
-0.295442 -0.0520945 0.953939 0.689952
-0.393923 -0.0694593 0.916515 0.707692
-0.492404 -0.0868241 0.866025 0.711479
-0.590885 -0.104189 0.8 0.71324
-0.689365 -0.121554 0.714143 0.707824
-0.787846 -0.138919 0.6 0.712861
-0.886327 -0.156283 0.43589 0.702128
-0.984808 -0.173648 1.49012e-08 0.718237
-0 -0 1 0.697789
-0.0939693 -0.034202 0.994987 0.692036
-0.187939 -0.068404 0.979796 0.688602
-0.281908 -0.102606 0.953939 0.700495
-0.375877 -0.136808 0.916515 0.711129
-0.469846 -0.17101 0.866025 0.713315
-0.563816 -0.205212 0.8 0.720102
-0.657785 -0.239414 0.714143 0.718778
-0.751754 -0.273616 0.6 0.711715
-0.845723 -0.307818 0.43589 0.701077
-0.939693 -0.34202 1.49012e-08 0.718237
-0 -0 1 0.697789
-0.0866025 -0.05 0.994987 0.689321
-0.173205 -0.1 0.979796 0.694156
-0.259808 -0.15 0.953939 0.706874
-0.34641 -0.2 0.916515 0.712163
-0.433013 -0.25 0.866025 0.714953
-0.519615 -0.3 0.8 0.706043
-0.606218 -0.35 0.714143 0.709763
-0.69282 -0.4 0.6 0.713294
-0.779423 -0.45 0.43589 0.67558
-0.866025 -0.5 1.49012e-08 0.718237
-0 -0 1 0.697789
-0.0766044 -0.0642788 0.994987 0.688264
-0.153209 -0.128558 0.979796 0.695745
-0.229813 -0.192836 0.953939 0.706398
-0.306418 -0.257115 0.916515 0.710327
-0.383022 -0.321394 0.866025 0.712695
-0.459627 -0.385673 0.8 0.71768
-0.536231 -0.449951 0.714143 0.71591
-0.612836 -0.51423 0.6 0.694984
-0.68944 -0.578509 0.43589 0.62819
-0.766044 -0.642788 1.49012e-08 0.718237
-0 -0 1 0.697789
-0.0642788 -0.0766044 0.994987 0.687703
-0.128558 -0.153209 0.979796 0.693786
-0.192836 -0.229813 0.953939 0.700201
-0.257115 -0.306418 0.916515 0.705173
-0.321394 -0.383022 0.866025 0.709641
-0.385673 -0.459627 0.8 0.709843
-0.449951 -0.536231 0.714143 0.688859
-0.51423 -0.612836 0.6 0.65158
-0.578509 -0.68944 0.43589 0.676637
-0.642788 -0.766044 1.49012e-08 0.718237
-0 -0 1 0.697789
-0.05 -0.0866025 0.994987 0.686959
-0.1 -0.173205 0.979796 0.688421
-0.15 -0.259808 0.953939 0.694805
-0.2 -0.34641 0.916515 0.700117
-0.25 -0.433013 0.866025 0.697329
-0.3 -0.519615 0.8 0.683818
-0.35 -0.606218 0.714143 0.653558
-0.4 -0.69282 0.6 0.658336
-0.45 -0.779423 0.43589 0.703038
-0.5 -0.866025 1.49012e-08 0.718237
-0 -0 1 0.697789
-0.034202 -0.0939693 0.994987 0.68536
-0.068404 -0.187939 0.979796 0.679837
-0.102606 -0.281908 0.953939 0.686885
-0.136808 -0.375877 0.916515 0.687823
-0.17101 -0.469846 0.866025 0.674349
-0.205212 -0.563816 0.8 0.652154
-0.239414 -0.657785 0.714143 0.652335
-0.273616 -0.751754 0.6 0.686049
-0.307818 -0.845723 0.43589 0.711897
-0.34202 -0.939693 1.49012e-08 0.718237
-0 -0 1 0.697789
-0.0173648 -0.0984808 0.994987 0.683267
-0.0347296 -0.196962 0.979796 0.668628
-0.0520945 -0.295442 0.953939 0.673943
-0.0694593 -0.393923 0.916515 0.669556
-0.0868241 -0.492404 0.866025 0.648972
-0.104189 -0.590885 0.8 0.637756
-0.121554 -0.689365 0.714143 0.675821
-0.138919 -0.787846 0.6 0.695462
-0.156283 -0.886327 0.43589 0.713338
-0.173648 -0.984808 1.49012e-08 0.718237
-0 -0 1 0.697789
-1.83697e-17 -0.1 0.994987 0.681264
-3.67394e-17 -0.2 0.979796 0.659245
-5.51091e-17 -0.3 0.953939 0.657138
-7.34788e-17 -0.4 0.916515 0.647493
-9.18485e-17 -0.5 0.866025 0.638682
-1.10218e-16 -0.6 0.8 0.657321
-1.28588e-16 -0.7 0.714143 0.696612
-1.46958e-16 -0.8 0.6 0.703696
-1.65327e-16 -0.9 0.43589 0.712781
-1.83697e-16 -1 1.49012e-08 0.718237
0 -0 1 0.697789
0.0173648 -0.0984808 0.994987 0.679631
0.0347296 -0.196962 0.979796 0.649574
0.0520945 -0.295442 0.953939 0.639769
0.0694593 -0.393923 0.916515 0.637618
0.0868241 -0.492404 0.866025 0.647711
0.104189 -0.590885 0.8 0.686167
0.121554 -0.689365 0.714143 0.708779
0.138919 -0.787846 0.6 0.713163
0.156283 -0.886327 0.43589 0.713481
0.173648 -0.984808 1.49012e-08 0.718237
0 -0 1 0.697789
0.034202 -0.0939693 0.994987 0.678591
0.068404 -0.187939 0.979796 0.639811
0.102606 -0.281908 0.953939 0.618934
0.136808 -0.375877 0.916515 0.64301
0.17101 -0.469846 0.866025 0.674524
0.205212 -0.563816 0.8 0.70345
0.239414 -0.657785 0.714143 0.712599
0.273616 -0.751754 0.6 0.713244
0.307818 -0.845723 0.43589 0.714805
0.34202 -0.939693 1.49012e-08 0.718237
0 -0 1 0.697789
0.05 -0.0866025 0.994987 0.678316
0.1 -0.173205 0.979796 0.635005
0.15 -0.259808 0.953939 0.59873
0.2 -0.34641 0.916515 0.644398
0.25 -0.433013 0.866025 0.687625
0.3 -0.519615 0.8 0.710898
0.35 -0.606218 0.714143 0.715515
0.4 -0.69282 0.6 0.70818
0.45 -0.779423 0.43589 0.715889
0.5 -0.866025 1.49012e-08 0.718237
0 -0 1 0.697789
0.0642788 -0.0766044 0.994987 0.678886
0.128558 -0.153209 0.979796 0.636719
0.192836 -0.229813 0.953939 0.607664
0.257115 -0.306418 0.916515 0.645051
0.321394 -0.383022 0.866025 0.689621
0.385673 -0.459627 0.8 0.712077
0.449951 -0.536231 0.714143 0.709607
0.51423 -0.612836 0.6 0.705248
0.578509 -0.68944 0.43589 0.711928
0.642788 -0.766044 1.49012e-08 0.718237
0 -0 1 0.697789
0.0766044 -0.0642788 0.994987 0.680298
0.153209 -0.128558 0.979796 0.642094
0.229813 -0.192836 0.953939 0.61764
0.306418 -0.257115 0.916515 0.648024
0.383022 -0.321394 0.866025 0.687243
0.459627 -0.385673 0.8 0.708188
0.536231 -0.449951 0.714143 0.713051
0.612836 -0.51423 0.6 0.71625
0.68944 -0.578509 0.43589 0.710941
0.766044 -0.642788 1.49012e-08 0.718237
0 -0 1 0.697789
0.0866025 -0.05 0.994987 0.68252
0.173205 -0.1 0.979796 0.648765
0.259808 -0.15 0.953939 0.619685
0.34641 -0.2 0.916515 0.651972
0.433013 -0.25 0.866025 0.687241
0.519615 -0.3 0.8 0.705304
0.606218 -0.35 0.714143 0.710536
0.69282 -0.4 0.6 0.711993
0.779423 -0.45 0.43589 0.709237
0.866025 -0.5 1.49012e-08 0.718237
0 -0 1 0.697789
0.0939693 -0.034202 0.994987 0.685306
0.187939 -0.068404 0.979796 0.656777
0.281908 -0.102606 0.953939 0.619918
0.375877 -0.136808 0.916515 0.641271
0.469846 -0.17101 0.866025 0.679706
0.563816 -0.205212 0.8 0.701619
0.657785 -0.239414 0.714143 0.714774
0.751754 -0.273616 0.6 0.70437
0.845723 -0.307818 0.43589 0.703548
0.939693 -0.34202 1.49012e-08 0.718237
0 -0 1 0.697789
0.0984808 -0.0173648 0.994987 0.688573
0.196962 -0.0347296 0.979796 0.666223
0.295442 -0.0520945 0.953939 0.621169
0.393923 -0.0694593 0.916515 0.616622
0.492404 -0.0868241 0.866025 0.655831
0.590885 -0.104189 0.8 0.684992
0.689365 -0.121554 0.714143 0.70226
0.787846 -0.138919 0.6 0.693956
0.886327 -0.156283 0.43589 0.704872
0.984808 -0.173648 1.49012e-08 0.718237
0 -0 1 0.697789
0.1 -2.44929e-17 0.994987 0.692023
0.2 -4.89859e-17 0.979796 0.676792
0.3 -7.34788e-17 0.953939 0.639692
0.4 -9.79717e-17 0.916515 0.614482
0.5 -1.22465e-16 0.866025 0.629192
0.6 -1.46958e-16 0.8 0.655442
0.7 -1.71451e-16 0.714143 0.68459
0.8 -1.95943e-16 0.6 0.69287
0.9 -2.20436e-16 0.43589 0.695355
1 -2.44929e-16 1.49012e-08 0.718237
