0 0 1 0.720146
0.1 0 0.994987 0.715705
0.2 0 0.979796 0.713528
0.3 0 0.953939 0.720235
0.4 0 0.916515 0.715101
0.5 0 0.866025 0.706258
0.6 0 0.8 0.671289
0.7 0 0.714143 0.687751
0.8 0 0.6 0.712316
0.9 0 0.43589 0.72128
1 0 1.49012e-08 0.640143
0 0 1 0.720146
0.0984808 0.0173648 0.994987 0.716301
0.196962 0.0347296 0.979796 0.718332
0.295442 0.0520945 0.953939 0.721325
0.393923 0.0694593 0.916515 0.714737
0.492404 0.0868241 0.866025 0.702515
0.590885 0.104189 0.8 0.68049
0.689365 0.121554 0.714143 0.695303
0.787846 0.138919 0.6 0.717646
0.886327 0.156283 0.43589 0.721046
0.984808 0.173648 1.49012e-08 0.640143
0 0 1 0.720146
0.0939693 0.034202 0.994987 0.71627
0.187939 0.068404 0.979796 0.71995
0.281908 0.102606 0.953939 0.719601
0.375877 0.136808 0.916515 0.716671
0.469846 0.17101 0.866025 0.707148
0.563816 0.205212 0.8 0.689306
0.657785 0.239414 0.714143 0.682809
0.751754 0.273616 0.6 0.701819
0.845723 0.307818 0.43589 0.705295
0.939693 0.34202 1.49012e-08 0.640143
0 0 1 0.720146
0.0866025 0.05 0.994987 0.715718
0.173205 0.1 0.979796 0.718271
0.259808 0.15 0.953939 0.717912
0.34641 0.2 0.916515 0.720291
0.433013 0.25 0.866025 0.711743
0.519615 0.3 0.8 0.691368
0.606218 0.35 0.714143 0.660055
0.69282 0.4 0.6 0.702026
0.779423 0.45 0.43589 0.70031
0.866025 0.5 1.49012e-08 0.640143
0 0 1 0.720146
0.0766044 0.0642788 0.994987 0.715548
0.153209 0.128558 0.979796 0.714045
0.229813 0.192836 0.953939 0.716826
0.306418 0.257115 0.916515 0.716822
0.383022 0.321394 0.866025 0.706994
0.459627 0.385673 0.8 0.693036
0.536231 0.449951 0.714143 0.701447
0.612836 0.51423 0.6 0.713339
0.68944 0.578509 0.43589 0.712102
0.766044 0.642788 1.49012e-08 0.640143
0 0 1 0.720146
0.0642788 0.0766044 0.994987 0.714583
0.128558 0.153209 0.979796 0.70891
0.192836 0.229813 0.953939 0.710344
0.257115 0.306418 0.916515 0.710078
0.321394 0.383022 0.866025 0.698136
0.385673 0.459627 0.8 0.705378
0.449951 0.536231 0.714143 0.708344
0.51423 0.612836 0.6 0.698161
0.578509 0.68944 0.43589 0.713053
0.642788 0.766044 1.49012e-08 0.640143
0 0 1 0.720146
0.05 0.0866025 0.994987 0.713114
0.1 0.173205 0.979796 0.702197
0.15 0.259808 0.953939 0.699695
0.2 0.34641 0.916515 0.707965
0.25 0.433013 0.866025 0.706807
0.3 0.519615 0.8 0.705846
0.35 0.606218 0.714143 0.702894
0.4 0.69282 0.6 0.699994
0.45 0.779423 0.43589 0.709452
0.5 0.866025 1.49012e-08 0.640143
0 0 1 0.720146
0.034202 0.0939693 0.994987 0.711585
0.068404 0.187939 0.979796 0.693736
0.102606 0.281908 0.953939 0.696552
0.136808 0.375877 0.916515 0.710883
0.17101 0.469846 0.866025 0.717651
0.205212 0.563816 0.8 0.715293
0.239414 0.657785 0.714143 0.70514
0.273616 0.751754 0.6 0.708839
0.307818 0.845723 0.43589 0.717055
0.34202 0.939693 1.49012e-08 0.640143
0 0 1 0.720146
0.0173648 0.0984808 0.994987 0.710474
0.0347296 0.196962 0.979796 0.68222
0.0520945 0.295442 0.953939 0.704847
0.0694593 0.393923 0.916515 0.717777
0.0868241 0.492404 0.866025 0.71811
0.104189 0.590885 0.8 0.714482
0.121554 0.689365 0.714143 0.700883
0.138919 0.787846 0.6 0.705692
0.156283 0.886327 0.43589 0.717811
0.173648 0.984808 1.49012e-08 0.640143
0 0 1 0.720146
6.12323e-18 0.1 0.994987 0.710069
1.22465e-17 0.2 0.979796 0.689749
1.83697e-17 0.3 0.953939 0.711181
2.44929e-17 0.4 0.916515 0.721152
3.06162e-17 0.5 0.866025 0.720668
3.67394e-17 0.6 0.8 0.707847
4.28626e-17 0.7 0.714143 0.686574
4.89859e-17 0.8 0.6 0.701453
5.51091e-17 0.9 0.43589 0.713315
6.12323e-17 1 1.49012e-08 0.640143
-0 0 1 0.720146
-0.0173648 0.0984808 0.994987 0.710493
-0.0347296 0.196962 0.979796 0.693482
-0.0520945 0.295442 0.953939 0.714191
-0.0694593 0.393923 0.916515 0.724385
-0.0868241 0.492404 0.866025 0.72028
-0.104189 0.590885 0.8 0.706932
-0.121554 0.689365 0.714143 0.700019
-0.138919 0.787846 0.6 0.703075
-0.156283 0.886327 0.43589 0.705549
-0.173648 0.984808 1.49012e-08 0.640143
-0 0 1 0.720146
-0.034202 0.0939693 0.994987 0.711716
-0.068404 0.187939 0.979796 0.693752
-0.102606 0.281908 0.953939 0.713713
-0.136808 0.375877 0.916515 0.72237
-0.17101 0.469846 0.866025 0.719758
-0.205212 0.563816 0.8 0.703621
-0.239414 0.657785 0.714143 0.715647
-0.273616 0.751754 0.6 0.717336
-0.307818 0.845723 0.43589 0.705485
-0.34202 0.939693 1.49012e-08 0.640143
-0 0 1 0.720146
-0.05 0.0866025 0.994987 0.713644
-0.1 0.173205 0.979796 0.694457
-0.15 0.259808 0.953939 0.711081
-0.2 0.34641 0.916515 0.719526
-0.25 0.433013 0.866025 0.71473
-0.3 0.519615 0.8 0.703232
-0.35 0.606218 0.714143 0.719356
-0.4 0.69282 0.6 0.721505
-0.45 0.779423 0.43589 0.713001
-0.5 0.866025 1.49012e-08 0.640143
-0 0 1 0.720146
-0.0642788 0.0766044 0.994987 0.715932
-0.128558 0.153209 0.979796 0.700355
-0.192836 0.229813 0.953939 0.709683
-0.257115 0.306418 0.916515 0.717109
-0.321394 0.383022 0.866025 0.707063
-0.385673 0.459627 0.8 0.681096
-0.449951 0.536231 0.714143 0.716429
-0.51423 0.612836 0.6 0.723185
-0.578509 0.68944 0.43589 0.720397
-0.642788 0.766044 1.49012e-08 0.640143
-0 0 1 0.720146
-0.0766044 0.0642788 0.994987 0.718176
-0.153209 0.128558 0.979796 0.708096
-0.229813 0.192836 0.953939 0.709356
-0.306418 0.257115 0.916515 0.714472
-0.383022 0.321394 0.866025 0.711136
-0.459627 0.385673 0.8 0.698608
-0.536231 0.449951 0.714143 0.709956
-0.612836 0.51423 0.6 0.708543
-0.68944 0.578509 0.43589 0.72017
-0.766044 0.642788 1.49012e-08 0.640143
-0 0 1 0.720146
-0.0866025 0.05 0.994987 0.720077
-0.173205 0.1 0.979796 0.713051
-0.259808 0.15 0.953939 0.707438
-0.34641 0.2 0.916515 0.70624
-0.433013 0.25 0.866025 0.708581
-0.519615 0.3 0.8 0.708445
-0.606218 0.35 0.714143 0.71392
-0.69282 0.4 0.6 0.70449
-0.779423 0.45 0.43589 0.713716
-0.866025 0.5 1.49012e-08 0.640143
-0 0 1 0.720146
-0.0939693 0.034202 0.994987 0.721561
-0.187939 0.068404 0.979796 0.716148
-0.281908 0.102606 0.953939 0.705766
-0.375877 0.136808 0.916515 0.70527
-0.469846 0.17101 0.866025 0.701035
-0.563816 0.205212 0.8 0.702442
-0.657785 0.239414 0.714143 0.70737
-0.751754 0.273616 0.6 0.712884
-0.845723 0.307818 0.43589 0.717497
-0.939693 0.34202 1.49012e-08 0.640143
-0 0 1 0.720146
-0.0984808 0.0173648 0.994987 0.722589
-0.196962 0.0347296 0.979796 0.7192
-0.295442 0.0520945 0.953939 0.707461
-0.393923 0.0694593 0.916515 0.704628
-0.492404 0.0868241 0.866025 0.706187
-0.590885 0.104189 0.8 0.706531
-0.689365 0.121554 0.714143 0.704035
-0.787846 0.138919 0.6 0.71321
-0.886327 0.156283 0.43589 0.709904
-0.984808 0.173648 1.49012e-08 0.640143
-0 0 1 0.720146
-0.1 1.22465e-17 0.994987 0.722931
-0.2 2.44929e-17 0.979796 0.72207
-0.3 3.67394e-17 0.953939 0.71202
-0.4 4.89859e-17 0.916515 0.699079
-0.5 6.12323e-17 0.866025 0.685965
-0.6 7.34788e-17 0.8 0.693153
-0.7 8.57253e-17 0.714143 0.710862
-0.8 9.79717e-17 0.6 0.696571
-0.9 1.10218e-16 0.43589 0.707566
-1 1.22465e-16 1.49012e-08 0.640143
-0 -0 1 0.720146
-0.0984808 -0.0173648 0.994987 0.722813
-0.196962 -0.0347296 0.979796 0.723065
-0.295442 -0.0520945 0.953939 0.713737
-0.393923 -0.0694593 0.916515 0.69778
-0.492404 -0.0868241 0.866025 0.659492
-0.590885 -0.104189 0.8 0.68413
-0.689365 -0.121554 0.714143 0.698995
-0.787846 -0.138919 0.6 0.712355
-0.886327 -0.156283 0.43589 0.712234
-0.984808 -0.173648 1.49012e-08 0.640143
-0 -0 1 0.720146
-0.0939693 -0.034202 0.994987 0.722644
-0.187939 -0.068404 0.979796 0.722798
-0.281908 -0.102606 0.953939 0.711418
-0.375877 -0.136808 0.916515 0.701254
-0.469846 -0.17101 0.866025 0.692024
-0.563816 -0.205212 0.8 0.708066
-0.657785 -0.239414 0.714143 0.71591
-0.751754 -0.273616 0.6 0.720641
-0.845723 -0.307818 0.43589 0.718892
-0.939693 -0.34202 1.49012e-08 0.640143
-0 -0 1 0.720146
-0.0866025 -0.05 0.994987 0.722019
-0.173205 -0.1 0.979796 0.720892
-0.259808 -0.15 0.953939 0.711365
-0.34641 -0.2 0.916515 0.700552
-0.433013 -0.25 0.866025 0.695199
-0.519615 -0.3 0.8 0.715482
-0.606218 -0.35 0.714143 0.716479
-0.69282 -0.4 0.6 0.721277
-0.779423 -0.45 0.43589 0.719509
-0.866025 -0.5 1.49012e-08 0.640143
-0 -0 1 0.720146
-0.0766044 -0.0642788 0.994987 0.721882
-0.153209 -0.128558 0.979796 0.716748
-0.229813 -0.192836 0.953939 0.712753
-0.306418 -0.257115 0.916515 0.700169
-0.383022 -0.321394 0.866025 0.697933
-0.459627 -0.385673 0.8 0.712137
-0.536231 -0.449951 0.714143 0.718641
-0.612836 -0.51423 0.6 0.722685
-0.68944 -0.578509 0.43589 0.712343
-0.766044 -0.642788 1.49012e-08 0.640143
-0 -0 1 0.720146
-0.0642788 -0.0766044 0.994987 0.722347
-0.128558 -0.153209 0.979796 0.713734
-0.192836 -0.229813 0.953939 0.712733
-0.257115 -0.306418 0.916515 0.693948
-0.321394 -0.383022 0.866025 0.683503
-0.385673 -0.459627 0.8 0.70741
-0.449951 -0.536231 0.714143 0.716318
-0.51423 -0.612836 0.6 0.714358
-0.578509 -0.68944 0.43589 0.71142
-0.642788 -0.766044 1.49012e-08 0.640143
-0 -0 1 0.720146
-0.05 -0.0866025 0.994987 0.722735
-0.1 -0.173205 0.979796 0.715882
-0.15 -0.259808 0.953939 0.713495
-0.2 -0.34641 0.916515 0.69091
-0.25 -0.433013 0.866025 0.655273
-0.3 -0.519615 0.8 0.7023
-0.35 -0.606218 0.714143 0.71222
-0.4 -0.69282 0.6 0.704797
-0.45 -0.779423 0.43589 0.720217
-0.5 -0.866025 1.49012e-08 0.640143
-0 -0 1 0.720146
-0.034202 -0.0939693 0.994987 0.722928
-0.068404 -0.187939 0.979796 0.716295
-0.102606 -0.281908 0.953939 0.715132
-0.136808 -0.375877 0.916515 0.696792
-0.17101 -0.469846 0.866025 0.680412
-0.205212 -0.563816 0.8 0.698161
-0.239414 -0.657785 0.714143 0.708364
-0.273616 -0.751754 0.6 0.71049
-0.307818 -0.845723 0.43589 0.720978
-0.34202 -0.939693 1.49012e-08 0.640143
-0 -0 1 0.720146
-0.0173648 -0.0984808 0.994987 0.72294
-0.0347296 -0.196962 0.979796 0.715512
-0.0520945 -0.295442 0.953939 0.716963
-0.0694593 -0.393923 0.916515 0.705794
-0.0868241 -0.492404 0.866025 0.69444
-0.104189 -0.590885 0.8 0.692068
-0.121554 -0.689365 0.714143 0.704805
-0.138919 -0.787846 0.6 0.715951
-0.156283 -0.886327 0.43589 0.719883
-0.173648 -0.984808 1.49012e-08 0.640143
-0 -0 1 0.720146
-1.83697e-17 -0.1 0.994987 0.7227
-3.67394e-17 -0.2 0.979796 0.718998
-5.51091e-17 -0.3 0.953939 0.717183
-7.34788e-17 -0.4 0.916515 0.709242
-9.18485e-17 -0.5 0.866025 0.702076
-1.10218e-16 -0.6 0.8 0.691191
-1.28588e-16 -0.7 0.714143 0.702733
-1.46958e-16 -0.8 0.6 0.712196
-1.65327e-16 -0.9 0.43589 0.714453
-1.83697e-16 -1 1.49012e-08 0.640143
0 -0 1 0.720146
0.0173648 -0.0984808 0.994987 0.722181
0.0347296 -0.196962 0.979796 0.719285
0.0520945 -0.295442 0.953939 0.715555
0.0694593 -0.393923 0.916515 0.708484
0.0868241 -0.492404 0.866025 0.70131
0.104189 -0.590885 0.8 0.699121
0.121554 -0.689365 0.714143 0.690224
0.138919 -0.787846 0.6 0.705056
0.156283 -0.886327 0.43589 0.711921
0.173648 -0.984808 1.49012e-08 0.640143
0 -0 1 0.720146
0.034202 -0.0939693 0.994987 0.721171
0.068404 -0.187939 0.979796 0.717549
0.102606 -0.281908 0.953939 0.711098
0.136808 -0.375877 0.916515 0.70018
0.17101 -0.469846 0.866025 0.705528
0.205212 -0.563816 0.8 0.706072
0.239414 -0.657785 0.714143 0.699773
0.273616 -0.751754 0.6 0.702154
0.307818 -0.845723 0.43589 0.700788
0.34202 -0.939693 1.49012e-08 0.640143
0 -0 1 0.720146
0.05 -0.0866025 0.994987 0.719752
0.1 -0.173205 0.979796 0.715724
0.15 -0.259808 0.953939 0.702175
0.2 -0.34641 0.916515 0.700961
0.25 -0.433013 0.866025 0.712443
0.3 -0.519615 0.8 0.714055
0.35 -0.606218 0.714143 0.713504
0.4 -0.69282 0.6 0.705286
0.45 -0.779423 0.43589 0.7053
0.5 -0.866025 1.49012e-08 0.640143
0 -0 1 0.720146
0.0642788 -0.0766044 0.994987 0.717852
0.128558 -0.153209 0.979796 0.714053
0.192836 -0.229813 0.953939 0.686505
0.257115 -0.306418 0.916515 0.700924
0.321394 -0.383022 0.866025 0.717731
0.385673 -0.459627 0.8 0.720621
0.449951 -0.536231 0.714143 0.721296
0.51423 -0.612836 0.6 0.714748
0.578509 -0.68944 0.43589 0.712853
0.642788 -0.766044 1.49012e-08 0.640143
0 -0 1 0.720146
0.0766044 -0.0642788 0.994987 0.715729
0.153209 -0.128558 0.979796 0.713012
0.229813 -0.192836 0.953939 0.685461
0.306418 -0.257115 0.916515 0.694808
0.383022 -0.321394 0.866025 0.713889
0.459627 -0.385673 0.8 0.717596
0.536231 -0.449951 0.714143 0.71737
0.612836 -0.51423 0.6 0.71689
0.68944 -0.578509 0.43589 0.715057
0.766044 -0.642788 1.49012e-08 0.640143
0 -0 1 0.720146
0.0866025 -0.05 0.994987 0.713999
0.173205 -0.1 0.979796 0.71319
0.259808 -0.15 0.953939 0.699985
0.34641 -0.2 0.916515 0.698308
0.433013 -0.25 0.866025 0.700286
0.519615 -0.3 0.8 0.710725
0.606218 -0.35 0.714143 0.713988
0.69282 -0.4 0.6 0.701671
0.779423 -0.45 0.43589 0.710503
0.866025 -0.5 1.49012e-08 0.640143
0 -0 1 0.720146
0.0939693 -0.034202 0.994987 0.713768
0.187939 -0.068404 0.979796 0.713589
0.281908 -0.102606 0.953939 0.711377
0.375877 -0.136808 0.916515 0.710324
0.469846 -0.17101 0.866025 0.70808
0.563816 -0.205212 0.8 0.701709
0.657785 -0.239414 0.714143 0.702867
0.751754 -0.273616 0.6 0.701075
0.845723 -0.307818 0.43589 0.703406
0.939693 -0.34202 1.49012e-08 0.640143
0 -0 1 0.720146
0.0984808 -0.0173648 0.994987 0.714684
0.196962 -0.0347296 0.979796 0.712448
0.295442 -0.0520945 0.953939 0.717253
0.393923 -0.0694593 0.916515 0.716386
0.492404 -0.0868241 0.866025 0.709145
0.590885 -0.104189 0.8 0.700757
0.689365 -0.121554 0.714143 0.701315
0.787846 -0.138919 0.6 0.705356
0.886327 -0.156283 0.43589 0.717225
0.984808 -0.173648 1.49012e-08 0.640143
0 -0 1 0.720146
0.1 -2.44929e-17 0.994987 0.715705
0.2 -4.89859e-17 0.979796 0.713528
0.3 -7.34788e-17 0.953939 0.720235
0.4 -9.79717e-17 0.916515 0.715101
0.5 -1.22465e-16 0.866025 0.706258
0.6 -1.46958e-16 0.8 0.671289
0.7 -1.71451e-16 0.714143 0.687751
0.8 -1.95943e-16 0.6 0.712316
0.9 -2.20436e-16 0.43589 0.72128
1 -2.44929e-16 1.49012e-08 0.640143
