0 0 1 0.674171
0.1 0 0.994987 0.692238
0.2 0 0.979796 0.697408
0.3 0 0.953939 0.705737
0.4 0 0.916515 0.706499
0.5 0 0.866025 0.707416
0.6 0 0.8 0.717817
0.7 0 0.714143 0.714042
0.8 0 0.6 0.691596
0.9 0 0.43589 0.689227
1 0 1.49012e-08 0.716848
0 0 1 0.674171
0.0984808 0.0173648 0.994987 0.691966
0.196962 0.0347296 0.979796 0.69271
0.295442 0.0520945 0.953939 0.699967
0.393923 0.0694593 0.916515 0.691152
0.492404 0.0868241 0.866025 0.710825
0.590885 0.104189 0.8 0.713171
0.689365 0.121554 0.714143 0.692401
0.787846 0.138919 0.6 0.679501
0.886327 0.156283 0.43589 0.710056
0.984808 0.173648 1.49012e-08 0.716848
0 0 1 0.674171
0.0939693 0.034202 0.994987 0.691314
0.187939 0.068404 0.979796 0.689403
0.281908 0.102606 0.953939 0.693877
0.375877 0.136808 0.916515 0.696608
0.469846 0.17101 0.866025 0.711153
0.563816 0.205212 0.8 0.709536
0.657785 0.239414 0.714143 0.69218
0.751754 0.273616 0.6 0.677829
0.845723 0.307818 0.43589 0.696488
0.939693 0.34202 1.49012e-08 0.716848
0 0 1 0.674171
0.0866025 0.05 0.994987 0.690241
0.173205 0.1 0.979796 0.688183
0.259808 0.15 0.953939 0.684919
0.34641 0.2 0.916515 0.689976
0.433013 0.25 0.866025 0.704933
0.519615 0.3 0.8 0.700928
0.606218 0.35 0.714143 0.664265
0.69282 0.4 0.6 0.665291
0.779423 0.45 0.43589 0.711226
0.866025 0.5 1.49012e-08 0.716848
0 0 1 0.674171
0.0766044 0.0642788 0.994987 0.689031
0.153209 0.128558 0.979796 0.684232
0.229813 0.192836 0.953939 0.668493
0.306418 0.257115 0.916515 0.662997
0.383022 0.321394 0.866025 0.691491
0.459627 0.385673 0.8 0.69374
0.536231 0.449951 0.714143 0.681371
0.612836 0.51423 0.6 0.686164
0.68944 0.578509 0.43589 0.708912
0.766044 0.642788 1.49012e-08 0.716848
0 0 1 0.674171
0.0642788 0.0766044 0.994987 0.687443
0.128558 0.153209 0.979796 0.678766
0.192836 0.229813 0.953939 0.654429
0.257115 0.306418 0.916515 0.638563
0.321394 0.383022 0.866025 0.691926
0.385673 0.459627 0.8 0.706039
0.449951 0.536231 0.714143 0.695743
0.51423 0.612836 0.6 0.684883
0.578509 0.68944 0.43589 0.703912
0.642788 0.766044 1.49012e-08 0.716848
0 0 1 0.674171
0.05 0.0866025 0.994987 0.685578
0.1 0.173205 0.979796 0.67408
0.15 0.259808 0.953939 0.660463
0.2 0.34641 0.916515 0.66132
0.25 0.433013 0.866025 0.698083
0.3 0.519615 0.8 0.70437
0.35 0.606218 0.714143 0.696436
0.4 0.69282 0.6 0.663532
0.45 0.779423 0.43589 0.697687
0.5 0.866025 1.49012e-08 0.716848
0 0 1 0.674171
0.034202 0.0939693 0.994987 0.683525
0.068404 0.187939 0.979796 0.672489
0.102606 0.281908 0.953939 0.675523
0.136808 0.375877 0.916515 0.683198
0.17101 0.469846 0.866025 0.702217
0.205212 0.563816 0.8 0.708302
0.239414 0.657785 0.714143 0.694333
0.273616 0.751754 0.6 0.665921
0.307818 0.845723 0.43589 0.698645
0.34202 0.939693 1.49012e-08 0.716848
0 0 1 0.674171
0.0173648 0.0984808 0.994987 0.681215
0.0347296 0.196962 0.979796 0.678118
0.0520945 0.295442 0.953939 0.686366
0.0694593 0.393923 0.916515 0.689357
0.0868241 0.492404 0.866025 0.693892
0.104189 0.590885 0.8 0.707101
0.121554 0.689365 0.714143 0.702541
0.138919 0.787846 0.6 0.686582
0.156283 0.886327 0.43589 0.690686
0.173648 0.984808 1.49012e-08 0.716848
0 0 1 0.674171
6.12323e-18 0.1 0.994987 0.678397
1.22465e-17 0.2 0.979796 0.683503
1.83697e-17 0.3 0.953939 0.690568
2.44929e-17 0.4 0.916515 0.692741
3.06162e-17 0.5 0.866025 0.685966
3.67394e-17 0.6 0.8 0.706025
4.28626e-17 0.7 0.714143 0.709765
4.89859e-17 0.8 0.6 0.687087
5.51091e-17 0.9 0.43589 0.688408
6.12323e-17 1 1.49012e-08 0.716848
-0 0 1 0.674171
-0.0173648 0.0984808 0.994987 0.674744
-0.0347296 0.196962 0.979796 0.684892
-0.0520945 0.295442 0.953939 0.68987
-0.0694593 0.393923 0.916515 0.696249
-0.0868241 0.492404 0.866025 0.697067
-0.104189 0.590885 0.8 0.697883
-0.121554 0.689365 0.714143 0.708866
-0.138919 0.787846 0.6 0.701908
-0.156283 0.886327 0.43589 0.682901
-0.173648 0.984808 1.49012e-08 0.716848
-0 0 1 0.674171
-0.034202 0.0939693 0.994987 0.669945
-0.068404 0.187939 0.979796 0.682567
-0.102606 0.281908 0.953939 0.692133
-0.136808 0.375877 0.916515 0.698168
-0.17101 0.469846 0.866025 0.703613
-0.205212 0.563816 0.8 0.693402
-0.239414 0.657785 0.714143 0.698234
-0.273616 0.751754 0.6 0.712776
-0.307818 0.845723 0.43589 0.687569
-0.34202 0.939693 1.49012e-08 0.716848
-0 0 1 0.674171
-0.05 0.0866025 0.994987 0.66376
-0.1 0.173205 0.979796 0.676697
-0.15 0.259808 0.953939 0.689686
-0.2 0.34641 0.916515 0.696235
-0.25 0.433013 0.866025 0.702637
-0.3 0.519615 0.8 0.705087
-0.35 0.606218 0.714143 0.701497
-0.4 0.69282 0.6 0.709421
-0.45 0.779423 0.43589 0.694509
-0.5 0.866025 1.49012e-08 0.716848
-0 0 1 0.674171
-0.0642788 0.0766044 0.994987 0.656178
-0.128558 0.153209 0.979796 0.667047
-0.192836 0.229813 0.953939 0.681228
-0.257115 0.306418 0.916515 0.682161
-0.321394 0.383022 0.866025 0.691628
-0.385673 0.459627 0.8 0.701659
-0.449951 0.536231 0.714143 0.706531
-0.51423 0.612836 0.6 0.697534
-0.578509 0.68944 0.43589 0.70474
-0.642788 0.766044 1.49012e-08 0.716848
-0 0 1 0.674171
-0.0766044 0.0642788 0.994987 0.64985
-0.153209 0.128558 0.979796 0.653309
-0.229813 0.192836 0.953939 0.667857
-0.306418 0.257115 0.916515 0.659263
-0.383022 0.321394 0.866025 0.664428
-0.459627 0.385673 0.8 0.675587
-0.536231 0.449951 0.714143 0.688388
-0.612836 0.51423 0.6 0.697817
-0.68944 0.578509 0.43589 0.696327
-0.766044 0.642788 1.49012e-08 0.716848
-0 0 1 0.674171
-0.0866025 0.05 0.994987 0.643807
-0.173205 0.1 0.979796 0.635615
-0.259808 0.15 0.953939 0.654495
-0.34641 0.2 0.916515 0.645411
-0.433013 0.25 0.866025 0.647874
-0.519615 0.3 0.8 0.63459
-0.606218 0.35 0.714143 0.648997
-0.69282 0.4 0.6 0.66652
-0.779423 0.45 0.43589 0.67772
-0.866025 0.5 1.49012e-08 0.716848
-0 0 1 0.674171
-0.0939693 0.034202 0.994987 0.63893
-0.187939 0.068404 0.979796 0.617828
-0.281908 0.102606 0.953939 0.648751
-0.375877 0.136808 0.916515 0.644025
-0.469846 0.17101 0.866025 0.66344
-0.563816 0.205212 0.8 0.656979
-0.657785 0.239414 0.714143 0.656916
-0.751754 0.273616 0.6 0.678926
-0.845723 0.307818 0.43589 0.659214
-0.939693 0.34202 1.49012e-08 0.716848
-0 0 1 0.674171
-0.0984808 0.0173648 0.994987 0.63581
-0.196962 0.0347296 0.979796 0.601713
-0.295442 0.0520945 0.953939 0.64768
-0.393923 0.0694593 0.916515 0.669824
-0.492404 0.0868241 0.866025 0.68925
-0.590885 0.104189 0.8 0.696269
-0.689365 0.121554 0.714143 0.702089
-0.787846 0.138919 0.6 0.711215
-0.886327 0.156283 0.43589 0.720075
-0.984808 0.173648 1.49012e-08 0.716848
-0 0 1 0.674171
-0.1 1.22465e-17 0.994987 0.635318
-0.2 2.44929e-17 0.979796 0.589496
-0.3 3.67394e-17 0.953939 0.647672
-0.4 4.89859e-17 0.916515 0.679476
-0.5 6.12323e-17 0.866025 0.700849
-0.6 7.34788e-17 0.8 0.707796
-0.7 8.57253e-17 0.714143 0.712783
-0.8 9.79717e-17 0.6 0.700964
-0.9 1.10218e-16 0.43589 0.700972
-1 1.22465e-16 1.49012e-08 0.716848
-0 -0 1 0.674171
-0.0984808 -0.0173648 0.994987 0.637499
-0.196962 -0.0347296 0.979796 0.604832
-0.295442 -0.0520945 0.953939 0.652836
-0.393923 -0.0694593 0.916515 0.682797
-0.492404 -0.0868241 0.866025 0.700984
-0.590885 -0.104189 0.8 0.711131
-0.689365 -0.121554 0.714143 0.715183
-0.787846 -0.138919 0.6 0.714022
-0.886327 -0.156283 0.43589 0.719226
-0.984808 -0.173648 1.49012e-08 0.716848
-0 -0 1 0.674171
-0.0939693 -0.034202 0.994987 0.641531
-0.187939 -0.068404 0.979796 0.628457
-0.281908 -0.102606 0.953939 0.666058
-0.375877 -0.136808 0.916515 0.690431
-0.469846 -0.17101 0.866025 0.687048
-0.563816 -0.205212 0.8 0.69444
-0.657785 -0.239414 0.714143 0.690462
-0.751754 -0.273616 0.6 0.693456
-0.845723 -0.307818 0.43589 0.713444
-0.939693 -0.34202 1.49012e-08 0.716848
-0 -0 1 0.674171
-0.0866025 -0.05 0.994987 0.646082
-0.173205 -0.1 0.979796 0.646194
-0.259808 -0.15 0.953939 0.680325
-0.34641 -0.2 0.916515 0.702978
-0.433013 -0.25 0.866025 0.7056
-0.519615 -0.3 0.8 0.709484
-0.606218 -0.35 0.714143 0.715039
-0.69282 -0.4 0.6 0.712934
-0.779423 -0.45 0.43589 0.690473
-0.866025 -0.5 1.49012e-08 0.716848
-0 -0 1 0.674171
-0.0766044 -0.0642788 0.994987 0.649976
-0.153209 -0.128558 0.979796 0.657293
-0.229813 -0.192836 0.953939 0.690099
-0.306418 -0.257115 0.916515 0.709131
-0.383022 -0.321394 0.866025 0.71059
-0.459627 -0.385673 0.8 0.707671
-0.536231 -0.449951 0.714143 0.714034
-0.612836 -0.51423 0.6 0.700203
-0.68944 -0.578509 0.43589 0.645399
-0.766044 -0.642788 1.49012e-08 0.716848
-0 -0 1 0.674171
-0.0642788 -0.0766044 0.994987 0.65277
-0.128558 -0.153209 0.979796 0.661634
-0.192836 -0.229813 0.953939 0.69427
-0.257115 -0.306418 0.916515 0.712674
-0.321394 -0.383022 0.866025 0.71174
-0.385673 -0.459627 0.8 0.702064
-0.449951 -0.536231 0.714143 0.707214
-0.51423 -0.612836 0.6 0.700138
-0.578509 -0.68944 0.43589 0.692243
-0.642788 -0.766044 1.49012e-08 0.716848
-0 -0 1 0.674171
-0.05 -0.0866025 0.994987 0.654521
-0.1 -0.173205 0.979796 0.660858
-0.15 -0.259808 0.953939 0.692056
-0.2 -0.34641 0.916515 0.713338
-0.25 -0.433013 0.866025 0.716768
-0.3 -0.519615 0.8 0.711038
-0.35 -0.606218 0.714143 0.705688
-0.4 -0.69282 0.6 0.710403
-0.45 -0.779423 0.43589 0.7098
-0.5 -0.866025 1.49012e-08 0.716848
-0 -0 1 0.674171
-0.034202 -0.0939693 0.994987 0.655543
-0.068404 -0.187939 0.979796 0.656702
-0.102606 -0.281908 0.953939 0.683383
-0.136808 -0.375877 0.916515 0.711156
-0.17101 -0.469846 0.866025 0.718298
-0.205212 -0.563816 0.8 0.713217
-0.239414 -0.657785 0.714143 0.712111
-0.273616 -0.751754 0.6 0.718266
-0.307818 -0.845723 0.43589 0.716602
-0.34202 -0.939693 1.49012e-08 0.716848
-0 -0 1 0.674171
-0.0173648 -0.0984808 0.994987 0.656834
-0.0347296 -0.196962 0.979796 0.654679
-0.0520945 -0.295442 0.953939 0.676817
-0.0694593 -0.393923 0.916515 0.706168
-0.0868241 -0.492404 0.866025 0.716864
-0.104189 -0.590885 0.8 0.715076
-0.121554 -0.689365 0.714143 0.717421
-0.138919 -0.787846 0.6 0.71669
-0.156283 -0.886327 0.43589 0.712881
-0.173648 -0.984808 1.49012e-08 0.716848
-0 -0 1 0.674171
-1.83697e-17 -0.1 0.994987 0.659952
-3.67394e-17 -0.2 0.979796 0.65317
-5.51091e-17 -0.3 0.953939 0.671696
-7.34788e-17 -0.4 0.916515 0.695174
-9.18485e-17 -0.5 0.866025 0.709976
-1.10218e-16 -0.6 0.8 0.71087
-1.28588e-16 -0.7 0.714143 0.713933
-1.46958e-16 -0.8 0.6 0.706617
-1.65327e-16 -0.9 0.43589 0.718063
-1.83697e-16 -1 1.49012e-08 0.716848
0 -0 1 0.674171
0.0173648 -0.0984808 0.994987 0.664561
0.0347296 -0.196962 0.979796 0.655902
0.0520945 -0.295442 0.953939 0.659887
0.0694593 -0.393923 0.916515 0.673949
0.0868241 -0.492404 0.866025 0.694934
0.104189 -0.590885 0.8 0.696979
0.121554 -0.689365 0.714143 0.711307
0.138919 -0.787846 0.6 0.717225
0.156283 -0.886327 0.43589 0.7199
0.173648 -0.984808 1.49012e-08 0.716848
0 -0 1 0.674171
0.034202 -0.0939693 0.994987 0.669772
0.068404 -0.187939 0.979796 0.658393
0.102606 -0.281908 0.953939 0.642464
0.136808 -0.375877 0.916515 0.650563
0.17101 -0.469846 0.866025 0.67704
0.205212 -0.563816 0.8 0.691354
0.239414 -0.657785 0.714143 0.707181
0.273616 -0.751754 0.6 0.716602
0.307818 -0.845723 0.43589 0.714064
0.34202 -0.939693 1.49012e-08 0.716848
0 -0 1 0.674171
0.05 -0.0866025 0.994987 0.674922
0.1 -0.173205 0.979796 0.662378
0.15 -0.259808 0.953939 0.631164
0.2 -0.34641 0.916515 0.650796
0.25 -0.433013 0.866025 0.661237
0.3 -0.519615 0.8 0.673145
0.35 -0.606218 0.714143 0.688728
0.4 -0.69282 0.6 0.710437
0.45 -0.779423 0.43589 0.715777
0.5 -0.866025 1.49012e-08 0.716848
0 -0 1 0.674171
0.0642788 -0.0766044 0.994987 0.679663
0.128558 -0.153209 0.979796 0.670757
0.192836 -0.229813 0.953939 0.66012
0.257115 -0.306418 0.916515 0.66896
0.321394 -0.383022 0.866025 0.658872
0.385673 -0.459627 0.8 0.654888
0.449951 -0.536231 0.714143 0.660068
0.51423 -0.612836 0.6 0.6853
0.578509 -0.68944 0.43589 0.719782
0.642788 -0.766044 1.49012e-08 0.716848
0 -0 1 0.674171
0.0766044 -0.0642788 0.994987 0.683856
0.153209 -0.128558 0.979796 0.681699
0.229813 -0.192836 0.953939 0.684132
0.306418 -0.257115 0.916515 0.691673
0.383022 -0.321394 0.866025 0.68718
0.459627 -0.385673 0.8 0.683012
0.536231 -0.449951 0.714143 0.670691
0.612836 -0.51423 0.6 0.655266
0.68944 -0.578509 0.43589 0.708928
0.766044 -0.642788 1.49012e-08 0.716848
0 -0 1 0.674171
0.0866025 -0.05 0.994987 0.687355
0.173205 -0.1 0.979796 0.691312
0.259808 -0.15 0.953939 0.699483
0.34641 -0.2 0.916515 0.708981
0.433013 -0.25 0.866025 0.712102
0.519615 -0.3 0.8 0.710375
0.606218 -0.35 0.714143 0.700796
0.69282 -0.4 0.6 0.682267
0.779423 -0.45 0.43589 0.663712
0.866025 -0.5 1.49012e-08 0.716848
0 -0 1 0.674171
0.0939693 -0.034202 0.994987 0.689984
0.187939 -0.068404 0.979796 0.697558
0.281908 -0.102606 0.953939 0.705914
0.375877 -0.136808 0.916515 0.714387
0.469846 -0.17101 0.866025 0.716375
0.563816 -0.205212 0.8 0.713158
0.657785 -0.239414 0.714143 0.707917
0.751754 -0.273616 0.6 0.702817
0.845723 -0.307818 0.43589 0.650323
0.939693 -0.34202 1.49012e-08 0.716848
0 -0 1 0.674171
0.0984808 -0.0173648 0.994987 0.691622
0.196962 -0.0347296 0.979796 0.699673
0.295442 -0.0520945 0.953939 0.705887
0.393923 -0.0694593 0.916515 0.714572
0.492404 -0.0868241 0.866025 0.704565
0.590885 -0.104189 0.8 0.700658
0.689365 -0.121554 0.714143 0.718971
0.787846 -0.138919 0.6 0.716517
0.886327 -0.156283 0.43589 0.692066
0.984808 -0.173648 1.49012e-08 0.716848
0 -0 1 0.674171
0.1 -2.44929e-17 0.994987 0.692238
0.2 -4.89859e-17 0.979796 0.697408
0.3 -7.34788e-17 0.953939 0.705737
0.4 -9.79717e-17 0.916515 0.706499
0.5 -1.22465e-16 0.866025 0.707416
0.6 -1.46958e-16 0.8 0.717817
0.7 -1.71451e-16 0.714143 0.714042
0.8 -1.95943e-16 0.6 0.691596
0.9 -2.20436e-16 0.43589 0.689227
1 -2.44929e-16 1.49012e-08 0.716848
