0 0 1 0.715393
0.1 0 0.994987 0.716548
0.2 0 0.979796 0.708103
0.3 0 0.953939 0.69827
0.4 0 0.916515 0.702408
0.5 0 0.866025 0.707486
0.6 0 0.8 0.695965
0.7 0 0.714143 0.675098
0.8 0 0.6 0.689987
0.9 0 0.43589 0.713498
1 0 1.49012e-08 0.705887
0 0 1 0.715393
0.0984808 0.0173648 0.994987 0.715119
0.196962 0.0347296 0.979796 0.704085
0.295442 0.0520945 0.953939 0.691086
0.393923 0.0694593 0.916515 0.695345
0.492404 0.0868241 0.866025 0.709542
0.590885 0.104189 0.8 0.704158
0.689365 0.121554 0.714143 0.688845
0.787846 0.138919 0.6 0.681871
0.886327 0.156283 0.43589 0.704417
0.984808 0.173648 1.49012e-08 0.705887
0 0 1 0.715393
0.0939693 0.034202 0.994987 0.713567
0.187939 0.068404 0.979796 0.702324
0.281908 0.102606 0.953939 0.696127
0.375877 0.136808 0.916515 0.710719
0.469846 0.17101 0.866025 0.715031
0.563816 0.205212 0.8 0.708363
0.657785 0.239414 0.714143 0.696123
0.751754 0.273616 0.6 0.665836
0.845723 0.307818 0.43589 0.629229
0.939693 0.34202 1.49012e-08 0.705887
0 0 1 0.715393
0.0866025 0.05 0.994987 0.712051
0.173205 0.1 0.979796 0.702529
0.259808 0.15 0.953939 0.701424
0.34641 0.2 0.916515 0.714409
0.433013 0.25 0.866025 0.716428
0.519615 0.3 0.8 0.71417
0.606218 0.35 0.714143 0.709941
0.69282 0.4 0.6 0.694662
0.779423 0.45 0.43589 0.653348
0.866025 0.5 1.49012e-08 0.705887
0 0 1 0.715393
0.0766044 0.0642788 0.994987 0.710586
0.153209 0.128558 0.979796 0.699997
0.229813 0.192836 0.953939 0.70091
0.306418 0.257115 0.916515 0.712531
0.383022 0.321394 0.866025 0.716425
0.459627 0.385673 0.8 0.707187
0.536231 0.449951 0.714143 0.710094
0.612836 0.51423 0.6 0.706702
0.68944 0.578509 0.43589 0.660282
0.766044 0.642788 1.49012e-08 0.705887
0 0 1 0.715393
0.0642788 0.0766044 0.994987 0.70924
0.128558 0.153209 0.979796 0.694299
0.192836 0.229813 0.953939 0.692383
0.257115 0.306418 0.916515 0.706234
0.321394 0.383022 0.866025 0.704252
0.385673 0.459627 0.8 0.700858
0.449951 0.536231 0.714143 0.710909
0.51423 0.612836 0.6 0.704799
0.578509 0.68944 0.43589 0.667344
0.642788 0.766044 1.49012e-08 0.705887
0 0 1 0.715393
0.05 0.0866025 0.994987 0.707979
0.1 0.173205 0.979796 0.686313
0.15 0.259808 0.953939 0.673719
0.2 0.34641 0.916515 0.695591
0.25 0.433013 0.866025 0.699055
0.3 0.519615 0.8 0.700514
0.35 0.606218 0.714143 0.704807
0.4 0.69282 0.6 0.702389
0.45 0.779423 0.43589 0.671237
0.5 0.866025 1.49012e-08 0.705887
0 0 1 0.715393
0.034202 0.0939693 0.994987 0.706785
0.068404 0.187939 0.979796 0.678263
0.102606 0.281908 0.953939 0.641558
0.136808 0.375877 0.916515 0.686125
0.17101 0.469846 0.866025 0.703749
0.205212 0.563816 0.8 0.712233
0.239414 0.657785 0.714143 0.71344
0.273616 0.751754 0.6 0.701163
0.307818 0.845723 0.43589 0.67821
0.34202 0.939693 1.49012e-08 0.705887
0 0 1 0.715393
0.0173648 0.0984808 0.994987 0.705777
0.0347296 0.196962 0.979796 0.675409
0.0520945 0.295442 0.953939 0.615295
0.0694593 0.393923 0.916515 0.683676
0.0868241 0.492404 0.866025 0.709725
0.104189 0.590885 0.8 0.717866
0.121554 0.689365 0.714143 0.71497
0.138919 0.787846 0.6 0.694736
0.156283 0.886327 0.43589 0.684155
0.173648 0.984808 1.49012e-08 0.705887
0 0 1 0.715393
6.12323e-18 0.1 0.994987 0.705047
1.22465e-17 0.2 0.979796 0.679949
1.83697e-17 0.3 0.953939 0.64645
2.44929e-17 0.4 0.916515 0.687451
3.06162e-17 0.5 0.866025 0.709605
3.67394e-17 0.6 0.8 0.717807
4.28626e-17 0.7 0.714143 0.712995
4.89859e-17 0.8 0.6 0.684906
5.51091e-17 0.9 0.43589 0.682242
6.12323e-17 1 1.49012e-08 0.705887
-0 0 1 0.715393
-0.0173648 0.0984808 0.994987 0.704583
-0.0347296 0.196962 0.979796 0.687885
-0.0520945 0.295442 0.953939 0.678157
-0.0694593 0.393923 0.916515 0.693079
-0.0868241 0.492404 0.866025 0.703462
-0.104189 0.590885 0.8 0.713573
-0.121554 0.689365 0.714143 0.709912
-0.138919 0.787846 0.6 0.695447
-0.156283 0.886327 0.43589 0.686721
-0.173648 0.984808 1.49012e-08 0.705887
-0 0 1 0.715393
-0.034202 0.0939693 0.994987 0.704309
-0.068404 0.187939 0.979796 0.694947
-0.102606 0.281908 0.953939 0.697001
-0.136808 0.375877 0.916515 0.70169
-0.17101 0.469846 0.866025 0.694376
-0.205212 0.563816 0.8 0.696434
-0.239414 0.657785 0.714143 0.707458
-0.273616 0.751754 0.6 0.690647
-0.307818 0.845723 0.43589 0.680804
-0.34202 0.939693 1.49012e-08 0.705887
-0 0 1 0.715393
-0.05 0.0866025 0.994987 0.704141
-0.1 0.173205 0.979796 0.701027
-0.15 0.259808 0.953939 0.707155
-0.2 0.34641 0.916515 0.706518
-0.25 0.433013 0.866025 0.699343
-0.3 0.519615 0.8 0.702119
-0.35 0.606218 0.714143 0.707886
-0.4 0.69282 0.6 0.694409
-0.45 0.779423 0.43589 0.675651
-0.5 0.866025 1.49012e-08 0.705887
-0 0 1 0.715393
-0.0642788 0.0766044 0.994987 0.703905
-0.128558 0.153209 0.979796 0.703508
-0.192836 0.229813 0.953939 0.71153
-0.257115 0.306418 0.916515 0.716422
-0.321394 0.383022 0.866025 0.709261
-0.385673 0.459627 0.8 0.699983
-0.449951 0.536231 0.714143 0.709481
-0.51423 0.612836 0.6 0.69777
-0.578509 0.68944 0.43589 0.659791
-0.642788 0.766044 1.49012e-08 0.705887
-0 0 1 0.715393
-0.0766044 0.0642788 0.994987 0.703222
-0.153209 0.128558 0.979796 0.702396
-0.229813 0.192836 0.953939 0.713756
-0.306418 0.257115 0.916515 0.717189
-0.383022 0.321394 0.866025 0.714338
-0.459627 0.385673 0.8 0.709964
-0.536231 0.449951 0.714143 0.705144
-0.612836 0.51423 0.6 0.694851
-0.68944 0.578509 0.43589 0.62284
-0.766044 0.642788 1.49012e-08 0.705887
-0 0 1 0.715393
-0.0866025 0.05 0.994987 0.702576
-0.173205 0.1 0.979796 0.699155
-0.259808 0.15 0.953939 0.712965
-0.34641 0.2 0.916515 0.716998
-0.433013 0.25 0.866025 0.711022
-0.519615 0.3 0.8 0.7071
-0.606218 0.35 0.714143 0.693714
-0.69282 0.4 0.6 0.683335
-0.779423 0.45 0.43589 0.630591
-0.866025 0.5 1.49012e-08 0.705887
-0 0 1 0.715393
-0.0939693 0.034202 0.994987 0.702946
-0.187939 0.068404 0.979796 0.693565
-0.281908 0.102606 0.953939 0.706015
-0.375877 0.136808 0.916515 0.710183
-0.469846 0.17101 0.866025 0.704006
-0.563816 0.205212 0.8 0.687688
-0.657785 0.239414 0.714143 0.683091
-0.751754 0.273616 0.6 0.679495
-0.845723 0.307818 0.43589 0.605493
-0.939693 0.34202 1.49012e-08 0.705887
-0 0 1 0.715393
-0.0984808 0.0173648 0.994987 0.703513
-0.196962 0.0347296 0.979796 0.692511
-0.295442 0.0520945 0.953939 0.692215
-0.393923 0.0694593 0.916515 0.707552
-0.492404 0.0868241 0.866025 0.703238
-0.590885 0.104189 0.8 0.696176
-0.689365 0.121554 0.714143 0.696299
-0.787846 0.138919 0.6 0.70605
-0.886327 0.156283 0.43589 0.705309
-0.984808 0.173648 1.49012e-08 0.705887
-0 0 1 0.715393
-0.1 1.22465e-17 0.994987 0.70441
-0.2 2.44929e-17 0.979796 0.696042
-0.3 3.67394e-17 0.953939 0.698342
-0.4 4.89859e-17 0.916515 0.708122
-0.5 6.12323e-17 0.866025 0.69968
-0.6 7.34788e-17 0.8 0.684019
-0.7 8.57253e-17 0.714143 0.694273
-0.8 9.79717e-17 0.6 0.711005
-0.9 1.10218e-16 0.43589 0.71495
-1 1.22465e-16 1.49012e-08 0.705887
-0 -0 1 0.715393
-0.0984808 -0.0173648 0.994987 0.705555
-0.196962 -0.0347296 0.979796 0.69732
-0.295442 -0.0520945 0.953939 0.707906
-0.393923 -0.0694593 0.916515 0.70818
-0.492404 -0.0868241 0.866025 0.701937
-0.590885 -0.104189 0.8 0.683464
-0.689365 -0.121554 0.714143 0.664245
-0.787846 -0.138919 0.6 0.690283
-0.886327 -0.156283 0.43589 0.699746
-0.984808 -0.173648 1.49012e-08 0.705887
-0 -0 1 0.715393
-0.0939693 -0.034202 0.994987 0.706849
-0.187939 -0.068404 0.979796 0.694341
-0.281908 -0.102606 0.953939 0.711049
-0.375877 -0.136808 0.916515 0.70933
-0.469846 -0.17101 0.866025 0.700977
-0.563816 -0.205212 0.8 0.669342
-0.657785 -0.239414 0.714143 0.63519
-0.751754 -0.273616 0.6 0.671412
-0.845723 -0.307818 0.43589 0.699867
-0.939693 -0.34202 1.49012e-08 0.705887
-0 -0 1 0.715393
-0.0866025 -0.05 0.994987 0.708368
-0.173205 -0.1 0.979796 0.692309
-0.259808 -0.15 0.953939 0.710429
-0.34641 -0.2 0.916515 0.708979
-0.433013 -0.25 0.866025 0.693036
-0.519615 -0.3 0.8 0.657857
-0.606218 -0.35 0.714143 0.65474
-0.69282 -0.4 0.6 0.693649
-0.779423 -0.45 0.43589 0.7049
-0.866025 -0.5 1.49012e-08 0.705887
-0 -0 1 0.715393
-0.0766044 -0.0642788 0.994987 0.710194
-0.153209 -0.128558 0.979796 0.698358
-0.229813 -0.192836 0.953939 0.708235
-0.306418 -0.257115 0.916515 0.705311
-0.383022 -0.321394 0.866025 0.687658
-0.459627 -0.385673 0.8 0.645321
-0.536231 -0.449951 0.714143 0.655219
-0.612836 -0.51423 0.6 0.687089
-0.68944 -0.578509 0.43589 0.707239
-0.766044 -0.642788 1.49012e-08 0.705887
-0 -0 1 0.715393
-0.0642788 -0.0766044 0.994987 0.712132
-0.128558 -0.153209 0.979796 0.70471
-0.192836 -0.229813 0.953939 0.706105
-0.257115 -0.306418 0.916515 0.700357
-0.321394 -0.383022 0.866025 0.68115
-0.385673 -0.459627 0.8 0.635452
-0.449951 -0.536231 0.714143 0.669355
-0.51423 -0.612836 0.6 0.695392
-0.578509 -0.68944 0.43589 0.701242
-0.642788 -0.766044 1.49012e-08 0.705887
-0 -0 1 0.715393
-0.05 -0.0866025 0.994987 0.71386
-0.1 -0.173205 0.979796 0.7079
-0.15 -0.259808 0.953939 0.70258
-0.2 -0.34641 0.916515 0.69647
-0.25 -0.433013 0.866025 0.682393
-0.3 -0.519615 0.8 0.676447
-0.35 -0.606218 0.714143 0.696158
-0.4 -0.69282 0.6 0.691027
-0.45 -0.779423 0.43589 0.69316
-0.5 -0.866025 1.49012e-08 0.705887
-0 -0 1 0.715393
-0.034202 -0.0939693 0.994987 0.715199
-0.068404 -0.187939 0.979796 0.708411
-0.102606 -0.281908 0.953939 0.701197
-0.136808 -0.375877 0.916515 0.689589
-0.17101 -0.469846 0.866025 0.681915
-0.205212 -0.563816 0.8 0.700098
-0.239414 -0.657785 0.714143 0.709879
-0.273616 -0.751754 0.6 0.692257
-0.307818 -0.845723 0.43589 0.685623
-0.34202 -0.939693 1.49012e-08 0.705887
-0 -0 1 0.715393
-0.0173648 -0.0984808 0.994987 0.716143
-0.0347296 -0.196962 0.979796 0.708455
-0.0520945 -0.295442 0.953939 0.70156
-0.0694593 -0.393923 0.916515 0.692086
-0.0868241 -0.492404 0.866025 0.686178
-0.104189 -0.590885 0.8 0.706841
-0.121554 -0.689365 0.714143 0.713641
-0.138919 -0.787846 0.6 0.709345
-0.156283 -0.886327 0.43589 0.678903
-0.173648 -0.984808 1.49012e-08 0.705887
-0 -0 1 0.715393
-1.83697e-17 -0.1 0.994987 0.716828
-3.67394e-17 -0.2 0.979796 0.709124
-5.51091e-17 -0.3 0.953939 0.697503
-7.34788e-17 -0.4 0.916515 0.696239
-9.18485e-17 -0.5 0.866025 0.694556
-1.10218e-16 -0.6 0.8 0.706013
-1.28588e-16 -0.7 0.714143 0.717405
-1.46958e-16 -0.8 0.6 0.713442
-1.65327e-16 -0.9 0.43589 0.672902
-1.83697e-16 -1 1.49012e-08 0.705887
0 -0 1 0.715393
0.0173648 -0.0984808 0.994987 0.717363
0.0347296 -0.196962 0.979796 0.709751
0.0520945 -0.295442 0.953939 0.690665
0.0694593 -0.393923 0.916515 0.694623
0.0868241 -0.492404 0.866025 0.694593
0.104189 -0.590885 0.8 0.700251
0.121554 -0.689365 0.714143 0.716924
0.138919 -0.787846 0.6 0.714968
0.156283 -0.886327 0.43589 0.671386
0.173648 -0.984808 1.49012e-08 0.705887
0 -0 1 0.715393
0.034202 -0.0939693 0.994987 0.717628
0.068404 -0.187939 0.979796 0.710453
0.102606 -0.281908 0.953939 0.696214
0.136808 -0.375877 0.916515 0.693135
0.17101 -0.469846 0.866025 0.691375
0.205212 -0.563816 0.8 0.704978
0.239414 -0.657785 0.714143 0.712268
0.273616 -0.751754 0.6 0.708802
0.307818 -0.845723 0.43589 0.674416
0.34202 -0.939693 1.49012e-08 0.705887
0 -0 1 0.715393
0.05 -0.0866025 0.994987 0.717608
0.1 -0.173205 0.979796 0.712466
0.15 -0.259808 0.953939 0.704702
0.2 -0.34641 0.916515 0.692819
0.25 -0.433013 0.866025 0.668955
0.3 -0.519615 0.8 0.697149
0.35 -0.606218 0.714143 0.70745
0.4 -0.69282 0.6 0.692506
0.45 -0.779423 0.43589 0.677114
0.5 -0.866025 1.49012e-08 0.705887
0 -0 1 0.715393
0.0642788 -0.0766044 0.994987 0.71731
0.128558 -0.153209 0.979796 0.714212
0.192836 -0.229813 0.953939 0.709876
0.257115 -0.306418 0.916515 0.694971
0.321394 -0.383022 0.866025 0.679109
0.385673 -0.459627 0.8 0.677167
0.449951 -0.536231 0.714143 0.686416
0.51423 -0.612836 0.6 0.684822
0.578509 -0.68944 0.43589 0.682247
0.642788 -0.766044 1.49012e-08 0.705887
0 -0 1 0.715393
0.0766044 -0.0642788 0.994987 0.717281
0.153209 -0.128558 0.979796 0.714405
0.229813 -0.192836 0.953939 0.711728
0.306418 -0.257115 0.916515 0.704101
0.383022 -0.321394 0.866025 0.691951
0.459627 -0.385673 0.8 0.667481
0.536231 -0.449951 0.714143 0.626827
0.612836 -0.51423 0.6 0.670625
0.68944 -0.578509 0.43589 0.688787
0.766044 -0.642788 1.49012e-08 0.705887
0 -0 1 0.715393
0.0866025 -0.05 0.994987 0.717973
0.173205 -0.1 0.979796 0.714881
0.259808 -0.15 0.953939 0.708177
0.34641 -0.2 0.916515 0.708672
0.433013 -0.25 0.866025 0.700969
0.519615 -0.3 0.8 0.678871
0.606218 -0.35 0.714143 0.633433
0.69282 -0.4 0.6 0.644061
0.779423 -0.45 0.43589 0.695189
0.866025 -0.5 1.49012e-08 0.705887
0 -0 1 0.715393
0.0939693 -0.034202 0.994987 0.718098
0.187939 -0.068404 0.979796 0.713524
0.281908 -0.102606 0.953939 0.696442
0.375877 -0.136808 0.916515 0.710294
0.469846 -0.17101 0.866025 0.707761
0.563816 -0.205212 0.8 0.688223
0.657785 -0.239414 0.714143 0.643287
0.751754 -0.273616 0.6 0.65417
0.845723 -0.307818 0.43589 0.690998
0.939693 -0.34202 1.49012e-08 0.705887
0 -0 1 0.715393
0.0984808 -0.0173648 0.994987 0.717599
0.196962 -0.0347296 0.979796 0.711215
0.295442 -0.0520945 0.953939 0.695976
0.393923 -0.0694593 0.916515 0.709847
0.492404 -0.0868241 0.866025 0.707888
0.590885 -0.104189 0.8 0.696048
0.689365 -0.121554 0.714143 0.652956
0.787846 -0.138919 0.6 0.631978
0.886327 -0.156283 0.43589 0.685415
0.984808 -0.173648 1.49012e-08 0.705887
0 -0 1 0.715393
0.1 -2.44929e-17 0.994987 0.716548
0.2 -4.89859e-17 0.979796 0.708103
0.3 -7.34788e-17 0.953939 0.69827
0.4 -9.79717e-17 0.916515 0.702408
0.5 -1.22465e-16 0.866025 0.707486
0.6 -1.46958e-16 0.8 0.695965
0.7 -1.71451e-16 0.714143 0.675098
0.8 -1.95943e-16 0.6 0.689987
0.9 -2.20436e-16 0.43589 0.713498
1 -2.44929e-16 1.49012e-08 0.705887
