0 0 1 0.699783
0.1 0 0.994987 0.692634
0.2 0 0.979796 0.676243
0.3 0 0.953939 0.690582
0.4 0 0.916515 0.708306
0.5 0 0.866025 0.705727
0.6 0 0.8 0.694155
0.7 0 0.714143 0.676201
0.8 0 0.6 0.669838
0.9 0 0.43589 0.70122
1 0 1.49012e-08 0.702531
0 0 1 0.699783
0.0984808 0.0173648 0.994987 0.689338
0.196962 0.0347296 0.979796 0.668038
0.295442 0.0520945 0.953939 0.684238
0.393923 0.0694593 0.916515 0.703697
0.492404 0.0868241 0.866025 0.706348
0.590885 0.104189 0.8 0.708156
0.689365 0.121554 0.714143 0.706689
0.787846 0.138919 0.6 0.699687
0.886327 0.156283 0.43589 0.706632
0.984808 0.173648 1.49012e-08 0.702531
0 0 1 0.699783
0.0939693 0.034202 0.994987 0.686419
0.187939 0.068404 0.979796 0.654542
0.281908 0.102606 0.953939 0.667403
0.375877 0.136808 0.916515 0.699668
0.469846 0.17101 0.866025 0.713313
0.563816 0.205212 0.8 0.71608
0.657785 0.239414 0.714143 0.709234
0.751754 0.273616 0.6 0.685624
0.845723 0.307818 0.43589 0.676132
0.939693 0.34202 1.49012e-08 0.702531
0 0 1 0.699783
0.0866025 0.05 0.994987 0.684365
0.173205 0.1 0.979796 0.636502
0.259808 0.15 0.953939 0.639903
0.34641 0.2 0.916515 0.692541
0.433013 0.25 0.866025 0.706275
0.519615 0.3 0.8 0.703561
0.606218 0.35 0.714143 0.694867
0.69282 0.4 0.6 0.671646
0.779423 0.45 0.43589 0.707818
0.866025 0.5 1.49012e-08 0.702531
0 0 1 0.699783
0.0766044 0.0642788 0.994987 0.683653
0.153209 0.128558 0.979796 0.623433
0.229813 0.192836 0.953939 0.617108
0.306418 0.257115 0.916515 0.686225
0.383022 0.321394 0.866025 0.705433
0.459627 0.385673 0.8 0.706741
0.536231 0.449951 0.714143 0.702883
0.612836 0.51423 0.6 0.697019
0.68944 0.578509 0.43589 0.710242
0.766044 0.642788 1.49012e-08 0.702531
0 0 1 0.699783
0.0642788 0.0766044 0.994987 0.684541
0.128558 0.153209 0.979796 0.632309
0.192836 0.229813 0.953939 0.630449
0.257115 0.306418 0.916515 0.684066
0.321394 0.383022 0.866025 0.705887
0.385673 0.459627 0.8 0.704897
0.449951 0.536231 0.714143 0.700154
0.51423 0.612836 0.6 0.702134
0.578509 0.68944 0.43589 0.711284
0.642788 0.766044 1.49012e-08 0.702531
0 0 1 0.699783
0.05 0.0866025 0.994987 0.686883
0.1 0.173205 0.979796 0.651777
0.15 0.259808 0.953939 0.654344
0.2 0.34641 0.916515 0.680359
0.25 0.433013 0.866025 0.695522
0.3 0.519615 0.8 0.700252
0.35 0.606218 0.714143 0.707071
0.4 0.69282 0.6 0.703063
0.45 0.779423 0.43589 0.707201
0.5 0.866025 1.49012e-08 0.702531
0 0 1 0.699783
0.034202 0.0939693 0.994987 0.690233
0.068404 0.187939 0.979796 0.670647
0.102606 0.281908 0.953939 0.674365
0.136808 0.375877 0.916515 0.676844
0.17101 0.469846 0.866025 0.671001
0.205212 0.563816 0.8 0.682476
0.239414 0.657785 0.714143 0.699666
0.273616 0.751754 0.6 0.694603
0.307818 0.845723 0.43589 0.700256
0.34202 0.939693 1.49012e-08 0.702531
0 0 1 0.699783
0.0173648 0.0984808 0.994987 0.69398
0.0347296 0.196962 0.979796 0.684722
0.0520945 0.295442 0.953939 0.689526
0.0694593 0.393923 0.916515 0.685999
0.0868241 0.492404 0.866025 0.652914
0.104189 0.590885 0.8 0.661525
0.121554 0.689365 0.714143 0.677966
0.138919 0.787846 0.6 0.657672
0.156283 0.886327 0.43589 0.693789
0.173648 0.984808 1.49012e-08 0.702531
0 0 1 0.699783
6.12323e-18 0.1 0.994987 0.697536
1.22465e-17 0.2 0.979796 0.693736
1.83697e-17 0.3 0.953939 0.698904
2.44929e-17 0.4 0.916515 0.69725
3.06162e-17 0.5 0.866025 0.67719
3.67394e-17 0.6 0.8 0.67729
4.28626e-17 0.7 0.714143 0.669447
4.89859e-17 0.8 0.6 0.578651
5.51091e-17 0.9 0.43589 0.680958
6.12323e-17 1 1.49012e-08 0.702531
-0 0 1 0.699783
-0.0173648 0.0984808 0.994987 0.700533
-0.0347296 0.196962 0.979796 0.699323
-0.0520945 0.295442 0.953939 0.702864
-0.0694593 0.393923 0.916515 0.703052
-0.0868241 0.492404 0.866025 0.695564
-0.104189 0.590885 0.8 0.697509
-0.121554 0.689365 0.714143 0.687053
-0.138919 0.787846 0.6 0.634129
-0.156283 0.886327 0.43589 0.672606
-0.173648 0.984808 1.49012e-08 0.702531
-0 0 1 0.699783
-0.034202 0.0939693 0.994987 0.702831
-0.068404 0.187939 0.979796 0.703161
-0.102606 0.281908 0.953939 0.70353
-0.136808 0.375877 0.916515 0.702951
-0.17101 0.469846 0.866025 0.690692
-0.205212 0.563816 0.8 0.703159
-0.239414 0.657785 0.714143 0.698483
-0.273616 0.751754 0.6 0.686019
-0.307818 0.845723 0.43589 0.685541
-0.34202 0.939693 1.49012e-08 0.702531
-0 0 1 0.699783
-0.05 0.0866025 0.994987 0.704355
-0.1 0.173205 0.979796 0.705789
-0.15 0.259808 0.953939 0.701384
-0.2 0.34641 0.916515 0.699522
-0.25 0.433013 0.866025 0.690127
-0.3 0.519615 0.8 0.696608
-0.35 0.606218 0.714143 0.7059
-0.4 0.69282 0.6 0.704359
-0.45 0.779423 0.43589 0.702967
-0.5 0.866025 1.49012e-08 0.702531
-0 0 1 0.699783
-0.0642788 0.0766044 0.994987 0.705063
-0.128558 0.153209 0.979796 0.707458
-0.192836 0.229813 0.953939 0.699162
-0.257115 0.306418 0.916515 0.689155
-0.321394 0.383022 0.866025 0.691723
-0.385673 0.459627 0.8 0.692052
-0.449951 0.536231 0.714143 0.706388
-0.51423 0.612836 0.6 0.712185
-0.578509 0.68944 0.43589 0.710343
-0.642788 0.766044 1.49012e-08 0.702531
-0 0 1 0.699783
-0.0766044 0.0642788 0.994987 0.705035
-0.153209 0.128558 0.979796 0.710404
-0.229813 0.192836 0.953939 0.700782
-0.306418 0.257115 0.916515 0.687552
-0.383022 0.321394 0.866025 0.676326
-0.459627 0.385673 0.8 0.680984
-0.536231 0.449951 0.714143 0.704986
-0.612836 0.51423 0.6 0.710002
-0.68944 0.578509 0.43589 0.699583
-0.766044 0.642788 1.49012e-08 0.702531
-0 0 1 0.699783
-0.0866025 0.05 0.994987 0.704754
-0.173205 0.1 0.979796 0.712515
-0.259808 0.15 0.953939 0.705595
-0.34641 0.2 0.916515 0.695222
-0.433013 0.25 0.866025 0.664796
-0.519615 0.3 0.8 0.647761
-0.606218 0.35 0.714143 0.699975
-0.69282 0.4 0.6 0.694787
-0.779423 0.45 0.43589 0.695018
-0.866025 0.5 1.49012e-08 0.702531
-0 0 1 0.699783
-0.0939693 0.034202 0.994987 0.704878
-0.187939 0.068404 0.979796 0.713066
-0.281908 0.102606 0.953939 0.708195
-0.375877 0.136808 0.916515 0.702778
-0.469846 0.17101 0.866025 0.690101
-0.563816 0.205212 0.8 0.675333
-0.657785 0.239414 0.714143 0.693135
-0.751754 0.273616 0.6 0.712139
-0.845723 0.307818 0.43589 0.688399
-0.939693 0.34202 1.49012e-08 0.702531
-0 0 1 0.699783
-0.0984808 0.0173648 0.994987 0.704935
-0.196962 0.0347296 0.979796 0.711352
-0.295442 0.0520945 0.953939 0.704972
-0.393923 0.0694593 0.916515 0.699409
-0.492404 0.0868241 0.866025 0.705849
-0.590885 0.104189 0.8 0.707134
-0.689365 0.121554 0.714143 0.705161
-0.787846 0.138919 0.6 0.702102
-0.886327 0.156283 0.43589 0.696273
-0.984808 0.173648 1.49012e-08 0.702531
-0 0 1 0.699783
-0.1 1.22465e-17 0.994987 0.704621
-0.2 2.44929e-17 0.979796 0.70715
-0.3 3.67394e-17 0.953939 0.707964
-0.4 4.89859e-17 0.916515 0.695457
-0.5 6.12323e-17 0.866025 0.70901
-0.6 7.34788e-17 0.8 0.714066
-0.7 8.57253e-17 0.714143 0.70819
-0.8 9.79717e-17 0.6 0.692183
-0.9 1.10218e-16 0.43589 0.711065
-1 1.22465e-16 1.49012e-08 0.702531
-0 -0 1 0.699783
-0.0984808 -0.0173648 0.994987 0.704045
-0.196962 -0.0347296 0.979796 0.70057
-0.295442 -0.0520945 0.953939 0.704302
-0.393923 -0.0694593 0.916515 0.69964
-0.492404 -0.0868241 0.866025 0.706759
-0.590885 -0.104189 0.8 0.708379
-0.689365 -0.121554 0.714143 0.706333
-0.787846 -0.138919 0.6 0.684863
-0.886327 -0.156283 0.43589 0.712236
-0.984808 -0.173648 1.49012e-08 0.702531
-0 -0 1 0.699783
-0.0939693 -0.034202 0.994987 0.703583
-0.187939 -0.068404 0.979796 0.692662
-0.281908 -0.102606 0.953939 0.695998
-0.375877 -0.136808 0.916515 0.684485
-0.469846 -0.17101 0.866025 0.683375
-0.563816 -0.205212 0.8 0.693027
-0.657785 -0.239414 0.714143 0.700083
-0.751754 -0.273616 0.6 0.679454
-0.845723 -0.307818 0.43589 0.694741
-0.939693 -0.34202 1.49012e-08 0.702531
-0 -0 1 0.699783
-0.0866025 -0.05 0.994987 0.703709
-0.173205 -0.1 0.979796 0.684247
-0.259808 -0.15 0.953939 0.688136
-0.34641 -0.2 0.916515 0.654074
-0.433013 -0.25 0.866025 0.648323
-0.519615 -0.3 0.8 0.685322
-0.606218 -0.35 0.714143 0.705927
-0.69282 -0.4 0.6 0.702665
-0.779423 -0.45 0.43589 0.69993
-0.866025 -0.5 1.49012e-08 0.702531
-0 -0 1 0.699783
-0.0766044 -0.0642788 0.994987 0.704793
-0.153209 -0.128558 0.979796 0.692521
-0.229813 -0.192836 0.953939 0.690797
-0.306418 -0.257115 0.916515 0.661153
-0.383022 -0.321394 0.866025 0.667457
-0.459627 -0.385673 0.8 0.701615
-0.536231 -0.449951 0.714143 0.708053
-0.612836 -0.51423 0.6 0.696085
-0.68944 -0.578509 0.43589 0.680811
-0.766044 -0.642788 1.49012e-08 0.702531
-0 -0 1 0.699783
-0.0642788 -0.0766044 0.994987 0.706666
-0.128558 -0.153209 0.979796 0.700887
-0.192836 -0.229813 0.953939 0.698295
-0.257115 -0.306418 0.916515 0.687545
-0.321394 -0.383022 0.866025 0.694626
-0.385673 -0.459627 0.8 0.70559
-0.449951 -0.536231 0.714143 0.701182
-0.51423 -0.612836 0.6 0.678304
-0.578509 -0.68944 0.43589 0.677611
-0.642788 -0.766044 1.49012e-08 0.702531
-0 -0 1 0.699783
-0.05 -0.0866025 0.994987 0.708416
-0.1 -0.173205 0.979796 0.705403
-0.15 -0.259808 0.953939 0.702429
-0.2 -0.34641 0.916515 0.699845
-0.25 -0.433013 0.866025 0.707864
-0.3 -0.519615 0.8 0.712588
-0.35 -0.606218 0.714143 0.710275
-0.4 -0.69282 0.6 0.683824
-0.45 -0.779423 0.43589 0.689304
-0.5 -0.866025 1.49012e-08 0.702531
-0 -0 1 0.699783
-0.034202 -0.0939693 0.994987 0.7097
-0.068404 -0.187939 0.979796 0.706105
-0.102606 -0.281908 0.953939 0.703542
-0.136808 -0.375877 0.916515 0.700566
-0.17101 -0.469846 0.866025 0.709965
-0.205212 -0.563816 0.8 0.713908
-0.239414 -0.657785 0.714143 0.710922
-0.273616 -0.751754 0.6 0.69993
-0.307818 -0.845723 0.43589 0.695204
-0.34202 -0.939693 1.49012e-08 0.702531
-0 -0 1 0.699783
-0.0173648 -0.0984808 0.994987 0.710396
-0.0347296 -0.196962 0.979796 0.704309
-0.0520945 -0.295442 0.953939 0.700553
-0.0694593 -0.393923 0.916515 0.699234
-0.0868241 -0.492404 0.866025 0.713139
-0.104189 -0.590885 0.8 0.719338
-0.121554 -0.689365 0.714143 0.709411
-0.138919 -0.787846 0.6 0.703012
-0.156283 -0.886327 0.43589 0.706778
-0.173648 -0.984808 1.49012e-08 0.702531
-0 -0 1 0.699783
-1.83697e-17 -0.1 0.994987 0.710513
-3.67394e-17 -0.2 0.979796 0.703907
-5.51091e-17 -0.3 0.953939 0.701921
-7.34788e-17 -0.4 0.916515 0.710458
-9.18485e-17 -0.5 0.866025 0.711217
-1.10218e-16 -0.6 0.8 0.715701
-1.28588e-16 -0.7 0.714143 0.709864
-1.46958e-16 -0.8 0.6 0.705863
-1.65327e-16 -0.9 0.43589 0.709916
-1.83697e-16 -1 1.49012e-08 0.702531
0 -0 1 0.699783
0.0173648 -0.0984808 0.994987 0.710114
0.0347296 -0.196962 0.979796 0.705815
0.0520945 -0.295442 0.953939 0.706453
0.0694593 -0.393923 0.916515 0.712669
0.0868241 -0.492404 0.866025 0.70861
0.104189 -0.590885 0.8 0.708296
0.121554 -0.689365 0.714143 0.709151
0.138919 -0.787846 0.6 0.708207
0.156283 -0.886327 0.43589 0.708272
0.173648 -0.984808 1.49012e-08 0.702531
0 -0 1 0.699783
0.034202 -0.0939693 0.994987 0.709253
0.068404 -0.187939 0.979796 0.706199
0.102606 -0.281908 0.953939 0.705102
0.136808 -0.375877 0.916515 0.707953
0.17101 -0.469846 0.866025 0.699405
0.205212 -0.563816 0.8 0.680056
0.239414 -0.657785 0.714143 0.694226
0.273616 -0.751754 0.6 0.698368
0.307818 -0.845723 0.43589 0.698449
0.34202 -0.939693 1.49012e-08 0.702531
0 -0 1 0.699783
0.05 -0.0866025 0.994987 0.707928
0.1 -0.173205 0.979796 0.703298
0.15 -0.259808 0.953939 0.695273
0.2 -0.34641 0.916515 0.694928
0.25 -0.433013 0.866025 0.68275
0.3 -0.519615 0.8 0.62793
0.35 -0.606218 0.714143 0.662109
0.4 -0.69282 0.6 0.676716
0.45 -0.779423 0.43589 0.671945
0.5 -0.866025 1.49012e-08 0.702531
0 -0 1 0.699783
0.0642788 -0.0766044 0.994987 0.706079
0.128558 -0.153209 0.979796 0.697863
0.192836 -0.229813 0.953939 0.675689
0.257115 -0.306418 0.916515 0.6749
0.321394 -0.383022 0.866025 0.676085
0.385673 -0.459627 0.8 0.64897
0.449951 -0.536231 0.714143 0.659915
0.51423 -0.612836 0.6 0.690809
0.578509 -0.68944 0.43589 0.669178
0.642788 -0.766044 1.49012e-08 0.702531
0 -0 1 0.699783
0.0766044 -0.0642788 0.994987 0.703968
0.153209 -0.128558 0.979796 0.691989
0.229813 -0.192836 0.953939 0.652156
0.306418 -0.257115 0.916515 0.661781
0.383022 -0.321394 0.866025 0.691774
0.459627 -0.385673 0.8 0.69238
0.536231 -0.449951 0.714143 0.694649
0.612836 -0.51423 0.6 0.705968
0.68944 -0.578509 0.43589 0.701724
0.766044 -0.642788 1.49012e-08 0.702531
0 -0 1 0.699783
0.0866025 -0.05 0.994987 0.701687
0.173205 -0.1 0.979796 0.687503
0.259808 -0.15 0.953939 0.659777
0.34641 -0.2 0.916515 0.675218
0.433013 -0.25 0.866025 0.702909
0.519615 -0.3 0.8 0.706965
0.606218 -0.35 0.714143 0.707205
0.69282 -0.4 0.6 0.709201
0.779423 -0.45 0.43589 0.698144
0.866025 -0.5 1.49012e-08 0.702531
0 -0 1 0.699783
0.0939693 -0.034202 0.994987 0.698983
0.187939 -0.068404 0.979796 0.68448
0.281908 -0.102606 0.953939 0.677742
0.375877 -0.136808 0.916515 0.694961
0.469846 -0.17101 0.866025 0.702515
0.563816 -0.205212 0.8 0.705917
0.657785 -0.239414 0.714143 0.699488
0.751754 -0.273616 0.6 0.712004
0.845723 -0.307818 0.43589 0.695721
0.939693 -0.34202 1.49012e-08 0.702531
0 -0 1 0.699783
0.0984808 -0.0173648 0.994987 0.69593
0.196962 -0.0347296 0.979796 0.681506
0.295442 -0.0520945 0.953939 0.688053
0.393923 -0.0694593 0.916515 0.705535
0.492404 -0.0868241 0.866025 0.70222
0.590885 -0.104189 0.8 0.698895
0.689365 -0.121554 0.714143 0.689733
0.787846 -0.138919 0.6 0.699896
0.886327 -0.156283 0.43589 0.70487
0.984808 -0.173648 1.49012e-08 0.702531
0 -0 1 0.699783
0.1 -2.44929e-17 0.994987 0.692634
0.2 -4.89859e-17 0.979796 0.676243
0.3 -7.34788e-17 0.953939 0.690582
0.4 -9.79717e-17 0.916515 0.708306
0.5 -1.22465e-16 0.866025 0.705727
0.6 -1.46958e-16 0.8 0.694155
0.7 -1.71451e-16 0.714143 0.676201
0.8 -1.95943e-16 0.6 0.669838
0.9 -2.20436e-16 0.43589 0.70122
1 -2.44929e-16 1.49012e-08 0.702531
