0 0 1 0.708186
0.1 0 0.994987 0.700849
0.2 0 0.979796 0.687074
0.3 0 0.953939 0.675791
0.4 0 0.916515 0.678459
0.5 0 0.866025 0.682122
0.6 0 0.8 0.67457
0.7 0 0.714143 0.65479
0.8 0 0.6 0.649465
0.9 0 0.43589 0.638579
1 0 1.49012e-08 0.687533
0 0 1 0.708186
0.0984808 0.0173648 0.994987 0.6972
0.196962 0.0347296 0.979796 0.674183
0.295442 0.0520945 0.953939 0.644878
0.393923 0.0694593 0.916515 0.639585
0.492404 0.0868241 0.866025 0.637036
0.590885 0.104189 0.8 0.633929
0.689365 0.121554 0.714143 0.631056
0.787846 0.138919 0.6 0.65767
0.886327 0.156283 0.43589 0.697758
0.984808 0.173648 1.49012e-08 0.687533
0 0 1 0.708186
0.0939693 0.034202 0.994987 0.693588
0.187939 0.068404 0.979796 0.661259
0.281908 0.102606 0.953939 0.603568
0.375877 0.136808 0.916515 0.593632
0.469846 0.17101 0.866025 0.591462
0.563816 0.205212 0.8 0.649239
0.657785 0.239414 0.714143 0.687475
0.751754 0.273616 0.6 0.693301
0.845723 0.307818 0.43589 0.705116
0.939693 0.34202 1.49012e-08 0.687533
0 0 1 0.708186
0.0866025 0.05 0.994987 0.690284
0.173205 0.1 0.979796 0.652021
0.259808 0.15 0.953939 0.583734
0.34641 0.2 0.916515 0.590263
0.433013 0.25 0.866025 0.618946
0.519615 0.3 0.8 0.680099
0.606218 0.35 0.714143 0.703363
0.69282 0.4 0.6 0.686766
0.779423 0.45 0.43589 0.708451
0.866025 0.5 1.49012e-08 0.687533
0 0 1 0.708186
0.0766044 0.0642788 0.994987 0.687444
0.153209 0.128558 0.979796 0.648026
0.229813 0.192836 0.953939 0.606206
0.306418 0.257115 0.916515 0.629728
0.383022 0.321394 0.866025 0.671214
0.459627 0.385673 0.8 0.70197
0.536231 0.449951 0.714143 0.707057
0.612836 0.51423 0.6 0.702773
0.68944 0.578509 0.43589 0.698109
0.766044 0.642788 1.49012e-08 0.687533
0 0 1 0.708186
0.0642788 0.0766044 0.994987 0.685135
0.128558 0.153209 0.979796 0.646528
0.192836 0.229813 0.953939 0.627043
0.257115 0.306418 0.916515 0.660271
0.321394 0.383022 0.866025 0.697536
0.385673 0.459627 0.8 0.712222
0.449951 0.536231 0.714143 0.694234
0.51423 0.612836 0.6 0.716328
0.578509 0.68944 0.43589 0.694214
0.642788 0.766044 1.49012e-08 0.687533
0 0 1 0.708186
0.05 0.0866025 0.994987 0.683395
0.1 0.173205 0.979796 0.644608
0.15 0.259808 0.953939 0.643784
0.2 0.34641 0.916515 0.681159
0.25 0.433013 0.866025 0.708746
0.3 0.519615 0.8 0.714994
0.35 0.606218 0.714143 0.713619
0.4 0.69282 0.6 0.719429
0.45 0.779423 0.43589 0.692414
0.5 0.866025 1.49012e-08 0.687533
0 0 1 0.708186
0.034202 0.0939693 0.994987 0.682307
0.068404 0.187939 0.979796 0.64113
0.102606 0.281908 0.953939 0.654101
0.136808 0.375877 0.916515 0.693077
0.17101 0.469846 0.866025 0.713189
0.205212 0.563816 0.8 0.707806
0.239414 0.657785 0.714143 0.718754
0.273616 0.751754 0.6 0.710134
0.307818 0.845723 0.43589 0.689788
0.34202 0.939693 1.49012e-08 0.687533
0 0 1 0.708186
0.0173648 0.0984808 0.994987 0.682035
0.0347296 0.196962 0.979796 0.635405
0.0520945 0.295442 0.953939 0.656347
0.0694593 0.393923 0.916515 0.697631
0.0868241 0.492404 0.866025 0.713867
0.104189 0.590885 0.8 0.713778
0.121554 0.689365 0.714143 0.718886
0.138919 0.787846 0.6 0.690355
0.156283 0.886327 0.43589 0.68032
0.173648 0.984808 1.49012e-08 0.687533
0 0 1 0.708186
6.12323e-18 0.1 0.994987 0.682763
1.22465e-17 0.2 0.979796 0.630743
1.83697e-17 0.3 0.953939 0.654781
2.44929e-17 0.4 0.916515 0.698199
3.06162e-17 0.5 0.866025 0.714794
3.67394e-17 0.6 0.8 0.71678
4.28626e-17 0.7 0.714143 0.714722
4.89859e-17 0.8 0.6 0.689988
5.51091e-17 0.9 0.43589 0.693499
6.12323e-17 1 1.49012e-08 0.687533
-0 0 1 0.708186
-0.0173648 0.0984808 0.994987 0.684577
-0.0347296 0.196962 0.979796 0.637613
-0.0520945 0.295442 0.953939 0.65177
-0.0694593 0.393923 0.916515 0.694927
-0.0868241 0.492404 0.866025 0.713005
-0.104189 0.590885 0.8 0.718066
-0.121554 0.689365 0.714143 0.707101
-0.138919 0.787846 0.6 0.682091
-0.156283 0.886327 0.43589 0.701914
-0.173648 0.984808 1.49012e-08 0.687533
-0 0 1 0.708186
-0.034202 0.0939693 0.994987 0.68738
-0.068404 0.187939 0.979796 0.646066
-0.102606 0.281908 0.953939 0.64196
-0.136808 0.375877 0.916515 0.685331
-0.17101 0.469846 0.866025 0.707036
-0.205212 0.563816 0.8 0.714981
-0.239414 0.657785 0.714143 0.700648
-0.273616 0.751754 0.6 0.67475
-0.307818 0.845723 0.43589 0.704313
-0.34202 0.939693 1.49012e-08 0.687533
-0 0 1 0.708186
-0.05 0.0866025 0.994987 0.690924
-0.1 0.173205 0.979796 0.655417
-0.15 0.259808 0.953939 0.632755
-0.2 0.34641 0.916515 0.670137
-0.25 0.433013 0.866025 0.695112
-0.3 0.519615 0.8 0.706444
-0.35 0.606218 0.714143 0.691542
-0.4 0.69282 0.6 0.681264
-0.45 0.779423 0.43589 0.705284
-0.5 0.866025 1.49012e-08 0.687533
-0 0 1 0.708186
-0.0642788 0.0766044 0.994987 0.694905
-0.128558 0.153209 0.979796 0.666581
-0.192836 0.229813 0.953939 0.633664
-0.257115 0.306418 0.916515 0.647721
-0.321394 0.383022 0.866025 0.67273
-0.385673 0.459627 0.8 0.691276
-0.449951 0.536231 0.714143 0.683265
-0.51423 0.612836 0.6 0.690367
-0.578509 0.68944 0.43589 0.713938
-0.642788 0.766044 1.49012e-08 0.687533
-0 0 1 0.708186
-0.0766044 0.0642788 0.994987 0.699025
-0.153209 0.128558 0.979796 0.677521
-0.229813 0.192836 0.953939 0.647867
-0.306418 0.257115 0.916515 0.624284
-0.383022 0.321394 0.866025 0.635149
-0.459627 0.385673 0.8 0.660968
-0.536231 0.449951 0.714143 0.685207
-0.612836 0.51423 0.6 0.707962
-0.68944 0.578509 0.43589 0.720723
-0.766044 0.642788 1.49012e-08 0.687533
-0 0 1 0.708186
-0.0866025 0.05 0.994987 0.703025
-0.173205 0.1 0.979796 0.688608
-0.259808 0.15 0.953939 0.662879
-0.34641 0.2 0.916515 0.626632
-0.433013 0.25 0.866025 0.597923
-0.519615 0.3 0.8 0.597909
-0.606218 0.35 0.714143 0.660307
-0.69282 0.4 0.6 0.703245
-0.779423 0.45 0.43589 0.714948
-0.866025 0.5 1.49012e-08 0.687533
-0 0 1 0.708186
-0.0939693 0.034202 0.994987 0.706642
-0.187939 0.068404 0.979796 0.699536
-0.281908 0.102606 0.953939 0.682037
-0.375877 0.136808 0.916515 0.655979
-0.469846 0.17101 0.866025 0.622889
-0.563816 0.205212 0.8 0.577377
-0.657785 0.239414 0.714143 0.594584
-0.751754 0.273616 0.6 0.673747
-0.845723 0.307818 0.43589 0.707189
-0.939693 0.34202 1.49012e-08 0.687533
-0 0 1 0.708186
-0.0984808 0.0173648 0.994987 0.709675
-0.196962 0.0347296 0.979796 0.708406
-0.295442 0.0520945 0.953939 0.70035
-0.393923 0.0694593 0.916515 0.688135
-0.492404 0.0868241 0.866025 0.669586
-0.590885 0.104189 0.8 0.631965
-0.689365 0.121554 0.714143 0.571057
-0.787846 0.138919 0.6 0.591527
-0.886327 0.156283 0.43589 0.682117
-0.984808 0.173648 1.49012e-08 0.687533
-0 0 1 0.708186
-0.1 1.22465e-17 0.994987 0.711982
-0.2 2.44929e-17 0.979796 0.714505
-0.3 3.67394e-17 0.953939 0.712153
-0.4 4.89859e-17 0.916515 0.706754
-0.5 6.12323e-17 0.866025 0.700258
-0.6 7.34788e-17 0.8 0.690649
-0.7 8.57253e-17 0.714143 0.673496
-0.8 9.79717e-17 0.6 0.659892
-0.9 1.10218e-16 0.43589 0.678113
-1 1.22465e-16 1.49012e-08 0.687533
-0 -0 1 0.708186
-0.0984808 -0.0173648 0.994987 0.713537
-0.196962 -0.0347296 0.979796 0.717744
-0.295442 -0.0520945 0.953939 0.717879
-0.393923 -0.0694593 0.916515 0.71117
-0.492404 -0.0868241 0.866025 0.710104
-0.590885 -0.104189 0.8 0.714111
-0.689365 -0.121554 0.714143 0.708143
-0.787846 -0.138919 0.6 0.688771
-0.886327 -0.156283 0.43589 0.692066
-0.984808 -0.173648 1.49012e-08 0.687533
-0 -0 1 0.708186
-0.0939693 -0.034202 0.994987 0.714869
-0.187939 -0.068404 0.979796 0.717887
-0.281908 -0.102606 0.953939 0.718433
-0.375877 -0.136808 0.916515 0.707646
-0.469846 -0.17101 0.866025 0.708322
-0.563816 -0.205212 0.8 0.7194
-0.657785 -0.239414 0.714143 0.720726
-0.751754 -0.273616 0.6 0.703501
-0.845723 -0.307818 0.43589 0.685927
-0.939693 -0.34202 1.49012e-08 0.687533
-0 -0 1 0.708186
-0.0866025 -0.05 0.994987 0.7164
-0.173205 -0.1 0.979796 0.71821
-0.259808 -0.15 0.953939 0.717806
-0.34641 -0.2 0.916515 0.706268
-0.433013 -0.25 0.866025 0.701067
-0.519615 -0.3 0.8 0.717721
-0.606218 -0.35 0.714143 0.721734
-0.69282 -0.4 0.6 0.711449
-0.779423 -0.45 0.43589 0.72096
-0.866025 -0.5 1.49012e-08 0.687533
-0 -0 1 0.708186
-0.0766044 -0.0642788 0.994987 0.717141
-0.153209 -0.128558 0.979796 0.716283
-0.229813 -0.192836 0.953939 0.7146
-0.306418 -0.257115 0.916515 0.698532
-0.383022 -0.321394 0.866025 0.701957
-0.459627 -0.385673 0.8 0.716293
-0.536231 -0.449951 0.714143 0.71595
-0.612836 -0.51423 0.6 0.721985
-0.68944 -0.578509 0.43589 0.717822
-0.766044 -0.642788 1.49012e-08 0.687533
-0 -0 1 0.708186
-0.0642788 -0.0766044 0.994987 0.717156
-0.128558 -0.153209 0.979796 0.715182
-0.192836 -0.229813 0.953939 0.712714
-0.257115 -0.306418 0.916515 0.710487
-0.321394 -0.383022 0.866025 0.707965
-0.385673 -0.459627 0.8 0.703609
-0.449951 -0.536231 0.714143 0.708381
-0.51423 -0.612836 0.6 0.720164
-0.578509 -0.68944 0.43589 0.700496
-0.642788 -0.766044 1.49012e-08 0.687533
-0 -0 1 0.708186
-0.05 -0.0866025 0.994987 0.716515
-0.1 -0.173205 0.979796 0.717786
-0.15 -0.259808 0.953939 0.716864
-0.2 -0.34641 0.916515 0.71326
-0.25 -0.433013 0.866025 0.704457
-0.3 -0.519615 0.8 0.681747
-0.35 -0.606218 0.714143 0.703939
-0.4 -0.69282 0.6 0.714296
-0.45 -0.779423 0.43589 0.69186
-0.5 -0.866025 1.49012e-08 0.687533
-0 -0 1 0.708186
-0.034202 -0.0939693 0.994987 0.716125
-0.068404 -0.187939 0.979796 0.720471
-0.102606 -0.281908 0.953939 0.717524
-0.136808 -0.375877 0.916515 0.71078
-0.17101 -0.469846 0.866025 0.694797
-0.205212 -0.563816 0.8 0.694261
-0.239414 -0.657785 0.714143 0.706141
-0.273616 -0.751754 0.6 0.705246
-0.307818 -0.845723 0.43589 0.70923
-0.34202 -0.939693 1.49012e-08 0.687533
-0 -0 1 0.708186
-0.0173648 -0.0984808 0.994987 0.715874
-0.0347296 -0.196962 0.979796 0.720865
-0.0520945 -0.295442 0.953939 0.714279
-0.0694593 -0.393923 0.916515 0.703426
-0.0868241 -0.492404 0.866025 0.68916
-0.104189 -0.590885 0.8 0.689208
-0.121554 -0.689365 0.714143 0.698688
-0.138919 -0.787846 0.6 0.700141
-0.156283 -0.886327 0.43589 0.719393
-0.173648 -0.984808 1.49012e-08 0.687533
-0 -0 1 0.708186
-1.83697e-17 -0.1 0.994987 0.715273
-3.67394e-17 -0.2 0.979796 0.719739
-5.51091e-17 -0.3 0.953939 0.711586
-7.34788e-17 -0.4 0.916515 0.691815
-9.18485e-17 -0.5 0.866025 0.696398
-1.10218e-16 -0.6 0.8 0.688938
-1.28588e-16 -0.7 0.714143 0.690497
-1.46958e-16 -0.8 0.6 0.702973
-1.65327e-16 -0.9 0.43589 0.722838
-1.83697e-16 -1 1.49012e-08 0.687533
0 -0 1 0.708186
0.0173648 -0.0984808 0.994987 0.714905
0.0347296 -0.196962 0.979796 0.717117
0.0520945 -0.295442 0.953939 0.713126
0.0694593 -0.393923 0.916515 0.697725
0.0868241 -0.492404 0.866025 0.698415
0.104189 -0.590885 0.8 0.687772
0.121554 -0.689365 0.714143 0.679555
0.138919 -0.787846 0.6 0.705826
0.156283 -0.886327 0.43589 0.724321
0.173648 -0.984808 1.49012e-08 0.687533
0 -0 1 0.708186
0.034202 -0.0939693 0.994987 0.714798
0.068404 -0.187939 0.979796 0.712017
0.102606 -0.281908 0.953939 0.713514
0.136808 -0.375877 0.916515 0.707643
0.17101 -0.469846 0.866025 0.704562
0.205212 -0.563816 0.8 0.680461
0.239414 -0.657785 0.714143 0.663421
0.273616 -0.751754 0.6 0.705105
0.307818 -0.845723 0.43589 0.720519
0.34202 -0.939693 1.49012e-08 0.687533
0 -0 1 0.708186
0.05 -0.0866025 0.994987 0.714388
0.1 -0.173205 0.979796 0.706949
0.15 -0.259808 0.953939 0.711452
0.2 -0.34641 0.916515 0.709817
0.25 -0.433013 0.866025 0.710138
0.3 -0.519615 0.8 0.686969
0.35 -0.606218 0.714143 0.680093
0.4 -0.69282 0.6 0.700148
0.45 -0.779423 0.43589 0.713232
0.5 -0.866025 1.49012e-08 0.687533
0 -0 1 0.708186
0.0642788 -0.0766044 0.994987 0.713532
0.128558 -0.153209 0.979796 0.707287
0.192836 -0.229813 0.953939 0.708486
0.257115 -0.306418 0.916515 0.701836
0.321394 -0.383022 0.866025 0.714866
0.385673 -0.459627 0.8 0.703263
0.449951 -0.536231 0.714143 0.705957
0.51423 -0.612836 0.6 0.701444
0.578509 -0.68944 0.43589 0.708931
0.642788 -0.766044 1.49012e-08 0.687533
0 -0 1 0.708186
0.0766044 -0.0642788 0.994987 0.712146
0.153209 -0.128558 0.979796 0.708911
0.229813 -0.192836 0.953939 0.70829
0.306418 -0.257115 0.916515 0.700649
0.383022 -0.321394 0.866025 0.717094
0.459627 -0.385673 0.8 0.704226
0.536231 -0.449951 0.714143 0.711573
0.612836 -0.51423 0.6 0.718286
0.68944 -0.578509 0.43589 0.694113
0.766044 -0.642788 1.49012e-08 0.687533
0 -0 1 0.708186
0.0866025 -0.05 0.994987 0.710116
0.173205 -0.1 0.979796 0.707684
0.259808 -0.15 0.953939 0.707729
0.34641 -0.2 0.916515 0.708966
0.433013 -0.25 0.866025 0.718489
0.519615 -0.3 0.8 0.709195
0.606218 -0.35 0.714143 0.713444
0.69282 -0.4 0.6 0.71761
0.779423 -0.45 0.43589 0.700767
0.866025 -0.5 1.49012e-08 0.687533
0 -0 1 0.708186
0.0939693 -0.034202 0.994987 0.707411
0.187939 -0.068404 0.979796 0.703707
0.281908 -0.102606 0.953939 0.704011
0.375877 -0.136808 0.916515 0.707116
0.469846 -0.17101 0.866025 0.715266
0.563816 -0.205212 0.8 0.710678
0.657785 -0.239414 0.714143 0.712405
0.751754 -0.273616 0.6 0.707825
0.845723 -0.307818 0.43589 0.715095
0.939693 -0.34202 1.49012e-08 0.687533
0 -0 1 0.708186
0.0984808 -0.0173648 0.994987 0.704267
0.196962 -0.0347296 0.979796 0.697264
0.295442 -0.0520945 0.953939 0.694836
0.393923 -0.0694593 0.916515 0.700557
0.492404 -0.0868241 0.866025 0.706305
0.590885 -0.104189 0.8 0.707852
0.689365 -0.121554 0.714143 0.709381
0.787846 -0.138919 0.6 0.709647
0.886327 -0.156283 0.43589 0.719476
0.984808 -0.173648 1.49012e-08 0.687533
0 -0 1 0.708186
0.1 -2.44929e-17 0.994987 0.700849
0.2 -4.89859e-17 0.979796 0.687074
0.3 -7.34788e-17 0.953939 0.675791
0.4 -9.79717e-17 0.916515 0.678459
0.5 -1.22465e-16 0.866025 0.682122
0.6 -1.46958e-16 0.8 0.67457
0.7 -1.71451e-16 0.714143 0.65479
0.8 -1.95943e-16 0.6 0.649465
0.9 -2.20436e-16 0.43589 0.638579
1 -2.44929e-16 1.49012e-08 0.687533
