0 0 1 0.686788
0.1 0 0.994987 0.660661
0.2 0 0.979796 0.650369
0.3 0 0.953939 0.675214
0.4 0 0.916515 0.677431
0.5 0 0.866025 0.666773
0.6 0 0.8 0.638591
0.7 0 0.714143 0.591451
0.8 0 0.6 0.635455
0.9 0 0.43589 0.674571
1 0 1.49012e-08 0.711404
0 0 1 0.686788
0.0984808 0.0173648 0.994987 0.658978
0.196962 0.0347296 0.979796 0.652576
0.295442 0.0520945 0.953939 0.683527
0.393923 0.0694593 0.916515 0.688861
0.492404 0.0868241 0.866025 0.690623
0.590885 0.104189 0.8 0.683729
0.689365 0.121554 0.714143 0.662586
0.787846 0.138919 0.6 0.632692
0.886327 0.156283 0.43589 0.639986
0.984808 0.173648 1.49012e-08 0.711404
0 0 1 0.686788
0.0939693 0.034202 0.994987 0.661468
0.187939 0.068404 0.979796 0.661927
0.281908 0.102606 0.953939 0.690928
0.375877 0.136808 0.916515 0.695038
0.469846 0.17101 0.866025 0.70695
0.563816 0.205212 0.8 0.708161
0.657785 0.239414 0.714143 0.699572
0.751754 0.273616 0.6 0.683327
0.845723 0.307818 0.43589 0.669472
0.939693 0.34202 1.49012e-08 0.711404
0 0 1 0.686788
0.0866025 0.05 0.994987 0.667099
0.173205 0.1 0.979796 0.674164
0.259808 0.15 0.953939 0.699525
0.34641 0.2 0.916515 0.702568
0.433013 0.25 0.866025 0.710382
0.519615 0.3 0.8 0.708288
0.606218 0.35 0.714143 0.704011
0.69282 0.4 0.6 0.699251
0.779423 0.45 0.43589 0.698755
0.866025 0.5 1.49012e-08 0.711404
0 0 1 0.686788
0.0766044 0.0642788 0.994987 0.672986
0.153209 0.128558 0.979796 0.686896
0.229813 0.192836 0.953939 0.707615
0.306418 0.257115 0.916515 0.70911
0.383022 0.321394 0.866025 0.712299
0.459627 0.385673 0.8 0.686938
0.536231 0.449951 0.714143 0.707658
0.612836 0.51423 0.6 0.706393
0.68944 0.578509 0.43589 0.688883
0.766044 0.642788 1.49012e-08 0.711404
0 0 1 0.686788
0.0642788 0.0766044 0.994987 0.678173
0.128558 0.153209 0.979796 0.695984
0.192836 0.229813 0.953939 0.712977
0.257115 0.306418 0.916515 0.715477
0.321394 0.383022 0.866025 0.714083
0.385673 0.459627 0.8 0.708418
0.449951 0.536231 0.714143 0.701956
0.51423 0.612836 0.6 0.697782
0.578509 0.68944 0.43589 0.678774
0.642788 0.766044 1.49012e-08 0.711404
0 0 1 0.686788
0.05 0.0866025 0.994987 0.682218
0.1 0.173205 0.979796 0.70148
0.15 0.259808 0.953939 0.714192
0.2 0.34641 0.916515 0.714756
0.25 0.433013 0.866025 0.714248
0.3 0.519615 0.8 0.70213
0.35 0.606218 0.714143 0.692155
0.4 0.69282 0.6 0.680227
0.45 0.779423 0.43589 0.681923
0.5 0.866025 1.49012e-08 0.711404
0 0 1 0.686788
0.034202 0.0939693 0.994987 0.684787
0.068404 0.187939 0.979796 0.704096
0.102606 0.281908 0.953939 0.712315
0.136808 0.375877 0.916515 0.714308
0.17101 0.469846 0.866025 0.708416
0.205212 0.563816 0.8 0.691943
0.239414 0.657785 0.714143 0.691651
0.273616 0.751754 0.6 0.67826
0.307818 0.845723 0.43589 0.697018
0.34202 0.939693 1.49012e-08 0.711404
0 0 1 0.686788
0.0173648 0.0984808 0.994987 0.685646
0.0347296 0.196962 0.979796 0.704514
0.0520945 0.295442 0.953939 0.709831
0.0694593 0.393923 0.916515 0.708882
0.0868241 0.492404 0.866025 0.694918
0.104189 0.590885 0.8 0.666437
0.121554 0.689365 0.714143 0.68662
0.138919 0.787846 0.6 0.695462
0.156283 0.886327 0.43589 0.706088
0.173648 0.984808 1.49012e-08 0.711404
0 0 1 0.686788
6.12323e-18 0.1 0.994987 0.68492
1.22465e-17 0.2 0.979796 0.702521
1.83697e-17 0.3 0.953939 0.708376
2.44929e-17 0.4 0.916515 0.70418
3.06162e-17 0.5 0.866025 0.683144
3.67394e-17 0.6 0.8 0.641552
4.28626e-17 0.7 0.714143 0.694646
4.89859e-17 0.8 0.6 0.705382
5.51091e-17 0.9 0.43589 0.707726
6.12323e-17 1 1.49012e-08 0.711404
-0 0 1 0.686788
-0.0173648 0.0984808 0.994987 0.683131
-0.0347296 0.196962 0.979796 0.697906
-0.0520945 0.295442 0.953939 0.702794
-0.0694593 0.393923 0.916515 0.692618
-0.0868241 0.492404 0.866025 0.683321
-0.104189 0.590885 0.8 0.670656
-0.121554 0.689365 0.714143 0.70319
-0.138919 0.787846 0.6 0.705211
-0.156283 0.886327 0.43589 0.703334
-0.173648 0.984808 1.49012e-08 0.711404
-0 0 1 0.686788
-0.034202 0.0939693 0.994987 0.683447
-0.068404 0.187939 0.979796 0.690655
-0.102606 0.281908 0.953939 0.694411
-0.136808 0.375877 0.916515 0.684283
-0.17101 0.469846 0.866025 0.690397
-0.205212 0.563816 0.8 0.690234
-0.239414 0.657785 0.714143 0.71076
-0.273616 0.751754 0.6 0.707469
-0.307818 0.845723 0.43589 0.695632
-0.34202 0.939693 1.49012e-08 0.711404
-0 0 1 0.686788
-0.05 0.0866025 0.994987 0.682835
-0.1 0.173205 0.979796 0.681218
-0.15 0.259808 0.953939 0.682574
-0.2 0.34641 0.916515 0.690362
-0.25 0.433013 0.866025 0.698021
-0.3 0.519615 0.8 0.697173
-0.35 0.606218 0.714143 0.712558
-0.4 0.69282 0.6 0.703928
-0.45 0.779423 0.43589 0.698463
-0.5 0.866025 1.49012e-08 0.711404
-0 0 1 0.686788
-0.0642788 0.0766044 0.994987 0.682126
-0.128558 0.153209 0.979796 0.672026
-0.192836 0.229813 0.953939 0.667171
-0.257115 0.306418 0.916515 0.687987
-0.321394 0.383022 0.866025 0.703328
-0.385673 0.459627 0.8 0.706275
-0.449951 0.536231 0.714143 0.709306
-0.51423 0.612836 0.6 0.696195
-0.578509 0.68944 0.43589 0.70507
-0.642788 0.766044 1.49012e-08 0.711404
-0 0 1 0.686788
-0.0766044 0.0642788 0.994987 0.682586
-0.153209 0.128558 0.979796 0.665745
-0.229813 0.192836 0.953939 0.649411
-0.306418 0.257115 0.916515 0.676976
-0.383022 0.321394 0.866025 0.698812
-0.459627 0.385673 0.8 0.703223
-0.536231 0.449951 0.714143 0.701245
-0.612836 0.51423 0.6 0.694162
-0.68944 0.578509 0.43589 0.709927
-0.766044 0.642788 1.49012e-08 0.711404
-0 0 1 0.686788
-0.0866025 0.05 0.994987 0.683516
-0.173205 0.1 0.979796 0.663613
-0.259808 0.15 0.953939 0.629328
-0.34641 0.2 0.916515 0.6731
-0.433013 0.25 0.866025 0.695653
-0.519615 0.3 0.8 0.696469
-0.606218 0.35 0.714143 0.693026
-0.69282 0.4 0.6 0.705129
-0.779423 0.45 0.43589 0.705614
-0.866025 0.5 1.49012e-08 0.711404
-0 0 1 0.686788
-0.0939693 0.034202 0.994987 0.684565
-0.187939 0.068404 0.979796 0.666896
-0.281908 0.102606 0.953939 0.644941
-0.375877 0.136808 0.916515 0.670634
-0.469846 0.17101 0.866025 0.693438
-0.563816 0.205212 0.8 0.699309
-0.657785 0.239414 0.714143 0.684602
-0.751754 0.273616 0.6 0.700865
-0.845723 0.307818 0.43589 0.708692
-0.939693 0.34202 1.49012e-08 0.711404
-0 0 1 0.686788
-0.0984808 0.0173648 0.994987 0.685632
-0.196962 0.0347296 0.979796 0.673119
-0.295442 0.0520945 0.953939 0.659427
-0.393923 0.0694593 0.916515 0.658706
-0.492404 0.0868241 0.866025 0.676148
-0.590885 0.104189 0.8 0.685988
-0.689365 0.121554 0.714143 0.696086
-0.787846 0.138919 0.6 0.704499
-0.886327 0.156283 0.43589 0.712425
-0.984808 0.173648 1.49012e-08 0.711404
-0 0 1 0.686788
-0.1 1.22465e-17 0.994987 0.686762
-0.2 2.44929e-17 0.979796 0.680228
-0.3 3.67394e-17 0.953939 0.667423
-0.4 4.89859e-17 0.916515 0.661126
-0.5 6.12323e-17 0.866025 0.6584
-0.6 7.34788e-17 0.8 0.649331
-0.7 8.57253e-17 0.714143 0.668446
-0.8 9.79717e-17 0.6 0.678802
-0.9 1.10218e-16 0.43589 0.658505
-1 1.22465e-16 1.49012e-08 0.711404
-0 -0 1 0.686788
-0.0984808 -0.0173648 0.994987 0.688361
-0.196962 -0.0347296 0.979796 0.687993
-0.295442 -0.0520945 0.953939 0.6774
-0.393923 -0.0694593 0.916515 0.668759
-0.492404 -0.0868241 0.866025 0.66857
-0.590885 -0.104189 0.8 0.658628
-0.689365 -0.121554 0.714143 0.67435
-0.787846 -0.138919 0.6 0.705773
-0.886327 -0.156283 0.43589 0.711772
-0.984808 -0.173648 1.49012e-08 0.711404
-0 -0 1 0.686788
-0.0939693 -0.034202 0.994987 0.690869
-0.187939 -0.068404 0.979796 0.694949
-0.281908 -0.102606 0.953939 0.689632
-0.375877 -0.136808 0.916515 0.682006
-0.469846 -0.17101 0.866025 0.691616
-0.563816 -0.205212 0.8 0.689095
-0.657785 -0.239414 0.714143 0.685063
-0.751754 -0.273616 0.6 0.665166
-0.845723 -0.307818 0.43589 0.687508
-0.939693 -0.34202 1.49012e-08 0.711404
-0 -0 1 0.686788
-0.0866025 -0.05 0.994987 0.693228
-0.173205 -0.1 0.979796 0.700493
-0.259808 -0.15 0.953939 0.702849
-0.34641 -0.2 0.916515 0.704238
-0.433013 -0.25 0.866025 0.706775
-0.519615 -0.3 0.8 0.699309
-0.606218 -0.35 0.714143 0.683729
-0.69282 -0.4 0.6 0.662547
-0.779423 -0.45 0.43589 0.657695
-0.866025 -0.5 1.49012e-08 0.711404
-0 -0 1 0.686788
-0.0766044 -0.0642788 0.994987 0.694833
-0.153209 -0.128558 0.979796 0.704172
-0.229813 -0.192836 0.953939 0.710484
-0.306418 -0.257115 0.916515 0.713364
-0.383022 -0.321394 0.866025 0.711459
-0.459627 -0.385673 0.8 0.698344
-0.536231 -0.449951 0.714143 0.695181
-0.612836 -0.51423 0.6 0.686727
-0.68944 -0.578509 0.43589 0.644984
-0.766044 -0.642788 1.49012e-08 0.711404
-0 -0 1 0.686788
-0.0642788 -0.0766044 0.994987 0.695542
-0.128558 -0.153209 0.979796 0.705363
-0.192836 -0.229813 0.953939 0.713621
-0.257115 -0.306418 0.916515 0.713737
-0.321394 -0.383022 0.866025 0.708719
-0.385673 -0.459627 0.8 0.705202
-0.449951 -0.536231 0.714143 0.703062
-0.51423 -0.612836 0.6 0.691231
-0.578509 -0.68944 0.43589 0.652882
-0.642788 -0.766044 1.49012e-08 0.711404
-0 -0 1 0.686788
-0.05 -0.0866025 0.994987 0.695501
-0.1 -0.173205 0.979796 0.704874
-0.15 -0.259808 0.953939 0.714235
-0.2 -0.34641 0.916515 0.702846
-0.25 -0.433013 0.866025 0.698444
-0.3 -0.519615 0.8 0.712077
-0.35 -0.606218 0.714143 0.705369
-0.4 -0.69282 0.6 0.674629
-0.45 -0.779423 0.43589 0.66123
-0.5 -0.866025 1.49012e-08 0.711404
-0 -0 1 0.686788
-0.034202 -0.0939693 0.994987 0.695176
-0.068404 -0.187939 0.979796 0.704684
-0.102606 -0.281908 0.953939 0.71148
-0.136808 -0.375877 0.916515 0.694485
-0.17101 -0.469846 0.866025 0.707873
-0.205212 -0.563816 0.8 0.71305
-0.239414 -0.657785 0.714143 0.694328
-0.273616 -0.751754 0.6 0.646764
-0.307818 -0.845723 0.43589 0.680184
-0.34202 -0.939693 1.49012e-08 0.711404
-0 -0 1 0.686788
-0.0173648 -0.0984808 0.994987 0.694788
-0.0347296 -0.196962 0.979796 0.704477
-0.0520945 -0.295442 0.953939 0.707954
-0.0694593 -0.393923 0.916515 0.706465
-0.0868241 -0.492404 0.866025 0.713629
-0.104189 -0.590885 0.8 0.705129
-0.121554 -0.689365 0.714143 0.674856
-0.138919 -0.787846 0.6 0.619281
-0.156283 -0.886327 0.43589 0.697535
-0.173648 -0.984808 1.49012e-08 0.711404
-0 -0 1 0.686788
-1.83697e-17 -0.1 0.994987 0.694119
-3.67394e-17 -0.2 0.979796 0.703886
-5.51091e-17 -0.3 0.953939 0.706011
-7.34788e-17 -0.4 0.916515 0.711558
-9.18485e-17 -0.5 0.866025 0.710585
-1.10218e-16 -0.6 0.8 0.686719
-1.28588e-16 -0.7 0.714143 0.659149
-1.46958e-16 -0.8 0.6 0.651997
-1.65327e-16 -0.9 0.43589 0.706211
-1.83697e-16 -1 1.49012e-08 0.711404
0 -0 1 0.686788
0.0173648 -0.0984808 0.994987 0.693701
0.0347296 -0.196962 0.979796 0.703097
0.0520945 -0.295442 0.953939 0.703624
0.0694593 -0.393923 0.916515 0.709492
0.0868241 -0.492404 0.866025 0.705079
0.104189 -0.590885 0.8 0.673917
0.121554 -0.689365 0.714143 0.654243
0.138919 -0.787846 0.6 0.677867
0.156283 -0.886327 0.43589 0.708961
0.173648 -0.984808 1.49012e-08 0.711404
0 -0 1 0.686788
0.034202 -0.0939693 0.994987 0.692511
0.068404 -0.187939 0.979796 0.701514
0.102606 -0.281908 0.953939 0.701683
0.136808 -0.375877 0.916515 0.705962
0.17101 -0.469846 0.866025 0.69467
0.205212 -0.563816 0.8 0.661432
0.239414 -0.657785 0.714143 0.660838
0.273616 -0.751754 0.6 0.690522
0.307818 -0.845723 0.43589 0.706595
0.34202 -0.939693 1.49012e-08 0.711404
0 -0 1 0.686788
0.05 -0.0866025 0.994987 0.690276
0.1 -0.173205 0.979796 0.698782
0.15 -0.259808 0.953939 0.697747
0.2 -0.34641 0.916515 0.700905
0.25 -0.433013 0.866025 0.684245
0.3 -0.519615 0.8 0.640057
0.35 -0.606218 0.714143 0.657968
0.4 -0.69282 0.6 0.69483
0.45 -0.779423 0.43589 0.705682
0.5 -0.866025 1.49012e-08 0.711404
0 -0 1 0.686788
0.0642788 -0.0766044 0.994987 0.686852
0.128558 -0.153209 0.979796 0.694617
0.192836 -0.229813 0.953939 0.692686
0.257115 -0.306418 0.916515 0.694473
0.321394 -0.383022 0.866025 0.679994
0.385673 -0.459627 0.8 0.650486
0.449951 -0.536231 0.714143 0.669634
0.51423 -0.612836 0.6 0.703745
0.578509 -0.68944 0.43589 0.706173
0.642788 -0.766044 1.49012e-08 0.711404
0 -0 1 0.686788
0.0766044 -0.0642788 0.994987 0.682198
0.153209 -0.128558 0.979796 0.688685
0.229813 -0.192836 0.953939 0.689343
0.306418 -0.257115 0.916515 0.687666
0.383022 -0.321394 0.866025 0.67342
0.459627 -0.385673 0.8 0.650032
0.536231 -0.449951 0.714143 0.684084
0.612836 -0.51423 0.6 0.711337
0.68944 -0.578509 0.43589 0.700468
0.766044 -0.642788 1.49012e-08 0.711404
0 -0 1 0.686788
0.0866025 -0.05 0.994987 0.676431
0.173205 -0.1 0.979796 0.680486
0.259808 -0.15 0.953939 0.683543
0.34641 -0.2 0.916515 0.677244
0.433013 -0.25 0.866025 0.661293
0.519615 -0.3 0.8 0.654171
0.606218 -0.35 0.714143 0.690101
0.69282 -0.4 0.6 0.7126
0.779423 -0.45 0.43589 0.707444
0.866025 -0.5 1.49012e-08 0.711404
0 -0 1 0.686788
0.0939693 -0.034202 0.994987 0.670248
0.187939 -0.068404 0.979796 0.669833
0.281908 -0.102606 0.953939 0.674086
0.375877 -0.136808 0.916515 0.666391
0.469846 -0.17101 0.866025 0.633014
0.563816 -0.205212 0.8 0.62756
0.657785 -0.239414 0.714143 0.67298
0.751754 -0.273616 0.6 0.706938
0.845723 -0.307818 0.43589 0.69528
0.939693 -0.34202 1.49012e-08 0.711404
0 -0 1 0.686788
0.0984808 -0.0173648 0.994987 0.664638
0.196962 -0.0347296 0.979796 0.658224
0.295442 -0.0520945 0.953939 0.6687
0.393923 -0.0694593 0.916515 0.667584
0.492404 -0.0868241 0.866025 0.63547
0.590885 -0.104189 0.8 0.606157
0.689365 -0.121554 0.714143 0.645735
0.787846 -0.138919 0.6 0.687296
0.886327 -0.156283 0.43589 0.707433
0.984808 -0.173648 1.49012e-08 0.711404
0 -0 1 0.686788
0.1 -2.44929e-17 0.994987 0.660661
0.2 -4.89859e-17 0.979796 0.650369
0.3 -7.34788e-17 0.953939 0.675214
0.4 -9.79717e-17 0.916515 0.677431
0.5 -1.22465e-16 0.866025 0.666773
0.6 -1.46958e-16 0.8 0.638591
0.7 -1.71451e-16 0.714143 0.591451
0.8 -1.95943e-16 0.6 0.635455
0.9 -2.20436e-16 0.43589 0.674571
1 -2.44929e-16 1.49012e-08 0.711404
