0 0 1 0.705696
0.1 0 0.994987 0.706974
0.2 0 0.979796 0.7071
0.3 0 0.953939 0.711494
0.4 0 0.916515 0.708952
0.5 0 0.866025 0.708773
0.6 0 0.8 0.68593
0.7 0 0.714143 0.658829
0.8 0 0.6 0.686761
0.9 0 0.43589 0.718545
1 0 1.49012e-08 0.709277
0 0 1 0.705696
0.0984808 0.0173648 0.994987 0.70554
0.196962 0.0347296 0.979796 0.707912
0.295442 0.0520945 0.953939 0.714952
0.393923 0.0694593 0.916515 0.717501
0.492404 0.0868241 0.866025 0.712807
0.590885 0.104189 0.8 0.685997
0.689365 0.121554 0.714143 0.624785
0.787846 0.138919 0.6 0.641645
0.886327 0.156283 0.43589 0.700933
0.984808 0.173648 1.49012e-08 0.709277
0 0 1 0.705696
0.0939693 0.034202 0.994987 0.703966
0.187939 0.068404 0.979796 0.704498
0.281908 0.102606 0.953939 0.711386
0.375877 0.136808 0.916515 0.712356
0.469846 0.17101 0.866025 0.712375
0.563816 0.205212 0.8 0.707039
0.657785 0.239414 0.714143 0.688969
0.751754 0.273616 0.6 0.664157
0.845723 0.307818 0.43589 0.639844
0.939693 0.34202 1.49012e-08 0.709277
0 0 1 0.705696
0.0866025 0.05 0.994987 0.701975
0.173205 0.1 0.979796 0.696818
0.259808 0.15 0.953939 0.705053
0.34641 0.2 0.916515 0.707342
0.433013 0.25 0.866025 0.719921
0.519615 0.3 0.8 0.718172
0.606218 0.35 0.714143 0.711174
0.69282 0.4 0.6 0.69144
0.779423 0.45 0.43589 0.688333
0.866025 0.5 1.49012e-08 0.709277
0 0 1 0.705696
0.0766044 0.0642788 0.994987 0.699638
0.153209 0.128558 0.979796 0.689591
0.229813 0.192836 0.953939 0.701901
0.306418 0.257115 0.916515 0.717166
0.383022 0.321394 0.866025 0.718664
0.459627 0.385673 0.8 0.717871
0.536231 0.449951 0.714143 0.717196
0.612836 0.51423 0.6 0.716931
0.68944 0.578509 0.43589 0.714763
0.766044 0.642788 1.49012e-08 0.709277
0 0 1 0.705696
0.0642788 0.0766044 0.994987 0.69711
0.128558 0.153209 0.979796 0.688471
0.192836 0.229813 0.953939 0.70219
0.257115 0.306418 0.916515 0.719283
0.321394 0.383022 0.866025 0.716459
0.385673 0.459627 0.8 0.720405
0.449951 0.536231 0.714143 0.722528
0.51423 0.612836 0.6 0.71487
0.578509 0.68944 0.43589 0.720141
0.642788 0.766044 1.49012e-08 0.709277
0 0 1 0.705696
0.05 0.0866025 0.994987 0.694421
0.1 0.173205 0.979796 0.688119
0.15 0.259808 0.953939 0.707431
0.2 0.34641 0.916515 0.718535
0.25 0.433013 0.866025 0.713033
0.3 0.519615 0.8 0.722197
0.35 0.606218 0.714143 0.720709
0.4 0.69282 0.6 0.712672
0.45 0.779423 0.43589 0.72254
0.5 0.866025 1.49012e-08 0.709277
0 0 1 0.705696
0.034202 0.0939693 0.994987 0.691605
0.068404 0.187939 0.979796 0.684414
0.102606 0.281908 0.953939 0.707598
0.136808 0.375877 0.916515 0.71887
0.17101 0.469846 0.866025 0.71648
0.205212 0.563816 0.8 0.721167
0.239414 0.657785 0.714143 0.720205
0.273616 0.751754 0.6 0.709475
0.307818 0.845723 0.43589 0.719501
0.34202 0.939693 1.49012e-08 0.709277
0 0 1 0.705696
0.0173648 0.0984808 0.994987 0.688724
0.0347296 0.196962 0.979796 0.680661
0.0520945 0.295442 0.953939 0.703184
0.0694593 0.393923 0.916515 0.716496
0.0868241 0.492404 0.866025 0.716794
0.104189 0.590885 0.8 0.719417
0.121554 0.689365 0.714143 0.714959
0.138919 0.787846 0.6 0.712741
0.156283 0.886327 0.43589 0.713808
0.173648 0.984808 1.49012e-08 0.709277
0 0 1 0.705696
6.12323e-18 0.1 0.994987 0.685859
1.22465e-17 0.2 0.979796 0.672494
1.83697e-17 0.3 0.953939 0.694128
2.44929e-17 0.4 0.916515 0.710214
3.06162e-17 0.5 0.866025 0.713851
3.67394e-17 0.6 0.8 0.716293
4.28626e-17 0.7 0.714143 0.715935
4.89859e-17 0.8 0.6 0.714163
5.51091e-17 0.9 0.43589 0.705207
6.12323e-17 1 1.49012e-08 0.709277
-0 0 1 0.705696
-0.0173648 0.0984808 0.994987 0.683442
-0.0347296 0.196962 0.979796 0.659362
-0.0520945 0.295442 0.953939 0.683516
-0.0694593 0.393923 0.916515 0.700277
-0.0868241 0.492404 0.866025 0.705879
-0.104189 0.590885 0.8 0.706295
-0.121554 0.689365 0.714143 0.710375
-0.138919 0.787846 0.6 0.705828
-0.156283 0.886327 0.43589 0.697185
-0.173648 0.984808 1.49012e-08 0.709277
-0 0 1 0.705696
-0.034202 0.0939693 0.994987 0.682669
-0.068404 0.187939 0.979796 0.649099
-0.102606 0.281908 0.953939 0.676356
-0.136808 0.375877 0.916515 0.68148
-0.17101 0.469846 0.866025 0.688825
-0.205212 0.563816 0.8 0.684226
-0.239414 0.657785 0.714143 0.702525
-0.273616 0.751754 0.6 0.693346
-0.307818 0.845723 0.43589 0.692174
-0.34202 0.939693 1.49012e-08 0.709277
-0 0 1 0.705696
-0.05 0.0866025 0.994987 0.684599
-0.1 0.173205 0.979796 0.659465
-0.15 0.259808 0.953939 0.680072
-0.2 0.34641 0.916515 0.68357
-0.25 0.433013 0.866025 0.68414
-0.3 0.519615 0.8 0.652969
-0.35 0.606218 0.714143 0.697977
-0.4 0.69282 0.6 0.703379
-0.45 0.779423 0.43589 0.703096
-0.5 0.866025 1.49012e-08 0.709277
-0 0 1 0.705696
-0.0642788 0.0766044 0.994987 0.688257
-0.128558 0.153209 0.979796 0.67422
-0.192836 0.229813 0.953939 0.689967
-0.257115 0.306418 0.916515 0.700175
-0.321394 0.383022 0.866025 0.699325
-0.385673 0.459627 0.8 0.693651
-0.449951 0.536231 0.714143 0.703578
-0.51423 0.612836 0.6 0.706014
-0.578509 0.68944 0.43589 0.712167
-0.642788 0.766044 1.49012e-08 0.709277
-0 0 1 0.705696
-0.0766044 0.0642788 0.994987 0.692383
-0.153209 0.128558 0.979796 0.685795
-0.229813 0.192836 0.953939 0.696581
-0.306418 0.257115 0.916515 0.708803
-0.383022 0.321394 0.866025 0.709793
-0.459627 0.385673 0.8 0.709001
-0.536231 0.449951 0.714143 0.711395
-0.612836 0.51423 0.6 0.699594
-0.68944 0.578509 0.43589 0.713806
-0.766044 0.642788 1.49012e-08 0.709277
-0 0 1 0.705696
-0.0866025 0.05 0.994987 0.696248
-0.173205 0.1 0.979796 0.694638
-0.259808 0.15 0.953939 0.69851
-0.34641 0.2 0.916515 0.712161
-0.433013 0.25 0.866025 0.718213
-0.519615 0.3 0.8 0.717559
-0.606218 0.35 0.714143 0.716137
-0.69282 0.4 0.6 0.694879
-0.779423 0.45 0.43589 0.717034
-0.866025 0.5 1.49012e-08 0.709277
-0 0 1 0.705696
-0.0939693 0.034202 0.994987 0.699629
-0.187939 0.068404 0.979796 0.702182
-0.281908 0.102606 0.953939 0.702386
-0.375877 0.136808 0.916515 0.705395
-0.469846 0.17101 0.866025 0.71441
-0.563816 0.205212 0.8 0.71776
-0.657785 0.239414 0.714143 0.720957
-0.751754 0.273616 0.6 0.71737
-0.845723 0.307818 0.43589 0.703821
-0.939693 0.34202 1.49012e-08 0.709277
-0 0 1 0.705696
-0.0984808 0.0173648 0.994987 0.702203
-0.196962 0.0347296 0.979796 0.706947
-0.295442 0.0520945 0.953939 0.706386
-0.393923 0.0694593 0.916515 0.690474
-0.492404 0.0868241 0.866025 0.705715
-0.590885 0.104189 0.8 0.697805
-0.689365 0.121554 0.714143 0.70503
-0.787846 0.138919 0.6 0.719237
-0.886327 0.156283 0.43589 0.714128
-0.984808 0.173648 1.49012e-08 0.709277
-0 0 1 0.705696
-0.1 1.22465e-17 0.994987 0.70356
-0.2 2.44929e-17 0.979796 0.708789
-0.3 3.67394e-17 0.953939 0.708132
-0.4 4.89859e-17 0.916515 0.706714
-0.5 6.12323e-17 0.866025 0.715264
-0.6 7.34788e-17 0.8 0.714182
-0.7 8.57253e-17 0.714143 0.711215
-0.8 9.79717e-17 0.6 0.701634
-0.9 1.10218e-16 0.43589 0.706119
-1 1.22465e-16 1.49012e-08 0.709277
-0 -0 1 0.705696
-0.0984808 -0.0173648 0.994987 0.703946
-0.196962 -0.0347296 0.979796 0.709487
-0.295442 -0.0520945 0.953939 0.70411
-0.393923 -0.0694593 0.916515 0.71489
-0.492404 -0.0868241 0.866025 0.720527
-0.590885 -0.104189 0.8 0.722538
-0.689365 -0.121554 0.714143 0.718332
-0.787846 -0.138919 0.6 0.713648
-0.886327 -0.156283 0.43589 0.711521
-0.984808 -0.173648 1.49012e-08 0.709277
-0 -0 1 0.705696
-0.0939693 -0.034202 0.994987 0.704017
-0.187939 -0.068404 0.979796 0.708866
-0.281908 -0.102606 0.953939 0.69815
-0.375877 -0.136808 0.916515 0.715965
-0.469846 -0.17101 0.866025 0.71622
-0.563816 -0.205212 0.8 0.712368
-0.657785 -0.239414 0.714143 0.704226
-0.751754 -0.273616 0.6 0.693044
-0.845723 -0.307818 0.43589 0.706065
-0.939693 -0.34202 1.49012e-08 0.709277
-0 -0 1 0.705696
-0.0866025 -0.05 0.994987 0.705763
-0.173205 -0.1 0.979796 0.707486
-0.259808 -0.15 0.953939 0.704952
-0.34641 -0.2 0.916515 0.713173
-0.433013 -0.25 0.866025 0.702214
-0.519615 -0.3 0.8 0.683954
-0.606218 -0.35 0.714143 0.712264
-0.69282 -0.4 0.6 0.721316
-0.779423 -0.45 0.43589 0.707284
-0.866025 -0.5 1.49012e-08 0.709277
-0 -0 1 0.705696
-0.0766044 -0.0642788 0.994987 0.707383
-0.153209 -0.128558 0.979796 0.70464
-0.229813 -0.192836 0.953939 0.700724
-0.306418 -0.257115 0.916515 0.706882
-0.383022 -0.321394 0.866025 0.70249
-0.459627 -0.385673 0.8 0.705352
-0.536231 -0.449951 0.714143 0.720332
-0.612836 -0.51423 0.6 0.725059
-0.68944 -0.578509 0.43589 0.712672
-0.766044 -0.642788 1.49012e-08 0.709277
-0 -0 1 0.705696
-0.0642788 -0.0766044 0.994987 0.708295
-0.128558 -0.153209 0.979796 0.700214
-0.192836 -0.229813 0.953939 0.689343
-0.257115 -0.306418 0.916515 0.706993
-0.321394 -0.383022 0.866025 0.708116
-0.385673 -0.459627 0.8 0.710851
-0.449951 -0.536231 0.714143 0.721384
-0.51423 -0.612836 0.6 0.720873
-0.578509 -0.68944 0.43589 0.690102
-0.642788 -0.766044 1.49012e-08 0.709277
-0 -0 1 0.705696
-0.05 -0.0866025 0.994987 0.70865
-0.1 -0.173205 0.979796 0.69709
-0.15 -0.259808 0.953939 0.691396
-0.2 -0.34641 0.916515 0.706751
-0.25 -0.433013 0.866025 0.700694
-0.3 -0.519615 0.8 0.696803
-0.35 -0.606218 0.714143 0.711904
-0.4 -0.69282 0.6 0.709331
-0.45 -0.779423 0.43589 0.663135
-0.5 -0.866025 1.49012e-08 0.709277
-0 -0 1 0.705696
-0.034202 -0.0939693 0.994987 0.708679
-0.068404 -0.187939 0.979796 0.698706
-0.102606 -0.281908 0.953939 0.701363
-0.136808 -0.375877 0.916515 0.711158
-0.17101 -0.469846 0.866025 0.709794
-0.205212 -0.563816 0.8 0.712658
-0.239414 -0.657785 0.714143 0.710759
-0.273616 -0.751754 0.6 0.695957
-0.307818 -0.845723 0.43589 0.655046
-0.34202 -0.939693 1.49012e-08 0.709277
-0 -0 1 0.705696
-0.0173648 -0.0984808 0.994987 0.708363
-0.0347296 -0.196962 0.979796 0.702505
-0.0520945 -0.295442 0.953939 0.708354
-0.0694593 -0.393923 0.916515 0.710955
-0.0868241 -0.492404 0.866025 0.719195
-0.104189 -0.590885 0.8 0.720088
-0.121554 -0.689365 0.714143 0.711887
-0.138919 -0.787846 0.6 0.682653
-0.156283 -0.886327 0.43589 0.648245
-0.173648 -0.984808 1.49012e-08 0.709277
-0 -0 1 0.705696
-1.83697e-17 -0.1 0.994987 0.707692
-3.67394e-17 -0.2 0.979796 0.706243
-5.51091e-17 -0.3 0.953939 0.711683
-7.34788e-17 -0.4 0.916515 0.704825
-9.18485e-17 -0.5 0.866025 0.719479
-1.10218e-16 -0.6 0.8 0.72093
-1.28588e-16 -0.7 0.714143 0.708557
-1.46958e-16 -0.8 0.6 0.663072
-1.65327e-16 -0.9 0.43589 0.653559
-1.83697e-16 -1 1.49012e-08 0.709277
0 -0 1 0.705696
0.0173648 -0.0984808 0.994987 0.706758
0.0347296 -0.196962 0.979796 0.707346
0.0520945 -0.295442 0.953939 0.713742
0.0694593 -0.393923 0.916515 0.713679
0.0868241 -0.492404 0.866025 0.717028
0.104189 -0.590885 0.8 0.716943
0.121554 -0.689365 0.714143 0.696414
0.138919 -0.787846 0.6 0.641859
0.156283 -0.886327 0.43589 0.660278
0.173648 -0.984808 1.49012e-08 0.709277
0 -0 1 0.705696
0.034202 -0.0939693 0.994987 0.706005
0.068404 -0.187939 0.979796 0.708158
0.102606 -0.281908 0.953939 0.712346
0.136808 -0.375877 0.916515 0.71128
0.17101 -0.469846 0.866025 0.714815
0.205212 -0.563816 0.8 0.705055
0.239414 -0.657785 0.714143 0.68368
0.273616 -0.751754 0.6 0.651218
0.307818 -0.845723 0.43589 0.673677
0.34202 -0.939693 1.49012e-08 0.709277
0 -0 1 0.705696
0.05 -0.0866025 0.994987 0.706085
0.1 -0.173205 0.979796 0.708886
0.15 -0.259808 0.953939 0.712358
0.2 -0.34641 0.916515 0.70677
0.25 -0.433013 0.866025 0.706706
0.3 -0.519615 0.8 0.685273
0.35 -0.606218 0.714143 0.653675
0.4 -0.69282 0.6 0.660926
0.45 -0.779423 0.43589 0.690064
0.5 -0.866025 1.49012e-08 0.709277
0 -0 1 0.705696
0.0642788 -0.0766044 0.994987 0.706822
0.128558 -0.153209 0.979796 0.709069
0.192836 -0.229813 0.953939 0.715329
0.257115 -0.306418 0.916515 0.711394
0.321394 -0.383022 0.866025 0.69957
0.385673 -0.459627 0.8 0.679018
0.449951 -0.536231 0.714143 0.66171
0.51423 -0.612836 0.6 0.666954
0.578509 -0.68944 0.43589 0.698874
0.642788 -0.766044 1.49012e-08 0.709277
0 -0 1 0.705696
0.0766044 -0.0642788 0.994987 0.707668
0.153209 -0.128558 0.979796 0.706029
0.229813 -0.192836 0.953939 0.714146
0.306418 -0.257115 0.916515 0.711051
0.383022 -0.321394 0.866025 0.687974
0.459627 -0.385673 0.8 0.652524
0.536231 -0.449951 0.714143 0.652184
0.612836 -0.51423 0.6 0.694413
0.68944 -0.578509 0.43589 0.701135
0.766044 -0.642788 1.49012e-08 0.709277
0 -0 1 0.705696
0.0866025 -0.05 0.994987 0.708221
0.173205 -0.1 0.979796 0.699773
0.259808 -0.15 0.953939 0.710086
0.34641 -0.2 0.916515 0.71011
0.433013 -0.25 0.866025 0.684818
0.519615 -0.3 0.8 0.623024
0.606218 -0.35 0.714143 0.654996
0.69282 -0.4 0.6 0.696825
0.779423 -0.45 0.43589 0.712238
0.866025 -0.5 1.49012e-08 0.709277
0 -0 1 0.705696
0.0939693 -0.034202 0.994987 0.708355
0.187939 -0.068404 0.979796 0.696345
0.281908 -0.102606 0.953939 0.705456
0.375877 -0.136808 0.916515 0.711585
0.469846 -0.17101 0.866025 0.692961
0.563816 -0.205212 0.8 0.650414
0.657785 -0.239414 0.714143 0.65367
0.751754 -0.273616 0.6 0.692285
0.845723 -0.307818 0.43589 0.709818
0.939693 -0.34202 1.49012e-08 0.709277
0 -0 1 0.705696
0.0984808 -0.0173648 0.994987 0.707983
0.196962 -0.0347296 0.979796 0.702167
0.295442 -0.0520945 0.953939 0.706028
0.393923 -0.0694593 0.916515 0.711221
0.492404 -0.0868241 0.866025 0.701856
0.590885 -0.104189 0.8 0.666633
0.689365 -0.121554 0.714143 0.643212
0.787846 -0.138919 0.6 0.69455
0.886327 -0.156283 0.43589 0.717419
0.984808 -0.173648 1.49012e-08 0.709277
0 -0 1 0.705696
0.1 -2.44929e-17 0.994987 0.706974
0.2 -4.89859e-17 0.979796 0.7071
0.3 -7.34788e-17 0.953939 0.711494
0.4 -9.79717e-17 0.916515 0.708952
0.5 -1.22465e-16 0.866025 0.708773
0.6 -1.46958e-16 0.8 0.68593
0.7 -1.71451e-16 0.714143 0.658829
0.8 -1.95943e-16 0.6 0.686761
0.9 -2.20436e-16 0.43589 0.718545
1 -2.44929e-16 1.49012e-08 0.709277
