0 0 1 0.691111
0.1 0 0.994987 0.688707
0.2 0 0.979796 0.709323
0.3 0 0.953939 0.716894
0.4 0 0.916515 0.703231
0.5 0 0.866025 0.690125
0.6 0 0.8 0.678994
0.7 0 0.714143 0.680427
0.8 0 0.6 0.697953
0.9 0 0.43589 0.700114
1 0 1.49012e-08 0.686589
0 0 1 0.691111
0.0984808 0.0173648 0.994987 0.686052
0.196962 0.0347296 0.979796 0.707148
0.295442 0.0520945 0.953939 0.714103
0.393923 0.0694593 0.916515 0.703532
0.492404 0.0868241 0.866025 0.689035
0.590885 0.104189 0.8 0.661143
0.689365 0.121554 0.714143 0.672602
0.787846 0.138919 0.6 0.708783
0.886327 0.156283 0.43589 0.71574
0.984808 0.173648 1.49012e-08 0.686589
0 0 1 0.691111
0.0939693 0.034202 0.994987 0.681787
0.187939 0.068404 0.979796 0.702569
0.281908 0.102606 0.953939 0.71138
0.375877 0.136808 0.916515 0.709505
0.469846 0.17101 0.866025 0.698234
0.563816 0.205212 0.8 0.673712
0.657785 0.239414 0.714143 0.664477
0.751754 0.273616 0.6 0.698193
0.845723 0.307818 0.43589 0.70463
0.939693 0.34202 1.49012e-08 0.686589
0 0 1 0.691111
0.0866025 0.05 0.994987 0.675714
0.173205 0.1 0.979796 0.695933
0.259808 0.15 0.953939 0.712405
0.34641 0.2 0.916515 0.714469
0.433013 0.25 0.866025 0.70126
0.519615 0.3 0.8 0.681776
0.606218 0.35 0.714143 0.641512
0.69282 0.4 0.6 0.687143
0.779423 0.45 0.43589 0.703201
0.866025 0.5 1.49012e-08 0.686589
0 0 1 0.691111
0.0766044 0.0642788 0.994987 0.668145
0.153209 0.128558 0.979796 0.686691
0.229813 0.192836 0.953939 0.711124
0.306418 0.257115 0.916515 0.713155
0.383022 0.321394 0.866025 0.699065
0.459627 0.385673 0.8 0.689366
0.536231 0.449951 0.714143 0.689527
0.612836 0.51423 0.6 0.711409
0.68944 0.578509 0.43589 0.71016
0.766044 0.642788 1.49012e-08 0.686589
0 0 1 0.691111
0.0642788 0.0766044 0.994987 0.660994
0.128558 0.153209 0.979796 0.676882
0.192836 0.229813 0.953939 0.708672
0.257115 0.306418 0.916515 0.714349
0.321394 0.383022 0.866025 0.706534
0.385673 0.459627 0.8 0.703867
0.449951 0.536231 0.714143 0.709607
0.51423 0.612836 0.6 0.716534
0.578509 0.68944 0.43589 0.719561
0.642788 0.766044 1.49012e-08 0.686589
0 0 1 0.691111
0.05 0.0866025 0.994987 0.658492
0.1 0.173205 0.979796 0.672407
0.15 0.259808 0.953939 0.707188
0.2 0.34641 0.916515 0.717751
0.25 0.433013 0.866025 0.714241
0.3 0.519615 0.8 0.705198
0.35 0.606218 0.714143 0.698836
0.4 0.69282 0.6 0.72042
0.45 0.779423 0.43589 0.709684
0.5 0.866025 1.49012e-08 0.686589
0 0 1 0.691111
0.034202 0.0939693 0.994987 0.659175
0.068404 0.187939 0.979796 0.666566
0.102606 0.281908 0.953939 0.703251
0.136808 0.375877 0.916515 0.715397
0.17101 0.469846 0.866025 0.71506
0.205212 0.563816 0.8 0.701634
0.239414 0.657785 0.714143 0.709021
0.273616 0.751754 0.6 0.715253
0.307818 0.845723 0.43589 0.702122
0.34202 0.939693 1.49012e-08 0.686589
0 0 1 0.691111
0.0173648 0.0984808 0.994987 0.661395
0.0347296 0.196962 0.979796 0.667947
0.0520945 0.295442 0.953939 0.696268
0.0694593 0.393923 0.916515 0.705181
0.0868241 0.492404 0.866025 0.711523
0.104189 0.590885 0.8 0.708619
0.121554 0.689365 0.714143 0.704485
0.138919 0.787846 0.6 0.705073
0.156283 0.886327 0.43589 0.689795
0.173648 0.984808 1.49012e-08 0.686589
0 0 1 0.691111
6.12323e-18 0.1 0.994987 0.666649
1.22465e-17 0.2 0.979796 0.675204
1.83697e-17 0.3 0.953939 0.689427
2.44929e-17 0.4 0.916515 0.690919
3.06162e-17 0.5 0.866025 0.699225
3.67394e-17 0.6 0.8 0.695424
4.28626e-17 0.7 0.714143 0.686767
4.89859e-17 0.8 0.6 0.679132
5.51091e-17 0.9 0.43589 0.676489
6.12323e-17 1 1.49012e-08 0.686589
-0 0 1 0.691111
-0.0173648 0.0984808 0.994987 0.673668
-0.0347296 0.196962 0.979796 0.682576
-0.0520945 0.295442 0.953939 0.690932
-0.0694593 0.393923 0.916515 0.692879
-0.0868241 0.492404 0.866025 0.68614
-0.104189 0.590885 0.8 0.664262
-0.121554 0.689365 0.714143 0.651572
-0.138919 0.787846 0.6 0.631937
-0.156283 0.886327 0.43589 0.663839
-0.173648 0.984808 1.49012e-08 0.686589
-0 0 1 0.691111
-0.034202 0.0939693 0.994987 0.680099
-0.068404 0.187939 0.979796 0.688191
-0.102606 0.281908 0.953939 0.696325
-0.136808 0.375877 0.916515 0.698861
-0.17101 0.469846 0.866025 0.686301
-0.205212 0.563816 0.8 0.647539
-0.239414 0.657785 0.714143 0.635173
-0.273616 0.751754 0.6 0.589547
-0.307818 0.845723 0.43589 0.638648
-0.34202 0.939693 1.49012e-08 0.686589
-0 0 1 0.691111
-0.05 0.0866025 0.994987 0.685231
-0.1 0.173205 0.979796 0.691138
-0.15 0.259808 0.953939 0.696734
-0.2 0.34641 0.916515 0.700348
-0.25 0.433013 0.866025 0.69166
-0.3 0.519615 0.8 0.675748
-0.35 0.606218 0.714143 0.666437
-0.4 0.69282 0.6 0.645366
-0.45 0.779423 0.43589 0.65461
-0.5 0.866025 1.49012e-08 0.686589
-0 0 1 0.691111
-0.0642788 0.0766044 0.994987 0.68899
-0.128558 0.153209 0.979796 0.691254
-0.192836 0.229813 0.953939 0.691596
-0.257115 0.306418 0.916515 0.696463
-0.321394 0.383022 0.866025 0.683739
-0.385673 0.459627 0.8 0.676739
-0.449951 0.536231 0.714143 0.69005
-0.51423 0.612836 0.6 0.692644
-0.578509 0.68944 0.43589 0.688346
-0.642788 0.766044 1.49012e-08 0.686589
-0 0 1 0.691111
-0.0766044 0.0642788 0.994987 0.691515
-0.153209 0.128558 0.979796 0.689725
-0.229813 0.192836 0.953939 0.688441
-0.306418 0.257115 0.916515 0.687858
-0.383022 0.321394 0.866025 0.675399
-0.459627 0.385673 0.8 0.677716
-0.536231 0.449951 0.714143 0.705942
-0.612836 0.51423 0.6 0.713668
-0.68944 0.578509 0.43589 0.703046
-0.766044 0.642788 1.49012e-08 0.686589
-0 0 1 0.691111
-0.0866025 0.05 0.994987 0.693008
-0.173205 0.1 0.979796 0.690121
-0.259808 0.15 0.953939 0.689236
-0.34641 0.2 0.916515 0.676521
-0.433013 0.25 0.866025 0.671503
-0.519615 0.3 0.8 0.686751
-0.606218 0.35 0.714143 0.708839
-0.69282 0.4 0.6 0.715653
-0.779423 0.45 0.43589 0.702528
-0.866025 0.5 1.49012e-08 0.686589
-0 0 1 0.691111
-0.0939693 0.034202 0.994987 0.693651
-0.187939 0.068404 0.979796 0.692574
-0.281908 0.102606 0.953939 0.689878
-0.375877 0.136808 0.916515 0.670242
-0.469846 0.17101 0.866025 0.645218
-0.563816 0.205212 0.8 0.655868
-0.657785 0.239414 0.714143 0.694839
-0.751754 0.273616 0.6 0.704972
-0.845723 0.307818 0.43589 0.711277
-0.939693 0.34202 1.49012e-08 0.686589
-0 0 1 0.691111
-0.0984808 0.0173648 0.994987 0.69369
-0.196962 0.0347296 0.979796 0.693047
-0.295442 0.0520945 0.953939 0.688853
-0.393923 0.0694593 0.916515 0.663276
-0.492404 0.0868241 0.866025 0.628776
-0.590885 0.104189 0.8 0.628723
-0.689365 0.121554 0.714143 0.668865
-0.787846 0.138919 0.6 0.670611
-0.886327 0.156283 0.43589 0.693127
-0.984808 0.173648 1.49012e-08 0.686589
-0 0 1 0.691111
-0.1 1.22465e-17 0.994987 0.693546
-0.2 2.44929e-17 0.979796 0.692143
-0.3 3.67394e-17 0.953939 0.686909
-0.4 4.89859e-17 0.916515 0.659734
-0.5 6.12323e-17 0.866025 0.625466
-0.6 7.34788e-17 0.8 0.653422
-0.7 8.57253e-17 0.714143 0.695579
-0.8 9.79717e-17 0.6 0.712604
-0.9 1.10218e-16 0.43589 0.717553
-1 1.22465e-16 1.49012e-08 0.686589
-0 -0 1 0.691111
-0.0984808 -0.0173648 0.994987 0.693656
-0.196962 -0.0347296 0.979796 0.691055
-0.295442 -0.0520945 0.953939 0.684116
-0.393923 -0.0694593 0.916515 0.652251
-0.492404 -0.0868241 0.866025 0.623364
-0.590885 -0.104189 0.8 0.661361
-0.689365 -0.121554 0.714143 0.704039
-0.787846 -0.138919 0.6 0.715641
-0.886327 -0.156283 0.43589 0.71609
-0.984808 -0.173648 1.49012e-08 0.686589
-0 -0 1 0.691111
-0.0939693 -0.034202 0.994987 0.694171
-0.187939 -0.068404 0.979796 0.689712
-0.281908 -0.102606 0.953939 0.681661
-0.375877 -0.136808 0.916515 0.645863
-0.469846 -0.17101 0.866025 0.623453
-0.563816 -0.205212 0.8 0.654625
-0.657785 -0.239414 0.714143 0.68625
-0.751754 -0.273616 0.6 0.709623
-0.845723 -0.307818 0.43589 0.709499
-0.939693 -0.34202 1.49012e-08 0.686589
-0 -0 1 0.691111
-0.0866025 -0.05 0.994987 0.695107
-0.173205 -0.1 0.979796 0.688583
-0.259808 -0.15 0.953939 0.681298
-0.34641 -0.2 0.916515 0.658862
-0.433013 -0.25 0.866025 0.63005
-0.519615 -0.3 0.8 0.654658
-0.606218 -0.35 0.714143 0.665542
-0.69282 -0.4 0.6 0.685338
-0.779423 -0.45 0.43589 0.682092
-0.866025 -0.5 1.49012e-08 0.686589
-0 -0 1 0.691111
-0.0766044 -0.0642788 0.994987 0.696414
-0.153209 -0.128558 0.979796 0.689774
-0.229813 -0.192836 0.953939 0.683597
-0.306418 -0.257115 0.916515 0.675717
-0.383022 -0.321394 0.866025 0.675187
-0.459627 -0.385673 0.8 0.688463
-0.536231 -0.449951 0.714143 0.689346
-0.612836 -0.51423 0.6 0.681834
-0.68944 -0.578509 0.43589 0.660689
-0.766044 -0.642788 1.49012e-08 0.686589
-0 -0 1 0.691111
-0.0642788 -0.0766044 0.994987 0.697878
-0.128558 -0.153209 0.979796 0.693643
-0.192836 -0.229813 0.953939 0.683361
-0.257115 -0.306418 0.916515 0.684949
-0.321394 -0.383022 0.866025 0.696771
-0.385673 -0.459627 0.8 0.706551
-0.449951 -0.536231 0.714143 0.709442
-0.51423 -0.612836 0.6 0.700993
-0.578509 -0.68944 0.43589 0.67471
-0.642788 -0.766044 1.49012e-08 0.686589
-0 -0 1 0.691111
-0.05 -0.0866025 0.994987 0.699197
-0.1 -0.173205 0.979796 0.697602
-0.15 -0.259808 0.953939 0.684673
-0.2 -0.34641 0.916515 0.682734
-0.25 -0.433013 0.866025 0.70316
-0.3 -0.519615 0.8 0.714923
-0.35 -0.606218 0.714143 0.718543
-0.4 -0.69282 0.6 0.715352
-0.45 -0.779423 0.43589 0.692083
-0.5 -0.866025 1.49012e-08 0.686589
-0 -0 1 0.691111
-0.034202 -0.0939693 0.994987 0.700082
-0.068404 -0.187939 0.979796 0.70108
-0.102606 -0.281908 0.953939 0.689508
-0.136808 -0.375877 0.916515 0.670861
-0.17101 -0.469846 0.866025 0.697838
-0.205212 -0.563816 0.8 0.716386
-0.239414 -0.657785 0.714143 0.71806
-0.273616 -0.751754 0.6 0.714252
-0.307818 -0.845723 0.43589 0.69849
-0.34202 -0.939693 1.49012e-08 0.686589
-0 -0 1 0.691111
-0.0173648 -0.0984808 0.994987 0.700324
-0.0347296 -0.196962 0.979796 0.703039
-0.0520945 -0.295442 0.953939 0.695553
-0.0694593 -0.393923 0.916515 0.683302
-0.0868241 -0.492404 0.866025 0.691439
-0.104189 -0.590885 0.8 0.707171
-0.121554 -0.689365 0.714143 0.710905
-0.138919 -0.787846 0.6 0.696974
-0.156283 -0.886327 0.43589 0.699097
-0.173648 -0.984808 1.49012e-08 0.686589
-0 -0 1 0.691111
-1.83697e-17 -0.1 0.994987 0.699734
-3.67394e-17 -0.2 0.979796 0.703287
-5.51091e-17 -0.3 0.953939 0.697808
-7.34788e-17 -0.4 0.916515 0.687618
-9.18485e-17 -0.5 0.866025 0.68998
-1.10218e-16 -0.6 0.8 0.696397
-1.28588e-16 -0.7 0.714143 0.705542
-1.46958e-16 -0.8 0.6 0.696129
-1.65327e-16 -0.9 0.43589 0.697962
-1.83697e-16 -1 1.49012e-08 0.686589
0 -0 1 0.691111
0.0173648 -0.0984808 0.994987 0.698219
0.0347296 -0.196962 0.979796 0.701357
0.0520945 -0.295442 0.953939 0.694432
0.0694593 -0.393923 0.916515 0.680691
0.0868241 -0.492404 0.866025 0.675927
0.104189 -0.590885 0.8 0.676033
0.121554 -0.689365 0.714143 0.691171
0.138919 -0.787846 0.6 0.70063
0.156283 -0.886327 0.43589 0.703524
0.173648 -0.984808 1.49012e-08 0.686589
0 -0 1 0.691111
0.034202 -0.0939693 0.994987 0.695872
0.068404 -0.187939 0.979796 0.697782
0.102606 -0.281908 0.953939 0.688093
0.136808 -0.375877 0.916515 0.660217
0.17101 -0.469846 0.866025 0.65269
0.205212 -0.563816 0.8 0.634445
0.239414 -0.657785 0.714143 0.661182
0.273616 -0.751754 0.6 0.69053
0.307818 -0.845723 0.43589 0.703888
0.34202 -0.939693 1.49012e-08 0.686589
0 -0 1 0.691111
0.05 -0.0866025 0.994987 0.693105
0.1 -0.173205 0.979796 0.693864
0.15 -0.259808 0.953939 0.685516
0.2 -0.34641 0.916515 0.659367
0.25 -0.433013 0.866025 0.65224
0.3 -0.519615 0.8 0.626848
0.35 -0.606218 0.714143 0.636196
0.4 -0.69282 0.6 0.656949
0.45 -0.779423 0.43589 0.692867
0.5 -0.866025 1.49012e-08 0.686589
0 -0 1 0.691111
0.0642788 -0.0766044 0.994987 0.690725
0.128558 -0.153209 0.979796 0.69152
0.192836 -0.229813 0.953939 0.692843
0.257115 -0.306418 0.916515 0.686558
0.321394 -0.383022 0.866025 0.679771
0.385673 -0.459627 0.8 0.665104
0.449951 -0.536231 0.714143 0.662057
0.51423 -0.612836 0.6 0.665077
0.578509 -0.68944 0.43589 0.69115
0.642788 -0.766044 1.49012e-08 0.686589
0 -0 1 0.691111
0.0766044 -0.0642788 0.994987 0.689351
0.153209 -0.128558 0.979796 0.691964
0.229813 -0.192836 0.953939 0.703616
0.306418 -0.257115 0.916515 0.704143
0.383022 -0.321394 0.866025 0.700436
0.459627 -0.385673 0.8 0.700692
0.536231 -0.449951 0.714143 0.699272
0.612836 -0.51423 0.6 0.687647
0.68944 -0.578509 0.43589 0.701386
0.766044 -0.642788 1.49012e-08 0.686589
0 -0 1 0.691111
0.0866025 -0.05 0.994987 0.689271
0.173205 -0.1 0.979796 0.697255
0.259808 -0.15 0.953939 0.710753
0.34641 -0.2 0.916515 0.708608
0.433013 -0.25 0.866025 0.705232
0.519615 -0.3 0.8 0.712473
0.606218 -0.35 0.714143 0.719082
0.69282 -0.4 0.6 0.708271
0.779423 -0.45 0.43589 0.678481
0.866025 -0.5 1.49012e-08 0.686589
0 -0 1 0.691111
0.0939693 -0.034202 0.994987 0.689728
0.187939 -0.068404 0.979796 0.70434
0.281908 -0.102606 0.953939 0.714819
0.375877 -0.136808 0.916515 0.706114
0.469846 -0.17101 0.866025 0.701365
0.563816 -0.205212 0.8 0.703987
0.657785 -0.239414 0.714143 0.720523
0.751754 -0.273616 0.6 0.722076
0.845723 -0.307818 0.43589 0.700902
0.939693 -0.34202 1.49012e-08 0.686589
0 -0 1 0.691111
0.0984808 -0.0173648 0.994987 0.689848
0.196962 -0.0347296 0.979796 0.708454
0.295442 -0.0520945 0.953939 0.717045
0.393923 -0.0694593 0.916515 0.710171
0.492404 -0.0868241 0.866025 0.704047
0.590885 -0.104189 0.8 0.706478
0.689365 -0.121554 0.714143 0.714177
0.787846 -0.138919 0.6 0.709094
0.886327 -0.156283 0.43589 0.704351
0.984808 -0.173648 1.49012e-08 0.686589
0 -0 1 0.691111
0.1 -2.44929e-17 0.994987 0.688707
0.2 -4.89859e-17 0.979796 0.709323
0.3 -7.34788e-17 0.953939 0.716894
0.4 -9.79717e-17 0.916515 0.703231
0.5 -1.22465e-16 0.866025 0.690125
0.6 -1.46958e-16 0.8 0.678994
0.7 -1.71451e-16 0.714143 0.680427
0.8 -1.95943e-16 0.6 0.697953
0.9 -2.20436e-16 0.43589 0.700114
1 -2.44929e-16 1.49012e-08 0.686589
