0 0 1 0.701633
0.1 0 0.994987 0.70864
0.2 0 0.979796 0.700331
0.3 0 0.953939 0.673186
0.4 0 0.916515 0.622286
0.5 0 0.866025 0.593702
0.6 0 0.8 0.647857
0.7 0 0.714143 0.692795
0.8 0 0.6 0.713663
0.9 0 0.43589 0.711583
1 0 1.49012e-08 0.660015
0 0 1 0.701633
0.0984808 0.0173648 0.994987 0.708828
0.196962 0.0347296 0.979796 0.697952
0.295442 0.0520945 0.953939 0.665853
0.393923 0.0694593 0.916515 0.622597
0.492404 0.0868241 0.866025 0.607809
0.590885 0.104189 0.8 0.668796
0.689365 0.121554 0.714143 0.695284
0.787846 0.138919 0.6 0.695131
0.886327 0.156283 0.43589 0.711542
0.984808 0.173648 1.49012e-08 0.660015
0 0 1 0.701633
0.0939693 0.034202 0.994987 0.708725
0.187939 0.068404 0.979796 0.695615
0.281908 0.102606 0.953939 0.661389
0.375877 0.136808 0.916515 0.633932
0.469846 0.17101 0.866025 0.65288
0.563816 0.205212 0.8 0.69049
0.657785 0.239414 0.714143 0.700719
0.751754 0.273616 0.6 0.688217
0.845723 0.307818 0.43589 0.680109
0.939693 0.34202 1.49012e-08 0.660015
0 0 1 0.701633
0.0866025 0.05 0.994987 0.708386
0.173205 0.1 0.979796 0.693538
0.259808 0.15 0.953939 0.658527
0.34641 0.2 0.916515 0.631834
0.433013 0.25 0.866025 0.671667
0.519615 0.3 0.8 0.700461
0.606218 0.35 0.714143 0.709647
0.69282 0.4 0.6 0.708593
0.779423 0.45 0.43589 0.676859
0.866025 0.5 1.49012e-08 0.660015
0 0 1 0.701633
0.0766044 0.0642788 0.994987 0.707883
0.153209 0.128558 0.979796 0.692036
0.229813 0.192836 0.953939 0.654146
0.306418 0.257115 0.916515 0.635023
0.383022 0.321394 0.866025 0.673259
0.459627 0.385673 0.8 0.702069
0.536231 0.449951 0.714143 0.704882
0.612836 0.51423 0.6 0.709651
0.68944 0.578509 0.43589 0.676766
0.766044 0.642788 1.49012e-08 0.660015
0 0 1 0.701633
0.0642788 0.0766044 0.994987 0.70722
0.128558 0.153209 0.979796 0.691728
0.192836 0.229813 0.953939 0.646918
0.257115 0.306418 0.916515 0.625386
0.321394 0.383022 0.866025 0.661453
0.385673 0.459627 0.8 0.695433
0.449951 0.536231 0.714143 0.700095
0.51423 0.612836 0.6 0.70458
0.578509 0.68944 0.43589 0.655671
0.642788 0.766044 1.49012e-08 0.660015
0 0 1 0.701633
0.05 0.0866025 0.994987 0.707002
0.1 0.173205 0.979796 0.693414
0.15 0.259808 0.953939 0.647649
0.2 0.34641 0.916515 0.599316
0.25 0.433013 0.866025 0.641673
0.3 0.519615 0.8 0.681747
0.35 0.606218 0.714143 0.701673
0.4 0.69282 0.6 0.701384
0.45 0.779423 0.43589 0.639462
0.5 0.866025 1.49012e-08 0.660015
0 0 1 0.701633
0.034202 0.0939693 0.994987 0.707344
0.068404 0.187939 0.979796 0.697197
0.102606 0.281908 0.953939 0.661624
0.136808 0.375877 0.916515 0.613059
0.17101 0.469846 0.866025 0.620592
0.205212 0.563816 0.8 0.660705
0.239414 0.657785 0.714143 0.694264
0.273616 0.751754 0.6 0.695483
0.307818 0.845723 0.43589 0.648666
0.34202 0.939693 1.49012e-08 0.660015
0 0 1 0.701633
0.0173648 0.0984808 0.994987 0.708668
0.0347296 0.196962 0.979796 0.702322
0.0520945 0.295442 0.953939 0.679801
0.0694593 0.393923 0.916515 0.649681
0.0868241 0.492404 0.866025 0.620325
0.104189 0.590885 0.8 0.631032
0.121554 0.689365 0.714143 0.682832
0.138919 0.787846 0.6 0.689146
0.156283 0.886327 0.43589 0.653091
0.173648 0.984808 1.49012e-08 0.660015
0 0 1 0.701633
6.12323e-18 0.1 0.994987 0.709717
1.22465e-17 0.2 0.979796 0.707162
1.83697e-17 0.3 0.953939 0.695598
2.44929e-17 0.4 0.916515 0.67818
3.06162e-17 0.5 0.866025 0.6536
3.67394e-17 0.6 0.8 0.638637
4.28626e-17 0.7 0.714143 0.666401
4.89859e-17 0.8 0.6 0.674864
5.51091e-17 0.9 0.43589 0.643268
6.12323e-17 1 1.49012e-08 0.660015
-0 0 1 0.701633
-0.0173648 0.0984808 0.994987 0.710194
-0.0347296 0.196962 0.979796 0.710024
-0.0520945 0.295442 0.953939 0.705862
-0.0694593 0.393923 0.916515 0.698233
-0.0868241 0.492404 0.866025 0.682179
-0.104189 0.590885 0.8 0.650185
-0.121554 0.689365 0.714143 0.643695
-0.138919 0.787846 0.6 0.651042
-0.156283 0.886327 0.43589 0.634986
-0.173648 0.984808 1.49012e-08 0.660015
-0 0 1 0.701633
-0.034202 0.0939693 0.994987 0.710068
-0.068404 0.187939 0.979796 0.709737
-0.102606 0.281908 0.953939 0.709983
-0.136808 0.375877 0.916515 0.708232
-0.17101 0.469846 0.866025 0.701184
-0.205212 0.563816 0.8 0.680092
-0.239414 0.657785 0.714143 0.648576
-0.273616 0.751754 0.6 0.615587
-0.307818 0.845723 0.43589 0.606476
-0.34202 0.939693 1.49012e-08 0.660015
-0 0 1 0.701633
-0.05 0.0866025 0.994987 0.709453
-0.1 0.173205 0.979796 0.706391
-0.15 0.259808 0.953939 0.708217
-0.2 0.34641 0.916515 0.709057
-0.25 0.433013 0.866025 0.707018
-0.3 0.519615 0.8 0.69274
-0.35 0.606218 0.714143 0.656821
-0.4 0.69282 0.6 0.576486
-0.45 0.779423 0.43589 0.549506
-0.5 0.866025 1.49012e-08 0.660015
-0 0 1 0.701633
-0.0642788 0.0766044 0.994987 0.708606
-0.128558 0.153209 0.979796 0.703145
-0.192836 0.229813 0.953939 0.708244
-0.257115 0.306418 0.916515 0.711922
-0.321394 0.383022 0.866025 0.708566
-0.385673 0.459627 0.8 0.693562
-0.449951 0.536231 0.714143 0.66181
-0.51423 0.612836 0.6 0.578705
-0.578509 0.68944 0.43589 0.461382
-0.642788 0.766044 1.49012e-08 0.660015
-0 0 1 0.701633
-0.0766044 0.0642788 0.994987 0.707825
-0.153209 0.128558 0.979796 0.704787
-0.229813 0.192836 0.953939 0.711759
-0.306418 0.257115 0.916515 0.713723
-0.383022 0.321394 0.866025 0.701978
-0.459627 0.385673 0.8 0.675399
-0.536231 0.449951 0.714143 0.653534
-0.612836 0.51423 0.6 0.627994
-0.68944 0.578509 0.43589 0.483783
-0.766044 0.642788 1.49012e-08 0.660015
-0 0 1 0.701633
-0.0866025 0.05 0.994987 0.707318
-0.173205 0.1 0.979796 0.706285
-0.259808 0.15 0.953939 0.712265
-0.34641 0.2 0.916515 0.707285
-0.433013 0.25 0.866025 0.684952
-0.519615 0.3 0.8 0.653207
-0.606218 0.35 0.714143 0.661224
-0.69282 0.4 0.6 0.678651
-0.779423 0.45 0.43589 0.613329
-0.866025 0.5 1.49012e-08 0.660015
-0 0 1 0.701633
-0.0939693 0.034202 0.994987 0.707008
-0.187939 0.068404 0.979796 0.709642
-0.281908 0.102606 0.953939 0.708915
-0.375877 0.136808 0.916515 0.694569
-0.469846 0.17101 0.866025 0.662205
-0.563816 0.205212 0.8 0.645686
-0.657785 0.239414 0.714143 0.69118
-0.751754 0.273616 0.6 0.711417
-0.845723 0.307818 0.43589 0.676377
-0.939693 0.34202 1.49012e-08 0.660015
-0 0 1 0.701633
-0.0984808 0.0173648 0.994987 0.706463
-0.196962 0.0347296 0.979796 0.711897
-0.295442 0.0520945 0.953939 0.703164
-0.393923 0.0694593 0.916515 0.677282
-0.492404 0.0868241 0.866025 0.650468
-0.590885 0.104189 0.8 0.669046
-0.689365 0.121554 0.714143 0.709656
-0.787846 0.138919 0.6 0.717911
-0.886327 0.156283 0.43589 0.704542
-0.984808 0.173648 1.49012e-08 0.660015
-0 0 1 0.701633
-0.1 1.22465e-17 0.994987 0.705197
-0.2 2.44929e-17 0.979796 0.712019
-0.3 3.67394e-17 0.953939 0.699415
-0.4 4.89859e-17 0.916515 0.652134
-0.5 6.12323e-17 0.866025 0.624166
-0.6 7.34788e-17 0.8 0.663589
-0.7 8.57253e-17 0.714143 0.708075
-0.8 9.79717e-17 0.6 0.716095
-0.9 1.10218e-16 0.43589 0.715533
-1 1.22465e-16 1.49012e-08 0.660015
-0 -0 1 0.701633
-0.0984808 -0.0173648 0.994987 0.702932
-0.196962 -0.0347296 0.979796 0.710955
-0.295442 -0.0520945 0.953939 0.698828
-0.393923 -0.0694593 0.916515 0.654248
-0.492404 -0.0868241 0.866025 0.607937
-0.590885 -0.104189 0.8 0.63666
-0.689365 -0.121554 0.714143 0.6927
-0.787846 -0.138919 0.6 0.716097
-0.886327 -0.156283 0.43589 0.710259
-0.984808 -0.173648 1.49012e-08 0.660015
-0 -0 1 0.701633
-0.0939693 -0.034202 0.994987 0.699575
-0.187939 -0.068404 0.979796 0.71032
-0.281908 -0.102606 0.953939 0.702167
-0.375877 -0.136808 0.916515 0.671927
-0.469846 -0.17101 0.866025 0.626978
-0.563816 -0.205212 0.8 0.634343
-0.657785 -0.239414 0.714143 0.695664
-0.751754 -0.273616 0.6 0.715602
-0.845723 -0.307818 0.43589 0.711451
-0.939693 -0.34202 1.49012e-08 0.660015
-0 -0 1 0.701633
-0.0866025 -0.05 0.994987 0.695215
-0.173205 -0.1 0.979796 0.710483
-0.259808 -0.15 0.953939 0.706906
-0.34641 -0.2 0.916515 0.687
-0.433013 -0.25 0.866025 0.652251
-0.519615 -0.3 0.8 0.653426
-0.606218 -0.35 0.714143 0.68619
-0.69282 -0.4 0.6 0.713492
-0.779423 -0.45 0.43589 0.716629
-0.866025 -0.5 1.49012e-08 0.660015
-0 -0 1 0.701633
-0.0766044 -0.0642788 0.994987 0.691215
-0.153209 -0.128558 0.979796 0.709613
-0.229813 -0.192836 0.953939 0.710148
-0.306418 -0.257115 0.916515 0.699414
-0.383022 -0.321394 0.866025 0.676279
-0.459627 -0.385673 0.8 0.646564
-0.536231 -0.449951 0.714143 0.654356
-0.612836 -0.51423 0.6 0.683424
-0.68944 -0.578509 0.43589 0.697519
-0.766044 -0.642788 1.49012e-08 0.660015
-0 -0 1 0.701633
-0.0642788 -0.0766044 0.994987 0.686182
-0.128558 -0.153209 0.979796 0.707905
-0.192836 -0.229813 0.953939 0.709782
-0.257115 -0.306418 0.916515 0.708416
-0.321394 -0.383022 0.866025 0.690022
-0.385673 -0.459627 0.8 0.655556
-0.449951 -0.536231 0.714143 0.63994
-0.51423 -0.612836 0.6 0.66137
-0.578509 -0.68944 0.43589 0.653197
-0.642788 -0.766044 1.49012e-08 0.660015
-0 -0 1 0.701633
-0.05 -0.0866025 0.994987 0.680409
-0.1 -0.173205 0.979796 0.704983
-0.15 -0.259808 0.953939 0.711975
-0.2 -0.34641 0.916515 0.713092
-0.25 -0.433013 0.866025 0.704319
-0.3 -0.519615 0.8 0.685456
-0.35 -0.606218 0.714143 0.656601
-0.4 -0.69282 0.6 0.638464
-0.45 -0.779423 0.43589 0.600397
-0.5 -0.866025 1.49012e-08 0.660015
-0 -0 1 0.701633
-0.034202 -0.0939693 0.994987 0.684147
-0.068404 -0.187939 0.979796 0.700346
-0.102606 -0.281908 0.953939 0.708794
-0.136808 -0.375877 0.916515 0.710266
-0.17101 -0.469846 0.866025 0.711137
-0.205212 -0.563816 0.8 0.702875
-0.239414 -0.657785 0.714143 0.682176
-0.273616 -0.751754 0.6 0.630158
-0.307818 -0.845723 0.43589 0.592717
-0.34202 -0.939693 1.49012e-08 0.660015
-0 -0 1 0.701633
-0.0173648 -0.0984808 0.994987 0.688034
-0.0347296 -0.196962 0.979796 0.694436
-0.0520945 -0.295442 0.953939 0.700068
-0.0694593 -0.393923 0.916515 0.705146
-0.0868241 -0.492404 0.866025 0.71156
-0.104189 -0.590885 0.8 0.706539
-0.121554 -0.689365 0.714143 0.695263
-0.138919 -0.787846 0.6 0.652038
-0.156283 -0.886327 0.43589 0.634649
-0.173648 -0.984808 1.49012e-08 0.660015
-0 -0 1 0.701633
-1.83697e-17 -0.1 0.994987 0.692235
-3.67394e-17 -0.2 0.979796 0.690137
-5.51091e-17 -0.3 0.953939 0.690186
-7.34788e-17 -0.4 0.916515 0.698425
-9.18485e-17 -0.5 0.866025 0.712222
-1.10218e-16 -0.6 0.8 0.710086
-1.28588e-16 -0.7 0.714143 0.699964
-1.46958e-16 -0.8 0.6 0.683836
-1.65327e-16 -0.9 0.43589 0.67034
-1.83697e-16 -1 1.49012e-08 0.660015
0 -0 1 0.701633
0.0173648 -0.0984808 0.994987 0.696488
0.0347296 -0.196962 0.979796 0.691984
0.0520945 -0.295442 0.953939 0.689489
0.0694593 -0.393923 0.916515 0.701895
0.0868241 -0.492404 0.866025 0.705414
0.104189 -0.590885 0.8 0.698372
0.121554 -0.689365 0.714143 0.695325
0.138919 -0.787846 0.6 0.697763
0.156283 -0.886327 0.43589 0.694958
0.173648 -0.984808 1.49012e-08 0.660015
0 -0 1 0.701633
0.034202 -0.0939693 0.994987 0.700227
0.068404 -0.187939 0.979796 0.698072
0.102606 -0.281908 0.953939 0.697407
0.136808 -0.375877 0.916515 0.704378
0.17101 -0.469846 0.866025 0.693853
0.205212 -0.563816 0.8 0.675987
0.239414 -0.657785 0.714143 0.677733
0.273616 -0.751754 0.6 0.6978
0.307818 -0.845723 0.43589 0.706213
0.34202 -0.939693 1.49012e-08 0.660015
0 -0 1 0.701633
0.05 -0.0866025 0.994987 0.703344
0.1 -0.173205 0.979796 0.703253
0.15 -0.259808 0.953939 0.701759
0.2 -0.34641 0.916515 0.703265
0.25 -0.433013 0.866025 0.69394
0.3 -0.519615 0.8 0.688849
0.35 -0.606218 0.714143 0.689244
0.4 -0.69282 0.6 0.702562
0.45 -0.779423 0.43589 0.707857
0.5 -0.866025 1.49012e-08 0.660015
0 -0 1 0.701633
0.0642788 -0.0766044 0.994987 0.70569
0.128558 -0.153209 0.979796 0.705568
0.192836 -0.229813 0.953939 0.697482
0.257115 -0.306418 0.916515 0.6988
0.321394 -0.383022 0.866025 0.691656
0.385673 -0.459627 0.8 0.685293
0.449951 -0.536231 0.714143 0.695698
0.51423 -0.612836 0.6 0.708398
0.578509 -0.68944 0.43589 0.697554
0.642788 -0.766044 1.49012e-08 0.660015
0 -0 1 0.701633
0.0766044 -0.0642788 0.994987 0.707346
0.153209 -0.128558 0.979796 0.705399
0.229813 -0.192836 0.953939 0.698924
0.306418 -0.257115 0.916515 0.692745
0.383022 -0.321394 0.866025 0.679797
0.459627 -0.385673 0.8 0.669705
0.536231 -0.449951 0.714143 0.672163
0.612836 -0.51423 0.6 0.694847
0.68944 -0.578509 0.43589 0.707041
0.766044 -0.642788 1.49012e-08 0.660015
0 -0 1 0.701633
0.0866025 -0.05 0.994987 0.708233
0.173205 -0.1 0.979796 0.705135
0.259808 -0.15 0.953939 0.696002
0.34641 -0.2 0.916515 0.681528
0.433013 -0.25 0.866025 0.655376
0.519615 -0.3 0.8 0.630856
0.606218 -0.35 0.714143 0.591693
0.69282 -0.4 0.6 0.649635
0.779423 -0.45 0.43589 0.679974
0.866025 -0.5 1.49012e-08 0.660015
0 -0 1 0.701633
0.0939693 -0.034202 0.994987 0.708392
0.187939 -0.068404 0.979796 0.704447
0.281908 -0.102606 0.953939 0.689564
0.375877 -0.136808 0.916515 0.66458
0.469846 -0.17101 0.866025 0.615769
0.563816 -0.205212 0.8 0.570302
0.657785 -0.239414 0.714143 0.620863
0.751754 -0.273616 0.6 0.650284
0.845723 -0.307818 0.43589 0.644424
0.939693 -0.34202 1.49012e-08 0.660015
0 -0 1 0.701633
0.0984808 -0.0173648 0.994987 0.708312
0.196962 -0.0347296 0.979796 0.702659
0.295442 -0.0520945 0.953939 0.6814
0.393923 -0.0694593 0.916515 0.644254
0.492404 -0.0868241 0.866025 0.599688
0.590885 -0.104189 0.8 0.599429
0.689365 -0.121554 0.714143 0.667295
0.787846 -0.138919 0.6 0.703735
0.886327 -0.156283 0.43589 0.715765
0.984808 -0.173648 1.49012e-08 0.660015
0 -0 1 0.701633
0.1 -2.44929e-17 0.994987 0.70864
0.2 -4.89859e-17 0.979796 0.700331
0.3 -7.34788e-17 0.953939 0.673186
0.4 -9.79717e-17 0.916515 0.622286
0.5 -1.22465e-16 0.866025 0.593702
0.6 -1.46958e-16 0.8 0.647857
0.7 -1.71451e-16 0.714143 0.692795
0.8 -1.95943e-16 0.6 0.713663
0.9 -2.20436e-16 0.43589 0.711583
1 -2.44929e-16 1.49012e-08 0.660015
