0 0 1 0.675284
0.1 0 0.994987 0.667647
0.2 0 0.979796 0.663645
0.3 0 0.953939 0.658568
0.4 0 0.916515 0.660237
0.5 0 0.866025 0.661972
0.6 0 0.8 0.67903
0.7 0 0.714143 0.681879
0.8 0 0.6 0.672866
0.9 0 0.43589 0.683648
1 0 1.49012e-08 0.68139
0 0 1 0.675284
0.0984808 0.0173648 0.994987 0.667074
0.196962 0.0347296 0.979796 0.659948
0.295442 0.0520945 0.953939 0.654037
0.393923 0.0694593 0.916515 0.648485
0.492404 0.0868241 0.866025 0.654835
0.590885 0.104189 0.8 0.672457
0.689365 0.121554 0.714143 0.670875
0.787846 0.138919 0.6 0.646132
0.886327 0.156283 0.43589 0.694807
0.984808 0.173648 1.49012e-08 0.68139
0 0 1 0.675284
0.0939693 0.034202 0.994987 0.666931
0.187939 0.068404 0.979796 0.660353
0.281908 0.102606 0.953939 0.64374
0.375877 0.136808 0.916515 0.616985
0.469846 0.17101 0.866025 0.611967
0.563816 0.205212 0.8 0.643632
0.657785 0.239414 0.714143 0.661607
0.751754 0.273616 0.6 0.677772
0.845723 0.307818 0.43589 0.693872
0.939693 0.34202 1.49012e-08 0.68139
0 0 1 0.675284
0.0866025 0.05 0.994987 0.67003
0.173205 0.1 0.979796 0.661088
0.259808 0.15 0.953939 0.631303
0.34641 0.2 0.916515 0.574041
0.433013 0.25 0.866025 0.55059
0.519615 0.3 0.8 0.613944
0.606218 0.35 0.714143 0.657966
0.69282 0.4 0.6 0.666433
0.779423 0.45 0.43589 0.642888
0.866025 0.5 1.49012e-08 0.68139
0 0 1 0.675284
0.0766044 0.0642788 0.994987 0.673504
0.153209 0.128558 0.979796 0.662513
0.229813 0.192836 0.953939 0.622999
0.306418 0.257115 0.916515 0.546551
0.383022 0.321394 0.866025 0.510812
0.459627 0.385673 0.8 0.615608
0.536231 0.449951 0.714143 0.662121
0.612836 0.51423 0.6 0.672266
0.68944 0.578509 0.43589 0.671566
0.766044 0.642788 1.49012e-08 0.68139
0 0 1 0.675284
0.0642788 0.0766044 0.994987 0.676497
0.128558 0.153209 0.979796 0.665298
0.192836 0.229813 0.953939 0.621402
0.257115 0.306418 0.916515 0.577267
0.321394 0.383022 0.866025 0.57919
0.385673 0.459627 0.8 0.630661
0.449951 0.536231 0.714143 0.678747
0.51423 0.612836 0.6 0.687399
0.578509 0.68944 0.43589 0.674957
0.642788 0.766044 1.49012e-08 0.68139
0 0 1 0.675284
0.05 0.0866025 0.994987 0.678969
0.1 0.173205 0.979796 0.669735
0.15 0.259808 0.953939 0.640311
0.2 0.34641 0.916515 0.618229
0.25 0.433013 0.866025 0.626908
0.3 0.519615 0.8 0.658136
0.35 0.606218 0.714143 0.68278
0.4 0.69282 0.6 0.686394
0.45 0.779423 0.43589 0.674574
0.5 0.866025 1.49012e-08 0.68139
0 0 1 0.675284
0.034202 0.0939693 0.994987 0.680927
0.068404 0.187939 0.979796 0.674415
0.102606 0.281908 0.953939 0.655779
0.136808 0.375877 0.916515 0.646876
0.17101 0.469846 0.866025 0.653635
0.205212 0.563816 0.8 0.661016
0.239414 0.657785 0.714143 0.673783
0.273616 0.751754 0.6 0.669612
0.307818 0.845723 0.43589 0.68108
0.34202 0.939693 1.49012e-08 0.68139
0 0 1 0.675284
0.0173648 0.0984808 0.994987 0.682406
0.0347296 0.196962 0.979796 0.677912
0.0520945 0.295442 0.953939 0.663365
0.0694593 0.393923 0.916515 0.66006
0.0868241 0.492404 0.866025 0.661685
0.104189 0.590885 0.8 0.668238
0.121554 0.689365 0.714143 0.654485
0.138919 0.787846 0.6 0.633948
0.156283 0.886327 0.43589 0.684876
0.173648 0.984808 1.49012e-08 0.68139
0 0 1 0.675284
6.12323e-18 0.1 0.994987 0.683426
1.22465e-17 0.2 0.979796 0.679618
1.83697e-17 0.3 0.953939 0.663631
2.44929e-17 0.4 0.916515 0.665009
3.06162e-17 0.5 0.866025 0.666059
3.67394e-17 0.6 0.8 0.673226
4.28626e-17 0.7 0.714143 0.652937
4.89859e-17 0.8 0.6 0.653919
5.51091e-17 0.9 0.43589 0.680393
6.12323e-17 1 1.49012e-08 0.68139
-0 0 1 0.675284
-0.0173648 0.0984808 0.994987 0.684008
-0.0347296 0.196962 0.979796 0.679934
-0.0520945 0.295442 0.953939 0.666297
-0.0694593 0.393923 0.916515 0.666482
-0.0868241 0.492404 0.866025 0.676732
-0.104189 0.590885 0.8 0.687646
-0.121554 0.689365 0.714143 0.684358
-0.138919 0.787846 0.6 0.669193
-0.156283 0.886327 0.43589 0.663554
-0.173648 0.984808 1.49012e-08 0.68139
-0 0 1 0.675284
-0.034202 0.0939693 0.994987 0.684158
-0.068404 0.187939 0.979796 0.680577
-0.102606 0.281908 0.953939 0.667286
-0.136808 0.375877 0.916515 0.652932
-0.17101 0.469846 0.866025 0.678292
-0.205212 0.563816 0.8 0.698368
-0.239414 0.657785 0.714143 0.698921
-0.273616 0.751754 0.6 0.679853
-0.307818 0.845723 0.43589 0.641889
-0.34202 0.939693 1.49012e-08 0.68139
-0 0 1 0.675284
-0.05 0.0866025 0.994987 0.683849
-0.1 0.173205 0.979796 0.680344
-0.15 0.259808 0.953939 0.661688
-0.2 0.34641 0.916515 0.643076
-0.25 0.433013 0.866025 0.679186
-0.3 0.519615 0.8 0.699821
-0.35 0.606218 0.714143 0.701274
-0.4 0.69282 0.6 0.689339
-0.45 0.779423 0.43589 0.622496
-0.5 0.866025 1.49012e-08 0.68139
-0 0 1 0.675284
-0.0642788 0.0766044 0.994987 0.683068
-0.128558 0.153209 0.979796 0.679398
-0.192836 0.229813 0.953939 0.653777
-0.257115 0.306418 0.916515 0.633833
-0.321394 0.383022 0.866025 0.675259
-0.385673 0.459627 0.8 0.69795
-0.449951 0.536231 0.714143 0.704504
-0.51423 0.612836 0.6 0.697756
-0.578509 0.68944 0.43589 0.638554
-0.642788 0.766044 1.49012e-08 0.68139
-0 0 1 0.675284
-0.0766044 0.0642788 0.994987 0.681878
-0.153209 0.128558 0.979796 0.678227
-0.229813 0.192836 0.953939 0.655367
-0.306418 0.257115 0.916515 0.644169
-0.383022 0.321394 0.866025 0.666646
-0.459627 0.385673 0.8 0.681575
-0.536231 0.449951 0.714143 0.694899
-0.612836 0.51423 0.6 0.692403
-0.68944 0.578509 0.43589 0.684015
-0.766044 0.642788 1.49012e-08 0.68139
-0 0 1 0.675284
-0.0866025 0.05 0.994987 0.680455
-0.173205 0.1 0.979796 0.676525
-0.259808 0.15 0.953939 0.668485
-0.34641 0.2 0.916515 0.667679
-0.433013 0.25 0.866025 0.662715
-0.519615 0.3 0.8 0.646136
-0.606218 0.35 0.714143 0.649723
-0.69282 0.4 0.6 0.687259
-0.779423 0.45 0.43589 0.695048
-0.866025 0.5 1.49012e-08 0.68139
-0 0 1 0.675284
-0.0939693 0.034202 0.994987 0.679093
-0.187939 0.068404 0.979796 0.674789
-0.281908 0.102606 0.953939 0.675034
-0.375877 0.136808 0.916515 0.68212
-0.469846 0.17101 0.866025 0.67544
-0.563816 0.205212 0.8 0.651514
-0.657785 0.239414 0.714143 0.631207
-0.751754 0.273616 0.6 0.68409
-0.845723 0.307818 0.43589 0.701468
-0.939693 0.34202 1.49012e-08 0.68139
-0 0 1 0.675284
-0.0984808 0.0173648 0.994987 0.677815
-0.196962 0.0347296 0.979796 0.674593
-0.295442 0.0520945 0.953939 0.677528
-0.393923 0.0694593 0.916515 0.685091
-0.492404 0.0868241 0.866025 0.690147
-0.590885 0.104189 0.8 0.673534
-0.689365 0.121554 0.714143 0.636422
-0.787846 0.138919 0.6 0.647036
-0.886327 0.156283 0.43589 0.687677
-0.984808 0.173648 1.49012e-08 0.68139
-0 0 1 0.675284
-0.1 1.22465e-17 0.994987 0.676363
-0.2 2.44929e-17 0.979796 0.676186
-0.3 3.67394e-17 0.953939 0.678256
-0.4 4.89859e-17 0.916515 0.683336
-0.5 6.12323e-17 0.866025 0.692423
-0.6 7.34788e-17 0.8 0.682645
-0.7 8.57253e-17 0.714143 0.661208
-0.8 9.79717e-17 0.6 0.661208
-0.9 1.10218e-16 0.43589 0.667792
-1 1.22465e-16 1.49012e-08 0.68139
-0 -0 1 0.675284
-0.0984808 -0.0173648 0.994987 0.674341
-0.196962 -0.0347296 0.979796 0.676646
-0.295442 -0.0520945 0.953939 0.678962
-0.393923 -0.0694593 0.916515 0.675049
-0.492404 -0.0868241 0.866025 0.698023
-0.590885 -0.104189 0.8 0.693174
-0.689365 -0.121554 0.714143 0.68006
-0.787846 -0.138919 0.6 0.685502
-0.886327 -0.156283 0.43589 0.702177
-0.984808 -0.173648 1.49012e-08 0.68139
-0 -0 1 0.675284
-0.0939693 -0.034202 0.994987 0.671383
-0.187939 -0.068404 0.979796 0.676054
-0.281908 -0.102606 0.953939 0.684775
-0.375877 -0.136808 0.916515 0.688924
-0.469846 -0.17101 0.866025 0.695071
-0.563816 -0.205212 0.8 0.692685
-0.657785 -0.239414 0.714143 0.681254
-0.751754 -0.273616 0.6 0.691277
-0.845723 -0.307818 0.43589 0.698454
-0.939693 -0.34202 1.49012e-08 0.68139
-0 -0 1 0.675284
-0.0866025 -0.05 0.994987 0.667233
-0.173205 -0.1 0.979796 0.675643
-0.259808 -0.15 0.953939 0.688442
-0.34641 -0.2 0.916515 0.691645
-0.433013 -0.25 0.866025 0.689267
-0.519615 -0.3 0.8 0.683539
-0.606218 -0.35 0.714143 0.672839
-0.69282 -0.4 0.6 0.676606
-0.779423 -0.45 0.43589 0.629409
-0.866025 -0.5 1.49012e-08 0.68139
-0 -0 1 0.675284
-0.0766044 -0.0642788 0.994987 0.661887
-0.153209 -0.128558 0.979796 0.671282
-0.229813 -0.192836 0.953939 0.687335
-0.306418 -0.257115 0.916515 0.691607
-0.383022 -0.321394 0.866025 0.68527
-0.459627 -0.385673 0.8 0.66203
-0.536231 -0.449951 0.714143 0.602011
-0.612836 -0.51423 0.6 0.638471
-0.68944 -0.578509 0.43589 0.62411
-0.766044 -0.642788 1.49012e-08 0.68139
-0 -0 1 0.675284
-0.0642788 -0.0766044 0.994987 0.655831
-0.128558 -0.153209 0.979796 0.663327
-0.192836 -0.229813 0.953939 0.680809
-0.257115 -0.306418 0.916515 0.680547
-0.321394 -0.383022 0.866025 0.672559
-0.385673 -0.459627 0.8 0.649205
-0.449951 -0.536231 0.714143 0.641618
-0.51423 -0.612836 0.6 0.664403
-0.578509 -0.68944 0.43589 0.684454
-0.642788 -0.766044 1.49012e-08 0.68139
-0 -0 1 0.675284
-0.05 -0.0866025 0.994987 0.650265
-0.1 -0.173205 0.979796 0.653785
-0.15 -0.259808 0.953939 0.670075
-0.2 -0.34641 0.916515 0.65988
-0.25 -0.433013 0.866025 0.653149
-0.3 -0.519615 0.8 0.64429
-0.35 -0.606218 0.714143 0.668334
-0.4 -0.69282 0.6 0.689139
-0.45 -0.779423 0.43589 0.701304
-0.5 -0.866025 1.49012e-08 0.68139
-0 -0 1 0.675284
-0.034202 -0.0939693 0.994987 0.64685
-0.068404 -0.187939 0.979796 0.646197
-0.102606 -0.281908 0.953939 0.659658
-0.136808 -0.375877 0.916515 0.64118
-0.17101 -0.469846 0.866025 0.633529
-0.205212 -0.563816 0.8 0.665752
-0.239414 -0.657785 0.714143 0.692104
-0.273616 -0.751754 0.6 0.704395
-0.307818 -0.845723 0.43589 0.702566
-0.34202 -0.939693 1.49012e-08 0.68139
-0 -0 1 0.675284
-0.0173648 -0.0984808 0.994987 0.646555
-0.0347296 -0.196962 0.979796 0.64197
-0.0520945 -0.295442 0.953939 0.6597
-0.0694593 -0.393923 0.916515 0.651183
-0.0868241 -0.492404 0.866025 0.614785
-0.104189 -0.590885 0.8 0.677938
-0.121554 -0.689365 0.714143 0.699287
-0.138919 -0.787846 0.6 0.707581
-0.156283 -0.886327 0.43589 0.705911
-0.173648 -0.984808 1.49012e-08 0.68139
-0 -0 1 0.675284
-1.83697e-17 -0.1 0.994987 0.648377
-3.67394e-17 -0.2 0.979796 0.641422
-5.51091e-17 -0.3 0.953939 0.670445
-7.34788e-17 -0.4 0.916515 0.672629
-9.18485e-17 -0.5 0.866025 0.667032
-1.10218e-16 -0.6 0.8 0.687239
-1.28588e-16 -0.7 0.714143 0.700527
-1.46958e-16 -0.8 0.6 0.707037
-1.65327e-16 -0.9 0.43589 0.706048
-1.83697e-16 -1 1.49012e-08 0.68139
0 -0 1 0.675284
0.0173648 -0.0984808 0.994987 0.650714
0.0347296 -0.196962 0.979796 0.650362
0.0520945 -0.295442 0.953939 0.679563
0.0694593 -0.393923 0.916515 0.690839
0.0868241 -0.492404 0.866025 0.693826
0.104189 -0.590885 0.8 0.695238
0.121554 -0.689365 0.714143 0.697487
0.138919 -0.787846 0.6 0.700133
0.156283 -0.886327 0.43589 0.702025
0.173648 -0.984808 1.49012e-08 0.68139
0 -0 1 0.675284
0.034202 -0.0939693 0.994987 0.652741
0.068404 -0.187939 0.979796 0.657898
0.102606 -0.281908 0.953939 0.68745
0.136808 -0.375877 0.916515 0.700644
0.17101 -0.469846 0.866025 0.703595
0.205212 -0.563816 0.8 0.698736
0.239414 -0.657785 0.714143 0.699809
0.273616 -0.751754 0.6 0.699094
0.307818 -0.845723 0.43589 0.704976
0.34202 -0.939693 1.49012e-08 0.68139
0 -0 1 0.675284
0.05 -0.0866025 0.994987 0.654675
0.1 -0.173205 0.979796 0.659468
0.15 -0.259808 0.953939 0.692392
0.2 -0.34641 0.916515 0.703289
0.25 -0.433013 0.866025 0.706221
0.3 -0.519615 0.8 0.699614
0.35 -0.606218 0.714143 0.694377
0.4 -0.69282 0.6 0.701753
0.45 -0.779423 0.43589 0.708593
0.5 -0.866025 1.49012e-08 0.68139
0 -0 1 0.675284
0.0642788 -0.0766044 0.994987 0.657477
0.128558 -0.153209 0.979796 0.65591
0.192836 -0.229813 0.953939 0.69304
0.257115 -0.306418 0.916515 0.704479
0.321394 -0.383022 0.866025 0.704293
0.385673 -0.459627 0.8 0.701709
0.449951 -0.536231 0.714143 0.685554
0.51423 -0.612836 0.6 0.697313
0.578509 -0.68944 0.43589 0.705443
0.642788 -0.766044 1.49012e-08 0.68139
0 -0 1 0.675284
0.0766044 -0.0642788 0.994987 0.660896
0.153209 -0.128558 0.979796 0.657642
0.229813 -0.192836 0.953939 0.689706
0.306418 -0.257115 0.916515 0.702617
0.383022 -0.321394 0.866025 0.702155
0.459627 -0.385673 0.8 0.694531
0.536231 -0.449951 0.714143 0.654016
0.612836 -0.51423 0.6 0.6659
0.68944 -0.578509 0.43589 0.692432
0.766044 -0.642788 1.49012e-08 0.68139
0 -0 1 0.675284
0.0866025 -0.05 0.994987 0.664054
0.173205 -0.1 0.979796 0.665552
0.259808 -0.15 0.953939 0.685275
0.34641 -0.2 0.916515 0.693404
0.433013 -0.25 0.866025 0.689919
0.519615 -0.3 0.8 0.678206
0.606218 -0.35 0.714143 0.653218
0.69282 -0.4 0.6 0.648445
0.779423 -0.45 0.43589 0.655249
0.866025 -0.5 1.49012e-08 0.68139
0 -0 1 0.675284
0.0939693 -0.034202 0.994987 0.666357
0.187939 -0.068404 0.979796 0.669076
0.281908 -0.102606 0.953939 0.678713
0.375877 -0.136808 0.916515 0.681225
0.469846 -0.17101 0.866025 0.657098
0.563816 -0.205212 0.8 0.644253
0.657785 -0.239414 0.714143 0.664826
0.751754 -0.273616 0.6 0.685646
0.845723 -0.307818 0.43589 0.663962
0.939693 -0.34202 1.49012e-08 0.68139
0 -0 1 0.675284
0.0984808 -0.0173648 0.994987 0.66753
0.196962 -0.0347296 0.979796 0.668033
0.295442 -0.0520945 0.953939 0.667132
0.393923 -0.0694593 0.916515 0.671154
0.492404 -0.0868241 0.866025 0.66534
0.590885 -0.104189 0.8 0.662835
0.689365 -0.121554 0.714143 0.668167
0.787846 -0.138919 0.6 0.686612
0.886327 -0.156283 0.43589 0.698046
0.984808 -0.173648 1.49012e-08 0.68139
0 -0 1 0.675284
0.1 -2.44929e-17 0.994987 0.667647
0.2 -4.89859e-17 0.979796 0.663645
0.3 -7.34788e-17 0.953939 0.658568
0.4 -9.79717e-17 0.916515 0.660237
0.5 -1.22465e-16 0.866025 0.661972
0.6 -1.46958e-16 0.8 0.67903
0.7 -1.71451e-16 0.714143 0.681879
0.8 -1.95943e-16 0.6 0.672866
0.9 -2.20436e-16 0.43589 0.683648
1 -2.44929e-16 1.49012e-08 0.68139
