0 0 1 0.712605
0.1 0 0.994987 0.699984
0.2 0 0.979796 0.678675
0.3 0 0.953939 0.647026
0.4 0 0.916515 0.64857
0.5 0 0.866025 0.66955
0.6 0 0.8 0.682338
0.7 0 0.714143 0.682753
0.8 0 0.6 0.691754
0.9 0 0.43589 0.677473
1 0 1.49012e-08 0.675914
0 0 1 0.712605
0.0984808 0.0173648 0.994987 0.695393
0.196962 0.0347296 0.979796 0.667971
0.295442 0.0520945 0.953939 0.643402
0.393923 0.0694593 0.916515 0.665999
0.492404 0.0868241 0.866025 0.694969
0.590885 0.104189 0.8 0.701415
0.689365 0.121554 0.714143 0.687061
0.787846 0.138919 0.6 0.672419
0.886327 0.156283 0.43589 0.696106
0.984808 0.173648 1.49012e-08 0.675914
0 0 1 0.712605
0.0939693 0.034202 0.994987 0.690899
0.187939 0.068404 0.979796 0.656578
0.281908 0.102606 0.953939 0.636768
0.375877 0.136808 0.916515 0.674045
0.469846 0.17101 0.866025 0.703574
0.563816 0.205212 0.8 0.705066
0.657785 0.239414 0.714143 0.674205
0.751754 0.273616 0.6 0.688997
0.845723 0.307818 0.43589 0.599903
0.939693 0.34202 1.49012e-08 0.675914
0 0 1 0.712605
0.0866025 0.05 0.994987 0.686967
0.173205 0.1 0.979796 0.643564
0.259808 0.15 0.953939 0.63508
0.34641 0.2 0.916515 0.677987
0.433013 0.25 0.866025 0.705391
0.519615 0.3 0.8 0.702318
0.606218 0.35 0.714143 0.699119
0.69282 0.4 0.6 0.675152
0.779423 0.45 0.43589 0.591019
0.866025 0.5 1.49012e-08 0.675914
0 0 1 0.712605
0.0766044 0.0642788 0.994987 0.684187
0.153209 0.128558 0.979796 0.62801
0.229813 0.192836 0.953939 0.633436
0.306418 0.257115 0.916515 0.680504
0.383022 0.321394 0.866025 0.704449
0.459627 0.385673 0.8 0.685019
0.536231 0.449951 0.714143 0.697865
0.612836 0.51423 0.6 0.663516
0.68944 0.578509 0.43589 0.654636
0.766044 0.642788 1.49012e-08 0.675914
0 0 1 0.712605
0.0642788 0.0766044 0.994987 0.6832
0.128558 0.153209 0.979796 0.615227
0.192836 0.229813 0.953939 0.626742
0.257115 0.306418 0.916515 0.677812
0.321394 0.383022 0.866025 0.701733
0.385673 0.459627 0.8 0.691269
0.449951 0.536231 0.714143 0.696843
0.51423 0.612836 0.6 0.649633
0.578509 0.68944 0.43589 0.686257
0.642788 0.766044 1.49012e-08 0.675914
0 0 1 0.712605
0.05 0.0866025 0.994987 0.684471
0.1 0.173205 0.979796 0.631623
0.15 0.259808 0.953939 0.622757
0.2 0.34641 0.916515 0.672076
0.25 0.433013 0.866025 0.699203
0.3 0.519615 0.8 0.694955
0.35 0.606218 0.714143 0.688681
0.4 0.69282 0.6 0.635293
0.45 0.779423 0.43589 0.699483
0.5 0.866025 1.49012e-08 0.675914
0 0 1 0.712605
0.034202 0.0939693 0.994987 0.687403
0.068404 0.187939 0.979796 0.646004
0.102606 0.281908 0.953939 0.626297
0.136808 0.375877 0.916515 0.667548
0.17101 0.469846 0.866025 0.693764
0.205212 0.563816 0.8 0.689838
0.239414 0.657785 0.714143 0.677058
0.273616 0.751754 0.6 0.631984
0.307818 0.845723 0.43589 0.705663
0.34202 0.939693 1.49012e-08 0.675914
0 0 1 0.712605
0.0173648 0.0984808 0.994987 0.691366
0.0347296 0.196962 0.979796 0.658957
0.0520945 0.295442 0.953939 0.637213
0.0694593 0.393923 0.916515 0.658667
0.0868241 0.492404 0.866025 0.683923
0.104189 0.590885 0.8 0.679636
0.121554 0.689365 0.714143 0.667491
0.138919 0.787846 0.6 0.633889
0.156283 0.886327 0.43589 0.707657
0.173648 0.984808 1.49012e-08 0.675914
0 0 1 0.712605
6.12323e-18 0.1 0.994987 0.695787
1.22465e-17 0.2 0.979796 0.670858
1.83697e-17 0.3 0.953939 0.643446
2.44929e-17 0.4 0.916515 0.648084
3.06162e-17 0.5 0.866025 0.669221
3.67394e-17 0.6 0.8 0.665493
4.28626e-17 0.7 0.714143 0.654726
4.89859e-17 0.8 0.6 0.650666
5.51091e-17 0.9 0.43589 0.70635
6.12323e-17 1 1.49012e-08 0.675914
-0 0 1 0.712605
-0.0173648 0.0984808 0.994987 0.700229
-0.0347296 0.196962 0.979796 0.683268
-0.0520945 0.295442 0.953939 0.661115
-0.0694593 0.393923 0.916515 0.645432
-0.0868241 0.492404 0.866025 0.65263
-0.104189 0.590885 0.8 0.646283
-0.121554 0.689365 0.714143 0.630604
-0.138919 0.787846 0.6 0.647945
-0.156283 0.886327 0.43589 0.701991
-0.173648 0.984808 1.49012e-08 0.675914
-0 0 1 0.712605
-0.034202 0.0939693 0.994987 0.704359
-0.068404 0.187939 0.979796 0.695058
-0.102606 0.281908 0.953939 0.682828
-0.136808 0.375877 0.916515 0.666323
-0.17101 0.469846 0.866025 0.645479
-0.205212 0.563816 0.8 0.623797
-0.239414 0.657785 0.714143 0.579627
-0.273616 0.751754 0.6 0.627033
-0.307818 0.845723 0.43589 0.69199
-0.34202 0.939693 1.49012e-08 0.675914
-0 0 1 0.712605
-0.05 0.0866025 0.994987 0.707912
-0.1 0.173205 0.979796 0.704529
-0.15 0.259808 0.953939 0.699966
-0.2 0.34641 0.916515 0.687944
-0.25 0.433013 0.866025 0.66324
-0.3 0.519615 0.8 0.61739
-0.35 0.606218 0.714143 0.510605
-0.4 0.69282 0.6 0.575333
-0.45 0.779423 0.43589 0.677437
-0.5 0.866025 1.49012e-08 0.675914
-0 0 1 0.712605
-0.0642788 0.0766044 0.994987 0.710671
-0.128558 0.153209 0.979796 0.711649
-0.192836 0.229813 0.953939 0.710616
-0.257115 0.306418 0.916515 0.704022
-0.321394 0.383022 0.866025 0.684723
-0.385673 0.459627 0.8 0.639232
-0.449951 0.536231 0.714143 0.527777
-0.51423 0.612836 0.6 0.489673
-0.578509 0.68944 0.43589 0.662492
-0.642788 0.766044 1.49012e-08 0.675914
-0 0 1 0.712605
-0.0766044 0.0642788 0.994987 0.7125
-0.153209 0.128558 0.979796 0.715907
-0.229813 0.192836 0.953939 0.715863
-0.306418 0.257115 0.916515 0.710903
-0.383022 0.321394 0.866025 0.696196
-0.459627 0.385673 0.8 0.666966
-0.536231 0.449951 0.714143 0.597191
-0.612836 0.51423 0.6 0.462039
-0.68944 0.578509 0.43589 0.638681
-0.766044 0.642788 1.49012e-08 0.675914
-0 0 1 0.712605
-0.0866025 0.05 0.994987 0.713244
-0.173205 0.1 0.979796 0.71739
-0.259808 0.15 0.953939 0.718258
-0.34641 0.2 0.916515 0.709025
-0.433013 0.25 0.866025 0.693943
-0.519615 0.3 0.8 0.680865
-0.606218 0.35 0.714143 0.662764
-0.69282 0.4 0.6 0.589393
-0.779423 0.45 0.43589 0.608353
-0.866025 0.5 1.49012e-08 0.675914
-0 0 1 0.712605
-0.0939693 0.034202 0.994987 0.712877
-0.187939 0.068404 0.979796 0.718336
-0.281908 0.102606 0.953939 0.718283
-0.375877 0.136808 0.916515 0.703464
-0.469846 0.17101 0.866025 0.681914
-0.563816 0.205212 0.8 0.688155
-0.657785 0.239414 0.714143 0.700598
-0.751754 0.273616 0.6 0.661723
-0.845723 0.307818 0.43589 0.642573
-0.939693 0.34202 1.49012e-08 0.675914
-0 0 1 0.712605
-0.0984808 0.0173648 0.994987 0.711311
-0.196962 0.0347296 0.979796 0.717339
-0.295442 0.0520945 0.953939 0.717618
-0.393923 0.0694593 0.916515 0.697401
-0.492404 0.0868241 0.866025 0.671647
-0.590885 0.104189 0.8 0.690578
-0.689365 0.121554 0.714143 0.715234
-0.787846 0.138919 0.6 0.705395
-0.886327 0.156283 0.43589 0.635705
-0.984808 0.173648 1.49012e-08 0.675914
-0 0 1 0.712605
-0.1 1.22465e-17 0.994987 0.710087
-0.2 2.44929e-17 0.979796 0.714258
-0.3 3.67394e-17 0.953939 0.715896
-0.4 4.89859e-17 0.916515 0.699478
-0.5 6.12323e-17 0.866025 0.681999
-0.6 7.34788e-17 0.8 0.699523
-0.7 8.57253e-17 0.714143 0.719075
-0.8 9.79717e-17 0.6 0.717446
-0.9 1.10218e-16 0.43589 0.691277
-1 1.22465e-16 1.49012e-08 0.675914
-0 -0 1 0.712605
-0.0984808 -0.0173648 0.994987 0.71131
-0.196962 -0.0347296 0.979796 0.714067
-0.295442 -0.0520945 0.953939 0.712912
-0.393923 -0.0694593 0.916515 0.695703
-0.492404 -0.0868241 0.866025 0.676505
-0.590885 -0.104189 0.8 0.688185
-0.689365 -0.121554 0.714143 0.70727
-0.787846 -0.138919 0.6 0.708541
-0.886327 -0.156283 0.43589 0.709259
-0.984808 -0.173648 1.49012e-08 0.675914
-0 -0 1 0.712605
-0.0939693 -0.034202 0.994987 0.712968
-0.187939 -0.068404 0.979796 0.71485
-0.281908 -0.102606 0.953939 0.709957
-0.375877 -0.136808 0.916515 0.683601
-0.469846 -0.17101 0.866025 0.658979
-0.563816 -0.205212 0.8 0.669004
-0.657785 -0.239414 0.714143 0.692561
-0.751754 -0.273616 0.6 0.709436
-0.845723 -0.307818 0.43589 0.705263
-0.939693 -0.34202 1.49012e-08 0.675914
-0 -0 1 0.712605
-0.0866025 -0.05 0.994987 0.715091
-0.173205 -0.1 0.979796 0.716132
-0.259808 -0.15 0.953939 0.709251
-0.34641 -0.2 0.916515 0.680561
-0.433013 -0.25 0.866025 0.655356
-0.519615 -0.3 0.8 0.651222
-0.606218 -0.35 0.714143 0.664584
-0.69282 -0.4 0.6 0.693065
-0.779423 -0.45 0.43589 0.72007
-0.866025 -0.5 1.49012e-08 0.675914
-0 -0 1 0.712605
-0.0766044 -0.0642788 0.994987 0.717
-0.153209 -0.128558 0.979796 0.716654
-0.229813 -0.192836 0.953939 0.711239
-0.306418 -0.257115 0.916515 0.694557
-0.383022 -0.321394 0.866025 0.671909
-0.459627 -0.385673 0.8 0.650989
-0.536231 -0.449951 0.714143 0.640185
-0.612836 -0.51423 0.6 0.694259
-0.68944 -0.578509 0.43589 0.706917
-0.766044 -0.642788 1.49012e-08 0.675914
-0 -0 1 0.712605
-0.0642788 -0.0766044 0.994987 0.718407
-0.128558 -0.153209 0.979796 0.7176
-0.192836 -0.229813 0.953939 0.714567
-0.257115 -0.306418 0.916515 0.703875
-0.321394 -0.383022 0.866025 0.686879
-0.385673 -0.459627 0.8 0.666014
-0.449951 -0.536231 0.714143 0.664036
-0.51423 -0.612836 0.6 0.678041
-0.578509 -0.68944 0.43589 0.680581
-0.642788 -0.766044 1.49012e-08 0.675914
-0 -0 1 0.712605
-0.05 -0.0866025 0.994987 0.719365
-0.1 -0.173205 0.979796 0.718113
-0.15 -0.259808 0.953939 0.716065
-0.2 -0.34641 0.916515 0.707028
-0.25 -0.433013 0.866025 0.689479
-0.3 -0.519615 0.8 0.686117
-0.35 -0.606218 0.714143 0.690934
-0.4 -0.69282 0.6 0.681318
-0.45 -0.779423 0.43589 0.656035
-0.5 -0.866025 1.49012e-08 0.675914
-0 -0 1 0.712605
-0.034202 -0.0939693 0.994987 0.719811
-0.068404 -0.187939 0.979796 0.717523
-0.102606 -0.281908 0.953939 0.715954
-0.136808 -0.375877 0.916515 0.706904
-0.17101 -0.469846 0.866025 0.700103
-0.205212 -0.563816 0.8 0.708713
-0.239414 -0.657785 0.714143 0.710581
-0.273616 -0.751754 0.6 0.698867
-0.307818 -0.845723 0.43589 0.649964
-0.34202 -0.939693 1.49012e-08 0.675914
-0 -0 1 0.712605
-0.0173648 -0.0984808 0.994987 0.720001
-0.0347296 -0.196962 0.979796 0.718479
-0.0520945 -0.295442 0.953939 0.71438
-0.0694593 -0.393923 0.916515 0.701127
-0.0868241 -0.492404 0.866025 0.704553
-0.104189 -0.590885 0.8 0.717529
-0.121554 -0.689365 0.714143 0.720445
-0.138919 -0.787846 0.6 0.709314
-0.156283 -0.886327 0.43589 0.666174
-0.173648 -0.984808 1.49012e-08 0.675914
-0 -0 1 0.712605
-1.83697e-17 -0.1 0.994987 0.720179
-3.67394e-17 -0.2 0.979796 0.718354
-5.51091e-17 -0.3 0.953939 0.711389
-7.34788e-17 -0.4 0.916515 0.687641
-9.18485e-17 -0.5 0.866025 0.705928
-1.10218e-16 -0.6 0.8 0.719401
-1.28588e-16 -0.7 0.714143 0.722701
-1.46958e-16 -0.8 0.6 0.713997
-1.65327e-16 -0.9 0.43589 0.68035
-1.83697e-16 -1 1.49012e-08 0.675914
0 -0 1 0.712605
0.0173648 -0.0984808 0.994987 0.720117
0.0347296 -0.196962 0.979796 0.717397
0.0520945 -0.295442 0.953939 0.711408
0.0694593 -0.393923 0.916515 0.688619
0.0868241 -0.492404 0.866025 0.708365
0.104189 -0.590885 0.8 0.714493
0.121554 -0.689365 0.714143 0.720602
0.138919 -0.787846 0.6 0.713553
0.156283 -0.886327 0.43589 0.687062
0.173648 -0.984808 1.49012e-08 0.675914
0 -0 1 0.712605
0.034202 -0.0939693 0.994987 0.719446
0.068404 -0.187939 0.979796 0.71751
0.102606 -0.281908 0.953939 0.71323
0.136808 -0.375877 0.916515 0.694791
0.17101 -0.469846 0.866025 0.709365
0.205212 -0.563816 0.8 0.714368
0.239414 -0.657785 0.714143 0.711762
0.273616 -0.751754 0.6 0.705046
0.307818 -0.845723 0.43589 0.697755
0.34202 -0.939693 1.49012e-08 0.675914
0 -0 1 0.712605
0.05 -0.0866025 0.994987 0.718061
0.1 -0.173205 0.979796 0.717405
0.15 -0.259808 0.953939 0.713681
0.2 -0.34641 0.916515 0.699903
0.25 -0.433013 0.866025 0.708413
0.3 -0.519615 0.8 0.714534
0.35 -0.606218 0.714143 0.711537
0.4 -0.69282 0.6 0.695146
0.45 -0.779423 0.43589 0.704535
0.5 -0.866025 1.49012e-08 0.675914
0 -0 1 0.712605
0.0642788 -0.0766044 0.994987 0.715963
0.128558 -0.153209 0.979796 0.715703
0.192836 -0.229813 0.953939 0.711063
0.257115 -0.306418 0.916515 0.700258
0.321394 -0.383022 0.866025 0.70074
0.385673 -0.459627 0.8 0.707287
0.449951 -0.536231 0.714143 0.70381
0.51423 -0.612836 0.6 0.693941
0.578509 -0.68944 0.43589 0.708429
0.642788 -0.766044 1.49012e-08 0.675914
0 -0 1 0.712605
0.0766044 -0.0642788 0.994987 0.714042
0.153209 -0.128558 0.979796 0.712272
0.229813 -0.192836 0.953939 0.704125
0.306418 -0.257115 0.916515 0.688178
0.383022 -0.321394 0.866025 0.6826
0.459627 -0.385673 0.8 0.684394
0.536231 -0.449951 0.714143 0.684824
0.612836 -0.51423 0.6 0.687938
0.68944 -0.578509 0.43589 0.714104
0.766044 -0.642788 1.49012e-08 0.675914
0 -0 1 0.712605
0.0866025 -0.05 0.994987 0.711491
0.173205 -0.1 0.979796 0.706734
0.259808 -0.15 0.953939 0.693648
0.34641 -0.2 0.916515 0.665457
0.433013 -0.25 0.866025 0.645242
0.519615 -0.3 0.8 0.634251
0.606218 -0.35 0.714143 0.629276
0.69282 -0.4 0.6 0.637142
0.779423 -0.45 0.43589 0.700751
0.866025 -0.5 1.49012e-08 0.675914
0 -0 1 0.712605
0.0939693 -0.034202 0.994987 0.708231
0.187939 -0.068404 0.979796 0.698907
0.281908 -0.102606 0.953939 0.680572
0.375877 -0.136808 0.916515 0.648792
0.469846 -0.17101 0.866025 0.60503
0.563816 -0.205212 0.8 0.596896
0.657785 -0.239414 0.714143 0.595032
0.751754 -0.273616 0.6 0.598343
0.845723 -0.307818 0.43589 0.641168
0.939693 -0.34202 1.49012e-08 0.675914
0 -0 1 0.712605
0.0984808 -0.0173648 0.994987 0.704344
0.196962 -0.0347296 0.979796 0.68936
0.295442 -0.0520945 0.953939 0.664183
0.393923 -0.0694593 0.916515 0.642325
0.492404 -0.0868241 0.866025 0.621317
0.590885 -0.104189 0.8 0.627726
0.689365 -0.121554 0.714143 0.662739
0.787846 -0.138919 0.6 0.681443
0.886327 -0.156283 0.43589 0.690968
0.984808 -0.173648 1.49012e-08 0.675914
0 -0 1 0.712605
0.1 -2.44929e-17 0.994987 0.699984
0.2 -4.89859e-17 0.979796 0.678675
0.3 -7.34788e-17 0.953939 0.647026
0.4 -9.79717e-17 0.916515 0.64857
0.5 -1.22465e-16 0.866025 0.66955
0.6 -1.46958e-16 0.8 0.682338
0.7 -1.71451e-16 0.714143 0.682753
0.8 -1.95943e-16 0.6 0.691754
0.9 -2.20436e-16 0.43589 0.677473
1 -2.44929e-16 1.49012e-08 0.675914
