0 0 1 0.687473
0.1 0 0.994987 0.693125
0.2 0 0.979796 0.700523
0.3 0 0.953939 0.703004
0.4 0 0.916515 0.70321
0.5 0 0.866025 0.69997
0.6 0 0.8 0.694814
0.7 0 0.714143 0.678875
0.8 0 0.6 0.672871
0.9 0 0.43589 0.701464
1 0 1.49012e-08 0.612026
0 0 1 0.687473
0.0984808 0.0173648 0.994987 0.697482
0.196962 0.0347296 0.979796 0.701897
0.295442 0.0520945 0.953939 0.696187
0.393923 0.0694593 0.916515 0.680579
0.492404 0.0868241 0.866025 0.665306
0.590885 0.104189 0.8 0.667567
0.689365 0.121554 0.714143 0.677113
0.787846 0.138919 0.6 0.714716
0.886327 0.156283 0.43589 0.721608
0.984808 0.173648 1.49012e-08 0.612026
0 0 1 0.687473
0.0939693 0.034202 0.994987 0.70103
0.187939 0.068404 0.979796 0.701828
0.281908 0.102606 0.953939 0.691628
0.375877 0.136808 0.916515 0.656043
0.469846 0.17101 0.866025 0.62347
0.563816 0.205212 0.8 0.642431
0.657785 0.239414 0.714143 0.682994
0.751754 0.273616 0.6 0.709166
0.845723 0.307818 0.43589 0.701549
0.939693 0.34202 1.49012e-08 0.612026
0 0 1 0.687473
0.0866025 0.05 0.994987 0.703866
0.173205 0.1 0.979796 0.705341
0.259808 0.15 0.953939 0.688645
0.34641 0.2 0.916515 0.647716
0.433013 0.25 0.866025 0.617702
0.519615 0.3 0.8 0.626891
0.606218 0.35 0.714143 0.68945
0.69282 0.4 0.6 0.700904
0.779423 0.45 0.43589 0.714377
0.866025 0.5 1.49012e-08 0.612026
0 0 1 0.687473
0.0766044 0.0642788 0.994987 0.706057
0.153209 0.128558 0.979796 0.708279
0.229813 0.192836 0.953939 0.690161
0.306418 0.257115 0.916515 0.656272
0.383022 0.321394 0.866025 0.643028
0.459627 0.385673 0.8 0.668918
0.536231 0.449951 0.714143 0.708016
0.612836 0.51423 0.6 0.721399
0.68944 0.578509 0.43589 0.712155
0.766044 0.642788 1.49012e-08 0.612026
0 0 1 0.687473
0.0642788 0.0766044 0.994987 0.707727
0.128558 0.153209 0.979796 0.710739
0.192836 0.229813 0.953939 0.693473
0.257115 0.306418 0.916515 0.667493
0.321394 0.383022 0.866025 0.668509
0.385673 0.459627 0.8 0.693135
0.449951 0.536231 0.714143 0.712996
0.51423 0.612836 0.6 0.717398
0.578509 0.68944 0.43589 0.712626
0.642788 0.766044 1.49012e-08 0.612026
0 0 1 0.687473
0.05 0.0866025 0.994987 0.709138
0.1 0.173205 0.979796 0.712804
0.15 0.259808 0.953939 0.695864
0.2 0.34641 0.916515 0.666087
0.25 0.433013 0.866025 0.679903
0.3 0.519615 0.8 0.702
0.35 0.606218 0.714143 0.715657
0.4 0.69282 0.6 0.709498
0.45 0.779423 0.43589 0.713141
0.5 0.866025 1.49012e-08 0.612026
0 0 1 0.687473
0.034202 0.0939693 0.994987 0.710291
0.068404 0.187939 0.979796 0.714408
0.102606 0.281908 0.953939 0.699543
0.136808 0.375877 0.916515 0.672862
0.17101 0.469846 0.866025 0.68217
0.205212 0.563816 0.8 0.707334
0.239414 0.657785 0.714143 0.720839
0.273616 0.751754 0.6 0.706839
0.307818 0.845723 0.43589 0.70172
0.34202 0.939693 1.49012e-08 0.612026
0 0 1 0.687473
0.0173648 0.0984808 0.994987 0.710925
0.0347296 0.196962 0.979796 0.715359
0.0520945 0.295442 0.953939 0.704035
0.0694593 0.393923 0.916515 0.676135
0.0868241 0.492404 0.866025 0.671585
0.104189 0.590885 0.8 0.704853
0.121554 0.689365 0.714143 0.71915
0.138919 0.787846 0.6 0.701551
0.156283 0.886327 0.43589 0.71507
0.173648 0.984808 1.49012e-08 0.612026
0 0 1 0.687473
6.12323e-18 0.1 0.994987 0.711079
1.22465e-17 0.2 0.979796 0.715633
1.83697e-17 0.3 0.953939 0.708094
2.44929e-17 0.4 0.916515 0.677662
3.06162e-17 0.5 0.866025 0.670279
3.67394e-17 0.6 0.8 0.699533
4.28626e-17 0.7 0.714143 0.713339
4.89859e-17 0.8 0.6 0.713827
5.51091e-17 0.9 0.43589 0.720345
6.12323e-17 1 1.49012e-08 0.612026
-0 0 1 0.687473
-0.0173648 0.0984808 0.994987 0.710995
-0.0347296 0.196962 0.979796 0.71529
-0.0520945 0.295442 0.953939 0.711271
-0.0694593 0.393923 0.916515 0.689802
-0.0868241 0.492404 0.866025 0.671552
-0.104189 0.590885 0.8 0.687571
-0.121554 0.689365 0.714143 0.701229
-0.138919 0.787846 0.6 0.713927
-0.156283 0.886327 0.43589 0.7178
-0.173648 0.984808 1.49012e-08 0.612026
-0 0 1 0.687473
-0.034202 0.0939693 0.994987 0.710885
-0.068404 0.187939 0.979796 0.714341
-0.102606 0.281908 0.953939 0.712047
-0.136808 0.375877 0.916515 0.695729
-0.17101 0.469846 0.866025 0.664397
-0.205212 0.563816 0.8 0.669267
-0.239414 0.657785 0.714143 0.683443
-0.273616 0.751754 0.6 0.704864
-0.307818 0.845723 0.43589 0.705817
-0.34202 0.939693 1.49012e-08 0.612026
-0 0 1 0.687473
-0.05 0.0866025 0.994987 0.71091
-0.1 0.173205 0.979796 0.71423
-0.15 0.259808 0.953939 0.710294
-0.2 0.34641 0.916515 0.698863
-0.25 0.433013 0.866025 0.666825
-0.3 0.519615 0.8 0.642202
-0.35 0.606218 0.714143 0.643795
-0.4 0.69282 0.6 0.683309
-0.45 0.779423 0.43589 0.681801
-0.5 0.866025 1.49012e-08 0.612026
-0 0 1 0.687473
-0.0642788 0.0766044 0.994987 0.71103
-0.128558 0.153209 0.979796 0.713681
-0.192836 0.229813 0.953939 0.710633
-0.257115 0.306418 0.916515 0.700679
-0.321394 0.383022 0.866025 0.670815
-0.385673 0.459627 0.8 0.623831
-0.449951 0.536231 0.714143 0.566512
-0.51423 0.612836 0.6 0.653256
-0.578509 0.68944 0.43589 0.680448
-0.642788 0.766044 1.49012e-08 0.612026
-0 0 1 0.687473
-0.0766044 0.0642788 0.994987 0.710736
-0.153209 0.128558 0.979796 0.71463
-0.229813 0.192836 0.953939 0.710972
-0.306418 0.257115 0.916515 0.699901
-0.383022 0.321394 0.866025 0.67558
-0.459627 0.385673 0.8 0.644704
-0.536231 0.449951 0.714143 0.588415
-0.612836 0.51423 0.6 0.634335
-0.68944 0.578509 0.43589 0.688425
-0.766044 0.642788 1.49012e-08 0.612026
-0 0 1 0.687473
-0.0866025 0.05 0.994987 0.709927
-0.173205 0.1 0.979796 0.713421
-0.259808 0.15 0.953939 0.7058
-0.34641 0.2 0.916515 0.691437
-0.433013 0.25 0.866025 0.681395
-0.519615 0.3 0.8 0.679832
-0.606218 0.35 0.714143 0.669263
-0.69282 0.4 0.6 0.657597
-0.779423 0.45 0.43589 0.69334
-0.866025 0.5 1.49012e-08 0.612026
-0 0 1 0.687473
-0.0939693 0.034202 0.994987 0.708712
-0.187939 0.068404 0.979796 0.710315
-0.281908 0.102606 0.953939 0.695236
-0.375877 0.136808 0.916515 0.668974
-0.469846 0.17101 0.866025 0.673128
-0.563816 0.205212 0.8 0.691839
-0.657785 0.239414 0.714143 0.700179
-0.751754 0.273616 0.6 0.69374
-0.845723 0.307818 0.43589 0.663498
-0.939693 0.34202 1.49012e-08 0.612026
-0 0 1 0.687473
-0.0984808 0.0173648 0.994987 0.707156
-0.196962 0.0347296 0.979796 0.706603
-0.295442 0.0520945 0.953939 0.683761
-0.393923 0.0694593 0.916515 0.659549
-0.492404 0.0868241 0.866025 0.669307
-0.590885 0.104189 0.8 0.699633
-0.689365 0.121554 0.714143 0.692923
-0.787846 0.138919 0.6 0.684307
-0.886327 0.156283 0.43589 0.694326
-0.984808 0.173648 1.49012e-08 0.612026
-0 0 1 0.687473
-0.1 1.22465e-17 0.994987 0.705388
-0.2 2.44929e-17 0.979796 0.704195
-0.3 3.67394e-17 0.953939 0.680326
-0.4 4.89859e-17 0.916515 0.673059
-0.5 6.12323e-17 0.866025 0.688454
-0.6 7.34788e-17 0.8 0.700608
-0.7 8.57253e-17 0.714143 0.698198
-0.8 9.79717e-17 0.6 0.672546
-0.9 1.10218e-16 0.43589 0.622795
-1 1.22465e-16 1.49012e-08 0.612026
-0 -0 1 0.687473
-0.0984808 -0.0173648 0.994987 0.70353
-0.196962 -0.0347296 0.979796 0.70328
-0.295442 -0.0520945 0.953939 0.687702
-0.393923 -0.0694593 0.916515 0.675161
-0.492404 -0.0868241 0.866025 0.682763
-0.590885 -0.104189 0.8 0.683052
-0.689365 -0.121554 0.714143 0.66491
-0.787846 -0.138919 0.6 0.635522
-0.886327 -0.156283 0.43589 0.705804
-0.984808 -0.173648 1.49012e-08 0.612026
-0 -0 1 0.687473
-0.0939693 -0.034202 0.994987 0.70193
-0.187939 -0.068404 0.979796 0.702496
-0.281908 -0.102606 0.953939 0.689511
-0.375877 -0.136808 0.916515 0.668705
-0.469846 -0.17101 0.866025 0.657022
-0.563816 -0.205212 0.8 0.635286
-0.657785 -0.239414 0.714143 0.632547
-0.751754 -0.273616 0.6 0.692773
-0.845723 -0.307818 0.43589 0.707094
-0.939693 -0.34202 1.49012e-08 0.612026
-0 -0 1 0.687473
-0.0866025 -0.05 0.994987 0.700259
-0.173205 -0.1 0.979796 0.701663
-0.259808 -0.15 0.953939 0.686797
-0.34641 -0.2 0.916515 0.659161
-0.433013 -0.25 0.866025 0.614854
-0.519615 -0.3 0.8 0.560991
-0.606218 -0.35 0.714143 0.639771
-0.69282 -0.4 0.6 0.698695
-0.779423 -0.45 0.43589 0.700675
-0.866025 -0.5 1.49012e-08 0.612026
-0 -0 1 0.687473
-0.0766044 -0.0642788 0.994987 0.698225
-0.153209 -0.128558 0.979796 0.699474
-0.229813 -0.192836 0.953939 0.683068
-0.306418 -0.257115 0.916515 0.645043
-0.383022 -0.321394 0.866025 0.581752
-0.459627 -0.385673 0.8 0.552361
-0.536231 -0.449951 0.714143 0.646033
-0.612836 -0.51423 0.6 0.698903
-0.68944 -0.578509 0.43589 0.716951
-0.766044 -0.642788 1.49012e-08 0.612026
-0 -0 1 0.687473
-0.0642788 -0.0766044 0.994987 0.695855
-0.128558 -0.153209 0.979796 0.696716
-0.192836 -0.229813 0.953939 0.680294
-0.257115 -0.306418 0.916515 0.637604
-0.321394 -0.383022 0.866025 0.560054
-0.385673 -0.459627 0.8 0.538721
-0.449951 -0.536231 0.714143 0.648167
-0.51423 -0.612836 0.6 0.700982
-0.578509 -0.68944 0.43589 0.712834
-0.642788 -0.766044 1.49012e-08 0.612026
-0 -0 1 0.687473
-0.05 -0.0866025 0.994987 0.692979
-0.1 -0.173205 0.979796 0.694519
-0.15 -0.259808 0.953939 0.68011
-0.2 -0.34641 0.916515 0.640858
-0.25 -0.433013 0.866025 0.56637
-0.3 -0.519615 0.8 0.555734
-0.35 -0.606218 0.714143 0.648044
-0.4 -0.69282 0.6 0.687676
-0.45 -0.779423 0.43589 0.698155
-0.5 -0.866025 1.49012e-08 0.612026
-0 -0 1 0.687473
-0.034202 -0.0939693 0.994987 0.689382
-0.068404 -0.187939 0.979796 0.692025
-0.102606 -0.281908 0.953939 0.682376
-0.136808 -0.375877 0.916515 0.650194
-0.17101 -0.469846 0.866025 0.585648
-0.205212 -0.563816 0.8 0.564774
-0.239414 -0.657785 0.714143 0.65017
-0.273616 -0.751754 0.6 0.681058
-0.307818 -0.845723 0.43589 0.676952
-0.34202 -0.939693 1.49012e-08 0.612026
-0 -0 1 0.687473
-0.0173648 -0.0984808 0.994987 0.684933
-0.0347296 -0.196962 0.979796 0.69152
-0.0520945 -0.295442 0.953939 0.686455
-0.0694593 -0.393923 0.916515 0.66318
-0.0868241 -0.492404 0.866025 0.612844
-0.104189 -0.590885 0.8 0.601715
-0.121554 -0.689365 0.714143 0.659105
-0.138919 -0.787846 0.6 0.685738
-0.156283 -0.886327 0.43589 0.667257
-0.173648 -0.984808 1.49012e-08 0.612026
-0 -0 1 0.687473
-1.83697e-17 -0.1 0.994987 0.679552
-3.67394e-17 -0.2 0.979796 0.693726
-5.51091e-17 -0.3 0.953939 0.692725
-7.34788e-17 -0.4 0.916515 0.676743
-9.18485e-17 -0.5 0.866025 0.63595
-1.10218e-16 -0.6 0.8 0.631921
-1.28588e-16 -0.7 0.714143 0.672771
-1.46958e-16 -0.8 0.6 0.699535
-1.65327e-16 -0.9 0.43589 0.68547
-1.83697e-16 -1 1.49012e-08 0.612026
0 -0 1 0.687473
0.0173648 -0.0984808 0.994987 0.674101
0.0347296 -0.196962 0.979796 0.695145
0.0520945 -0.295442 0.953939 0.69867
0.0694593 -0.393923 0.916515 0.688515
0.0868241 -0.492404 0.866025 0.654702
0.104189 -0.590885 0.8 0.637492
0.121554 -0.689365 0.714143 0.67803
0.138919 -0.787846 0.6 0.704852
0.156283 -0.886327 0.43589 0.70149
0.173648 -0.984808 1.49012e-08 0.612026
0 -0 1 0.687473
0.034202 -0.0939693 0.994987 0.673775
0.068404 -0.187939 0.979796 0.694306
0.102606 -0.281908 0.953939 0.703569
0.136808 -0.375877 0.916515 0.698025
0.17101 -0.469846 0.866025 0.666619
0.205212 -0.563816 0.8 0.623118
0.239414 -0.657785 0.714143 0.671046
0.273616 -0.751754 0.6 0.704774
0.307818 -0.845723 0.43589 0.711854
0.34202 -0.939693 1.49012e-08 0.612026
0 -0 1 0.687473
0.05 -0.0866025 0.994987 0.674379
0.1 -0.173205 0.979796 0.690389
0.15 -0.259808 0.953939 0.704959
0.2 -0.34641 0.916515 0.705053
0.25 -0.433013 0.866025 0.679948
0.3 -0.519615 0.8 0.629597
0.35 -0.606218 0.714143 0.654147
0.4 -0.69282 0.6 0.702829
0.45 -0.779423 0.43589 0.711228
0.5 -0.866025 1.49012e-08 0.612026
0 -0 1 0.687473
0.0642788 -0.0766044 0.994987 0.674193
0.128558 -0.153209 0.979796 0.684467
0.192836 -0.229813 0.953939 0.702855
0.257115 -0.306418 0.916515 0.708341
0.321394 -0.383022 0.866025 0.694601
0.385673 -0.459627 0.8 0.642745
0.449951 -0.536231 0.714143 0.608362
0.51423 -0.612836 0.6 0.688097
0.578509 -0.68944 0.43589 0.697699
0.642788 -0.766044 1.49012e-08 0.612026
0 -0 1 0.687473
0.0766044 -0.0642788 0.994987 0.673765
0.153209 -0.128558 0.979796 0.679265
0.229813 -0.192836 0.953939 0.700128
0.306418 -0.257115 0.916515 0.712772
0.383022 -0.321394 0.866025 0.707978
0.459627 -0.385673 0.8 0.680916
0.536231 -0.449951 0.714143 0.608778
0.612836 -0.51423 0.6 0.650166
0.68944 -0.578509 0.43589 0.708575
0.766044 -0.642788 1.49012e-08 0.612026
0 -0 1 0.687473
0.0866025 -0.05 0.994987 0.675903
0.173205 -0.1 0.979796 0.679427
0.259808 -0.15 0.953939 0.699138
0.34641 -0.2 0.916515 0.711655
0.433013 -0.25 0.866025 0.71038
0.519615 -0.3 0.8 0.706527
0.606218 -0.35 0.714143 0.681114
0.69282 -0.4 0.6 0.63098
0.779423 -0.45 0.43589 0.700327
0.866025 -0.5 1.49012e-08 0.612026
0 -0 1 0.687473
0.0939693 -0.034202 0.994987 0.68184
0.187939 -0.068404 0.979796 0.689492
0.281908 -0.102606 0.953939 0.703341
0.375877 -0.136808 0.916515 0.711798
0.469846 -0.17101 0.866025 0.703779
0.563816 -0.205212 0.8 0.709584
0.657785 -0.239414 0.714143 0.709036
0.751754 -0.273616 0.6 0.678263
0.845723 -0.307818 0.43589 0.656984
0.939693 -0.34202 1.49012e-08 0.612026
0 -0 1 0.687473
0.0984808 -0.0173648 0.994987 0.687877
0.196962 -0.0347296 0.979796 0.696691
0.295442 -0.0520945 0.953939 0.705961
0.393923 -0.0694593 0.916515 0.713351
0.492404 -0.0868241 0.866025 0.713408
0.590885 -0.104189 0.8 0.715783
0.689365 -0.121554 0.714143 0.710395
0.787846 -0.138919 0.6 0.696138
0.886327 -0.156283 0.43589 0.62993
0.984808 -0.173648 1.49012e-08 0.612026
0 -0 1 0.687473
0.1 -2.44929e-17 0.994987 0.693125
0.2 -4.89859e-17 0.979796 0.700523
0.3 -7.34788e-17 0.953939 0.703004
0.4 -9.79717e-17 0.916515 0.70321
0.5 -1.22465e-16 0.866025 0.69997
0.6 -1.46958e-16 0.8 0.694814
0.7 -1.71451e-16 0.714143 0.678875
0.8 -1.95943e-16 0.6 0.672871
0.9 -2.20436e-16 0.43589 0.701464
1 -2.44929e-16 1.49012e-08 0.612026
