0 0 1 0.658881
0.1 0 0.994987 0.656172
0.2 0 0.979796 0.647746
0.3 0 0.953939 0.607714
0.4 0 0.916515 0.604096
0.5 0 0.866025 0.647865
0.6 0 0.8 0.658608
0.7 0 0.714143 0.678969
0.8 0 0.6 0.690866
0.9 0 0.43589 0.685861
1 0 1.49012e-08 0.705989
0 0 1 0.658881
0.0984808 0.0173648 0.994987 0.651475
0.196962 0.0347296 0.979796 0.639587
0.295442 0.0520945 0.953939 0.61151
0.393923 0.0694593 0.916515 0.629984
0.492404 0.0868241 0.866025 0.679044
0.590885 0.104189 0.8 0.701159
0.689365 0.121554 0.714143 0.712941
0.787846 0.138919 0.6 0.718176
0.886327 0.156283 0.43589 0.720334
0.984808 0.173648 1.49012e-08 0.705989
0 0 1 0.658881
0.0939693 0.034202 0.994987 0.646655
0.187939 0.068404 0.979796 0.633079
0.281908 0.102606 0.953939 0.630888
0.375877 0.136808 0.916515 0.66517
0.469846 0.17101 0.866025 0.701028
0.563816 0.205212 0.8 0.716498
0.657785 0.239414 0.714143 0.709553
0.751754 0.273616 0.6 0.706304
0.845723 0.307818 0.43589 0.71559
0.939693 0.34202 1.49012e-08 0.705989
0 0 1 0.658881
0.0866025 0.05 0.994987 0.641952
0.173205 0.1 0.979796 0.628837
0.259808 0.15 0.953939 0.645756
0.34641 0.2 0.916515 0.682935
0.433013 0.25 0.866025 0.706985
0.519615 0.3 0.8 0.719048
0.606218 0.35 0.714143 0.715112
0.69282 0.4 0.6 0.710195
0.779423 0.45 0.43589 0.68711
0.866025 0.5 1.49012e-08 0.705989
0 0 1 0.658881
0.0766044 0.0642788 0.994987 0.63756
0.153209 0.128558 0.979796 0.621846
0.229813 0.192836 0.953939 0.652214
0.306418 0.257115 0.916515 0.687723
0.383022 0.321394 0.866025 0.708547
0.459627 0.385673 0.8 0.715946
0.536231 0.449951 0.714143 0.713353
0.612836 0.51423 0.6 0.713382
0.68944 0.578509 0.43589 0.719353
0.766044 0.642788 1.49012e-08 0.705989
0 0 1 0.658881
0.0642788 0.0766044 0.994987 0.633995
0.128558 0.153209 0.979796 0.608843
0.192836 0.229813 0.953939 0.651011
0.257115 0.306418 0.916515 0.687265
0.321394 0.383022 0.866025 0.700093
0.385673 0.459627 0.8 0.709061
0.449951 0.536231 0.714143 0.705766
0.51423 0.612836 0.6 0.711325
0.578509 0.68944 0.43589 0.720379
0.642788 0.766044 1.49012e-08 0.705989
0 0 1 0.658881
0.05 0.0866025 0.994987 0.632809
0.1 0.173205 0.979796 0.594219
0.15 0.259808 0.953939 0.648968
0.2 0.34641 0.916515 0.685727
0.25 0.433013 0.866025 0.689468
0.3 0.519615 0.8 0.689367
0.35 0.606218 0.714143 0.675444
0.4 0.69282 0.6 0.708671
0.45 0.779423 0.43589 0.719098
0.5 0.866025 1.49012e-08 0.705989
0 0 1 0.658881
0.034202 0.0939693 0.994987 0.635893
0.068404 0.187939 0.979796 0.614958
0.102606 0.281908 0.953939 0.654742
0.136808 0.375877 0.916515 0.68688
0.17101 0.469846 0.866025 0.68385
0.205212 0.563816 0.8 0.678882
0.239414 0.657785 0.714143 0.675428
0.273616 0.751754 0.6 0.709238
0.307818 0.845723 0.43589 0.714248
0.34202 0.939693 1.49012e-08 0.705989
0 0 1 0.658881
0.0173648 0.0984808 0.994987 0.64054
0.0347296 0.196962 0.979796 0.63452
0.0520945 0.295442 0.953939 0.665398
0.0694593 0.393923 0.916515 0.69329
0.0868241 0.492404 0.866025 0.697662
0.104189 0.590885 0.8 0.682703
0.121554 0.689365 0.714143 0.687857
0.138919 0.787846 0.6 0.705856
0.156283 0.886327 0.43589 0.703723
0.173648 0.984808 1.49012e-08 0.705989
0 0 1 0.658881
6.12323e-18 0.1 0.994987 0.645291
1.22465e-17 0.2 0.979796 0.648453
1.83697e-17 0.3 0.953939 0.672852
2.44929e-17 0.4 0.916515 0.695878
3.06162e-17 0.5 0.866025 0.705414
3.67394e-17 0.6 0.8 0.70102
4.28626e-17 0.7 0.714143 0.693603
4.89859e-17 0.8 0.6 0.690844
5.51091e-17 0.9 0.43589 0.694777
6.12323e-17 1 1.49012e-08 0.705989
-0 0 1 0.658881
-0.0173648 0.0984808 0.994987 0.649536
-0.0347296 0.196962 0.979796 0.656917
-0.0520945 0.295442 0.953939 0.678552
-0.0694593 0.393923 0.916515 0.694301
-0.0868241 0.492404 0.866025 0.703758
-0.104189 0.590885 0.8 0.708346
-0.121554 0.689365 0.714143 0.689586
-0.138919 0.787846 0.6 0.685015
-0.156283 0.886327 0.43589 0.698196
-0.173648 0.984808 1.49012e-08 0.705989
-0 0 1 0.658881
-0.034202 0.0939693 0.994987 0.653131
-0.068404 0.187939 0.979796 0.660088
-0.102606 0.281908 0.953939 0.681171
-0.136808 0.375877 0.916515 0.695025
-0.17101 0.469846 0.866025 0.69566
-0.205212 0.563816 0.8 0.707039
-0.239414 0.657785 0.714143 0.699387
-0.273616 0.751754 0.6 0.699639
-0.307818 0.845723 0.43589 0.70124
-0.34202 0.939693 1.49012e-08 0.705989
-0 0 1 0.658881
-0.05 0.0866025 0.994987 0.656586
-0.1 0.173205 0.979796 0.658754
-0.15 0.259808 0.953939 0.676347
-0.2 0.34641 0.916515 0.690984
-0.25 0.433013 0.866025 0.693584
-0.3 0.519615 0.8 0.692849
-0.35 0.606218 0.714143 0.702444
-0.4 0.69282 0.6 0.711754
-0.45 0.779423 0.43589 0.704102
-0.5 0.866025 1.49012e-08 0.705989
-0 0 1 0.658881
-0.0642788 0.0766044 0.994987 0.660361
-0.128558 0.153209 0.979796 0.656167
-0.192836 0.229813 0.953939 0.662363
-0.257115 0.306418 0.916515 0.683067
-0.321394 0.383022 0.866025 0.69076
-0.385673 0.459627 0.8 0.694759
-0.449951 0.536231 0.714143 0.696154
-0.51423 0.612836 0.6 0.707314
-0.578509 0.68944 0.43589 0.706411
-0.642788 0.766044 1.49012e-08 0.705989
-0 0 1 0.658881
-0.0766044 0.0642788 0.994987 0.664309
-0.153209 0.128558 0.979796 0.652546
-0.229813 0.192836 0.953939 0.637013
-0.306418 0.257115 0.916515 0.672507
-0.383022 0.321394 0.866025 0.684671
-0.459627 0.385673 0.8 0.698573
-0.536231 0.449951 0.714143 0.706084
-0.612836 0.51423 0.6 0.67772
-0.68944 0.578509 0.43589 0.705664
-0.766044 0.642788 1.49012e-08 0.705989
-0 0 1 0.658881
-0.0866025 0.05 0.994987 0.668416
-0.173205 0.1 0.979796 0.648781
-0.259808 0.15 0.953939 0.646872
-0.34641 0.2 0.916515 0.661533
-0.433013 0.25 0.866025 0.655453
-0.519615 0.3 0.8 0.676931
-0.606218 0.35 0.714143 0.696659
-0.69282 0.4 0.6 0.701897
-0.779423 0.45 0.43589 0.679921
-0.866025 0.5 1.49012e-08 0.705989
-0 0 1 0.658881
-0.0939693 0.034202 0.994987 0.672927
-0.187939 0.068404 0.979796 0.65303
-0.281908 0.102606 0.953939 0.661108
-0.375877 0.136808 0.916515 0.660169
-0.469846 0.17101 0.866025 0.630357
-0.563816 0.205212 0.8 0.62915
-0.657785 0.239414 0.714143 0.646903
-0.751754 0.273616 0.6 0.681443
-0.845723 0.307818 0.43589 0.707822
-0.939693 0.34202 1.49012e-08 0.705989
-0 0 1 0.658881
-0.0984808 0.0173648 0.994987 0.677683
-0.196962 0.0347296 0.979796 0.671092
-0.295442 0.0520945 0.953939 0.679593
-0.393923 0.0694593 0.916515 0.677122
-0.492404 0.0868241 0.866025 0.651382
-0.590885 0.104189 0.8 0.6405
-0.689365 0.121554 0.714143 0.651093
-0.787846 0.138919 0.6 0.648013
-0.886327 0.156283 0.43589 0.672778
-0.984808 0.173648 1.49012e-08 0.705989
-0 0 1 0.658881
-0.1 1.22465e-17 0.994987 0.682321
-0.2 2.44929e-17 0.979796 0.686366
-0.3 3.67394e-17 0.953939 0.695458
-0.4 4.89859e-17 0.916515 0.694736
-0.5 6.12323e-17 0.866025 0.683409
-0.6 7.34788e-17 0.8 0.677027
-0.7 8.57253e-17 0.714143 0.691248
-0.8 9.79717e-17 0.6 0.709166
-0.9 1.10218e-16 0.43589 0.719724
-1 1.22465e-16 1.49012e-08 0.705989
-0 -0 1 0.658881
-0.0984808 -0.0173648 0.994987 0.686465
-0.196962 -0.0347296 0.979796 0.696829
-0.295442 -0.0520945 0.953939 0.705167
-0.393923 -0.0694593 0.916515 0.70256
-0.492404 -0.0868241 0.866025 0.696269
-0.590885 -0.104189 0.8 0.679009
-0.689365 -0.121554 0.714143 0.693942
-0.787846 -0.138919 0.6 0.708764
-0.886327 -0.156283 0.43589 0.718244
-0.984808 -0.173648 1.49012e-08 0.705989
-0 -0 1 0.658881
-0.0939693 -0.034202 0.994987 0.689818
-0.187939 -0.068404 0.979796 0.702961
-0.281908 -0.102606 0.953939 0.708643
-0.375877 -0.136808 0.916515 0.70954
-0.469846 -0.17101 0.866025 0.70486
-0.563816 -0.205212 0.8 0.674383
-0.657785 -0.239414 0.714143 0.679448
-0.751754 -0.273616 0.6 0.710013
-0.845723 -0.307818 0.43589 0.699544
-0.939693 -0.34202 1.49012e-08 0.705989
-0 -0 1 0.658881
-0.0866025 -0.05 0.994987 0.692243
-0.173205 -0.1 0.979796 0.705677
-0.259808 -0.15 0.953939 0.709532
-0.34641 -0.2 0.916515 0.7106
-0.433013 -0.25 0.866025 0.706417
-0.519615 -0.3 0.8 0.698014
-0.606218 -0.35 0.714143 0.696005
-0.69282 -0.4 0.6 0.681195
-0.779423 -0.45 0.43589 0.688191
-0.866025 -0.5 1.49012e-08 0.705989
-0 -0 1 0.658881
-0.0766044 -0.0642788 0.994987 0.69376
-0.153209 -0.128558 0.979796 0.705781
-0.229813 -0.192836 0.953939 0.709367
-0.306418 -0.257115 0.916515 0.699706
-0.383022 -0.321394 0.866025 0.713162
-0.459627 -0.385673 0.8 0.711823
-0.536231 -0.449951 0.714143 0.6952
-0.612836 -0.51423 0.6 0.675875
-0.68944 -0.578509 0.43589 0.709617
-0.766044 -0.642788 1.49012e-08 0.705989
-0 -0 1 0.658881
-0.0642788 -0.0766044 0.994987 0.694442
-0.128558 -0.153209 0.979796 0.705193
-0.192836 -0.229813 0.953939 0.705907
-0.257115 -0.306418 0.916515 0.7064
-0.321394 -0.383022 0.866025 0.713239
-0.385673 -0.459627 0.8 0.712595
-0.449951 -0.536231 0.714143 0.694721
-0.51423 -0.612836 0.6 0.68171
-0.578509 -0.68944 0.43589 0.702419
-0.642788 -0.766044 1.49012e-08 0.705989
-0 -0 1 0.658881
-0.05 -0.0866025 0.994987 0.694318
-0.1 -0.173205 0.979796 0.704373
-0.15 -0.259808 0.953939 0.699309
-0.2 -0.34641 0.916515 0.708263
-0.25 -0.433013 0.866025 0.715028
-0.3 -0.519615 0.8 0.708234
-0.35 -0.606218 0.714143 0.675688
-0.4 -0.69282 0.6 0.675172
-0.45 -0.779423 0.43589 0.695701
-0.5 -0.866025 1.49012e-08 0.705989
-0 -0 1 0.658881
-0.034202 -0.0939693 0.994987 0.6935
-0.068404 -0.187939 0.979796 0.702658
-0.102606 -0.281908 0.953939 0.686925
-0.136808 -0.375877 0.916515 0.701856
-0.17101 -0.469846 0.866025 0.712536
-0.205212 -0.563816 0.8 0.703391
-0.239414 -0.657785 0.714143 0.674373
-0.273616 -0.751754 0.6 0.696846
-0.307818 -0.845723 0.43589 0.700377
-0.34202 -0.939693 1.49012e-08 0.705989
-0 -0 1 0.658881
-0.0173648 -0.0984808 0.994987 0.692185
-0.0347296 -0.196962 0.979796 0.701528
-0.0520945 -0.295442 0.953939 0.687484
-0.0694593 -0.393923 0.916515 0.700469
-0.0868241 -0.492404 0.866025 0.705223
-0.104189 -0.590885 0.8 0.703891
-0.121554 -0.689365 0.714143 0.697117
-0.138919 -0.787846 0.6 0.712564
-0.156283 -0.886327 0.43589 0.704474
-0.173648 -0.984808 1.49012e-08 0.705989
-0 -0 1 0.658881
-1.83697e-17 -0.1 0.994987 0.690545
-3.67394e-17 -0.2 0.979796 0.701127
-5.51091e-17 -0.3 0.953939 0.698373
-7.34788e-17 -0.4 0.916515 0.706995
-9.18485e-17 -0.5 0.866025 0.694908
-1.10218e-16 -0.6 0.8 0.705845
-1.28588e-16 -0.7 0.714143 0.706819
-1.46958e-16 -0.8 0.6 0.719187
-1.65327e-16 -0.9 0.43589 0.704926
-1.83697e-16 -1 1.49012e-08 0.705989
0 -0 1 0.658881
0.0173648 -0.0984808 0.994987 0.688492
0.0347296 -0.196962 0.979796 0.700766
0.0520945 -0.295442 0.953939 0.702822
0.0694593 -0.393923 0.916515 0.711161
0.0868241 -0.492404 0.866025 0.707464
0.104189 -0.590885 0.8 0.708656
0.121554 -0.689365 0.714143 0.702678
0.138919 -0.787846 0.6 0.715927
0.156283 -0.886327 0.43589 0.709183
0.173648 -0.984808 1.49012e-08 0.705989
0 -0 1 0.658881
0.034202 -0.0939693 0.994987 0.685794
0.068404 -0.187939 0.979796 0.699464
0.102606 -0.281908 0.953939 0.704449
0.136808 -0.375877 0.916515 0.710528
0.17101 -0.469846 0.866025 0.707712
0.205212 -0.563816 0.8 0.703714
0.239414 -0.657785 0.714143 0.704483
0.273616 -0.751754 0.6 0.713074
0.307818 -0.845723 0.43589 0.709634
0.34202 -0.939693 1.49012e-08 0.705989
0 -0 1 0.658881
0.05 -0.0866025 0.994987 0.682306
0.1 -0.173205 0.979796 0.696131
0.15 -0.259808 0.953939 0.701067
0.2 -0.34641 0.916515 0.706124
0.25 -0.433013 0.866025 0.707564
0.3 -0.519615 0.8 0.694966
0.35 -0.606218 0.714143 0.676455
0.4 -0.69282 0.6 0.704297
0.45 -0.779423 0.43589 0.70818
0.5 -0.866025 1.49012e-08 0.705989
0 -0 1 0.658881
0.0642788 -0.0766044 0.994987 0.679679
0.128558 -0.153209 0.979796 0.691974
0.192836 -0.229813 0.953939 0.698209
0.257115 -0.306418 0.916515 0.698347
0.321394 -0.383022 0.866025 0.70372
0.385673 -0.459627 0.8 0.690945
0.449951 -0.536231 0.714143 0.66648
0.51423 -0.612836 0.6 0.691451
0.578509 -0.68944 0.43589 0.698938
0.642788 -0.766044 1.49012e-08 0.705989
0 -0 1 0.658881
0.0766044 -0.0642788 0.994987 0.676175
0.153209 -0.128558 0.979796 0.686791
0.229813 -0.192836 0.953939 0.691026
0.306418 -0.257115 0.916515 0.690127
0.383022 -0.321394 0.866025 0.691434
0.459627 -0.385673 0.8 0.67885
0.536231 -0.449951 0.714143 0.678922
0.612836 -0.51423 0.6 0.693712
0.68944 -0.578509 0.43589 0.690356
0.766044 -0.642788 1.49012e-08 0.705989
0 -0 1 0.658881
0.0866025 -0.05 0.994987 0.671783
0.173205 -0.1 0.979796 0.678923
0.259808 -0.15 0.953939 0.677248
0.34641 -0.2 0.916515 0.674961
0.433013 -0.25 0.866025 0.672825
0.519615 -0.3 0.8 0.677812
0.606218 -0.35 0.714143 0.69285
0.69282 -0.4 0.6 0.709172
0.779423 -0.45 0.43589 0.694504
0.866025 -0.5 1.49012e-08 0.705989
0 -0 1 0.658881
0.0939693 -0.034202 0.994987 0.666597
0.187939 -0.068404 0.979796 0.668686
0.281908 -0.102606 0.953939 0.655964
0.375877 -0.136808 0.916515 0.649383
0.469846 -0.17101 0.866025 0.639606
0.563816 -0.205212 0.8 0.636469
0.657785 -0.239414 0.714143 0.671892
0.751754 -0.273616 0.6 0.696677
0.845723 -0.307818 0.43589 0.71114
0.939693 -0.34202 1.49012e-08 0.705989
0 -0 1 0.658881
0.0984808 -0.0173648 0.994987 0.661063
0.196962 -0.0347296 0.979796 0.657831
0.295442 -0.0520945 0.953939 0.62988
0.393923 -0.0694593 0.916515 0.616479
0.492404 -0.0868241 0.866025 0.623721
0.590885 -0.104189 0.8 0.617823
0.689365 -0.121554 0.714143 0.640118
0.787846 -0.138919 0.6 0.656733
0.886327 -0.156283 0.43589 0.690357
0.984808 -0.173648 1.49012e-08 0.705989
0 -0 1 0.658881
0.1 -2.44929e-17 0.994987 0.656172
0.2 -4.89859e-17 0.979796 0.647746
0.3 -7.34788e-17 0.953939 0.607714
0.4 -9.79717e-17 0.916515 0.604096
0.5 -1.22465e-16 0.866025 0.647865
0.6 -1.46958e-16 0.8 0.658608
0.7 -1.71451e-16 0.714143 0.678969
0.8 -1.95943e-16 0.6 0.690866
0.9 -2.20436e-16 0.43589 0.685861
1 -2.44929e-16 1.49012e-08 0.705989
