0 0 1 0.705877
0.1 0 0.994987 0.691785
0.2 0 0.979796 0.673867
0.3 0 0.953939 0.671982
0.4 0 0.916515 0.686115
0.5 0 0.866025 0.704266
0.6 0 0.8 0.71357
0.7 0 0.714143 0.71567
0.8 0 0.6 0.718971
0.9 0 0.43589 0.696846
1 0 1.49012e-08 0.701737
0 0 1 0.705877
0.0984808 0.0173648 0.994987 0.689342
0.196962 0.0347296 0.979796 0.673816
0.295442 0.0520945 0.953939 0.677266
0.393923 0.0694593 0.916515 0.691773
0.492404 0.0868241 0.866025 0.706743
0.590885 0.104189 0.8 0.710262
0.689365 0.121554 0.714143 0.716471
0.787846 0.138919 0.6 0.716605
0.886327 0.156283 0.43589 0.706096
0.984808 0.173648 1.49012e-08 0.701737
0 0 1 0.705877
0.0939693 0.034202 0.994987 0.686779
0.187939 0.068404 0.979796 0.674323
0.281908 0.102606 0.953939 0.680166
0.375877 0.136808 0.916515 0.689796
0.469846 0.17101 0.866025 0.698117
0.563816 0.205212 0.8 0.694246
0.657785 0.239414 0.714143 0.697397
0.751754 0.273616 0.6 0.709429
0.845723 0.307818 0.43589 0.6729
0.939693 0.34202 1.49012e-08 0.701737
0 0 1 0.705877
0.0866025 0.05 0.994987 0.684347
0.173205 0.1 0.979796 0.671673
0.259808 0.15 0.953939 0.677677
0.34641 0.2 0.916515 0.692904
0.433013 0.25 0.866025 0.699677
0.519615 0.3 0.8 0.694926
0.606218 0.35 0.714143 0.695578
0.69282 0.4 0.6 0.699383
0.779423 0.45 0.43589 0.674617
0.866025 0.5 1.49012e-08 0.701737
0 0 1 0.705877
0.0766044 0.0642788 0.994987 0.682839
0.153209 0.128558 0.979796 0.66802
0.229813 0.192836 0.953939 0.680948
0.306418 0.257115 0.916515 0.703378
0.383022 0.321394 0.866025 0.711876
0.459627 0.385673 0.8 0.706375
0.536231 0.449951 0.714143 0.703588
0.612836 0.51423 0.6 0.704106
0.68944 0.578509 0.43589 0.707974
0.766044 0.642788 1.49012e-08 0.701737
0 0 1 0.705877
0.0642788 0.0766044 0.994987 0.683349
0.128558 0.153209 0.979796 0.670216
0.192836 0.229813 0.953939 0.69242
0.257115 0.306418 0.916515 0.709713
0.321394 0.383022 0.866025 0.718864
0.385673 0.459627 0.8 0.71461
0.449951 0.536231 0.714143 0.699899
0.51423 0.612836 0.6 0.703667
0.578509 0.68944 0.43589 0.715127
0.642788 0.766044 1.49012e-08 0.701737
0 0 1 0.705877
0.05 0.0866025 0.994987 0.686187
0.1 0.173205 0.979796 0.679242
0.15 0.259808 0.953939 0.698088
0.2 0.34641 0.916515 0.709584
0.25 0.433013 0.866025 0.718649
0.3 0.519615 0.8 0.712307
0.35 0.606218 0.714143 0.709602
0.4 0.69282 0.6 0.692678
0.45 0.779423 0.43589 0.720229
0.5 0.866025 1.49012e-08 0.701737
0 0 1 0.705877
0.034202 0.0939693 0.994987 0.690467
0.068404 0.187939 0.979796 0.689856
0.102606 0.281908 0.953939 0.704113
0.136808 0.375877 0.916515 0.713542
0.17101 0.469846 0.866025 0.714736
0.205212 0.563816 0.8 0.717159
0.239414 0.657785 0.714143 0.711369
0.273616 0.751754 0.6 0.705776
0.307818 0.845723 0.43589 0.714652
0.34202 0.939693 1.49012e-08 0.701737
0 0 1 0.705877
0.0173648 0.0984808 0.994987 0.695193
0.0347296 0.196962 0.979796 0.698327
0.0520945 0.295442 0.953939 0.708501
0.0694593 0.393923 0.916515 0.708152
0.0868241 0.492404 0.866025 0.713979
0.104189 0.590885 0.8 0.710935
0.121554 0.689365 0.714143 0.701954
0.138919 0.787846 0.6 0.704014
0.156283 0.886327 0.43589 0.71508
0.173648 0.984808 1.49012e-08 0.701737
0 0 1 0.705877
6.12323e-18 0.1 0.994987 0.699671
1.22465e-17 0.2 0.979796 0.703697
1.83697e-17 0.3 0.953939 0.708381
2.44929e-17 0.4 0.916515 0.707037
3.06162e-17 0.5 0.866025 0.710172
3.67394e-17 0.6 0.8 0.697757
4.28626e-17 0.7 0.714143 0.675536
4.89859e-17 0.8 0.6 0.706956
5.51091e-17 0.9 0.43589 0.721591
6.12323e-17 1 1.49012e-08 0.701737
-0 0 1 0.705877
-0.0173648 0.0984808 0.994987 0.703468
-0.0347296 0.196962 0.979796 0.707211
-0.0520945 0.295442 0.953939 0.704155
-0.0694593 0.393923 0.916515 0.707415
-0.0868241 0.492404 0.866025 0.704743
-0.104189 0.590885 0.8 0.68881
-0.121554 0.689365 0.714143 0.683322
-0.138919 0.787846 0.6 0.711416
-0.156283 0.886327 0.43589 0.724714
-0.173648 0.984808 1.49012e-08 0.701737
-0 0 1 0.705877
-0.034202 0.0939693 0.994987 0.706305
-0.068404 0.187939 0.979796 0.711145
-0.102606 0.281908 0.953939 0.701168
-0.136808 0.375877 0.916515 0.709351
-0.17101 0.469846 0.866025 0.709147
-0.205212 0.563816 0.8 0.698479
-0.239414 0.657785 0.714143 0.679592
-0.273616 0.751754 0.6 0.709387
-0.307818 0.845723 0.43589 0.724216
-0.34202 0.939693 1.49012e-08 0.701737
-0 0 1 0.705877
-0.05 0.0866025 0.994987 0.708099
-0.1 0.173205 0.979796 0.713938
-0.15 0.259808 0.953939 0.70773
-0.2 0.34641 0.916515 0.713096
-0.25 0.433013 0.866025 0.713806
-0.3 0.519615 0.8 0.707165
-0.35 0.606218 0.714143 0.685014
-0.4 0.69282 0.6 0.702781
-0.45 0.779423 0.43589 0.719184
-0.5 0.866025 1.49012e-08 0.701737
-0 0 1 0.705877
-0.0642788 0.0766044 0.994987 0.708967
-0.128558 0.153209 0.979796 0.714596
-0.192836 0.229813 0.953939 0.713315
-0.257115 0.306418 0.916515 0.717461
-0.321394 0.383022 0.866025 0.71555
-0.385673 0.459627 0.8 0.706439
-0.449951 0.536231 0.714143 0.690271
-0.51423 0.612836 0.6 0.688025
-0.578509 0.68944 0.43589 0.711298
-0.642788 0.766044 1.49012e-08 0.701737
-0 0 1 0.705877
-0.0766044 0.0642788 0.994987 0.709108
-0.153209 0.128558 0.979796 0.714137
-0.229813 0.192836 0.953939 0.71062
-0.306418 0.257115 0.916515 0.714365
-0.383022 0.321394 0.866025 0.71137
-0.459627 0.385673 0.8 0.697919
-0.536231 0.449951 0.714143 0.675951
-0.612836 0.51423 0.6 0.639356
-0.68944 0.578509 0.43589 0.68601
-0.766044 0.642788 1.49012e-08 0.701737
-0 0 1 0.705877
-0.0866025 0.05 0.994987 0.708698
-0.173205 0.1 0.979796 0.712763
-0.259808 0.15 0.953939 0.700705
-0.34641 0.2 0.916515 0.703814
-0.433013 0.25 0.866025 0.710555
-0.519615 0.3 0.8 0.703181
-0.606218 0.35 0.714143 0.680412
-0.69282 0.4 0.6 0.638132
-0.779423 0.45 0.43589 0.651129
-0.866025 0.5 1.49012e-08 0.701737
-0 0 1 0.705877
-0.0939693 0.034202 0.994987 0.709049
-0.187939 0.068404 0.979796 0.709286
-0.281908 0.102606 0.953939 0.693734
-0.375877 0.136808 0.916515 0.702002
-0.469846 0.17101 0.866025 0.712871
-0.563816 0.205212 0.8 0.703734
-0.657785 0.239414 0.714143 0.673171
-0.751754 0.273616 0.6 0.650915
-0.845723 0.307818 0.43589 0.677144
-0.939693 0.34202 1.49012e-08 0.701737
-0 0 1 0.705877
-0.0984808 0.0173648 0.994987 0.709655
-0.196962 0.0347296 0.979796 0.703459
-0.295442 0.0520945 0.953939 0.698658
-0.393923 0.0694593 0.916515 0.705961
-0.492404 0.0868241 0.866025 0.707925
-0.590885 0.104189 0.8 0.687641
-0.689365 0.121554 0.714143 0.653827
-0.787846 0.138919 0.6 0.661589
-0.886327 0.156283 0.43589 0.70697
-0.984808 0.173648 1.49012e-08 0.701737
-0 0 1 0.705877
-0.1 1.22465e-17 0.994987 0.709968
-0.2 2.44929e-17 0.979796 0.695352
-0.3 3.67394e-17 0.953939 0.698067
-0.4 4.89859e-17 0.916515 0.70564
-0.5 6.12323e-17 0.866025 0.700292
-0.6 7.34788e-17 0.8 0.675448
-0.7 8.57253e-17 0.714143 0.665247
-0.8 9.79717e-17 0.6 0.694268
-0.9 1.10218e-16 0.43589 0.700671
-1 1.22465e-16 1.49012e-08 0.701737
-0 -0 1 0.705877
-0.0984808 -0.0173648 0.994987 0.710066
-0.196962 -0.0347296 0.979796 0.694285
-0.295442 -0.0520945 0.953939 0.699138
-0.393923 -0.0694593 0.916515 0.702652
-0.492404 -0.0868241 0.866025 0.691799
-0.590885 -0.104189 0.8 0.662878
-0.689365 -0.121554 0.714143 0.681793
-0.787846 -0.138919 0.6 0.713395
-0.886327 -0.156283 0.43589 0.713666
-0.984808 -0.173648 1.49012e-08 0.701737
-0 -0 1 0.705877
-0.0939693 -0.034202 0.994987 0.710051
-0.187939 -0.068404 0.979796 0.696758
-0.281908 -0.102606 0.953939 0.700092
-0.375877 -0.136808 0.916515 0.700648
-0.469846 -0.17101 0.866025 0.698681
-0.563816 -0.205212 0.8 0.680829
-0.657785 -0.239414 0.714143 0.682978
-0.751754 -0.273616 0.6 0.699617
-0.845723 -0.307818 0.43589 0.71226
-0.939693 -0.34202 1.49012e-08 0.701737
-0 -0 1 0.705877
-0.0866025 -0.05 0.994987 0.709995
-0.173205 -0.1 0.979796 0.699427
-0.259808 -0.15 0.953939 0.700506
-0.34641 -0.2 0.916515 0.697914
-0.433013 -0.25 0.866025 0.700293
-0.519615 -0.3 0.8 0.677939
-0.606218 -0.35 0.714143 0.653205
-0.69282 -0.4 0.6 0.680429
-0.779423 -0.45 0.43589 0.702221
-0.866025 -0.5 1.49012e-08 0.701737
-0 -0 1 0.705877
-0.0766044 -0.0642788 0.994987 0.709972
-0.153209 -0.128558 0.979796 0.701217
-0.229813 -0.192836 0.953939 0.697417
-0.306418 -0.257115 0.916515 0.699506
-0.383022 -0.321394 0.866025 0.695983
-0.459627 -0.385673 0.8 0.66475
-0.536231 -0.449951 0.714143 0.622444
-0.612836 -0.51423 0.6 0.658146
-0.68944 -0.578509 0.43589 0.703959
-0.766044 -0.642788 1.49012e-08 0.701737
-0 -0 1 0.705877
-0.0642788 -0.0766044 0.994987 0.709578
-0.128558 -0.153209 0.979796 0.701221
-0.192836 -0.229813 0.953939 0.691432
-0.257115 -0.306418 0.916515 0.691225
-0.321394 -0.383022 0.866025 0.686753
-0.385673 -0.459627 0.8 0.67364
-0.449951 -0.536231 0.714143 0.64412
-0.51423 -0.612836 0.6 0.653535
-0.578509 -0.68944 0.43589 0.694389
-0.642788 -0.766044 1.49012e-08 0.701737
-0 -0 1 0.705877
-0.05 -0.0866025 0.994987 0.708707
-0.1 -0.173205 0.979796 0.699645
-0.15 -0.259808 0.953939 0.681964
-0.2 -0.34641 0.916515 0.6761
-0.25 -0.433013 0.866025 0.679091
-0.3 -0.519615 0.8 0.685175
-0.35 -0.606218 0.714143 0.662657
-0.4 -0.69282 0.6 0.658592
-0.45 -0.779423 0.43589 0.680368
-0.5 -0.866025 1.49012e-08 0.701737
-0 -0 1 0.705877
-0.034202 -0.0939693 0.994987 0.707346
-0.068404 -0.187939 0.979796 0.697168
-0.102606 -0.281908 0.953939 0.666089
-0.136808 -0.375877 0.916515 0.662882
-0.17101 -0.469846 0.866025 0.684729
-0.205212 -0.563816 0.8 0.69412
-0.239414 -0.657785 0.714143 0.688991
-0.273616 -0.751754 0.6 0.683711
-0.307818 -0.845723 0.43589 0.674053
-0.34202 -0.939693 1.49012e-08 0.701737
-0 -0 1 0.705877
-0.0173648 -0.0984808 0.994987 0.705513
-0.0347296 -0.196962 0.979796 0.695265
-0.0520945 -0.295442 0.953939 0.651585
-0.0694593 -0.393923 0.916515 0.658084
-0.0868241 -0.492404 0.866025 0.693779
-0.104189 -0.590885 0.8 0.703293
-0.121554 -0.689365 0.714143 0.70805
-0.138919 -0.787846 0.6 0.701766
-0.156283 -0.886327 0.43589 0.670954
-0.173648 -0.984808 1.49012e-08 0.701737
-0 -0 1 0.705877
-1.83697e-17 -0.1 0.994987 0.703473
-3.67394e-17 -0.2 0.979796 0.695094
-5.51091e-17 -0.3 0.953939 0.670674
-7.34788e-17 -0.4 0.916515 0.677194
-9.18485e-17 -0.5 0.866025 0.699397
-1.10218e-16 -0.6 0.8 0.709605
-1.28588e-16 -0.7 0.714143 0.714751
-1.46958e-16 -0.8 0.6 0.715152
-1.65327e-16 -0.9 0.43589 0.682638
-1.83697e-16 -1 1.49012e-08 0.701737
0 -0 1 0.705877
0.0173648 -0.0984808 0.994987 0.701386
0.0347296 -0.196962 0.979796 0.696817
0.0520945 -0.295442 0.953939 0.685992
0.0694593 -0.393923 0.916515 0.696486
0.0868241 -0.492404 0.866025 0.70761
0.104189 -0.590885 0.8 0.706083
0.121554 -0.689365 0.714143 0.712247
0.138919 -0.787846 0.6 0.718887
0.156283 -0.886327 0.43589 0.697218
0.173648 -0.984808 1.49012e-08 0.701737
0 -0 1 0.705877
0.034202 -0.0939693 0.994987 0.699718
0.068404 -0.187939 0.979796 0.698119
0.102606 -0.281908 0.953939 0.695042
0.136808 -0.375877 0.916515 0.709431
0.17101 -0.469846 0.866025 0.716143
0.205212 -0.563816 0.8 0.71537
0.239414 -0.657785 0.714143 0.698318
0.273616 -0.751754 0.6 0.7132
0.307818 -0.845723 0.43589 0.707121
0.34202 -0.939693 1.49012e-08 0.701737
0 -0 1 0.705877
0.05 -0.0866025 0.994987 0.698063
0.1 -0.173205 0.979796 0.697663
0.15 -0.259808 0.953939 0.696846
0.2 -0.34641 0.916515 0.714699
0.25 -0.433013 0.866025 0.715237
0.3 -0.519615 0.8 0.719437
0.35 -0.606218 0.714143 0.717751
0.4 -0.69282 0.6 0.702432
0.45 -0.779423 0.43589 0.709385
0.5 -0.866025 1.49012e-08 0.701737
0 -0 1 0.705877
0.0642788 -0.0766044 0.994987 0.697044
0.128558 -0.153209 0.979796 0.695836
0.192836 -0.229813 0.953939 0.696512
0.257115 -0.306418 0.916515 0.713159
0.321394 -0.383022 0.866025 0.718499
0.385673 -0.459627 0.8 0.707196
0.449951 -0.536231 0.714143 0.716434
0.51423 -0.612836 0.6 0.718414
0.578509 -0.68944 0.43589 0.708669
0.642788 -0.766044 1.49012e-08 0.701737
0 -0 1 0.705877
0.0766044 -0.0642788 0.994987 0.697143
0.153209 -0.128558 0.979796 0.692095
0.229813 -0.192836 0.953939 0.691259
0.306418 -0.257115 0.916515 0.70415
0.383022 -0.321394 0.866025 0.712771
0.459627 -0.385673 0.8 0.713535
0.536231 -0.449951 0.714143 0.699613
0.612836 -0.51423 0.6 0.704988
0.68944 -0.578509 0.43589 0.716652
0.766044 -0.642788 1.49012e-08 0.701737
0 -0 1 0.705877
0.0866025 -0.05 0.994987 0.696684
0.173205 -0.1 0.979796 0.687088
0.259808 -0.15 0.953939 0.678491
0.34641 -0.2 0.916515 0.68516
0.433013 -0.25 0.866025 0.702067
0.519615 -0.3 0.8 0.704388
0.606218 -0.35 0.714143 0.702932
0.69282 -0.4 0.6 0.683945
0.779423 -0.45 0.43589 0.706379
0.866025 -0.5 1.49012e-08 0.701737
0 -0 1 0.705877
0.0939693 -0.034202 0.994987 0.695565
0.187939 -0.068404 0.979796 0.683131
0.281908 -0.102606 0.953939 0.669477
0.375877 -0.136808 0.916515 0.650883
0.469846 -0.17101 0.866025 0.689365
0.563816 -0.205212 0.8 0.705485
0.657785 -0.239414 0.714143 0.708648
0.751754 -0.273616 0.6 0.684969
0.845723 -0.307818 0.43589 0.690173
0.939693 -0.34202 1.49012e-08 0.701737
0 -0 1 0.705877
0.0984808 -0.0173648 0.994987 0.693897
0.196962 -0.0347296 0.979796 0.678506
0.295442 -0.0520945 0.953939 0.669512
0.393923 -0.0694593 0.916515 0.661824
0.492404 -0.0868241 0.866025 0.694099
0.590885 -0.104189 0.8 0.713231
0.689365 -0.121554 0.714143 0.718925
0.787846 -0.138919 0.6 0.71815
0.886327 -0.156283 0.43589 0.700763
0.984808 -0.173648 1.49012e-08 0.701737
0 -0 1 0.705877
0.1 -2.44929e-17 0.994987 0.691785
0.2 -4.89859e-17 0.979796 0.673867
0.3 -7.34788e-17 0.953939 0.671982
0.4 -9.79717e-17 0.916515 0.686115
0.5 -1.22465e-16 0.866025 0.704266
0.6 -1.46958e-16 0.8 0.71357
0.7 -1.71451e-16 0.714143 0.71567
0.8 -1.95943e-16 0.6 0.718971
0.9 -2.20436e-16 0.43589 0.696846
1 -2.44929e-16 1.49012e-08 0.701737
