0 0 1 0.720227
0.1 0 0.994987 0.715575
0.2 0 0.979796 0.714971
0.3 0 0.953939 0.712893
0.4 0 0.916515 0.702278
0.5 0 0.866025 0.70464
0.6 0 0.8 0.717114
0.7 0 0.714143 0.721269
0.8 0 0.6 0.722132
0.9 0 0.43589 0.713896
1 0 1.49012e-08 0.641895
0 0 1 0.720227
0.0984808 0.0173648 0.994987 0.716425
0.196962 0.0347296 0.979796 0.713237
0.295442 0.0520945 0.953939 0.705596
0.393923 0.0694593 0.916515 0.689238
0.492404 0.0868241 0.866025 0.689218
0.590885 0.104189 0.8 0.700041
0.689365 0.121554 0.714143 0.698933
0.787846 0.138919 0.6 0.678608
0.886327 0.156283 0.43589 0.693994
0.984808 0.173648 1.49012e-08 0.641895
0 0 1 0.720227
0.0939693 0.034202 0.994987 0.716905
0.187939 0.068404 0.979796 0.710876
0.281908 0.102606 0.953939 0.696999
0.375877 0.136808 0.916515 0.659876
0.469846 0.17101 0.866025 0.654162
0.563816 0.205212 0.8 0.661383
0.657785 0.239414 0.714143 0.684658
0.751754 0.273616 0.6 0.70832
0.845723 0.307818 0.43589 0.71845
0.939693 0.34202 1.49012e-08 0.641895
0 0 1 0.720227
0.0866025 0.05 0.994987 0.716784
0.173205 0.1 0.979796 0.70676
0.259808 0.15 0.953939 0.689908
0.34641 0.2 0.916515 0.652659
0.433013 0.25 0.866025 0.642725
0.519615 0.3 0.8 0.660352
0.606218 0.35 0.714143 0.694719
0.69282 0.4 0.6 0.715107
0.779423 0.45 0.43589 0.714917
0.866025 0.5 1.49012e-08 0.641895
0 0 1 0.720227
0.0766044 0.0642788 0.994987 0.716253
0.153209 0.128558 0.979796 0.702761
0.229813 0.192836 0.953939 0.68907
0.306418 0.257115 0.916515 0.665248
0.383022 0.321394 0.866025 0.651143
0.459627 0.385673 0.8 0.651101
0.536231 0.449951 0.714143 0.702353
0.612836 0.51423 0.6 0.717541
0.68944 0.578509 0.43589 0.71062
0.766044 0.642788 1.49012e-08 0.641895
0 0 1 0.720227
0.0642788 0.0766044 0.994987 0.715628
0.128558 0.153209 0.979796 0.70227
0.192836 0.229813 0.953939 0.689354
0.257115 0.306418 0.916515 0.672548
0.321394 0.383022 0.866025 0.662926
0.385673 0.459627 0.8 0.688058
0.449951 0.536231 0.714143 0.707987
0.51423 0.612836 0.6 0.7085
0.578509 0.68944 0.43589 0.709654
0.642788 0.766044 1.49012e-08 0.641895
0 0 1 0.720227
0.05 0.0866025 0.994987 0.714862
0.1 0.173205 0.979796 0.703305
0.15 0.259808 0.953939 0.688041
0.2 0.34641 0.916515 0.679054
0.25 0.433013 0.866025 0.689685
0.3 0.519615 0.8 0.704753
0.35 0.606218 0.714143 0.707012
0.4 0.69282 0.6 0.695603
0.45 0.779423 0.43589 0.704299
0.5 0.866025 1.49012e-08 0.641895
0 0 1 0.720227
0.034202 0.0939693 0.994987 0.713913
0.068404 0.187939 0.979796 0.703084
0.102606 0.281908 0.953939 0.684698
0.136808 0.375877 0.916515 0.677281
0.17101 0.469846 0.866025 0.705006
0.205212 0.563816 0.8 0.713426
0.239414 0.657785 0.714143 0.699988
0.273616 0.751754 0.6 0.697122
0.307818 0.845723 0.43589 0.696589
0.34202 0.939693 1.49012e-08 0.641895
0 0 1 0.720227
0.0173648 0.0984808 0.994987 0.713352
0.0347296 0.196962 0.979796 0.701422
0.0520945 0.295442 0.953939 0.684735
0.0694593 0.393923 0.916515 0.687915
0.0868241 0.492404 0.866025 0.712447
0.104189 0.590885 0.8 0.716232
0.121554 0.689365 0.714143 0.698011
0.138919 0.787846 0.6 0.699377
0.156283 0.886327 0.43589 0.687494
0.173648 0.984808 1.49012e-08 0.641895
0 0 1 0.720227
6.12323e-18 0.1 0.994987 0.714008
1.22465e-17 0.2 0.979796 0.698644
1.83697e-17 0.3 0.953939 0.682914
2.44929e-17 0.4 0.916515 0.692003
3.06162e-17 0.5 0.866025 0.715255
3.67394e-17 0.6 0.8 0.71485
4.28626e-17 0.7 0.714143 0.710489
4.89859e-17 0.8 0.6 0.706879
5.51091e-17 0.9 0.43589 0.677487
6.12323e-17 1 1.49012e-08 0.641895
-0 0 1 0.720227
-0.0173648 0.0984808 0.994987 0.714672
-0.0347296 0.196962 0.979796 0.696912
-0.0520945 0.295442 0.953939 0.680378
-0.0694593 0.393923 0.916515 0.691459
-0.0868241 0.492404 0.866025 0.713883
-0.104189 0.590885 0.8 0.71616
-0.121554 0.689365 0.714143 0.715706
-0.138919 0.787846 0.6 0.705097
-0.156283 0.886327 0.43589 0.665835
-0.173648 0.984808 1.49012e-08 0.641895
-0 0 1 0.720227
-0.034202 0.0939693 0.994987 0.715356
-0.068404 0.187939 0.979796 0.699021
-0.102606 0.281908 0.953939 0.684081
-0.136808 0.375877 0.916515 0.692277
-0.17101 0.469846 0.866025 0.707645
-0.205212 0.563816 0.8 0.712572
-0.239414 0.657785 0.714143 0.711173
-0.273616 0.751754 0.6 0.693477
-0.307818 0.845723 0.43589 0.654171
-0.34202 0.939693 1.49012e-08 0.641895
-0 0 1 0.720227
-0.05 0.0866025 0.994987 0.716123
-0.1 0.173205 0.979796 0.702921
-0.15 0.259808 0.953939 0.687708
-0.2 0.34641 0.916515 0.683657
-0.25 0.433013 0.866025 0.697311
-0.3 0.519615 0.8 0.704483
-0.35 0.606218 0.714143 0.693527
-0.4 0.69282 0.6 0.669988
-0.45 0.779423 0.43589 0.646294
-0.5 0.866025 1.49012e-08 0.641895
-0 0 1 0.720227
-0.0642788 0.0766044 0.994987 0.716658
-0.128558 0.153209 0.979796 0.706902
-0.192836 0.229813 0.953939 0.689177
-0.257115 0.306418 0.916515 0.672703
-0.321394 0.383022 0.866025 0.676077
-0.385673 0.459627 0.8 0.684339
-0.449951 0.536231 0.714143 0.673786
-0.51423 0.612836 0.6 0.661906
-0.578509 0.68944 0.43589 0.653389
-0.642788 0.766044 1.49012e-08 0.641895
-0 0 1 0.720227
-0.0766044 0.0642788 0.994987 0.716883
-0.153209 0.128558 0.979796 0.7099
-0.229813 0.192836 0.953939 0.689771
-0.306418 0.257115 0.916515 0.666581
-0.383022 0.321394 0.866025 0.647436
-0.459627 0.385673 0.8 0.652368
-0.536231 0.449951 0.714143 0.672908
-0.612836 0.51423 0.6 0.67706
-0.68944 0.578509 0.43589 0.677518
-0.766044 0.642788 1.49012e-08 0.641895
-0 0 1 0.720227
-0.0866025 0.05 0.994987 0.717287
-0.173205 0.1 0.979796 0.711631
-0.259808 0.15 0.953939 0.693812
-0.34641 0.2 0.916515 0.661483
-0.433013 0.25 0.866025 0.604268
-0.519615 0.3 0.8 0.625236
-0.606218 0.35 0.714143 0.679626
-0.69282 0.4 0.6 0.702372
-0.779423 0.45 0.43589 0.694271
-0.866025 0.5 1.49012e-08 0.641895
-0 0 1 0.720227
-0.0939693 0.034202 0.994987 0.717692
-0.187939 0.068404 0.979796 0.71209
-0.281908 0.102606 0.953939 0.696111
-0.375877 0.136808 0.916515 0.662906
-0.469846 0.17101 0.866025 0.592309
-0.563816 0.205212 0.8 0.591818
-0.657785 0.239414 0.714143 0.67342
-0.751754 0.273616 0.6 0.704128
-0.845723 0.307818 0.43589 0.696155
-0.939693 0.34202 1.49012e-08 0.641895
-0 0 1 0.720227
-0.0984808 0.0173648 0.994987 0.718083
-0.196962 0.0347296 0.979796 0.711633
-0.295442 0.0520945 0.953939 0.695994
-0.393923 0.0694593 0.916515 0.672818
-0.492404 0.0868241 0.866025 0.631111
-0.590885 0.104189 0.8 0.623306
-0.689365 0.121554 0.714143 0.667107
-0.787846 0.138919 0.6 0.689066
-0.886327 0.156283 0.43589 0.706244
-0.984808 0.173648 1.49012e-08 0.641895
-0 0 1 0.720227
-0.1 1.22465e-17 0.994987 0.718269
-0.2 2.44929e-17 0.979796 0.712175
-0.3 3.67394e-17 0.953939 0.699261
-0.4 4.89859e-17 0.916515 0.681685
-0.5 6.12323e-17 0.866025 0.656066
-0.6 7.34788e-17 0.8 0.660371
-0.7 8.57253e-17 0.714143 0.687414
-0.8 9.79717e-17 0.6 0.681782
-0.9 1.10218e-16 0.43589 0.6554
-1 1.22465e-16 1.49012e-08 0.641895
-0 -0 1 0.720227
-0.0984808 -0.0173648 0.994987 0.717879
-0.196962 -0.0347296 0.979796 0.713297
-0.295442 -0.0520945 0.953939 0.706994
-0.393923 -0.0694593 0.916515 0.691286
-0.492404 -0.0868241 0.866025 0.664943
-0.590885 -0.104189 0.8 0.670378
-0.689365 -0.121554 0.714143 0.694419
-0.787846 -0.138919 0.6 0.689837
-0.886327 -0.156283 0.43589 0.659002
-0.984808 -0.173648 1.49012e-08 0.641895
-0 -0 1 0.720227
-0.0939693 -0.034202 0.994987 0.716804
-0.187939 -0.068404 0.979796 0.711951
-0.281908 -0.102606 0.953939 0.710931
-0.375877 -0.136808 0.916515 0.701201
-0.469846 -0.17101 0.866025 0.668633
-0.563816 -0.205212 0.8 0.658403
-0.657785 -0.239414 0.714143 0.688382
-0.751754 -0.273616 0.6 0.695983
-0.845723 -0.307818 0.43589 0.69188
-0.939693 -0.34202 1.49012e-08 0.641895
-0 -0 1 0.720227
-0.0866025 -0.05 0.994987 0.715176
-0.173205 -0.1 0.979796 0.70836
-0.259808 -0.15 0.953939 0.715139
-0.34641 -0.2 0.916515 0.707635
-0.433013 -0.25 0.866025 0.679371
-0.519615 -0.3 0.8 0.663003
-0.606218 -0.35 0.714143 0.663425
-0.69282 -0.4 0.6 0.661703
-0.779423 -0.45 0.43589 0.700009
-0.866025 -0.5 1.49012e-08 0.641895
-0 -0 1 0.720227
-0.0766044 -0.0642788 0.994987 0.713281
-0.153209 -0.128558 0.979796 0.706707
-0.229813 -0.192836 0.953939 0.717963
-0.306418 -0.257115 0.916515 0.713856
-0.383022 -0.321394 0.866025 0.697357
-0.459627 -0.385673 0.8 0.669023
-0.536231 -0.449951 0.714143 0.641483
-0.612836 -0.51423 0.6 0.605748
-0.68944 -0.578509 0.43589 0.685203
-0.766044 -0.642788 1.49012e-08 0.641895
-0 -0 1 0.720227
-0.0642788 -0.0766044 0.994987 0.711463
-0.128558 -0.153209 0.979796 0.703304
-0.192836 -0.229813 0.953939 0.717719
-0.257115 -0.306418 0.916515 0.715749
-0.321394 -0.383022 0.866025 0.702758
-0.385673 -0.459627 0.8 0.682274
-0.449951 -0.536231 0.714143 0.633185
-0.51423 -0.612836 0.6 0.613291
-0.578509 -0.68944 0.43589 0.668084
-0.642788 -0.766044 1.49012e-08 0.641895
-0 -0 1 0.720227
-0.05 -0.0866025 0.994987 0.709941
-0.1 -0.173205 0.979796 0.705417
-0.15 -0.259808 0.953939 0.713666
-0.2 -0.34641 0.916515 0.711874
-0.25 -0.433013 0.866025 0.706534
-0.3 -0.519615 0.8 0.692243
-0.35 -0.606218 0.714143 0.647361
-0.4 -0.69282 0.6 0.641124
-0.45 -0.779423 0.43589 0.66912
-0.5 -0.866025 1.49012e-08 0.641895
-0 -0 1 0.720227
-0.034202 -0.0939693 0.994987 0.70892
-0.068404 -0.187939 0.979796 0.708552
-0.102606 -0.281908 0.953939 0.706984
-0.136808 -0.375877 0.916515 0.713038
-0.17101 -0.469846 0.866025 0.712229
-0.205212 -0.563816 0.8 0.700813
-0.239414 -0.657785 0.714143 0.675262
-0.273616 -0.751754 0.6 0.676088
-0.307818 -0.845723 0.43589 0.691498
-0.34202 -0.939693 1.49012e-08 0.641895
-0 -0 1 0.720227
-0.0173648 -0.0984808 0.994987 0.709051
-0.0347296 -0.196962 0.979796 0.710437
-0.0520945 -0.295442 0.953939 0.708533
-0.0694593 -0.393923 0.916515 0.718023
-0.0868241 -0.492404 0.866025 0.717152
-0.104189 -0.590885 0.8 0.704412
-0.121554 -0.689365 0.714143 0.692026
-0.138919 -0.787846 0.6 0.701964
-0.156283 -0.886327 0.43589 0.708654
-0.173648 -0.984808 1.49012e-08 0.641895
-0 -0 1 0.720227
-1.83697e-17 -0.1 0.994987 0.71024
-3.67394e-17 -0.2 0.979796 0.711509
-5.51091e-17 -0.3 0.953939 0.708387
-7.34788e-17 -0.4 0.916515 0.719756
-9.18485e-17 -0.5 0.866025 0.717421
-1.10218e-16 -0.6 0.8 0.701102
-1.28588e-16 -0.7 0.714143 0.694841
-1.46958e-16 -0.8 0.6 0.711192
-1.65327e-16 -0.9 0.43589 0.717333
-1.83697e-16 -1 1.49012e-08 0.641895
0 -0 1 0.720227
0.0173648 -0.0984808 0.994987 0.711503
0.0347296 -0.196962 0.979796 0.71293
0.0520945 -0.295442 0.953939 0.703919
0.0694593 -0.393923 0.916515 0.717619
0.0868241 -0.492404 0.866025 0.715003
0.104189 -0.590885 0.8 0.699099
0.121554 -0.689365 0.714143 0.695396
0.138919 -0.787846 0.6 0.714285
0.156283 -0.886327 0.43589 0.720207
0.173648 -0.984808 1.49012e-08 0.641895
0 -0 1 0.720227
0.034202 -0.0939693 0.994987 0.712391
0.068404 -0.187939 0.979796 0.713854
0.102606 -0.281908 0.953939 0.70599
0.136808 -0.375877 0.916515 0.713765
0.17101 -0.469846 0.866025 0.712842
0.205212 -0.563816 0.8 0.702861
0.239414 -0.657785 0.714143 0.694894
0.273616 -0.751754 0.6 0.714455
0.307818 -0.845723 0.43589 0.717208
0.34202 -0.939693 1.49012e-08 0.641895
0 -0 1 0.720227
0.05 -0.0866025 0.994987 0.71273
0.1 -0.173205 0.979796 0.714078
0.15 -0.259808 0.953939 0.70932
0.2 -0.34641 0.916515 0.710687
0.25 -0.433013 0.866025 0.70529
0.3 -0.519615 0.8 0.69475
0.35 -0.606218 0.714143 0.683272
0.4 -0.69282 0.6 0.706042
0.45 -0.779423 0.43589 0.71466
0.5 -0.866025 1.49012e-08 0.641895
0 -0 1 0.720227
0.0642788 -0.0766044 0.994987 0.7128
0.128558 -0.153209 0.979796 0.713811
0.192836 -0.229813 0.953939 0.717313
0.257115 -0.306418 0.916515 0.71526
0.321394 -0.383022 0.866025 0.701795
0.385673 -0.459627 0.8 0.674173
0.449951 -0.536231 0.714143 0.67417
0.51423 -0.612836 0.6 0.692672
0.578509 -0.68944 0.43589 0.712898
0.642788 -0.766044 1.49012e-08 0.641895
0 -0 1 0.720227
0.0766044 -0.0642788 0.994987 0.713143
0.153209 -0.128558 0.979796 0.714309
0.229813 -0.192836 0.953939 0.721073
0.306418 -0.257115 0.916515 0.717424
0.383022 -0.321394 0.866025 0.70379
0.459627 -0.385673 0.8 0.66107
0.536231 -0.449951 0.714143 0.657799
0.612836 -0.51423 0.6 0.67466
0.68944 -0.578509 0.43589 0.708519
0.766044 -0.642788 1.49012e-08 0.641895
0 -0 1 0.720227
0.0866025 -0.05 0.994987 0.713832
0.173205 -0.1 0.979796 0.716255
0.259808 -0.15 0.953939 0.72158
0.34641 -0.2 0.916515 0.715069
0.433013 -0.25 0.866025 0.70677
0.519615 -0.3 0.8 0.69247
0.606218 -0.35 0.714143 0.670032
0.69282 -0.4 0.6 0.670771
0.779423 -0.45 0.43589 0.707141
0.866025 -0.5 1.49012e-08 0.641895
0 -0 1 0.720227
0.0939693 -0.034202 0.994987 0.714456
0.187939 -0.068404 0.979796 0.717642
0.281908 -0.102606 0.953939 0.720229
0.375877 -0.136808 0.916515 0.706828
0.469846 -0.17101 0.866025 0.70191
0.563816 -0.205212 0.8 0.707711
0.657785 -0.239414 0.714143 0.703778
0.751754 -0.273616 0.6 0.685779
0.845723 -0.307818 0.43589 0.704418
0.939693 -0.34202 1.49012e-08 0.641895
0 -0 1 0.720227
0.0984808 -0.0173648 0.994987 0.714919
0.196962 -0.0347296 0.979796 0.717323
0.295442 -0.0520945 0.953939 0.718365
0.393923 -0.0694593 0.916515 0.707973
0.492404 -0.0868241 0.866025 0.701374
0.590885 -0.104189 0.8 0.709803
0.689365 -0.121554 0.714143 0.722486
0.787846 -0.138919 0.6 0.715694
0.886327 -0.156283 0.43589 0.684912
0.984808 -0.173648 1.49012e-08 0.641895
0 -0 1 0.720227
0.1 -2.44929e-17 0.994987 0.715575
0.2 -4.89859e-17 0.979796 0.714971
0.3 -7.34788e-17 0.953939 0.712893
0.4 -9.79717e-17 0.916515 0.702278
0.5 -1.22465e-16 0.866025 0.70464
0.6 -1.46958e-16 0.8 0.717114
0.7 -1.71451e-16 0.714143 0.721269
0.8 -1.95943e-16 0.6 0.722132
0.9 -2.20436e-16 0.43589 0.713896
1 -2.44929e-16 1.49012e-08 0.641895
