0 0 1 0.706787
0.1 0 0.994987 0.698016
0.2 0 0.979796 0.694854
0.3 0 0.953939 0.695804
0.4 0 0.916515 0.701528
0.5 0 0.866025 0.708915
0.6 0 0.8 0.708248
0.7 0 0.714143 0.699882
0.8 0 0.6 0.675578
0.9 0 0.43589 0.707387
1 0 1.49012e-08 0.693108
0 0 1 0.706787
0.0984808 0.0173648 0.994987 0.699859
0.196962 0.0347296 0.979796 0.700133
0.295442 0.0520945 0.953939 0.704542
0.393923 0.0694593 0.916515 0.710827
0.492404 0.0868241 0.866025 0.717378
0.590885 0.104189 0.8 0.718843
0.689365 0.121554 0.714143 0.719135
0.787846 0.138919 0.6 0.703942
0.886327 0.156283 0.43589 0.704794
0.984808 0.173648 1.49012e-08 0.693108
0 0 1 0.706787
0.0939693 0.034202 0.994987 0.703149
0.187939 0.068404 0.979796 0.703374
0.281908 0.102606 0.953939 0.704729
0.375877 0.136808 0.916515 0.707954
0.469846 0.17101 0.866025 0.71213
0.563816 0.205212 0.8 0.718982
0.657785 0.239414 0.714143 0.712126
0.751754 0.273616 0.6 0.677264
0.845723 0.307818 0.43589 0.715465
0.939693 0.34202 1.49012e-08 0.693108
0 0 1 0.706787
0.0866025 0.05 0.994987 0.706123
0.173205 0.1 0.979796 0.704977
0.259808 0.15 0.953939 0.699913
0.34641 0.2 0.916515 0.693425
0.433013 0.25 0.866025 0.698324
0.519615 0.3 0.8 0.706549
0.606218 0.35 0.714143 0.704937
0.69282 0.4 0.6 0.710589
0.779423 0.45 0.43589 0.723873
0.866025 0.5 1.49012e-08 0.693108
0 0 1 0.706787
0.0766044 0.0642788 0.994987 0.708321
0.153209 0.128558 0.979796 0.705878
0.229813 0.192836 0.953939 0.692729
0.306418 0.257115 0.916515 0.677486
0.383022 0.321394 0.866025 0.689845
0.459627 0.385673 0.8 0.712574
0.536231 0.449951 0.714143 0.712244
0.612836 0.51423 0.6 0.712749
0.68944 0.578509 0.43589 0.716831
0.766044 0.642788 1.49012e-08 0.693108
0 0 1 0.706787
0.0642788 0.0766044 0.994987 0.709887
0.128558 0.153209 0.979796 0.705849
0.192836 0.229813 0.953939 0.686977
0.257115 0.306418 0.916515 0.675761
0.321394 0.383022 0.866025 0.698257
0.385673 0.459627 0.8 0.711729
0.449951 0.536231 0.714143 0.711988
0.51423 0.612836 0.6 0.701209
0.578509 0.68944 0.43589 0.719136
0.642788 0.766044 1.49012e-08 0.693108
0 0 1 0.706787
0.05 0.0866025 0.994987 0.710676
0.1 0.173205 0.979796 0.705889
0.15 0.259808 0.953939 0.688364
0.2 0.34641 0.916515 0.68619
0.25 0.433013 0.866025 0.706128
0.3 0.519615 0.8 0.715629
0.35 0.606218 0.714143 0.71952
0.4 0.69282 0.6 0.708372
0.45 0.779423 0.43589 0.711874
0.5 0.866025 1.49012e-08 0.693108
0 0 1 0.706787
0.034202 0.0939693 0.994987 0.710874
0.068404 0.187939 0.979796 0.707148
0.102606 0.281908 0.953939 0.696733
0.136808 0.375877 0.916515 0.691017
0.17101 0.469846 0.866025 0.70801
0.205212 0.563816 0.8 0.717317
0.239414 0.657785 0.714143 0.715634
0.273616 0.751754 0.6 0.712415
0.307818 0.845723 0.43589 0.693172
0.34202 0.939693 1.49012e-08 0.693108
0 0 1 0.706787
0.0173648 0.0984808 0.994987 0.71055
0.0347296 0.196962 0.979796 0.707823
0.0520945 0.295442 0.953939 0.701152
0.0694593 0.393923 0.916515 0.683459
0.0868241 0.492404 0.866025 0.704341
0.104189 0.590885 0.8 0.712712
0.121554 0.689365 0.714143 0.711919
0.138919 0.787846 0.6 0.702015
0.156283 0.886327 0.43589 0.667822
0.173648 0.984808 1.49012e-08 0.693108
0 0 1 0.706787
6.12323e-18 0.1 0.994987 0.709665
1.22465e-17 0.2 0.979796 0.707676
1.83697e-17 0.3 0.953939 0.703393
2.44929e-17 0.4 0.916515 0.692188
3.06162e-17 0.5 0.866025 0.697787
3.67394e-17 0.6 0.8 0.698938
4.28626e-17 0.7 0.714143 0.694956
4.89859e-17 0.8 0.6 0.679851
5.51091e-17 0.9 0.43589 0.640665
6.12323e-17 1 1.49012e-08 0.693108
-0 0 1 0.706787
-0.0173648 0.0984808 0.994987 0.708345
-0.0347296 0.196962 0.979796 0.705365
-0.0520945 0.295442 0.953939 0.702582
-0.0694593 0.393923 0.916515 0.690367
-0.0868241 0.492404 0.866025 0.681773
-0.104189 0.590885 0.8 0.678515
-0.121554 0.689365 0.714143 0.657544
-0.138919 0.787846 0.6 0.64915
-0.156283 0.886327 0.43589 0.619807
-0.173648 0.984808 1.49012e-08 0.693108
-0 0 1 0.706787
-0.034202 0.0939693 0.994987 0.706913
-0.068404 0.187939 0.979796 0.702388
-0.102606 0.281908 0.953939 0.697152
-0.136808 0.375877 0.916515 0.678478
-0.17101 0.469846 0.866025 0.648048
-0.205212 0.563816 0.8 0.646946
-0.239414 0.657785 0.714143 0.616764
-0.273616 0.751754 0.6 0.618067
-0.307818 0.845723 0.43589 0.601073
-0.34202 0.939693 1.49012e-08 0.693108
-0 0 1 0.706787
-0.05 0.0866025 0.994987 0.705871
-0.1 0.173205 0.979796 0.698618
-0.15 0.259808 0.953939 0.69196
-0.2 0.34641 0.916515 0.668088
-0.25 0.433013 0.866025 0.611077
-0.3 0.519615 0.8 0.625326
-0.35 0.606218 0.714143 0.636605
-0.4 0.69282 0.6 0.634972
-0.45 0.779423 0.43589 0.634979
-0.5 0.866025 1.49012e-08 0.693108
-0 0 1 0.706787
-0.0642788 0.0766044 0.994987 0.705158
-0.128558 0.153209 0.979796 0.69818
-0.192836 0.229813 0.953939 0.69065
-0.257115 0.306418 0.916515 0.666015
-0.321394 0.383022 0.866025 0.631745
-0.385673 0.459627 0.8 0.62516
-0.449951 0.536231 0.714143 0.662755
-0.51423 0.612836 0.6 0.674836
-0.578509 0.68944 0.43589 0.672013
-0.642788 0.766044 1.49012e-08 0.693108
-0 0 1 0.706787
-0.0766044 0.0642788 0.994987 0.704419
-0.153209 0.128558 0.979796 0.696798
-0.229813 0.192836 0.953939 0.687368
-0.306418 0.257115 0.916515 0.664455
-0.383022 0.321394 0.866025 0.644234
-0.459627 0.385673 0.8 0.65787
-0.536231 0.449951 0.714143 0.679352
-0.612836 0.51423 0.6 0.696233
-0.68944 0.578509 0.43589 0.692328
-0.766044 0.642788 1.49012e-08 0.693108
-0 0 1 0.706787
-0.0866025 0.05 0.994987 0.70334
-0.173205 0.1 0.979796 0.695491
-0.259808 0.15 0.953939 0.682173
-0.34641 0.2 0.916515 0.65141
-0.433013 0.25 0.866025 0.638945
-0.519615 0.3 0.8 0.678711
-0.606218 0.35 0.714143 0.698717
-0.69282 0.4 0.6 0.69639
-0.779423 0.45 0.43589 0.707038
-0.866025 0.5 1.49012e-08 0.693108
-0 0 1 0.706787
-0.0939693 0.034202 0.994987 0.701737
-0.187939 0.068404 0.979796 0.694566
-0.281908 0.102606 0.953939 0.678472
-0.375877 0.136808 0.916515 0.646912
-0.469846 0.17101 0.866025 0.646772
-0.563816 0.205212 0.8 0.689421
-0.657785 0.239414 0.714143 0.708948
-0.751754 0.273616 0.6 0.701607
-0.845723 0.307818 0.43589 0.707346
-0.939693 0.34202 1.49012e-08 0.693108
-0 0 1 0.706787
-0.0984808 0.0173648 0.994987 0.69939
-0.196962 0.0347296 0.979796 0.694454
-0.295442 0.0520945 0.953939 0.678665
-0.393923 0.0694593 0.916515 0.655084
-0.492404 0.0868241 0.866025 0.655227
-0.590885 0.104189 0.8 0.690922
-0.689365 0.121554 0.714143 0.705421
-0.787846 0.138919 0.6 0.705255
-0.886327 0.156283 0.43589 0.712604
-0.984808 0.173648 1.49012e-08 0.693108
-0 0 1 0.706787
-0.1 1.22465e-17 0.994987 0.69619
-0.2 2.44929e-17 0.979796 0.694692
-0.3 3.67394e-17 0.953939 0.679298
-0.4 4.89859e-17 0.916515 0.643558
-0.5 6.12323e-17 0.866025 0.626998
-0.6 7.34788e-17 0.8 0.672045
-0.7 8.57253e-17 0.714143 0.687463
-0.8 9.79717e-17 0.6 0.676482
-0.9 1.10218e-16 0.43589 0.692472
-1 1.22465e-16 1.49012e-08 0.693108
-0 -0 1 0.706787
-0.0984808 -0.0173648 0.994987 0.692487
-0.196962 -0.0347296 0.979796 0.69504
-0.295442 -0.0520945 0.953939 0.682622
-0.393923 -0.0694593 0.916515 0.642
-0.492404 -0.0868241 0.866025 0.589528
-0.590885 -0.104189 0.8 0.65645
-0.689365 -0.121554 0.714143 0.688063
-0.787846 -0.138919 0.6 0.704945
-0.886327 -0.156283 0.43589 0.704032
-0.984808 -0.173648 1.49012e-08 0.693108
-0 -0 1 0.706787
-0.0939693 -0.034202 0.994987 0.689298
-0.187939 -0.068404 0.979796 0.696133
-0.281908 -0.102606 0.953939 0.69039
-0.375877 -0.136808 0.916515 0.663017
-0.469846 -0.17101 0.866025 0.633751
-0.563816 -0.205212 0.8 0.652678
-0.657785 -0.239414 0.714143 0.690382
-0.751754 -0.273616 0.6 0.711792
-0.845723 -0.307818 0.43589 0.719725
-0.939693 -0.34202 1.49012e-08 0.693108
-0 -0 1 0.706787
-0.0866025 -0.05 0.994987 0.686485
-0.173205 -0.1 0.979796 0.698182
-0.259808 -0.15 0.953939 0.698739
-0.34641 -0.2 0.916515 0.681613
-0.433013 -0.25 0.866025 0.647406
-0.519615 -0.3 0.8 0.634792
-0.606218 -0.35 0.714143 0.665611
-0.69282 -0.4 0.6 0.696467
-0.779423 -0.45 0.43589 0.698226
-0.866025 -0.5 1.49012e-08 0.693108
-0 -0 1 0.706787
-0.0766044 -0.0642788 0.994987 0.683513
-0.153209 -0.128558 0.979796 0.700009
-0.229813 -0.192836 0.953939 0.70429
-0.306418 -0.257115 0.916515 0.695626
-0.383022 -0.321394 0.866025 0.66698
-0.459627 -0.385673 0.8 0.650942
-0.536231 -0.449951 0.714143 0.64823
-0.612836 -0.51423 0.6 0.658296
-0.68944 -0.578509 0.43589 0.659886
-0.766044 -0.642788 1.49012e-08 0.693108
-0 -0 1 0.706787
-0.0642788 -0.0766044 0.994987 0.685802
-0.128558 -0.153209 0.979796 0.701342
-0.192836 -0.229813 0.953939 0.707637
-0.257115 -0.306418 0.916515 0.704784
-0.321394 -0.383022 0.866025 0.69555
-0.385673 -0.459627 0.8 0.686953
-0.449951 -0.536231 0.714143 0.677359
-0.51423 -0.612836 0.6 0.671275
-0.578509 -0.68944 0.43589 0.646383
-0.642788 -0.766044 1.49012e-08 0.693108
-0 -0 1 0.706787
-0.05 -0.0866025 0.994987 0.691178
-0.1 -0.173205 0.979796 0.702806
-0.15 -0.259808 0.953939 0.708391
-0.2 -0.34641 0.916515 0.707759
-0.25 -0.433013 0.866025 0.707918
-0.3 -0.519615 0.8 0.707176
-0.35 -0.606218 0.714143 0.700518
-0.4 -0.69282 0.6 0.696192
-0.45 -0.779423 0.43589 0.67825
-0.5 -0.866025 1.49012e-08 0.693108
-0 -0 1 0.706787
-0.034202 -0.0939693 0.994987 0.695822
-0.068404 -0.187939 0.979796 0.70432
-0.102606 -0.281908 0.953939 0.703866
-0.136808 -0.375877 0.916515 0.708289
-0.17101 -0.469846 0.866025 0.711695
-0.205212 -0.563816 0.8 0.71085
-0.239414 -0.657785 0.714143 0.697276
-0.273616 -0.751754 0.6 0.708489
-0.307818 -0.845723 0.43589 0.702467
-0.34202 -0.939693 1.49012e-08 0.693108
-0 -0 1 0.706787
-0.0173648 -0.0984808 0.994987 0.699373
-0.0347296 -0.196962 0.979796 0.70653
-0.0520945 -0.295442 0.953939 0.693743
-0.0694593 -0.393923 0.916515 0.699411
-0.0868241 -0.492404 0.866025 0.704403
-0.104189 -0.590885 0.8 0.709945
-0.121554 -0.689365 0.714143 0.706842
-0.138919 -0.787846 0.6 0.713223
-0.156283 -0.886327 0.43589 0.709854
-0.173648 -0.984808 1.49012e-08 0.693108
-0 -0 1 0.706787
-1.83697e-17 -0.1 0.994987 0.701797
-3.67394e-17 -0.2 0.979796 0.709219
-5.51091e-17 -0.3 0.953939 0.695392
-7.34788e-17 -0.4 0.916515 0.691097
-9.18485e-17 -0.5 0.866025 0.697236
-1.10218e-16 -0.6 0.8 0.704055
-1.28588e-16 -0.7 0.714143 0.711236
-1.46958e-16 -0.8 0.6 0.709186
-1.65327e-16 -0.9 0.43589 0.712106
-1.83697e-16 -1 1.49012e-08 0.693108
0 -0 1 0.706787
0.0173648 -0.0984808 0.994987 0.703432
0.0347296 -0.196962 0.979796 0.711395
0.0520945 -0.295442 0.953939 0.707358
0.0694593 -0.393923 0.916515 0.699432
0.0868241 -0.492404 0.866025 0.693937
0.104189 -0.590885 0.8 0.71181
0.121554 -0.689365 0.714143 0.713632
0.138919 -0.787846 0.6 0.70026
0.156283 -0.886327 0.43589 0.706062
0.173648 -0.984808 1.49012e-08 0.693108
0 -0 1 0.706787
0.034202 -0.0939693 0.994987 0.704244
0.068404 -0.187939 0.979796 0.712222
0.102606 -0.281908 0.953939 0.713986
0.136808 -0.375877 0.916515 0.710247
0.17101 -0.469846 0.866025 0.706556
0.205212 -0.563816 0.8 0.712356
0.239414 -0.657785 0.714143 0.71733
0.273616 -0.751754 0.6 0.702947
0.307818 -0.845723 0.43589 0.701698
0.34202 -0.939693 1.49012e-08 0.693108
0 -0 1 0.706787
0.05 -0.0866025 0.994987 0.704575
0.1 -0.173205 0.979796 0.712505
0.15 -0.259808 0.953939 0.715334
0.2 -0.34641 0.916515 0.713957
0.25 -0.433013 0.866025 0.70455
0.3 -0.519615 0.8 0.704648
0.35 -0.606218 0.714143 0.708609
0.4 -0.69282 0.6 0.712639
0.45 -0.779423 0.43589 0.715296
0.5 -0.866025 1.49012e-08 0.693108
0 -0 1 0.706787
0.0642788 -0.0766044 0.994987 0.704269
0.128558 -0.153209 0.979796 0.710765
0.192836 -0.229813 0.953939 0.716564
0.257115 -0.306418 0.916515 0.712394
0.321394 -0.383022 0.866025 0.695923
0.385673 -0.459627 0.8 0.684532
0.449951 -0.536231 0.714143 0.691066
0.51423 -0.612836 0.6 0.706977
0.578509 -0.68944 0.43589 0.721141
0.642788 -0.766044 1.49012e-08 0.693108
0 -0 1 0.706787
0.0766044 -0.0642788 0.994987 0.703056
0.153209 -0.128558 0.979796 0.705455
0.229813 -0.192836 0.953939 0.713939
0.306418 -0.257115 0.916515 0.710396
0.383022 -0.321394 0.866025 0.695428
0.459627 -0.385673 0.8 0.652633
0.536231 -0.449951 0.714143 0.641285
0.612836 -0.51423 0.6 0.682681
0.68944 -0.578509 0.43589 0.713749
0.766044 -0.642788 1.49012e-08 0.693108
0 -0 1 0.706787
0.0866025 -0.05 0.994987 0.701309
0.173205 -0.1 0.979796 0.696366
0.259808 -0.15 0.953939 0.707906
0.34641 -0.2 0.916515 0.708894
0.433013 -0.25 0.866025 0.702102
0.519615 -0.3 0.8 0.682701
0.606218 -0.35 0.714143 0.662159
0.69282 -0.4 0.6 0.649265
0.779423 -0.45 0.43589 0.704501
0.866025 -0.5 1.49012e-08 0.693108
0 -0 1 0.706787
0.0939693 -0.034202 0.994987 0.699565
0.187939 -0.068404 0.979796 0.684065
0.281908 -0.102606 0.953939 0.699392
0.375877 -0.136808 0.916515 0.704636
0.469846 -0.17101 0.866025 0.705255
0.563816 -0.205212 0.8 0.705677
0.657785 -0.239414 0.714143 0.702829
0.751754 -0.273616 0.6 0.697878
0.845723 -0.307818 0.43589 0.707161
0.939693 -0.34202 1.49012e-08 0.693108
0 -0 1 0.706787
0.0984808 -0.0173648 0.994987 0.698335
0.196962 -0.0347296 0.979796 0.687552
0.295442 -0.0520945 0.953939 0.688745
0.393923 -0.0694593 0.916515 0.692715
0.492404 -0.0868241 0.866025 0.698615
0.590885 -0.104189 0.8 0.704751
0.689365 -0.121554 0.714143 0.711608
0.787846 -0.138919 0.6 0.715056
0.886327 -0.156283 0.43589 0.710161
0.984808 -0.173648 1.49012e-08 0.693108
0 -0 1 0.706787
0.1 -2.44929e-17 0.994987 0.698016
0.2 -4.89859e-17 0.979796 0.694854
0.3 -7.34788e-17 0.953939 0.695804
0.4 -9.79717e-17 0.916515 0.701528
0.5 -1.22465e-16 0.866025 0.708915
0.6 -1.46958e-16 0.8 0.708248
0.7 -1.71451e-16 0.714143 0.699882
0.8 -1.95943e-16 0.6 0.675578
0.9 -2.20436e-16 0.43589 0.707387
1 -2.44929e-16 1.49012e-08 0.693108
