0 0 1 0.719866
0.1 0 0.994987 0.704784
0.2 0 0.979796 0.694838
0.3 0 0.953939 0.678106
0.4 0 0.916515 0.651965
0.5 0 0.866025 0.610277
0.6 0 0.8 0.61618
0.7 0 0.714143 0.671844
0.8 0 0.6 0.702805
0.9 0 0.43589 0.683115
1 0 1.49012e-08 0.66687
0 0 1 0.719866
0.0984808 0.0173648 0.994987 0.703915
0.196962 0.0347296 0.979796 0.691822
0.295442 0.0520945 0.953939 0.681238
0.393923 0.0694593 0.916515 0.668511
0.492404 0.0868241 0.866025 0.654208
0.590885 0.104189 0.8 0.640737
0.689365 0.121554 0.714143 0.650432
0.787846 0.138919 0.6 0.685989
0.886327 0.156283 0.43589 0.710112
0.984808 0.173648 1.49012e-08 0.66687
0 0 1 0.719866
0.0939693 0.034202 0.994987 0.704781
0.187939 0.068404 0.979796 0.689608
0.281908 0.102606 0.953939 0.680961
0.375877 0.136808 0.916515 0.688244
0.469846 0.17101 0.866025 0.685625
0.563816 0.205212 0.8 0.668487
0.657785 0.239414 0.714143 0.638522
0.751754 0.273616 0.6 0.615924
0.845723 0.307818 0.43589 0.670556
0.939693 0.34202 1.49012e-08 0.66687
0 0 1 0.719866
0.0866025 0.05 0.994987 0.705903
0.173205 0.1 0.979796 0.685552
0.259808 0.15 0.953939 0.679792
0.34641 0.2 0.916515 0.700325
0.433013 0.25 0.866025 0.701943
0.519615 0.3 0.8 0.696504
0.606218 0.35 0.714143 0.671983
0.69282 0.4 0.6 0.640703
0.779423 0.45 0.43589 0.659475
0.866025 0.5 1.49012e-08 0.66687
0 0 1 0.719866
0.0766044 0.0642788 0.994987 0.706967
0.153209 0.128558 0.979796 0.682938
0.229813 0.192836 0.953939 0.679924
0.306418 0.257115 0.916515 0.705369
0.383022 0.321394 0.866025 0.710675
0.459627 0.385673 0.8 0.710112
0.536231 0.449951 0.714143 0.704469
0.612836 0.51423 0.6 0.696177
0.68944 0.578509 0.43589 0.689655
0.766044 0.642788 1.49012e-08 0.66687
0 0 1 0.719866
0.0642788 0.0766044 0.994987 0.708167
0.128558 0.153209 0.979796 0.683173
0.192836 0.229813 0.953939 0.672871
0.257115 0.306418 0.916515 0.703575
0.321394 0.383022 0.866025 0.714332
0.385673 0.459627 0.8 0.70829
0.449951 0.536231 0.714143 0.712077
0.51423 0.612836 0.6 0.708991
0.578509 0.68944 0.43589 0.689029
0.642788 0.766044 1.49012e-08 0.66687
0 0 1 0.719866
0.05 0.0866025 0.994987 0.709644
0.1 0.173205 0.979796 0.684435
0.15 0.259808 0.953939 0.675207
0.2 0.34641 0.916515 0.701954
0.25 0.433013 0.866025 0.715356
0.3 0.519615 0.8 0.710886
0.35 0.606218 0.714143 0.710668
0.4 0.69282 0.6 0.699727
0.45 0.779423 0.43589 0.681829
0.5 0.866025 1.49012e-08 0.66687
0 0 1 0.719866
0.034202 0.0939693 0.994987 0.711272
0.068404 0.187939 0.979796 0.687272
0.102606 0.281908 0.953939 0.679234
0.136808 0.375877 0.916515 0.698276
0.17101 0.469846 0.866025 0.710579
0.205212 0.563816 0.8 0.713329
0.239414 0.657785 0.714143 0.708657
0.273616 0.751754 0.6 0.669916
0.307818 0.845723 0.43589 0.672663
0.34202 0.939693 1.49012e-08 0.66687
0 0 1 0.719866
0.0173648 0.0984808 0.994987 0.712903
0.0347296 0.196962 0.979796 0.693068
0.0520945 0.295442 0.953939 0.678968
0.0694593 0.393923 0.916515 0.689565
0.0868241 0.492404 0.866025 0.698596
0.104189 0.590885 0.8 0.700432
0.121554 0.689365 0.714143 0.69914
0.138919 0.787846 0.6 0.681523
0.156283 0.886327 0.43589 0.67657
0.173648 0.984808 1.49012e-08 0.66687
0 0 1 0.719866
6.12323e-18 0.1 0.994987 0.714465
1.22465e-17 0.2 0.979796 0.699615
1.83697e-17 0.3 0.953939 0.679564
2.44929e-17 0.4 0.916515 0.679933
3.06162e-17 0.5 0.866025 0.679661
3.67394e-17 0.6 0.8 0.671483
4.28626e-17 0.7 0.714143 0.682447
4.89859e-17 0.8 0.6 0.690078
5.51091e-17 0.9 0.43589 0.694101
6.12323e-17 1 1.49012e-08 0.66687
-0 0 1 0.719866
-0.0173648 0.0984808 0.994987 0.716117
-0.0347296 0.196962 0.979796 0.70535
-0.0520945 0.295442 0.953939 0.683498
-0.0694593 0.393923 0.916515 0.670858
-0.0868241 0.492404 0.866025 0.654773
-0.104189 0.590885 0.8 0.625507
-0.121554 0.689365 0.714143 0.662033
-0.138919 0.787846 0.6 0.698796
-0.156283 0.886327 0.43589 0.705063
-0.173648 0.984808 1.49012e-08 0.66687
-0 0 1 0.719866
-0.034202 0.0939693 0.994987 0.7177
-0.068404 0.187939 0.979796 0.709822
-0.102606 0.281908 0.953939 0.690491
-0.136808 0.375877 0.916515 0.663251
-0.17101 0.469846 0.866025 0.632937
-0.205212 0.563816 0.8 0.619882
-0.239414 0.657785 0.714143 0.655506
-0.273616 0.751754 0.6 0.698389
-0.307818 0.845723 0.43589 0.70607
-0.34202 0.939693 1.49012e-08 0.66687
-0 0 1 0.719866
-0.05 0.0866025 0.994987 0.718918
-0.1 0.173205 0.979796 0.712978
-0.15 0.259808 0.953939 0.69586
-0.2 0.34641 0.916515 0.657413
-0.25 0.433013 0.866025 0.616803
-0.3 0.519615 0.8 0.633104
-0.35 0.606218 0.714143 0.661751
-0.4 0.69282 0.6 0.685753
-0.45 0.779423 0.43589 0.710747
-0.5 0.866025 1.49012e-08 0.66687
-0 0 1 0.719866
-0.0642788 0.0766044 0.994987 0.719837
-0.128558 0.153209 0.979796 0.714752
-0.192836 0.229813 0.953939 0.701463
-0.257115 0.306418 0.916515 0.671402
-0.321394 0.383022 0.866025 0.651721
-0.385673 0.459627 0.8 0.663341
-0.449951 0.536231 0.714143 0.683611
-0.51423 0.612836 0.6 0.682156
-0.578509 0.68944 0.43589 0.706067
-0.642788 0.766044 1.49012e-08 0.66687
-0 0 1 0.719866
-0.0766044 0.0642788 0.994987 0.720548
-0.153209 0.128558 0.979796 0.715524
-0.229813 0.192836 0.953939 0.706395
-0.306418 0.257115 0.916515 0.687122
-0.383022 0.321394 0.866025 0.679674
-0.459627 0.385673 0.8 0.691837
-0.536231 0.449951 0.714143 0.699938
-0.612836 0.51423 0.6 0.698714
-0.68944 0.578509 0.43589 0.687315
-0.766044 0.642788 1.49012e-08 0.66687
-0 0 1 0.719866
-0.0866025 0.05 0.994987 0.72102
-0.173205 0.1 0.979796 0.717651
-0.259808 0.15 0.953939 0.708167
-0.34641 0.2 0.916515 0.69119
-0.433013 0.25 0.866025 0.691958
-0.519615 0.3 0.8 0.708857
-0.606218 0.35 0.714143 0.7115
-0.69282 0.4 0.6 0.717971
-0.779423 0.45 0.43589 0.692926
-0.866025 0.5 1.49012e-08 0.66687
-0 0 1 0.719866
-0.0939693 0.034202 0.994987 0.721353
-0.187939 0.068404 0.979796 0.720209
-0.281908 0.102606 0.953939 0.708138
-0.375877 0.136808 0.916515 0.688933
-0.469846 0.17101 0.866025 0.679264
-0.563816 0.205212 0.8 0.712993
-0.657785 0.239414 0.714143 0.721138
-0.751754 0.273616 0.6 0.706401
-0.845723 0.307818 0.43589 0.714242
-0.939693 0.34202 1.49012e-08 0.66687
-0 0 1 0.719866
-0.0984808 0.0173648 0.994987 0.721571
-0.196962 0.0347296 0.979796 0.721511
-0.295442 0.0520945 0.953939 0.711217
-0.393923 0.0694593 0.916515 0.691582
-0.492404 0.0868241 0.866025 0.689563
-0.590885 0.104189 0.8 0.709458
-0.689365 0.121554 0.714143 0.716124
-0.787846 0.138919 0.6 0.704172
-0.886327 0.156283 0.43589 0.715037
-0.984808 0.173648 1.49012e-08 0.66687
-0 0 1 0.719866
-0.1 1.22465e-17 0.994987 0.721129
-0.2 2.44929e-17 0.979796 0.721178
-0.3 3.67394e-17 0.953939 0.713814
-0.4 4.89859e-17 0.916515 0.690611
-0.5 6.12323e-17 0.866025 0.683474
-0.6 7.34788e-17 0.8 0.685359
-0.7 8.57253e-17 0.714143 0.698693
-0.8 9.79717e-17 0.6 0.715307
-0.9 1.10218e-16 0.43589 0.714558
-1 1.22465e-16 1.49012e-08 0.66687
-0 -0 1 0.719866
-0.0984808 -0.0173648 0.994987 0.719871
-0.196962 -0.0347296 0.979796 0.719595
-0.295442 -0.0520945 0.953939 0.714274
-0.393923 -0.0694593 0.916515 0.686138
-0.492404 -0.0868241 0.866025 0.669269
-0.590885 -0.104189 0.8 0.643018
-0.689365 -0.121554 0.714143 0.670318
-0.787846 -0.138919 0.6 0.701845
-0.886327 -0.156283 0.43589 0.718413
-0.984808 -0.173648 1.49012e-08 0.66687
-0 -0 1 0.719866
-0.0939693 -0.034202 0.994987 0.718678
-0.187939 -0.068404 0.979796 0.718337
-0.281908 -0.102606 0.953939 0.715071
-0.375877 -0.136808 0.916515 0.693305
-0.469846 -0.17101 0.866025 0.674472
-0.563816 -0.205212 0.8 0.648138
-0.657785 -0.239414 0.714143 0.665505
-0.751754 -0.273616 0.6 0.691827
-0.845723 -0.307818 0.43589 0.704446
-0.939693 -0.34202 1.49012e-08 0.66687
-0 -0 1 0.719866
-0.0866025 -0.05 0.994987 0.71852
-0.173205 -0.1 0.979796 0.718999
-0.259808 -0.15 0.953939 0.714909
-0.34641 -0.2 0.916515 0.69621
-0.433013 -0.25 0.866025 0.683839
-0.519615 -0.3 0.8 0.66229
-0.606218 -0.35 0.714143 0.674128
-0.69282 -0.4 0.6 0.689524
-0.779423 -0.45 0.43589 0.686268
-0.866025 -0.5 1.49012e-08 0.66687
-0 -0 1 0.719866
-0.0766044 -0.0642788 0.994987 0.71771
-0.153209 -0.128558 0.979796 0.717698
-0.229813 -0.192836 0.953939 0.712155
-0.306418 -0.257115 0.916515 0.702828
-0.383022 -0.321394 0.866025 0.698899
-0.459627 -0.385673 0.8 0.686251
-0.536231 -0.449951 0.714143 0.700963
-0.612836 -0.51423 0.6 0.708116
-0.68944 -0.578509 0.43589 0.71019
-0.766044 -0.642788 1.49012e-08 0.66687
-0 -0 1 0.719866
-0.0642788 -0.0766044 0.994987 0.716458
-0.128558 -0.153209 0.979796 0.715065
-0.192836 -0.229813 0.953939 0.705754
-0.257115 -0.306418 0.916515 0.70511
-0.321394 -0.383022 0.866025 0.711066
-0.385673 -0.459627 0.8 0.710961
-0.449951 -0.536231 0.714143 0.715634
-0.51423 -0.612836 0.6 0.720778
-0.578509 -0.68944 0.43589 0.704671
-0.642788 -0.766044 1.49012e-08 0.66687
-0 -0 1 0.719866
-0.05 -0.0866025 0.994987 0.715439
-0.1 -0.173205 0.979796 0.712237
-0.15 -0.259808 0.953939 0.692202
-0.2 -0.34641 0.916515 0.704398
-0.25 -0.433013 0.866025 0.715877
-0.3 -0.519615 0.8 0.71807
-0.35 -0.606218 0.714143 0.711095
-0.4 -0.69282 0.6 0.717184
-0.45 -0.779423 0.43589 0.682136
-0.5 -0.866025 1.49012e-08 0.66687
-0 -0 1 0.719866
-0.034202 -0.0939693 0.994987 0.715221
-0.068404 -0.187939 0.979796 0.710475
-0.102606 -0.281908 0.953939 0.694205
-0.136808 -0.375877 0.916515 0.696329
-0.17101 -0.469846 0.866025 0.717216
-0.205212 -0.563816 0.8 0.719158
-0.239414 -0.657785 0.714143 0.712965
-0.273616 -0.751754 0.6 0.701918
-0.307818 -0.845723 0.43589 0.653734
-0.34202 -0.939693 1.49012e-08 0.66687
-0 -0 1 0.719866
-0.0173648 -0.0984808 0.994987 0.715928
-0.0347296 -0.196962 0.979796 0.710147
-0.0520945 -0.295442 0.953939 0.693994
-0.0694593 -0.393923 0.916515 0.701845
-0.0868241 -0.492404 0.866025 0.716484
-0.104189 -0.590885 0.8 0.72051
-0.121554 -0.689365 0.714143 0.705091
-0.138919 -0.787846 0.6 0.668269
-0.156283 -0.886327 0.43589 0.631982
-0.173648 -0.984808 1.49012e-08 0.66687
-0 -0 1 0.719866
-1.83697e-17 -0.1 0.994987 0.7168
-3.67394e-17 -0.2 0.979796 0.711621
-5.51091e-17 -0.3 0.953939 0.692546
-7.34788e-17 -0.4 0.916515 0.707621
-9.18485e-17 -0.5 0.866025 0.716803
-1.10218e-16 -0.6 0.8 0.714239
-1.28588e-16 -0.7 0.714143 0.687418
-1.46958e-16 -0.8 0.6 0.614447
-1.65327e-16 -0.9 0.43589 0.644557
-1.83697e-16 -1 1.49012e-08 0.66687
0 -0 1 0.719866
0.0173648 -0.0984808 0.994987 0.717236
0.0347296 -0.196962 0.979796 0.713385
0.0520945 -0.295442 0.953939 0.704326
0.0694593 -0.393923 0.916515 0.708599
0.0868241 -0.492404 0.866025 0.713579
0.104189 -0.590885 0.8 0.702124
0.121554 -0.689365 0.714143 0.66713
0.138919 -0.787846 0.6 0.620927
0.156283 -0.886327 0.43589 0.661024
0.173648 -0.984808 1.49012e-08 0.66687
0 -0 1 0.719866
0.034202 -0.0939693 0.994987 0.717042
0.068404 -0.187939 0.979796 0.714007
0.102606 -0.281908 0.953939 0.706945
0.136808 -0.375877 0.916515 0.705111
0.17101 -0.469846 0.866025 0.701855
0.205212 -0.563816 0.8 0.682675
0.239414 -0.657785 0.714143 0.646727
0.273616 -0.751754 0.6 0.646337
0.307818 -0.845723 0.43589 0.677778
0.34202 -0.939693 1.49012e-08 0.66687
0 -0 1 0.719866
0.05 -0.0866025 0.994987 0.716837
0.1 -0.173205 0.979796 0.714372
0.15 -0.259808 0.953939 0.702858
0.2 -0.34641 0.916515 0.697905
0.25 -0.433013 0.866025 0.681212
0.3 -0.519615 0.8 0.655498
0.35 -0.606218 0.714143 0.645663
0.4 -0.69282 0.6 0.677351
0.45 -0.779423 0.43589 0.692611
0.5 -0.866025 1.49012e-08 0.66687
0 -0 1 0.719866
0.0642788 -0.0766044 0.994987 0.716326
0.128558 -0.153209 0.979796 0.713935
0.192836 -0.229813 0.953939 0.702688
0.257115 -0.306418 0.916515 0.685692
0.321394 -0.383022 0.866025 0.65386
0.385673 -0.459627 0.8 0.618904
0.449951 -0.536231 0.714143 0.653205
0.51423 -0.612836 0.6 0.694275
0.578509 -0.68944 0.43589 0.701823
0.642788 -0.766044 1.49012e-08 0.66687
0 -0 1 0.719866
0.0766044 -0.0642788 0.994987 0.715118
0.153209 -0.128558 0.979796 0.711824
0.229813 -0.192836 0.953939 0.699206
0.306418 -0.257115 0.916515 0.670803
0.383022 -0.321394 0.866025 0.620717
0.459627 -0.385673 0.8 0.578566
0.536231 -0.449951 0.714143 0.637088
0.612836 -0.51423 0.6 0.694337
0.68944 -0.578509 0.43589 0.705166
0.766044 -0.642788 1.49012e-08 0.66687
0 -0 1 0.719866
0.0866025 -0.05 0.994987 0.713213
0.173205 -0.1 0.979796 0.707813
0.259808 -0.15 0.953939 0.692978
0.34641 -0.2 0.916515 0.656088
0.433013 -0.25 0.866025 0.587407
0.519615 -0.3 0.8 0.564994
0.606218 -0.35 0.714143 0.632483
0.69282 -0.4 0.6 0.677935
0.779423 -0.45 0.43589 0.69011
0.866025 -0.5 1.49012e-08 0.66687
0 -0 1 0.719866
0.0939693 -0.034202 0.994987 0.710681
0.187939 -0.068404 0.979796 0.703228
0.281908 -0.102606 0.953939 0.685794
0.375877 -0.136808 0.916515 0.645804
0.469846 -0.17101 0.866025 0.5737
0.563816 -0.205212 0.8 0.577865
0.657785 -0.239414 0.714143 0.650794
0.751754 -0.273616 0.6 0.680396
0.845723 -0.307818 0.43589 0.655375
0.939693 -0.34202 1.49012e-08 0.66687
0 -0 1 0.719866
0.0984808 -0.0173648 0.994987 0.707637
0.196962 -0.0347296 0.979796 0.698473
0.295442 -0.0520945 0.953939 0.679018
0.393923 -0.0694593 0.916515 0.643704
0.492404 -0.0868241 0.866025 0.573718
0.590885 -0.104189 0.8 0.594272
0.689365 -0.121554 0.714143 0.665153
0.787846 -0.138919 0.6 0.687683
0.886327 -0.156283 0.43589 0.698373
0.984808 -0.173648 1.49012e-08 0.66687
0 -0 1 0.719866
0.1 -2.44929e-17 0.994987 0.704784
0.2 -4.89859e-17 0.979796 0.694838
0.3 -7.34788e-17 0.953939 0.678106
0.4 -9.79717e-17 0.916515 0.651965
0.5 -1.22465e-16 0.866025 0.610277
0.6 -1.46958e-16 0.8 0.61618
0.7 -1.71451e-16 0.714143 0.671844
0.8 -1.95943e-16 0.6 0.702805
0.9 -2.20436e-16 0.43589 0.683115
1 -2.44929e-16 1.49012e-08 0.66687
