0 0 1 0.685061
0.1 0 0.994987 0.693489
0.2 0 0.979796 0.695839
0.3 0 0.953939 0.687625
0.4 0 0.916515 0.691862
0.5 0 0.866025 0.701278
0.6 0 0.8 0.678842
0.7 0 0.714143 0.638203
0.8 0 0.6 0.646802
0.9 0 0.43589 0.674564
1 0 1.49012e-08 0.652271
0 0 1 0.685061
0.0984808 0.0173648 0.994987 0.688745
0.196962 0.0347296 0.979796 0.692486
0.295442 0.0520945 0.953939 0.695596
0.393923 0.0694593 0.916515 0.700726
0.492404 0.0868241 0.866025 0.707614
0.590885 0.104189 0.8 0.686422
0.689365 0.121554 0.714143 0.63584
0.787846 0.138919 0.6 0.655249
0.886327 0.156283 0.43589 0.691634
0.984808 0.173648 1.49012e-08 0.652271
0 0 1 0.685061
0.0939693 0.034202 0.994987 0.68333
0.187939 0.068404 0.979796 0.687336
0.281908 0.102606 0.953939 0.699466
0.375877 0.136808 0.916515 0.709365
0.469846 0.17101 0.866025 0.709995
0.563816 0.205212 0.8 0.698006
0.657785 0.239414 0.714143 0.656957
0.751754 0.273616 0.6 0.644023
0.845723 0.307818 0.43589 0.654693
0.939693 0.34202 1.49012e-08 0.652271
0 0 1 0.685061
0.0866025 0.05 0.994987 0.677504
0.173205 0.1 0.979796 0.678884
0.259808 0.15 0.953939 0.699514
0.34641 0.2 0.916515 0.711096
0.433013 0.25 0.866025 0.710562
0.519615 0.3 0.8 0.705225
0.606218 0.35 0.714143 0.682872
0.69282 0.4 0.6 0.627778
0.779423 0.45 0.43589 0.545474
0.866025 0.5 1.49012e-08 0.652271
0 0 1 0.685061
0.0766044 0.0642788 0.994987 0.671911
0.153209 0.128558 0.979796 0.669064
0.229813 0.192836 0.953939 0.693184
0.306418 0.257115 0.916515 0.706233
0.383022 0.321394 0.866025 0.708888
0.459627 0.385673 0.8 0.702703
0.536231 0.449951 0.714143 0.68132
0.612836 0.51423 0.6 0.618221
0.68944 0.578509 0.43589 0.568853
0.766044 0.642788 1.49012e-08 0.652271
0 0 1 0.685061
0.0642788 0.0766044 0.994987 0.667025
0.128558 0.153209 0.979796 0.6627
0.192836 0.229813 0.953939 0.682188
0.257115 0.306418 0.916515 0.692778
0.321394 0.383022 0.866025 0.695977
0.385673 0.459627 0.8 0.683638
0.449951 0.536231 0.714143 0.678791
0.51423 0.612836 0.6 0.654301
0.578509 0.68944 0.43589 0.627809
0.642788 0.766044 1.49012e-08 0.652271
0 0 1 0.685061
0.05 0.0866025 0.994987 0.662519
0.1 0.173205 0.979796 0.656135
0.15 0.259808 0.953939 0.66691
0.2 0.34641 0.916515 0.675784
0.25 0.433013 0.866025 0.68288
0.3 0.519615 0.8 0.679102
0.35 0.606218 0.714143 0.685057
0.4 0.69282 0.6 0.680329
0.45 0.779423 0.43589 0.669964
0.5 0.866025 1.49012e-08 0.652271
0 0 1 0.685061
0.034202 0.0939693 0.994987 0.658021
0.068404 0.187939 0.979796 0.647051
0.102606 0.281908 0.953939 0.646963
0.136808 0.375877 0.916515 0.65804
0.17101 0.469846 0.866025 0.683968
0.205212 0.563816 0.8 0.688049
0.239414 0.657785 0.714143 0.705212
0.273616 0.751754 0.6 0.694483
0.307818 0.845723 0.43589 0.689667
0.34202 0.939693 1.49012e-08 0.652271
0 0 1 0.685061
0.0173648 0.0984808 0.994987 0.653561
0.0347296 0.196962 0.979796 0.637205
0.0520945 0.295442 0.953939 0.624048
0.0694593 0.393923 0.916515 0.660189
0.0868241 0.492404 0.866025 0.695496
0.104189 0.590885 0.8 0.709253
0.121554 0.689365 0.714143 0.713468
0.138919 0.787846 0.6 0.697316
0.156283 0.886327 0.43589 0.697447
0.173648 0.984808 1.49012e-08 0.652271
0 0 1 0.685061
6.12323e-18 0.1 0.994987 0.649393
1.22465e-17 0.2 0.979796 0.627972
1.83697e-17 0.3 0.953939 0.630568
2.44929e-17 0.4 0.916515 0.671986
3.06162e-17 0.5 0.866025 0.703818
3.67394e-17 0.6 0.8 0.712023
4.28626e-17 0.7 0.714143 0.714758
4.89859e-17 0.8 0.6 0.68809
5.51091e-17 0.9 0.43589 0.69868
6.12323e-17 1 1.49012e-08 0.652271
-0 0 1 0.685061
-0.0173648 0.0984808 0.994987 0.646053
-0.0347296 0.196962 0.979796 0.62667
-0.0520945 0.295442 0.953939 0.6479
-0.0694593 0.393923 0.916515 0.679528
-0.0868241 0.492404 0.866025 0.705706
-0.104189 0.590885 0.8 0.716348
-0.121554 0.689365 0.714143 0.712735
-0.138919 0.787846 0.6 0.680238
-0.156283 0.886327 0.43589 0.689993
-0.173648 0.984808 1.49012e-08 0.652271
-0 0 1 0.685061
-0.034202 0.0939693 0.994987 0.644099
-0.068404 0.187939 0.979796 0.631929
-0.102606 0.281908 0.953939 0.660208
-0.136808 0.375877 0.916515 0.679989
-0.17101 0.469846 0.866025 0.702512
-0.205212 0.563816 0.8 0.716256
-0.239414 0.657785 0.714143 0.714707
-0.273616 0.751754 0.6 0.694369
-0.307818 0.845723 0.43589 0.684942
-0.34202 0.939693 1.49012e-08 0.652271
-0 0 1 0.685061
-0.05 0.0866025 0.994987 0.644601
-0.1 0.173205 0.979796 0.640456
-0.15 0.259808 0.953939 0.669911
-0.2 0.34641 0.916515 0.672238
-0.25 0.433013 0.866025 0.69517
-0.3 0.519615 0.8 0.703168
-0.35 0.606218 0.714143 0.711985
-0.4 0.69282 0.6 0.696759
-0.45 0.779423 0.43589 0.69803
-0.5 0.866025 1.49012e-08 0.652271
-0 0 1 0.685061
-0.0642788 0.0766044 0.994987 0.647536
-0.128558 0.153209 0.979796 0.650632
-0.192836 0.229813 0.953939 0.680469
-0.257115 0.306418 0.916515 0.685565
-0.321394 0.383022 0.866025 0.693032
-0.385673 0.459627 0.8 0.692167
-0.449951 0.536231 0.714143 0.701309
-0.51423 0.612836 0.6 0.691439
-0.578509 0.68944 0.43589 0.699527
-0.642788 0.766044 1.49012e-08 0.652271
-0 0 1 0.685061
-0.0766044 0.0642788 0.994987 0.651726
-0.153209 0.128558 0.979796 0.659486
-0.229813 0.192836 0.953939 0.69076
-0.306418 0.257115 0.916515 0.699728
-0.383022 0.321394 0.866025 0.699739
-0.459627 0.385673 0.8 0.696971
-0.536231 0.449951 0.714143 0.689141
-0.612836 0.51423 0.6 0.678619
-0.68944 0.578509 0.43589 0.685277
-0.766044 0.642788 1.49012e-08 0.652271
-0 0 1 0.685061
-0.0866025 0.05 0.994987 0.656323
-0.173205 0.1 0.979796 0.665767
-0.259808 0.15 0.953939 0.698079
-0.34641 0.2 0.916515 0.710728
-0.433013 0.25 0.866025 0.714566
-0.519615 0.3 0.8 0.708941
-0.606218 0.35 0.714143 0.693579
-0.69282 0.4 0.6 0.662005
-0.779423 0.45 0.43589 0.636816
-0.866025 0.5 1.49012e-08 0.652271
-0 0 1 0.685061
-0.0939693 0.034202 0.994987 0.661255
-0.187939 0.068404 0.979796 0.67098
-0.281908 0.102606 0.953939 0.701863
-0.375877 0.136808 0.916515 0.715028
-0.469846 0.17101 0.866025 0.717734
-0.563816 0.205212 0.8 0.71525
-0.657785 0.239414 0.714143 0.698756
-0.751754 0.273616 0.6 0.679865
-0.845723 0.307818 0.43589 0.570112
-0.939693 0.34202 1.49012e-08 0.652271
-0 0 1 0.685061
-0.0984808 0.0173648 0.994987 0.66669
-0.196962 0.0347296 0.979796 0.67607
-0.295442 0.0520945 0.953939 0.70184
-0.393923 0.0694593 0.916515 0.713552
-0.492404 0.0868241 0.866025 0.717832
-0.590885 0.104189 0.8 0.701447
-0.689365 0.121554 0.714143 0.695427
-0.787846 0.138919 0.6 0.69678
-0.886327 0.156283 0.43589 0.691002
-0.984808 0.173648 1.49012e-08 0.652271
-0 0 1 0.685061
-0.1 1.22465e-17 0.994987 0.672229
-0.2 2.44929e-17 0.979796 0.679221
-0.3 3.67394e-17 0.953939 0.695703
-0.4 4.89859e-17 0.916515 0.712842
-0.5 6.12323e-17 0.866025 0.71659
-0.6 7.34788e-17 0.8 0.701513
-0.7 8.57253e-17 0.714143 0.689599
-0.8 9.79717e-17 0.6 0.699127
-0.9 1.10218e-16 0.43589 0.715223
-1 1.22465e-16 1.49012e-08 0.652271
-0 -0 1 0.685061
-0.0984808 -0.0173648 0.994987 0.677646
-0.196962 -0.0347296 0.979796 0.681064
-0.295442 -0.0520945 0.953939 0.684903
-0.393923 -0.0694593 0.916515 0.704113
-0.492404 -0.0868241 0.866025 0.710078
-0.590885 -0.104189 0.8 0.6988
-0.689365 -0.121554 0.714143 0.685756
-0.787846 -0.138919 0.6 0.699512
-0.886327 -0.156283 0.43589 0.658858
-0.984808 -0.173648 1.49012e-08 0.652271
-0 -0 1 0.685061
-0.0939693 -0.034202 0.994987 0.683059
-0.187939 -0.068404 0.979796 0.681511
-0.281908 -0.102606 0.953939 0.682698
-0.375877 -0.136808 0.916515 0.691913
-0.469846 -0.17101 0.866025 0.696053
-0.563816 -0.205212 0.8 0.676031
-0.657785 -0.239414 0.714143 0.649428
-0.751754 -0.273616 0.6 0.625117
-0.845723 -0.307818 0.43589 0.667608
-0.939693 -0.34202 1.49012e-08 0.652271
-0 -0 1 0.685061
-0.0866025 -0.05 0.994987 0.688244
-0.173205 -0.1 0.979796 0.686212
-0.259808 -0.15 0.953939 0.679002
-0.34641 -0.2 0.916515 0.683792
-0.433013 -0.25 0.866025 0.67727
-0.519615 -0.3 0.8 0.645724
-0.606218 -0.35 0.714143 0.589292
-0.69282 -0.4 0.6 0.59039
-0.779423 -0.45 0.43589 0.668428
-0.866025 -0.5 1.49012e-08 0.652271
-0 -0 1 0.685061
-0.0766044 -0.0642788 0.994987 0.692908
-0.153209 -0.128558 0.979796 0.693264
-0.229813 -0.192836 0.953939 0.681631
-0.306418 -0.257115 0.916515 0.683596
-0.383022 -0.321394 0.866025 0.662329
-0.459627 -0.385673 0.8 0.604903
-0.536231 -0.449951 0.714143 0.56697
-0.612836 -0.51423 0.6 0.6381
-0.68944 -0.578509 0.43589 0.68928
-0.766044 -0.642788 1.49012e-08 0.652271
-0 -0 1 0.685061
-0.0642788 -0.0766044 0.994987 0.696799
-0.128558 -0.153209 0.979796 0.700438
-0.192836 -0.229813 0.953939 0.696328
-0.257115 -0.306418 0.916515 0.689553
-0.321394 -0.383022 0.866025 0.656037
-0.385673 -0.459627 0.8 0.59971
-0.449951 -0.536231 0.714143 0.618802
-0.51423 -0.612836 0.6 0.674484
-0.578509 -0.68944 0.43589 0.679002
-0.642788 -0.766044 1.49012e-08 0.652271
-0 -0 1 0.685061
-0.05 -0.0866025 0.994987 0.699797
-0.1 -0.173205 0.979796 0.706361
-0.15 -0.259808 0.953939 0.705922
-0.2 -0.34641 0.916515 0.696474
-0.25 -0.433013 0.866025 0.668043
-0.3 -0.519615 0.8 0.641232
-0.35 -0.606218 0.714143 0.667483
-0.4 -0.69282 0.6 0.685598
-0.45 -0.779423 0.43589 0.670693
-0.5 -0.866025 1.49012e-08 0.652271
-0 -0 1 0.685061
-0.034202 -0.0939693 0.994987 0.701883
-0.068404 -0.187939 0.979796 0.711103
-0.102606 -0.281908 0.953939 0.711061
-0.136808 -0.375877 0.916515 0.700162
-0.17101 -0.469846 0.866025 0.673444
-0.205212 -0.563816 0.8 0.657277
-0.239414 -0.657785 0.714143 0.688567
-0.273616 -0.751754 0.6 0.688817
-0.307818 -0.845723 0.43589 0.678361
-0.34202 -0.939693 1.49012e-08 0.652271
-0 -0 1 0.685061
-0.0173648 -0.0984808 0.994987 0.703761
-0.0347296 -0.196962 0.979796 0.713418
-0.0520945 -0.295442 0.953939 0.712239
-0.0694593 -0.393923 0.916515 0.699023
-0.0868241 -0.492404 0.866025 0.670218
-0.104189 -0.590885 0.8 0.663829
-0.121554 -0.689365 0.714143 0.694998
-0.138919 -0.787846 0.6 0.689089
-0.156283 -0.886327 0.43589 0.683454
-0.173648 -0.984808 1.49012e-08 0.652271
-0 -0 1 0.685061
-1.83697e-17 -0.1 0.994987 0.705878
-3.67394e-17 -0.2 0.979796 0.713953
-5.51091e-17 -0.3 0.953939 0.711721
-7.34788e-17 -0.4 0.916515 0.695144
-9.18485e-17 -0.5 0.866025 0.657073
-1.10218e-16 -0.6 0.8 0.660135
-1.28588e-16 -0.7 0.714143 0.695825
-1.46958e-16 -0.8 0.6 0.690674
-1.65327e-16 -0.9 0.43589 0.68277
-1.83697e-16 -1 1.49012e-08 0.652271
0 -0 1 0.685061
0.0173648 -0.0984808 0.994987 0.707128
0.0347296 -0.196962 0.979796 0.71424
0.0520945 -0.295442 0.953939 0.711861
0.0694593 -0.393923 0.916515 0.69191
0.0868241 -0.492404 0.866025 0.635611
0.104189 -0.590885 0.8 0.653816
0.121554 -0.689365 0.714143 0.693639
0.138919 -0.787846 0.6 0.688042
0.156283 -0.886327 0.43589 0.678869
0.173648 -0.984808 1.49012e-08 0.652271
0 -0 1 0.685061
0.034202 -0.0939693 0.994987 0.707625
0.068404 -0.187939 0.979796 0.714081
0.102606 -0.281908 0.953939 0.712978
0.136808 -0.375877 0.916515 0.69295
0.17101 -0.469846 0.866025 0.650978
0.205212 -0.563816 0.8 0.661109
0.239414 -0.657785 0.714143 0.68839
0.273616 -0.751754 0.6 0.68856
0.307818 -0.845723 0.43589 0.670218
0.34202 -0.939693 1.49012e-08 0.652271
0 -0 1 0.685061
0.05 -0.0866025 0.994987 0.707498
0.1 -0.173205 0.979796 0.713623
0.15 -0.259808 0.953939 0.71334
0.2 -0.34641 0.916515 0.696703
0.25 -0.433013 0.866025 0.661432
0.3 -0.519615 0.8 0.660658
0.35 -0.606218 0.714143 0.67685
0.4 -0.69282 0.6 0.681789
0.45 -0.779423 0.43589 0.657731
0.5 -0.866025 1.49012e-08 0.652271
0 -0 1 0.685061
0.0642788 -0.0766044 0.994987 0.706787
0.128558 -0.153209 0.979796 0.71301
0.192836 -0.229813 0.953939 0.711448
0.257115 -0.306418 0.916515 0.701483
0.321394 -0.383022 0.866025 0.675766
0.385673 -0.459627 0.8 0.652484
0.449951 -0.536231 0.714143 0.65022
0.51423 -0.612836 0.6 0.661839
0.578509 -0.68944 0.43589 0.645505
0.642788 -0.766044 1.49012e-08 0.652271
0 -0 1 0.685061
0.0766044 -0.0642788 0.994987 0.705447
0.153209 -0.128558 0.979796 0.710308
0.229813 -0.192836 0.953939 0.706483
0.306418 -0.257115 0.916515 0.703834
0.383022 -0.321394 0.866025 0.682937
0.459627 -0.385673 0.8 0.640786
0.536231 -0.449951 0.714143 0.601717
0.612836 -0.51423 0.6 0.636153
0.68944 -0.578509 0.43589 0.643786
0.766044 -0.642788 1.49012e-08 0.652271
0 -0 1 0.685061
0.0866025 -0.05 0.994987 0.703434
0.173205 -0.1 0.979796 0.705911
0.259808 -0.15 0.953939 0.699252
0.34641 -0.2 0.916515 0.699656
0.433013 -0.25 0.866025 0.684346
0.519615 -0.3 0.8 0.632673
0.606218 -0.35 0.714143 0.535812
0.69282 -0.4 0.6 0.606471
0.779423 -0.45 0.43589 0.678434
0.866025 -0.5 1.49012e-08 0.652271
0 -0 1 0.685061
0.0939693 -0.034202 0.994987 0.700833
0.187939 -0.068404 0.979796 0.700924
0.281908 -0.102606 0.953939 0.68844
0.375877 -0.136808 0.916515 0.692631
0.469846 -0.17101 0.866025 0.684263
0.563816 -0.205212 0.8 0.63955
0.657785 -0.239414 0.714143 0.522552
0.751754 -0.273616 0.6 0.573259
0.845723 -0.307818 0.43589 0.687424
0.939693 -0.34202 1.49012e-08 0.652271
0 -0 1 0.685061
0.0984808 -0.0173648 0.994987 0.697524
0.196962 -0.0347296 0.979796 0.698368
0.295442 -0.0520945 0.953939 0.679227
0.393923 -0.0694593 0.916515 0.687878
0.492404 -0.0868241 0.866025 0.690788
0.590885 -0.104189 0.8 0.662035
0.689365 -0.121554 0.714143 0.590316
0.787846 -0.138919 0.6 0.574178
0.886327 -0.156283 0.43589 0.675891
0.984808 -0.173648 1.49012e-08 0.652271
0 -0 1 0.685061
0.1 -2.44929e-17 0.994987 0.693489
0.2 -4.89859e-17 0.979796 0.695839
0.3 -7.34788e-17 0.953939 0.687625
0.4 -9.79717e-17 0.916515 0.691862
0.5 -1.22465e-16 0.866025 0.701278
0.6 -1.46958e-16 0.8 0.678842
0.7 -1.71451e-16 0.714143 0.638203
0.8 -1.95943e-16 0.6 0.646802
0.9 -2.20436e-16 0.43589 0.674564
1 -2.44929e-16 1.49012e-08 0.652271
