0 0 1 0.700704
0.1 0 0.994987 0.704708
0.2 0 0.979796 0.697408
0.3 0 0.953939 0.699447
0.4 0 0.916515 0.677378
0.5 0 0.866025 0.627807
0.6 0 0.8 0.6525
0.7 0 0.714143 0.661829
0.8 0 0.6 0.683673
0.9 0 0.43589 0.698257
1 0 1.49012e-08 0.691439
0 0 1 0.700704
0.0984808 0.0173648 0.994987 0.707309
0.196962 0.0347296 0.979796 0.707778
0.295442 0.0520945 0.953939 0.707274
0.393923 0.0694593 0.916515 0.689303
0.492404 0.0868241 0.866025 0.670365
0.590885 0.104189 0.8 0.675743
0.689365 0.121554 0.714143 0.687052
0.787846 0.138919 0.6 0.70536
0.886327 0.156283 0.43589 0.711799
0.984808 0.173648 1.49012e-08 0.691439
0 0 1 0.700704
0.0939693 0.034202 0.994987 0.709695
0.187939 0.068404 0.979796 0.714405
0.281908 0.102606 0.953939 0.713696
0.375877 0.136808 0.916515 0.701687
0.469846 0.17101 0.866025 0.695059
0.563816 0.205212 0.8 0.69847
0.657785 0.239414 0.714143 0.69887
0.751754 0.273616 0.6 0.708856
0.845723 0.307818 0.43589 0.712434
0.939693 0.34202 1.49012e-08 0.691439
0 0 1 0.700704
0.0866025 0.05 0.994987 0.711876
0.173205 0.1 0.979796 0.718549
0.259808 0.15 0.953939 0.717212
0.34641 0.2 0.916515 0.705538
0.433013 0.25 0.866025 0.700229
0.519615 0.3 0.8 0.70639
0.606218 0.35 0.714143 0.690299
0.69282 0.4 0.6 0.692703
0.779423 0.45 0.43589 0.694594
0.866025 0.5 1.49012e-08 0.691439
0 0 1 0.700704
0.0766044 0.0642788 0.994987 0.713884
0.153209 0.128558 0.979796 0.720722
0.229813 0.192836 0.953939 0.719416
0.306418 0.257115 0.916515 0.699932
0.383022 0.321394 0.866025 0.709731
0.459627 0.385673 0.8 0.713213
0.536231 0.449951 0.714143 0.702229
0.612836 0.51423 0.6 0.691567
0.68944 0.578509 0.43589 0.641117
0.766044 0.642788 1.49012e-08 0.691439
0 0 1 0.700704
0.0642788 0.0766044 0.994987 0.715644
0.128558 0.153209 0.979796 0.722027
0.192836 0.229813 0.953939 0.720774
0.257115 0.306418 0.916515 0.711854
0.321394 0.383022 0.866025 0.715177
0.385673 0.459627 0.8 0.717324
0.449951 0.536231 0.714143 0.713064
0.51423 0.612836 0.6 0.691088
0.578509 0.68944 0.43589 0.665991
0.642788 0.766044 1.49012e-08 0.691439
0 0 1 0.700704
0.05 0.0866025 0.994987 0.71678
0.1 0.173205 0.979796 0.72359
0.15 0.259808 0.953939 0.722328
0.2 0.34641 0.916515 0.716189
0.25 0.433013 0.866025 0.712323
0.3 0.519615 0.8 0.717009
0.35 0.606218 0.714143 0.707413
0.4 0.69282 0.6 0.697601
0.45 0.779423 0.43589 0.683798
0.5 0.866025 1.49012e-08 0.691439
0 0 1 0.700704
0.034202 0.0939693 0.994987 0.717376
0.068404 0.187939 0.979796 0.723627
0.102606 0.281908 0.953939 0.721288
0.136808 0.375877 0.916515 0.716081
0.17101 0.469846 0.866025 0.708009
0.205212 0.563816 0.8 0.704814
0.239414 0.657785 0.714143 0.700503
0.273616 0.751754 0.6 0.698853
0.307818 0.845723 0.43589 0.69469
0.34202 0.939693 1.49012e-08 0.691439
0 0 1 0.700704
0.0173648 0.0984808 0.994987 0.717385
0.0347296 0.196962 0.979796 0.722005
0.0520945 0.295442 0.953939 0.72036
0.0694593 0.393923 0.916515 0.713329
0.0868241 0.492404 0.866025 0.699499
0.104189 0.590885 0.8 0.690763
0.121554 0.689365 0.714143 0.695958
0.138919 0.787846 0.6 0.701498
0.156283 0.886327 0.43589 0.699353
0.173648 0.984808 1.49012e-08 0.691439
0 0 1 0.700704
6.12323e-18 0.1 0.994987 0.71681
1.22465e-17 0.2 0.979796 0.719173
1.83697e-17 0.3 0.953939 0.717901
2.44929e-17 0.4 0.916515 0.705786
3.06162e-17 0.5 0.866025 0.692769
3.67394e-17 0.6 0.8 0.705468
4.28626e-17 0.7 0.714143 0.704657
4.89859e-17 0.8 0.6 0.705638
5.51091e-17 0.9 0.43589 0.701127
6.12323e-17 1 1.49012e-08 0.691439
-0 0 1 0.700704
-0.0173648 0.0984808 0.994987 0.715685
-0.0347296 0.196962 0.979796 0.71697
-0.0520945 0.295442 0.953939 0.712393
-0.0694593 0.393923 0.916515 0.701557
-0.0868241 0.492404 0.866025 0.701423
-0.104189 0.590885 0.8 0.712997
-0.121554 0.689365 0.714143 0.717913
-0.138919 0.787846 0.6 0.709242
-0.156283 0.886327 0.43589 0.703714
-0.173648 0.984808 1.49012e-08 0.691439
-0 0 1 0.700704
-0.034202 0.0939693 0.994987 0.714117
-0.068404 0.187939 0.979796 0.715566
-0.102606 0.281908 0.953939 0.705483
-0.136808 0.375877 0.916515 0.700407
-0.17101 0.469846 0.866025 0.704366
-0.205212 0.563816 0.8 0.710352
-0.239414 0.657785 0.714143 0.71949
-0.273616 0.751754 0.6 0.719005
-0.307818 0.845723 0.43589 0.694585
-0.34202 0.939693 1.49012e-08 0.691439
-0 0 1 0.700704
-0.05 0.0866025 0.994987 0.712032
-0.1 0.173205 0.979796 0.712937
-0.15 0.259808 0.953939 0.703575
-0.2 0.34641 0.916515 0.702675
-0.25 0.433013 0.866025 0.700551
-0.3 0.519615 0.8 0.69717
-0.35 0.606218 0.714143 0.71642
-0.4 0.69282 0.6 0.719092
-0.45 0.779423 0.43589 0.701782
-0.5 0.866025 1.49012e-08 0.691439
-0 0 1 0.700704
-0.0642788 0.0766044 0.994987 0.709393
-0.128558 0.153209 0.979796 0.708124
-0.192836 0.229813 0.953939 0.699838
-0.257115 0.306418 0.916515 0.707967
-0.321394 0.383022 0.866025 0.704305
-0.385673 0.459627 0.8 0.693072
-0.449951 0.536231 0.714143 0.706096
-0.51423 0.612836 0.6 0.711745
-0.578509 0.68944 0.43589 0.706074
-0.642788 0.766044 1.49012e-08 0.691439
-0 0 1 0.700704
-0.0766044 0.0642788 0.994987 0.706298
-0.153209 0.128558 0.979796 0.706644
-0.229813 0.192836 0.953939 0.70022
-0.306418 0.257115 0.916515 0.711698
-0.383022 0.321394 0.866025 0.70892
-0.459627 0.385673 0.8 0.715321
-0.536231 0.449951 0.714143 0.714265
-0.612836 0.51423 0.6 0.681519
-0.68944 0.578509 0.43589 0.704187
-0.766044 0.642788 1.49012e-08 0.691439
-0 0 1 0.700704
-0.0866025 0.05 0.994987 0.702467
-0.173205 0.1 0.979796 0.704585
-0.259808 0.15 0.953939 0.702508
-0.34641 0.2 0.916515 0.713331
-0.433013 0.25 0.866025 0.720908
-0.519615 0.3 0.8 0.721171
-0.606218 0.35 0.714143 0.722087
-0.69282 0.4 0.6 0.713964
-0.779423 0.45 0.43589 0.705393
-0.866025 0.5 1.49012e-08 0.691439
-0 0 1 0.700704
-0.0939693 0.034202 0.994987 0.697743
-0.187939 0.068404 0.979796 0.700314
-0.281908 0.102606 0.953939 0.699626
-0.375877 0.136808 0.916515 0.706381
-0.469846 0.17101 0.866025 0.715262
-0.563816 0.205212 0.8 0.715113
-0.657785 0.239414 0.714143 0.695554
-0.751754 0.273616 0.6 0.719451
-0.845723 0.307818 0.43589 0.711633
-0.939693 0.34202 1.49012e-08 0.691439
-0 0 1 0.700704
-0.0984808 0.0173648 0.994987 0.692074
-0.196962 0.0347296 0.979796 0.693192
-0.295442 0.0520945 0.953939 0.691311
-0.393923 0.0694593 0.916515 0.691618
-0.492404 0.0868241 0.866025 0.706533
-0.590885 0.104189 0.8 0.716297
-0.689365 0.121554 0.714143 0.717292
-0.787846 0.138919 0.6 0.719344
-0.886327 0.156283 0.43589 0.707738
-0.984808 0.173648 1.49012e-08 0.691439
-0 0 1 0.700704
-0.1 1.22465e-17 0.994987 0.685567
-0.2 2.44929e-17 0.979796 0.683247
-0.3 3.67394e-17 0.953939 0.684239
-0.4 4.89859e-17 0.916515 0.678426
-0.5 6.12323e-17 0.866025 0.705776
-0.6 7.34788e-17 0.8 0.71632
-0.7 8.57253e-17 0.714143 0.717291
-0.8 9.79717e-17 0.6 0.716818
-0.9 1.10218e-16 0.43589 0.696842
-1 1.22465e-16 1.49012e-08 0.691439
-0 -0 1 0.700704
-0.0984808 -0.0173648 0.994987 0.678459
-0.196962 -0.0347296 0.979796 0.671908
-0.295442 -0.0520945 0.953939 0.678113
-0.393923 -0.0694593 0.916515 0.684374
-0.492404 -0.0868241 0.866025 0.691777
-0.590885 -0.104189 0.8 0.696407
-0.689365 -0.121554 0.714143 0.691976
-0.787846 -0.138919 0.6 0.672072
-0.886327 -0.156283 0.43589 0.69132
-0.984808 -0.173648 1.49012e-08 0.691439
-0 -0 1 0.700704
-0.0939693 -0.034202 0.994987 0.671539
-0.187939 -0.068404 0.979796 0.659921
-0.281908 -0.102606 0.953939 0.676104
-0.375877 -0.136808 0.916515 0.680386
-0.469846 -0.17101 0.866025 0.674
-0.563816 -0.205212 0.8 0.672626
-0.657785 -0.239414 0.714143 0.653031
-0.751754 -0.273616 0.6 0.675805
-0.845723 -0.307818 0.43589 0.714195
-0.939693 -0.34202 1.49012e-08 0.691439
-0 -0 1 0.700704
-0.0866025 -0.05 0.994987 0.666306
-0.173205 -0.1 0.979796 0.65002
-0.259808 -0.15 0.953939 0.675194
-0.34641 -0.2 0.916515 0.67531
-0.433013 -0.25 0.866025 0.678837
-0.519615 -0.3 0.8 0.675476
-0.606218 -0.35 0.714143 0.657639
-0.69282 -0.4 0.6 0.679271
-0.779423 -0.45 0.43589 0.695207
-0.866025 -0.5 1.49012e-08 0.691439
-0 -0 1 0.700704
-0.0766044 -0.0642788 0.994987 0.664503
-0.153209 -0.128558 0.979796 0.649704
-0.229813 -0.192836 0.953939 0.682294
-0.306418 -0.257115 0.916515 0.690966
-0.383022 -0.321394 0.866025 0.697921
-0.459627 -0.385673 0.8 0.689459
-0.536231 -0.449951 0.714143 0.694405
-0.612836 -0.51423 0.6 0.681584
-0.68944 -0.578509 0.43589 0.69351
-0.766044 -0.642788 1.49012e-08 0.691439
-0 -0 1 0.700704
-0.0642788 -0.0766044 0.994987 0.666287
-0.128558 -0.153209 0.979796 0.657303
-0.192836 -0.229813 0.953939 0.690517
-0.257115 -0.306418 0.916515 0.705567
-0.321394 -0.383022 0.866025 0.70967
-0.385673 -0.459627 0.8 0.698103
-0.449951 -0.536231 0.714143 0.707926
-0.51423 -0.612836 0.6 0.696635
-0.578509 -0.68944 0.43589 0.711934
-0.642788 -0.766044 1.49012e-08 0.691439
-0 -0 1 0.700704
-0.05 -0.0866025 0.994987 0.670108
-0.1 -0.173205 0.979796 0.662837
-0.15 -0.259808 0.953939 0.697383
-0.2 -0.34641 0.916515 0.714657
-0.25 -0.433013 0.866025 0.713554
-0.3 -0.519615 0.8 0.708199
-0.35 -0.606218 0.714143 0.713134
-0.4 -0.69282 0.6 0.692728
-0.45 -0.779423 0.43589 0.714627
-0.5 -0.866025 1.49012e-08 0.691439
-0 -0 1 0.700704
-0.034202 -0.0939693 0.994987 0.67456
-0.068404 -0.187939 0.979796 0.666989
-0.102606 -0.281908 0.953939 0.70127
-0.136808 -0.375877 0.916515 0.718068
-0.17101 -0.469846 0.866025 0.713432
-0.205212 -0.563816 0.8 0.717189
-0.239414 -0.657785 0.714143 0.712368
-0.273616 -0.751754 0.6 0.700171
-0.307818 -0.845723 0.43589 0.713234
-0.34202 -0.939693 1.49012e-08 0.691439
-0 -0 1 0.700704
-0.0173648 -0.0984808 0.994987 0.678975
-0.0347296 -0.196962 0.979796 0.671939
-0.0520945 -0.295442 0.953939 0.703255
-0.0694593 -0.393923 0.916515 0.717532
-0.0868241 -0.492404 0.866025 0.709801
-0.104189 -0.590885 0.8 0.717629
-0.121554 -0.689365 0.714143 0.715494
-0.138919 -0.787846 0.6 0.69911
-0.156283 -0.886327 0.43589 0.707148
-0.173648 -0.984808 1.49012e-08 0.691439
-0 -0 1 0.700704
-1.83697e-17 -0.1 0.994987 0.68314
-3.67394e-17 -0.2 0.979796 0.676847
-5.51091e-17 -0.3 0.953939 0.703585
-7.34788e-17 -0.4 0.916515 0.715818
-9.18485e-17 -0.5 0.866025 0.703415
-1.10218e-16 -0.6 0.8 0.716158
-1.28588e-16 -0.7 0.714143 0.718229
-1.46958e-16 -0.8 0.6 0.703306
-1.65327e-16 -0.9 0.43589 0.699757
-1.83697e-16 -1 1.49012e-08 0.691439
0 -0 1 0.700704
0.0173648 -0.0984808 0.994987 0.686979
0.0347296 -0.196962 0.979796 0.677887
0.0520945 -0.295442 0.953939 0.701296
0.0694593 -0.393923 0.916515 0.714049
0.0868241 -0.492404 0.866025 0.704471
0.104189 -0.590885 0.8 0.711716
0.121554 -0.689365 0.714143 0.717609
0.138919 -0.787846 0.6 0.698205
0.156283 -0.886327 0.43589 0.68798
0.173648 -0.984808 1.49012e-08 0.691439
0 -0 1 0.700704
0.034202 -0.0939693 0.994987 0.690381
0.068404 -0.187939 0.979796 0.680737
0.102606 -0.281908 0.953939 0.697625
0.136808 -0.375877 0.916515 0.714535
0.17101 -0.469846 0.866025 0.711789
0.205212 -0.563816 0.8 0.703321
0.239414 -0.657785 0.714143 0.711308
0.273616 -0.751754 0.6 0.682023
0.307818 -0.845723 0.43589 0.682178
0.34202 -0.939693 1.49012e-08 0.691439
0 -0 1 0.700704
0.05 -0.0866025 0.994987 0.693178
0.1 -0.173205 0.979796 0.687855
0.15 -0.259808 0.953939 0.692891
0.2 -0.34641 0.916515 0.710054
0.25 -0.433013 0.866025 0.713243
0.3 -0.519615 0.8 0.703035
0.35 -0.606218 0.714143 0.709125
0.4 -0.69282 0.6 0.681967
0.45 -0.779423 0.43589 0.673255
0.5 -0.866025 1.49012e-08 0.691439
0 -0 1 0.700704
0.0642788 -0.0766044 0.994987 0.695198
0.128558 -0.153209 0.979796 0.694101
0.192836 -0.229813 0.953939 0.697927
0.257115 -0.306418 0.916515 0.708572
0.321394 -0.383022 0.866025 0.708642
0.385673 -0.459627 0.8 0.696229
0.449951 -0.536231 0.714143 0.697782
0.51423 -0.612836 0.6 0.690116
0.578509 -0.68944 0.43589 0.655536
0.642788 -0.766044 1.49012e-08 0.691439
0 -0 1 0.700704
0.0766044 -0.0642788 0.994987 0.696589
0.153209 -0.128558 0.979796 0.696313
0.229813 -0.192836 0.953939 0.703423
0.306418 -0.257115 0.916515 0.711612
0.383022 -0.321394 0.866025 0.706204
0.459627 -0.385673 0.8 0.68471
0.536231 -0.449951 0.714143 0.655046
0.612836 -0.51423 0.6 0.686436
0.68944 -0.578509 0.43589 0.663634
0.766044 -0.642788 1.49012e-08 0.691439
0 -0 1 0.700704
0.0866025 -0.05 0.994987 0.698352
0.173205 -0.1 0.979796 0.694805
0.259808 -0.15 0.953939 0.700978
0.34641 -0.2 0.916515 0.707963
0.433013 -0.25 0.866025 0.705445
0.519615 -0.3 0.8 0.685049
0.606218 -0.35 0.714143 0.61395
0.69282 -0.4 0.6 0.668743
0.779423 -0.45 0.43589 0.692937
0.866025 -0.5 1.49012e-08 0.691439
0 -0 1 0.700704
0.0939693 -0.034202 0.994987 0.700579
0.187939 -0.068404 0.979796 0.688784
0.281908 -0.102606 0.953939 0.696867
0.375877 -0.136808 0.916515 0.69824
0.469846 -0.17101 0.866025 0.69135
0.563816 -0.205212 0.8 0.68392
0.657785 -0.239414 0.714143 0.682314
0.751754 -0.273616 0.6 0.69054
0.845723 -0.307818 0.43589 0.709976
0.939693 -0.34202 1.49012e-08 0.691439
0 -0 1 0.700704
0.0984808 -0.0173648 0.994987 0.702543
0.196962 -0.0347296 0.979796 0.681869
0.295442 -0.0520945 0.953939 0.696644
0.393923 -0.0694593 0.916515 0.681893
0.492404 -0.0868241 0.866025 0.660631
0.590885 -0.104189 0.8 0.673119
0.689365 -0.121554 0.714143 0.684103
0.787846 -0.138919 0.6 0.707842
0.886327 -0.156283 0.43589 0.701974
0.984808 -0.173648 1.49012e-08 0.691439
0 -0 1 0.700704
0.1 -2.44929e-17 0.994987 0.704708
0.2 -4.89859e-17 0.979796 0.697408
0.3 -7.34788e-17 0.953939 0.699447
0.4 -9.79717e-17 0.916515 0.677378
0.5 -1.22465e-16 0.866025 0.627807
0.6 -1.46958e-16 0.8 0.6525
0.7 -1.71451e-16 0.714143 0.661829
0.8 -1.95943e-16 0.6 0.683673
0.9 -2.20436e-16 0.43589 0.698257
1 -2.44929e-16 1.49012e-08 0.691439
