0 0 1 0.670822
0.1 0 0.994987 0.67136
0.2 0 0.979796 0.668753
0.3 0 0.953939 0.647172
0.4 0 0.916515 0.610798
0.5 0 0.866025 0.646396
0.6 0 0.8 0.667283
0.7 0 0.714143 0.651504
0.8 0 0.6 0.622326
0.9 0 0.43589 0.660007
1 0 1.49012e-08 0.649456
0 0 1 0.670822
0.0984808 0.0173648 0.994987 0.671973
0.196962 0.0347296 0.979796 0.672104
0.295442 0.0520945 0.953939 0.654742
0.393923 0.0694593 0.916515 0.625373
0.492404 0.0868241 0.866025 0.638059
0.590885 0.104189 0.8 0.638373
0.689365 0.121554 0.714143 0.611218
0.787846 0.138919 0.6 0.603236
0.886327 0.156283 0.43589 0.607833
0.984808 0.173648 1.49012e-08 0.649456
0 0 1 0.670822
0.0939693 0.034202 0.994987 0.671545
0.187939 0.068404 0.979796 0.673676
0.281908 0.102606 0.953939 0.665721
0.375877 0.136808 0.916515 0.650704
0.469846 0.17101 0.866025 0.630623
0.563816 0.205212 0.8 0.585644
0.657785 0.239414 0.714143 0.4722
0.751754 0.273616 0.6 0.45751
0.845723 0.307818 0.43589 0.607646
0.939693 0.34202 1.49012e-08 0.649456
0 0 1 0.670822
0.0866025 0.05 0.994987 0.67028
0.173205 0.1 0.979796 0.673282
0.259808 0.15 0.953939 0.671242
0.34641 0.2 0.916515 0.658692
0.433013 0.25 0.866025 0.626528
0.519615 0.3 0.8 0.541392
0.606218 0.35 0.714143 0.368535
0.69282 0.4 0.6 0.522891
0.779423 0.45 0.43589 0.624372
0.866025 0.5 1.49012e-08 0.649456
0 0 1 0.670822
0.0766044 0.0642788 0.994987 0.669006
0.153209 0.128558 0.979796 0.671639
0.229813 0.192836 0.953939 0.67093
0.306418 0.257115 0.916515 0.657662
0.383022 0.321394 0.866025 0.623823
0.459627 0.385673 0.8 0.562354
0.536231 0.449951 0.714143 0.530217
0.612836 0.51423 0.6 0.599241
0.68944 0.578509 0.43589 0.64149
0.766044 0.642788 1.49012e-08 0.649456
0 0 1 0.670822
0.0642788 0.0766044 0.994987 0.668543
0.128558 0.153209 0.979796 0.670396
0.192836 0.229813 0.953939 0.667187
0.257115 0.306418 0.916515 0.649891
0.321394 0.383022 0.866025 0.617604
0.385673 0.459627 0.8 0.606937
0.449951 0.536231 0.714143 0.609257
0.51423 0.612836 0.6 0.611849
0.578509 0.68944 0.43589 0.639773
0.642788 0.766044 1.49012e-08 0.649456
0 0 1 0.670822
0.05 0.0866025 0.994987 0.668771
0.1 0.173205 0.979796 0.669438
0.15 0.259808 0.953939 0.658004
0.2 0.34641 0.916515 0.632968
0.25 0.433013 0.866025 0.61693
0.3 0.519615 0.8 0.636626
0.35 0.606218 0.714143 0.637656
0.4 0.69282 0.6 0.58372
0.45 0.779423 0.43589 0.630786
0.5 0.866025 1.49012e-08 0.649456
0 0 1 0.670822
0.034202 0.0939693 0.994987 0.670641
0.068404 0.187939 0.979796 0.66845
0.102606 0.281908 0.953939 0.644406
0.136808 0.375877 0.916515 0.60186
0.17101 0.469846 0.866025 0.61911
0.205212 0.563816 0.8 0.649886
0.239414 0.657785 0.714143 0.648749
0.273616 0.751754 0.6 0.59967
0.307818 0.845723 0.43589 0.611374
0.34202 0.939693 1.49012e-08 0.649456
0 0 1 0.670822
0.0173648 0.0984808 0.994987 0.672565
0.0347296 0.196962 0.979796 0.667521
0.0520945 0.295442 0.953939 0.631738
0.0694593 0.393923 0.916515 0.562116
0.0868241 0.492404 0.866025 0.61249
0.104189 0.590885 0.8 0.654001
0.121554 0.689365 0.714143 0.653414
0.138919 0.787846 0.6 0.628614
0.156283 0.886327 0.43589 0.57813
0.173648 0.984808 1.49012e-08 0.649456
0 0 1 0.670822
6.12323e-18 0.1 0.994987 0.673857
1.22465e-17 0.2 0.979796 0.667139
1.83697e-17 0.3 0.953939 0.62847
2.44929e-17 0.4 0.916515 0.5603
3.06162e-17 0.5 0.866025 0.617946
3.67394e-17 0.6 0.8 0.654056
4.28626e-17 0.7 0.714143 0.647431
4.89859e-17 0.8 0.6 0.631302
5.51091e-17 0.9 0.43589 0.532323
6.12323e-17 1 1.49012e-08 0.649456
-0 0 1 0.670822
-0.0173648 0.0984808 0.994987 0.674438
-0.0347296 0.196962 0.979796 0.667288
-0.0520945 0.295442 0.953939 0.635073
-0.0694593 0.393923 0.916515 0.596022
-0.0868241 0.492404 0.866025 0.63232
-0.104189 0.590885 0.8 0.655891
-0.121554 0.689365 0.714143 0.649851
-0.138919 0.787846 0.6 0.627274
-0.156283 0.886327 0.43589 0.490198
-0.173648 0.984808 1.49012e-08 0.649456
-0 0 1 0.670822
-0.034202 0.0939693 0.994987 0.674304
-0.068404 0.187939 0.979796 0.667384
-0.102606 0.281908 0.953939 0.642994
-0.136808 0.375877 0.916515 0.616125
-0.17101 0.469846 0.866025 0.639334
-0.205212 0.563816 0.8 0.653693
-0.239414 0.657785 0.714143 0.647479
-0.273616 0.751754 0.6 0.623606
-0.307818 0.845723 0.43589 0.486616
-0.34202 0.939693 1.49012e-08 0.649456
-0 0 1 0.670822
-0.05 0.0866025 0.994987 0.673489
-0.1 0.173205 0.979796 0.666969
-0.15 0.259808 0.953939 0.646926
-0.2 0.34641 0.916515 0.613374
-0.25 0.433013 0.866025 0.631889
-0.3 0.519615 0.8 0.644478
-0.35 0.606218 0.714143 0.628583
-0.4 0.69282 0.6 0.610101
-0.45 0.779423 0.43589 0.535591
-0.5 0.866025 1.49012e-08 0.649456
-0 0 1 0.670822
-0.0642788 0.0766044 0.994987 0.671987
-0.128558 0.153209 0.979796 0.665973
-0.192836 0.229813 0.953939 0.646992
-0.257115 0.306418 0.916515 0.613549
-0.321394 0.383022 0.866025 0.60772
-0.385673 0.459627 0.8 0.620478
-0.449951 0.536231 0.714143 0.614465
-0.51423 0.612836 0.6 0.593175
-0.578509 0.68944 0.43589 0.598991
-0.642788 0.766044 1.49012e-08 0.649456
-0 0 1 0.670822
-0.0766044 0.0642788 0.994987 0.66973
-0.153209 0.128558 0.979796 0.663853
-0.229813 0.192836 0.953939 0.644026
-0.306418 0.257115 0.916515 0.602684
-0.383022 0.321394 0.866025 0.558181
-0.459627 0.385673 0.8 0.568281
-0.536231 0.449951 0.714143 0.602609
-0.612836 0.51423 0.6 0.623711
-0.68944 0.578509 0.43589 0.638707
-0.766044 0.642788 1.49012e-08 0.649456
-0 0 1 0.670822
-0.0866025 0.05 0.994987 0.666633
-0.173205 0.1 0.979796 0.660026
-0.259808 0.15 0.953939 0.639894
-0.34641 0.2 0.916515 0.587556
-0.433013 0.25 0.866025 0.485889
-0.519615 0.3 0.8 0.456268
-0.606218 0.35 0.714143 0.569884
-0.69282 0.4 0.6 0.62912
-0.779423 0.45 0.43589 0.645636
-0.866025 0.5 1.49012e-08 0.649456
-0 0 1 0.670822
-0.0939693 0.034202 0.994987 0.662679
-0.187939 0.068404 0.979796 0.65403
-0.281908 0.102606 0.953939 0.636231
-0.375877 0.136808 0.916515 0.587143
-0.469846 0.17101 0.866025 0.472205
-0.563816 0.205212 0.8 0.338587
-0.657785 0.239414 0.714143 0.510096
-0.751754 0.273616 0.6 0.602124
-0.845723 0.307818 0.43589 0.605898
-0.939693 0.34202 1.49012e-08 0.649456
-0 0 1 0.670822
-0.0984808 0.0173648 0.994987 0.658016
-0.196962 0.0347296 0.979796 0.645246
-0.295442 0.0520945 0.953939 0.632741
-0.393923 0.0694593 0.916515 0.604739
-0.492404 0.0868241 0.866025 0.537199
-0.590885 0.104189 0.8 0.464585
-0.689365 0.121554 0.714143 0.53002
-0.787846 0.138919 0.6 0.609892
-0.886327 0.156283 0.43589 0.635644
-0.984808 0.173648 1.49012e-08 0.649456
-0 0 1 0.670822
-0.1 1.22465e-17 0.994987 0.653108
-0.2 2.44929e-17 0.979796 0.632637
-0.3 3.67394e-17 0.953939 0.634751
-0.4 4.89859e-17 0.916515 0.630263
-0.5 6.12323e-17 0.866025 0.6061
-0.6 7.34788e-17 0.8 0.590738
-0.7 8.57253e-17 0.714143 0.61564
-0.8 9.79717e-17 0.6 0.627294
-0.9 1.10218e-16 0.43589 0.590929
-1 1.22465e-16 1.49012e-08 0.649456
-0 -0 1 0.670822
-0.0984808 -0.0173648 0.994987 0.649034
-0.196962 -0.0347296 0.979796 0.618094
-0.295442 -0.0520945 0.953939 0.639049
-0.393923 -0.0694593 0.916515 0.652088
-0.492404 -0.0868241 0.866025 0.64352
-0.590885 -0.104189 0.8 0.618696
-0.689365 -0.121554 0.714143 0.643803
-0.787846 -0.138919 0.6 0.660562
-0.886327 -0.156283 0.43589 0.655233
-0.984808 -0.173648 1.49012e-08 0.649456
-0 -0 1 0.670822
-0.0939693 -0.034202 0.994987 0.646522
-0.187939 -0.068404 0.979796 0.608674
-0.281908 -0.102606 0.953939 0.641322
-0.375877 -0.136808 0.916515 0.665431
-0.469846 -0.17101 0.866025 0.660769
-0.563816 -0.205212 0.8 0.623448
-0.657785 -0.239414 0.714143 0.586338
-0.751754 -0.273616 0.6 0.648589
-0.845723 -0.307818 0.43589 0.64373
-0.939693 -0.34202 1.49012e-08 0.649456
-0 -0 1 0.670822
-0.0866025 -0.05 0.994987 0.645777
-0.173205 -0.1 0.979796 0.613074
-0.259808 -0.15 0.953939 0.646681
-0.34641 -0.2 0.916515 0.672936
-0.433013 -0.25 0.866025 0.669674
-0.519615 -0.3 0.8 0.6334
-0.606218 -0.35 0.714143 0.607981
-0.69282 -0.4 0.6 0.628225
-0.779423 -0.45 0.43589 0.536088
-0.866025 -0.5 1.49012e-08 0.649456
-0 -0 1 0.670822
-0.0766044 -0.0642788 0.994987 0.64672
-0.153209 -0.128558 0.979796 0.624849
-0.229813 -0.192836 0.953939 0.655672
-0.306418 -0.257115 0.916515 0.676199
-0.383022 -0.321394 0.866025 0.672762
-0.459627 -0.385673 0.8 0.666811
-0.536231 -0.449951 0.714143 0.655471
-0.612836 -0.51423 0.6 0.615466
-0.68944 -0.578509 0.43589 0.407739
-0.766044 -0.642788 1.49012e-08 0.649456
-0 -0 1 0.670822
-0.0642788 -0.0766044 0.994987 0.648613
-0.128558 -0.153209 0.979796 0.635557
-0.192836 -0.229813 0.953939 0.660651
-0.257115 -0.306418 0.916515 0.674816
-0.321394 -0.383022 0.866025 0.670232
-0.385673 -0.459627 0.8 0.677365
-0.449951 -0.536231 0.714143 0.663678
-0.51423 -0.612836 0.6 0.607342
-0.578509 -0.68944 0.43589 0.487415
-0.642788 -0.766044 1.49012e-08 0.649456
-0 -0 1 0.670822
-0.05 -0.0866025 0.994987 0.65059
-0.1 -0.173205 0.979796 0.639633
-0.15 -0.259808 0.953939 0.658348
-0.2 -0.34641 0.916515 0.671369
-0.25 -0.433013 0.866025 0.675985
-0.3 -0.519615 0.8 0.670714
-0.35 -0.606218 0.714143 0.653009
-0.4 -0.69282 0.6 0.619853
-0.45 -0.779423 0.43589 0.578255
-0.5 -0.866025 1.49012e-08 0.649456
-0 -0 1 0.670822
-0.034202 -0.0939693 0.994987 0.652138
-0.068404 -0.187939 0.979796 0.637521
-0.102606 -0.281908 0.953939 0.647235
-0.136808 -0.375877 0.916515 0.659341
-0.17101 -0.469846 0.866025 0.666358
-0.205212 -0.563816 0.8 0.643467
-0.239414 -0.657785 0.714143 0.633056
-0.273616 -0.751754 0.6 0.644869
-0.307818 -0.845723 0.43589 0.620207
-0.34202 -0.939693 1.49012e-08 0.649456
-0 -0 1 0.670822
-0.0173648 -0.0984808 0.994987 0.653205
-0.0347296 -0.196962 0.979796 0.632193
-0.0520945 -0.295442 0.953939 0.626299
-0.0694593 -0.393923 0.916515 0.635018
-0.0868241 -0.492404 0.866025 0.648151
-0.104189 -0.590885 0.8 0.631995
-0.121554 -0.689365 0.714143 0.639867
-0.138919 -0.787846 0.6 0.665448
-0.156283 -0.886327 0.43589 0.632353
-0.173648 -0.984808 1.49012e-08 0.649456
-0 -0 1 0.670822
-1.83697e-17 -0.1 0.994987 0.653993
-3.67394e-17 -0.2 0.979796 0.624584
-5.51091e-17 -0.3 0.953939 0.594907
-7.34788e-17 -0.4 0.916515 0.596313
-9.18485e-17 -0.5 0.866025 0.626831
-1.10218e-16 -0.6 0.8 0.648706
-1.28588e-16 -0.7 0.714143 0.667504
-1.46958e-16 -0.8 0.6 0.675532
-1.65327e-16 -0.9 0.43589 0.636346
-1.83697e-16 -1 1.49012e-08 0.649456
0 -0 1 0.670822
0.0173648 -0.0984808 0.994987 0.654797
0.0347296 -0.196962 0.979796 0.616979
0.0520945 -0.295442 0.953939 0.554634
0.0694593 -0.393923 0.916515 0.544239
0.0868241 -0.492404 0.866025 0.603745
0.104189 -0.590885 0.8 0.657104
0.121554 -0.689365 0.714143 0.67905
0.138919 -0.787846 0.6 0.678644
0.156283 -0.886327 0.43589 0.626741
0.173648 -0.984808 1.49012e-08 0.649456
0 -0 1 0.670822
0.034202 -0.0939693 0.994987 0.655911
0.068404 -0.187939 0.979796 0.612623
0.102606 -0.281908 0.953939 0.528452
0.136808 -0.375877 0.916515 0.487102
0.17101 -0.469846 0.866025 0.581191
0.205212 -0.563816 0.8 0.653614
0.239414 -0.657785 0.714143 0.6769
0.273616 -0.751754 0.6 0.676406
0.307818 -0.845723 0.43589 0.598274
0.34202 -0.939693 1.49012e-08 0.649456
0 -0 1 0.670822
0.05 -0.0866025 0.994987 0.657539
0.1 -0.173205 0.979796 0.614221
0.15 -0.259808 0.953939 0.532792
0.2 -0.34641 0.916515 0.475396
0.25 -0.433013 0.866025 0.571819
0.3 -0.519615 0.8 0.647193
0.35 -0.606218 0.714143 0.677588
0.4 -0.69282 0.6 0.679908
0.45 -0.779423 0.43589 0.598136
0.5 -0.866025 1.49012e-08 0.649456
0 -0 1 0.670822
0.0642788 -0.0766044 0.994987 0.659716
0.128558 -0.153209 0.979796 0.622242
0.192836 -0.229813 0.953939 0.558482
0.257115 -0.306418 0.916515 0.535502
0.321394 -0.383022 0.866025 0.590381
0.385673 -0.459627 0.8 0.638751
0.449951 -0.536231 0.714143 0.658094
0.51423 -0.612836 0.6 0.678521
0.578509 -0.68944 0.43589 0.63716
0.642788 -0.766044 1.49012e-08 0.649456
0 -0 1 0.670822
0.0766044 -0.0642788 0.994987 0.662292
0.153209 -0.128558 0.979796 0.634127
0.229813 -0.192836 0.953939 0.594812
0.306418 -0.257115 0.916515 0.591293
0.383022 -0.321394 0.866025 0.627556
0.459627 -0.385673 0.8 0.64979
0.536231 -0.449951 0.714143 0.620765
0.612836 -0.51423 0.6 0.656836
0.68944 -0.578509 0.43589 0.649041
0.766044 -0.642788 1.49012e-08 0.649456
0 -0 1 0.670822
0.0866025 -0.05 0.994987 0.664988
0.173205 -0.1 0.979796 0.646216
0.259808 -0.15 0.953939 0.624154
0.34641 -0.2 0.916515 0.63096
0.433013 -0.25 0.866025 0.656806
0.519615 -0.3 0.8 0.672176
0.606218 -0.35 0.714143 0.662386
0.69282 -0.4 0.6 0.643529
0.779423 -0.45 0.43589 0.617898
0.866025 -0.5 1.49012e-08 0.649456
0 -0 1 0.670822
0.0939693 -0.034202 0.994987 0.667588
0.187939 -0.068404 0.979796 0.656267
0.281908 -0.102606 0.953939 0.639843
0.375877 -0.136808 0.916515 0.646
0.469846 -0.17101 0.866025 0.669721
0.563816 -0.205212 0.8 0.671371
0.657785 -0.239414 0.714143 0.678646
0.751754 -0.273616 0.6 0.665539
0.845723 -0.307818 0.43589 0.565246
0.939693 -0.34202 1.49012e-08 0.649456
0 -0 1 0.670822
0.0984808 -0.0173648 0.994987 0.669809
0.196962 -0.0347296 0.979796 0.663649
0.295442 -0.0520945 0.953939 0.645876
0.393923 -0.0694593 0.916515 0.635351
0.492404 -0.0868241 0.866025 0.664273
0.590885 -0.104189 0.8 0.677554
0.689365 -0.121554 0.714143 0.663664
0.787846 -0.138919 0.6 0.618513
0.886327 -0.156283 0.43589 0.631414
0.984808 -0.173648 1.49012e-08 0.649456
0 -0 1 0.670822
0.1 -2.44929e-17 0.994987 0.67136
0.2 -4.89859e-17 0.979796 0.668753
0.3 -7.34788e-17 0.953939 0.647172
0.4 -9.79717e-17 0.916515 0.610798
0.5 -1.22465e-16 0.866025 0.646396
0.6 -1.46958e-16 0.8 0.667283
0.7 -1.71451e-16 0.714143 0.651504
0.8 -1.95943e-16 0.6 0.622326
0.9 -2.20436e-16 0.43589 0.660007
1 -2.44929e-16 1.49012e-08 0.649456
