0 0 1 0.649047
0.1 0 0.994987 0.677612
0.2 0 0.979796 0.698774
0.3 0 0.953939 0.703865
0.4 0 0.916515 0.694251
0.5 0 0.866025 0.70286
0.6 0 0.8 0.701681
0.7 0 0.714143 0.666994
0.8 0 0.6 0.678816
0.9 0 0.43589 0.701793
1 0 1.49012e-08 0.691685
0 0 1 0.649047
0.0984808 0.0173648 0.994987 0.672937
0.196962 0.0347296 0.979796 0.6942
0.295442 0.0520945 0.953939 0.699137
0.393923 0.0694593 0.916515 0.689974
0.492404 0.0868241 0.866025 0.69512
0.590885 0.104189 0.8 0.690613
0.689365 0.121554 0.714143 0.703623
0.787846 0.138919 0.6 0.685325
0.886327 0.156283 0.43589 0.699757
0.984808 0.173648 1.49012e-08 0.691685
0 0 1 0.649047
0.0939693 0.034202 0.994987 0.667579
0.187939 0.068404 0.979796 0.686619
0.281908 0.102606 0.953939 0.689752
0.375877 0.136808 0.916515 0.671592
0.469846 0.17101 0.866025 0.663901
0.563816 0.205212 0.8 0.687501
0.657785 0.239414 0.714143 0.69586
0.751754 0.273616 0.6 0.666266
0.845723 0.307818 0.43589 0.672563
0.939693 0.34202 1.49012e-08 0.691685
0 0 1 0.649047
0.0866025 0.05 0.994987 0.661997
0.173205 0.1 0.979796 0.67696
0.259808 0.15 0.953939 0.677614
0.34641 0.2 0.916515 0.638585
0.433013 0.25 0.866025 0.592574
0.519615 0.3 0.8 0.665572
0.606218 0.35 0.714143 0.676631
0.69282 0.4 0.6 0.686662
0.779423 0.45 0.43589 0.7014
0.866025 0.5 1.49012e-08 0.691685
0 0 1 0.649047
0.0766044 0.0642788 0.994987 0.656986
0.153209 0.128558 0.979796 0.669019
0.229813 0.192836 0.953939 0.671507
0.306418 0.257115 0.916515 0.637499
0.383022 0.321394 0.866025 0.615104
0.459627 0.385673 0.8 0.680344
0.536231 0.449951 0.714143 0.702664
0.612836 0.51423 0.6 0.687965
0.68944 0.578509 0.43589 0.700697
0.766044 0.642788 1.49012e-08 0.691685
0 0 1 0.649047
0.0642788 0.0766044 0.994987 0.654039
0.128558 0.153209 0.979796 0.67154
0.192836 0.229813 0.953939 0.682462
0.257115 0.306418 0.916515 0.668907
0.321394 0.383022 0.866025 0.671703
0.385673 0.459627 0.8 0.690927
0.449951 0.536231 0.714143 0.701895
0.51423 0.612836 0.6 0.694095
0.578509 0.68944 0.43589 0.699275
0.642788 0.766044 1.49012e-08 0.691685
0 0 1 0.649047
0.05 0.0866025 0.994987 0.654403
0.1 0.173205 0.979796 0.68029
0.15 0.259808 0.953939 0.69393
0.2 0.34641 0.916515 0.689878
0.25 0.433013 0.866025 0.694462
0.3 0.519615 0.8 0.698539
0.35 0.606218 0.714143 0.680914
0.4 0.69282 0.6 0.677281
0.45 0.779423 0.43589 0.683403
0.5 0.866025 1.49012e-08 0.691685
0 0 1 0.649047
0.034202 0.0939693 0.994987 0.656356
0.068404 0.187939 0.979796 0.687865
0.102606 0.281908 0.953939 0.701288
0.136808 0.375877 0.916515 0.697843
0.17101 0.469846 0.866025 0.698941
0.205212 0.563816 0.8 0.704867
0.239414 0.657785 0.714143 0.685714
0.273616 0.751754 0.6 0.651186
0.307818 0.845723 0.43589 0.668089
0.34202 0.939693 1.49012e-08 0.691685
0 0 1 0.649047
0.0173648 0.0984808 0.994987 0.658964
0.0347296 0.196962 0.979796 0.69288
0.0520945 0.295442 0.953939 0.703999
0.0694593 0.393923 0.916515 0.700721
0.0868241 0.492404 0.866025 0.693235
0.104189 0.590885 0.8 0.701507
0.121554 0.689365 0.714143 0.690699
0.138919 0.787846 0.6 0.665734
0.156283 0.886327 0.43589 0.668068
0.173648 0.984808 1.49012e-08 0.691685
0 0 1 0.649047
6.12323e-18 0.1 0.994987 0.661864
1.22465e-17 0.2 0.979796 0.695492
1.83697e-17 0.3 0.953939 0.701467
2.44929e-17 0.4 0.916515 0.69984
3.06162e-17 0.5 0.866025 0.672457
3.67394e-17 0.6 0.8 0.691979
4.28626e-17 0.7 0.714143 0.681201
4.89859e-17 0.8 0.6 0.688075
5.51091e-17 0.9 0.43589 0.690127
6.12323e-17 1 1.49012e-08 0.691685
-0 0 1 0.649047
-0.0173648 0.0984808 0.994987 0.664783
-0.0347296 0.196962 0.979796 0.696468
-0.0520945 0.295442 0.953939 0.695914
-0.0694593 0.393923 0.916515 0.697303
-0.0868241 0.492404 0.866025 0.675991
-0.104189 0.590885 0.8 0.677472
-0.121554 0.689365 0.714143 0.681582
-0.138919 0.787846 0.6 0.700112
-0.156283 0.886327 0.43589 0.704524
-0.173648 0.984808 1.49012e-08 0.691685
-0 0 1 0.649047
-0.034202 0.0939693 0.994987 0.667457
-0.068404 0.187939 0.979796 0.696882
-0.102606 0.281908 0.953939 0.685878
-0.136808 0.375877 0.916515 0.694925
-0.17101 0.469846 0.866025 0.681176
-0.205212 0.563816 0.8 0.644683
-0.239414 0.657785 0.714143 0.681257
-0.273616 0.751754 0.6 0.703275
-0.307818 0.845723 0.43589 0.705121
-0.34202 0.939693 1.49012e-08 0.691685
-0 0 1 0.649047
-0.05 0.0866025 0.994987 0.669637
-0.1 0.173205 0.979796 0.697519
-0.15 0.259808 0.953939 0.694491
-0.2 0.34641 0.916515 0.695673
-0.25 0.433013 0.866025 0.687206
-0.3 0.519615 0.8 0.633933
-0.35 0.606218 0.714143 0.670041
-0.4 0.69282 0.6 0.707521
-0.45 0.779423 0.43589 0.712538
-0.5 0.866025 1.49012e-08 0.691685
-0 0 1 0.649047
-0.0642788 0.0766044 0.994987 0.671102
-0.128558 0.153209 0.979796 0.697787
-0.192836 0.229813 0.953939 0.699583
-0.257115 0.306418 0.916515 0.689537
-0.321394 0.383022 0.866025 0.699613
-0.385673 0.459627 0.8 0.683348
-0.449951 0.536231 0.714143 0.663592
-0.51423 0.612836 0.6 0.703569
-0.578509 0.68944 0.43589 0.708612
-0.642788 0.766044 1.49012e-08 0.691685
-0 0 1 0.649047
-0.0766044 0.0642788 0.994987 0.671663
-0.153209 0.128558 0.979796 0.697337
-0.229813 0.192836 0.953939 0.701667
-0.306418 0.257115 0.916515 0.699334
-0.383022 0.321394 0.866025 0.709463
-0.459627 0.385673 0.8 0.704575
-0.536231 0.449951 0.714143 0.694294
-0.612836 0.51423 0.6 0.69059
-0.68944 0.578509 0.43589 0.696628
-0.766044 0.642788 1.49012e-08 0.691685
-0 0 1 0.649047
-0.0866025 0.05 0.994987 0.671181
-0.173205 0.1 0.979796 0.695246
-0.259808 0.15 0.953939 0.698718
-0.34641 0.2 0.916515 0.710355
-0.433013 0.25 0.866025 0.710802
-0.519615 0.3 0.8 0.706856
-0.606218 0.35 0.714143 0.691526
-0.69282 0.4 0.6 0.689111
-0.779423 0.45 0.43589 0.686096
-0.866025 0.5 1.49012e-08 0.691685
-0 0 1 0.649047
-0.0939693 0.034202 0.994987 0.669587
-0.187939 0.068404 0.979796 0.690799
-0.281908 0.102606 0.953939 0.700769
-0.375877 0.136808 0.916515 0.708123
-0.469846 0.17101 0.866025 0.710408
-0.563816 0.205212 0.8 0.708512
-0.657785 0.239414 0.714143 0.704107
-0.751754 0.273616 0.6 0.690956
-0.845723 0.307818 0.43589 0.680056
-0.939693 0.34202 1.49012e-08 0.691685
-0 0 1 0.649047
-0.0984808 0.0173648 0.994987 0.666934
-0.196962 0.0347296 0.979796 0.682863
-0.295442 0.0520945 0.953939 0.694629
-0.393923 0.0694593 0.916515 0.702415
-0.492404 0.0868241 0.866025 0.711411
-0.590885 0.104189 0.8 0.706962
-0.689365 0.121554 0.714143 0.697505
-0.787846 0.138919 0.6 0.646812
-0.886327 0.156283 0.43589 0.701347
-0.984808 0.173648 1.49012e-08 0.691685
-0 0 1 0.649047
-0.1 1.22465e-17 0.994987 0.663435
-0.2 2.44929e-17 0.979796 0.670761
-0.3 3.67394e-17 0.953939 0.678855
-0.4 4.89859e-17 0.916515 0.697152
-0.5 6.12323e-17 0.866025 0.701037
-0.6 7.34788e-17 0.8 0.693545
-0.7 8.57253e-17 0.714143 0.694567
-0.8 9.79717e-17 0.6 0.674716
-0.9 1.10218e-16 0.43589 0.691437
-1 1.22465e-16 1.49012e-08 0.691685
-0 -0 1 0.649047
-0.0984808 -0.0173648 0.994987 0.659521
-0.196962 -0.0347296 0.979796 0.655289
-0.295442 -0.0520945 0.953939 0.649524
-0.393923 -0.0694593 0.916515 0.680746
-0.492404 -0.0868241 0.866025 0.69701
-0.590885 -0.104189 0.8 0.698535
-0.689365 -0.121554 0.714143 0.699867
-0.787846 -0.138919 0.6 0.700111
-0.886327 -0.156283 0.43589 0.686139
-0.984808 -0.173648 1.49012e-08 0.691685
-0 -0 1 0.649047
-0.0939693 -0.034202 0.994987 0.657244
-0.187939 -0.068404 0.979796 0.640927
-0.281908 -0.102606 0.953939 0.60149
-0.375877 -0.136808 0.916515 0.658557
-0.469846 -0.17101 0.866025 0.676681
-0.563816 -0.205212 0.8 0.673619
-0.657785 -0.239414 0.714143 0.684548
-0.751754 -0.273616 0.6 0.668457
-0.845723 -0.307818 0.43589 0.652134
-0.939693 -0.34202 1.49012e-08 0.691685
-0 -0 1 0.649047
-0.0866025 -0.05 0.994987 0.660612
-0.173205 -0.1 0.979796 0.636837
-0.259808 -0.15 0.953939 0.565536
-0.34641 -0.2 0.916515 0.648212
-0.433013 -0.25 0.866025 0.661157
-0.519615 -0.3 0.8 0.653904
-0.606218 -0.35 0.714143 0.686685
-0.69282 -0.4 0.6 0.69365
-0.779423 -0.45 0.43589 0.704655
-0.866025 -0.5 1.49012e-08 0.691685
-0 -0 1 0.649047
-0.0766044 -0.0642788 0.994987 0.665016
-0.153209 -0.128558 0.979796 0.646725
-0.229813 -0.192836 0.953939 0.622592
-0.306418 -0.257115 0.916515 0.667562
-0.383022 -0.321394 0.866025 0.686221
-0.459627 -0.385673 0.8 0.694656
-0.536231 -0.449951 0.714143 0.703312
-0.612836 -0.51423 0.6 0.694817
-0.68944 -0.578509 0.43589 0.700816
-0.766044 -0.642788 1.49012e-08 0.691685
-0 -0 1 0.649047
-0.0642788 -0.0766044 0.994987 0.669912
-0.128558 -0.153209 0.979796 0.66278
-0.192836 -0.229813 0.953939 0.661598
-0.257115 -0.306418 0.916515 0.687393
-0.321394 -0.383022 0.866025 0.700069
-0.385673 -0.459627 0.8 0.697398
-0.449951 -0.536231 0.714143 0.696615
-0.51423 -0.612836 0.6 0.664789
-0.578509 -0.68944 0.43589 0.687625
-0.642788 -0.766044 1.49012e-08 0.691685
-0 -0 1 0.649047
-0.05 -0.0866025 0.994987 0.674787
-0.1 -0.173205 0.979796 0.677559
-0.15 -0.259808 0.953939 0.684748
-0.2 -0.34641 0.916515 0.699895
-0.25 -0.433013 0.866025 0.701187
-0.3 -0.519615 0.8 0.693387
-0.35 -0.606218 0.714143 0.693779
-0.4 -0.69282 0.6 0.66657
-0.45 -0.779423 0.43589 0.681095
-0.5 -0.866025 1.49012e-08 0.691685
-0 -0 1 0.649047
-0.034202 -0.0939693 0.994987 0.679208
-0.068404 -0.187939 0.979796 0.688171
-0.102606 -0.281908 0.953939 0.69744
-0.136808 -0.375877 0.916515 0.704897
-0.17101 -0.469846 0.866025 0.708745
-0.205212 -0.563816 0.8 0.696993
-0.239414 -0.657785 0.714143 0.687747
-0.273616 -0.751754 0.6 0.624037
-0.307818 -0.845723 0.43589 0.69506
-0.34202 -0.939693 1.49012e-08 0.691685
-0 -0 1 0.649047
-0.0173648 -0.0984808 0.994987 0.682887
-0.0347296 -0.196962 0.979796 0.694622
-0.0520945 -0.295442 0.953939 0.703925
-0.0694593 -0.393923 0.916515 0.7023
-0.0868241 -0.492404 0.866025 0.712449
-0.104189 -0.590885 0.8 0.709206
-0.121554 -0.689365 0.714143 0.688856
-0.138919 -0.787846 0.6 0.644491
-0.156283 -0.886327 0.43589 0.702506
-0.173648 -0.984808 1.49012e-08 0.691685
-0 -0 1 0.649047
-1.83697e-17 -0.1 0.994987 0.685689
-3.67394e-17 -0.2 0.979796 0.698334
-5.51091e-17 -0.3 0.953939 0.70619
-7.34788e-17 -0.4 0.916515 0.711242
-9.18485e-17 -0.5 0.866025 0.704915
-1.10218e-16 -0.6 0.8 0.710137
-1.28588e-16 -0.7 0.714143 0.69778
-1.46958e-16 -0.8 0.6 0.663571
-1.65327e-16 -0.9 0.43589 0.70698
-1.83697e-16 -1 1.49012e-08 0.691685
0 -0 1 0.649047
0.0173648 -0.0984808 0.994987 0.687609
0.0347296 -0.196962 0.979796 0.700203
0.0520945 -0.295442 0.953939 0.704757
0.0694593 -0.393923 0.916515 0.711678
0.0868241 -0.492404 0.866025 0.703553
0.104189 -0.590885 0.8 0.70422
0.121554 -0.689365 0.714143 0.700911
0.138919 -0.787846 0.6 0.672996
0.156283 -0.886327 0.43589 0.706347
0.173648 -0.984808 1.49012e-08 0.691685
0 -0 1 0.649047
0.034202 -0.0939693 0.994987 0.68871
0.068404 -0.187939 0.979796 0.700643
0.102606 -0.281908 0.953939 0.698501
0.136808 -0.375877 0.916515 0.7066
0.17101 -0.469846 0.866025 0.710289
0.205212 -0.563816 0.8 0.699145
0.239414 -0.657785 0.714143 0.697338
0.273616 -0.751754 0.6 0.688659
0.307818 -0.845723 0.43589 0.706812
0.34202 -0.939693 1.49012e-08 0.691685
0 -0 1 0.649047
0.05 -0.0866025 0.994987 0.689075
0.1 -0.173205 0.979796 0.699062
0.15 -0.259808 0.953939 0.691607
0.2 -0.34641 0.916515 0.700536
0.25 -0.433013 0.866025 0.702519
0.3 -0.519615 0.8 0.700625
0.35 -0.606218 0.714143 0.699762
0.4 -0.69282 0.6 0.680317
0.45 -0.779423 0.43589 0.698915
0.5 -0.866025 1.49012e-08 0.691685
0 -0 1 0.649047
0.0642788 -0.0766044 0.994987 0.688797
0.128558 -0.153209 0.979796 0.69791
0.192836 -0.229813 0.953939 0.692913
0.257115 -0.306418 0.916515 0.695322
0.321394 -0.383022 0.866025 0.688414
0.385673 -0.459627 0.8 0.68416
0.449951 -0.536231 0.714143 0.685102
0.51423 -0.612836 0.6 0.673095
0.578509 -0.68944 0.43589 0.685447
0.642788 -0.766044 1.49012e-08 0.691685
0 -0 1 0.649047
0.0766044 -0.0642788 0.994987 0.687928
0.153209 -0.128558 0.979796 0.696529
0.229813 -0.192836 0.953939 0.688671
0.306418 -0.257115 0.916515 0.692389
0.383022 -0.321394 0.866025 0.663496
0.459627 -0.385673 0.8 0.644389
0.536231 -0.449951 0.714143 0.678127
0.612836 -0.51423 0.6 0.698981
0.68944 -0.578509 0.43589 0.689756
0.766044 -0.642788 1.49012e-08 0.691685
0 -0 1 0.649047
0.0866025 -0.05 0.994987 0.68646
0.173205 -0.1 0.979796 0.697182
0.259808 -0.15 0.953939 0.691468
0.34641 -0.2 0.916515 0.690424
0.433013 -0.25 0.866025 0.66441
0.519615 -0.3 0.8 0.651529
0.606218 -0.35 0.714143 0.693051
0.69282 -0.4 0.6 0.705816
0.779423 -0.45 0.43589 0.686286
0.866025 -0.5 1.49012e-08 0.691685
0 -0 1 0.649047
0.0939693 -0.034202 0.994987 0.684327
0.187939 -0.068404 0.979796 0.699397
0.281908 -0.102606 0.953939 0.699879
0.375877 -0.136808 0.916515 0.688396
0.469846 -0.17101 0.866025 0.674078
0.563816 -0.205212 0.8 0.684548
0.657785 -0.239414 0.714143 0.686502
0.751754 -0.273616 0.6 0.701813
0.845723 -0.307818 0.43589 0.701164
0.939693 -0.34202 1.49012e-08 0.691685
0 -0 1 0.649047
0.0984808 -0.0173648 0.994987 0.681412
0.196962 -0.0347296 0.979796 0.700314
0.295442 -0.0520945 0.953939 0.704032
0.393923 -0.0694593 0.916515 0.693233
0.492404 -0.0868241 0.866025 0.693527
0.590885 -0.104189 0.8 0.69566
0.689365 -0.121554 0.714143 0.685708
0.787846 -0.138919 0.6 0.672624
0.886327 -0.156283 0.43589 0.696252
0.984808 -0.173648 1.49012e-08 0.691685
0 -0 1 0.649047
0.1 -2.44929e-17 0.994987 0.677612
0.2 -4.89859e-17 0.979796 0.698774
0.3 -7.34788e-17 0.953939 0.703865
0.4 -9.79717e-17 0.916515 0.694251
0.5 -1.22465e-16 0.866025 0.70286
0.6 -1.46958e-16 0.8 0.701681
0.7 -1.71451e-16 0.714143 0.666994
0.8 -1.95943e-16 0.6 0.678816
0.9 -2.20436e-16 0.43589 0.701793
1 -2.44929e-16 1.49012e-08 0.691685
