0 0 1 0.683249
0.1 0 0.994987 0.695455
0.2 0 0.979796 0.699942
0.3 0 0.953939 0.697994
0.4 0 0.916515 0.693961
0.5 0 0.866025 0.708016
0.6 0 0.8 0.713515
0.7 0 0.714143 0.716364
0.8 0 0.6 0.716322
0.9 0 0.43589 0.70802
1 0 1.49012e-08 0.693816
0 0 1 0.683249
0.0984808 0.0173648 0.994987 0.689933
0.196962 0.0347296 0.979796 0.68972
0.295442 0.0520945 0.953939 0.68056
0.393923 0.0694593 0.916515 0.659976
0.492404 0.0868241 0.866025 0.683722
0.590885 0.104189 0.8 0.685491
0.689365 0.121554 0.714143 0.686848
0.787846 0.138919 0.6 0.663575
0.886327 0.156283 0.43589 0.650257
0.984808 0.173648 1.49012e-08 0.693816
0 0 1 0.683249
0.0939693 0.034202 0.994987 0.684978
0.187939 0.068404 0.979796 0.677264
0.281908 0.102606 0.953939 0.665026
0.375877 0.136808 0.916515 0.63889
0.469846 0.17101 0.866025 0.649409
0.563816 0.205212 0.8 0.642184
0.657785 0.239414 0.714143 0.649551
0.751754 0.273616 0.6 0.676363
0.845723 0.307818 0.43589 0.715301
0.939693 0.34202 1.49012e-08 0.693816
0 0 1 0.683249
0.0866025 0.05 0.994987 0.679782
0.173205 0.1 0.979796 0.665275
0.259808 0.15 0.953939 0.657197
0.34641 0.2 0.916515 0.63771
0.433013 0.25 0.866025 0.652214
0.519615 0.3 0.8 0.646531
0.606218 0.35 0.714143 0.670183
0.69282 0.4 0.6 0.707196
0.779423 0.45 0.43589 0.710861
0.866025 0.5 1.49012e-08 0.693816
0 0 1 0.683249
0.0766044 0.0642788 0.994987 0.674604
0.153209 0.128558 0.979796 0.655715
0.229813 0.192836 0.953939 0.659401
0.306418 0.257115 0.916515 0.666833
0.383022 0.321394 0.866025 0.683044
0.459627 0.385673 0.8 0.690569
0.536231 0.449951 0.714143 0.703907
0.612836 0.51423 0.6 0.706015
0.68944 0.578509 0.43589 0.715235
0.766044 0.642788 1.49012e-08 0.693816
0 0 1 0.683249
0.0642788 0.0766044 0.994987 0.669782
0.128558 0.153209 0.979796 0.649995
0.192836 0.229813 0.953939 0.669301
0.257115 0.306418 0.916515 0.690834
0.321394 0.383022 0.866025 0.703678
0.385673 0.459627 0.8 0.71011
0.449951 0.536231 0.714143 0.707227
0.51423 0.612836 0.6 0.707067
0.578509 0.68944 0.43589 0.709129
0.642788 0.766044 1.49012e-08 0.693816
0 0 1 0.683249
0.05 0.0866025 0.994987 0.665605
0.1 0.173205 0.979796 0.653832
0.15 0.259808 0.953939 0.682185
0.2 0.34641 0.916515 0.70652
0.25 0.433013 0.866025 0.713529
0.3 0.519615 0.8 0.714506
0.35 0.606218 0.714143 0.699233
0.4 0.69282 0.6 0.709164
0.45 0.779423 0.43589 0.702184
0.5 0.866025 1.49012e-08 0.693816
0 0 1 0.683249
0.034202 0.0939693 0.994987 0.661998
0.068404 0.187939 0.979796 0.660162
0.102606 0.281908 0.953939 0.692351
0.136808 0.375877 0.916515 0.713615
0.17101 0.469846 0.866025 0.716498
0.205212 0.563816 0.8 0.715163
0.239414 0.657785 0.714143 0.7102
0.273616 0.751754 0.6 0.701082
0.307818 0.845723 0.43589 0.682265
0.34202 0.939693 1.49012e-08 0.693816
0 0 1 0.683249
0.0173648 0.0984808 0.994987 0.659285
0.0347296 0.196962 0.979796 0.662119
0.0520945 0.295442 0.953939 0.698182
0.0694593 0.393923 0.916515 0.715585
0.0868241 0.492404 0.866025 0.710406
0.104189 0.590885 0.8 0.715802
0.121554 0.689365 0.714143 0.708639
0.138919 0.787846 0.6 0.678513
0.156283 0.886327 0.43589 0.65585
0.173648 0.984808 1.49012e-08 0.693816
0 0 1 0.683249
6.12323e-18 0.1 0.994987 0.658032
1.22465e-17 0.2 0.979796 0.662202
1.83697e-17 0.3 0.953939 0.700504
2.44929e-17 0.4 0.916515 0.714485
3.06162e-17 0.5 0.866025 0.70991
3.67394e-17 0.6 0.8 0.715415
4.28626e-17 0.7 0.714143 0.703016
4.89859e-17 0.8 0.6 0.654058
5.51091e-17 0.9 0.43589 0.634984
6.12323e-17 1 1.49012e-08 0.693816
-0 0 1 0.683249
-0.0173648 0.0984808 0.994987 0.657881
-0.0347296 0.196962 0.979796 0.66755
-0.0520945 0.295442 0.953939 0.701143
-0.0694593 0.393923 0.916515 0.713077
-0.0868241 0.492404 0.866025 0.71335
-0.104189 0.590885 0.8 0.708328
-0.121554 0.689365 0.714143 0.687386
-0.138919 0.787846 0.6 0.640922
-0.156283 0.886327 0.43589 0.633341
-0.173648 0.984808 1.49012e-08 0.693816
-0 0 1 0.683249
-0.034202 0.0939693 0.994987 0.65771
-0.068404 0.187939 0.979796 0.672882
-0.102606 0.281908 0.953939 0.700314
-0.136808 0.375877 0.916515 0.708034
-0.17101 0.469846 0.866025 0.705649
-0.205212 0.563816 0.8 0.694164
-0.239414 0.657785 0.714143 0.66924
-0.273616 0.751754 0.6 0.628594
-0.307818 0.845723 0.43589 0.654879
-0.34202 0.939693 1.49012e-08 0.693816
-0 0 1 0.683249
-0.05 0.0866025 0.994987 0.656781
-0.1 0.173205 0.979796 0.675443
-0.15 0.259808 0.953939 0.696986
-0.2 0.34641 0.916515 0.700343
-0.25 0.433013 0.866025 0.688598
-0.3 0.519615 0.8 0.667588
-0.35 0.606218 0.714143 0.644207
-0.4 0.69282 0.6 0.634368
-0.45 0.779423 0.43589 0.672372
-0.5 0.866025 1.49012e-08 0.693816
-0 0 1 0.683249
-0.0642788 0.0766044 0.994987 0.654928
-0.128558 0.153209 0.979796 0.67371
-0.192836 0.229813 0.953939 0.690787
-0.257115 0.306418 0.916515 0.690444
-0.321394 0.383022 0.866025 0.667603
-0.385673 0.459627 0.8 0.63645
-0.449951 0.536231 0.714143 0.664554
-0.51423 0.612836 0.6 0.681226
-0.578509 0.68944 0.43589 0.688814
-0.642788 0.766044 1.49012e-08 0.693816
-0 0 1 0.683249
-0.0766044 0.0642788 0.994987 0.654235
-0.153209 0.128558 0.979796 0.669329
-0.229813 0.192836 0.953939 0.681949
-0.306418 0.257115 0.916515 0.678953
-0.383022 0.321394 0.866025 0.660554
-0.459627 0.385673 0.8 0.645096
-0.536231 0.449951 0.714143 0.686516
-0.612836 0.51423 0.6 0.707685
-0.68944 0.578509 0.43589 0.703305
-0.766044 0.642788 1.49012e-08 0.693816
-0 0 1 0.683249
-0.0866025 0.05 0.994987 0.657243
-0.173205 0.1 0.979796 0.662965
-0.259808 0.15 0.953939 0.669735
-0.34641 0.2 0.916515 0.667312
-0.433013 0.25 0.866025 0.649845
-0.519615 0.3 0.8 0.667086
-0.606218 0.35 0.714143 0.697291
-0.69282 0.4 0.6 0.709673
-0.779423 0.45 0.43589 0.699779
-0.866025 0.5 1.49012e-08 0.693816
-0 0 1 0.683249
-0.0939693 0.034202 0.994987 0.662245
-0.187939 0.068404 0.979796 0.656996
-0.281908 0.102606 0.953939 0.655481
-0.375877 0.136808 0.916515 0.648681
-0.469846 0.17101 0.866025 0.638832
-0.563816 0.205212 0.8 0.655415
-0.657785 0.239414 0.714143 0.683701
-0.751754 0.273616 0.6 0.69825
-0.845723 0.307818 0.43589 0.702503
-0.939693 0.34202 1.49012e-08 0.693816
-0 0 1 0.683249
-0.0984808 0.0173648 0.994987 0.667409
-0.196962 0.0347296 0.979796 0.655636
-0.295442 0.0520945 0.953939 0.643976
-0.393923 0.0694593 0.916515 0.618638
-0.492404 0.0868241 0.866025 0.590969
-0.590885 0.104189 0.8 0.605767
-0.689365 0.121554 0.714143 0.648681
-0.787846 0.138919 0.6 0.654955
-0.886327 0.156283 0.43589 0.628545
-0.984808 0.173648 1.49012e-08 0.693816
-0 0 1 0.683249
-0.1 1.22465e-17 0.994987 0.672467
-0.2 2.44929e-17 0.979796 0.659645
-0.3 3.67394e-17 0.953939 0.636432
-0.4 4.89859e-17 0.916515 0.587142
-0.5 6.12323e-17 0.866025 0.511401
-0.6 7.34788e-17 0.8 0.534024
-0.7 8.57253e-17 0.714143 0.627408
-0.8 9.79717e-17 0.6 0.678834
-0.9 1.10218e-16 0.43589 0.691804
-1 1.22465e-16 1.49012e-08 0.693816
-0 -0 1 0.683249
-0.0984808 -0.0173648 0.994987 0.677469
-0.196962 -0.0347296 0.979796 0.66568
-0.295442 -0.0520945 0.953939 0.634608
-0.393923 -0.0694593 0.916515 0.576818
-0.492404 -0.0868241 0.866025 0.48575
-0.590885 -0.104189 0.8 0.528787
-0.689365 -0.121554 0.714143 0.623251
-0.787846 -0.138919 0.6 0.657287
-0.886327 -0.156283 0.43589 0.673029
-0.984808 -0.173648 1.49012e-08 0.693816
-0 -0 1 0.683249
-0.0939693 -0.034202 0.994987 0.682361
-0.187939 -0.068404 0.979796 0.672701
-0.281908 -0.102606 0.953939 0.64025
-0.375877 -0.136808 0.916515 0.594973
-0.469846 -0.17101 0.866025 0.555071
-0.563816 -0.205212 0.8 0.593731
-0.657785 -0.239414 0.714143 0.642903
-0.751754 -0.273616 0.6 0.682255
-0.845723 -0.307818 0.43589 0.705209
-0.939693 -0.34202 1.49012e-08 0.693816
-0 -0 1 0.683249
-0.0866025 -0.05 0.994987 0.687025
-0.173205 -0.1 0.979796 0.67983
-0.259808 -0.15 0.953939 0.653329
-0.34641 -0.2 0.916515 0.625913
-0.433013 -0.25 0.866025 0.621802
-0.519615 -0.3 0.8 0.640945
-0.606218 -0.35 0.714143 0.647636
-0.69282 -0.4 0.6 0.644256
-0.779423 -0.45 0.43589 0.67122
-0.866025 -0.5 1.49012e-08 0.693816
-0 -0 1 0.683249
-0.0766044 -0.0642788 0.994987 0.691408
-0.153209 -0.128558 0.979796 0.686548
-0.229813 -0.192836 0.953939 0.665083
-0.306418 -0.257115 0.916515 0.644198
-0.383022 -0.321394 0.866025 0.655188
-0.459627 -0.385673 0.8 0.66804
-0.536231 -0.449951 0.714143 0.66425
-0.612836 -0.51423 0.6 0.637298
-0.68944 -0.578509 0.43589 0.64883
-0.766044 -0.642788 1.49012e-08 0.693816
-0 -0 1 0.683249
-0.0642788 -0.0766044 0.994987 0.695396
-0.128558 -0.153209 0.979796 0.692502
-0.192836 -0.229813 0.953939 0.672639
-0.257115 -0.306418 0.916515 0.652429
-0.321394 -0.383022 0.866025 0.670358
-0.385673 -0.459627 0.8 0.684805
-0.449951 -0.536231 0.714143 0.683971
-0.51423 -0.612836 0.6 0.682784
-0.578509 -0.68944 0.43589 0.677145
-0.642788 -0.766044 1.49012e-08 0.693816
-0 -0 1 0.683249
-0.05 -0.0866025 0.994987 0.69891
-0.1 -0.173205 0.979796 0.697541
-0.15 -0.259808 0.953939 0.676166
-0.2 -0.34641 0.916515 0.654546
-0.25 -0.433013 0.866025 0.672805
-0.3 -0.519615 0.8 0.688792
-0.35 -0.606218 0.714143 0.693832
-0.4 -0.69282 0.6 0.700819
-0.45 -0.779423 0.43589 0.693307
-0.5 -0.866025 1.49012e-08 0.693816
-0 -0 1 0.683249
-0.034202 -0.0939693 0.994987 0.701927
-0.068404 -0.187939 0.979796 0.701978
-0.102606 -0.281908 0.953939 0.679835
-0.136808 -0.375877 0.916515 0.647834
-0.17101 -0.469846 0.866025 0.662545
-0.205212 -0.563816 0.8 0.688586
-0.239414 -0.657785 0.714143 0.698112
-0.273616 -0.751754 0.6 0.701133
-0.307818 -0.845723 0.43589 0.699381
-0.34202 -0.939693 1.49012e-08 0.693816
-0 -0 1 0.683249
-0.0173648 -0.0984808 0.994987 0.704421
-0.0347296 -0.196962 0.979796 0.706174
-0.0520945 -0.295442 0.953939 0.688457
-0.0694593 -0.393923 0.916515 0.656489
-0.0868241 -0.492404 0.866025 0.638815
-0.104189 -0.590885 0.8 0.6847
-0.121554 -0.689365 0.714143 0.702546
-0.138919 -0.787846 0.6 0.701341
-0.156283 -0.886327 0.43589 0.697214
-0.173648 -0.984808 1.49012e-08 0.693816
-0 -0 1 0.683249
-1.83697e-17 -0.1 0.994987 0.706379
-3.67394e-17 -0.2 0.979796 0.709983
-5.51091e-17 -0.3 0.953939 0.697351
-7.34788e-17 -0.4 0.916515 0.665364
-9.18485e-17 -0.5 0.866025 0.636734
-1.10218e-16 -0.6 0.8 0.677708
-1.28588e-16 -0.7 0.714143 0.703243
-1.46958e-16 -0.8 0.6 0.701411
-1.65327e-16 -0.9 0.43589 0.695085
-1.83697e-16 -1 1.49012e-08 0.693816
0 -0 1 0.683249
0.0173648 -0.0984808 0.994987 0.707878
0.0347296 -0.196962 0.979796 0.712489
0.0520945 -0.295442 0.953939 0.704692
0.0694593 -0.393923 0.916515 0.678261
0.0868241 -0.492404 0.866025 0.638902
0.104189 -0.590885 0.8 0.662575
0.121554 -0.689365 0.714143 0.696768
0.138919 -0.787846 0.6 0.704424
0.156283 -0.886327 0.43589 0.682901
0.173648 -0.984808 1.49012e-08 0.693816
0 -0 1 0.683249
0.034202 -0.0939693 0.994987 0.708811
0.068404 -0.187939 0.979796 0.713543
0.102606 -0.281908 0.953939 0.709919
0.136808 -0.375877 0.916515 0.690042
0.17101 -0.469846 0.866025 0.647761
0.205212 -0.563816 0.8 0.642939
0.239414 -0.657785 0.714143 0.679993
0.273616 -0.751754 0.6 0.697398
0.307818 -0.845723 0.43589 0.689276
0.34202 -0.939693 1.49012e-08 0.693816
0 -0 1 0.683249
0.05 -0.0866025 0.994987 0.709158
0.1 -0.173205 0.979796 0.715264
0.15 -0.259808 0.953939 0.713019
0.2 -0.34641 0.916515 0.701028
0.25 -0.433013 0.866025 0.659048
0.3 -0.519615 0.8 0.625342
0.35 -0.606218 0.714143 0.655151
0.4 -0.69282 0.6 0.680384
0.45 -0.779423 0.43589 0.693814
0.5 -0.866025 1.49012e-08 0.693816
0 -0 1 0.683249
0.0642788 -0.0766044 0.994987 0.7089
0.128558 -0.153209 0.979796 0.715436
0.192836 -0.229813 0.953939 0.712724
0.257115 -0.306418 0.916515 0.710158
0.321394 -0.383022 0.866025 0.690656
0.385673 -0.459627 0.8 0.669106
0.449951 -0.536231 0.714143 0.647062
0.51423 -0.612836 0.6 0.641519
0.578509 -0.68944 0.43589 0.686676
0.642788 -0.766044 1.49012e-08 0.693816
0 -0 1 0.683249
0.0766044 -0.0642788 0.994987 0.707995
0.153209 -0.128558 0.979796 0.715621
0.229813 -0.192836 0.953939 0.713244
0.306418 -0.257115 0.916515 0.712433
0.383022 -0.321394 0.866025 0.709628
0.459627 -0.385673 0.8 0.701124
0.536231 -0.449951 0.714143 0.680047
0.612836 -0.51423 0.6 0.631873
0.68944 -0.578509 0.43589 0.662625
0.766044 -0.642788 1.49012e-08 0.693816
0 -0 1 0.683249
0.0866025 -0.05 0.994987 0.706343
0.173205 -0.1 0.979796 0.715479
0.259808 -0.15 0.953939 0.714807
0.34641 -0.2 0.916515 0.707956
0.433013 -0.25 0.866025 0.71323
0.519615 -0.3 0.8 0.712661
0.606218 -0.35 0.714143 0.710706
0.69282 -0.4 0.6 0.684121
0.779423 -0.45 0.43589 0.623711
0.866025 -0.5 1.49012e-08 0.693816
0 -0 1 0.683249
0.0939693 -0.034202 0.994987 0.703752
0.187939 -0.068404 0.979796 0.713202
0.281908 -0.102606 0.953939 0.714531
0.375877 -0.136808 0.916515 0.713474
0.469846 -0.17101 0.866025 0.714986
0.563816 -0.205212 0.8 0.704578
0.657785 -0.239414 0.714143 0.713749
0.751754 -0.273616 0.6 0.713069
0.845723 -0.307818 0.43589 0.654549
0.939693 -0.34202 1.49012e-08 0.693816
0 -0 1 0.683249
0.0984808 -0.0173648 0.994987 0.700125
0.196962 -0.0347296 0.979796 0.708005
0.295442 -0.0520945 0.953939 0.710013
0.393923 -0.0694593 0.916515 0.709443
0.492404 -0.0868241 0.866025 0.714729
0.590885 -0.104189 0.8 0.710868
0.689365 -0.121554 0.714143 0.703174
0.787846 -0.138919 0.6 0.713768
0.886327 -0.156283 0.43589 0.705762
0.984808 -0.173648 1.49012e-08 0.693816
0 -0 1 0.683249
0.1 -2.44929e-17 0.994987 0.695455
0.2 -4.89859e-17 0.979796 0.699942
0.3 -7.34788e-17 0.953939 0.697994
0.4 -9.79717e-17 0.916515 0.693961
0.5 -1.22465e-16 0.866025 0.708016
0.6 -1.46958e-16 0.8 0.713515
0.7 -1.71451e-16 0.714143 0.716364
0.8 -1.95943e-16 0.6 0.716322
0.9 -2.20436e-16 0.43589 0.70802
1 -2.44929e-16 1.49012e-08 0.693816
