0 0 1 0.687727
0.1 0 0.994987 0.664395
0.2 0 0.979796 0.64135
0.3 0 0.953939 0.656338
0.4 0 0.916515 0.696735
0.5 0 0.866025 0.716219
0.6 0 0.8 0.718875
0.7 0 0.714143 0.719342
0.8 0 0.6 0.703947
0.9 0 0.43589 0.645228
1 0 1.49012e-08 0.6976
0 0 1 0.687727
0.0984808 0.0173648 0.994987 0.669024
0.196962 0.0347296 0.979796 0.643905
0.295442 0.0520945 0.953939 0.646082
0.393923 0.0694593 0.916515 0.683249
0.492404 0.0868241 0.866025 0.708511
0.590885 0.104189 0.8 0.717564
0.689365 0.121554 0.714143 0.713059
0.787846 0.138919 0.6 0.708761
0.886327 0.156283 0.43589 0.663588
0.984808 0.173648 1.49012e-08 0.6976
0 0 1 0.687727
0.0939693 0.034202 0.994987 0.673979
0.187939 0.068404 0.979796 0.651248
0.281908 0.102606 0.953939 0.639391
0.375877 0.136808 0.916515 0.658807
0.469846 0.17101 0.866025 0.687663
0.563816 0.205212 0.8 0.71079
0.657785 0.239414 0.714143 0.717336
0.751754 0.273616 0.6 0.712578
0.845723 0.307818 0.43589 0.670661
0.939693 0.34202 1.49012e-08 0.6976
0 0 1 0.687727
0.0866025 0.05 0.994987 0.679357
0.173205 0.1 0.979796 0.660955
0.259808 0.15 0.953939 0.634982
0.34641 0.2 0.916515 0.625797
0.433013 0.25 0.866025 0.653436
0.519615 0.3 0.8 0.692582
0.606218 0.35 0.714143 0.708761
0.69282 0.4 0.6 0.699347
0.779423 0.45 0.43589 0.62714
0.866025 0.5 1.49012e-08 0.6976
0 0 1 0.687727
0.0766044 0.0642788 0.994987 0.684832
0.153209 0.128558 0.979796 0.673536
0.229813 0.192836 0.953939 0.65041
0.306418 0.257115 0.916515 0.625616
0.383022 0.321394 0.866025 0.626207
0.459627 0.385673 0.8 0.656692
0.536231 0.449951 0.714143 0.672066
0.612836 0.51423 0.6 0.657978
0.68944 0.578509 0.43589 0.511838
0.766044 0.642788 1.49012e-08 0.6976
0 0 1 0.687727
0.0642788 0.0766044 0.994987 0.689964
0.128558 0.153209 0.979796 0.68555
0.192836 0.229813 0.953939 0.671214
0.257115 0.306418 0.916515 0.647899
0.321394 0.383022 0.866025 0.629318
0.385673 0.459627 0.8 0.63373
0.449951 0.536231 0.714143 0.644682
0.51423 0.612836 0.6 0.627974
0.578509 0.68944 0.43589 0.486878
0.642788 0.766044 1.49012e-08 0.6976
0 0 1 0.687727
0.05 0.0866025 0.994987 0.694426
0.1 0.173205 0.979796 0.69558
0.15 0.259808 0.953939 0.689396
0.2 0.34641 0.916515 0.677788
0.25 0.433013 0.866025 0.667541
0.3 0.519615 0.8 0.669785
0.35 0.606218 0.714143 0.669104
0.4 0.69282 0.6 0.636086
0.45 0.779423 0.43589 0.56996
0.5 0.866025 1.49012e-08 0.6976
0 0 1 0.687727
0.034202 0.0939693 0.994987 0.698
0.068404 0.187939 0.979796 0.702915
0.102606 0.281908 0.953939 0.70245
0.136808 0.375877 0.916515 0.697765
0.17101 0.469846 0.866025 0.693445
0.205212 0.563816 0.8 0.688256
0.239414 0.657785 0.714143 0.681273
0.273616 0.751754 0.6 0.650345
0.307818 0.845723 0.43589 0.617558
0.34202 0.939693 1.49012e-08 0.6976
0 0 1 0.687727
0.0173648 0.0984808 0.994987 0.700696
0.0347296 0.196962 0.979796 0.706897
0.0520945 0.295442 0.953939 0.708729
0.0694593 0.393923 0.916515 0.70533
0.0868241 0.492404 0.866025 0.700608
0.104189 0.590885 0.8 0.68976
0.121554 0.689365 0.714143 0.682544
0.138919 0.787846 0.6 0.650262
0.156283 0.886327 0.43589 0.648039
0.173648 0.984808 1.49012e-08 0.6976
0 0 1 0.687727
6.12323e-18 0.1 0.994987 0.70248
1.22465e-17 0.2 0.979796 0.708226
1.83697e-17 0.3 0.953939 0.709353
2.44929e-17 0.4 0.916515 0.70058
3.06162e-17 0.5 0.866025 0.695124
3.67394e-17 0.6 0.8 0.696419
4.28626e-17 0.7 0.714143 0.673845
4.89859e-17 0.8 0.6 0.643931
5.51091e-17 0.9 0.43589 0.667854
6.12323e-17 1 1.49012e-08 0.6976
-0 0 1 0.687727
-0.0173648 0.0984808 0.994987 0.703431
-0.0347296 0.196962 0.979796 0.710186
-0.0520945 0.295442 0.953939 0.706973
-0.0694593 0.393923 0.916515 0.694093
-0.0868241 0.492404 0.866025 0.700661
-0.104189 0.590885 0.8 0.696048
-0.121554 0.689365 0.714143 0.652459
-0.138919 0.787846 0.6 0.622597
-0.156283 0.886327 0.43589 0.679767
-0.173648 0.984808 1.49012e-08 0.6976
-0 0 1 0.687727
-0.034202 0.0939693 0.994987 0.703686
-0.068404 0.187939 0.979796 0.710538
-0.102606 0.281908 0.953939 0.706457
-0.136808 0.375877 0.916515 0.704985
-0.17101 0.469846 0.866025 0.706213
-0.205212 0.563816 0.8 0.692103
-0.239414 0.657785 0.714143 0.653392
-0.273616 0.751754 0.6 0.651823
-0.307818 0.845723 0.43589 0.689522
-0.34202 0.939693 1.49012e-08 0.6976
-0 0 1 0.687727
-0.05 0.0866025 0.994987 0.704179
-0.1 0.173205 0.979796 0.708458
-0.15 0.259808 0.953939 0.705128
-0.2 0.34641 0.916515 0.708272
-0.25 0.433013 0.866025 0.703322
-0.3 0.519615 0.8 0.682971
-0.35 0.606218 0.714143 0.65085
-0.4 0.69282 0.6 0.675236
-0.45 0.779423 0.43589 0.699995
-0.5 0.866025 1.49012e-08 0.6976
-0 0 1 0.687727
-0.0642788 0.0766044 0.994987 0.703893
-0.128558 0.153209 0.979796 0.704017
-0.192836 0.229813 0.953939 0.697676
-0.257115 0.306418 0.916515 0.70459
-0.321394 0.383022 0.866025 0.695919
-0.385673 0.459627 0.8 0.661322
-0.449951 0.536231 0.714143 0.635589
-0.51423 0.612836 0.6 0.680616
-0.578509 0.68944 0.43589 0.703775
-0.642788 0.766044 1.49012e-08 0.6976
-0 0 1 0.687727
-0.0766044 0.0642788 0.994987 0.702863
-0.153209 0.128558 0.979796 0.697941
-0.229813 0.192836 0.953939 0.685361
-0.306418 0.257115 0.916515 0.699239
-0.383022 0.321394 0.866025 0.68511
-0.459627 0.385673 0.8 0.632418
-0.536231 0.449951 0.714143 0.590225
-0.612836 0.51423 0.6 0.663199
-0.68944 0.578509 0.43589 0.709607
-0.766044 0.642788 1.49012e-08 0.6976
-0 0 1 0.687727
-0.0866025 0.05 0.994987 0.701272
-0.173205 0.1 0.979796 0.692488
-0.259808 0.15 0.953939 0.676804
-0.34641 0.2 0.916515 0.695767
-0.433013 0.25 0.866025 0.682301
-0.519615 0.3 0.8 0.621731
-0.606218 0.35 0.714143 0.581305
-0.69282 0.4 0.6 0.666421
-0.779423 0.45 0.43589 0.698215
-0.866025 0.5 1.49012e-08 0.6976
-0 0 1 0.687727
-0.0939693 0.034202 0.994987 0.699491
-0.187939 0.068404 0.979796 0.689746
-0.281908 0.102606 0.953939 0.678014
-0.375877 0.136808 0.916515 0.695732
-0.469846 0.17101 0.866025 0.693066
-0.563816 0.205212 0.8 0.660611
-0.657785 0.239414 0.714143 0.636402
-0.751754 0.273616 0.6 0.683032
-0.845723 0.307818 0.43589 0.709714
-0.939693 0.34202 1.49012e-08 0.6976
-0 0 1 0.687727
-0.0984808 0.0173648 0.994987 0.697846
-0.196962 0.0347296 0.979796 0.688482
-0.295442 0.0520945 0.953939 0.673513
-0.393923 0.0694593 0.916515 0.698938
-0.492404 0.0868241 0.866025 0.704851
-0.590885 0.104189 0.8 0.688481
-0.689365 0.121554 0.714143 0.641989
-0.787846 0.138919 0.6 0.669766
-0.886327 0.156283 0.43589 0.714781
-0.984808 0.173648 1.49012e-08 0.6976
-0 0 1 0.687727
-0.1 1.22465e-17 0.994987 0.696126
-0.2 2.44929e-17 0.979796 0.688052
-0.3 3.67394e-17 0.953939 0.662763
-0.4 4.89859e-17 0.916515 0.69932
-0.5 6.12323e-17 0.866025 0.706642
-0.6 7.34788e-17 0.8 0.703861
-0.7 8.57253e-17 0.714143 0.66888
-0.8 9.79717e-17 0.6 0.642311
-0.9 1.10218e-16 0.43589 0.700017
-1 1.22465e-16 1.49012e-08 0.6976
-0 -0 1 0.687727
-0.0984808 -0.0173648 0.994987 0.694082
-0.196962 -0.0347296 0.979796 0.688248
-0.295442 -0.0520945 0.953939 0.675901
-0.393923 -0.0694593 0.916515 0.697551
-0.492404 -0.0868241 0.866025 0.709291
-0.590885 -0.104189 0.8 0.708607
-0.689365 -0.121554 0.714143 0.703182
-0.787846 -0.138919 0.6 0.671435
-0.886327 -0.156283 0.43589 0.597368
-0.984808 -0.173648 1.49012e-08 0.6976
-0 -0 1 0.687727
-0.0939693 -0.034202 0.994987 0.691921
-0.187939 -0.068404 0.979796 0.688048
-0.281908 -0.102606 0.953939 0.681523
-0.375877 -0.136808 0.916515 0.695725
-0.469846 -0.17101 0.866025 0.700565
-0.563816 -0.205212 0.8 0.703024
-0.657785 -0.239414 0.714143 0.707985
-0.751754 -0.273616 0.6 0.70142
-0.845723 -0.307818 0.43589 0.703033
-0.939693 -0.34202 1.49012e-08 0.6976
-0 -0 1 0.687727
-0.0866025 -0.05 0.994987 0.689727
-0.173205 -0.1 0.979796 0.68686
-0.259808 -0.15 0.953939 0.68977
-0.34641 -0.2 0.916515 0.697083
-0.433013 -0.25 0.866025 0.690979
-0.519615 -0.3 0.8 0.677469
-0.606218 -0.35 0.714143 0.697067
-0.69282 -0.4 0.6 0.708189
-0.779423 -0.45 0.43589 0.704234
-0.866025 -0.5 1.49012e-08 0.6976
-0 -0 1 0.687727
-0.0766044 -0.0642788 0.994987 0.687147
-0.153209 -0.128558 0.979796 0.682429
-0.229813 -0.192836 0.953939 0.692873
-0.306418 -0.257115 0.916515 0.697217
-0.383022 -0.321394 0.866025 0.69632
-0.459627 -0.385673 0.8 0.69459
-0.536231 -0.449951 0.714143 0.693918
-0.612836 -0.51423 0.6 0.709458
-0.68944 -0.578509 0.43589 0.701409
-0.766044 -0.642788 1.49012e-08 0.6976
-0 -0 1 0.687727
-0.0642788 -0.0766044 0.994987 0.683895
-0.128558 -0.153209 0.979796 0.682396
-0.192836 -0.229813 0.953939 0.689808
-0.257115 -0.306418 0.916515 0.696447
-0.321394 -0.383022 0.866025 0.693624
-0.385673 -0.459627 0.8 0.704317
-0.449951 -0.536231 0.714143 0.707153
-0.51423 -0.612836 0.6 0.699662
-0.578509 -0.68944 0.43589 0.656925
-0.642788 -0.766044 1.49012e-08 0.6976
-0 -0 1 0.687727
-0.05 -0.0866025 0.994987 0.679873
-0.1 -0.173205 0.979796 0.678958
-0.15 -0.259808 0.953939 0.685473
-0.2 -0.34641 0.916515 0.691645
-0.25 -0.433013 0.866025 0.694007
-0.3 -0.519615 0.8 0.697871
-0.35 -0.606218 0.714143 0.695802
-0.4 -0.69282 0.6 0.662462
-0.45 -0.779423 0.43589 0.602181
-0.5 -0.866025 1.49012e-08 0.6976
-0 -0 1 0.687727
-0.034202 -0.0939693 0.994987 0.674896
-0.068404 -0.187939 0.979796 0.670853
-0.102606 -0.281908 0.953939 0.673954
-0.136808 -0.375877 0.916515 0.676559
-0.17101 -0.469846 0.866025 0.676496
-0.205212 -0.563816 0.8 0.672571
-0.239414 -0.657785 0.714143 0.664774
-0.273616 -0.751754 0.6 0.634883
-0.307818 -0.845723 0.43589 0.622303
-0.34202 -0.939693 1.49012e-08 0.6976
-0 -0 1 0.687727
-0.0173648 -0.0984808 0.994987 0.669056
-0.0347296 -0.196962 0.979796 0.658577
-0.0520945 -0.295442 0.953939 0.654792
-0.0694593 -0.393923 0.916515 0.648522
-0.0868241 -0.492404 0.866025 0.642817
-0.104189 -0.590885 0.8 0.629115
-0.121554 -0.689365 0.714143 0.637055
-0.138919 -0.787846 0.6 0.641239
-0.156283 -0.886327 0.43589 0.664742
-0.173648 -0.984808 1.49012e-08 0.6976
-0 -0 1 0.687727
-1.83697e-17 -0.1 0.994987 0.662717
-3.67394e-17 -0.2 0.979796 0.642665
-5.51091e-17 -0.3 0.953939 0.62909
-7.34788e-17 -0.4 0.916515 0.609131
-9.18485e-17 -0.5 0.866025 0.605132
-1.10218e-16 -0.6 0.8 0.584792
-1.28588e-16 -0.7 0.714143 0.638269
-1.46958e-16 -0.8 0.6 0.672714
-1.65327e-16 -0.9 0.43589 0.691798
-1.83697e-16 -1 1.49012e-08 0.6976
0 -0 1 0.687727
0.0173648 -0.0984808 0.994987 0.656459
0.0347296 -0.196962 0.979796 0.624522
0.0520945 -0.295442 0.953939 0.603137
0.0694593 -0.393923 0.916515 0.567193
0.0868241 -0.492404 0.866025 0.587315
0.104189 -0.590885 0.8 0.60643
0.121554 -0.689365 0.714143 0.650657
0.138919 -0.787846 0.6 0.69281
0.156283 -0.886327 0.43589 0.70581
0.173648 -0.984808 1.49012e-08 0.6976
0 -0 1 0.687727
0.034202 -0.0939693 0.994987 0.651124
0.068404 -0.187939 0.979796 0.606612
0.102606 -0.281908 0.953939 0.593759
0.136808 -0.375877 0.916515 0.585642
0.17101 -0.469846 0.866025 0.622949
0.205212 -0.563816 0.8 0.65173
0.239414 -0.657785 0.714143 0.675702
0.273616 -0.751754 0.6 0.70233
0.307818 -0.845723 0.43589 0.708953
0.34202 -0.939693 1.49012e-08 0.6976
0 -0 1 0.687727
0.05 -0.0866025 0.994987 0.647626
0.1 -0.173205 0.979796 0.588694
0.15 -0.259808 0.953939 0.604402
0.2 -0.34641 0.916515 0.62625
0.25 -0.433013 0.866025 0.661935
0.3 -0.519615 0.8 0.682335
0.35 -0.606218 0.714143 0.691875
0.4 -0.69282 0.6 0.70176
0.45 -0.779423 0.43589 0.710047
0.5 -0.866025 1.49012e-08 0.6976
0 -0 1 0.687727
0.0642788 -0.0766044 0.994987 0.6466
0.128558 -0.153209 0.979796 0.587248
0.192836 -0.229813 0.953939 0.62084
0.257115 -0.306418 0.916515 0.659364
0.321394 -0.383022 0.866025 0.689803
0.385673 -0.459627 0.8 0.703357
0.449951 -0.536231 0.714143 0.701741
0.51423 -0.612836 0.6 0.683122
0.578509 -0.68944 0.43589 0.706465
0.642788 -0.766044 1.49012e-08 0.6976
0 -0 1 0.687727
0.0766044 -0.0642788 0.994987 0.648009
0.153209 -0.128558 0.979796 0.603325
0.229813 -0.192836 0.953939 0.633273
0.306418 -0.257115 0.916515 0.680017
0.383022 -0.321394 0.866025 0.704776
0.459627 -0.385673 0.8 0.714271
0.536231 -0.449951 0.714143 0.708669
0.612836 -0.51423 0.6 0.700583
0.68944 -0.578509 0.43589 0.698183
0.766044 -0.642788 1.49012e-08 0.6976
0 -0 1 0.687727
0.0866025 -0.05 0.994987 0.651189
0.173205 -0.1 0.979796 0.617226
0.259808 -0.15 0.953939 0.645292
0.34641 -0.2 0.916515 0.691715
0.433013 -0.25 0.866025 0.710747
0.519615 -0.3 0.8 0.714728
0.606218 -0.35 0.714143 0.715663
0.69282 -0.4 0.6 0.719523
0.779423 -0.45 0.43589 0.697978
0.866025 -0.5 1.49012e-08 0.6976
0 -0 1 0.687727
0.0939693 -0.034202 0.994987 0.655328
0.187939 -0.068404 0.979796 0.628382
0.281908 -0.102606 0.953939 0.65736
0.375877 -0.136808 0.916515 0.698981
0.469846 -0.17101 0.866025 0.71416
0.563816 -0.205212 0.8 0.705972
0.657785 -0.239414 0.714143 0.705216
0.751754 -0.273616 0.6 0.717548
0.845723 -0.307818 0.43589 0.710231
0.939693 -0.34202 1.49012e-08 0.6976
0 -0 1 0.687727
0.0984808 -0.0173648 0.994987 0.65983
0.196962 -0.0347296 0.979796 0.6367
0.295442 -0.0520945 0.953939 0.660812
0.393923 -0.0694593 0.916515 0.701735
0.492404 -0.0868241 0.866025 0.718032
0.590885 -0.104189 0.8 0.709659
0.689365 -0.121554 0.714143 0.707324
0.787846 -0.138919 0.6 0.713797
0.886327 -0.156283 0.43589 0.683745
0.984808 -0.173648 1.49012e-08 0.6976
0 -0 1 0.687727
0.1 -2.44929e-17 0.994987 0.664395
0.2 -4.89859e-17 0.979796 0.64135
0.3 -7.34788e-17 0.953939 0.656338
0.4 -9.79717e-17 0.916515 0.696735
0.5 -1.22465e-16 0.866025 0.716219
0.6 -1.46958e-16 0.8 0.718875
0.7 -1.71451e-16 0.714143 0.719342
0.8 -1.95943e-16 0.6 0.703947
0.9 -2.20436e-16 0.43589 0.645228
1 -2.44929e-16 1.49012e-08 0.6976
