0 0 1 0.696447
0.1 0 0.994987 0.683346
0.2 0 0.979796 0.649395
0.3 0 0.953939 0.610998
0.4 0 0.916515 0.660631
0.5 0 0.866025 0.689936
0.6 0 0.8 0.702081
0.7 0 0.714143 0.707335
0.8 0 0.6 0.711203
0.9 0 0.43589 0.712338
1 0 1.49012e-08 0.615636
0 0 1 0.696447
0.0984808 0.0173648 0.994987 0.683561
0.196962 0.0347296 0.979796 0.649973
0.295442 0.0520945 0.953939 0.635541
0.393923 0.0694593 0.916515 0.672384
0.492404 0.0868241 0.866025 0.704715
0.590885 0.104189 0.8 0.717242
0.689365 0.121554 0.714143 0.708452
0.787846 0.138919 0.6 0.717068
0.886327 0.156283 0.43589 0.701987
0.984808 0.173648 1.49012e-08 0.615636
0 0 1 0.696447
0.0939693 0.034202 0.994987 0.684409
0.187939 0.068404 0.979796 0.65569
0.281908 0.102606 0.953939 0.653698
0.375877 0.136808 0.916515 0.680885
0.469846 0.17101 0.866025 0.704903
0.563816 0.205212 0.8 0.719013
0.657785 0.239414 0.714143 0.721513
0.751754 0.273616 0.6 0.71389
0.845723 0.307818 0.43589 0.702793
0.939693 0.34202 1.49012e-08 0.615636
0 0 1 0.696447
0.0866025 0.05 0.994987 0.685967
0.173205 0.1 0.979796 0.669267
0.259808 0.15 0.953939 0.670475
0.34641 0.2 0.916515 0.678892
0.433013 0.25 0.866025 0.683687
0.519615 0.3 0.8 0.706234
0.606218 0.35 0.714143 0.714316
0.69282 0.4 0.6 0.700274
0.779423 0.45 0.43589 0.696342
0.866025 0.5 1.49012e-08 0.615636
0 0 1 0.696447
0.0766044 0.0642788 0.994987 0.688079
0.153209 0.128558 0.979796 0.681311
0.229813 0.192836 0.953939 0.683958
0.306418 0.257115 0.916515 0.671865
0.383022 0.321394 0.866025 0.679702
0.459627 0.385673 0.8 0.685062
0.536231 0.449951 0.714143 0.685473
0.612836 0.51423 0.6 0.668791
0.68944 0.578509 0.43589 0.667858
0.766044 0.642788 1.49012e-08 0.615636
0 0 1 0.696447
0.0642788 0.0766044 0.994987 0.690062
0.128558 0.153209 0.979796 0.690358
0.192836 0.229813 0.953939 0.693613
0.257115 0.306418 0.916515 0.681798
0.321394 0.383022 0.866025 0.680144
0.385673 0.459627 0.8 0.65733
0.449951 0.536231 0.714143 0.649204
0.51423 0.612836 0.6 0.639964
0.578509 0.68944 0.43589 0.676341
0.642788 0.766044 1.49012e-08 0.615636
0 0 1 0.696447
0.05 0.0866025 0.994987 0.69134
0.1 0.173205 0.979796 0.695917
0.15 0.259808 0.953939 0.70059
0.2 0.34641 0.916515 0.697703
0.25 0.433013 0.866025 0.681932
0.3 0.519615 0.8 0.634016
0.35 0.606218 0.714143 0.646825
0.4 0.69282 0.6 0.666625
0.45 0.779423 0.43589 0.683938
0.5 0.866025 1.49012e-08 0.615636
0 0 1 0.696447
0.034202 0.0939693 0.994987 0.691793
0.068404 0.187939 0.979796 0.698265
0.102606 0.281908 0.953939 0.703918
0.136808 0.375877 0.916515 0.703319
0.17101 0.469846 0.866025 0.687243
0.205212 0.563816 0.8 0.675635
0.239414 0.657785 0.714143 0.678007
0.273616 0.751754 0.6 0.695219
0.307818 0.845723 0.43589 0.699364
0.34202 0.939693 1.49012e-08 0.615636
0 0 1 0.696447
0.0173648 0.0984808 0.994987 0.69197
0.0347296 0.196962 0.979796 0.697667
0.0520945 0.295442 0.953939 0.70332
0.0694593 0.393923 0.916515 0.701437
0.0868241 0.492404 0.866025 0.694898
0.104189 0.590885 0.8 0.698487
0.121554 0.689365 0.714143 0.699319
0.138919 0.787846 0.6 0.705538
0.156283 0.886327 0.43589 0.703344
0.173648 0.984808 1.49012e-08 0.615636
0 0 1 0.696447
6.12323e-18 0.1 0.994987 0.69207
1.22465e-17 0.2 0.979796 0.69429
1.83697e-17 0.3 0.953939 0.698213
2.44929e-17 0.4 0.916515 0.696189
3.06162e-17 0.5 0.866025 0.699914
3.67394e-17 0.6 0.8 0.704133
4.28626e-17 0.7 0.714143 0.696946
4.89859e-17 0.8 0.6 0.701071
5.51091e-17 0.9 0.43589 0.700725
6.12323e-17 1 1.49012e-08 0.615636
-0 0 1 0.696447
-0.0173648 0.0984808 0.994987 0.692312
-0.0347296 0.196962 0.979796 0.68823
-0.0520945 0.295442 0.953939 0.688841
-0.0694593 0.393923 0.916515 0.688206
-0.0868241 0.492404 0.866025 0.694961
-0.104189 0.590885 0.8 0.696557
-0.121554 0.689365 0.714143 0.671695
-0.138919 0.787846 0.6 0.703139
-0.156283 0.886327 0.43589 0.706176
-0.173648 0.984808 1.49012e-08 0.615636
-0 0 1 0.696447
-0.034202 0.0939693 0.994987 0.692634
-0.068404 0.187939 0.979796 0.679817
-0.102606 0.281908 0.953939 0.672725
-0.136808 0.375877 0.916515 0.675988
-0.17101 0.469846 0.866025 0.686174
-0.205212 0.563816 0.8 0.69218
-0.239414 0.657785 0.714143 0.693976
-0.273616 0.751754 0.6 0.708477
-0.307818 0.845723 0.43589 0.705515
-0.34202 0.939693 1.49012e-08 0.615636
-0 0 1 0.696447
-0.05 0.0866025 0.994987 0.692911
-0.1 0.173205 0.979796 0.670205
-0.15 0.259808 0.953939 0.645886
-0.2 0.34641 0.916515 0.668953
-0.25 0.433013 0.866025 0.685902
-0.3 0.519615 0.8 0.696876
-0.35 0.606218 0.714143 0.696827
-0.4 0.69282 0.6 0.700497
-0.45 0.779423 0.43589 0.694706
-0.5 0.866025 1.49012e-08 0.615636
-0 0 1 0.696447
-0.0642788 0.0766044 0.994987 0.693183
-0.128558 0.153209 0.979796 0.663551
-0.192836 0.229813 0.953939 0.606606
-0.257115 0.306418 0.916515 0.661664
-0.321394 0.383022 0.866025 0.680762
-0.385673 0.459627 0.8 0.690688
-0.449951 0.536231 0.714143 0.681328
-0.51423 0.612836 0.6 0.67306
-0.578509 0.68944 0.43589 0.669452
-0.642788 0.766044 1.49012e-08 0.615636
-0 0 1 0.696447
-0.0766044 0.0642788 0.994987 0.693593
-0.153209 0.128558 0.979796 0.664791
-0.229813 0.192836 0.953939 0.616005
-0.306418 0.257115 0.916515 0.658505
-0.383022 0.321394 0.866025 0.678318
-0.459627 0.385673 0.8 0.680746
-0.536231 0.449951 0.714143 0.657238
-0.612836 0.51423 0.6 0.622216
-0.68944 0.578509 0.43589 0.650574
-0.766044 0.642788 1.49012e-08 0.615636
-0 0 1 0.696447
-0.0866025 0.05 0.994987 0.694248
-0.173205 0.1 0.979796 0.67212
-0.259808 0.15 0.953939 0.650383
-0.34641 0.2 0.916515 0.667878
-0.433013 0.25 0.866025 0.676776
-0.519615 0.3 0.8 0.667356
-0.606218 0.35 0.714143 0.634736
-0.69282 0.4 0.6 0.608638
-0.779423 0.45 0.43589 0.648992
-0.866025 0.5 1.49012e-08 0.615636
-0 0 1 0.696447
-0.0939693 0.034202 0.994987 0.695219
-0.187939 0.068404 0.979796 0.679731
-0.281908 0.102606 0.953939 0.670455
-0.375877 0.136808 0.916515 0.682183
-0.469846 0.17101 0.866025 0.687158
-0.563816 0.205212 0.8 0.666055
-0.657785 0.239414 0.714143 0.609155
-0.751754 0.273616 0.6 0.631957
-0.845723 0.307818 0.43589 0.690767
-0.939693 0.34202 1.49012e-08 0.615636
-0 0 1 0.696447
-0.0984808 0.0173648 0.994987 0.696636
-0.196962 0.0347296 0.979796 0.684927
-0.295442 0.0520945 0.953939 0.67871
-0.393923 0.0694593 0.916515 0.686622
-0.492404 0.0868241 0.866025 0.692613
-0.590885 0.104189 0.8 0.671155
-0.689365 0.121554 0.714143 0.66072
-0.787846 0.138919 0.6 0.68998
-0.886327 0.156283 0.43589 0.686031
-0.984808 0.173648 1.49012e-08 0.615636
-0 0 1 0.696447
-0.1 1.22465e-17 0.994987 0.698294
-0.2 2.44929e-17 0.979796 0.688792
-0.3 3.67394e-17 0.953939 0.684221
-0.4 4.89859e-17 0.916515 0.691997
-0.5 6.12323e-17 0.866025 0.692455
-0.6 7.34788e-17 0.8 0.671627
-0.7 8.57253e-17 0.714143 0.663608
-0.8 9.79717e-17 0.6 0.708495
-0.9 1.10218e-16 0.43589 0.721433
-1 1.22465e-16 1.49012e-08 0.615636
-0 -0 1 0.696447
-0.0984808 -0.0173648 0.994987 0.699917
-0.196962 -0.0347296 0.979796 0.692826
-0.295442 -0.0520945 0.953939 0.692622
-0.393923 -0.0694593 0.916515 0.696177
-0.492404 -0.0868241 0.866025 0.687048
-0.590885 -0.104189 0.8 0.641566
-0.689365 -0.121554 0.714143 0.651138
-0.787846 -0.138919 0.6 0.696202
-0.886327 -0.156283 0.43589 0.709321
-0.984808 -0.173648 1.49012e-08 0.615636
-0 -0 1 0.696447
-0.0939693 -0.034202 0.994987 0.701406
-0.187939 -0.068404 0.979796 0.69651
-0.281908 -0.102606 0.953939 0.699092
-0.375877 -0.136808 0.916515 0.70441
-0.469846 -0.17101 0.866025 0.692524
-0.563816 -0.205212 0.8 0.654279
-0.657785 -0.239414 0.714143 0.616322
-0.751754 -0.273616 0.6 0.650781
-0.845723 -0.307818 0.43589 0.697138
-0.939693 -0.34202 1.49012e-08 0.615636
-0 -0 1 0.696447
-0.0866025 -0.05 0.994987 0.702627
-0.173205 -0.1 0.979796 0.699955
-0.259808 -0.15 0.953939 0.700857
-0.34641 -0.2 0.916515 0.706117
-0.433013 -0.25 0.866025 0.701069
-0.519615 -0.3 0.8 0.678923
-0.606218 -0.35 0.714143 0.644489
-0.69282 -0.4 0.6 0.641755
-0.779423 -0.45 0.43589 0.685916
-0.866025 -0.5 1.49012e-08 0.615636
-0 -0 1 0.696447
-0.0766044 -0.0642788 0.994987 0.70341
-0.153209 -0.128558 0.979796 0.703631
-0.229813 -0.192836 0.953939 0.698664
-0.306418 -0.257115 0.916515 0.696684
-0.383022 -0.321394 0.866025 0.704093
-0.459627 -0.385673 0.8 0.698728
-0.536231 -0.449951 0.714143 0.682109
-0.612836 -0.51423 0.6 0.662084
-0.68944 -0.578509 0.43589 0.650468
-0.766044 -0.642788 1.49012e-08 0.615636
-0 -0 1 0.696447
-0.0642788 -0.0766044 0.994987 0.703593
-0.128558 -0.153209 0.979796 0.705703
-0.192836 -0.229813 0.953939 0.699442
-0.257115 -0.306418 0.916515 0.685465
-0.321394 -0.383022 0.866025 0.698934
-0.385673 -0.459627 0.8 0.708539
-0.449951 -0.536231 0.714143 0.704018
-0.51423 -0.612836 0.6 0.684629
-0.578509 -0.68944 0.43589 0.639345
-0.642788 -0.766044 1.49012e-08 0.615636
-0 -0 1 0.696447
-0.05 -0.0866025 0.994987 0.703068
-0.1 -0.173205 0.979796 0.705581
-0.15 -0.259808 0.953939 0.704427
-0.2 -0.34641 0.916515 0.697596
-0.25 -0.433013 0.866025 0.703591
-0.3 -0.519615 0.8 0.706682
-0.35 -0.606218 0.714143 0.707442
-0.4 -0.69282 0.6 0.688449
-0.45 -0.779423 0.43589 0.612696
-0.5 -0.866025 1.49012e-08 0.615636
-0 -0 1 0.696447
-0.034202 -0.0939693 0.994987 0.701808
-0.068404 -0.187939 0.979796 0.702663
-0.102606 -0.281908 0.953939 0.705923
-0.136808 -0.375877 0.916515 0.709475
-0.17101 -0.469846 0.866025 0.715536
-0.205212 -0.563816 0.8 0.716275
-0.239414 -0.657785 0.714143 0.709874
-0.273616 -0.751754 0.6 0.69041
-0.307818 -0.845723 0.43589 0.626721
-0.34202 -0.939693 1.49012e-08 0.615636
-0 -0 1 0.696447
-0.0173648 -0.0984808 0.994987 0.699925
-0.0347296 -0.196962 0.979796 0.698434
-0.0520945 -0.295442 0.953939 0.702821
-0.0694593 -0.393923 0.916515 0.708771
-0.0868241 -0.492404 0.866025 0.714472
-0.104189 -0.590885 0.8 0.71326
-0.121554 -0.689365 0.714143 0.703308
-0.138919 -0.787846 0.6 0.688836
-0.156283 -0.886327 0.43589 0.651816
-0.173648 -0.984808 1.49012e-08 0.615636
-0 -0 1 0.696447
-1.83697e-17 -0.1 0.994987 0.697612
-3.67394e-17 -0.2 0.979796 0.691162
-5.51091e-17 -0.3 0.953939 0.693462
-7.34788e-17 -0.4 0.916515 0.699988
-9.18485e-17 -0.5 0.866025 0.701038
-1.10218e-16 -0.6 0.8 0.695981
-1.28588e-16 -0.7 0.714143 0.672577
-1.46958e-16 -0.8 0.6 0.680659
-1.65327e-16 -0.9 0.43589 0.674162
-1.83697e-16 -1 1.49012e-08 0.615636
0 -0 1 0.696447
0.0173648 -0.0984808 0.994987 0.695184
0.0347296 -0.196962 0.979796 0.680058
0.0520945 -0.295442 0.953939 0.677413
0.0694593 -0.393923 0.916515 0.681819
0.0868241 -0.492404 0.866025 0.683018
0.104189 -0.590885 0.8 0.678955
0.121554 -0.689365 0.714143 0.680522
0.138919 -0.787846 0.6 0.687194
0.156283 -0.886327 0.43589 0.694665
0.173648 -0.984808 1.49012e-08 0.615636
0 -0 1 0.696447
0.034202 -0.0939693 0.994987 0.692971
0.068404 -0.187939 0.979796 0.66965
0.102606 -0.281908 0.953939 0.656746
0.136808 -0.375877 0.916515 0.654974
0.17101 -0.469846 0.866025 0.668952
0.205212 -0.563816 0.8 0.682768
0.239414 -0.657785 0.714143 0.692457
0.273616 -0.751754 0.6 0.703564
0.307818 -0.845723 0.43589 0.710522
0.34202 -0.939693 1.49012e-08 0.615636
0 -0 1 0.696447
0.05 -0.0866025 0.994987 0.690984
0.1 -0.173205 0.979796 0.668454
0.15 -0.259808 0.953939 0.646433
0.2 -0.34641 0.916515 0.627324
0.25 -0.433013 0.866025 0.656819
0.3 -0.519615 0.8 0.689063
0.35 -0.606218 0.714143 0.710444
0.4 -0.69282 0.6 0.718684
0.45 -0.779423 0.43589 0.719955
0.5 -0.866025 1.49012e-08 0.615636
0 -0 1 0.696447
0.0642788 -0.0766044 0.994987 0.689155
0.128558 -0.153209 0.979796 0.665905
0.192836 -0.229813 0.953939 0.644593
0.257115 -0.306418 0.916515 0.638376
0.321394 -0.383022 0.866025 0.665394
0.385673 -0.459627 0.8 0.692892
0.449951 -0.536231 0.714143 0.7136
0.51423 -0.612836 0.6 0.723409
0.578509 -0.68944 0.43589 0.719424
0.642788 -0.766044 1.49012e-08 0.615636
0 -0 1 0.696447
0.0766044 -0.0642788 0.994987 0.687438
0.153209 -0.128558 0.979796 0.66122
0.229813 -0.192836 0.953939 0.637609
0.306418 -0.257115 0.916515 0.652887
0.383022 -0.321394 0.866025 0.683818
0.459627 -0.385673 0.8 0.703278
0.536231 -0.449951 0.714143 0.706607
0.612836 -0.51423 0.6 0.717152
0.68944 -0.578509 0.43589 0.720664
0.766044 -0.642788 1.49012e-08 0.615636
0 -0 1 0.696447
0.0866025 -0.05 0.994987 0.685859
0.173205 -0.1 0.979796 0.658448
0.259808 -0.15 0.953939 0.638252
0.34641 -0.2 0.916515 0.66291
0.433013 -0.25 0.866025 0.69395
0.519615 -0.3 0.8 0.708544
0.606218 -0.35 0.714143 0.710105
0.69282 -0.4 0.6 0.698403
0.779423 -0.45 0.43589 0.711688
0.866025 -0.5 1.49012e-08 0.615636
0 -0 1 0.696447
0.0939693 -0.034202 0.994987 0.684578
0.187939 -0.068404 0.979796 0.656126
0.281908 -0.102606 0.953939 0.640592
0.375877 -0.136808 0.916515 0.667868
0.469846 -0.17101 0.866025 0.696353
0.563816 -0.205212 0.8 0.709834
0.657785 -0.239414 0.714143 0.716817
0.751754 -0.273616 0.6 0.712869
0.845723 -0.307818 0.43589 0.686465
0.939693 -0.34202 1.49012e-08 0.615636
0 -0 1 0.696447
0.0984808 -0.0173648 0.994987 0.683714
0.196962 -0.0347296 0.979796 0.65222
0.295442 -0.0520945 0.953939 0.626703
0.393923 -0.0694593 0.916515 0.661605
0.492404 -0.0868241 0.866025 0.689359
0.590885 -0.104189 0.8 0.697393
0.689365 -0.121554 0.714143 0.706179
0.787846 -0.138919 0.6 0.713956
0.886327 -0.156283 0.43589 0.719698
0.984808 -0.173648 1.49012e-08 0.615636
0 -0 1 0.696447
0.1 -2.44929e-17 0.994987 0.683346
0.2 -4.89859e-17 0.979796 0.649395
0.3 -7.34788e-17 0.953939 0.610998
0.4 -9.79717e-17 0.916515 0.660631
0.5 -1.22465e-16 0.866025 0.689936
0.6 -1.46958e-16 0.8 0.702081
0.7 -1.71451e-16 0.714143 0.707335
0.8 -1.95943e-16 0.6 0.711203
0.9 -2.20436e-16 0.43589 0.712338
1 -2.44929e-16 1.49012e-08 0.615636
