-90 0.029034
-87 0.0290349
-84 0.0290355
-81 0.0290359
-78 0.0290361
-75 0.0290361
-72 0.029036
-69 0.0290358
-66 0.0290333
-63 0.0290104
-60 0.0290303
-57 0.0290339
-54 0.0290332
-51 0.0290318
-48 0.0290297
-45 0.0290265
-42 0.0290206
-39 0.0290043
-36 0.0289477
-33 0.0287962
-30 0.0286511
-27 0.0287689
-24 0.0289348
-21 0.0290004
-18 0.0290164
-15 0.0290189
-12 0.0290184
-9 0.0290181
-6 0.0290184
-3 0.0290193
0 0.0290208
3 0.0290229
6 0.0290247
9 0.0290262
12 0.0290275
15 0.0290286
18 0.0290296
21 0.0290305
24 0.0290313
27 0.0290321
30 0.0290326
33 0.0290285
36 0.0289751
39 0.0290231
42 0.0290207
45 0.0290342
48 0.0290356
51 0.0290359
54 0.0290361
57 0.0290362
60 0.0290363
63 0.0290363
66 0.0290358
69 0.0290347
72 0.0290359
75 0.0290362
78 0.029036
81 0.0290354
84 0.0290343
87 0.0290336
90 0.029034
