-90 0.0290103
-87 0.0289862
-84 0.0289607
-81 0.0289829
-78 0.0290032
-75 0.029016
-72 0.0290222
-69 0.0290244
-66 0.0290258
-63 0.0290277
-60 0.029029
-57 0.0290285
-54 0.0290264
-51 0.0290229
-48 0.0290182
-45 0.0290121
-42 0.029004
-39 0.0289929
-36 0.0289777
-33 0.0289577
-30 0.0289333
-27 0.0289097
-24 0.0288983
-21 0.0289068
-18 0.02893
-15 0.0289558
-12 0.0289773
-9 0.0289926
-6 0.0289982
-3 0.0290096
0 0.0290201
3 0.0290252
6 0.0290285
9 0.0290309
12 0.0290323
15 0.0290331
18 0.0290331
21 0.0290321
24 0.0290301
27 0.0290267
30 0.0290224
33 0.0290189
36 0.0290187
39 0.029022
42 0.0290264
45 0.0290296
48 0.0290307
51 0.0290288
54 0.0290237
57 0.0290176
60 0.029014
63 0.0290109
66 0.0290042
69 0.0289944
72 0.0289848
75 0.0289779
78 0.0289819
81 0.0289987
84 0.0290129
87 0.0290168
90 0.0290103
