-90 0.0290134
-87 0.0289867
-84 0.0289398
-81 0.028833
-78 0.0289301
-75 0.0290023
-72 0.0290237
-69 0.0290319
-66 0.0290356
-63 0.0290374
-60 0.0290384
-57 0.0290389
-54 0.0290393
-51 0.0290393
-48 0.0290371
-45 0.028999
-42 0.0290253
-39 0.0290389
-36 0.0290398
-33 0.0290399
-30 0.0290395
-27 0.0290399
-24 0.0290399
-21 0.0290398
-18 0.0290394
-15 0.0290378
-12 0.0290328
-9 0.0290219
-6 0.0290096
-3 0.0290091
0 0.0290117
3 0.028964
6 0.0290312
9 0.0290383
12 0.0290379
15 0.0290231
18 0.0289906
21 0.0290343
24 0.029038
27 0.0290384
30 0.0290388
33 0.0290391
36 0.0290392
39 0.0290392
42 0.0290392
45 0.0290394
48 0.0290392
51 0.0290393
54 0.0290396
57 0.0290396
60 0.0290396
63 0.0290396
66 0.0290396
69 0.0290393
72 0.0290372
75 0.029021
78 0.0289705
81 0.0289955
84 0.0290138
87 0.0290263
90 0.0290134
