-90 0.0288958
-87 0.0290079
-84 0.0290282
-81 0.0289886
-78 0.0290263
-75 0.0289974
-72 0.0288259
-69 0.0280537
-66 0.0267666
-63 0.0279338
-60 0.0287938
-57 0.0289918
-54 0.0290285
-51 0.029035
-48 0.0290363
-45 0.0290366
-42 0.0290366
-39 0.0290366
-36 0.0290366
-33 0.0290365
-30 0.0290361
-27 0.0290363
-24 0.0290361
-21 0.029036
-18 0.0290358
-15 0.0290352
-12 0.0290328
-9 0.029012
-6 0.0289926
-3 0.0290284
0 0.0290337
3 0.0290339
6 0.0290329
9 0.0290326
12 0.0290334
15 0.029034
18 0.0290343
21 0.0290345
24 0.0290344
27 0.0290327
30 0.0290305
33 0.029034
36 0.0290345
39 0.0290345
42 0.0290347
45 0.0290349
48 0.029035
51 0.029035
54 0.0290351
57 0.0290352
60 0.0290353
63 0.0290355
66 0.0290355
69 0.0290346
72 0.0290298
75 0.0290034
78 0.0288759
81 0.0284421
84 0.0280127
87 0.0284955
90 0.0288958
