-90 0.0282363
-87 0.0266011
-84 0.0274357
-81 0.0286407
-78 0.0289328
-75 0.0289841
-72 0.0289899
-69 0.0289864
-66 0.0289812
-63 0.0289783
-60 0.0289797
-57 0.0289842
-54 0.0289897
-51 0.0289952
-48 0.0290001
-45 0.0290043
-42 0.0290079
-39 0.0290107
-36 0.0290129
-33 0.0290147
-30 0.0290159
-27 0.0290169
-24 0.0290178
-21 0.0290186
-18 0.0290194
-15 0.0290201
-12 0.0290208
-9 0.0290215
-6 0.0290221
-3 0.0290226
0 0.0290201
3 0.0289946
6 0.0289738
9 0.0290093
12 0.0289692
15 0.0290177
18 0.0290261
21 0.0290277
24 0.0290282
27 0.0290287
30 0.0290291
33 0.0290294
36 0.0290293
39 0.0290213
42 0.0290132
45 0.0290213
48 0.0290259
51 0.0290305
54 0.0290308
57 0.0290308
60 0.0290306
63 0.0290303
66 0.0290299
69 0.0290293
72 0.0290285
75 0.0290276
78 0.0290259
81 0.0290211
84 0.0289976
87 0.0288694
90 0.0282363
