-90 0.0290277
-87 0.0290258
-84 0.0290171
-81 0.0289665
-78 0.0286572
-75 0.0268443
-72 0.0224169
-69 0.0273439
-66 0.0287365
-63 0.0289544
-60 0.0289648
-57 0.0290071
-54 0.0290084
-51 0.0290045
-48 0.0289987
-45 0.0289905
-42 0.0289784
-39 0.0289594
-36 0.0289285
-33 0.0288787
-30 0.0288211
-27 0.0288579
-24 0.0289032
-21 0.0289268
-18 0.0289442
-15 0.0289579
-12 0.0289689
-9 0.028978
-6 0.0289857
-3 0.0289917
0 0.0289951
3 0.0289945
6 0.0289792
9 0.0289042
12 0.0287199
15 0.0286238
18 0.0288026
21 0.0289544
24 0.0290062
27 0.0290194
30 0.0290226
33 0.0290241
36 0.0290256
39 0.0290262
42 0.0290263
45 0.0290259
48 0.0290257
51 0.0290262
54 0.0290274
57 0.0290283
60 0.029028
63 0.0290281
66 0.0290285
69 0.029028
72 0.0290278
75 0.0290281
78 0.0290287
81 0.029029
84 0.0290289
87 0.0290285
90 0.0290277
