-90 0.0290336
-87 0.029032
-84 0.0290131
-81 0.0290291
-78 0.0290324
-75 0.0290324
-72 0.0290322
-69 0.0290318
-66 0.0290316
-63 0.0290314
-60 0.0290311
-57 0.0290308
-54 0.0290304
-51 0.0290302
-48 0.0290303
-45 0.0290304
-42 0.0290303
-39 0.0290303
-36 0.0290302
-33 0.0290301
-30 0.02903
-27 0.0290299
-24 0.0290289
-21 0.0290214
-18 0.0289735
-15 0.0290148
-12 0.0289792
-9 0.029009
-6 0.0290281
-3 0.0290293
0 0.0290289
3 0.029028
6 0.0290264
9 0.0290226
12 0.0290089
15 0.0289494
18 0.0287202
21 0.0282527
24 0.0283026
27 0.0287434
30 0.0289238
33 0.0289687
36 0.0289875
39 0.029001
42 0.029011
45 0.0290181
48 0.029023
51 0.0290263
54 0.0290285
57 0.0290303
60 0.0290315
63 0.0290323
66 0.0290328
69 0.0290331
72 0.0290332
75 0.0290335
78 0.0290336
81 0.0290337
84 0.0290337
87 0.0290337
90 0.0290336
