-90 0.0289479
-87 0.0285035
-84 0.0259197
-81 0.022947
-78 0.0278169
-75 0.0288308
-72 0.0289961
-69 0.0290218
-66 0.0290246
-63 0.0290245
-60 0.0290219
-57 0.0290103
-54 0.0289707
-51 0.028889
-48 0.0288451
-45 0.0289138
-42 0.028988
-39 0.0290179
-36 0.0290005
-33 0.0290171
-30 0.028994
-27 0.0288812
-24 0.028638
-21 0.0285811
-18 0.0288212
-15 0.0289711
-12 0.0290163
-9 0.0290257
-6 0.0289909
-3 0.029011
0 0.0290271
3 0.0290349
6 0.0290355
9 0.0290344
12 0.0290336
15 0.0290341
18 0.0290349
21 0.0290326
24 0.0290037
27 0.0290054
30 0.0290127
33 0.0289573
36 0.0288405
39 0.0287939
42 0.0288956
45 0.0289835
48 0.0290235
51 0.0290346
54 0.0290223
57 0.0290183
60 0.0290343
63 0.0290234
66 0.0289786
69 0.0288643
72 0.0287231
75 0.0287745
78 0.0289315
81 0.0290076
84 0.0290243
87 0.0290166
90 0.0289479
