-90 0.0290352
-87 0.0290379
-84 0.0290384
-81 0.029037
-78 0.0290221
-75 0.029036
-72 0.0290389
-69 0.029039
-66 0.0290379
-63 0.0290319
-60 0.0290001
-57 0.0288574
-54 0.0284432
-51 0.0282003
-48 0.0286455
-45 0.0289381
-42 0.0290167
-39 0.0290298
-36 0.0290242
-33 0.0290146
-30 0.0290224
-27 0.0290328
-24 0.0290374
-21 0.029039
-18 0.0290394
-15 0.0290394
-12 0.0290389
-9 0.0290356
-6 0.0290312
-3 0.0290377
0 0.0290394
3 0.0290394
6 0.029039
9 0.0290381
12 0.0290372
15 0.0290376
18 0.0290384
21 0.0290385
24 0.0290368
27 0.0290258
30 0.0289584
33 0.0285366
36 0.0259148
39 0.0209735
42 0.0276337
45 0.0288149
48 0.0290023
51 0.0290318
54 0.0290345
57 0.0289891
60 0.0290325
63 0.0290331
66 0.0290139
69 0.0288964
72 0.0282087
75 0.0251701
78 0.0258923
81 0.0284147
84 0.0289295
87 0.0290197
90 0.0290352
