-90 0.0290392
-87 0.0290393
-84 0.0290393
-81 0.0290392
-78 0.0290389
-75 0.0290384
-72 0.029036
-69 0.029027
-66 0.0290006
-63 0.028968
-60 0.0289382
-57 0.0289428
-54 0.0289885
-51 0.0290224
-48 0.0290351
-45 0.0290384
-42 0.0290393
-39 0.0290396
-36 0.0290397
-33 0.0290395
-30 0.0290396
-27 0.0290397
-24 0.0290387
-21 0.029025
-18 0.0290124
-15 0.0290371
-12 0.0290391
-9 0.0290384
-6 0.0290355
-3 0.0290279
0 0.0290184
3 0.0290161
6 0.0290235
9 0.0290325
12 0.0290372
15 0.0290392
18 0.0290396
21 0.0290396
24 0.0290395
27 0.0290394
30 0.0290389
33 0.0290378
36 0.0290363
39 0.0290354
42 0.0290348
45 0.0290332
48 0.0290311
51 0.0290233
54 0.0289695
57 0.0286531
60 0.0272175
63 0.0259746
66 0.0281131
69 0.0288667
72 0.0290104
75 0.029035
78 0.029039
81 0.0290389
84 0.0290343
87 0.0290365
90 0.0290392
