-90 0.0290365
-87 0.0290384
-84 0.0290391
-81 0.0290392
-78 0.0290392
-75 0.0290393
-72 0.0290393
-69 0.0290389
-66 0.0290374
-63 0.0290349
-60 0.0290091
-57 0.0290124
-54 0.0290307
-51 0.0290247
-48 0.0290127
-45 0.029005
-42 0.029011
-39 0.0290183
-36 0.029019
-33 0.0290309
-30 0.0290354
-27 0.0290285
-24 0.0290166
-21 0.0290365
-18 0.0290388
-15 0.0290392
-12 0.0290393
-9 0.0290394
-6 0.0290389
-3 0.029031
0 0.0290009
3 0.0290349
6 0.0290389
9 0.0290388
12 0.0290382
15 0.0290374
18 0.0290376
21 0.0290383
24 0.0290386
27 0.0290385
30 0.0290378
33 0.0290351
36 0.0290252
39 0.0289975
42 0.028949
45 0.0289291
48 0.0289847
51 0.0290208
54 0.0290339
57 0.0290377
60 0.0290387
63 0.029039
66 0.0290388
69 0.0290388
72 0.0290382
75 0.0290365
78 0.0290331
81 0.0290288
84 0.0290283
87 0.0290327
90 0.0290365
