-90 0.0289953
-87 0.0290095
-84 0.0290152
-81 0.0290191
-78 0.0290224
-75 0.0290253
-72 0.0290278
-69 0.02903
-66 0.0290318
-63 0.0290328
-60 0.0290342
-57 0.029035
-54 0.0290355
-51 0.0290358
-48 0.0290359
-45 0.0290356
-42 0.029034
-39 0.0290329
-36 0.0290337
-33 0.0290342
-30 0.029035
-27 0.0290356
-24 0.0290359
-21 0.0290358
-18 0.0290355
-15 0.0290355
-12 0.0290347
-9 0.0290341
-6 0.0290353
-3 0.0290357
0 0.0290355
3 0.0290349
6 0.029034
9 0.0290329
12 0.0290327
15 0.0290327
18 0.0290288
21 0.0290306
24 0.0290164
27 0.0290322
30 0.0290354
33 0.029036
36 0.0290362
39 0.0290362
42 0.0290359
45 0.0290355
48 0.0290348
51 0.0290338
54 0.0290323
57 0.0290305
60 0.0290281
63 0.0290244
66 0.0290177
69 0.0290002
72 0.0289306
75 0.0286421
78 0.0279294
81 0.0279543
84 0.02866
87 0.0289333
90 0.0289953
