-90 0.0290395
-87 0.0290382
-84 0.029033
-81 0.0290106
-78 0.0289277
-75 0.0287507
-72 0.0286893
-69 0.0288602
-66 0.0289862
-63 0.0290269
-60 0.0290355
-57 0.0290371
-54 0.029038
-51 0.0290382
-48 0.0290313
-45 0.0290305
-42 0.0290329
-39 0.0290223
-36 0.0290252
-33 0.0290165
-30 0.0290115
-27 0.0290288
-24 0.029016
-21 0.0290013
-18 0.0290148
-15 0.0290258
-12 0.0290304
-9 0.0290339
-6 0.0290365
-3 0.0290357
0 0.0290245
3 0.0289687
6 0.0287554
9 0.0283708
12 0.0284645
15 0.0288385
18 0.028993
21 0.0290281
24 0.0290335
27 0.0290317
30 0.0290155
33 0.0290366
36 0.0290328
39 0.0290182
42 0.0289758
45 0.02888
48 0.0287935
51 0.028862
54 0.0289723
57 0.0290216
60 0.0290355
63 0.0290386
66 0.029039
69 0.0290389
72 0.029039
75 0.0290393
78 0.0290392
81 0.0290398
84 0.0290399
87 0.0290398
90 0.0290395
