-90 0.0288953
-87 0.0288953
-84 0.0289613
-81 0.0290112
-78 0.0290318
-75 0.0290369
-72 0.0290383
-69 0.0290389
-66 0.0290391
-63 0.0290392
-60 0.0290395
-57 0.0290395
-54 0.0290386
-51 0.0290346
-48 0.0290117
-45 0.0288753
-42 0.0281424
-39 0.0258597
-36 0.0270266
-33 0.0286154
-30 0.0289658
-27 0.0290273
-24 0.0290374
-21 0.0290391
-18 0.0290393
-15 0.0290376
-12 0.0290144
-9 0.0290261
-6 0.0290389
-3 0.0290393
0 0.0290363
3 0.0290351
6 0.0290386
9 0.0290395
12 0.0290398
15 0.0290396
18 0.0290385
21 0.0290353
24 0.0290288
27 0.0290254
30 0.0290312
33 0.0290367
36 0.0290385
39 0.0290377
42 0.0290312
45 0.0290034
48 0.0289214
51 0.0288106
54 0.0288355
57 0.0289514
60 0.0290151
63 0.0290342
66 0.0290385
69 0.0290356
72 0.0289802
75 0.0290372
78 0.0290383
81 0.0290337
84 0.0290162
87 0.0289664
90 0.0288953
