-90 0.0289962
-87 0.0289897
-84 0.0289855
-81 0.028988
-78 0.0289932
-75 0.0289965
-72 0.0289971
-69 0.028996
-66 0.0289937
-63 0.0289903
-60 0.0289858
-57 0.0289803
-54 0.0289738
-51 0.0289655
-48 0.0289558
-45 0.0289451
-42 0.0289348
-39 0.0289264
-36 0.0289206
-33 0.0289166
-30 0.0289147
-27 0.0289185
-24 0.0289298
-21 0.0289433
-18 0.0289555
-15 0.0289657
-12 0.0289738
-9 0.0289801
-6 0.0289849
-3 0.0289885
0 0.0289906
3 0.0289874
6 0.0289522
9 0.0289338
12 0.0289638
15 0.0289937
18 0.0289963
21 0.0289967
24 0.0289967
27 0.0289968
30 0.0289968
33 0.0289969
36 0.028997
39 0.0289972
42 0.0289974
45 0.0289976
48 0.028998
51 0.0289984
54 0.0289989
57 0.0289994
60 0.0289999
63 0.0290004
66 0.0290007
69 0.0289992
72 0.0289891
75 0.0289988
78 0.0290019
81 0.0290023
84 0.029002
87 0.0290004
90 0.0289962
