-90 0.0290398
-87 0.0290397
-84 0.0290396
-81 0.0290392
-78 0.0290383
-75 0.0290352
-72 0.029017
-69 0.0289064
-66 0.0282753
-63 0.0256985
-60 0.0262133
-57 0.0284431
-54 0.0289353
-51 0.0290199
-48 0.0290328
-45 0.0290282
-42 0.0290035
-39 0.0289476
-36 0.0288959
-33 0.0289393
-30 0.0290009
-27 0.0290288
-24 0.0290372
-21 0.0290392
-18 0.0290395
-15 0.0290393
-12 0.0290393
-9 0.0290395
-6 0.0290394
-3 0.0290395
0 0.0290396
3 0.0290391
6 0.0290343
9 0.0290376
12 0.0290397
15 0.0290399
18 0.0290397
21 0.0290377
24 0.029011
27 0.0290319
30 0.0290388
33 0.0290387
36 0.0290375
39 0.0290356
42 0.0290366
45 0.0290374
48 0.0290377
51 0.0290362
54 0.0290286
57 0.0290339
60 0.0290369
63 0.0290372
66 0.0290389
69 0.0290395
72 0.0290397
75 0.0290398
78 0.0290398
81 0.0290397
84 0.0290398
87 0.0290398
90 0.0290398
