-90 0.0206553
-87 0.0255694
-84 0.0284825
-81 0.0289394
-78 0.02901
-75 0.0290197
-72 0.0290194
-69 0.0290164
-66 0.0290113
-63 0.0290051
-60 0.0290025
-57 0.0290028
-54 0.0290032
-51 0.0290027
-48 0.0290018
-45 0.029001
-42 0.0290006
-39 0.029
-36 0.0289976
-33 0.0289934
-30 0.028992
-27 0.0289978
-24 0.0290067
-21 0.0290135
-18 0.0290171
-15 0.0290175
-12 0.0290215
-9 0.029024
-6 0.0290254
-3 0.0290264
0 0.0290276
3 0.0290287
6 0.0290294
9 0.0290291
12 0.0290287
15 0.0290304
18 0.0290313
21 0.0290314
24 0.0290312
27 0.029031
30 0.0290307
33 0.02903
36 0.029029
39 0.0290286
42 0.0290287
45 0.0290247
48 0.0289997
51 0.0290206
54 0.0290325
57 0.029034
60 0.0290341
63 0.029034
66 0.0290336
69 0.0290334
72 0.0290329
75 0.0290317
78 0.0290263
81 0.0289959
84 0.0288081
87 0.0276447
90 0.0206553
