-90 0.0281894
-87 0.0285753
-84 0.0289023
-81 0.028999
-78 0.02902
-75 0.0290243
-72 0.0290259
-69 0.0290263
-66 0.0290295
-63 0.0290317
-60 0.0290328
-57 0.0290334
-54 0.0290334
-51 0.0290332
-48 0.0290332
-45 0.0290336
-42 0.0290339
-39 0.0290341
-36 0.0290341
-33 0.029034
-30 0.0290338
-27 0.0290337
-24 0.0290335
-21 0.0290334
-18 0.0290333
-15 0.029033
-12 0.0290308
-9 0.0290273
-6 0.029031
-3 0.029023
0 0.0290178
3 0.0290323
6 0.0290343
9 0.0290347
12 0.029035
15 0.0290353
18 0.0290355
21 0.0290355
24 0.0290318
27 0.0289462
30 0.0290269
33 0.0290107
36 0.0290343
39 0.0290361
42 0.0290361
45 0.0290358
48 0.0290354
51 0.0290349
54 0.0290341
57 0.0290331
60 0.0290316
63 0.0290296
66 0.0290268
69 0.0290231
72 0.0290184
75 0.0290126
78 0.0290039
81 0.0289774
84 0.028864
87 0.0285046
90 0.0281894
