-90 0.0289973
-87 0.0289566
-84 0.0288556
-81 0.0289047
-78 0.028972
-75 0.0290067
-72 0.0290231
-69 0.0290298
-66 0.0290232
-63 0.0290218
-60 0.0290281
-57 0.0290378
-54 0.0290384
-51 0.0290376
-48 0.0290388
-45 0.0290394
-42 0.0290393
-39 0.0290387
-36 0.0290381
-33 0.0290385
-30 0.0290393
-27 0.0290396
-24 0.0290393
-21 0.0290389
-18 0.0290387
-15 0.029039
-12 0.0290395
-9 0.0290397
-6 0.0290395
-3 0.0290369
0 0.029004
3 0.0290325
6 0.0290393
9 0.0290372
12 0.0289956
15 0.0290302
18 0.0290391
21 0.0290395
24 0.0290389
27 0.0290364
30 0.0290266
33 0.0289997
36 0.0289558
39 0.0289436
42 0.0289824
45 0.0290188
48 0.029034
51 0.0290383
54 0.0290389
57 0.0290377
60 0.0290174
63 0.0290328
66 0.0290382
69 0.0290389
72 0.029038
75 0.0290346
78 0.0290263
81 0.0290134
84 0.0290051
87 0.0290052
90 0.0289973
