-90 0.0289762
-87 0.0289762
-84 0.028983
-81 0.0289926
-78 0.0290028
-75 0.029012
-72 0.0290186
-69 0.0290231
-66 0.0290251
-63 0.0290206
-60 0.0289919
-57 0.0288871
-54 0.028687
-51 0.0286591
-48 0.0288258
-45 0.0288939
-42 0.0287382
-39 0.0278809
-36 0.0233498
-33 0.0257917
-30 0.0284726
-27 0.0289415
-24 0.0290174
-21 0.0290296
-18 0.0290316
-15 0.0290321
-12 0.029032
-9 0.0290304
-6 0.0290316
-3 0.0290299
0 0.0290168
3 0.0290215
6 0.0290328
9 0.0290349
12 0.0290353
15 0.0290356
18 0.0290357
21 0.0290359
24 0.0290357
27 0.0290348
30 0.029032
33 0.029027
36 0.0290229
39 0.0290233
42 0.0290261
45 0.029026
48 0.0290157
51 0.0289871
54 0.0289543
57 0.028961
60 0.0289966
63 0.0290201
66 0.0290273
69 0.0290271
72 0.029024
75 0.0290191
78 0.0290124
81 0.0290039
84 0.0289937
87 0.0289834
90 0.0289762
