-90 0.0290344
-87 0.0290236
-84 0.0290027
-81 0.0289872
-78 0.0289773
-75 0.0289713
-72 0.0290163
-69 0.0290214
-66 0.0290123
-63 0.0290021
-60 0.0290091
-57 0.0290222
-54 0.0290303
-51 0.0290346
-48 0.0290369
-45 0.029038
-42 0.0290386
-39 0.0290389
-36 0.029039
-33 0.0290388
-30 0.0290383
-27 0.0290377
-24 0.0290379
-21 0.0290379
-18 0.0290374
-15 0.0290385
-12 0.0290394
-9 0.0290398
-6 0.0290399
-3 0.0290398
0 0.0290393
3 0.0290383
6 0.0290378
9 0.029021
12 0.0290012
15 0.0290369
18 0.0290394
21 0.0290394
24 0.0290397
27 0.0290398
30 0.0290395
33 0.0290384
36 0.0290343
39 0.0290187
42 0.0290341
45 0.0290386
48 0.0290392
51 0.0290314
54 0.0290108
57 0.0290387
60 0.0290399
63 0.0290399
66 0.0290399
69 0.0290398
72 0.0290398
75 0.0290398
78 0.0290397
81 0.0290395
84 0.0290392
87 0.029038
90 0.0290344
