-90 0.0290375
-87 0.0290391
-84 0.0290395
-81 0.0290392
-78 0.0290363
-75 0.0290227
-72 0.029019
-69 0.029035
-66 0.0290389
-63 0.0290389
-60 0.0290319
-57 0.0289886
-54 0.0290336
-51 0.0290375
-48 0.0290329
-45 0.0290165
-42 0.0289777
-39 0.0289347
-36 0.0289424
-33 0.0289763
-30 0.0289522
-27 0.0290064
-24 0.0290175
-21 0.0290236
-18 0.0290308
-15 0.0290352
-12 0.0290376
-9 0.0290388
-6 0.0290394
-3 0.0290396
0 0.0290396
3 0.0290388
6 0.0290383
9 0.0290391
12 0.0290396
15 0.0290396
18 0.0290395
21 0.0290395
24 0.0290395
27 0.0290392
30 0.0290394
33 0.0290394
36 0.0290392
39 0.0290373
42 0.0290322
45 0.0290366
48 0.029036
51 0.0290359
54 0.0290371
57 0.0290381
60 0.0290391
63 0.0290394
66 0.0290394
69 0.0290391
72 0.0290379
75 0.0290342
78 0.0290227
81 0.0290054
84 0.0290187
87 0.0290324
90 0.0290375
