-90 0.0290018
-87 0.0290115
-84 0.0290187
-81 0.0290237
-78 0.0290256
-75 0.0290204
-72 0.0289986
-69 0.0289585
-66 0.0289415
-63 0.0289758
-60 0.0290138
-57 0.029031
-54 0.0290364
-51 0.0290379
-48 0.0290381
-45 0.0290362
-42 0.0290342
-39 0.0290381
-36 0.0290389
-33 0.029039
-30 0.029039
-27 0.029039
-24 0.029039
-21 0.0290391
-18 0.0290391
-15 0.0290391
-12 0.0290391
-9 0.0290391
-6 0.029039
-3 0.0290374
0 0.0290292
3 0.0290364
6 0.0290386
9 0.0290386
12 0.0290379
15 0.0290359
18 0.0290307
21 0.0290209
24 0.0290134
27 0.0290167
30 0.0290261
33 0.0290328
36 0.0290356
39 0.029036
42 0.0290354
45 0.0290343
48 0.0290327
51 0.0290305
54 0.0290276
57 0.0290237
60 0.0290181
63 0.0290072
66 0.0289565
69 0.0288553
72 0.028959
75 0.0289715
78 0.0289656
81 0.0289662
84 0.0289763
87 0.0289896
90 0.0290018
