-90 0.0290391
-87 0.0290391
-84 0.0290385
-81 0.0290349
-78 0.0290344
-75 0.029035
-72 0.0290226
-69 0.0289742
-66 0.0288599
-63 0.0287804
-60 0.0288739
-57 0.0289824
-54 0.0290255
-51 0.0290367
-48 0.0290386
-45 0.029039
-42 0.0290379
-39 0.0290351
-36 0.0290323
-33 0.0290317
-30 0.0290345
-27 0.0290378
-24 0.029039
-21 0.0290387
-18 0.0290371
-15 0.0290333
-12 0.0290203
-9 0.0289693
-6 0.0288277
-3 0.0286905
0 0.0287992
3 0.0289562
6 0.0290195
9 0.0290356
12 0.0290389
15 0.0290397
18 0.0290398
21 0.0290398
24 0.0290398
27 0.0290398
30 0.0290397
33 0.0290397
36 0.0290396
39 0.0290393
42 0.0290379
45 0.0290306
48 0.0289854
51 0.0287018
54 0.0269138
57 0.0187104
60 0.0269195
63 0.0287032
66 0.0289856
69 0.0290302
72 0.0290373
75 0.0290384
78 0.0290387
81 0.0290389
84 0.029039
87 0.0290391
90 0.0290391
