-90 0.0290224
-87 0.0290137
-84 0.0290032
-81 0.0289967
-78 0.0290013
-75 0.0290111
-72 0.0290191
-69 0.0290243
-66 0.0290276
-63 0.0290298
-60 0.0290312
-57 0.0290319
-54 0.0290321
-51 0.0290307
-48 0.0290091
-45 0.0290252
-42 0.029022
-39 0.0290291
-36 0.0290334
-33 0.0290345
-30 0.0290354
-27 0.0290361
-24 0.0290368
-21 0.0290373
-18 0.0290365
-15 0.029024
-12 0.029032
-9 0.029038
-6 0.0290353
-3 0.0290326
0 0.0290377
3 0.0290388
6 0.0290392
9 0.0290393
12 0.0290393
15 0.0290392
18 0.0290391
21 0.029039
24 0.029039
27 0.029039
30 0.0290391
33 0.0290392
36 0.0290391
39 0.0290391
42 0.0290391
45 0.0290392
48 0.0290392
51 0.0290386
54 0.0290373
57 0.0290323
60 0.0290011
63 0.028804
66 0.027568
69 0.0209953
72 0.0261279
75 0.0285654
78 0.0289568
81 0.0290192
84 0.0290288
87 0.0290281
90 0.0290224
