-90 0.0290235
-87 0.0290224
-84 0.0290196
-81 0.0290161
-78 0.0290129
-75 0.02901
-72 0.029007
-69 0.0290031
-66 0.0289977
-63 0.0289906
-60 0.0289816
-57 0.0289708
-54 0.0289596
-51 0.0289514
-48 0.0289503
-45 0.0289568
-42 0.0289669
-39 0.0289772
-36 0.0289863
-33 0.0289939
-30 0.0290002
-27 0.0290055
-24 0.0290099
-21 0.0290136
-18 0.0290167
-15 0.0290188
-12 0.0290185
-9 0.0290225
-6 0.0290252
-3 0.0290267
0 0.0290279
3 0.0290288
6 0.0290293
9 0.0290293
12 0.0290282
15 0.0290247
18 0.0290164
21 0.0289972
24 0.0289568
27 0.0289656
30 0.0290011
33 0.0290107
36 0.0289976
39 0.0289637
42 0.028928
45 0.0289199
48 0.0289551
51 0.0289984
54 0.0290196
57 0.0290244
60 0.0290238
63 0.0290237
66 0.0290251
69 0.0290244
72 0.0290236
75 0.0290282
78 0.0290286
81 0.0290264
84 0.029021
87 0.029021
90 0.0290235
