-90 0.0290297
-87 0.0290272
-84 0.0290175
-81 0.0290098
-78 0.029018
-75 0.0290214
-72 0.0290235
-69 0.0290246
-66 0.0290262
-63 0.029028
-60 0.0290285
-57 0.0290282
-54 0.029023
-51 0.0290058
-48 0.0290257
-45 0.0290269
-42 0.0290265
-39 0.029026
-36 0.0290249
-33 0.0290227
-30 0.0290159
-27 0.0289864
-24 0.0288677
-21 0.0285714
-18 0.0284512
-15 0.0287515
-12 0.0289496
-9 0.029007
-6 0.0290193
-3 0.0290214
0 0.0290216
3 0.0290213
6 0.0290209
9 0.0290202
12 0.0290191
15 0.0290176
18 0.0290156
21 0.0290129
24 0.0290099
27 0.0290078
30 0.0290077
33 0.0290097
36 0.0290131
39 0.0290168
42 0.02902
45 0.0290224
48 0.0290227
51 0.029021
54 0.0290249
57 0.0290279
60 0.0290287
63 0.0290291
66 0.0290295
69 0.0290297
72 0.0290299
75 0.0290301
78 0.0290302
81 0.0290303
84 0.0290303
87 0.0290302
90 0.0290297
