-90 0.0290061
-87 0.029016
-84 0.0290252
-81 0.0290304
-78 0.0290329
-75 0.0290342
-72 0.029035
-69 0.0290356
-66 0.0290359
-63 0.0290363
-60 0.0290367
-57 0.0290366
-54 0.0290332
-51 0.0290325
-48 0.0290272
-45 0.0290365
-42 0.029039
-39 0.0290393
-36 0.0290391
-33 0.0290353
-30 0.028982
-27 0.0290272
-24 0.0290374
-21 0.0290338
-18 0.0290219
-15 0.0290307
-12 0.0290085
-9 0.0290354
-6 0.0290381
-3 0.0290345
0 0.029035
3 0.0290386
6 0.0290389
9 0.029039
12 0.0290385
15 0.0290372
18 0.0290355
21 0.0290335
24 0.0290302
27 0.0290254
30 0.0290201
33 0.029017
36 0.0290163
39 0.0290134
42 0.0290032
45 0.0289928
48 0.0289989
51 0.0289819
54 0.028811
57 0.0278024
60 0.0242129
63 0.0266983
66 0.028575
69 0.0289147
72 0.0289602
75 0.0289667
78 0.0289799
81 0.0289937
84 0.0290003
87 0.0290017
90 0.0290061
