-90 0.0289979
-87 0.0290246
-84 0.0290327
-81 0.0290372
-78 0.029039
-75 0.0290395
-72 0.0290395
-69 0.0290394
-66 0.0290391
-63 0.0290387
-60 0.029038
-57 0.0290368
-54 0.0290346
-51 0.0290308
-48 0.0290243
-45 0.0290156
-42 0.0290057
-39 0.0289784
-36 0.0288977
-33 0.0288157
-30 0.0288713
-27 0.028973
-24 0.029021
-21 0.0290349
-18 0.0290383
-15 0.0290391
-12 0.0290391
-9 0.0290345
-6 0.0289709
-3 0.029033
0 0.0290379
3 0.0290392
6 0.0290387
9 0.0290322
12 0.0290195
15 0.0290337
18 0.0290386
21 0.0290386
24 0.0290369
27 0.0290357
30 0.029037
33 0.0290387
36 0.0290395
39 0.0290396
42 0.0290393
45 0.0290396
48 0.0290398
51 0.0290399
54 0.0290396
57 0.0290374
60 0.0290375
63 0.0290395
66 0.0290399
69 0.0290399
72 0.0290398
75 0.0290395
78 0.0290385
81 0.0290355
84 0.0290293
87 0.0290136
90 0.0289979
