-90 0.0290295
-87 0.0290351
-84 0.0290247
-81 0.0290329
-78 0.029039
-75 0.0290396
-72 0.0290395
-69 0.0290393
-66 0.0290389
-63 0.0290394
-60 0.0290392
-57 0.0290387
-54 0.0290367
-51 0.029028
-48 0.0289882
-45 0.0288023
-42 0.0279969
-39 0.0259824
-36 0.0273811
-33 0.0286866
-30 0.0289724
-27 0.0290223
-24 0.0290301
-21 0.0290311
-18 0.0290313
-15 0.0290318
-12 0.0290326
-9 0.0290338
-6 0.0290349
-3 0.0290351
0 0.0290224
3 0.0290058
6 0.0290316
9 0.0290368
12 0.0290383
15 0.0290377
18 0.0290348
21 0.0290327
24 0.0290361
27 0.0290384
30 0.0290389
33 0.0290388
36 0.0290367
39 0.0290293
42 0.0290139
45 0.0289669
48 0.0287927
51 0.0285449
54 0.0286533
57 0.0289034
60 0.0290072
63 0.0290304
66 0.0289981
69 0.0290328
72 0.0290198
75 0.0289691
78 0.0288742
81 0.0288438
84 0.0289305
87 0.0290029
90 0.0290295
