-90 0.0290381
-87 0.0290382
-84 0.0290381
-81 0.0290383
-78 0.0290385
-75 0.0290386
-72 0.0290385
-69 0.0290384
-66 0.0290382
-63 0.029038
-60 0.0290379
-57 0.0290376
-54 0.0290371
-51 0.0290355
-48 0.0290293
-45 0.0290095
-42 0.028966
-39 0.0289279
-36 0.0289484
-33 0.0289913
-30 0.0290128
-27 0.0290192
-24 0.0290229
-21 0.0290271
-18 0.029031
-15 0.0290335
-12 0.0290337
-9 0.0290342
-6 0.0290362
-3 0.0290367
0 0.0290365
3 0.0290291
6 0.0289921
9 0.0290293
12 0.0290361
15 0.0290386
18 0.0290384
21 0.0290376
24 0.029034
27 0.0290295
30 0.0290183
33 0.0290142
36 0.0290276
39 0.0290335
42 0.0290297
45 0.0290112
48 0.0289622
51 0.0288013
54 0.0281194
57 0.0269009
60 0.0279232
63 0.0287863
66 0.0289921
69 0.0290294
72 0.0290317
75 0.0290069
78 0.0289881
81 0.0290304
84 0.0290368
87 0.0290378
90 0.0290381
