-90 0.0290385
-87 0.0290386
-84 0.0290386
-81 0.0290387
-78 0.0290385
-75 0.0290369
-72 0.0290305
-69 0.0290298
-66 0.029037
-63 0.0290392
-60 0.0290396
-57 0.0290396
-54 0.0290396
-51 0.0290395
-48 0.0290388
-45 0.0290364
-42 0.0290295
-39 0.029017
-36 0.0290079
-33 0.0290132
-30 0.0290239
-27 0.0290223
-24 0.0289785
-21 0.0287542
-18 0.0273611
-15 0.0198454
-12 0.0263877
-9 0.0286154
-6 0.0289702
-3 0.0290256
0 0.0290334
3 0.0290334
6 0.0290314
9 0.0290281
12 0.0290254
15 0.0290184
18 0.0289576
21 0.0289894
24 0.0290085
27 0.0290084
30 0.0290096
33 0.0290129
36 0.0290171
39 0.0290204
42 0.029018
45 0.0289847
48 0.0287888
51 0.0279321
54 0.0267864
57 0.0280424
60 0.0287855
63 0.028988
66 0.0290285
69 0.0290361
72 0.0290377
75 0.0290381
78 0.0290383
81 0.0290383
84 0.0290384
87 0.0290384
90 0.0290385
