-90 0.0290146
-87 0.029015
-84 0.0290078
-81 0.0290148
-78 0.0290218
-75 0.0290237
-72 0.0290247
-69 0.0290249
-66 0.0290243
-63 0.0290228
-60 0.0290136
-57 0.0289856
-54 0.0290239
-51 0.0290252
-48 0.0290217
-45 0.0290059
-42 0.0289642
-39 0.0289245
-36 0.0289431
-33 0.0289911
-30 0.0290189
-27 0.0290286
-24 0.0290311
-21 0.0290274
-18 0.0290229
-15 0.0290292
-12 0.0290325
-9 0.0290331
-6 0.0290327
-3 0.0290324
0 0.0290323
3 0.0290321
6 0.0290316
9 0.0290307
12 0.0290286
15 0.0290235
18 0.0290122
21 0.0290012
24 0.0290101
27 0.02902
30 0.0290238
33 0.0290245
36 0.0290235
39 0.0290203
42 0.0290075
45 0.0289487
48 0.028716
51 0.0282382
54 0.0282995
57 0.0287618
60 0.0289549
63 0.0290001
66 0.0290084
69 0.0290095
72 0.0290097
75 0.0290099
78 0.0290103
81 0.0290108
84 0.0290114
87 0.0290127
90 0.0290146
