-90 0.0290274
-87 0.0290269
-84 0.029026
-81 0.0290253
-78 0.0290253
-75 0.029026
-72 0.0290272
-69 0.0290286
-66 0.0290295
-63 0.02903
-60 0.0290301
-57 0.0290299
-54 0.0290297
-51 0.0290293
-48 0.0290288
-45 0.0290281
-42 0.0290272
-39 0.0290262
-36 0.0290249
-33 0.0290233
-30 0.0290208
-27 0.0290066
-24 0.0289497
-21 0.0289978
-18 0.0290055
-15 0.028999
-12 0.0289902
-9 0.0289797
-6 0.0289684
-3 0.0289591
0 0.0289547
3 0.0289544
6 0.0289551
9 0.0289552
12 0.0289553
15 0.028958
18 0.0289646
21 0.0289733
24 0.0289821
27 0.0289897
30 0.0289965
33 0.0290011
36 0.0290027
39 0.0289998
42 0.0289943
45 0.0289942
48 0.0290028
51 0.0290123
54 0.029018
57 0.029021
60 0.0290227
63 0.0290239
66 0.0290247
69 0.0290251
72 0.0290228
75 0.0290081
78 0.0290082
81 0.0290257
84 0.0290271
87 0.0290274
90 0.0290274
