-90 0.029039
-87 0.0290391
-84 0.0290357
-81 0.0290072
-78 0.0289831
-75 0.0288145
-72 0.0276532
-69 0.0217534
-66 0.0261004
-63 0.0285577
-60 0.0289629
-57 0.0290275
-54 0.0290379
-51 0.0290395
-48 0.0290394
-45 0.0290384
-42 0.0290371
-39 0.0290362
-36 0.0290189
-33 0.0290202
-30 0.0290376
-27 0.0290381
-24 0.029038
-21 0.029038
-18 0.0290378
-15 0.0290379
-12 0.0290382
-9 0.0290379
-6 0.0290352
-3 0.0290232
0 0.0289508
3 0.0290236
6 0.0290373
9 0.0290395
12 0.0290398
15 0.0290396
18 0.0290388
21 0.0290369
24 0.029034
27 0.0290325
30 0.0290338
33 0.0290364
36 0.0290383
39 0.029039
42 0.029039
45 0.0290385
48 0.0290374
51 0.0290351
54 0.0290309
57 0.029023
60 0.0290082
63 0.0289823
66 0.0289637
69 0.0289883
72 0.0290072
75 0.0290216
78 0.0290302
81 0.0290347
84 0.029037
87 0.0290384
90 0.029039
