-90 0.0289619
-87 0.0289633
-84 0.0289518
-81 0.028964
-78 0.0289569
-75 0.0289557
-72 0.0289665
-69 0.0289793
-66 0.028987
-63 0.0289906
-60 0.0289926
-57 0.0289938
-54 0.0289948
-51 0.0289956
-48 0.0289962
-45 0.0289967
-42 0.0289969
-39 0.0289969
-36 0.0289965
-33 0.0289956
-30 0.0289934
-27 0.0289889
-24 0.0289725
-21 0.0289683
-18 0.0289721
-15 0.0289705
-12 0.0289748
-9 0.0289824
-6 0.0289855
-3 0.0289855
0 0.0289842
3 0.0289821
6 0.0289796
9 0.0289767
12 0.0289735
15 0.0289703
18 0.0289667
21 0.0289628
24 0.0289584
27 0.0289537
30 0.0289487
33 0.0289435
36 0.0289381
39 0.0289296
42 0.0288389
45 0.0289203
48 0.0289186
51 0.0289154
54 0.0289136
57 0.0289135
60 0.028915
63 0.0289183
66 0.0289227
69 0.0289281
72 0.0289338
75 0.0289395
78 0.0289446
81 0.0289486
84 0.0289519
87 0.0289563
90 0.0289619
