-90 0.0206106
-87 0.025577
-84 0.028491
-81 0.0289497
-78 0.0290222
-75 0.0290338
-72 0.0290359
-69 0.0290363
-66 0.0290363
-63 0.0290363
-60 0.0290362
-57 0.029036
-54 0.0290358
-51 0.0290355
-48 0.0290352
-45 0.0290336
-42 0.0290145
-39 0.029025
-36 0.0290328
-33 0.0290323
-30 0.029031
-27 0.0290293
-24 0.029027
-21 0.0290236
-18 0.02902
-15 0.029016
-12 0.0290106
-9 0.0290021
-6 0.0289729
-3 0.028973
0 0.0290014
3 0.0290093
6 0.0290148
9 0.0290194
12 0.0290223
15 0.0290262
18 0.0290295
21 0.0290316
24 0.029033
27 0.0290338
30 0.0290304
33 0.0290213
36 0.0290342
39 0.0290359
42 0.0290361
45 0.029036
48 0.0290359
51 0.0290357
54 0.0290355
57 0.0290353
60 0.0290351
63 0.0290348
66 0.0290338
69 0.0290282
72 0.0289943
75 0.0287867
78 0.0275644
81 0.0231204
84 0.026559
87 0.0272714
90 0.0206106
