-90 0.0290351
-87 0.0290348
-84 0.0290326
-81 0.0290246
-78 0.0290346
-75 0.0290366
-72 0.0290374
-69 0.029038
-66 0.0290385
-63 0.0290389
-60 0.0290391
-57 0.0290393
-54 0.0290394
-51 0.0290394
-48 0.0290393
-45 0.0290393
-42 0.0290393
-39 0.0290393
-36 0.0290388
-33 0.0290361
-30 0.0290213
-27 0.0289407
-24 0.0285704
-21 0.0276528
-18 0.0278444
-15 0.0286918
-12 0.0289696
-9 0.0290267
-6 0.0290313
-3 0.0290049
0 0.0290349
3 0.0290389
6 0.0290369
9 0.0290295
12 0.0290278
15 0.0290355
18 0.0290379
21 0.0290369
24 0.0290355
27 0.029035
30 0.0290353
33 0.0290346
36 0.0290273
39 0.0289996
42 0.0289359
45 0.0288777
48 0.0288762
51 0.0289572
54 0.0290169
57 0.0290332
60 0.0290369
63 0.029037
66 0.0290364
69 0.029037
72 0.0290371
75 0.0290369
78 0.0290366
81 0.0290362
84 0.0290358
87 0.0290354
90 0.0290351
