-90 0.0290391
-87 0.0290396
-84 0.0290396
-81 0.0290396
-78 0.0290393
-75 0.0290365
-72 0.029014
-69 0.0290268
-66 0.0290349
-63 0.0290383
-60 0.0290389
-57 0.0290386
-54 0.0290387
-51 0.0290384
-48 0.029038
-45 0.0290375
-42 0.0290369
-39 0.0290358
-36 0.0290306
-33 0.0290308
-30 0.0290339
-27 0.0290336
-24 0.0290343
-21 0.0290354
-18 0.0290361
-15 0.0290367
-12 0.0290372
-9 0.0290375
-6 0.0290376
-3 0.0290379
0 0.0290375
3 0.0290338
6 0.0290103
9 0.0288633
12 0.0279513
15 0.0230074
18 0.0253881
21 0.0284271
24 0.028939
27 0.0290199
30 0.0290325
33 0.0290347
36 0.0290356
39 0.0290369
42 0.0290372
45 0.0290371
48 0.0290385
51 0.0290392
54 0.0290393
57 0.0290393
60 0.0290393
63 0.0290392
66 0.0290391
69 0.0290389
72 0.0290379
75 0.0290369
78 0.0290367
81 0.029038
84 0.0290386
87 0.0290387
90 0.0290391
