-90 0.0290239
-87 0.0289851
-84 0.0287705
-81 0.0278834
-78 0.0269303
-75 0.028185
-72 0.028847
-69 0.0289876
-66 0.0290245
-63 0.0290359
-60 0.0290387
-57 0.029039
-54 0.0290392
-51 0.0290394
-48 0.0290394
-45 0.0290391
-42 0.0290378
-39 0.0290354
-36 0.0290332
-33 0.0290332
-30 0.0290354
-27 0.0290374
-24 0.0290382
-21 0.0290379
-18 0.0290375
-15 0.029038
-12 0.0290389
-9 0.0290395
-6 0.0290389
-3 0.0290315
0 0.0290128
3 0.0290344
6 0.0290315
9 0.0290052
12 0.0290334
15 0.0290161
18 0.0290294
21 0.0290389
24 0.0290394
27 0.0290393
30 0.029039
33 0.0290385
36 0.029037
39 0.0290229
42 0.029001
45 0.0290288
48 0.0290252
51 0.0290249
54 0.0290199
57 0.0290124
60 0.0290013
63 0.0289849
66 0.0289631
69 0.0289426
72 0.0289589
75 0.0289844
78 0.0290029
81 0.0290155
84 0.0290236
87 0.0290277
90 0.0290239
