-90 0.0290395
-87 0.0290396
-84 0.0290393
-81 0.0290377
-78 0.0290303
-75 0.028999
-72 0.0289017
-69 0.028758
-66 0.0287779
-63 0.0289209
-60 0.0289972
-57 0.0289848
-54 0.0287547
-51 0.0272357
-48 0.0178045
-45 0.026439
-42 0.0286323
-39 0.0289753
-36 0.0290291
-33 0.0290374
-30 0.029038
-27 0.029037
-24 0.029035
-21 0.0290323
-18 0.0290297
-15 0.0290286
-12 0.02903
-9 0.0290325
-6 0.029032
-3 0.0290316
0 0.0290373
3 0.0290389
6 0.0290394
9 0.0290395
12 0.0290394
15 0.0290391
18 0.0290364
21 0.0290087
24 0.0290225
27 0.0290359
30 0.0290344
33 0.0290274
36 0.0290167
39 0.0289959
42 0.0289791
45 0.0289922
48 0.0290177
51 0.0290327
54 0.029038
57 0.0290394
60 0.0290398
63 0.0290396
66 0.0290398
69 0.0290398
72 0.0290395
75 0.0290342
78 0.0290219
81 0.029038
84 0.0290396
87 0.0290394
90 0.0290395
