-90 0.0290181
-87 0.0290005
-84 0.0289866
-81 0.0289821
-78 0.0289849
-75 0.0290097
-72 0.0290284
-69 0.0290359
-66 0.0290386
-63 0.0290395
-60 0.0290397
-57 0.0290398
-54 0.029039
-51 0.0290377
-48 0.0290393
-45 0.0290399
-42 0.0290398
-39 0.0290394
-36 0.0290385
-33 0.0290372
-30 0.0290357
-27 0.0290362
-24 0.0290368
-21 0.0290356
-18 0.0290314
-15 0.0290314
-12 0.0290363
-9 0.0290386
-6 0.0290388
-3 0.0290386
0 0.0290394
3 0.0290397
6 0.0290397
9 0.0290388
12 0.0290349
15 0.0290363
18 0.0290392
21 0.0290397
24 0.0290395
27 0.0290384
30 0.0290341
33 0.0290207
36 0.0290126
39 0.0290321
42 0.0290374
45 0.0290384
48 0.0290237
51 0.0290205
54 0.0290391
57 0.0290397
60 0.0290397
63 0.0290398
66 0.0290399
69 0.0290399
72 0.0290399
75 0.0290397
78 0.0290394
81 0.0290385
84 0.0290363
87 0.0290305
90 0.0290181
