-90 0.0290295
-87 0.029037
-84 0.0290337
-81 0.029004
-78 0.0290228
-75 0.0290376
-72 0.0290394
-69 0.0290396
-66 0.0290394
-63 0.0290384
-60 0.0290328
-57 0.0290066
-54 0.0288855
-51 0.0284469
-48 0.0279179
-45 0.0283957
-42 0.0288205
-39 0.0288991
-36 0.028924
-33 0.0289795
-30 0.0290141
-27 0.0290203
-24 0.0290294
-21 0.029037
-18 0.0290391
-15 0.0290395
-12 0.0290396
-9 0.0290395
-6 0.0290392
-3 0.0290375
0 0.0290192
3 0.0289934
6 0.0290258
9 0.0290298
12 0.0290375
15 0.0290382
18 0.029038
21 0.0290375
24 0.0290368
27 0.029036
30 0.0290349
33 0.0290331
36 0.0290297
39 0.0290216
42 0.0289979
45 0.0289216
48 0.0286558
51 0.0281654
54 0.0283328
57 0.0288052
60 0.0289815
63 0.0290225
66 0.0290314
69 0.0290339
72 0.0290353
75 0.0290362
78 0.0290371
81 0.0290376
84 0.0290355
87 0.0289987
90 0.0290295
