-90 0.0289649
-87 0.0289287
-84 0.0289752
-81 0.0289984
-78 0.0290119
-75 0.0290202
-72 0.0290255
-69 0.0290289
-66 0.0290313
-63 0.0290328
-60 0.0290337
-57 0.0290342
-54 0.0290337
-51 0.0290288
-48 0.0289988
-45 0.0288192
-42 0.0278134
-39 0.0246227
-36 0.0269443
-33 0.0286098
-30 0.0288935
-27 0.0289266
-24 0.0289673
-21 0.029008
-18 0.0290268
-15 0.0290325
-12 0.029034
-9 0.0290343
-6 0.0290344
-3 0.0290345
0 0.0290346
3 0.0290347
6 0.0290348
9 0.0290348
12 0.0290345
15 0.0290301
18 0.0290286
21 0.0290343
24 0.0290296
27 0.029027
30 0.029035
33 0.0290357
36 0.0290358
39 0.0290359
42 0.0290359
45 0.0290356
48 0.0290337
51 0.0290273
54 0.0290273
57 0.02903
60 0.0290257
63 0.0290327
66 0.029035
69 0.0290347
72 0.0290337
75 0.029032
78 0.0290291
81 0.0290241
84 0.0290157
87 0.029001
90 0.0289649
