-90 0.0290357
-87 0.0290387
-84 0.0290388
-81 0.0290388
-78 0.029039
-75 0.0290391
-72 0.0290392
-69 0.0290381
-66 0.0290307
-63 0.0289869
-60 0.0287394
-57 0.027594
-54 0.0260933
-51 0.0279699
-48 0.0288302
-45 0.0290032
-42 0.0290331
-39 0.0290374
-36 0.029036
-33 0.0290299
-30 0.0290177
-27 0.029005
-24 0.029006
-21 0.0290199
-18 0.0290318
-15 0.029037
-12 0.0290362
-9 0.0290341
-6 0.0290385
-3 0.0290398
0 0.0290396
3 0.0290338
6 0.0290257
9 0.0290387
12 0.0290398
15 0.0290399
18 0.0290398
21 0.029039
24 0.0290362
27 0.0290235
30 0.0289814
33 0.0289001
36 0.0288654
39 0.0289354
42 0.029001
45 0.0290174
48 0.0290136
51 0.0290311
54 0.0290375
57 0.0290388
60 0.0290384
63 0.0290358
66 0.0290371
69 0.0290394
72 0.0290399
75 0.0290399
78 0.0290397
81 0.0290391
84 0.0290306
87 0.0289779
90 0.0290357
