-90 0.0288132
-87 0.028465
-84 0.0284702
-81 0.0288178
-78 0.0289854
-75 0.0290261
-72 0.0290231
-69 0.0290094
-66 0.0290308
-63 0.029038
-60 0.0290373
-57 0.0290347
-54 0.0290376
-51 0.0290382
-48 0.0290387
-45 0.029038
-42 0.0290374
-39 0.0290353
-36 0.0290279
-33 0.029014
-30 0.0290041
-27 0.0290108
-24 0.0290221
-21 0.0290149
-18 0.0290032
-15 0.0290306
-12 0.0290373
-9 0.0290386
-6 0.0290382
-3 0.0290375
0 0.0290365
3 0.0290349
6 0.0290326
9 0.0290291
12 0.0290154
15 0.0289633
18 0.0290204
21 0.0290263
24 0.0290294
27 0.0290323
30 0.0290346
33 0.0290363
36 0.0290375
39 0.0290383
42 0.0290386
45 0.0290381
48 0.0290355
51 0.0290294
54 0.0290178
57 0.0290038
60 0.0290035
63 0.0290182
66 0.0290314
69 0.0290374
72 0.029039
75 0.0290364
78 0.0290356
81 0.0290375
84 0.0290287
87 0.0289844
90 0.0288132
