-90 0.0290288
-87 0.0289953
-84 0.0288578
-81 0.0285305
-78 0.0284384
-75 0.0287703
-72 0.0289601
-69 0.0289948
-66 0.0289819
-63 0.0290117
-60 0.0290286
-57 0.0290332
-54 0.0290318
-51 0.0290278
-48 0.0290265
-45 0.0290304
-42 0.0290345
-39 0.0290328
-36 0.0290168
-33 0.0290251
-30 0.0289839
-27 0.0289495
-24 0.0287401
-21 0.0279635
-18 0.0275848
-15 0.0284969
-12 0.0289218
-9 0.0290144
-6 0.0289818
-3 0.029008
0 0.0288725
3 0.0281506
6 0.0260917
9 0.0272157
12 0.0286175
15 0.0289565
18 0.0290246
21 0.029034
24 0.0290272
27 0.0290329
30 0.0290204
33 0.0289403
36 0.0284612
39 0.0259234
42 0.0243617
45 0.0280507
48 0.0288681
51 0.0290053
54 0.0290277
57 0.0290325
60 0.0290338
63 0.0290336
66 0.0290311
69 0.0290232
72 0.0290074
75 0.0290059
78 0.0290218
81 0.0290306
84 0.0290342
87 0.0290346
90 0.0290288
