-90 0.0290288
-87 0.0289988
-84 0.028925
-81 0.0288575
-78 0.0289028
-75 0.0289838
-72 0.0290207
-69 0.0290268
-66 0.0290222
-63 0.0290227
-60 0.0290292
-57 0.0290337
-54 0.0290359
-51 0.0290373
-48 0.0290382
-45 0.0290387
-42 0.0290389
-39 0.029039
-36 0.0290391
-33 0.0290392
-30 0.0290392
-27 0.0290391
-24 0.0290389
-21 0.0290384
-18 0.0290371
-15 0.0290334
-12 0.0290235
-9 0.0290043
-6 0.0290052
-3 0.029022
0 0.0290252
3 0.0290167
6 0.029008
9 0.0290127
12 0.0290255
15 0.0290344
18 0.0290379
21 0.0290389
24 0.029039
27 0.0290388
30 0.0290382
33 0.0290366
36 0.029033
39 0.029026
42 0.0290136
45 0.0289911
48 0.0289642
51 0.0289754
54 0.0289669
57 0.0289624
60 0.0288789
63 0.0286566
66 0.0286085
69 0.02884
72 0.0289851
75 0.0290276
78 0.0290367
81 0.0290329
84 0.0290211
87 0.0290344
90 0.0290288
