-90 0.0290392
-87 0.0290393
-84 0.0290391
-81 0.0290382
-78 0.029036
-75 0.0290317
-72 0.029026
-69 0.029022
-66 0.0290221
-63 0.0290234
-60 0.0290204
-57 0.0290107
-54 0.028994
-51 0.02898
-48 0.0289917
-45 0.0290095
-42 0.0290217
-39 0.0290288
-36 0.0290325
-33 0.0290355
-30 0.0290375
-27 0.0290386
-24 0.029039
-21 0.0290389
-18 0.0290366
-15 0.0290238
-12 0.0289572
-9 0.0286611
-6 0.0279178
-3 0.0279581
0 0.0286875
3 0.0289603
6 0.0290164
9 0.0290197
12 0.0290219
15 0.0290319
18 0.0290369
21 0.0290353
24 0.0289865
27 0.029035
30 0.0290357
33 0.029022
36 0.0290059
39 0.0290027
42 0.0290107
45 0.0289413
48 0.0285413
51 0.0271404
54 0.0269844
57 0.0284677
60 0.0289285
63 0.0290188
66 0.0290352
69 0.0290385
72 0.0290393
75 0.0290396
78 0.0290396
81 0.0290395
84 0.0290394
87 0.0290392
90 0.0290392
