-90 0.0290396
-87 0.0290396
-84 0.0290396
-81 0.0290379
-78 0.0290274
-75 0.0290361
-72 0.0290372
-69 0.0290377
-66 0.0290382
-63 0.029035
-60 0.029034
-57 0.0290372
-54 0.0290375
-51 0.0290337
-48 0.0290247
-45 0.0290144
-42 0.0290124
-39 0.0290225
-36 0.0290333
-33 0.0290379
-30 0.0290393
-27 0.0290393
-24 0.0290379
-21 0.02903
-18 0.0289895
-15 0.0288163
-12 0.0283768
-9 0.0282607
-6 0.0287192
-3 0.0289588
0 0.0289888
3 0.0290243
6 0.0290381
9 0.0290395
12 0.0290395
15 0.029037
18 0.0290334
21 0.0290387
24 0.0290393
27 0.029039
30 0.0290385
33 0.0290369
36 0.0290318
39 0.0290177
42 0.0289929
45 0.0289783
48 0.0289935
51 0.0290131
54 0.0290041
57 0.0289613
60 0.02902
63 0.0290264
66 0.0289878
69 0.0290311
72 0.0290376
75 0.0290387
78 0.029039
81 0.029039
84 0.0290392
87 0.0290393
90 0.0290396
