-90 0.0290365
-87 0.0290302
-84 0.0290337
-81 0.0290389
-78 0.0290396
-75 0.0290397
-72 0.0290397
-69 0.029039
-66 0.0290337
-63 0.0290066
-60 0.0290013
-57 0.0288917
-54 0.0281929
-51 0.0253232
-48 0.0262162
-45 0.028472
-42 0.0289436
-39 0.029024
-36 0.0290372
-33 0.0290393
-30 0.0290395
-27 0.0290387
-24 0.0290355
-21 0.0290258
-18 0.0290063
-15 0.0289958
-12 0.0290089
-9 0.0290245
-6 0.0290292
-3 0.0290347
0 0.0290388
3 0.0290396
6 0.0290398
9 0.0290388
12 0.0290286
15 0.0290362
18 0.0290396
21 0.0290395
24 0.0290387
27 0.0290361
30 0.0290272
33 0.0289927
36 0.028888
39 0.0287457
42 0.0287879
45 0.0289355
48 0.0290082
51 0.029026
54 0.0290243
57 0.0290169
60 0.0290063
63 0.0289876
66 0.0289546
69 0.0289681
72 0.028997
75 0.0290142
78 0.0290244
81 0.0290304
84 0.0290336
87 0.0290358
90 0.0290365
