-90 0.0290393
-87 0.0290385
-84 0.029037
-81 0.0290348
-78 0.0290301
-75 0.0290307
-72 0.0290335
-69 0.029032
-66 0.0290278
-63 0.0290208
-60 0.0290106
-57 0.0289991
-54 0.0289963
-51 0.0290059
-48 0.0290166
-45 0.029023
-42 0.0290181
-39 0.0289711
-36 0.028776
-33 0.0283818
-30 0.0284195
-27 0.0288097
-24 0.0289835
-21 0.0290267
-18 0.0290357
-15 0.0290377
-12 0.0290391
-9 0.0290397
-6 0.0290398
-3 0.0290399
0 0.0290398
3 0.0290388
6 0.0290345
9 0.0290368
12 0.0290359
15 0.0290363
18 0.0290391
21 0.0290392
24 0.029038
27 0.0290383
30 0.0290393
33 0.0290388
36 0.0290357
39 0.0290268
42 0.0290099
45 0.0289954
48 0.0289842
51 0.0288768
54 0.0280966
57 0.0230432
60 0.0240265
63 0.0282555
66 0.0289148
69 0.029008
72 0.0289992
75 0.0290315
78 0.0290387
81 0.0290397
84 0.0290398
87 0.0290396
90 0.0290393
