-90 0.0290324
-87 0.029008
-84 0.0288878
-81 0.0284583
-78 0.0279457
-75 0.0283937
-72 0.0288607
-69 0.0289978
-66 0.0290285
-63 0.0290352
-60 0.0290344
-57 0.029027
-54 0.0290302
-51 0.0289867
-48 0.0290234
-45 0.0290361
-42 0.029037
-39 0.029037
-36 0.0290364
-33 0.0290346
-30 0.0290284
-27 0.0290075
-24 0.028958
-21 0.0290073
-18 0.0290234
-15 0.0290229
-12 0.0290228
-9 0.029027
-6 0.0290306
-3 0.0290332
0 0.0290347
3 0.0290349
6 0.0290339
9 0.0290224
12 0.0289882
15 0.0290286
18 0.0290293
21 0.0290278
24 0.0290264
27 0.0290255
30 0.0290252
33 0.0290256
36 0.0290265
39 0.0290275
42 0.0290251
45 0.0290271
48 0.0290317
51 0.0290334
54 0.0290347
57 0.0290356
60 0.0290363
63 0.0290368
66 0.0290372
69 0.0290375
72 0.0290377
75 0.0290378
78 0.0290379
81 0.0290379
84 0.0290377
87 0.0290369
90 0.0290324
