-90 0.0290145
-87 0.0290094
-84 0.0290012
-81 0.0289936
-78 0.0289871
-75 0.0289765
-72 0.0289635
-69 0.0289516
-66 0.0289504
-63 0.0289609
-60 0.0289735
-57 0.0289844
-54 0.0289931
-51 0.0289988
-48 0.0289963
-45 0.0289589
-42 0.0287877
-39 0.0283721
-36 0.0282962
-33 0.0287253
-30 0.0289491
-27 0.0290098
-24 0.0290242
-21 0.029028
-18 0.0290294
-15 0.0290303
-12 0.0290309
-9 0.0290314
-6 0.0290319
-3 0.0290322
0 0.0290321
3 0.0290299
6 0.0290142
9 0.0289904
12 0.0290245
15 0.0290275
18 0.0290322
21 0.0290335
24 0.0290336
27 0.0290335
30 0.0290336
33 0.0290334
36 0.0290327
39 0.0290287
42 0.0290067
45 0.0288841
48 0.0282102
51 0.0243942
54 0.0228943
57 0.0278417
60 0.0287172
63 0.0289777
66 0.0290212
69 0.0290278
72 0.0290281
75 0.029027
78 0.0290255
81 0.0290236
84 0.0290212
87 0.0290183
90 0.0290145
