-90 0.0290179
-87 0.0290186
-84 0.0289832
-81 0.0290242
-78 0.0290244
-75 0.0290331
-72 0.0290363
-69 0.0290367
-66 0.0290365
-63 0.0290367
-60 0.0290365
-57 0.0290359
-54 0.0290331
-51 0.0290189
-48 0.0289534
-45 0.0287275
-42 0.0274959
-39 0.0212244
-36 0.025869
-33 0.0284553
-30 0.0289263
-27 0.029016
-24 0.0290298
-21 0.0290312
-18 0.0290303
-15 0.0290288
-12 0.0290267
-9 0.0290242
-6 0.0290211
-3 0.029017
0 0.0290105
3 0.0289931
6 0.028959
9 0.0289784
12 0.0289844
15 0.02898
18 0.0289765
21 0.0289763
24 0.0289795
27 0.0289854
30 0.0289925
33 0.0289994
36 0.0290047
39 0.0290037
42 0.0289735
45 0.0288176
48 0.0283308
51 0.0277017
54 0.0281354
57 0.0287343
60 0.0289599
63 0.0290176
66 0.0290304
69 0.0290335
72 0.0290345
75 0.029035
78 0.0290349
81 0.0290357
84 0.0290357
87 0.0290332
90 0.0290179
