-90 0.0290386
-87 0.0290369
-84 0.029033
-81 0.0290254
-78 0.0290186
-75 0.0290206
-72 0.0290199
-69 0.0290081
-66 0.0289975
-63 0.0290006
-60 0.0290125
-57 0.0290253
-54 0.0290331
-51 0.0290351
-48 0.0290355
-45 0.0290356
-42 0.0290358
-39 0.0290361
-36 0.0290364
-33 0.0290369
-30 0.0290375
-27 0.0290379
-24 0.0290378
-21 0.0290357
-18 0.0290245
-15 0.0289797
-12 0.0288605
-9 0.0287472
-6 0.0288258
-3 0.0289221
0 0.028975
3 0.0290264
6 0.0290371
9 0.0290389
12 0.0290393
15 0.029037
18 0.0290362
21 0.0290392
24 0.0290398
27 0.0290399
30 0.0290398
33 0.0290372
36 0.0290181
39 0.0290368
42 0.0290396
45 0.0290392
48 0.0290371
51 0.0290312
54 0.0290292
57 0.0290354
60 0.0290386
63 0.0290394
66 0.0290395
69 0.0290393
72 0.0290392
75 0.0290396
78 0.0290397
81 0.0290397
84 0.0290396
87 0.0290393
90 0.0290386
