-90 0.0290191
-87 0.0290198
-84 0.0290215
-81 0.0290237
-78 0.0290262
-75 0.0290281
-72 0.0290262
-69 0.0290295
-66 0.0290337
-63 0.0290352
-60 0.0290352
-57 0.0290328
-54 0.0290255
-51 0.0290148
-48 0.029012
-45 0.0290202
-42 0.02903
-39 0.0290355
-36 0.0290379
-33 0.029039
-30 0.0290393
-27 0.0290395
-24 0.0290396
-21 0.0290396
-18 0.0290395
-15 0.0290392
-12 0.0290385
-9 0.0290364
-6 0.029021
-3 0.0290176
0 0.0290322
3 0.028988
6 0.0290304
9 0.029039
12 0.0290396
15 0.0290396
18 0.0290395
21 0.0290388
24 0.0290357
27 0.0290242
30 0.0290085
33 0.0290081
36 0.0289797
39 0.028944
42 0.0289572
45 0.0290001
48 0.0290265
51 0.0290354
54 0.0290374
57 0.029037
60 0.0290362
63 0.0290347
66 0.0290348
69 0.0290337
72 0.029032
75 0.0290299
78 0.0290273
81 0.0290244
84 0.0290216
87 0.0290197
90 0.0290191
