-90 0.029036
-87 0.0290324
-84 0.0290252
-81 0.0290192
-78 0.0290193
-75 0.029022
-72 0.029021
-69 0.0290136
-66 0.0289992
-63 0.0289754
-60 0.0289471
-57 0.0289796
-54 0.0290022
-51 0.0290163
-48 0.029025
-45 0.0290306
-42 0.0290338
-39 0.0290353
-36 0.0290361
-33 0.0290374
-30 0.0290381
-27 0.029038
-24 0.0290234
-21 0.0290258
-18 0.0290389
-15 0.0290395
-12 0.0290397
-9 0.0290398
-6 0.0290397
-3 0.0290391
0 0.0290361
3 0.0290301
6 0.029033
9 0.0290371
12 0.0290378
15 0.0290373
18 0.0290371
21 0.0290373
24 0.0290373
27 0.0290366
30 0.0290357
33 0.0290353
36 0.029019
39 0.0290238
42 0.0290374
45 0.0290386
48 0.0290395
51 0.0290398
54 0.0290398
57 0.0290395
60 0.0290375
63 0.0290271
66 0.0289789
69 0.0288087
72 0.0285258
75 0.0285927
78 0.0288723
81 0.0289953
84 0.0290267
87 0.0290335
90 0.029036
