-90 0.0290068
-87 0.0290108
-84 0.029012
-81 0.0290126
-78 0.0290124
-75 0.029011
-72 0.0290079
-69 0.0290049
-66 0.0290017
-63 0.028977
-60 0.0288281
-57 0.0281472
-54 0.0263345
-51 0.0252922
-48 0.0276375
-45 0.0287113
-42 0.028962
-39 0.0290063
-36 0.0290133
-33 0.0290141
-30 0.0290138
-27 0.0290128
-24 0.029009
-21 0.0290094
-18 0.0290102
-15 0.029008
-12 0.0289978
-9 0.0289616
-6 0.0289305
-3 0.0289832
0 0.0289591
3 0.0289037
6 0.0288759
9 0.0289166
12 0.028962
15 0.0289803
18 0.0289837
21 0.0289824
24 0.0289794
27 0.0289714
30 0.0289365
33 0.0287735
36 0.0282085
39 0.0276626
42 0.0283848
45 0.028835
48 0.0289515
51 0.0289763
54 0.0289825
57 0.0289845
60 0.0289844
63 0.0289824
66 0.028982
69 0.0289864
72 0.0289934
75 0.028999
78 0.0290022
81 0.0290026
84 0.0289972
87 0.0289919
90 0.0290068
