-90 0.02901
-87 0.029017
-84 0.0290281
-81 0.0290348
-78 0.0290364
-75 0.0290353
-72 0.0290333
-69 0.0290234
-66 0.0289897
-63 0.0290305
-60 0.0290356
-57 0.0290224
-54 0.0289497
-51 0.0286488
-48 0.0280399
-45 0.0282146
-42 0.0287814
-39 0.0289845
-36 0.0290291
-33 0.0290371
-30 0.0290363
-27 0.0290269
-24 0.0289907
-21 0.0290016
-18 0.0290297
-15 0.0290372
-12 0.0290391
-9 0.0290396
-6 0.0290397
-3 0.0290398
0 0.0290397
3 0.0290397
6 0.0290397
9 0.0290396
12 0.0290389
15 0.0290362
18 0.0290367
21 0.0290366
24 0.0290341
27 0.0290318
30 0.0290324
33 0.0290336
36 0.0290299
39 0.0290182
42 0.0290022
45 0.0290007
48 0.0290161
51 0.02903
54 0.029036
57 0.0290375
60 0.0290372
63 0.0290365
66 0.0290361
69 0.0290363
72 0.0290374
75 0.0290382
78 0.0290382
81 0.0290364
84 0.0290303
87 0.0290178
90 0.02901
