-90 0.0290391
-87 0.0290303
-84 0.0290216
-81 0.0290381
-78 0.029039
-75 0.0290385
-72 0.0290379
-69 0.0290367
-66 0.0290346
-63 0.0290308
-60 0.0290241
-57 0.0290137
-54 0.0289976
-51 0.0289594
-48 0.0288127
-45 0.0288513
-42 0.0289602
-39 0.0290008
-36 0.0290187
-33 0.0290279
-30 0.0290329
-27 0.0290357
-24 0.0290373
-21 0.0290381
-18 0.0290384
-15 0.0290385
-12 0.0290253
-9 0.0290089
-6 0.0290381
-3 0.0290397
0 0.0290398
3 0.0290395
6 0.0290363
9 0.0290069
12 0.0290066
15 0.0290362
18 0.0290392
21 0.0290377
24 0.0290267
27 0.0289572
30 0.0285151
33 0.0256799
36 0.0200087
39 0.0276187
42 0.0287072
45 0.0284896
48 0.0262208
51 0.0240922
54 0.0279488
57 0.0288566
60 0.02901
63 0.029035
66 0.029039
69 0.0290391
72 0.0290342
75 0.0290043
78 0.0290238
81 0.0290378
84 0.0290395
87 0.0290396
90 0.0290391
