-90 0.0290289
-87 0.0290183
-84 0.0290103
-81 0.0290142
-78 0.0290233
-75 0.0290272
-72 0.0290239
-69 0.029013
-66 0.0289863
-63 0.0289733
-60 0.0289999
-57 0.0290138
-54 0.0290092
-51 0.0289557
-48 0.0287969
-45 0.028651
-42 0.0287829
-39 0.0289522
-36 0.0290169
-33 0.0290332
-30 0.0290366
-27 0.0290381
-24 0.0290385
-21 0.0290387
-18 0.0290388
-15 0.0290388
-12 0.0290387
-9 0.0290385
-6 0.0290381
-3 0.0290363
0 0.0290351
3 0.0290377
6 0.0290384
9 0.0290375
12 0.0290328
15 0.0290326
18 0.0290374
21 0.029038
24 0.0290376
27 0.0290334
30 0.029025
33 0.0290292
36 0.0290332
39 0.0290302
42 0.0290249
45 0.0290239
48 0.0290287
51 0.0290341
54 0.029037
57 0.0290381
60 0.0290383
63 0.0290383
66 0.0290375
69 0.0290154
72 0.0290253
75 0.0290379
78 0.0290383
81 0.0290379
84 0.0290371
87 0.0290348
90 0.0290289
