-90 0.0290386
-87 0.0290376
-84 0.0290235
-81 0.0290062
-78 0.0290364
-75 0.0290378
-72 0.0290378
-69 0.0290377
-66 0.0290376
-63 0.0290375
-60 0.0290372
-57 0.0290369
-54 0.0290363
-51 0.0290349
-48 0.02903
-45 0.0290102
-42 0.0289428
-39 0.0288076
-36 0.0287529
-33 0.0288723
-30 0.0289804
-27 0.0290172
-24 0.0290248
-21 0.029025
-18 0.0290256
-15 0.0290255
-12 0.0290249
-9 0.0290237
-6 0.0290211
-3 0.0290169
0 0.0290162
3 0.0290229
6 0.029029
9 0.0290322
12 0.0290339
15 0.0290349
18 0.0290357
21 0.0290356
24 0.029036
27 0.0290368
30 0.0290373
33 0.0290372
36 0.0290373
39 0.0290378
42 0.0290376
45 0.0290372
48 0.0290371
51 0.0290375
54 0.0290381
57 0.0290382
60 0.0290374
63 0.0290371
66 0.0290384
69 0.0290387
72 0.0290339
75 0.0290306
78 0.0290384
81 0.0290391
84 0.029039
87 0.0290389
90 0.0290386
