-90 0.0290398
-87 0.0290399
-84 0.0290399
-81 0.0290393
-78 0.0290349
-75 0.0290107
-72 0.0290228
-69 0.0290371
-66 0.0290377
-63 0.0290296
-60 0.0289914
-57 0.0288552
-54 0.028611
-51 0.028627
-48 0.0288703
-45 0.0289912
-42 0.0290087
-39 0.0289703
-36 0.0289105
-33 0.0289157
-30 0.0289781
-27 0.0290176
-24 0.0290293
-21 0.0290366
-18 0.0290393
-15 0.0290396
-12 0.029037
-9 0.0290041
-6 0.0290229
-3 0.0290371
0 0.0290137
3 0.0290267
6 0.0290391
9 0.0290397
12 0.0290397
15 0.0290396
18 0.0290393
21 0.0290386
24 0.0290362
27 0.0290263
30 0.0289882
33 0.0288785
36 0.0287408
39 0.0287859
42 0.0289173
45 0.0289759
48 0.0289936
51 0.0290063
54 0.029018
57 0.0290266
60 0.0290321
63 0.0290354
66 0.0290373
69 0.0290384
72 0.0290391
75 0.0290394
78 0.0290395
81 0.0290379
84 0.0290327
87 0.0290382
90 0.0290398
