-90 0.0290339
-87 0.0290354
-84 0.0290233
-81 0.0289582
-78 0.0287052
-75 0.0282443
-72 0.0283861
-69 0.0288243
-66 0.028992
-63 0.0290307
-60 0.0290382
-57 0.0290395
-54 0.0290398
-51 0.0290398
-48 0.0290398
-45 0.0290398
-42 0.0290394
-39 0.0290373
-36 0.0289936
-33 0.0290349
-30 0.0290382
-27 0.0290376
-24 0.0290357
-21 0.0290321
-18 0.0290255
-15 0.0290128
-12 0.0289877
-9 0.0289347
-6 0.0288746
-3 0.0288495
0 0.0289068
3 0.0289739
6 0.0290049
9 0.0290204
12 0.029029
15 0.029034
18 0.0290369
21 0.0290383
24 0.0290388
27 0.0290387
30 0.0290394
33 0.0290398
36 0.0290399
39 0.0290399
42 0.0290399
45 0.0290399
48 0.0290398
51 0.029039
54 0.0290347
57 0.0290124
60 0.0289086
63 0.0285632
66 0.0281941
69 0.028548
72 0.0289027
75 0.029011
78 0.0290336
81 0.0290354
84 0.0290299
87 0.029028
90 0.0290339
