-90 0.0290381
-87 0.0290361
-84 0.0290351
-81 0.0290366
-78 0.0290378
-75 0.029038
-72 0.0290355
-69 0.0290235
-66 0.0289578
-63 0.0286675
-60 0.0279783
-57 0.0280529
-54 0.0287208
-51 0.0289718
-48 0.0290272
-45 0.0290362
-42 0.0289914
-39 0.0290326
-36 0.0290329
-33 0.029003
-30 0.0288507
-27 0.0282777
-24 0.0276308
-21 0.0283394
-18 0.028871
-15 0.0290062
-12 0.0290233
-9 0.0290306
-6 0.0290174
-3 0.028968
0 0.0288951
3 0.0288945
6 0.0289664
9 0.0290165
12 0.0290339
15 0.0290354
18 0.0289936
21 0.0290259
24 0.0290388
27 0.0290394
30 0.0290391
33 0.029038
36 0.0290351
39 0.029028
42 0.0290147
45 0.0290084
48 0.0290168
51 0.0290132
54 0.0289542
57 0.0286429
60 0.0276522
63 0.0274795
66 0.0285453
69 0.028939
72 0.0290214
75 0.0290362
78 0.0290387
81 0.029039
84 0.0290391
87 0.029039
90 0.0290381
