-90 0.0289729
-87 0.0289576
-84 0.0289366
-81 0.0289077
-78 0.028868
-75 0.0288163
-72 0.0287926
-69 0.0288437
-66 0.0288903
-63 0.0289246
-60 0.0289495
-57 0.0289661
-54 0.0289564
-51 0.0289608
-48 0.0289927
-45 0.0290052
-42 0.0290105
-39 0.0290145
-36 0.0290177
-33 0.0290203
-30 0.0290225
-27 0.029024
-24 0.029023
-21 0.0290175
-18 0.0290193
-15 0.0290238
-12 0.0290236
-9 0.0290281
-6 0.0290307
-3 0.0290315
0 0.0290319
3 0.0290322
6 0.0290324
9 0.0290321
12 0.0290209
15 0.0290042
18 0.0290306
21 0.0290142
24 0.0290122
27 0.0290316
30 0.0290322
33 0.029032
36 0.0290316
39 0.0290312
42 0.0290306
45 0.02903
48 0.0290292
51 0.0290283
54 0.029027
57 0.0290243
60 0.029016
63 0.0289825
66 0.0288603
69 0.0285822
72 0.0283991
75 0.0286035
78 0.0288302
81 0.0289478
84 0.0289815
87 0.0289825
90 0.0289729
