-90 0.0281957
-87 0.0288308
-84 0.0289992
-81 0.0290321
-78 0.0290355
-75 0.029016
-72 0.0290289
-69 0.0290386
-66 0.0290394
-63 0.0290378
-60 0.0290365
-57 0.0290393
-54 0.0290396
-51 0.0290394
-48 0.0290388
-45 0.0290372
-42 0.0290318
-39 0.0290067
-36 0.0288612
-33 0.0280221
-30 0.0247411
-27 0.026426
-24 0.0285371
-21 0.0289469
-18 0.0290124
-15 0.029023
-12 0.0290282
-9 0.0290329
-6 0.0290362
-3 0.0290381
0 0.029039
3 0.0290395
6 0.0290397
9 0.0290396
12 0.0290369
15 0.029008
18 0.0290267
21 0.0290384
24 0.0290367
27 0.0290224
30 0.0290139
33 0.0290338
36 0.0290376
39 0.0290381
42 0.0290391
45 0.0290387
48 0.0290346
51 0.0290081
54 0.0288418
57 0.0277844
60 0.021215
63 0.0253647
66 0.0284603
69 0.0289477
72 0.0290207
75 0.0290247
78 0.0290072
81 0.0288741
84 0.0283309
87 0.0275263
90 0.0281957
