-90 0.0226183
-87 0.027461
-84 0.0287765
-81 0.028997
-78 0.0290329
-75 0.0290381
-72 0.0290203
-69 0.0290263
-66 0.0290382
-63 0.0290321
-60 0.0289926
-57 0.0287603
-54 0.0275526
-51 0.0251174
-48 0.0275866
-45 0.0287645
-42 0.028961
-39 0.0290063
-36 0.0290359
-33 0.0290388
-30 0.0290386
-27 0.0290375
-24 0.0290354
-21 0.0290312
-18 0.0290249
-15 0.0290145
-12 0.0290036
-9 0.029004
-6 0.0290138
-3 0.029013
0 0.0289685
3 0.0287401
6 0.0274006
9 0.0241746
12 0.0273795
15 0.0287369
18 0.0289784
21 0.0290199
24 0.0290324
27 0.0290373
30 0.0290391
33 0.0290396
36 0.0290396
39 0.0290395
42 0.0290397
45 0.0290386
48 0.0290288
51 0.0290303
54 0.0290376
57 0.0290312
60 0.0289859
63 0.0286988
66 0.0268725
69 0.0177772
72 0.0269128
75 0.028703
78 0.028959
81 0.0289577
84 0.0286601
87 0.0268133
90 0.0226183
