-90 0.0274596
-87 0.0284217
-84 0.0289044
-81 0.029014
-78 0.0290343
-75 0.0290377
-72 0.0290381
-69 0.029038
-66 0.0290377
-63 0.0290374
-60 0.0290371
-57 0.0290371
-54 0.029037
-51 0.0290369
-48 0.0290366
-45 0.0290348
-42 0.0290237
-39 0.0289567
-36 0.0285672
-33 0.0267121
-30 0.0253822
-27 0.028079
-24 0.0288507
-21 0.0289979
-18 0.0290289
-15 0.0290363
-12 0.0290383
-9 0.0290389
-6 0.029039
-3 0.0290388
0 0.0290374
3 0.0290368
6 0.0290392
9 0.0290395
12 0.0290392
15 0.0290369
18 0.0290228
21 0.028957
24 0.0288902
27 0.0286649
30 0.0285763
33 0.0288113
36 0.0289757
39 0.0290257
42 0.0290368
45 0.0290393
48 0.0290397
51 0.0290398
54 0.0290398
57 0.0290398
60 0.0290398
63 0.0290398
66 0.0290398
69 0.0290397
72 0.0290394
75 0.029038
78 0.02903
81 0.0289861
84 0.0287654
87 0.0279833
90 0.0274596
