-90 0.0288813
-87 0.0288172
-84 0.0287844
-81 0.0288499
-78 0.0289189
-75 0.0289453
-72 0.0289484
-69 0.0289431
-66 0.0289352
-63 0.0289295
-60 0.0289305
-57 0.0289369
-54 0.0289443
-51 0.0289505
-48 0.0289554
-45 0.0289597
-42 0.0289642
-39 0.0289693
-36 0.0289747
-33 0.0289802
-30 0.0289855
-27 0.0289902
-24 0.028994
-21 0.0289969
-18 0.0289991
-15 0.0290006
-12 0.0290016
-9 0.0290019
-6 0.0289987
-3 0.0289741
0 0.0289042
3 0.028898
6 0.0289512
9 0.0289978
12 0.0290033
15 0.0290032
18 0.0290021
21 0.0290005
24 0.0289984
27 0.0289957
30 0.0289924
33 0.028988
36 0.0289823
39 0.0289795
42 0.0289763
45 0.0289724
48 0.0289684
51 0.0289647
54 0.0289614
57 0.0289585
60 0.0289562
63 0.0289544
66 0.0289529
69 0.0289515
72 0.0289496
75 0.028947
78 0.0289429
81 0.0289361
84 0.0289256
87 0.0289114
90 0.0288813
