-90 0.0290328
-87 0.0290311
-84 0.0290268
-81 0.0290239
-78 0.0290257
-75 0.0290245
-72 0.029022
-69 0.0290192
-66 0.0290162
-63 0.0290132
-60 0.0290105
-57 0.0290084
-54 0.0290076
-51 0.0290071
-48 0.0290016
-45 0.028967
-42 0.0288131
-39 0.0284148
-36 0.0282831
-33 0.028704
-30 0.0289463
-27 0.0290124
-24 0.0290274
-21 0.0290313
-18 0.0290329
-15 0.0290338
-12 0.0290326
-9 0.0290274
-6 0.0290347
-3 0.0290363
0 0.0290366
3 0.0290363
6 0.0290327
9 0.0290269
12 0.0290184
15 0.0289962
18 0.0289755
21 0.0289855
24 0.0290126
27 0.0290298
30 0.029036
33 0.0290375
36 0.0290372
39 0.0290355
42 0.0290226
45 0.0289408
48 0.0284197
51 0.0250766
54 0.0213763
57 0.0278294
60 0.0288208
63 0.0289998
66 0.0290311
69 0.0290359
72 0.0290365
75 0.0290362
78 0.0290358
81 0.0290352
84 0.0290346
87 0.0290338
90 0.0290328
