-90 0.0290325
-87 0.0290114
-84 0.0290342
-81 0.0290348
-78 0.0290355
-75 0.0290369
-72 0.0290379
-69 0.0290388
-66 0.0290392
-63 0.0290394
-60 0.0290395
-57 0.0290395
-54 0.0290395
-51 0.0290395
-48 0.0290395
-45 0.0290394
-42 0.0290389
-39 0.0290392
-36 0.0290393
-33 0.0290388
-30 0.0290374
-27 0.0290339
-24 0.0290261
-21 0.0290248
-18 0.0290324
-15 0.0290365
-12 0.0290371
-9 0.029023
-6 0.028996
-3 0.0290365
0 0.0290396
3 0.0290398
6 0.0290397
9 0.0290394
12 0.0290391
15 0.0290388
18 0.0290379
21 0.0290359
24 0.0290322
27 0.0290269
30 0.029026
33 0.0290302
36 0.0290341
39 0.0290358
42 0.0290345
45 0.0290353
48 0.0290347
51 0.0290351
54 0.0290367
57 0.0290382
60 0.0290388
63 0.0290387
66 0.0290372
69 0.0290324
72 0.0290175
75 0.0289722
78 0.0289927
81 0.0290241
84 0.0290338
87 0.0290354
90 0.0290325
