-90 0.0285705
-87 0.0286364
-84 0.0288882
-81 0.0290026
-78 0.0290323
-75 0.0290383
-72 0.0290375
-69 0.029016
-66 0.0290121
-63 0.029037
-60 0.0290304
-57 0.0290288
-54 0.0290391
-51 0.0290398
-48 0.0290396
-45 0.0290392
-42 0.0290385
-39 0.029037
-36 0.0290342
-33 0.0290294
-30 0.0290225
-27 0.0290146
-24 0.0290043
-21 0.0289907
-18 0.0289891
-15 0.0290072
-12 0.029026
-9 0.0290353
-6 0.0290383
-3 0.0290369
0 0.0290087
3 0.029023
6 0.0290386
9 0.0290396
12 0.0290392
15 0.0290378
18 0.0290369
21 0.0290381
24 0.0290392
27 0.0290393
30 0.0290381
33 0.0290343
36 0.0290275
39 0.0290312
42 0.0290364
45 0.0290386
48 0.0290394
51 0.0290383
54 0.029012
57 0.0290206
60 0.0290389
63 0.0290398
66 0.0290389
69 0.029032
72 0.0290347
75 0.029039
78 0.0290375
81 0.0290274
84 0.0289811
87 0.0288223
90 0.0285705
