-90 0.029033
-87 0.0290384
-84 0.0290384
-81 0.0290384
-78 0.0290383
-75 0.0290383
-72 0.0290383
-69 0.0290381
-66 0.0290377
-63 0.0290369
-60 0.0290328
-57 0.0289876
-54 0.0290163
-51 0.0290167
-48 0.0289808
-45 0.0289237
-42 0.0289006
-39 0.0289618
-36 0.029014
-33 0.0290322
-30 0.0290372
-27 0.0290386
-24 0.0290391
-21 0.0290392
-18 0.029039
-15 0.0290392
-12 0.0290395
-9 0.0290395
-6 0.0290391
-3 0.0290363
0 0.028999
3 0.0290254
6 0.0290378
9 0.0290387
12 0.0290393
15 0.0290388
18 0.029035
21 0.0290136
24 0.0288828
27 0.0280672
30 0.0235219
33 0.0249972
36 0.0283521
39 0.0289109
42 0.0289768
45 0.0289715
48 0.028988
51 0.029016
54 0.0290322
57 0.0290379
60 0.0290395
63 0.0290398
66 0.0290398
69 0.0290393
72 0.0290353
75 0.0290081
78 0.0290034
81 0.0290324
84 0.0290329
87 0.028977
90 0.029033
