-90 0.029029
-87 0.0290282
-84 0.0290284
-81 0.0290287
-78 0.0290287
-75 0.0290287
-72 0.0290285
-69 0.0290284
-66 0.0290281
-63 0.0290275
-60 0.0290235
-57 0.0289547
-54 0.0290223
-51 0.0290251
-48 0.0290247
-45 0.0290237
-42 0.0290215
-39 0.0290169
-36 0.0290103
-33 0.0290028
-30 0.0289761
-27 0.0289159
-24 0.0288785
-21 0.0289242
-18 0.0289813
-15 0.0290062
-12 0.0290124
-9 0.0290123
-6 0.0290105
-3 0.0290074
0 0.029003
3 0.028997
6 0.0289889
9 0.028979
12 0.0289681
15 0.0289602
18 0.0289628
21 0.0289742
24 0.0289821
27 0.0289907
30 0.0290061
33 0.0290131
36 0.0290174
39 0.0290205
42 0.0290227
45 0.0290244
48 0.0290255
51 0.0290249
54 0.0290045
57 0.0289677
60 0.0290145
63 0.0290171
66 0.0290193
69 0.0290277
72 0.0290294
75 0.0290298
78 0.0290299
81 0.02903
84 0.02903
87 0.0290297
90 0.029029
