-90 0.0290369
-87 0.02903
-84 0.0290367
-81 0.0290386
-78 0.0290369
-75 0.0290326
-72 0.029025
-69 0.0289974
-66 0.0288306
-63 0.0279795
-60 0.0260615
-57 0.0275573
-54 0.0287316
-51 0.0289851
-48 0.0290297
-45 0.0290369
-42 0.0290373
-39 0.0290354
-36 0.0290289
-33 0.0290067
-30 0.0289835
-27 0.0290199
-24 0.0290332
-21 0.0290371
-18 0.0290383
-15 0.0290384
-12 0.0290373
-9 0.0290364
-6 0.029036
-3 0.0290348
0 0.0290346
3 0.0290358
6 0.0290368
9 0.0290367
12 0.0290364
15 0.0290372
18 0.0290384
21 0.0290391
24 0.0290391
27 0.0290383
30 0.0290353
33 0.0290246
36 0.0290021
39 0.0289822
42 0.0289915
45 0.0290164
48 0.029032
51 0.0290375
54 0.0290384
57 0.0290375
60 0.0290361
63 0.0290332
66 0.0290208
69 0.0290281
72 0.0290306
75 0.0290277
78 0.0290276
81 0.029031
84 0.0290349
87 0.0290374
90 0.0290369
