-90 0.0290312
-87 0.0290242
-84 0.0290114
-81 0.0289897
-78 0.0289655
-75 0.0289652
-72 0.0289826
-69 0.0290109
-66 0.0290264
-63 0.0290332
-60 0.0290363
-57 0.0290379
-54 0.0290384
-51 0.0290389
-48 0.0290363
-45 0.0290189
-42 0.0289772
-39 0.0287523
-36 0.0274583
-33 0.0244165
-30 0.0274095
-27 0.028745
-24 0.0289908
-21 0.0290318
-18 0.0290386
-15 0.0290397
-12 0.0290396
-9 0.0290384
-6 0.0290377
-3 0.029037
0 0.02902
3 0.0290142
6 0.0290369
9 0.029037
12 0.0290365
15 0.0290364
18 0.0290362
21 0.0290364
24 0.0290372
27 0.0290361
30 0.0290261
33 0.0290276
36 0.0290118
39 0.0290277
42 0.0290375
45 0.0290395
48 0.0290397
51 0.0290393
54 0.0290374
57 0.0290314
60 0.0290184
63 0.0290047
66 0.0290063
69 0.0290207
72 0.0290321
75 0.0290369
78 0.0290384
81 0.0290383
84 0.0290372
87 0.0290351
90 0.0290312
