-90 0.0289292
-87 0.0290169
-84 0.0290326
-81 0.0290352
-78 0.0290355
-75 0.0290354
-72 0.0290351
-69 0.0290347
-66 0.0290347
-63 0.0290346
-60 0.0290342
-57 0.0290315
-54 0.0289973
-51 0.0290206
-48 0.029032
-45 0.0290318
-42 0.0290273
-39 0.0290273
-36 0.0290309
-33 0.0290313
-30 0.0290313
-27 0.0290311
-24 0.0290309
-21 0.0290305
-18 0.0290293
-15 0.0290253
-12 0.0290186
-9 0.0290185
-6 0.0290187
-3 0.0290185
0 0.0290222
3 0.0290266
6 0.0290292
9 0.0290294
12 0.0290245
15 0.0290079
18 0.0289764
21 0.0289582
24 0.0289804
27 0.0290116
30 0.0290275
33 0.0290326
36 0.0290341
39 0.0290348
42 0.0290351
45 0.0290353
48 0.0290349
51 0.0290323
54 0.0290339
57 0.0290357
60 0.0290359
63 0.0290357
66 0.0290341
69 0.0290259
72 0.02899
75 0.0288552
78 0.0284228
81 0.0273023
84 0.0272383
87 0.0284989
90 0.0289292
