-90 0.0290353
-87 0.0290334
-84 0.0290302
-81 0.0290252
-78 0.0290175
-75 0.0290061
-72 0.0289912
-69 0.0289793
-66 0.0289833
-63 0.0289971
-60 0.0290101
-57 0.0290195
-54 0.0290232
-51 0.0290139
-48 0.0289744
-45 0.0289044
-42 0.028887
-39 0.0289517
-36 0.0290033
-33 0.0290179
-30 0.0290178
-27 0.0290202
-24 0.0290271
-21 0.0290325
-18 0.0290344
-15 0.0290345
-12 0.0290338
-9 0.0290335
-6 0.0290333
-3 0.0290335
0 0.0290341
3 0.0290348
6 0.0290354
9 0.0290363
12 0.0290372
15 0.0290369
18 0.0290356
21 0.0290376
24 0.0290385
27 0.0290385
30 0.0290383
33 0.0290379
36 0.0290371
39 0.0290361
42 0.0290348
45 0.0290329
48 0.0290286
51 0.0290061
54 0.0290048
57 0.029025
60 0.0290258
63 0.0290288
66 0.0290316
69 0.0290272
72 0.0289677
75 0.0290333
78 0.0290369
81 0.0290372
84 0.0290371
87 0.0290365
90 0.0290353
