-90 0.0290319
-87 0.0290311
-84 0.0290042
-81 0.028994
-78 0.0290311
-75 0.029036
-72 0.0290351
-69 0.0290326
-66 0.0290296
-63 0.029023
-60 0.02901
-57 0.0290286
-54 0.029034
-51 0.0290337
-48 0.0290267
-45 0.0290079
-42 0.0289816
-39 0.0289557
-36 0.0289894
-33 0.0290242
-30 0.0290319
-27 0.0290274
-24 0.0290172
-21 0.0290188
-18 0.0290297
-15 0.029036
-12 0.0290384
-9 0.0290378
-6 0.0290295
-3 0.0290347
0 0.029039
3 0.0290397
6 0.0290382
9 0.0290276
12 0.0290321
15 0.029038
18 0.0290341
21 0.0290114
24 0.028918
27 0.0286769
30 0.0285331
33 0.0287686
36 0.0289616
39 0.0290227
42 0.0290365
45 0.0290392
48 0.0290395
51 0.0290392
54 0.0290393
57 0.0290394
60 0.0290392
63 0.0290369
66 0.0290383
69 0.0290395
72 0.0290394
75 0.0290387
78 0.0290371
81 0.029034
84 0.0290301
87 0.029029
90 0.0290319
