-90 0.0290343
-87 0.0290299
-84 0.0290189
-81 0.0289986
-78 0.0290017
-75 0.0290207
-72 0.0290295
-69 0.0290324
-66 0.0290329
-63 0.0290328
-60 0.0290321
-57 0.0290313
-54 0.0290292
-51 0.0290245
-48 0.029016
-45 0.0290082
-42 0.0290089
-39 0.0290148
-36 0.0290167
-33 0.0290237
-30 0.0290247
-27 0.0290249
-24 0.0290254
-21 0.0290259
-18 0.0290267
-15 0.0290273
-12 0.029028
-9 0.0290287
-6 0.0290293
-3 0.0290288
0 0.0290245
3 0.0290278
6 0.0290318
9 0.029033
12 0.0290335
15 0.029034
18 0.0290343
21 0.029034
24 0.0290323
27 0.0290338
30 0.0290348
33 0.0290319
36 0.0290163
39 0.0289574
42 0.0288353
45 0.0287503
48 0.0288523
51 0.0289731
54 0.0290205
57 0.0290311
60 0.0290152
63 0.029015
66 0.0290308
69 0.0290359
72 0.029037
75 0.029037
78 0.0290367
81 0.0290365
84 0.0290364
87 0.0290359
90 0.0290343
