-90 0.0290059
-87 0.029
-84 0.02901
-81 0.0290161
-78 0.0290188
-75 0.0290207
-72 0.0290223
-69 0.0290237
-66 0.0290249
-63 0.029026
-60 0.0290268
-57 0.0290272
-54 0.0290259
-51 0.0290191
-48 0.028998
-45 0.0289594
-42 0.0289335
-39 0.0289561
-36 0.0289925
-33 0.0290132
-30 0.0290244
-27 0.0290292
-24 0.0290306
-21 0.0290309
-18 0.0290309
-15 0.0290308
-12 0.0290306
-9 0.0290303
-6 0.02903
-3 0.0290294
0 0.0290272
3 0.0290159
6 0.0290177
9 0.0290254
12 0.0290265
15 0.029026
18 0.0290252
21 0.0290241
24 0.0290229
27 0.0290216
30 0.0290199
33 0.0290174
36 0.0290108
39 0.0289838
42 0.0288616
45 0.0284138
48 0.0276731
51 0.0278029
54 0.0285481
57 0.0288921
60 0.0289765
63 0.0289925
66 0.0289947
69 0.0289949
72 0.0289954
75 0.0289967
78 0.0289986
81 0.029001
84 0.0290037
87 0.0290062
90 0.0290059
