-90 0.0290391
-87 0.0290371
-84 0.0290317
-81 0.0290353
-78 0.0290355
-75 0.0290294
-72 0.0290264
-69 0.0290356
-66 0.0290387
-63 0.029039
-60 0.0290386
-57 0.0290386
-54 0.0290388
-51 0.0290375
-48 0.02903
-45 0.0290041
-42 0.0289472
-39 0.0289043
-36 0.028942
-33 0.0289996
-30 0.029022
-27 0.0289981
-24 0.0287974
-21 0.0274969
-18 0.0191495
-15 0.0259778
-12 0.0285594
-9 0.0289604
-6 0.0290196
-3 0.0290204
0 0.0290094
3 0.029011
6 0.0290202
9 0.0290283
12 0.0290333
15 0.0290307
18 0.0290272
21 0.0290375
24 0.0290385
27 0.0290381
30 0.0290374
33 0.0290353
36 0.0290161
39 0.0289972
42 0.0290043
45 0.0288829
48 0.0283254
51 0.0272248
54 0.0279166
57 0.02876
60 0.0289807
63 0.0290222
66 0.0290294
69 0.0290315
72 0.0290334
75 0.0290349
78 0.0290354
81 0.0290364
84 0.0290382
87 0.0290388
90 0.0290391
