-90 0.0275936
-87 0.0284151
-84 0.0288962
-81 0.0290118
-78 0.0290328
-75 0.0290331
-72 0.0290225
-69 0.0289872
-66 0.0289372
-63 0.0289973
-60 0.0290222
-57 0.0290245
-54 0.0289813
-51 0.0286839
-48 0.0267737
-45 0.0166807
-42 0.0269681
-39 0.0287137
-36 0.0289844
-33 0.0290211
-30 0.0290098
-27 0.0289599
-24 0.0289831
-21 0.0290178
-18 0.0290318
-15 0.029037
-12 0.0290389
-9 0.0290395
-6 0.0290397
-3 0.0290395
0 0.0290392
3 0.0290394
6 0.0290392
9 0.0290386
12 0.0290372
15 0.0290347
18 0.02903
21 0.0290245
24 0.0290271
27 0.029034
30 0.0290374
33 0.0290375
36 0.0290331
39 0.0290188
42 0.0289925
45 0.0289769
48 0.0289943
51 0.0290201
54 0.0290335
57 0.0290373
60 0.0290368
63 0.0290338
66 0.0290296
69 0.0290288
72 0.0290324
75 0.029035
78 0.0290303
81 0.0289937
84 0.0288066
87 0.0281391
90 0.0275936
