-90 0.0288342
-87 0.0289294
-84 0.029003
-81 0.0290292
-78 0.0290358
-75 0.0290373
-72 0.0290376
-69 0.0290377
-66 0.0290378
-63 0.0290379
-60 0.0290379
-57 0.029038
-54 0.0290379
-51 0.0290349
-48 0.0289826
-45 0.0290321
-42 0.029035
-39 0.0289561
-36 0.0290339
-33 0.0290382
-30 0.0290383
-27 0.0290383
-24 0.0290383
-21 0.0290382
-18 0.0290376
-15 0.0290341
-12 0.0290166
-9 0.0290218
-6 0.0290057
-3 0.0290262
0 0.0290359
3 0.0290355
6 0.0290338
9 0.0290307
12 0.0290255
15 0.0290168
18 0.029003
21 0.0289845
24 0.0289774
27 0.028987
30 0.0290067
33 0.029021
36 0.0290277
39 0.0290316
42 0.029034
45 0.0290356
48 0.0290366
51 0.0290372
54 0.0290376
57 0.0290377
60 0.0290374
63 0.0290344
66 0.0290166
69 0.0289092
72 0.0282642
75 0.0250894
78 0.0252762
81 0.0282896
84 0.0288384
87 0.0288424
90 0.0288342
