-90 0.029006
-87 0.0290029
-84 0.0289993
-81 0.0289953
-78 0.0289906
-75 0.0289854
-72 0.0289794
-69 0.0289727
-66 0.0289651
-63 0.0289558
-60 0.0289413
-57 0.0289007
-54 0.0287155
-51 0.0276714
-48 0.0215244
-45 0.0251069
-42 0.0283309
-39 0.0288595
-36 0.0289513
-33 0.028972
-30 0.0289806
-27 0.0289866
-24 0.0289916
-21 0.028996
-18 0.0289998
-15 0.0290032
-12 0.0290062
-9 0.0290087
-6 0.0290109
-3 0.0290129
0 0.0290147
3 0.0290162
6 0.0290176
9 0.0290187
12 0.0290197
15 0.0290205
18 0.0290212
21 0.0290211
24 0.0290207
27 0.029022
30 0.0290228
33 0.0290232
36 0.0290233
39 0.0290234
42 0.0290234
45 0.0290233
48 0.0290231
51 0.0290227
54 0.0290217
57 0.0290182
60 0.0289948
63 0.0290129
66 0.0290195
69 0.0290189
72 0.0290177
75 0.0290164
78 0.0290149
81 0.0290131
84 0.0290109
87 0.0290086
90 0.029006
