-90 0.0290008
-87 0.0289934
-84 0.0289303
-81 0.0288883
-78 0.0289379
-75 0.0290013
-72 0.0290295
-69 0.0290376
-66 0.0290394
-63 0.0290395
-60 0.0290395
-57 0.0290397
-54 0.0290395
-51 0.0290398
-48 0.0290399
-45 0.0290399
-42 0.0290399
-39 0.0290395
-36 0.029038
-33 0.029029
-30 0.0289807
-27 0.0287578
-24 0.0281207
-21 0.0279378
-18 0.0286222
-15 0.0289429
-12 0.029021
-9 0.0290362
-6 0.0290387
-3 0.0290388
0 0.0290393
3 0.0290394
6 0.0290395
9 0.0290396
12 0.0290396
15 0.0290396
18 0.0290396
21 0.0290393
24 0.0290367
27 0.029014
30 0.029006
33 0.0290295
36 0.0290274
39 0.0290261
42 0.0290295
45 0.0290334
48 0.0290349
51 0.0290346
54 0.029034
57 0.0290332
60 0.0290335
63 0.0290358
66 0.0290354
69 0.029027
72 0.0289817
75 0.0288019
78 0.0284287
81 0.0284344
84 0.0288066
87 0.0289763
90 0.0290008
