-90 0.0290369
-87 0.0290372
-84 0.0290333
-81 0.0290261
-78 0.0290235
-75 0.0290266
-72 0.0290206
-69 0.028997
-66 0.0289971
-63 0.0289849
-60 0.0290183
-57 0.0290341
-54 0.0290378
-51 0.029039
-48 0.0290394
-45 0.0290395
-42 0.0290395
-39 0.0290394
-36 0.0290392
-33 0.0290393
-30 0.0290392
-27 0.0290389
-24 0.0290375
-21 0.0290295
-18 0.0289828
-15 0.0287156
-12 0.0274307
-9 0.0256848
-6 0.027881
-3 0.0288083
0 0.0289979
3 0.02903
6 0.0290346
9 0.0290264
12 0.0290135
15 0.0290328
18 0.0290296
21 0.0290079
24 0.0288745
27 0.0280428
30 0.0232713
33 0.024859
36 0.0283394
39 0.0289227
42 0.0290165
45 0.0290318
48 0.0290346
51 0.0290354
54 0.0290363
57 0.0290369
60 0.0290375
63 0.0290379
66 0.029038
69 0.0290381
72 0.0290386
75 0.0290388
78 0.0290377
81 0.0290296
84 0.0290179
87 0.0290095
90 0.0290369
