-90 0.023239
-87 0.0169663
-84 0.0239658
-81 0.0282277
-78 0.0288951
-75 0.0289999
-72 0.0290163
-69 0.0290184
-66 0.0290182
-63 0.0290174
-60 0.029016
-57 0.0290144
-54 0.0290146
-51 0.0290139
-48 0.0290128
-45 0.0290113
-42 0.0290093
-39 0.0290067
-36 0.0289999
-33 0.0289799
-30 0.0289351
-27 0.0288897
-24 0.0289049
-21 0.0289525
-18 0.028979
-15 0.0289861
-12 0.028986
-9 0.028984
-6 0.0289819
-3 0.0289799
0 0.0289781
3 0.0289776
6 0.0289787
9 0.0289805
12 0.0289824
15 0.0289847
18 0.028987
21 0.0289886
24 0.0289877
27 0.0289773
30 0.0289447
33 0.0289017
36 0.0289068
39 0.0289555
42 0.0289902
45 0.0290044
48 0.0290095
51 0.0290117
54 0.0290132
57 0.0290143
60 0.0290151
63 0.0290156
66 0.0290166
69 0.0290175
72 0.0290181
75 0.0290182
78 0.0290154
81 0.0289949
84 0.0288644
87 0.028047
90 0.023239
