-90 0.0290316
-87 0.0290224
-84 0.0289927
-81 0.0290314
-78 0.029035
-75 0.029036
-72 0.0290369
-69 0.0290375
-66 0.0290383
-63 0.0290389
-60 0.0290393
-57 0.0290394
-54 0.0290392
-51 0.0290381
-48 0.0290347
-45 0.0290259
-42 0.0290006
-39 0.0289058
-36 0.0286247
-33 0.0283796
-30 0.0286614
-27 0.0289284
-24 0.0290127
-21 0.0290333
-18 0.0290377
-15 0.029038
-12 0.0290374
-9 0.0290362
-6 0.0290344
-3 0.0290319
0 0.0290279
3 0.0290218
6 0.0290119
9 0.0289971
12 0.0289807
15 0.0289686
18 0.0289797
21 0.0289952
24 0.0290071
27 0.0290168
30 0.0290245
33 0.02903
36 0.0290334
39 0.0290349
42 0.0290336
45 0.0290295
48 0.0290308
51 0.0290314
54 0.029033
57 0.0290359
60 0.0290381
63 0.0290392
66 0.0290393
69 0.0290371
72 0.0290365
75 0.0290392
78 0.0290392
81 0.0290382
84 0.0290281
87 0.0289763
90 0.0290316
