-90 0.029037
-87 0.0290258
-84 0.0289954
-81 0.0289312
-78 0.0284209
-75 0.0251478
-72 0.0217738
-69 0.0278667
-66 0.0288545
-63 0.02901
-60 0.0290341
-57 0.0290379
-54 0.0290374
-51 0.0290336
-48 0.02902
-45 0.0289919
-42 0.028968
-39 0.0289669
-36 0.028972
-33 0.0290208
-30 0.0290341
-27 0.0290367
-24 0.0290367
-21 0.0290359
-18 0.0290348
-15 0.0290331
-12 0.0290309
-9 0.0290279
-6 0.0290239
-3 0.0290186
0 0.0290117
3 0.0290065
6 0.0290032
9 0.0290035
12 0.0290075
15 0.0290133
18 0.0290189
21 0.0290233
24 0.0290264
27 0.0290285
30 0.0290285
33 0.0290188
36 0.0290096
39 0.0290302
42 0.0290359
45 0.0290371
48 0.0290377
51 0.0290383
54 0.0290387
57 0.029039
60 0.0290391
63 0.0290389
66 0.0290366
69 0.0290057
72 0.0290346
75 0.0290393
78 0.0290395
81 0.0290395
84 0.0290395
87 0.0290391
90 0.029037
