-90 0.0290359
-87 0.0290349
-84 0.0290346
-81 0.0290345
-78 0.0290323
-75 0.029025
-72 0.0290358
-69 0.0290379
-66 0.0290385
-63 0.0290385
-60 0.0290377
-57 0.0290338
-54 0.0290193
-51 0.0289786
-48 0.0289159
-45 0.0289049
-42 0.02896
-39 0.0290001
-36 0.0289831
-33 0.028991
-30 0.0290175
-27 0.0290311
-24 0.0290367
-21 0.0290383
-18 0.0290387
-15 0.0290378
-12 0.0290362
-9 0.0290285
-6 0.0290066
-3 0.0289825
0 0.0287189
3 0.0271678
6 0.0229981
9 0.0272756
12 0.0287389
15 0.0289904
18 0.0290314
21 0.029038
24 0.0290392
27 0.0290394
30 0.0290395
33 0.0290396
36 0.0290396
39 0.0290394
42 0.029039
45 0.0290378
48 0.0290341
51 0.0290237
54 0.0290031
57 0.0290067
60 0.0290258
63 0.0290342
66 0.0290362
69 0.0290357
72 0.0290324
75 0.0290371
78 0.0290386
81 0.0290384
84 0.0290377
87 0.0290369
90 0.0290359
