-90 0.0290322
-87 0.0290376
-84 0.0290392
-81 0.0290397
-78 0.0290398
-75 0.0290395
-72 0.0290398
-69 0.0290399
-66 0.0290399
-63 0.0290398
-60 0.0290394
-57 0.0290396
-54 0.0290393
-51 0.029039
-48 0.0290387
-45 0.0290375
-42 0.0290326
-39 0.029006
-36 0.0289803
-33 0.0290276
-30 0.0290374
-27 0.0290392
-24 0.029038
-21 0.0290302
-18 0.0290344
-15 0.0290392
-12 0.0290394
-9 0.0290388
-6 0.0290389
-3 0.0290362
0 0.029035
3 0.029039
6 0.0290397
9 0.0290393
12 0.0290377
15 0.0290347
18 0.0290334
21 0.0290364
24 0.0290384
27 0.0290387
30 0.0290374
33 0.029039
36 0.0290398
39 0.0290399
42 0.0290399
45 0.0290399
48 0.0290399
51 0.0290398
54 0.0290395
57 0.0290391
60 0.029038
63 0.0290356
66 0.0290296
69 0.0290158
72 0.0289885
75 0.0289719
78 0.0289412
81 0.0289308
84 0.0289612
87 0.0290148
90 0.0290322
