-90 0.0290356
-87 0.0290354
-84 0.0290353
-81 0.0290351
-78 0.0290349
-75 0.0290347
-72 0.0290345
-69 0.0290343
-66 0.0290333
-63 0.0290284
-60 0.0290276
-57 0.0290285
-54 0.0290248
-51 0.0290218
-48 0.0290241
-45 0.0290294
-42 0.0290329
-39 0.0290345
-36 0.0290352
-33 0.0290355
-30 0.0290357
-27 0.0290355
-24 0.0290358
-21 0.0290364
-18 0.0290367
-15 0.0290369
-12 0.029037
-9 0.0290368
-6 0.0290364
-3 0.029037
0 0.0290375
3 0.0290375
6 0.0290373
9 0.0290373
12 0.0290369
15 0.0290356
18 0.0290298
21 0.0290091
24 0.0289616
27 0.0289122
30 0.0288793
33 0.0286956
36 0.0282377
39 0.0280078
42 0.0286055
45 0.0289357
48 0.0290181
51 0.0290344
54 0.0290373
57 0.0290377
60 0.0290376
63 0.0290375
66 0.0290373
69 0.029037
72 0.0290362
75 0.0290325
78 0.0290269
81 0.0290326
84 0.0290353
87 0.0290356
90 0.0290356
