-90 0.0290292
-87 0.0290288
-84 0.0290269
-81 0.0290233
-78 0.0290225
-75 0.0290262
-72 0.0290294
-69 0.0290309
-66 0.0290313
-63 0.0290223
-60 0.0290073
-57 0.0290314
-54 0.0290327
-51 0.0290328
-48 0.029033
-45 0.0290333
-42 0.0290333
-39 0.0290322
-36 0.0290325
-33 0.0290333
-30 0.0290226
-27 0.0290041
-24 0.029033
-21 0.0290343
-18 0.0290344
-15 0.0290344
-12 0.0290344
-9 0.0290334
-6 0.0290293
-3 0.0290302
0 0.0290335
3 0.0290342
6 0.0290342
9 0.0290341
12 0.0290339
15 0.0290338
18 0.0290337
21 0.0290335
24 0.0290333
27 0.029033
30 0.0290322
33 0.0290293
36 0.0290142
39 0.0289289
42 0.0284524
45 0.026391
48 0.0259505
51 0.0282972
54 0.0289008
57 0.0290089
60 0.0290271
63 0.0290301
66 0.0290298
69 0.0290283
72 0.0290298
75 0.0290304
78 0.0290302
81 0.0290298
84 0.0290293
87 0.0290291
90 0.0290292
