-90 0.0288857
-87 0.0289838
-84 0.0290039
-81 0.0290076
-78 0.0290079
-75 0.0290061
-72 0.0290062
-69 0.0290072
-66 0.0290058
-63 0.0289982
-60 0.0289533
-57 0.0286841
-54 0.0271905
-51 0.0238375
-48 0.0274043
-45 0.0287185
-42 0.0289447
-39 0.028971
-36 0.028968
-33 0.0289654
-30 0.0289423
-27 0.0289604
-24 0.0289884
-21 0.0289955
-18 0.0289965
-15 0.0289956
-12 0.0289943
-9 0.0289861
-6 0.0289597
-3 0.028987
0 0.0289903
3 0.0289903
6 0.0289928
9 0.0289912
12 0.0289833
15 0.0289606
18 0.0289089
21 0.0287576
24 0.0285834
27 0.0286978
30 0.028854
33 0.0288355
36 0.0286097
39 0.0284196
42 0.0286766
45 0.0289064
48 0.0289802
51 0.0289973
54 0.0290009
57 0.0290025
60 0.0290028
63 0.029004
66 0.0290047
69 0.0290042
72 0.0289974
75 0.0289586
78 0.0288079
81 0.02838
84 0.02803
87 0.0285261
90 0.0288857
