-90 0.0290399
-87 0.0290397
-84 0.0290385
-81 0.0290383
-78 0.0290387
-75 0.0290206
-72 0.0290257
-69 0.0290393
-66 0.0290399
-63 0.0290399
-60 0.0290398
-57 0.0290395
-54 0.0290384
-51 0.0290234
-48 0.029015
-45 0.0290378
-42 0.0290392
-39 0.0290395
-36 0.0290394
-33 0.0290393
-30 0.0290392
-27 0.029039
-24 0.0290389
-21 0.0290388
-18 0.0290387
-15 0.0290387
-12 0.0290387
-9 0.0290386
-6 0.0290381
-3 0.0290354
0 0.0290226
3 0.028969
6 0.0288245
9 0.0287033
12 0.0287801
15 0.0289246
18 0.0289794
21 0.0289879
24 0.0290158
27 0.02903
30 0.0290352
33 0.0290374
36 0.0290385
39 0.0290391
42 0.0290394
45 0.0290397
48 0.0290398
51 0.0290398
54 0.0290398
57 0.0290396
60 0.0290391
63 0.0290377
66 0.02903
69 0.0290332
72 0.0290373
75 0.0290385
78 0.0290394
81 0.0290398
84 0.0290399
87 0.0290399
90 0.0290399
