-90 0.0290132
-87 0.0289985
-84 0.0289882
-81 0.0289956
-78 0.0290125
-75 0.0290257
-72 0.0290328
-69 0.0290361
-66 0.0290373
-63 0.0290381
-60 0.0290389
-57 0.029039
-54 0.0290389
-51 0.0290386
-48 0.0290381
-45 0.0290374
-42 0.0290363
-39 0.0290347
-36 0.0290324
-33 0.0290292
-30 0.0290258
-27 0.0290239
-24 0.0290242
-21 0.0290255
-18 0.0290276
-15 0.0290305
-12 0.0290332
-9 0.0290355
-6 0.0290372
-3 0.0290382
0 0.0290388
3 0.0290392
6 0.0290394
9 0.0290393
12 0.0290376
15 0.0290374
18 0.0290393
21 0.0290395
24 0.0290395
27 0.0290391
30 0.0290377
33 0.02903
36 0.0289838
39 0.0286955
42 0.0268989
45 0.0198376
48 0.0270211
51 0.0287133
54 0.0289766
57 0.0289813
60 0.0290207
63 0.0290335
66 0.0290376
69 0.0290386
72 0.0290386
75 0.0290381
78 0.0290367
81 0.0290336
84 0.0290276
87 0.0290207
90 0.0290132
