-90 0.0290364
-87 0.0290362
-84 0.0290347
-81 0.0290293
-78 0.0290158
-75 0.0289982
-72 0.0289952
-69 0.0290105
-66 0.029026
-63 0.0290332
-60 0.0290354
-57 0.0290357
-54 0.0290354
-51 0.0290346
-48 0.029033
-45 0.0290324
-42 0.0290321
-39 0.0290311
-36 0.0290299
-33 0.0290287
-30 0.0290276
-27 0.0290264
-24 0.0290243
-21 0.029018
-18 0.0290009
-15 0.0289723
-12 0.0289565
-9 0.0289709
-6 0.0289871
-3 0.0289832
0 0.028965
3 0.0289643
6 0.0289799
9 0.0289856
12 0.0289862
15 0.0289869
18 0.0289894
21 0.0289934
24 0.0289979
27 0.0289972
30 0.0289868
33 0.0290072
36 0.029002
39 0.0289312
42 0.0284655
45 0.025563
48 0.0216374
51 0.0277009
54 0.0288163
57 0.0289952
60 0.02902
63 0.0290074
66 0.0289417
69 0.0288057
72 0.0287573
75 0.0288864
78 0.0289897
81 0.0290253
84 0.0290341
87 0.0290361
90 0.0290364
