-90 0.0290284
-87 0.0290217
-84 0.0290138
-81 0.0290284
-78 0.0290282
-75 0.0290331
-72 0.0290365
-69 0.0290381
-66 0.029039
-63 0.0290394
-60 0.0290395
-57 0.0290388
-54 0.0290378
-51 0.0290379
-48 0.0290372
-45 0.0290365
-42 0.0290368
-39 0.029038
-36 0.029039
-33 0.0290395
-30 0.0290397
-27 0.0290395
-24 0.029039
-21 0.0290383
-18 0.0290382
-15 0.0290388
-12 0.0290376
-9 0.0290244
-6 0.0290329
-3 0.029039
0 0.0290397
3 0.0290398
6 0.0290397
9 0.0290394
12 0.029036
15 0.0290113
18 0.0290334
21 0.0290348
24 0.0290296
27 0.0290214
30 0.0290174
33 0.0290236
36 0.0290311
39 0.0290344
42 0.0290322
45 0.0290204
48 0.0289985
51 0.0289861
54 0.029001
57 0.0290229
60 0.0290345
63 0.0290384
66 0.0290395
69 0.0290394
72 0.0290386
75 0.0290358
78 0.0290267
81 0.0289985
84 0.0289849
87 0.0290197
90 0.0290284
