-90 0.0290397
-87 0.0290393
-84 0.0290381
-81 0.0290352
-78 0.0290303
-75 0.029026
-72 0.0290236
-69 0.0290219
-66 0.028998
-63 0.0289237
-60 0.0288425
-57 0.0288655
-54 0.0289199
-51 0.0290143
-48 0.0290344
-45 0.0290383
-42 0.0290386
-39 0.029038
-36 0.0290379
-33 0.0290386
-30 0.0290385
-27 0.0290383
-24 0.0290379
-21 0.0290375
-18 0.029037
-15 0.0290342
-12 0.0290203
-9 0.0289566
-6 0.0288129
-3 0.0284086
0 0.0280565
3 0.028551
6 0.0289127
9 0.029011
12 0.0290304
15 0.0290333
18 0.0290335
21 0.0290335
24 0.0290339
27 0.0290346
30 0.0290353
33 0.0290358
36 0.029036
39 0.0290358
42 0.029035
45 0.0290339
48 0.0290327
51 0.0290308
54 0.0290285
57 0.0290246
60 0.0290231
63 0.0290272
66 0.0290332
69 0.0290371
72 0.0290388
75 0.0290395
78 0.0290397
81 0.0290397
84 0.0290398
87 0.0290398
90 0.0290397
