-90 0.0290397
-87 0.0290393
-84 0.029032
-81 0.0290131
-78 0.0290379
-75 0.0290396
-72 0.0290397
-69 0.0290397
-66 0.0290394
-63 0.0290366
-60 0.029011
-57 0.0290026
-54 0.0289978
-51 0.0289693
-48 0.0289726
-45 0.029004
-42 0.029027
-39 0.0290356
-36 0.0290378
-33 0.0290383
-30 0.0290385
-27 0.0290386
-24 0.0290385
-21 0.0290381
-18 0.0290381
-15 0.0290374
-12 0.0290315
-9 0.0290183
-6 0.0290334
-3 0.0290335
0 0.0290213
3 0.0289793
6 0.0288952
9 0.0288565
12 0.0289291
15 0.0290008
18 0.0290289
21 0.0290361
24 0.0290383
27 0.0290385
30 0.0290381
33 0.0290377
36 0.0290375
39 0.0290359
42 0.0290286
45 0.0290024
48 0.0289741
51 0.0289468
54 0.0289965
57 0.0290322
60 0.0290384
63 0.0290391
66 0.0290389
69 0.0290388
72 0.029039
75 0.0290393
78 0.029039
81 0.0290378
84 0.029038
87 0.0290393
90 0.0290397
