-90 0.0289747
-87 0.0289754
-84 0.0289752
-81 0.0289741
-78 0.0289717
-75 0.0289653
-72 0.0289632
-69 0.028962
-66 0.0289581
-63 0.0289531
-60 0.0289337
-57 0.0288953
-54 0.028929
-51 0.028955
-48 0.0289612
-45 0.0289654
-42 0.0289691
-39 0.028972
-36 0.0289742
-33 0.0289756
-30 0.0289761
-27 0.0289759
-24 0.0289749
-21 0.0289732
-18 0.0289709
-15 0.0289677
-12 0.0289597
-9 0.028929
-6 0.028935
-3 0.0289542
0 0.028959
3 0.0289613
6 0.0289639
9 0.0289657
12 0.02897
15 0.0289742
18 0.0289769
21 0.0289788
24 0.0289797
27 0.0289795
30 0.028978
33 0.028976
36 0.0289742
39 0.0289728
42 0.0289708
45 0.0289669
48 0.0289599
51 0.0289483
54 0.0289294
57 0.0289053
60 0.0288968
63 0.0289051
66 0.0289229
69 0.0289376
72 0.0289481
75 0.028956
78 0.0289621
81 0.0289669
84 0.0289705
87 0.0289731
90 0.0289747
