-90 0.0290051
-87 0.0290324
-84 0.0290382
-81 0.0290395
-78 0.0290398
-75 0.0290399
-72 0.0290399
-69 0.0290392
-66 0.029032
-63 0.0290257
-60 0.0290382
-57 0.0290394
-54 0.0290385
-51 0.0290361
-48 0.0290323
-45 0.0290298
-42 0.0290316
-39 0.0290352
-36 0.0290371
-33 0.0290361
-30 0.0290306
-27 0.0290088
-24 0.028986
-21 0.0290236
-18 0.0290355
-15 0.0290387
-12 0.0290395
-9 0.0290397
-6 0.0290397
-3 0.0290397
0 0.0290396
3 0.0290396
6 0.0290396
9 0.0290386
12 0.0290312
15 0.0290334
18 0.0290377
21 0.0290382
24 0.029039
27 0.0290394
30 0.0290384
33 0.0290312
36 0.0289867
39 0.028712
42 0.027082
45 0.0222781
48 0.0272006
51 0.0287328
54 0.0289899
57 0.0290308
60 0.0290376
63 0.0290376
66 0.0290387
69 0.0290369
72 0.0290247
75 0.0289695
78 0.0287843
81 0.0285188
84 0.0286311
87 0.0288959
90 0.0290051
