-90 0.0290384
-87 0.0290392
-84 0.029039
-81 0.0290386
-78 0.0290381
-75 0.0290377
-72 0.0290366
-69 0.0290323
-66 0.0290157
-63 0.0289703
-60 0.0289088
-57 0.0289089
-54 0.0289541
-51 0.028933
-48 0.0289572
-45 0.0289447
-42 0.0289841
-39 0.0290084
-36 0.0290209
-33 0.0290297
-30 0.029035
-27 0.0290376
-24 0.0290384
-21 0.029039
-18 0.0290391
-15 0.0290382
-12 0.0290347
-9 0.0290372
-6 0.0290382
-3 0.0290362
0 0.0290375
3 0.0290309
6 0.0290068
9 0.0290342
12 0.0290389
15 0.0290392
18 0.0290382
21 0.0290328
24 0.0290062
27 0.0289065
30 0.0287277
33 0.0286743
36 0.0288549
39 0.0289839
42 0.0290201
45 0.0290174
48 0.029004
51 0.0289922
54 0.0289682
57 0.0290252
60 0.0290368
63 0.0290391
66 0.0290396
69 0.0290396
72 0.0290382
75 0.0290223
78 0.0290184
81 0.0290367
84 0.0290262
87 0.0290255
90 0.0290384
