-90 0.0290205
-87 0.0290215
-84 0.0290228
-81 0.0290241
-78 0.0290243
-75 0.0290214
-72 0.0290138
-69 0.0290062
-66 0.0290089
-63 0.02902
-60 0.0290292
-57 0.0290337
-54 0.0290355
-51 0.029036
-48 0.0290357
-45 0.0290345
-42 0.0290331
-39 0.0290319
-36 0.029031
-33 0.0290317
-30 0.0290333
-27 0.0290328
-24 0.0290275
-21 0.0290259
-18 0.029012
-15 0.0289541
-12 0.0290075
-9 0.02903
-6 0.0290364
-3 0.0290382
0 0.0290388
3 0.0290388
6 0.0290361
9 0.0290067
12 0.0290352
15 0.0290385
18 0.0290375
21 0.0290282
24 0.0290222
27 0.0290365
30 0.0290377
33 0.0290358
36 0.0290252
39 0.0289653
42 0.0286343
45 0.0271142
48 0.0257614
51 0.0280767
54 0.0288579
57 0.0290034
60 0.0290271
63 0.02903
66 0.0290293
69 0.0290278
72 0.0290259
75 0.0290234
78 0.0290186
81 0.0290187
84 0.02902
87 0.0290201
90 0.0290205
