-90 0.0289892
-87 0.0288012
-84 0.0278711
-81 0.0256021
-78 0.0274232
-75 0.0287158
-72 0.0289817
-69 0.0290277
-66 0.0290351
-63 0.029036
-60 0.0290358
-57 0.0290353
-54 0.0290346
-51 0.0290338
-48 0.0290327
-45 0.0290315
-42 0.02903
-39 0.0290282
-36 0.0290257
-33 0.0290217
-30 0.0290146
-27 0.0289985
-24 0.0289665
-21 0.0289205
-18 0.0288962
-15 0.0289439
-12 0.0289627
-9 0.0289617
-6 0.0289642
-3 0.0289747
0 0.0289863
3 0.0289965
6 0.0290049
9 0.0290115
12 0.0290166
15 0.0290212
18 0.0290248
21 0.0290275
24 0.0290294
27 0.0290294
30 0.0290228
33 0.0289908
36 0.028878
39 0.0285099
42 0.0267383
45 0.0197685
48 0.0269845
51 0.0286228
54 0.028967
57 0.029026
60 0.0290359
63 0.0290377
66 0.0290379
69 0.0290361
72 0.0290218
75 0.0290356
78 0.0290381
81 0.0290379
84 0.0290366
87 0.0290291
90 0.0289892
