-90 0.0290204
-87 0.0290244
-84 0.0290266
-81 0.029028
-78 0.0290329
-75 0.0290346
-72 0.0290355
-69 0.0290361
-66 0.0290366
-63 0.0290368
-60 0.0290323
-57 0.0290103
-54 0.0290348
-51 0.029036
-48 0.029012
-45 0.0290052
-42 0.0290039
-39 0.0290312
-36 0.0290376
-33 0.0290375
-30 0.0290344
-27 0.0290216
-24 0.0289707
-21 0.029004
-18 0.02903
-15 0.0290362
-12 0.0290378
-9 0.0290382
-6 0.0290382
-3 0.0290381
0 0.0290379
3 0.0290377
6 0.0290368
9 0.029035
12 0.0290359
15 0.0290361
18 0.0290352
21 0.0290323
24 0.0290215
27 0.0289825
30 0.028884
33 0.0287837
36 0.0288404
39 0.0289513
42 0.0289985
45 0.0290117
48 0.0290149
51 0.0290123
54 0.0290076
57 0.0290013
60 0.0289924
63 0.0289782
66 0.0289516
69 0.0289013
72 0.028928
75 0.0289657
78 0.0289903
81 0.0290058
84 0.0290152
87 0.0290207
90 0.0290204
