-90 0.0290396
-87 0.0290397
-84 0.0290397
-81 0.0290396
-78 0.0290392
-75 0.0290383
-72 0.0290379
-69 0.0290218
-66 0.0290289
-63 0.029039
-60 0.0290396
-57 0.0290392
-54 0.0290364
-51 0.0290244
-48 0.0289652
-45 0.0287435
-42 0.0283558
-39 0.0284671
-36 0.0288418
-33 0.0289938
-30 0.0290305
-27 0.029038
-24 0.0290395
-21 0.0290398
-18 0.0290398
-15 0.0290395
-12 0.0290398
-9 0.0290398
-6 0.0290397
-3 0.0290396
0 0.0290393
3 0.0290378
6 0.0290228
9 0.0289809
12 0.029032
15 0.0290364
18 0.0290365
21 0.0290366
24 0.0290365
27 0.0290362
30 0.0290357
33 0.0290352
36 0.0290344
39 0.0290308
42 0.0290193
45 0.0290277
48 0.0290157
51 0.0289416
54 0.0286782
57 0.0283048
60 0.0285187
63 0.0288757
66 0.0290025
69 0.0290317
72 0.0290373
75 0.029038
78 0.0290381
81 0.0290385
84 0.0290392
87 0.0290396
90 0.0290396
