-90 0.0290387
-87 0.0290395
-84 0.0290396
-81 0.0290395
-78 0.029039
-75 0.0290382
-72 0.0290376
-69 0.029036
-66 0.0290327
-63 0.0290262
-60 0.0290086
-57 0.0289302
-54 0.0284705
-51 0.0258427
-48 0.0233739
-45 0.0279123
-42 0.0288518
-39 0.0290068
-36 0.0290321
-33 0.0290363
-30 0.029037
-27 0.0290372
-24 0.0290362
-21 0.029008
-18 0.0290234
-15 0.029038
-12 0.0290389
-9 0.0290392
-6 0.0290394
-3 0.0290394
0 0.0290388
3 0.0290381
6 0.0290359
9 0.0290229
12 0.0289976
15 0.0290267
18 0.0290373
21 0.0290394
24 0.0290394
27 0.0290399
30 0.0290398
33 0.0290371
36 0.029012
39 0.0290362
42 0.0290394
45 0.029039
48 0.0290394
51 0.0290399
54 0.02904
57 0.0290399
60 0.0290398
63 0.0290396
66 0.0290385
69 0.0290349
72 0.0290251
75 0.0290084
78 0.0289992
81 0.0290099
84 0.0290263
87 0.0290355
90 0.0290387
