-90 0.0285667
-87 0.0280262
-84 0.0283762
-81 0.0288512
-78 0.0289991
-75 0.0290316
-72 0.0290373
-69 0.0290356
-66 0.0290283
-63 0.0290126
-60 0.0289685
-57 0.0290006
-54 0.0290231
-51 0.0290076
-48 0.0288666
-45 0.0280464
-42 0.0249307
-39 0.0265007
-36 0.0285024
-33 0.0287092
-30 0.0279547
-27 0.0265217
-24 0.0278717
-21 0.0287794
-18 0.0289684
-15 0.0289894
-12 0.0290025
-9 0.0290198
-6 0.029028
-3 0.0290312
0 0.0290349
3 0.0290346
6 0.029036
9 0.029026
12 0.0290052
15 0.029037
18 0.0290373
21 0.0290311
24 0.0290114
27 0.0289742
30 0.028907
33 0.0288512
36 0.0289021
39 0.028962
42 0.0289043
45 0.0285266
48 0.0276344
51 0.0279306
54 0.0287179
57 0.0289629
60 0.0290133
63 0.0290256
66 0.0290309
69 0.0290266
72 0.0289967
75 0.0290236
78 0.0290308
81 0.0290337
84 0.0290154
87 0.0289213
90 0.0285667
