-90 0.0289885
-87 0.0289903
-84 0.0289914
-81 0.0289935
-78 0.0289952
-75 0.0289955
-72 0.0289949
-69 0.0289932
-66 0.0289906
-63 0.0289899
-60 0.0289869
-57 0.0289625
-54 0.0289728
-51 0.0289826
-48 0.0289815
-45 0.0289792
-42 0.0289761
-39 0.0289713
-36 0.0289614
-33 0.0289454
-30 0.0289431
-27 0.0289531
-24 0.0289568
-21 0.0289562
-18 0.0289546
-15 0.0289536
-12 0.0289538
-9 0.0289553
-6 0.0289577
-3 0.0289604
0 0.0289634
3 0.0289664
6 0.0289694
9 0.0289723
12 0.028975
15 0.0289775
18 0.0289798
21 0.0289818
24 0.0289834
27 0.0289846
30 0.0289792
33 0.0289487
36 0.028988
39 0.0289908
42 0.0289922
45 0.028993
48 0.0289934
51 0.0289934
54 0.0289934
57 0.0289933
60 0.0289937
63 0.0289944
66 0.0289954
69 0.0289964
72 0.0289972
75 0.0289971
78 0.0289951
81 0.0289903
84 0.028985
87 0.0289853
90 0.0289885
