-90 0.0226178
-87 0.0268572
-84 0.0286689
-81 0.028979
-78 0.0290291
-75 0.0290377
-72 0.0290392
-69 0.0290395
-66 0.0290396
-63 0.0290396
-60 0.029039
-57 0.0290394
-54 0.0290368
-51 0.0289904
-48 0.0290304
-45 0.0289932
-42 0.0290309
-39 0.029039
-36 0.029039
-33 0.0290391
-30 0.0290391
-27 0.0290389
-24 0.0290385
-21 0.0290364
-18 0.0290218
-15 0.0289585
-12 0.0290073
-9 0.0289786
-6 0.0289997
-3 0.0290055
0 0.0289678
3 0.029021
6 0.0290297
9 0.0290284
12 0.0290248
15 0.0290194
18 0.0290123
21 0.0290036
24 0.0289949
27 0.0289891
30 0.0289871
33 0.028983
36 0.0289659
39 0.028931
42 0.0289486
45 0.0289588
48 0.0289594
51 0.0289804
54 0.0290021
57 0.0290165
60 0.0290254
63 0.0290308
66 0.0290341
69 0.0290354
72 0.029029
75 0.0290042
78 0.0290189
81 0.0289297
84 0.0287573
87 0.027432
90 0.0226178
