-90 0.0290364
-87 0.0290373
-84 0.0290375
-81 0.0290372
-78 0.0290369
-75 0.0290365
-72 0.0290362
-69 0.0290359
-66 0.0290354
-63 0.0290338
-60 0.0290274
-57 0.0290216
-54 0.0290259
-51 0.0290266
-48 0.0290249
-45 0.0290242
-42 0.0290236
-39 0.0290222
-36 0.0290201
-33 0.0290175
-30 0.0290103
-27 0.028947
-24 0.0290095
-21 0.0290106
-18 0.0290096
-15 0.0290079
-12 0.0290051
-9 0.0290018
-6 0.0289992
-3 0.0289958
0 0.0289809
3 0.0289013
6 0.0285287
9 0.0275365
12 0.0276804
15 0.0286237
18 0.0289379
21 0.0290073
24 0.0290236
27 0.029029
30 0.0290318
33 0.0290337
36 0.0290351
39 0.029036
42 0.0290368
45 0.0290373
48 0.0290378
51 0.029038
54 0.0290363
57 0.029023
60 0.0290363
63 0.0290383
66 0.0290381
69 0.0290383
72 0.0290384
75 0.0290384
78 0.0290385
81 0.0290385
84 0.0290381
87 0.029037
90 0.0290364
