-90 0.0290397
-87 0.0290396
-84 0.0290384
-81 0.0290361
-78 0.0290338
-75 0.0290177
-72 0.028961
-69 0.0288557
-66 0.0288268
-63 0.0289254
-60 0.0290036
-57 0.0290312
-54 0.0290377
-51 0.0290377
-48 0.0290343
-45 0.0290074
-42 0.0288374
-39 0.0277788
-36 0.0220971
-33 0.0257713
-30 0.0285034
-27 0.0289538
-24 0.0290234
-21 0.0290138
-18 0.0290234
-15 0.0289524
-12 0.0285187
-9 0.0263279
-6 0.0248637
-3 0.0280747
0 0.0288744
3 0.0290123
6 0.0290324
9 0.0290317
12 0.0290376
15 0.0290395
18 0.0290396
21 0.0290396
24 0.0290395
27 0.0290393
30 0.0290388
33 0.0290382
36 0.0290372
39 0.0290356
42 0.0290282
45 0.0289905
48 0.0288396
51 0.0285071
54 0.0284579
57 0.028794
60 0.0289725
63 0.0290121
66 0.0290024
69 0.0289818
72 0.0290056
75 0.0290251
78 0.0290337
81 0.0290373
84 0.0290388
87 0.0290394
90 0.0290397
