-90 0.0290317
-87 0.0290281
-84 0.0290253
-81 0.0290237
-78 0.0290217
-75 0.0290049
-72 0.0289035
-69 0.028569
-66 0.0282448
-63 0.0285832
-60 0.028865
-57 0.0287527
-54 0.0276382
-51 0.0246819
-48 0.0272936
-45 0.028716
-42 0.0289851
-39 0.0290297
-36 0.0290356
-33 0.0290349
-30 0.0290348
-27 0.0290367
-24 0.0290384
-21 0.0290389
-18 0.0290362
-15 0.0290116
-12 0.029006
-9 0.029033
-6 0.0290359
-3 0.0290377
0 0.029039
3 0.0290394
6 0.0290394
9 0.0290393
12 0.0290391
15 0.0290389
18 0.0290387
21 0.0290382
24 0.0290374
27 0.0290343
30 0.0290202
33 0.0289595
36 0.0287748
39 0.0285642
42 0.0287007
45 0.028915
48 0.0289995
51 0.0290253
54 0.0290339
57 0.0290371
60 0.0290385
63 0.0290392
66 0.0290394
69 0.0290396
72 0.0290395
75 0.0290393
78 0.0290388
81 0.0290362
84 0.029027
87 0.0290313
90 0.0290317
