-90 0.0290345
-87 0.0290295
-84 0.0290254
-81 0.0290265
-78 0.0290315
-75 0.0290361
-72 0.0290386
-69 0.0290395
-66 0.0290394
-63 0.0290374
-60 0.0290246
-57 0.0289443
-54 0.0284455
-51 0.0255261
-48 0.0231481
-45 0.0279489
-42 0.0288628
-39 0.0290035
-36 0.0289441
-33 0.0290312
-30 0.029039
-27 0.0290395
-24 0.0290391
-21 0.029038
-18 0.0290357
-15 0.0290308
-12 0.0290209
-9 0.0290018
-6 0.028977
-3 0.0289955
0 0.0290168
3 0.0290263
6 0.0290278
9 0.0290269
12 0.0290287
15 0.0290333
18 0.0290371
21 0.0290387
24 0.0290332
27 0.0290042
30 0.0290383
33 0.0290389
36 0.0290371
39 0.0290321
42 0.0290295
45 0.0290339
48 0.0290368
51 0.0290386
54 0.0290368
57 0.0289495
60 0.0290362
63 0.0290386
66 0.0290369
69 0.0290344
72 0.0290334
75 0.0290346
78 0.0290363
81 0.0290373
84 0.0290377
87 0.0290372
90 0.0290345
