-90 0.0289488
-87 0.0289472
-84 0.0289456
-81 0.0289438
-78 0.0289417
-75 0.0289389
-72 0.0289346
-69 0.0289231
-66 0.0288794
-63 0.0286987
-60 0.0279897
-57 0.0263558
-54 0.0272985
-51 0.028538
-48 0.0288411
-45 0.0288952
-42 0.0289023
-39 0.0289014
-36 0.0288993
-33 0.0288974
-30 0.028896
-27 0.0288952
-24 0.0288952
-21 0.0288962
-18 0.0288981
-15 0.0289009
-12 0.0289042
-9 0.0289079
-6 0.0289119
-3 0.0289158
0 0.0289195
3 0.0289231
6 0.0289263
9 0.0289293
12 0.0289314
15 0.0289322
18 0.0289354
21 0.0289387
24 0.0289408
27 0.0289425
30 0.0289441
33 0.0289455
36 0.0289468
39 0.028948
42 0.028949
45 0.0289499
48 0.0289507
51 0.0289515
54 0.0289521
57 0.0289525
60 0.0289527
63 0.0289527
66 0.0289527
69 0.0289528
72 0.0289529
75 0.0289528
78 0.0289524
81 0.0289519
84 0.0289511
87 0.0289501
90 0.0289488
