-90 0.0284599
-87 0.0288869
-84 0.0290062
-81 0.0290253
-78 0.0290358
-75 0.0290393
-72 0.0290398
-69 0.0290398
-66 0.0290396
-63 0.0290385
-60 0.0290252
-57 0.0290266
-54 0.0290388
-51 0.0290398
-48 0.0290397
-45 0.0290392
-42 0.0290381
-39 0.0290361
-36 0.0290117
-33 0.0290255
-30 0.0290364
-27 0.0290371
-24 0.0290366
-21 0.0290356
-18 0.0290354
-15 0.0290368
-12 0.0290383
-9 0.0290388
-6 0.029035
-3 0.0290301
0 0.0290373
3 0.0290358
6 0.0290279
9 0.0290063
12 0.0289823
15 0.0290041
18 0.0290248
21 0.0290299
24 0.0290253
27 0.0290179
30 0.0290182
33 0.0290267
36 0.0290345
39 0.0290358
42 0.0289648
45 0.0290347
48 0.029034
51 0.0290247
54 0.029013
57 0.02901
60 0.0290082
63 0.0290178
66 0.0290351
69 0.0290384
72 0.029038
75 0.0290334
78 0.0290081
81 0.028886
84 0.0284574
87 0.0279845
90 0.0284599
