-90 0.028372
-87 0.027688
-84 0.0282885
-81 0.0288487
-78 0.029001
-75 0.0290321
-72 0.0290383
-69 0.0290395
-66 0.0290398
-63 0.0290399
-60 0.0290399
-57 0.0290398
-54 0.0290398
-51 0.0290399
-48 0.02904
-45 0.0290399
-42 0.0290397
-39 0.0290388
-36 0.0290343
-33 0.0290139
-30 0.0289365
-27 0.0287614
-24 0.0286801
-21 0.028846
-18 0.0289815
-15 0.0290266
-12 0.0290366
-9 0.0290335
-6 0.0290268
-3 0.0290369
0 0.0290334
3 0.0290184
6 0.0290376
9 0.0290396
12 0.0290395
15 0.0290389
18 0.0290377
21 0.0290349
24 0.0290293
27 0.0290192
30 0.0290007
33 0.0289097
36 0.0289621
39 0.0289963
42 0.0289877
45 0.0289815
48 0.0289987
51 0.0290154
54 0.0290259
57 0.029032
60 0.0290354
63 0.0290371
66 0.0290374
69 0.0290376
72 0.0290375
75 0.0290384
78 0.0290386
81 0.0290342
84 0.0290086
87 0.0288781
90 0.028372
