-90 0.0284074
-87 0.0279197
-84 0.0283934
-81 0.0288236
-78 0.028943
-75 0.0289671
-72 0.0289722
-69 0.0289743
-66 0.0289703
-63 0.0289648
-60 0.0289827
-57 0.0289861
-54 0.0289854
-51 0.0289646
-48 0.0288233
-45 0.0280078
-42 0.0250353
-39 0.0265485
-36 0.0285159
-33 0.0288967
-30 0.028925
-27 0.0289016
-24 0.0289235
-21 0.0289446
-18 0.0289499
-15 0.0290009
-12 0.0290155
-9 0.029019
-6 0.0290121
-3 0.028997
0 0.0290167
3 0.0290156
6 0.02902
9 0.0290199
12 0.0290169
15 0.0290222
18 0.0290223
21 0.0290177
24 0.0289947
27 0.0288803
30 0.028409
33 0.0276075
36 0.028121
39 0.0287566
42 0.0288242
45 0.0285088
48 0.0276666
51 0.0279539
54 0.0287122
57 0.0289532
60 0.0290018
63 0.0290088
66 0.0290089
69 0.0290065
72 0.0290041
75 0.029002
78 0.0289984
81 0.0289899
84 0.0289582
87 0.0288304
90 0.0284074
