-90 0.0290265
-87 0.0289603
-84 0.0285372
-81 0.025839
-78 0.0199385
-75 0.0275846
-72 0.0288111
-69 0.0290034
-66 0.0290305
-63 0.0290127
-60 0.0290301
-57 0.0289924
-54 0.0287703
-51 0.0276929
-48 0.0258919
-45 0.0278036
-42 0.0287967
-39 0.0289978
-36 0.0290328
-33 0.0290386
-30 0.0290396
-27 0.0290395
-24 0.0290379
-21 0.0290356
-18 0.0290338
-15 0.0290365
-12 0.0290383
-9 0.0290387
-6 0.0290329
-3 0.0290111
0 0.0290353
3 0.0290395
6 0.0290389
9 0.0290274
12 0.028988
15 0.0290343
18 0.0290358
21 0.0290313
24 0.0290237
27 0.029019
30 0.0290193
33 0.0289989
36 0.0288756
39 0.0284709
42 0.0281272
45 0.0285702
48 0.028917
51 0.0290149
54 0.0290351
57 0.029039
60 0.0290397
63 0.0290396
66 0.0290394
69 0.0290376
72 0.0290325
75 0.0290388
78 0.0290399
81 0.0290397
84 0.0290388
87 0.0290363
90 0.0290265
