-90 0.0290388
-87 0.0290395
-84 0.0290395
-81 0.0290393
-78 0.0290392
-75 0.0290395
-72 0.0290397
-69 0.0290398
-66 0.0290398
-63 0.0290397
-60 0.029039
-57 0.0290352
-54 0.0290139
-51 0.0289029
-48 0.0284452
-45 0.0276653
-42 0.0281652
-39 0.0288086
-36 0.0289933
-33 0.0290307
-30 0.0290378
-27 0.0290393
-24 0.0290397
-21 0.0290399
-18 0.0290399
-15 0.0290397
-12 0.0290398
-9 0.0290398
-6 0.0290398
-3 0.0290396
0 0.0290386
3 0.0290329
6 0.0289981
9 0.028789
12 0.0276037
15 0.0240077
18 0.0270622
21 0.0286843
24 0.0289807
27 0.02903
30 0.029038
33 0.0290393
36 0.0290395
39 0.0290394
42 0.029039
45 0.0290384
48 0.0290375
51 0.0290365
54 0.0290362
57 0.0290372
60 0.0290377
63 0.0290342
66 0.0290149
69 0.0289472
72 0.0287503
75 0.0285284
78 0.0286933
81 0.028927
84 0.0290139
87 0.0290347
90 0.0290388
