-90 0.0290352
-87 0.0290352
-84 0.0290357
-81 0.0290354
-78 0.0290345
-75 0.0290326
-72 0.0290314
-69 0.0290324
-66 0.0290347
-63 0.0290365
-60 0.0290373
-57 0.0290374
-54 0.0290374
-51 0.0290375
-48 0.0290375
-45 0.0290374
-42 0.0290373
-39 0.0290371
-36 0.029037
-33 0.0290369
-30 0.0290366
-27 0.0290343
-24 0.0290115
-21 0.0289988
-18 0.0290215
-15 0.0290245
-12 0.0290252
-9 0.0290251
-6 0.029028
-3 0.0290311
0 0.0290326
3 0.0290326
6 0.0290261
9 0.0289828
12 0.0290294
15 0.02903
18 0.0290283
21 0.0290254
24 0.0290214
27 0.0290189
30 0.0290197
33 0.0290216
36 0.0290193
39 0.0289955
42 0.0288446
45 0.0279105
48 0.0228396
51 0.025407
54 0.0284207
57 0.0289277
60 0.0290098
63 0.029024
66 0.0290273
69 0.0290288
72 0.0290301
75 0.0290312
78 0.0290322
81 0.0290332
84 0.029034
87 0.0290347
90 0.0290352
