-90 0.029031
-87 0.0290319
-84 0.0290321
-81 0.0290315
-78 0.0290284
-75 0.0290182
-72 0.0289899
-69 0.0289812
-66 0.0289898
-63 0.0289003
-60 0.0285496
-57 0.0279067
-54 0.0267086
-51 0.0256361
-48 0.0280084
-45 0.0288313
-42 0.0289971
-39 0.0290256
-36 0.0290303
-33 0.0290313
-30 0.0290317
-27 0.0290308
-24 0.0290309
-21 0.0290319
-18 0.0290307
-15 0.0290186
-12 0.0289791
-9 0.0290066
-6 0.029013
-3 0.0289981
0 0.0289728
3 0.0289687
6 0.0289907
9 0.02901
12 0.0290172
15 0.0290181
18 0.029017
21 0.0290152
24 0.0290129
27 0.0290085
30 0.0289952
33 0.0289565
36 0.0288799
39 0.0288641
42 0.0289403
45 0.0289888
48 0.0290077
51 0.0290138
54 0.0290161
57 0.0290171
60 0.0290177
63 0.0290187
66 0.0290208
69 0.0290233
72 0.0290255
75 0.0290271
78 0.0290282
81 0.0290286
84 0.0290278
87 0.0290286
90 0.029031
