-90 0.0289983
-87 0.0289621
-84 0.0286174
-81 0.0268841
-78 0.0250264
-75 0.0279221
-72 0.0288345
-69 0.0290009
-66 0.0290288
-63 0.0290328
-60 0.0290287
-57 0.0289672
-54 0.0290267
-51 0.0290328
-48 0.0290331
-45 0.0290329
-42 0.0290326
-39 0.0290322
-36 0.0290313
-33 0.029029
-30 0.029023
-27 0.0290121
-24 0.029013
-21 0.0290232
-18 0.0290281
-15 0.0290296
-12 0.0290299
-9 0.029029
-6 0.0290218
-3 0.0290104
0 0.029026
3 0.0290294
6 0.0290282
9 0.0290257
12 0.0290295
15 0.0290305
18 0.0290308
21 0.029031
24 0.0290311
27 0.029031
30 0.0290305
33 0.0290288
36 0.0290234
39 0.029018
42 0.0290156
45 0.0290062
48 0.0289932
51 0.0289843
54 0.0289812
57 0.0289939
60 0.0290115
63 0.0290228
66 0.0290288
69 0.0290319
72 0.0290334
75 0.0290342
78 0.0290346
81 0.0290345
84 0.0290316
87 0.0289996
90 0.0289983
