-90 0.0276857
-87 0.0205378
-84 0.0255096
-81 0.0284702
-78 0.0289258
-75 0.028987
-72 0.0289828
-69 0.0289659
-66 0.0289499
-63 0.0289464
-60 0.0289603
-57 0.0289815
-54 0.0289998
-51 0.0290127
-48 0.0290209
-45 0.0290255
-42 0.0290281
-39 0.0290305
-36 0.0290332
-33 0.0290357
-30 0.0290374
-27 0.0290382
-24 0.0290387
-21 0.029039
-18 0.0290392
-15 0.0290393
-12 0.029039
-9 0.029039
-6 0.0290384
-3 0.0290388
0 0.0290388
3 0.0290367
6 0.0290378
9 0.0290394
12 0.0290393
15 0.0290378
18 0.0290352
21 0.029035
24 0.029037
27 0.0290379
30 0.0290364
33 0.0290372
36 0.0290387
39 0.0290395
42 0.0290396
45 0.0290385
48 0.0290312
51 0.0290327
54 0.0290383
57 0.0290361
60 0.0290358
63 0.029037
66 0.0290368
69 0.0290356
72 0.0290304
75 0.0290218
78 0.0290173
81 0.0290127
84 0.0289671
87 0.028786
90 0.0276857
