-90 0.0290372
-87 0.0290362
-84 0.0290348
-81 0.0290324
-78 0.0290266
-75 0.0290124
-72 0.0289885
-69 0.028975
-66 0.0289884
-63 0.0290051
-60 0.029005
-57 0.028988
-54 0.0289869
-51 0.0290091
-48 0.0290226
-45 0.0290291
-42 0.0290322
-39 0.0290338
-36 0.029035
-33 0.0290358
-30 0.0290363
-27 0.0290365
-24 0.0290367
-21 0.0290366
-18 0.0290366
-15 0.0290375
-12 0.0290381
-9 0.0290384
-6 0.0290386
-3 0.0290383
0 0.0290328
3 0.0290183
6 0.029023
9 0.0290289
12 0.0290373
15 0.0290334
18 0.0290004
21 0.0290277
24 0.0290383
27 0.0290395
30 0.0290391
33 0.0290393
36 0.0290381
39 0.0290328
42 0.0290115
45 0.0290151
48 0.0290304
51 0.0290354
54 0.0290378
57 0.0290389
60 0.0290393
63 0.0290395
66 0.0290396
69 0.0290395
72 0.0290388
75 0.0290362
78 0.0290259
81 0.0290353
84 0.0290382
87 0.0290379
90 0.0290372
