-90 0.0290371
-87 0.0290358
-84 0.0290341
-81 0.0290318
-78 0.0290313
-75 0.0290328
-72 0.0290343
-69 0.0290359
-66 0.0290373
-63 0.0290383
-60 0.0290389
-57 0.0290393
-54 0.0290394
-51 0.0290384
-48 0.0290335
-45 0.029029
-42 0.0289987
-39 0.0288167
-36 0.0280175
-33 0.0268426
-30 0.0280299
-27 0.0288186
-24 0.0289987
-21 0.0290317
-18 0.0290371
-15 0.0290357
-12 0.0290283
-9 0.029011
-6 0.0290185
-3 0.0290326
0 0.0290373
3 0.0290386
6 0.0290387
9 0.0290388
12 0.029039
15 0.029039
18 0.0290389
21 0.0290387
24 0.0290387
27 0.0290387
30 0.0290387
33 0.0290387
36 0.0290384
39 0.0290375
42 0.0290355
45 0.0290318
48 0.0290291
51 0.0290303
54 0.0290342
57 0.0290373
60 0.0290386
63 0.0290379
66 0.0290325
69 0.0290328
72 0.0290286
75 0.0289913
78 0.0290369
81 0.029039
84 0.0290387
87 0.0290381
90 0.0290371
