-90 0.0289267
-87 0.0290086
-84 0.0290285
-81 0.0290205
-78 0.0289426
-75 0.0284342
-72 0.0253688
-69 0.0226897
-66 0.0279206
-63 0.0288602
-60 0.0290108
-57 0.029035
-54 0.0290388
-51 0.0290392
-48 0.029039
-45 0.0290384
-42 0.0290379
-39 0.0290377
-36 0.0290381
-33 0.0290386
-30 0.0290388
-27 0.0290387
-24 0.0290371
-21 0.029029
-18 0.0289879
-15 0.0288149
-12 0.028401
-9 0.0283304
-6 0.0287506
-3 0.0289685
0 0.0290245
3 0.0290356
6 0.0290376
9 0.029038
12 0.0290384
15 0.0290389
18 0.0290392
21 0.0290395
24 0.0290396
27 0.0290396
30 0.0290393
33 0.029037
36 0.0290159
39 0.029012
42 0.0290034
45 0.0289006
48 0.0286661
51 0.0285899
54 0.0288222
57 0.0289785
60 0.0290255
63 0.0290357
66 0.0290244
69 0.0290199
72 0.0290371
75 0.0290306
78 0.0289993
81 0.0289
84 0.0287505
87 0.028774
90 0.0289267
