-90 0.0290394
-87 0.0290395
-84 0.0290391
-81 0.0290384
-78 0.029038
-75 0.0290385
-72 0.0290391
-69 0.0290396
-66 0.0290397
-63 0.0290396
-60 0.029039
-57 0.0290375
-54 0.0290353
-51 0.0290361
-48 0.029036
-45 0.0290334
-42 0.0290258
-39 0.029004
-36 0.0289263
-33 0.0285923
-30 0.0289002
-27 0.0289882
-24 0.029017
-21 0.0290287
-18 0.0290336
-15 0.0290349
-12 0.0290351
-9 0.0290373
-6 0.0290388
-3 0.0290394
0 0.0290396
3 0.0290395
6 0.0290389
9 0.0290379
12 0.0290371
15 0.0290375
18 0.0290386
21 0.0290393
24 0.0290394
27 0.029038
30 0.029029
33 0.0290187
36 0.02903
39 0.0290372
42 0.0290373
45 0.0290376
48 0.0290382
51 0.0290389
54 0.0290393
57 0.0290395
60 0.0290392
63 0.029039
66 0.0290385
69 0.029038
72 0.0290378
75 0.0290376
78 0.0290299
81 0.0290214
84 0.0290308
87 0.0290381
90 0.0290394
