-90 0.0290275
-87 0.0290333
-84 0.0290342
-81 0.0290343
-78 0.0290339
-75 0.0290308
-72 0.0290309
-69 0.0290337
-66 0.0290339
-63 0.0290336
-60 0.0290329
-57 0.029029
-54 0.0290077
-51 0.0288979
-48 0.0284484
-45 0.027671
-42 0.0281539
-39 0.0288029
-36 0.0289874
-33 0.0290246
-30 0.0290313
-27 0.0290324
-24 0.0290326
-21 0.0290325
-18 0.0290324
-15 0.0290321
-12 0.0290322
-9 0.0290321
-6 0.0290321
-3 0.029032
0 0.0290311
3 0.0290256
6 0.0289908
9 0.0287785
12 0.0275598
15 0.0237179
18 0.0269887
21 0.028669
24 0.0289728
27 0.0290231
30 0.0290315
33 0.0290332
36 0.0290338
39 0.0290341
42 0.0290336
45 0.0290231
48 0.0290249
51 0.029034
54 0.0290345
57 0.029034
60 0.0290328
63 0.0290284
66 0.029004
69 0.0288776
72 0.0283017
75 0.0258843
78 0.0219637
81 0.0274934
84 0.0287749
87 0.0289918
90 0.0290275
