-90 0.0290263
-87 0.028998
-84 0.0288027
-81 0.0275867
-78 0.0218062
-75 0.0263041
-72 0.0285874
-69 0.0289669
-66 0.0290277
-63 0.0290374
-60 0.0290388
-57 0.0290388
-54 0.0290387
-51 0.0290392
-48 0.0290394
-45 0.0290394
-42 0.0290393
-39 0.0290384
-36 0.0290386
-33 0.0290391
-30 0.0290391
-27 0.0290381
-24 0.0290373
-21 0.0290388
-18 0.0290394
-15 0.0290395
-12 0.0290396
-9 0.0290395
-6 0.0290387
-3 0.0290357
0 0.0290328
3 0.0290366
6 0.0290356
9 0.0290344
12 0.0290379
15 0.0290387
18 0.0290379
21 0.029036
24 0.029032
27 0.029024
30 0.0290096
33 0.0289936
36 0.0289993
39 0.0290133
42 0.0290242
45 0.0290325
48 0.0290358
51 0.0290373
54 0.0290381
57 0.0290387
60 0.029039
63 0.0290393
66 0.0290395
69 0.0290396
72 0.0290396
75 0.0290394
78 0.0290388
81 0.0290371
84 0.0290336
87 0.0290298
90 0.0290263
