-90 0.0287032
-87 0.0289664
-84 0.0290173
-81 0.0290264
-78 0.029028
-75 0.0290282
-72 0.0290281
-69 0.0290278
-66 0.0290276
-63 0.0290274
-60 0.0290271
-57 0.0290267
-54 0.0290263
-51 0.0290258
-48 0.0290251
-45 0.0290244
-42 0.0290235
-39 0.0290232
-36 0.029023
-33 0.0290228
-30 0.0290225
-27 0.0290221
-24 0.0290214
-21 0.0290206
-18 0.0290195
-15 0.0290177
-12 0.0290145
-9 0.0290074
-6 0.0289928
-3 0.0289934
0 0.0289925
3 0.0289942
6 0.0290009
9 0.0290079
12 0.0290133
15 0.0290168
18 0.0290191
21 0.0290206
24 0.0290214
27 0.0290216
30 0.0290214
33 0.0290216
36 0.0290241
39 0.0290251
42 0.0290256
45 0.0290261
48 0.0290265
51 0.0290268
54 0.0290272
57 0.0290275
60 0.0290277
63 0.0290277
66 0.0290269
69 0.0290235
72 0.0290005
75 0.0288595
78 0.0280262
81 0.0240328
84 0.0243226
87 0.0275993
90 0.0287032
