-90 0.0290345
-87 0.029027
-84 0.0290111
-81 0.0289986
-78 0.0290059
-75 0.029022
-72 0.0290262
-69 0.0289891
-66 0.0287316
-63 0.0271044
-60 0.0194504
-57 0.0267673
-54 0.0286777
-51 0.0289824
-48 0.0290306
-45 0.0290371
-42 0.0290172
-39 0.0290132
-36 0.0290383
-33 0.0290398
-30 0.0290398
-27 0.0290396
-24 0.0290389
-21 0.0290369
-18 0.0290318
-15 0.0290195
-12 0.0289876
-9 0.0289567
-6 0.028994
-3 0.028998
0 0.0289979
3 0.0290111
6 0.0290269
9 0.0290356
12 0.0290386
15 0.0290394
18 0.0290364
21 0.0289487
24 0.0290363
27 0.0290394
30 0.0290386
33 0.0290346
36 0.0290216
39 0.0290066
42 0.0289992
45 0.0290081
48 0.0290224
51 0.0289762
54 0.0290202
57 0.0290057
60 0.0289885
63 0.0289964
66 0.0290182
69 0.029032
72 0.0290362
75 0.0290358
78 0.0290338
81 0.0290329
84 0.0290336
87 0.0290352
90 0.0290345
