-90 0.029038
-87 0.0290337
-84 0.0290123
-81 0.0289213
-78 0.0286665
-75 0.0284739
-72 0.0287208
-69 0.028946
-66 0.0290185
-63 0.0290348
-60 0.029038
-57 0.0290386
-54 0.0290386
-51 0.0290383
-48 0.0290377
-45 0.0290359
-42 0.0290317
-39 0.0290231
-36 0.0290119
-33 0.0290126
-30 0.0290223
-27 0.029022
-24 0.0289738
-21 0.0286518
-18 0.026713
-15 0.0217633
-12 0.0273834
-9 0.0287672
-6 0.0289943
-3 0.0290301
0 0.0290343
3 0.029032
6 0.0290289
9 0.0290279
12 0.029029
15 0.0290311
18 0.0290333
21 0.0290358
24 0.0290374
27 0.0290379
30 0.0290371
33 0.0290311
36 0.0289979
39 0.0288424
42 0.0283465
45 0.0279815
48 0.0285368
51 0.0289097
54 0.0290113
57 0.0290333
60 0.0290377
63 0.0290384
66 0.0290381
69 0.0290377
72 0.0290379
75 0.029038
78 0.0290381
81 0.0290384
84 0.0290387
87 0.0290387
90 0.029038
