-90 0.0290392
-87 0.0290389
-84 0.0290387
-81 0.0290389
-78 0.0290393
-75 0.0290395
-72 0.029039
-69 0.029036
-66 0.0290222
-63 0.0289698
-60 0.0290138
-57 0.0290335
-54 0.0290381
-51 0.0290393
-48 0.0290395
-45 0.029039
-42 0.029035
-39 0.0290329
-36 0.0290385
-33 0.0290397
-30 0.0290398
-27 0.0290396
-24 0.0290391
-21 0.0290376
-18 0.0290333
-15 0.0290161
-12 0.0290099
-9 0.0290299
-6 0.0290302
-3 0.0290233
0 0.02899
3 0.0290198
6 0.0290258
9 0.0290323
12 0.029036
15 0.0290365
18 0.0290347
21 0.0290302
24 0.0290235
27 0.0290218
30 0.0290273
33 0.0290326
36 0.0290356
39 0.0290366
42 0.0290328
45 0.029013
48 0.0290154
51 0.029017
54 0.02902
57 0.0290284
60 0.0290346
63 0.0290367
66 0.029037
69 0.0290375
72 0.0290384
75 0.0290391
78 0.0290389
81 0.0290305
84 0.0290238
87 0.0290382
90 0.0290392
