-90 0.0288957
-87 0.0289147
-84 0.0289761
-81 0.0290069
-78 0.0289646
-75 0.0290079
-72 0.0289813
-69 0.0289445
-66 0.0289444
-63 0.0289812
-60 0.0290105
-57 0.0290232
-54 0.029028
-51 0.0290303
-48 0.0290317
-45 0.0290327
-42 0.0290334
-39 0.0290339
-36 0.0290343
-33 0.0290347
-30 0.0290351
-27 0.0290351
-24 0.0290347
-21 0.0290316
-18 0.0290164
-15 0.0289543
-12 0.0287876
-9 0.0286463
-6 0.0287868
-3 0.0289527
0 0.0290142
3 0.0290303
6 0.0290339
9 0.0290345
12 0.0290346
15 0.0290344
18 0.0290341
21 0.0290338
24 0.0290335
27 0.0290332
30 0.0290328
33 0.0290322
36 0.0290299
39 0.0290141
42 0.0290057
45 0.0290264
48 0.029028
51 0.0290273
54 0.0290271
57 0.0290275
60 0.0290279
63 0.029028
66 0.0290278
69 0.029027
72 0.029026
75 0.0290271
78 0.0290262
81 0.0290208
84 0.029001
87 0.0289509
90 0.0288957
