-90 0.0289776
-87 0.0289768
-84 0.028977
-81 0.0289785
-78 0.0289812
-75 0.0289845
-72 0.0289883
-69 0.0289922
-66 0.0289961
-63 0.0289995
-60 0.0290006
-57 0.0290012
-54 0.0290075
-51 0.0290107
-48 0.0290127
-45 0.0290138
-42 0.0290145
-39 0.0290157
-36 0.0290176
-33 0.0290197
-30 0.0290213
-27 0.0290226
-24 0.0290237
-21 0.0290245
-18 0.0290252
-15 0.0290258
-12 0.0290262
-9 0.0290265
-6 0.0290268
-3 0.0290269
0 0.0290265
3 0.0290226
6 0.0290005
9 0.0290137
12 0.0290138
15 0.0290124
18 0.0290238
21 0.0290257
24 0.0290254
27 0.0290245
30 0.029024
33 0.0290228
36 0.0290199
39 0.0290095
42 0.0289671
45 0.0288279
48 0.0286083
51 0.0286484
54 0.0288666
57 0.0289723
60 0.0289992
63 0.0290029
66 0.0290012
69 0.0289983
72 0.028995
75 0.0289916
78 0.0289881
81 0.028985
84 0.028982
87 0.0289795
90 0.0289776
