-90 0.0288074
-87 0.0289899
-84 0.0290304
-81 0.029038
-78 0.0290393
-75 0.0290395
-72 0.0290396
-69 0.0290395
-66 0.029038
-63 0.0290359
-60 0.0290378
-57 0.0290357
-54 0.0290298
-51 0.0290224
-48 0.029015
-45 0.0290126
-42 0.0290229
-39 0.0290317
-36 0.0290354
-33 0.0290377
-30 0.0290389
-27 0.0290395
-24 0.0290397
-21 0.0290395
-18 0.0290374
-15 0.0290245
-12 0.0289481
-9 0.0285201
-6 0.0267304
-3 0.0262052
0 0.0283149
3 0.0289086
6 0.0290173
9 0.0290359
12 0.029039
15 0.029039
18 0.0290374
21 0.0290323
24 0.0290182
27 0.0289754
30 0.0289862
33 0.0290233
36 0.029033
39 0.0290194
42 0.0290238
45 0.0290342
48 0.0290256
51 0.0290124
54 0.0290247
57 0.0290353
60 0.0290387
63 0.0290396
66 0.0290398
69 0.0290393
72 0.0290367
75 0.0290219
78 0.0289475
81 0.0286502
84 0.0280954
87 0.0282938
90 0.0288074
