-90 0.0289284
-87 0.0289336
-84 0.0289378
-81 0.0289375
-78 0.0289564
-75 0.0289695
-72 0.028979
-69 0.028987
-66 0.0289938
-63 0.0289997
-60 0.0290046
-57 0.0290087
-54 0.0290119
-51 0.0290134
-48 0.0290067
-45 0.0289534
-42 0.028629
-39 0.0269548
-36 0.0237764
-33 0.0257665
-30 0.0275504
-27 0.0286711
-24 0.0289586
-21 0.0290155
-18 0.029026
-15 0.0290281
-12 0.0290286
-9 0.0290288
-6 0.0290289
-3 0.0290289
0 0.0290286
3 0.0290277
6 0.0290253
9 0.0290116
12 0.0290082
15 0.0290249
18 0.0290264
21 0.029026
24 0.0290253
27 0.0290244
30 0.0290234
33 0.0290222
36 0.0290207
39 0.0290183
42 0.0290121
45 0.0289886
48 0.0288948
51 0.0286319
54 0.0284143
57 0.0286581
60 0.0288937
63 0.0289692
66 0.0289831
69 0.0289809
72 0.0289742
75 0.0289657
78 0.0289559
81 0.0289453
84 0.0289349
87 0.0289281
90 0.0289284
