-90 0.0288405
-87 0.0289757
-84 0.0290059
-81 0.0290061
-78 0.0289995
-75 0.0289928
-72 0.0289901
-69 0.0289915
-66 0.0289876
-63 0.0290045
-60 0.0290156
-57 0.0290215
-54 0.0290256
-51 0.0290269
-48 0.0290166
-45 0.0289396
-42 0.02846
-39 0.0258381
-36 0.0240724
-33 0.027996
-30 0.0288015
-27 0.0289974
-24 0.0290316
-21 0.0290377
-18 0.0290386
-15 0.0290376
-12 0.0290218
-9 0.0290246
-6 0.0290087
-3 0.0290213
0 0.0290382
3 0.0290395
6 0.0290396
9 0.0290396
12 0.0290395
15 0.029039
18 0.0290368
21 0.0290291
24 0.0290035
27 0.028985
30 0.0290231
33 0.0290353
36 0.0290383
39 0.0290387
42 0.0290391
45 0.0290388
48 0.0290381
51 0.0290374
54 0.0290372
57 0.0290369
60 0.0290356
63 0.0290369
66 0.0290377
69 0.0290368
72 0.0290344
75 0.0290235
78 0.0289756
81 0.0288057
84 0.0285016
87 0.0285431
90 0.0288405
