-90 0.0290204
-87 0.0290353
-84 0.0290366
-81 0.0290365
-78 0.0290363
-75 0.029036
-72 0.0290356
-69 0.0290352
-66 0.0290347
-63 0.0290342
-60 0.0290336
-57 0.0290316
-54 0.0290215
-51 0.0289615
-48 0.0286135
-45 0.0269218
-42 0.0252761
-39 0.0278426
-36 0.0280341
-33 0.0266851
-30 0.0275921
-27 0.0287021
-24 0.0289748
-21 0.0290254
-18 0.0290341
-15 0.0290354
-12 0.0290352
-9 0.0290346
-6 0.0290337
-3 0.0290326
0 0.0290313
3 0.0290299
6 0.0290285
9 0.0290275
12 0.0290268
15 0.0290263
18 0.0290271
21 0.0290282
24 0.0290286
27 0.0290284
30 0.0290275
33 0.0290255
36 0.0290223
39 0.0290174
42 0.0290096
45 0.0289888
48 0.0289437
51 0.0289674
54 0.0289674
57 0.0289822
60 0.0289963
63 0.0290082
66 0.0290172
69 0.0290235
72 0.0290278
75 0.0290307
78 0.0290328
81 0.0290342
84 0.0290347
87 0.0290288
90 0.0290204
