-90 0.0290283
-87 0.0290322
-84 0.0289973
-81 0.0288003
-78 0.0278947
-75 0.0264575
-72 0.0279156
-69 0.0288057
-66 0.0289983
-63 0.0290328
-60 0.0290387
-57 0.0290397
-54 0.0290399
-51 0.0290399
-48 0.0290398
-45 0.0290392
-42 0.0290359
-39 0.0290353
-36 0.0290367
-33 0.0290375
-30 0.0290386
-27 0.0290378
-24 0.0290362
-21 0.0290332
-18 0.0290281
-15 0.02902
-12 0.0290064
-9 0.0289884
-6 0.0289777
-3 0.0289649
0 0.0289724
3 0.0290109
6 0.0290282
9 0.0290346
12 0.0290373
15 0.0290385
18 0.0290392
21 0.0290395
24 0.0290397
27 0.0290389
30 0.029033
33 0.0290369
36 0.0290331
39 0.0290282
42 0.0290385
45 0.0290398
48 0.0290399
51 0.0290399
54 0.0290395
57 0.0290379
60 0.0290281
63 0.0289669
66 0.0285882
69 0.026375
72 0.0226332
75 0.0276689
78 0.0288146
81 0.0290035
84 0.0290332
87 0.0290206
90 0.0290283
