-90 0.0290008
-87 0.028981
-84 0.0289704
-81 0.0290087
-78 0.0290174
-75 0.0290231
-72 0.0290273
-69 0.0290301
-66 0.0290311
-63 0.0290277
-60 0.0290172
-57 0.0290194
-54 0.029031
-51 0.0290334
-48 0.029027
-45 0.0290103
-42 0.0289932
-39 0.0289974
-36 0.029017
-33 0.029031
-30 0.0290365
-27 0.0290375
-24 0.0290341
-21 0.029037
-18 0.0290381
-15 0.0290388
-12 0.0290356
-9 0.0290139
-6 0.028963
-3 0.028898
0 0.0283029
3 0.0261286
6 0.0266756
9 0.0285134
12 0.0289471
15 0.0290242
18 0.0290372
21 0.0290393
24 0.0290394
27 0.0290386
30 0.0290393
33 0.0290396
36 0.0290393
39 0.0290381
42 0.0290341
45 0.0290236
48 0.0290072
51 0.0289996
54 0.0290107
57 0.0290254
60 0.029033
63 0.0290354
66 0.0290351
69 0.0290337
72 0.0290317
75 0.0290288
78 0.0290249
81 0.0290199
84 0.0290138
87 0.0290072
90 0.0290008
