-90 0.0290301
-87 0.0290127
-84 0.0290275
-81 0.0290361
-78 0.029037
-75 0.0290372
-72 0.0290373
-69 0.0290372
-66 0.0290371
-63 0.0290366
-60 0.0290351
-57 0.0290334
-54 0.0290328
-51 0.0290275
-48 0.0290053
-45 0.0289518
-42 0.0289009
-39 0.0289236
-36 0.0289837
-33 0.0290209
-30 0.0290324
-27 0.0290349
-24 0.0290351
-21 0.0290349
-18 0.0290345
-15 0.0290339
-12 0.0290329
-9 0.0290314
-6 0.0290168
-3 0.0289978
0 0.0290299
3 0.0290309
6 0.0290306
9 0.0290306
12 0.0290304
15 0.0290301
18 0.0290296
21 0.0290279
24 0.0290204
27 0.0289943
30 0.0289332
33 0.0288751
36 0.0289057
39 0.0289622
42 0.0289345
45 0.0287853
48 0.0285137
51 0.0285915
54 0.0288665
57 0.0289927
60 0.0290248
63 0.02903
66 0.0290279
69 0.0290216
72 0.0290101
75 0.0289962
78 0.0289962
81 0.0290105
84 0.0290222
87 0.0290289
90 0.0290301
