-90 0.0290273
-87 0.0290317
-84 0.0290343
-81 0.029036
-78 0.0290372
-75 0.0290379
-72 0.0290385
-69 0.0290387
-66 0.0290386
-63 0.0290371
-60 0.0290313
-57 0.0290117
-54 0.0289602
-51 0.0288995
-48 0.0289163
-45 0.0289825
-42 0.0290192
-39 0.0290202
-36 0.0290045
-33 0.0290266
-30 0.0290369
-27 0.0290392
-24 0.0290397
-21 0.0290398
-18 0.0290398
-15 0.0290397
-12 0.0290394
-9 0.0290378
-6 0.0290337
-3 0.0290337
0 0.0290379
3 0.0290371
6 0.0290365
9 0.0290391
12 0.0290395
15 0.0290396
18 0.0290395
21 0.0290389
24 0.029037
27 0.0290309
30 0.0290099
33 0.0289361
36 0.0286097
39 0.0277178
42 0.0277649
45 0.0286297
48 0.0289357
51 0.0290164
54 0.0290287
57 0.0290275
60 0.0290224
63 0.0290145
66 0.0290027
69 0.0289857
72 0.0289639
75 0.0289631
78 0.0289848
81 0.0290008
84 0.0290063
87 0.0290172
90 0.0290273
