-90 0.0287595
-87 0.0289502
-84 0.028984
-81 0.0289846
-78 0.0289914
-75 0.0290051
-72 0.0290168
-69 0.0290247
-66 0.0290296
-63 0.0290327
-60 0.0290347
-57 0.0290359
-54 0.0290367
-51 0.0290373
-48 0.0290376
-45 0.0290378
-42 0.0290376
-39 0.0290346
-36 0.0290335
-33 0.0290328
-30 0.0290265
-27 0.0290364
-24 0.0290376
-21 0.0290377
-18 0.0290376
-15 0.0290375
-12 0.029037
-9 0.0290322
-6 0.029002
-3 0.0290289
0 0.0290362
3 0.0290342
6 0.029003
9 0.029015
12 0.0290359
15 0.0290377
18 0.0290379
21 0.029038
24 0.0290381
27 0.0290377
30 0.029034
33 0.0290348
36 0.0290376
39 0.029036
42 0.0290375
45 0.0290386
48 0.0290387
51 0.0290387
54 0.0290387
57 0.0290387
60 0.0290386
63 0.0290384
66 0.029038
69 0.0290369
72 0.0290315
75 0.029002
78 0.0288449
81 0.0281616
84 0.0270465
87 0.0279895
90 0.0287595
