-90 0.0290245
-87 0.0290243
-84 0.0290239
-81 0.0290247
-78 0.0290262
-75 0.0290267
-72 0.0290246
-69 0.0289776
-66 0.0290178
-63 0.0290223
-60 0.02902
-57 0.0290166
-54 0.0290135
-51 0.0290118
-48 0.0290112
-45 0.0290101
-42 0.0290078
-39 0.0290046
-36 0.029001
-33 0.028997
-30 0.0289928
-27 0.0289886
-24 0.0289848
-21 0.0289818
-18 0.0289799
-15 0.028979
-12 0.0289786
-9 0.0289784
-6 0.0289795
-3 0.0289843
0 0.0289919
3 0.0289991
6 0.0290044
9 0.0290091
12 0.0290133
15 0.0290164
18 0.0290187
21 0.0290206
24 0.0290216
27 0.0290159
30 0.0289893
33 0.029013
36 0.029021
39 0.0290202
42 0.0290197
45 0.0290203
48 0.0290217
51 0.0290234
54 0.0290252
57 0.0290266
60 0.0290267
63 0.0290229
66 0.0290113
69 0.0289946
72 0.0289905
75 0.0290038
78 0.029016
81 0.0290203
84 0.0290222
87 0.0290236
90 0.0290245
