-90 0.0290385
-87 0.029039
-84 0.0290393
-81 0.0290395
-78 0.0290395
-75 0.0290394
-72 0.0290391
-69 0.0290388
-66 0.0290387
-63 0.0290381
-60 0.0290207
-57 0.0290302
-54 0.0290366
-51 0.0290362
-48 0.029037
-45 0.0290383
-42 0.0290392
-39 0.0290396
-36 0.0290397
-33 0.0290394
-30 0.0290349
-27 0.0290298
-24 0.0290384
-21 0.0290398
-18 0.0290399
-15 0.0290399
-12 0.0290399
-9 0.0290399
-6 0.0290398
-3 0.0290393
0 0.0290374
3 0.0290323
6 0.0290281
9 0.0290258
12 0.0290038
15 0.0289968
18 0.0290321
21 0.029033
24 0.0290346
27 0.0290383
30 0.0290387
33 0.0290378
36 0.0290355
39 0.029036
42 0.0290359
45 0.0290349
48 0.0290335
51 0.0290319
54 0.0290296
57 0.029023
60 0.0289905
63 0.028799
66 0.0277107
69 0.0241507
72 0.0269082
75 0.0286455
78 0.0289693
81 0.0290249
84 0.0290352
87 0.0290376
90 0.0290385
