-90 0.0290147
-87 0.0290338
-84 0.0290304
-81 0.0289742
-78 0.0290313
-75 0.0290373
-72 0.0290378
-69 0.0290375
-66 0.0290373
-63 0.0290384
-60 0.0290388
-57 0.0290388
-54 0.0290385
-51 0.0290363
-48 0.0290231
-45 0.0289781
-42 0.0288125
-39 0.0281253
-36 0.0273724
-33 0.0282755
-30 0.0288582
-27 0.0289957
-24 0.0290194
-21 0.0290223
-18 0.0290231
-15 0.0290251
-12 0.0290279
-9 0.0290266
-6 0.0289874
-3 0.0290002
0 0.0290341
3 0.0290376
6 0.0290379
9 0.0290373
12 0.0290346
15 0.0290174
18 0.0289403
21 0.0287037
24 0.0284622
27 0.0286735
30 0.0289239
33 0.0290019
36 0.0290021
39 0.0289506
42 0.0289839
45 0.0290012
48 0.0288872
51 0.0284596
54 0.0279744
57 0.0284495
60 0.0288847
63 0.0290086
66 0.0290341
69 0.0290384
72 0.0290381
75 0.0290349
78 0.0290283
81 0.0290216
84 0.0290209
87 0.0290187
90 0.0290147
