-90 0.0289906
-87 0.0289421
-84 0.0290227
-81 0.0290373
-78 0.0290392
-75 0.0290394
-72 0.0290394
-69 0.0290394
-66 0.0290391
-63 0.0290393
-60 0.0290394
-57 0.0290395
-54 0.0290394
-51 0.0290391
-48 0.0290376
-45 0.0290319
-42 0.0290129
-39 0.0289737
-36 0.0289446
-33 0.0289655
-30 0.0289955
-27 0.0289804
-24 0.0289864
-21 0.0290179
-18 0.0290236
-15 0.0290271
-12 0.0290325
-9 0.0290365
-6 0.0290385
-3 0.0290394
0 0.0290397
3 0.0290388
6 0.0290223
9 0.0290338
12 0.0290375
15 0.0290166
18 0.0290106
21 0.0290368
24 0.0290392
27 0.0290392
30 0.0290381
33 0.029033
36 0.0290155
39 0.0289785
42 0.0289475
45 0.0289674
48 0.0290078
51 0.0290302
54 0.0290375
57 0.0290394
60 0.0290399
63 0.0290399
66 0.0290399
69 0.0290398
72 0.0290394
75 0.0290375
78 0.0290311
81 0.0290137
84 0.0289858
87 0.0289751
90 0.0289906
