-90 0.0289908
-87 0.0289421
-84 0.028945
-81 0.0289915
-78 0.0290143
-75 0.029023
-72 0.0290258
-69 0.0290258
-66 0.0290255
-63 0.0290237
-60 0.0290219
-57 0.029021
-54 0.0290212
-51 0.0290194
-48 0.0290102
-45 0.0289824
-42 0.0289283
-39 0.0288943
-36 0.0289306
-33 0.0289783
-30 0.0289988
-27 0.0290025
-24 0.0290008
-21 0.0289974
-18 0.0289936
-15 0.0289896
-12 0.0289857
-9 0.0289823
-6 0.0289793
-3 0.0289793
0 0.0289806
3 0.0289829
6 0.0289861
9 0.0289896
12 0.0289929
15 0.0289962
18 0.0290007
21 0.0290044
24 0.0290065
27 0.0290088
30 0.0290126
33 0.0290151
36 0.0290172
39 0.0290192
42 0.0290208
45 0.0290223
48 0.0290235
51 0.0290245
54 0.0290238
57 0.028994
60 0.0290177
63 0.0290272
66 0.0290281
69 0.0290285
72 0.0290286
75 0.0290283
78 0.0290275
81 0.0290259
84 0.0290226
87 0.0290138
90 0.0289908
