-90 0.0289857
-87 0.0290249
-84 0.0290344
-81 0.0290329
-78 0.0290209
-75 0.0289927
-72 0.0289657
-69 0.0289852
-66 0.0290127
-63 0.0290303
-60 0.0290372
-57 0.0290392
-54 0.0290397
-51 0.0290396
-48 0.0290396
-45 0.0290397
-42 0.0290396
-39 0.0290394
-36 0.0290391
-33 0.0290379
-30 0.029032
-27 0.0290146
-24 0.0290289
-21 0.029034
-18 0.0290347
-15 0.0290351
-12 0.0290348
-9 0.0290343
-6 0.0290338
-3 0.0290337
0 0.0290338
3 0.0290336
6 0.0290253
9 0.0290107
12 0.0290335
15 0.0290356
18 0.0290349
21 0.0290348
24 0.0290355
27 0.0290359
30 0.0290308
33 0.0289951
36 0.0290016
39 0.029031
42 0.0290338
45 0.0290335
48 0.0290364
51 0.0290386
54 0.0290395
57 0.0290398
60 0.0290395
63 0.0290372
66 0.029033
69 0.0290378
72 0.0290396
75 0.0290397
78 0.0290392
81 0.0290372
84 0.0290293
87 0.0289995
90 0.0289857
