-90 0.0287228
-87 0.0288328
-84 0.028964
-81 0.0290164
-78 0.0290296
-75 0.0290194
-72 0.0290234
-69 0.0290248
-66 0.0289885
-63 0.0288184
-60 0.028281
-57 0.0278636
-54 0.0284913
-51 0.0289
-48 0.0290022
-45 0.0290007
-42 0.0290099
-39 0.0290251
-36 0.0290253
-33 0.0290237
-30 0.0290215
-27 0.0290184
-24 0.0290137
-21 0.029006
-18 0.0289925
-15 0.0289715
-12 0.0289476
-9 0.0289468
-6 0.0289604
-3 0.0289458
0 0.0288977
3 0.0288671
6 0.0289048
9 0.0289548
12 0.0289799
15 0.02899
18 0.0289956
21 0.0290002
24 0.0290043
27 0.0290082
30 0.0290117
33 0.0290148
36 0.0290176
39 0.0290199
42 0.029022
45 0.0290237
48 0.0290243
51 0.0290206
54 0.0289931
57 0.0288502
60 0.0283065
63 0.0276318
66 0.0282981
69 0.0288517
72 0.0289973
75 0.0290256
78 0.0290281
81 0.0290153
84 0.0289613
87 0.0288259
90 0.0287228
