-90 0.0290183
-87 0.0289839
-84 0.0289161
-81 0.0288514
-78 0.028908
-75 0.0289886
-72 0.029025
-69 0.0290358
-66 0.0290386
-63 0.0290393
-60 0.0290396
-57 0.0290397
-54 0.0290397
-51 0.0290395
-48 0.0290398
-45 0.0290398
-42 0.0290397
-39 0.0290395
-36 0.0290384
-33 0.0290329
-30 0.0290088
-27 0.0289274
-24 0.0287821
-21 0.0287658
-18 0.0289089
-15 0.029002
-12 0.0290313
-9 0.0290382
-6 0.0290395
-3 0.0290388
0 0.0290348
3 0.0290371
6 0.0290395
9 0.0290399
12 0.0290399
15 0.0290399
18 0.0290399
21 0.0290398
24 0.0290397
27 0.0290393
30 0.0290382
33 0.0290366
36 0.0290359
39 0.0290357
42 0.0290317
45 0.0290095
48 0.0290293
51 0.0290381
54 0.0290393
57 0.0290394
60 0.0290385
63 0.0290172
66 0.0290223
69 0.0290384
72 0.0290389
75 0.0290388
78 0.0290386
81 0.029038
84 0.0290364
87 0.029032
90 0.0290183
