-90 0.0290131
-87 0.0290113
-84 0.0290092
-81 0.0290069
-78 0.0290042
-75 0.0290011
-72 0.0289976
-69 0.0289927
-66 0.0289825
-63 0.0289508
-60 0.0288467
-57 0.0286439
-54 0.0286048
-51 0.0287984
-48 0.0289211
-45 0.0289579
-42 0.0289668
-39 0.0289702
-36 0.0289734
-33 0.028977
-30 0.028981
-27 0.0289852
-24 0.0289893
-21 0.0289916
-18 0.0289639
-15 0.0289934
-12 0.0290033
-9 0.0290064
-6 0.0290089
-3 0.029011
0 0.0290127
3 0.0290143
6 0.0290157
9 0.0290169
12 0.0290176
15 0.0290183
18 0.0290197
21 0.0290209
24 0.0290217
27 0.0290224
30 0.029023
33 0.0290234
36 0.0290238
39 0.029024
42 0.0290234
45 0.0290132
48 0.0289456
51 0.0289864
54 0.0290104
57 0.0290205
60 0.029017
63 0.029009
66 0.029002
69 0.0290036
72 0.0290109
75 0.0290159
78 0.0290159
81 0.0290168
84 0.0290164
87 0.0290149
90 0.0290131
