-90 0.0290376
-87 0.0290297
-84 0.0289897
-81 0.0288208
-78 0.0284053
-75 0.0283083
-72 0.0287377
-69 0.0289647
-66 0.029021
-63 0.0290206
-60 0.0289851
-57 0.0290212
-54 0.0289908
-51 0.0290245
-48 0.0290059
-45 0.0290135
-42 0.0290284
-39 0.0290074
-36 0.0289007
-33 0.02861
-30 0.0284319
-27 0.0287253
-24 0.0289514
-21 0.0290191
-18 0.0290332
-15 0.0290359
-12 0.0290373
-9 0.0290386
-6 0.0290393
-3 0.0290393
0 0.0290387
3 0.0290381
6 0.029032
9 0.0290341
12 0.0290388
15 0.0290389
18 0.0290384
21 0.0290375
24 0.0290361
27 0.0290341
30 0.0290314
33 0.0290278
36 0.0290218
39 0.0290087
42 0.0289854
45 0.02897
48 0.0289861
51 0.0290135
54 0.0290295
57 0.0290357
60 0.0290379
63 0.0290387
66 0.029039
69 0.0290392
72 0.0290393
75 0.0290392
78 0.0290393
81 0.0290393
84 0.0290392
87 0.029039
90 0.0290376
