-90 0.0285351
-87 0.0263017
-84 0.0241772
-81 0.0279395
-78 0.0288506
-75 0.0290064
-72 0.0290324
-69 0.0290372
-66 0.0290384
-63 0.0290389
-60 0.0290392
-57 0.0290393
-54 0.0290395
-51 0.0290396
-48 0.0290396
-45 0.0290396
-42 0.0290397
-39 0.0290397
-36 0.0290395
-33 0.0290391
-30 0.0290386
-27 0.029038
-24 0.0290368
-21 0.0290223
-18 0.0290248
-15 0.0290362
-12 0.0290366
-9 0.0290361
-6 0.0290359
-3 0.0290367
0 0.0290379
3 0.0290385
6 0.0290341
9 0.0289661
12 0.029036
15 0.0290396
18 0.0290398
21 0.0290397
24 0.0290394
27 0.0290385
30 0.0290386
33 0.0290389
36 0.0290385
39 0.0290376
42 0.0290376
45 0.0290377
48 0.029038
51 0.0290382
54 0.0290379
57 0.0290358
60 0.0290265
63 0.0289898
66 0.0289042
69 0.0288286
72 0.0288554
75 0.0289542
78 0.0290072
81 0.0290244
84 0.0290194
87 0.0289517
90 0.0285351
