-90 0.0287577
-87 0.0289941
-84 0.0290318
-81 0.0290377
-78 0.0290386
-75 0.029039
-72 0.0290392
-69 0.0290393
-66 0.0290392
-63 0.0290393
-60 0.0290393
-57 0.0290393
-54 0.0290392
-51 0.0290382
-48 0.0290322
-45 0.0289999
-42 0.0288575
-39 0.0284395
-36 0.0281319
-33 0.0285945
-30 0.0289256
-27 0.0290168
-24 0.0290356
-21 0.0290391
-18 0.0290396
-15 0.0290379
-12 0.0290065
-9 0.0290347
-6 0.0290392
-3 0.0290387
0 0.0290356
3 0.029019
6 0.0289259
9 0.0284505
12 0.0269687
15 0.0271955
18 0.0284491
21 0.028621
24 0.0285234
27 0.0287438
30 0.0289505
33 0.0290197
36 0.0290358
39 0.0290391
42 0.0290396
45 0.0290376
48 0.0290115
51 0.0290333
54 0.0290395
57 0.0290398
60 0.0290398
63 0.0290398
66 0.0290395
69 0.0290381
72 0.0290297
75 0.0289791
78 0.0286661
81 0.0267787
84 0.0215323
87 0.0273137
90 0.0287577
