-90 0.0289715
-87 0.028893
-84 0.0288757
-81 0.0289594
-78 0.0290082
-75 0.0290256
-72 0.0290329
-69 0.0290365
-66 0.0290375
-63 0.0290284
-60 0.0290042
-57 0.0290356
-54 0.0290376
-51 0.0290388
-48 0.0290385
-45 0.0290383
-42 0.0290391
-39 0.0290391
-36 0.0290387
-33 0.0290373
-30 0.0290341
-27 0.0290297
-24 0.0290272
-21 0.0290259
-18 0.029011
-15 0.0289118
-12 0.0282842
-9 0.0243829
-6 0.0232514
-3 0.0280951
0 0.0288897
3 0.0290153
6 0.0290352
9 0.0290381
12 0.0290349
15 0.0290279
18 0.0290372
21 0.0290367
24 0.029031
27 0.0290006
30 0.0288515
33 0.0283157
36 0.0277481
39 0.0283966
42 0.0288804
45 0.0290054
48 0.0290305
51 0.0290353
54 0.0290363
57 0.0290367
60 0.0290369
63 0.0290371
66 0.0290373
69 0.0290374
72 0.0290371
75 0.0290361
78 0.0290338
81 0.0290304
84 0.0290257
87 0.0290121
90 0.0289715
