-90 0.0290385
-87 0.0290389
-84 0.0290389
-81 0.0290392
-78 0.0290394
-75 0.029039
-72 0.0290369
-69 0.0290274
-66 0.0290131
-63 0.0290247
-60 0.0290295
-57 0.0290302
-54 0.0290312
-51 0.0290326
-48 0.0290321
-45 0.0290259
-42 0.0289975
-39 0.0288953
-36 0.028709
-33 0.0287022
-30 0.0288883
-27 0.0289959
-24 0.0290258
-21 0.0290292
-18 0.0290243
-15 0.0290141
-12 0.0289975
-9 0.0289795
-6 0.0289858
-3 0.0290051
0 0.0290194
3 0.029028
6 0.0290329
9 0.0290357
12 0.0290374
15 0.0290383
18 0.0290389
21 0.0290391
24 0.0290392
27 0.0290389
30 0.029038
33 0.0290375
36 0.0290368
39 0.0290231
42 0.0289994
45 0.0290357
48 0.0290384
51 0.029039
54 0.0290393
57 0.0290394
60 0.0290387
63 0.0290351
66 0.0290384
69 0.0290394
72 0.0290388
75 0.0290368
78 0.0290374
81 0.0290387
84 0.0290388
87 0.0290388
90 0.0290385
