-90 0.0289997
-87 0.0290122
-84 0.0290147
-81 0.0290072
-78 0.0289543
-75 0.0286486
-72 0.0271395
-69 0.0251682
-66 0.0278618
-63 0.0288098
-60 0.0289853
-57 0.0290148
-54 0.0290195
-51 0.0290199
-48 0.0290189
-45 0.0290167
-42 0.029018
-39 0.029018
-36 0.0290173
-33 0.0290155
-30 0.0290099
-27 0.0289918
-24 0.0289515
-21 0.0289134
-18 0.0289279
-15 0.0289645
-12 0.0289824
-9 0.0289906
-6 0.0289959
-3 0.0289863
0 0.0289476
3 0.0289879
6 0.0290085
9 0.0290147
12 0.0290168
15 0.0290177
18 0.0290182
21 0.0290184
24 0.0290179
27 0.029018
30 0.0290191
33 0.0290196
36 0.0290196
39 0.0290191
42 0.029018
45 0.0290159
48 0.0290131
51 0.029011
54 0.0290101
57 0.029006
60 0.0289786
63 0.028812
66 0.0278297
69 0.0236835
72 0.0261951
75 0.028496
78 0.0289193
81 0.0289907
84 0.0290044
87 0.0290076
90 0.0289997
