-90 0.0290387
-87 0.0290382
-84 0.0290371
-81 0.0290363
-78 0.0290347
-75 0.0290327
-72 0.0290301
-69 0.0290268
-66 0.0290236
-63 0.0290226
-60 0.0290235
-57 0.0290254
-54 0.0290281
-51 0.029031
-48 0.0290334
-45 0.0290353
-42 0.0290366
-39 0.0290373
-36 0.0290363
-33 0.0290264
-30 0.0289687
-27 0.0286502
-24 0.0271009
-21 0.0253929
-18 0.0279613
-15 0.0288337
-12 0.0289516
-9 0.0290259
-6 0.0290375
-3 0.0290386
0 0.0290382
3 0.0290373
6 0.0290359
9 0.0290337
12 0.0290308
15 0.0290275
18 0.0290248
21 0.0290225
24 0.0290209
27 0.0290277
30 0.0290328
33 0.0290355
36 0.0290371
39 0.0290382
42 0.0290389
45 0.0290393
48 0.0290395
51 0.0290395
54 0.0290391
57 0.029037
60 0.0290285
63 0.0289985
66 0.0289205
69 0.0288138
72 0.0288459
75 0.0289521
78 0.0290134
81 0.0290332
84 0.029038
87 0.0290388
90 0.0290387
