-90 0.0290292
-87 0.0290252
-84 0.0289742
-81 0.0290199
-78 0.0290303
-75 0.0290372
-72 0.0290388
-69 0.029039
-66 0.0290393
-63 0.0290397
-60 0.0290399
-57 0.0290398
-54 0.0290394
-51 0.0290376
-48 0.0290304
-45 0.0290074
-42 0.0289627
-39 0.0289359
-36 0.0289675
-33 0.0290103
-30 0.0290302
-27 0.0290353
-24 0.0290376
-21 0.0290392
-18 0.0290397
-15 0.0290398
-12 0.0290398
-9 0.0290394
-6 0.0290334
-3 0.0290147
0 0.0290373
3 0.0290391
6 0.0290387
9 0.0290369
12 0.0290316
15 0.0290183
18 0.0289979
21 0.0289888
24 0.0290006
27 0.0290146
30 0.0290184
33 0.0290159
36 0.0290123
39 0.0290113
42 0.0290141
45 0.0290193
48 0.0290247
51 0.0290292
54 0.0290325
57 0.0290346
60 0.0290343
63 0.0290334
66 0.0290363
69 0.0290382
72 0.0290386
75 0.0290365
78 0.0290238
81 0.0289949
84 0.0290261
87 0.0290335
90 0.0290292
