-90 0.0290357
-87 0.029035
-84 0.0290343
-81 0.0290337
-78 0.0290332
-75 0.0290323
-72 0.0290262
-69 0.0290307
-66 0.0290347
-63 0.0290356
-60 0.0290356
-57 0.0290337
-54 0.0290268
-51 0.0290113
-48 0.0289949
-45 0.0289965
-42 0.0290081
-39 0.029011
-36 0.0290029
-33 0.0290046
-30 0.0290193
-27 0.0290299
-24 0.0290352
-21 0.0290377
-18 0.0290386
-15 0.0290353
-12 0.028988
-9 0.0290287
-6 0.0290363
-3 0.0290323
0 0.0290286
3 0.0289939
6 0.028814
9 0.0282043
12 0.027758
15 0.0284806
18 0.0289061
21 0.0290015
24 0.029023
27 0.0290358
30 0.0290388
33 0.0290392
36 0.0290392
39 0.0290391
42 0.029039
45 0.0290392
48 0.0290394
51 0.0290395
54 0.0290396
57 0.0290395
60 0.0290393
63 0.029039
66 0.0290383
69 0.0290371
72 0.0290361
75 0.029036
78 0.0290365
81 0.0290373
84 0.029037
87 0.0290364
90 0.0290357
