-90 0.0290274
-87 0.0289966
-84 0.0289142
-81 0.0288265
-78 0.0288721
-75 0.0289722
-72 0.0290214
-69 0.0290356
-66 0.029039
-63 0.0290397
-60 0.0290397
-57 0.0290394
-54 0.029038
-51 0.0290327
-48 0.0290198
-45 0.0290199
-42 0.0290328
-39 0.0290379
-36 0.0290386
-33 0.0290366
-30 0.0290287
-27 0.0290133
-24 0.0290036
-21 0.0290066
-18 0.0290207
-15 0.0290324
-12 0.0290374
-9 0.0290348
-6 0.0289718
-3 0.0290301
0 0.0290387
3 0.029035
6 0.0290338
9 0.0290388
12 0.0290376
15 0.0290265
18 0.0289604
21 0.028584
24 0.026889
27 0.0258481
30 0.0281787
33 0.0288832
36 0.0290126
39 0.0290346
42 0.0290382
45 0.0290387
48 0.0290386
51 0.0290381
54 0.0290374
57 0.0290362
60 0.0290347
63 0.029033
66 0.0290319
69 0.0290313
72 0.0290317
75 0.0290329
78 0.0290344
81 0.0290357
84 0.0290363
87 0.0290351
90 0.0290274
