-90 0.0290372
-87 0.029037
-84 0.029036
-81 0.0290344
-78 0.029032
-75 0.0290284
-72 0.0290229
-69 0.0290147
-66 0.0290021
-63 0.0289837
-60 0.0289622
-57 0.0289618
-54 0.0289828
-51 0.0290008
-48 0.0290128
-45 0.0290187
-42 0.0290108
-39 0.028945
-36 0.0286638
-33 0.028103
-30 0.0282585
-27 0.028785
-24 0.0289797
-21 0.029026
-18 0.0290362
-15 0.0290369
-12 0.0290181
-9 0.0290264
-6 0.0290238
-3 0.0290252
0 0.0290371
3 0.0290383
6 0.029038
9 0.0290361
12 0.0290303
15 0.0290143
18 0.0289758
21 0.028932
24 0.0289698
27 0.0290085
30 0.0290246
33 0.0290308
36 0.0290325
39 0.0290335
42 0.0290355
45 0.0290376
48 0.0290389
51 0.0290394
54 0.0290396
57 0.0290396
60 0.0290397
63 0.0290398
66 0.0290397
69 0.0290397
72 0.0290396
75 0.0290395
78 0.0290393
81 0.0290391
84 0.0290384
87 0.0290366
90 0.0290372
