-90 0.0290235
-87 0.0290036
-84 0.0289929
-81 0.029006
-78 0.0290316
-75 0.029036
-72 0.0290369
-69 0.0290371
-66 0.0290365
-63 0.0290339
-60 0.0290258
-57 0.029008
-54 0.0290047
-51 0.0290188
-48 0.0290222
-45 0.0290211
-42 0.029019
-39 0.0290078
-36 0.0289715
-33 0.0289853
-30 0.0290178
-27 0.0290308
-24 0.0290358
-21 0.0290377
-18 0.0290385
-15 0.0290389
-12 0.029039
-9 0.029039
-6 0.029039
-3 0.029039
0 0.0290389
3 0.0290388
6 0.0290384
9 0.0290375
12 0.0290364
15 0.0290357
18 0.0290357
21 0.0290365
24 0.0290372
27 0.0290376
30 0.0290376
33 0.0290374
36 0.0290371
39 0.0290367
42 0.0290359
45 0.0290344
48 0.0290315
51 0.0290272
54 0.0290236
57 0.0290224
60 0.0290212
63 0.0290144
66 0.0289846
69 0.0288376
72 0.0280957
75 0.0258881
78 0.0270473
81 0.0285895
84 0.0289424
87 0.0290101
90 0.0290235
