-90 0.0290214
-87 0.0290294
-84 0.0290295
-81 0.0290298
-78 0.029033
-75 0.0290364
-72 0.0290383
-69 0.0290392
-66 0.0290394
-63 0.0290388
-60 0.0290384
-57 0.0290395
-54 0.0290397
-51 0.0290397
-48 0.0290396
-45 0.0290394
-42 0.0290387
-39 0.0290362
-36 0.0290266
-33 0.0289972
-30 0.0289444
-27 0.028922
-24 0.0289662
-21 0.029012
-18 0.0290305
-15 0.0290336
-12 0.0290366
-9 0.029039
-6 0.0290395
-3 0.0290396
0 0.0290394
3 0.0290391
6 0.0290385
9 0.0290373
12 0.0290353
15 0.0290322
18 0.0290272
21 0.02902
24 0.0290145
27 0.0290181
30 0.029025
33 0.0290307
36 0.0290344
39 0.0290348
42 0.0290318
45 0.0290378
48 0.0290391
51 0.0290392
54 0.0290392
57 0.0290389
60 0.0290385
63 0.0290378
66 0.0290368
69 0.0290352
72 0.0290333
75 0.0290318
78 0.0290312
81 0.0290292
84 0.0290113
87 0.0289914
90 0.0290214
