-90 0.0288148
-87 0.0283053
-84 0.0280789
-81 0.0286348
-78 0.0289429
-75 0.0290201
-72 0.0290357
-69 0.029039
-66 0.0290397
-63 0.0290398
-60 0.0290397
-57 0.0290396
-54 0.0290394
-51 0.0290391
-48 0.0290387
-45 0.0290379
-42 0.0290367
-39 0.029035
-36 0.0290316
-33 0.0290253
-30 0.0290153
-27 0.0290019
-24 0.028984
-21 0.0289545
-18 0.0289325
-15 0.0289293
-12 0.0288764
-9 0.0289204
-6 0.0289346
-3 0.0289836
0 0.0290094
3 0.029023
6 0.0290304
9 0.0290345
12 0.0290368
15 0.029037
18 0.0290222
21 0.0290206
24 0.0290386
27 0.0290394
30 0.0290394
33 0.0290393
36 0.0290393
39 0.0290394
42 0.0290396
45 0.0290391
48 0.0290361
51 0.0290197
54 0.0289403
57 0.0286509
60 0.0282195
63 0.0284603
66 0.0288625
69 0.0290007
72 0.0290292
75 0.0290303
78 0.0290293
81 0.0290302
84 0.0290274
87 0.028991
90 0.0288148
