-90 0.0290392
-87 0.0290388
-84 0.0290383
-81 0.0290375
-78 0.0290358
-75 0.0290312
-72 0.0290208
-69 0.0290057
-66 0.0289995
-63 0.0289923
-60 0.0288963
-57 0.0283162
-54 0.0262984
-51 0.026829
-48 0.0285351
-45 0.0289493
-42 0.0290239
-39 0.0290365
-36 0.0290389
-33 0.0290395
-30 0.0290397
-27 0.0290388
-24 0.0290192
-21 0.0290259
-18 0.029039
-15 0.0290393
-12 0.0290373
-9 0.0290265
-6 0.0290293
-3 0.0290229
0 0.0289544
3 0.0286318
6 0.0277646
9 0.0277857
12 0.0286444
15 0.0289573
18 0.0290233
21 0.0290348
24 0.0290349
27 0.0290247
30 0.0289763
33 0.0288187
36 0.0285839
39 0.0286589
42 0.0288975
45 0.0290044
48 0.0290321
51 0.0290379
54 0.0290382
57 0.0290304
60 0.0289752
63 0.0290241
66 0.029035
69 0.0290319
72 0.0290272
75 0.0290378
78 0.0290392
81 0.0290388
84 0.029039
87 0.0290394
90 0.0290392
