-90 0.0290397
-87 0.0290393
-84 0.029038
-81 0.0290337
-78 0.0290202
-75 0.0290025
-72 0.0290211
-69 0.0290337
-66 0.0290377
-63 0.0290391
-60 0.0290394
-57 0.029039
-54 0.0290372
-51 0.0290313
-48 0.0290171
-45 0.0289947
-42 0.029008
-39 0.029027
-36 0.0290354
-33 0.0290384
-30 0.0290394
-27 0.0290396
-24 0.0290395
-21 0.0290383
-18 0.0290316
-15 0.0290103
-12 0.0290259
-9 0.0290371
-6 0.0290384
-3 0.0290311
0 0.0290244
3 0.0290373
6 0.0290389
9 0.0290374
12 0.0290317
15 0.0290179
18 0.0289993
21 0.0289943
24 0.0290031
27 0.0289874
30 0.028947
33 0.028986
36 0.0289596
39 0.02898
42 0.0290151
45 0.0290288
48 0.0290349
51 0.0290378
54 0.0290391
57 0.0290395
60 0.0290389
63 0.0290379
66 0.029039
69 0.0290394
72 0.0290375
75 0.0290256
78 0.0290052
81 0.0290313
84 0.0290385
87 0.0290396
90 0.0290397
