-90 0.0290306
-87 0.0290377
-84 0.0290391
-81 0.0290395
-78 0.0290396
-75 0.0290396
-72 0.0290391
-69 0.0290389
-66 0.0290367
-63 0.0290366
-60 0.029038
-57 0.0290363
-54 0.0290278
-51 0.0289803
-48 0.0286901
-45 0.0269154
-42 0.0207675
-39 0.0270906
-36 0.0286685
-33 0.0287612
-30 0.0281267
-27 0.0273406
-24 0.0282499
-21 0.0288579
-18 0.0290047
-15 0.029033
-12 0.0290382
-9 0.0290387
-6 0.0290197
-3 0.0290242
0 0.0290389
3 0.0290379
6 0.0290314
9 0.0289968
12 0.0288048
15 0.0279575
18 0.0267419
21 0.0280217
24 0.0287965
27 0.0289746
30 0.0290272
33 0.0290352
36 0.0290367
39 0.0290369
42 0.0290364
45 0.0290353
48 0.0290341
51 0.0290331
54 0.0290323
57 0.0290316
60 0.0290312
63 0.0290312
66 0.0290267
69 0.0289891
72 0.0287598
75 0.0275657
78 0.0251612
81 0.0275892
84 0.0287649
87 0.0289913
90 0.0290306
