-90 0.0290363
-87 0.0290164
-84 0.0290305
-81 0.0290383
-78 0.0290301
-75 0.0289911
-72 0.0290368
-69 0.0290393
-66 0.0290397
-63 0.0290398
-60 0.0290397
-57 0.0290393
-54 0.0290374
-51 0.0290297
-48 0.0290019
-45 0.0289331
-42 0.0288647
-39 0.0288975
-36 0.0289682
-33 0.0289977
-30 0.0290031
-27 0.029011
-24 0.0290201
-21 0.0290145
-18 0.0290217
-15 0.0290355
-12 0.0290381
-9 0.0290388
-6 0.029039
-3 0.029039
0 0.0290387
3 0.0290374
6 0.029029
9 0.0290315
12 0.0290369
15 0.0290375
18 0.0290379
21 0.0290384
24 0.0290389
27 0.0290392
30 0.0290394
33 0.0290392
36 0.0290372
39 0.0290263
42 0.0289738
45 0.0287796
48 0.028434
51 0.0285087
54 0.0288474
57 0.0289914
60 0.0290174
63 0.0289851
66 0.0288828
69 0.0288156
72 0.0288509
75 0.0289561
78 0.0290153
81 0.0290337
84 0.029038
87 0.0290388
90 0.0290363
