-90 0.028985
-87 0.028984
-84 0.0289855
-81 0.0289862
-78 0.0289849
-75 0.0289824
-72 0.0289791
-69 0.0289752
-66 0.0289709
-63 0.028966
-60 0.0289606
-57 0.0289549
-54 0.0289487
-51 0.0289423
-48 0.028936
-45 0.0289302
-42 0.0289243
-39 0.0289145
-36 0.0288956
-33 0.0288805
-30 0.0288958
-27 0.0289279
-24 0.0289505
-21 0.0289617
-18 0.0289641
-15 0.0289092
-12 0.0288851
-9 0.0289722
-6 0.0289832
-3 0.0289865
0 0.0289888
3 0.0289909
6 0.0289926
9 0.0289941
12 0.0289953
15 0.0289963
18 0.0289967
21 0.0289968
24 0.0289982
27 0.029
30 0.0290011
33 0.0290019
36 0.0290026
39 0.029003
42 0.0290034
45 0.0290036
48 0.0290037
51 0.0290026
54 0.029
57 0.0290029
60 0.0290036
63 0.0290033
66 0.0290028
69 0.0290022
72 0.0290012
75 0.0290001
78 0.0289987
81 0.0289961
84 0.0289842
87 0.0289872
90 0.028985
