-90 0.0289852
-87 0.02899
-84 0.0289963
-81 0.029003
-78 0.0290092
-75 0.0290146
-72 0.0290192
-69 0.029023
-66 0.0290261
-63 0.0290284
-60 0.0290294
-57 0.0290257
-54 0.0289989
-51 0.0288657
-48 0.0283671
-45 0.0277345
-42 0.0283141
-39 0.028815
-36 0.0289802
-33 0.0290261
-30 0.0290354
-27 0.0290373
-24 0.0290378
-21 0.0290379
-18 0.0290379
-15 0.0290381
-12 0.0290371
-9 0.0290235
-6 0.0290014
-3 0.0290219
0 0.0290096
3 0.0290295
6 0.029034
9 0.0290371
12 0.029038
15 0.029038
18 0.0290379
21 0.0290377
24 0.0290375
27 0.029037
30 0.0290356
33 0.0290308
36 0.0290152
39 0.0289697
42 0.0288752
45 0.0288215
48 0.0289017
51 0.0289862
54 0.0290188
57 0.0290258
60 0.0290253
63 0.0290225
66 0.0290187
69 0.029014
72 0.0290084
75 0.0290021
78 0.0289955
81 0.0289894
84 0.0289849
87 0.0289833
90 0.0289852
