-90 0.0290284
-87 0.0290298
-84 0.0290354
-81 0.0290363
-78 0.0290325
-75 0.0290251
-72 0.0290154
-69 0.0290041
-66 0.0290223
-63 0.0290351
-60 0.0290384
-57 0.0290391
-54 0.0290381
-51 0.0290377
-48 0.0290391
-45 0.0290391
-42 0.0290389
-39 0.0290385
-36 0.0290377
-33 0.0290365
-30 0.0290342
-27 0.0290289
-24 0.0290037
-21 0.0289434
-18 0.0289834
-15 0.0289894
-12 0.0290088
-9 0.0290223
-6 0.0290301
-3 0.0290344
0 0.0290367
3 0.0290379
6 0.0290382
9 0.029036
12 0.029032
15 0.0290373
18 0.0290391
21 0.0290394
24 0.0290395
27 0.0290391
30 0.0290395
33 0.0290392
36 0.0290374
39 0.0290282
42 0.028982
45 0.0287874
48 0.0283138
51 0.0282421
54 0.0287272
57 0.0289633
60 0.0290232
63 0.0290359
66 0.029038
69 0.0290368
72 0.0290362
75 0.0290374
78 0.0290362
81 0.0290111
84 0.0290347
87 0.0290347
90 0.0290284
