-90 0.0290384
-87 0.029039
-84 0.0290389
-81 0.0290384
-78 0.0290375
-75 0.0290346
-72 0.0290286
-69 0.0290141
-66 0.0289809
-63 0.0289684
-60 0.0290084
-57 0.0290258
-54 0.02903
-51 0.0289862
-48 0.0290215
-45 0.0290016
-42 0.0290207
-39 0.029038
-36 0.0290391
-33 0.0290366
-30 0.0290192
-27 0.0290365
-24 0.0290387
-21 0.0290385
-18 0.029038
-15 0.0290374
-12 0.0290364
-9 0.0290346
-6 0.0290253
-3 0.0289889
0 0.0290209
3 0.0290193
6 0.0290194
9 0.02901
12 0.0289938
15 0.0289697
18 0.0289456
21 0.0289345
24 0.0289419
27 0.0289698
30 0.0289902
33 0.0290043
36 0.0290141
39 0.029021
42 0.029026
45 0.0290291
48 0.0290283
51 0.0290273
54 0.0290334
57 0.0290308
60 0.0290011
63 0.0288226
66 0.0279443
69 0.0238552
72 0.0259999
75 0.0284979
78 0.0289499
81 0.0290167
84 0.0289978
87 0.0290327
90 0.0290384
