-90 0.0290323
-87 0.0290364
-84 0.0290385
-81 0.0290386
-78 0.0290309
-75 0.0290051
-72 0.029036
-69 0.0290386
-66 0.0290384
-63 0.0290381
-60 0.029038
-57 0.0290378
-54 0.0290375
-51 0.0290373
-48 0.0290368
-45 0.0290342
-42 0.0290344
-39 0.0290366
-36 0.0290371
-33 0.0290376
-30 0.029038
-27 0.0290382
-24 0.0290383
-21 0.0290382
-18 0.0290378
-15 0.0290367
-12 0.0290359
-9 0.0290346
-6 0.0290333
-3 0.0290316
0 0.0290247
3 0.0289875
6 0.028809
9 0.028216
12 0.0277801
15 0.0284509
18 0.0288328
21 0.0288933
24 0.0289448
27 0.0289996
30 0.0290218
33 0.0290308
36 0.0290326
39 0.0289939
42 0.0290119
45 0.0289991
48 0.0290355
51 0.0290367
54 0.0290382
57 0.0290392
60 0.0290392
63 0.0290389
66 0.0290374
69 0.029035
72 0.0290356
75 0.0290379
78 0.0290388
81 0.0290379
84 0.0290348
87 0.0290308
90 0.0290323
