-90 0.0290382
-87 0.029038
-84 0.0290365
-81 0.0290359
-78 0.0290273
-75 0.0290294
-72 0.0290298
-69 0.0290371
-66 0.0290392
-63 0.0290395
-60 0.0290396
-57 0.0290396
-54 0.0290388
-51 0.0290307
-48 0.0290354
-45 0.0290387
-42 0.0290252
-39 0.0290101
-36 0.0290381
-33 0.0290394
-30 0.0290395
-27 0.0290394
-24 0.0290394
-21 0.0290393
-18 0.0290392
-15 0.0290388
-12 0.0290377
-9 0.0290346
-6 0.0290279
-3 0.0290203
0 0.0290188
3 0.0290248
6 0.029025
9 0.028988
12 0.0287653
15 0.0277728
18 0.0264994
21 0.0280351
24 0.0288331
27 0.0290019
30 0.0290326
33 0.0290377
36 0.0290382
39 0.0290385
42 0.0290382
45 0.0290368
48 0.0290334
51 0.0290272
54 0.0290212
57 0.02902
60 0.029022
63 0.0290229
66 0.0290225
69 0.0290235
72 0.0290262
75 0.0290302
78 0.0290333
81 0.0290355
84 0.0290369
87 0.0290378
90 0.0290382
