-90 0.0289652
-87 0.0289615
-84 0.0289566
-81 0.0289491
-78 0.0289371
-75 0.0289216
-72 0.0289103
-69 0.0289085
-66 0.0289086
-63 0.0289039
-60 0.028895
-57 0.0288842
-54 0.0288724
-51 0.0288585
-48 0.0288447
-45 0.0288459
-42 0.028865
-39 0.0288812
-36 0.0288948
-33 0.0289062
-30 0.0289155
-27 0.0289231
-24 0.0289295
-21 0.0289348
-18 0.0289392
-15 0.0289429
-12 0.028946
-9 0.0289486
-6 0.0289508
-3 0.0289528
0 0.0289547
3 0.0289564
6 0.028958
9 0.0289587
12 0.0289519
15 0.0289267
18 0.0288953
21 0.028954
24 0.0289662
27 0.0289687
30 0.0289702
33 0.0289715
36 0.0289727
39 0.0289738
42 0.0289748
45 0.0289755
48 0.0289756
51 0.0289759
54 0.028977
57 0.0289776
60 0.0289777
63 0.0289776
66 0.0289773
69 0.0289768
72 0.0289761
75 0.0289751
78 0.0289737
81 0.028972
84 0.0289701
87 0.028968
90 0.0289652
