-90 0.0290376
-87 0.029036
-84 0.0290312
-81 0.0290251
-78 0.0290236
-75 0.0290287
-72 0.0290347
-69 0.0290378
-66 0.0290385
-63 0.0290381
-60 0.0290366
-57 0.0290344
-54 0.0290329
-51 0.0290345
-48 0.0290367
-45 0.0290379
-42 0.0290381
-39 0.0290375
-36 0.0290364
-33 0.0290348
-30 0.0290323
-27 0.0290289
-24 0.0290243
-21 0.0290202
-18 0.029019
-15 0.0290205
-12 0.0290236
-9 0.0290272
-6 0.029031
-3 0.0290339
0 0.0290358
3 0.0290369
6 0.0290373
9 0.0290369
12 0.0290352
15 0.0290308
18 0.0290206
21 0.028996
24 0.0289391
27 0.0289235
30 0.0287334
33 0.0281478
36 0.0280217
39 0.0286147
42 0.0288672
45 0.0289273
48 0.0289763
51 0.0290075
54 0.0290131
57 0.0290042
60 0.0289906
63 0.0289845
66 0.0289954
69 0.0290104
72 0.0290214
75 0.0290286
78 0.0290329
81 0.0290342
84 0.029031
87 0.0290353
90 0.0290376
