-90 0.0290159
-87 0.0290057
-84 0.0290092
-81 0.0290225
-78 0.0290323
-75 0.0290369
-72 0.0290385
-69 0.0290394
-66 0.0290395
-63 0.0290386
-60 0.0290359
-57 0.0290382
-54 0.0290397
-51 0.0290398
-48 0.0290392
-45 0.0290384
-42 0.0290394
-39 0.0290397
-36 0.0290395
-33 0.0290382
-30 0.0290331
-27 0.02901
-24 0.0289915
-21 0.029028
-18 0.0290368
-15 0.029039
-12 0.0290397
-9 0.0290398
-6 0.0290398
-3 0.0290398
0 0.0290397
3 0.0290396
6 0.0290397
9 0.0290397
12 0.0290397
15 0.0290396
18 0.0290391
21 0.0290375
24 0.0290323
27 0.0290192
30 0.02899
33 0.0289418
36 0.0289294
39 0.0289741
42 0.0290136
45 0.0290289
48 0.0290315
51 0.0290295
54 0.0290254
57 0.0290196
60 0.0290139
63 0.029012
66 0.0290142
69 0.0290181
72 0.0290224
75 0.0290264
78 0.0290291
81 0.0290263
84 0.0290157
87 0.0290237
90 0.0290159
