-90 0.0289888
-87 0.0289985
-84 0.0290058
-81 0.029013
-78 0.0290192
-75 0.0290242
-72 0.0290278
-69 0.0290293
-66 0.0290237
-63 0.0290316
-60 0.0290351
-57 0.0290361
-54 0.0290367
-51 0.0290372
-48 0.0290374
-45 0.0290374
-42 0.0290366
-39 0.0290335
-36 0.0290256
-33 0.0290217
-30 0.0290274
-27 0.0290329
-24 0.0290366
-21 0.0290384
-18 0.0290391
-15 0.0290393
-12 0.0290394
-9 0.0290394
-6 0.0290394
-3 0.0290394
0 0.0290393
3 0.0290393
6 0.0290394
9 0.0290394
12 0.0290391
15 0.0290392
18 0.029039
21 0.0290388
24 0.0290386
27 0.0290384
30 0.0290382
33 0.0290379
36 0.0290376
39 0.0290374
42 0.0290371
45 0.0290368
48 0.0290363
51 0.0290356
54 0.0290346
57 0.0290332
60 0.0290315
63 0.0290285
66 0.0290181
69 0.0289608
72 0.0286058
75 0.0263513
78 0.0182795
81 0.0272617
84 0.0287266
87 0.0289525
90 0.0289888
