-90 0.0290242
-87 0.029029
-84 0.029032
-81 0.0290328
-78 0.0290253
-75 0.0289701
-72 0.0286259
-69 0.0264654
-66 0.017224
-63 0.0271986
-60 0.0287503
-57 0.0289909
-54 0.029023
-51 0.0290183
-48 0.0290218
-45 0.0290325
-42 0.0290374
-39 0.0290389
-36 0.0290395
-33 0.0290398
-30 0.0290398
-27 0.0290398
-24 0.0290391
-21 0.0290352
-18 0.0290338
-15 0.0290386
-12 0.0290396
-9 0.0290396
-6 0.0290395
-3 0.0290388
0 0.0290366
3 0.02903
6 0.0290106
9 0.029017
12 0.0290329
15 0.0290354
18 0.0290232
21 0.0289569
24 0.0286847
27 0.0281296
30 0.0282561
33 0.0287759
36 0.0289232
39 0.0290128
42 0.0290354
45 0.0290386
48 0.0290388
51 0.0290384
54 0.0290379
57 0.0290371
60 0.0290356
63 0.0290307
66 0.0290073
69 0.0289703
72 0.0289398
75 0.0290091
78 0.0290104
81 0.0290077
84 0.0290112
87 0.029018
90 0.0290242
