-90 0.0289657
-87 0.0290238
-84 0.029034
-81 0.0290355
-78 0.0290359
-75 0.0290367
-72 0.0290375
-69 0.0290384
-66 0.0290387
-63 0.0290376
-60 0.0290349
-57 0.0290292
-54 0.0289985
-51 0.0288775
-48 0.0286268
-45 0.0285895
-42 0.0288403
-39 0.028987
-36 0.0290286
-33 0.0290377
-30 0.0290395
-27 0.0290398
-24 0.0290399
-21 0.0290398
-18 0.0290369
-15 0.0289657
-12 0.0290344
-9 0.0290397
-6 0.0290397
-3 0.0290377
0 0.0290366
3 0.0290393
6 0.0290397
9 0.0290389
12 0.0290352
15 0.0290193
18 0.0289914
21 0.0290211
24 0.0290353
27 0.0290385
30 0.0290387
33 0.0290354
36 0.0290042
39 0.029006
42 0.0290357
45 0.0290393
48 0.0290395
51 0.0290397
54 0.0290399
57 0.0290398
60 0.0290397
63 0.0290396
66 0.0290391
69 0.0290367
72 0.029024
75 0.0289564
78 0.0286524
81 0.0278963
84 0.0279592
87 0.0286948
90 0.0289657
