-90 0.028968
-87 0.0289606
-84 0.0289523
-81 0.0289441
-78 0.0289361
-75 0.0289308
-72 0.028931
-69 0.0289366
-66 0.0289448
-63 0.0289535
-60 0.0289616
-57 0.0289688
-54 0.0289749
-51 0.0289785
-48 0.0289759
-45 0.0289584
-42 0.0289255
-39 0.0289136
-36 0.0289451
-33 0.0289802
-30 0.0289982
-27 0.0290054
-24 0.0290086
-21 0.0290105
-18 0.0290119
-15 0.0290131
-12 0.0290141
-9 0.029015
-6 0.0290156
-3 0.0290148
0 0.0289992
3 0.028981
6 0.0289459
9 0.0290011
12 0.0290158
15 0.029018
18 0.0290183
21 0.0290183
24 0.0290182
27 0.029018
30 0.0290177
33 0.0290173
36 0.0290167
39 0.0290154
42 0.0290132
45 0.0290101
48 0.0290077
51 0.0290074
54 0.0290084
57 0.0290088
60 0.0290081
63 0.0290064
66 0.0290041
69 0.0290013
72 0.0289981
75 0.0289947
78 0.0289907
81 0.028986
84 0.0289807
87 0.0289747
90 0.028968
