-90 0.0290362
-87 0.0290391
-84 0.0290398
-81 0.0290398
-78 0.0290398
-75 0.0290397
-72 0.0290394
-69 0.0290383
-66 0.0290351
-63 0.0290251
-60 0.028999
-57 0.0289608
-54 0.0288126
-51 0.0284105
-48 0.0283117
-45 0.0287366
-42 0.0289645
-39 0.0290233
-36 0.0290351
-33 0.0290373
-30 0.0290378
-27 0.0290381
-24 0.0290385
-21 0.0290389
-18 0.0290392
-15 0.0290395
-12 0.0290396
-9 0.0290397
-6 0.0290393
-3 0.029036
0 0.029008
3 0.0290225
6 0.0290375
9 0.0290376
12 0.0290355
15 0.0290366
18 0.0290388
21 0.0290396
24 0.0290397
27 0.0290391
30 0.0290359
33 0.029022
36 0.0289736
39 0.028871
42 0.0287948
45 0.0287155
48 0.028149
51 0.0272691
54 0.0281514
57 0.0288334
60 0.0290012
63 0.029033
66 0.0290384
69 0.0290388
72 0.0290382
75 0.0290387
78 0.0290389
81 0.0290384
84 0.0290303
87 0.0290161
90 0.0290362
