-90 0.0289743
-87 0.0289768
-84 0.0289647
-81 0.0289941
-78 0.0290105
-75 0.028957
-72 0.0289794
-69 0.0290242
-66 0.0290366
-63 0.0290388
-60 0.0290394
-57 0.0290396
-54 0.0290397
-51 0.0290398
-48 0.0290397
-45 0.0290378
-42 0.0290224
-39 0.029037
-36 0.0290362
-33 0.0290274
-30 0.0290374
-27 0.0290393
-24 0.0290396
-21 0.0290397
-18 0.0290398
-15 0.0290398
-12 0.0290398
-9 0.0290397
-6 0.0290392
-3 0.0290358
0 0.0290225
3 0.0290143
6 0.0289114
9 0.0283214
12 0.0260926
15 0.026525
18 0.0284807
21 0.0289416
24 0.0290229
27 0.0290365
30 0.0290389
33 0.0290395
36 0.0290398
39 0.0290398
42 0.0290388
45 0.0290255
48 0.0290236
51 0.0290379
54 0.0290274
57 0.0290316
60 0.0290394
63 0.0290398
66 0.0290397
69 0.0290395
72 0.0290392
75 0.0290382
78 0.0290352
81 0.0290232
84 0.0289684
87 0.0289411
90 0.0289743
