-90 0.0289956
-87 0.0290181
-84 0.0290327
-81 0.0290365
-78 0.029038
-75 0.0290389
-72 0.0290395
-69 0.0290397
-66 0.0290397
-63 0.0290396
-60 0.0290392
-57 0.0290384
-54 0.0290366
-51 0.0290318
-48 0.0290218
-45 0.0290103
-42 0.0290077
-39 0.0289945
-36 0.0289615
-33 0.0289255
-30 0.0288081
-27 0.0283322
-24 0.0278059
-21 0.0284034
-18 0.0288694
-15 0.028987
-12 0.0289996
-9 0.0289853
-6 0.0289598
-3 0.0289299
0 0.0289146
3 0.0289304
6 0.0289691
9 0.0289943
12 0.0290076
15 0.0290035
18 0.028947
21 0.0287534
24 0.0285201
27 0.0286722
30 0.0289139
33 0.0290071
36 0.0290306
39 0.0290352
42 0.0290339
45 0.0290303
48 0.0290285
51 0.0290314
54 0.0290355
57 0.0290379
60 0.0290391
63 0.0290396
66 0.0290397
69 0.0290398
72 0.0290397
75 0.0290394
78 0.0290386
81 0.0290371
84 0.0290335
87 0.0290219
90 0.0289956
