-90 0.0290344
-87 0.0290345
-84 0.0290346
-81 0.0290346
-78 0.0290343
-75 0.0290335
-72 0.0290331
-69 0.0290333
-66 0.029033
-63 0.0290325
-60 0.0290318
-57 0.0290295
-54 0.0290108
-51 0.0289834
-48 0.0289932
-45 0.0290246
-42 0.029026
-39 0.0290247
-36 0.0290229
-33 0.0290207
-30 0.029018
-27 0.0290146
-24 0.0290104
-21 0.0290053
-18 0.0289991
-15 0.0289916
-12 0.0289824
-9 0.0289701
-6 0.0289537
-3 0.0289504
0 0.028962
3 0.0289739
6 0.0289843
9 0.028992
12 0.0289942
15 0.0290057
18 0.0290119
21 0.029016
24 0.0290186
27 0.0290202
30 0.0290218
33 0.0290242
36 0.0290267
39 0.0290277
42 0.029025
45 0.0290129
48 0.0289719
51 0.0289898
54 0.0290196
57 0.0290248
60 0.0290151
63 0.029017
66 0.0290249
69 0.0290312
72 0.0290346
75 0.0290353
78 0.0290352
81 0.0290349
84 0.0290347
87 0.0290345
90 0.0290344
