-90 0.0289995
-87 0.0287927
-84 0.0274801
-81 0.0199296
-78 0.0261456
-75 0.0285807
-72 0.0289669
-69 0.0290279
-66 0.0290376
-63 0.029039
-60 0.0290389
-57 0.0290371
-54 0.0290359
-51 0.0290382
-48 0.0290385
-45 0.0290382
-42 0.029036
-39 0.0290239
-36 0.0289674
-33 0.0287736
-30 0.0284849
-27 0.0285903
-24 0.028857
-21 0.0289683
-18 0.0290058
-15 0.0290261
-12 0.0290354
-9 0.0290385
-6 0.0290396
-3 0.0290399
0 0.0290397
3 0.0290376
6 0.0290358
9 0.029039
12 0.0290383
15 0.0290376
18 0.0290394
21 0.0290398
24 0.0290397
27 0.0290388
30 0.0290357
33 0.0290278
36 0.0290166
39 0.0290105
42 0.0290152
45 0.0290264
48 0.0290332
51 0.0290262
54 0.0289751
57 0.0290255
60 0.0290379
63 0.0290394
66 0.0290389
69 0.0290393
72 0.0290398
75 0.0290396
78 0.0290393
81 0.0290387
84 0.0290372
87 0.0290319
90 0.0289995
