-90 0.0290391
-87 0.0290394
-84 0.0290396
-81 0.0290397
-78 0.0290394
-75 0.0290359
-72 0.029019
-69 0.0290364
-66 0.0290391
-63 0.0290389
-60 0.029037
-57 0.0290295
-54 0.0289963
-51 0.0288863
-48 0.0285877
-45 0.0282752
-42 0.028582
-39 0.0288539
-36 0.0289914
-33 0.0290218
-30 0.0290231
-27 0.0290181
-24 0.0290099
-21 0.0289971
-18 0.0289768
-15 0.0289624
-12 0.0289829
-9 0.029003
-6 0.0290153
-3 0.029023
0 0.029028
3 0.0290313
6 0.0290326
9 0.0290261
12 0.0290332
15 0.0290338
18 0.0290341
21 0.0290379
24 0.029039
27 0.0290393
30 0.0290395
33 0.0290396
36 0.0290389
39 0.0290264
42 0.0290056
45 0.0290359
48 0.0290268
51 0.0290305
54 0.0290327
57 0.0289654
60 0.0290293
63 0.0290388
66 0.0290391
69 0.0290368
72 0.0290279
75 0.0290136
78 0.0290261
81 0.0290361
84 0.0290386
87 0.0290391
90 0.0290391
