-90 0.0290336
-87 0.0290325
-84 0.0290311
-81 0.029029
-78 0.0290251
-75 0.0290204
-72 0.029021
-69 0.0290266
-66 0.0290301
-63 0.0290301
-60 0.0290294
-57 0.0290333
-54 0.0290313
-51 0.029018
-48 0.0289878
-45 0.0289594
-42 0.0289693
-39 0.0289923
-36 0.0289915
-33 0.0289791
-30 0.0289844
-27 0.0290078
-24 0.0290257
-21 0.0290328
-18 0.0290346
-15 0.0290348
-12 0.0290347
-9 0.0290348
-6 0.029035
-3 0.0290353
0 0.0290358
3 0.0290362
6 0.0290367
9 0.0290369
12 0.029033
15 0.0289905
18 0.0290341
21 0.0290371
24 0.0290368
27 0.0290359
30 0.0290343
33 0.0290284
36 0.0290039
39 0.029022
42 0.0290164
45 0.0290054
48 0.0289898
51 0.0289728
54 0.0289736
57 0.0289909
60 0.0290059
63 0.0290164
66 0.0290231
69 0.0290273
72 0.0290315
75 0.0290337
78 0.0290348
81 0.0290352
84 0.0290351
87 0.0290345
90 0.0290336
