-90 0.0289967
-87 0.0289957
-84 0.0289946
-81 0.0289934
-78 0.0289919
-75 0.0289902
-72 0.0289881
-69 0.0289848
-66 0.0289791
-63 0.0289699
-60 0.0289602
-57 0.0289576
-54 0.0289623
-51 0.0289661
-48 0.028966
-45 0.0289631
-42 0.0289589
-39 0.0289539
-36 0.0289482
-33 0.0289416
-30 0.0289343
-27 0.0289262
-24 0.0289179
-21 0.0289107
-18 0.0289073
-15 0.0289094
-12 0.0289171
-9 0.0289273
-6 0.0289366
-3 0.0289446
0 0.0289516
3 0.0289575
6 0.0289627
9 0.0289671
12 0.0289701
15 0.0289681
18 0.0289377
21 0.0287414
24 0.0276591
27 0.0243539
30 0.0256063
33 0.0275298
36 0.0286112
39 0.0289189
42 0.0289811
45 0.0289933
48 0.0289963
51 0.0289975
54 0.0289983
57 0.0289989
60 0.0289993
63 0.0289996
66 0.0289998
69 0.0289997
72 0.0289994
75 0.0289991
78 0.0289991
81 0.0289988
84 0.0289982
87 0.0289975
90 0.0289967
