-90 0.0290143
-87 0.0290351
-84 0.0290361
-81 0.0290295
-78 0.0290121
-75 0.0289691
-72 0.02898
-69 0.0290184
-66 0.0290329
-63 0.0290379
-60 0.0290385
-57 0.0290325
-54 0.0290347
-51 0.0290393
-48 0.0290398
-45 0.0290399
-42 0.0290399
-39 0.0290398
-36 0.0290395
-33 0.0290394
-30 0.0290395
-27 0.0290393
-24 0.0290376
-21 0.0290384
-18 0.0290392
-15 0.0290391
-12 0.0290389
-9 0.0290387
-6 0.0290383
-3 0.0290374
0 0.029033
3 0.029006
6 0.028991
9 0.0290152
12 0.0290271
15 0.0290267
18 0.0290219
21 0.0290195
24 0.029021
27 0.0290235
30 0.0290214
33 0.0290138
36 0.02901
39 0.0290179
42 0.029029
45 0.0290355
48 0.029038
51 0.0290387
54 0.0290392
57 0.0290395
60 0.0290396
63 0.0290397
66 0.0290391
69 0.0290257
72 0.029007
75 0.0290381
78 0.0290397
81 0.0290395
84 0.0290377
87 0.0290241
90 0.0290143
