-90 0.0290061
-87 0.0289696
-84 0.0289475
-81 0.0289935
-78 0.0290138
-75 0.029016
-72 0.0290153
-69 0.0290142
-66 0.0290129
-63 0.0290114
-60 0.0290096
-57 0.0290076
-54 0.0290052
-51 0.0290021
-48 0.0289982
-45 0.0289933
-42 0.0289879
-39 0.0289833
-36 0.0289794
-33 0.0289749
-30 0.028969
-27 0.0289618
-24 0.0289534
-21 0.0289433
-18 0.0289323
-15 0.0289256
-12 0.0289192
-9 0.0289177
-6 0.0289229
-3 0.0289315
0 0.0289411
3 0.0289504
6 0.028959
9 0.028967
12 0.0289741
15 0.0289804
18 0.0289859
21 0.0289908
24 0.028995
27 0.0289984
30 0.0290014
33 0.0290046
36 0.0290071
39 0.0290089
42 0.0290097
45 0.0290086
48 0.029005
51 0.0290013
54 0.0290023
57 0.0290079
60 0.0290134
63 0.0290168
66 0.0290184
69 0.0290191
72 0.0290195
75 0.0290197
78 0.0290198
81 0.0290198
84 0.0290196
87 0.0290184
90 0.0290061
