-90 0.0290243
-87 0.0290243
-84 0.02903
-81 0.0290356
-78 0.0290383
-75 0.029039
-72 0.0290389
-69 0.0290379
-66 0.029036
-63 0.0290343
-60 0.0290344
-57 0.0290352
-54 0.0290319
-51 0.029012
-48 0.0289467
-45 0.0288388
-42 0.0288299
-39 0.0289315
-36 0.0289812
-33 0.0289242
-30 0.0287582
-27 0.0286988
-24 0.0288641
-21 0.0289879
-18 0.0290282
-15 0.0290376
-12 0.0290393
-9 0.0290355
-6 0.0290043
-3 0.0290354
0 0.0290392
3 0.0290394
6 0.0290397
9 0.0290397
12 0.0290394
15 0.0290383
18 0.0290346
21 0.0290211
24 0.0289707
27 0.0287903
30 0.028454
33 0.0285042
36 0.0288367
39 0.0289844
42 0.0290174
45 0.0290173
48 0.0290064
51 0.028989
54 0.0289755
57 0.0289877
60 0.0290052
63 0.0290183
66 0.0290265
69 0.0290313
72 0.0290308
75 0.0290241
78 0.0290346
81 0.029037
84 0.0290348
87 0.0290294
90 0.0290243
