-90 0.0290362
-87 0.0290355
-84 0.0290319
-81 0.029013
-78 0.0289197
-75 0.0285618
-72 0.0280021
-69 0.0283393
-66 0.0288365
-63 0.0289944
-60 0.029028
-57 0.0290339
-54 0.0290297
-51 0.029009
-48 0.0290302
-45 0.029035
-42 0.0290362
-39 0.029037
-36 0.0290374
-33 0.0290375
-30 0.0290374
-27 0.0290368
-24 0.0290345
-21 0.0290276
-18 0.0290071
-15 0.0289376
-12 0.0289922
-9 0.0290286
-6 0.0290359
-3 0.0290373
0 0.0290366
3 0.0290369
6 0.0290383
9 0.0290387
12 0.0290385
15 0.0290383
18 0.0290378
21 0.0290367
24 0.0290375
27 0.0290382
30 0.0290366
33 0.0290264
36 0.0289753
39 0.0287661
42 0.0283069
45 0.0283152
48 0.028773
51 0.0289771
54 0.0290265
57 0.0290361
60 0.0290373
63 0.0290374
66 0.0290377
69 0.0290378
72 0.0290376
75 0.029037
78 0.029037
81 0.029037
84 0.0290368
87 0.0290364
90 0.0290362
