-90 0.0290387
-87 0.0290389
-84 0.0290391
-81 0.0290389
-78 0.0290373
-75 0.0290289
-72 0.0289904
-69 0.0288576
-66 0.0286344
-63 0.0286636
-60 0.0288873
-57 0.0289995
-54 0.0290298
-51 0.0290357
-48 0.0290339
-45 0.0290272
-42 0.0290254
-39 0.0290328
-36 0.0290372
-33 0.0290386
-30 0.029039
-27 0.0290388
-24 0.0290382
-21 0.0290345
-18 0.0290225
-15 0.0290333
-12 0.0290146
-9 0.029029
-6 0.0290365
-3 0.0290356
0 0.0290323
3 0.0290229
6 0.0289834
9 0.0288273
12 0.0284806
15 0.028454
18 0.0288039
21 0.0289763
24 0.0290219
27 0.0290321
30 0.0290349
33 0.0290358
36 0.0290361
39 0.0290361
42 0.0290358
45 0.0290355
48 0.0290352
51 0.0290349
54 0.0290346
57 0.029034
60 0.0290306
63 0.0290001
66 0.0289993
69 0.0290179
72 0.0290189
75 0.0290247
78 0.0290315
81 0.0290357
84 0.0290376
87 0.0290383
90 0.0290387
