-90 0.0290169
-87 0.0289236
-84 0.0285348
-81 0.0277935
-78 0.0281008
-75 0.028488
-72 0.0278713
-69 0.0268008
-66 0.0280892
-63 0.0288372
-60 0.0290029
-57 0.0290332
-54 0.0290385
-51 0.0290395
-48 0.0290396
-45 0.0290395
-42 0.0290397
-39 0.0290397
-36 0.0290398
-33 0.0290398
-30 0.0290398
-27 0.0290395
-24 0.0290385
-21 0.0290336
-18 0.0290103
-15 0.0289201
-12 0.028711
-9 0.0286197
-6 0.0288227
-3 0.0289764
0 0.0290249
3 0.0290359
6 0.0290377
9 0.0290373
12 0.0290377
15 0.029038
18 0.0290384
21 0.0290386
24 0.0290386
27 0.0290386
30 0.0290389
33 0.029039
36 0.0290386
39 0.0290363
42 0.0290235
45 0.028982
48 0.0289763
51 0.0289694
54 0.0289917
57 0.0290198
60 0.0290339
63 0.0290383
66 0.0290395
69 0.0290397
72 0.0290389
75 0.0290345
78 0.0290381
81 0.0290393
84 0.0290386
87 0.0290352
90 0.0290169
