-90 0.0290258
-87 0.029024
-84 0.0290252
-81 0.0290172
-78 0.029022
-75 0.0289998
-72 0.0289522
-69 0.0290077
-66 0.0290261
-63 0.0290307
-60 0.0290317
-57 0.0290317
-54 0.0290249
-51 0.0289796
-48 0.0286959
-45 0.0269654
-42 0.0213746
-39 0.0271476
-36 0.0287284
-33 0.028987
-30 0.0290271
-27 0.029032
-24 0.029031
-21 0.0290286
-18 0.0290232
-15 0.0290092
-12 0.028985
-9 0.0289998
-6 0.0290155
-3 0.0290155
0 0.0290117
3 0.029014
6 0.0290084
9 0.0289443
12 0.0288042
15 0.0280267
18 0.0269482
21 0.0280764
24 0.0288073
27 0.0289868
30 0.0290281
33 0.029037
36 0.0290353
39 0.0289855
42 0.0290363
45 0.0290331
48 0.0290167
51 0.0289771
54 0.0287059
57 0.0273434
60 0.0253958
63 0.0278511
66 0.028808
69 0.028875
72 0.0287565
75 0.0275881
78 0.0252434
81 0.0276037
84 0.0287676
87 0.0289917
90 0.0290258
