-90 0.0290331
-87 0.0290322
-84 0.0290308
-81 0.0290285
-78 0.0290248
-75 0.0290188
-72 0.0290087
-69 0.0289943
-66 0.02898
-63 0.0289712
-60 0.0289691
-57 0.0289746
-54 0.028976
-51 0.0290008
-48 0.029013
-45 0.0290194
-42 0.0290236
-39 0.0290264
-36 0.0290282
-33 0.0290293
-30 0.02903
-27 0.0290297
-24 0.0290152
-21 0.0290164
-18 0.029031
-15 0.0290325
-12 0.0290331
-9 0.0290336
-6 0.0290342
-3 0.0290347
0 0.0290352
3 0.0290355
6 0.0290356
9 0.0290353
12 0.0290335
15 0.0290248
18 0.0289866
21 0.0288601
24 0.0286578
27 0.0286693
30 0.028761
33 0.0285361
36 0.028333
39 0.0286505
42 0.0289228
45 0.029007
48 0.0290254
51 0.0290289
54 0.0290296
57 0.02903
60 0.0290305
63 0.0290308
66 0.0290302
69 0.0290281
72 0.0290298
75 0.0290304
78 0.0290327
81 0.0290336
84 0.0290338
87 0.0290336
90 0.0290331
