-90 0.0290398
-87 0.0290396
-84 0.0290376
-81 0.02903
-78 0.0290303
-75 0.0290376
-72 0.029038
-69 0.0290364
-66 0.0290386
-63 0.0290395
-60 0.0290396
-57 0.0290394
-54 0.0290389
-51 0.0290379
-48 0.0290362
-45 0.0290331
-42 0.0290274
-39 0.0290175
-36 0.0290001
-33 0.0289631
-30 0.0288499
-27 0.0286081
-24 0.028567
-21 0.028825
-18 0.0289805
-15 0.0290259
-12 0.0290364
-9 0.0290388
-6 0.0290394
-3 0.0290396
0 0.0290385
3 0.0290169
6 0.0290165
9 0.0290385
12 0.0290395
15 0.0290392
18 0.0290373
21 0.0290338
24 0.0290367
27 0.0290391
30 0.0290392
33 0.0290377
36 0.0290323
39 0.0290189
42 0.0289952
45 0.0289767
48 0.0289895
51 0.0290162
54 0.0290316
57 0.0290354
60 0.0290324
63 0.0290259
66 0.029022
69 0.029024
72 0.0290201
75 0.0289835
78 0.0290159
81 0.029035
84 0.0290389
87 0.0290397
90 0.0290398
