-90 0.0288812
-87 0.0289869
-84 0.0290168
-81 0.0290227
-78 0.0290235
-75 0.0290234
-72 0.0290239
-69 0.0290249
-66 0.0290254
-63 0.0290253
-60 0.0290244
-57 0.0290241
-54 0.0290245
-51 0.0290248
-48 0.0290251
-45 0.0290253
-42 0.0290256
-39 0.0290259
-36 0.029026
-33 0.029026
-30 0.0290261
-27 0.0290262
-24 0.0290262
-21 0.0290261
-18 0.0290264
-15 0.029024
-12 0.0290117
-9 0.0290205
-6 0.0290271
-3 0.0290282
0 0.0290287
3 0.029029
6 0.0290294
9 0.0290295
12 0.0290291
15 0.0290295
18 0.0290295
21 0.029028
24 0.0290274
27 0.0290291
30 0.0290309
33 0.0290315
36 0.0290318
39 0.029032
42 0.0290321
45 0.0290322
48 0.0290321
51 0.029027
54 0.0289732
57 0.0290295
60 0.0290322
63 0.0290322
66 0.0290319
69 0.0290313
72 0.029029
75 0.0290195
78 0.0289812
81 0.0288635
84 0.028694
87 0.0287012
90 0.0288812
