-90 0.0290155
-87 0.0289617
-84 0.02902
-81 0.0290343
-78 0.0290367
-75 0.0290369
-72 0.0290367
-69 0.0290365
-66 0.0290364
-63 0.0290362
-60 0.029036
-57 0.0290352
-54 0.029026
-51 0.0289544
-48 0.0290275
-45 0.0290349
-42 0.0290356
-39 0.0290357
-36 0.0290358
-33 0.0290359
-30 0.029036
-27 0.029036
-24 0.0290359
-21 0.0290358
-18 0.0290343
-15 0.0290303
-12 0.029019
-9 0.0290058
-6 0.0290064
-3 0.0290186
0 0.0290298
3 0.0290352
6 0.0290367
9 0.0290361
12 0.0290311
15 0.0290053
18 0.0289746
21 0.029022
24 0.0290289
27 0.0290326
30 0.0290327
33 0.0290353
36 0.0290374
39 0.0290383
42 0.0290384
45 0.0290383
48 0.0290379
51 0.0290373
54 0.0290369
57 0.0290372
60 0.0290378
63 0.0290382
66 0.0290378
69 0.0290343
72 0.0290361
75 0.029035
78 0.0290278
81 0.0290138
84 0.0290025
87 0.0290069
90 0.0290155
