-90 0.0290385
-87 0.0290366
-84 0.0290321
-81 0.02902
-78 0.0289878
-75 0.0289746
-72 0.0289984
-69 0.0290072
-66 0.0290161
-63 0.0290153
-60 0.0290142
-57 0.0290178
-54 0.0290243
-51 0.0290298
-48 0.0290335
-45 0.029033
-42 0.0290342
-39 0.029038
-36 0.0290388
-33 0.0290388
-30 0.0290381
-27 0.0290366
-24 0.0290361
-21 0.0290378
-18 0.029039
-15 0.0290388
-12 0.0290384
-9 0.0290388
-6 0.0290392
-3 0.0290395
0 0.0290397
3 0.0290397
6 0.029039
9 0.0290369
12 0.029036
15 0.0290391
18 0.0290397
21 0.0290393
24 0.0290388
27 0.0290393
30 0.0290392
33 0.0290364
36 0.0290187
39 0.028907
42 0.0281949
45 0.0236263
48 0.0234491
51 0.0281672
54 0.0289027
57 0.029018
60 0.029036
63 0.0290354
66 0.028993
69 0.0290251
72 0.0290379
75 0.0290286
78 0.0290302
81 0.0290391
84 0.0290396
87 0.0290393
90 0.0290385
