-90 0.0290386
-87 0.0290376
-84 0.0290348
-81 0.0290322
-78 0.0290322
-75 0.0290344
-72 0.0290354
-69 0.0290314
-66 0.0290188
-63 0.0290128
-60 0.0290239
-57 0.0290129
-54 0.0289313
-51 0.0286799
-48 0.0284431
-45 0.0286786
-42 0.0289314
-39 0.0290158
-36 0.0290344
-33 0.0290361
-30 0.029031
-27 0.0290211
-24 0.0290138
-21 0.029018
-18 0.0290282
-15 0.0290352
-12 0.0290378
-9 0.0290321
-6 0.029017
-3 0.0290383
0 0.0290386
3 0.0290368
6 0.0290338
9 0.0290313
12 0.0290321
15 0.0290352
18 0.0290377
21 0.0290381
24 0.029038
27 0.0290387
30 0.0290323
33 0.0290237
36 0.029038
39 0.0290393
42 0.029039
45 0.0290383
48 0.0290372
51 0.0290331
54 0.0289937
57 0.0290133
60 0.0290343
63 0.0290368
66 0.0290375
69 0.0290376
72 0.029038
75 0.0290388
78 0.0290394
81 0.0290395
84 0.029038
87 0.0290355
90 0.0290386
