-90 0.0290384
-87 0.0290353
-84 0.029014
-81 0.0290209
-78 0.0290366
-75 0.0290365
-72 0.0290229
-69 0.0290335
-66 0.0290391
-63 0.0290392
-60 0.0290376
-57 0.0290262
-54 0.0290303
-51 0.0290335
-48 0.0290326
-45 0.029027
-42 0.0290154
-39 0.0289951
-36 0.0289726
-33 0.0289757
-30 0.0289889
-27 0.0289973
-24 0.028982
-21 0.0288658
-18 0.0284687
-15 0.0281154
-12 0.028555
-9 0.0289064
-6 0.0290021
-3 0.0290205
0 0.0290279
3 0.0290305
6 0.029027
9 0.0290155
12 0.0289902
15 0.0289547
18 0.0289951
21 0.0290183
24 0.0290294
27 0.0290347
30 0.0290371
33 0.0290382
36 0.0290383
39 0.0290379
42 0.0290376
45 0.0290379
48 0.0290387
51 0.0290394
54 0.0290396
57 0.0290394
60 0.0290383
63 0.0290362
66 0.0290373
69 0.0290388
72 0.0290393
75 0.0290388
78 0.0290342
81 0.0290108
84 0.0290109
87 0.0290342
90 0.0290384
