-90 0.029035
-87 0.0290359
-84 0.0290361
-81 0.0290344
-78 0.0290284
-75 0.0290126
-72 0.0289917
-69 0.0290063
-66 0.0290155
-63 0.0290135
-60 0.0290149
-57 0.0290238
-54 0.0290325
-51 0.0290367
-48 0.0290381
-45 0.0290385
-42 0.0290386
-39 0.0290385
-36 0.0290384
-33 0.0290383
-30 0.029038
-27 0.0290379
-24 0.0290377
-21 0.0290374
-18 0.0290369
-15 0.0290362
-12 0.0290351
-9 0.029033
-6 0.0290292
-3 0.0290227
0 0.0290112
3 0.0289919
6 0.0289747
9 0.0289842
12 0.0289969
15 0.0290067
18 0.0290133
21 0.0290161
24 0.0290164
27 0.0290155
30 0.0290145
33 0.029014
36 0.0290144
39 0.0290146
42 0.0290012
45 0.0289783
48 0.0290143
51 0.0289952
54 0.0288733
57 0.0283971
60 0.0277902
63 0.0283088
66 0.0288435
69 0.0289958
72 0.0290275
75 0.029032
78 0.0290317
81 0.0290345
84 0.0290349
87 0.0290346
90 0.029035
