-90 0.0290186
-87 0.0290105
-84 0.0289694
-81 0.0290042
-78 0.0290105
-75 0.0290118
-72 0.0290137
-69 0.0290164
-66 0.0290194
-63 0.0290224
-60 0.0290253
-57 0.0290275
-54 0.0290283
-51 0.029029
-48 0.0290257
-45 0.0290122
-42 0.0289879
-39 0.028976
-36 0.0289948
-33 0.0290194
-30 0.029032
-27 0.029036
-24 0.0290363
-21 0.0290339
-18 0.0290255
-15 0.0290104
-12 0.0290167
-9 0.0290292
-6 0.0290357
-3 0.0290379
0 0.0290387
3 0.0290387
6 0.0290374
9 0.0290336
12 0.0290356
15 0.0290384
18 0.0290389
21 0.0290388
24 0.0290385
27 0.029038
30 0.0290375
33 0.0290371
36 0.0290368
39 0.029036
42 0.0290308
45 0.0290111
48 0.0289611
51 0.0289057
54 0.0289219
57 0.0289809
60 0.029017
63 0.0290255
66 0.0289933
69 0.0290146
72 0.0290307
75 0.0290309
78 0.0290293
81 0.0290272
84 0.0290247
87 0.0290219
90 0.0290186
