-90 0.0288819
-87 0.0282416
-84 0.0258071
-81 0.0264685
-78 0.0284633
-75 0.0289306
-72 0.0290156
-69 0.0290308
-66 0.0290338
-63 0.0290324
-60 0.0290166
-57 0.0290299
-54 0.0290357
-51 0.0290364
-48 0.0290368
-45 0.0290371
-42 0.0290373
-39 0.0290371
-36 0.0290362
-33 0.0290332
-30 0.0290221
-27 0.0289827
-24 0.0289949
-21 0.0290257
-18 0.0290344
-15 0.0290367
-12 0.0290372
-9 0.0290372
-6 0.0290371
-3 0.029037
0 0.0290368
3 0.0290362
6 0.0290349
9 0.0290337
12 0.0290338
15 0.0290342
18 0.0290337
21 0.0290323
24 0.029029
27 0.0290172
30 0.0289754
33 0.0288685
36 0.0287631
39 0.028829
42 0.0289441
45 0.028993
48 0.0290015
51 0.0289971
54 0.0289885
57 0.0289776
60 0.0289644
63 0.0289473
66 0.0289345
69 0.0289567
72 0.0289767
75 0.0289887
78 0.0289978
81 0.0290047
84 0.0290073
87 0.0289929
90 0.0288819
