-90 0.0289951
-87 0.029011
-84 0.0290322
-81 0.0290338
-78 0.0290336
-75 0.0290332
-72 0.0290328
-69 0.0290322
-66 0.0290316
-63 0.0290309
-60 0.0290298
-57 0.0290264
-54 0.029011
-51 0.0289299
-48 0.0285392
-45 0.0273968
-42 0.0274132
-39 0.028555
-36 0.0289264
-33 0.0289986
-30 0.0290085
-27 0.0290068
-24 0.0290026
-21 0.0289977
-18 0.0289925
-15 0.0289876
-12 0.0289838
-9 0.028982
-6 0.0289828
-3 0.0289856
0 0.0289875
3 0.0289925
6 0.0290005
9 0.0290059
12 0.0290102
15 0.0290138
18 0.0290166
21 0.0290176
24 0.0290148
27 0.0290068
30 0.0289998
33 0.0290016
36 0.0289973
39 0.0289091
42 0.0283625
45 0.0259404
48 0.0257087
51 0.0283074
54 0.0289091
57 0.0290136
60 0.0290312
63 0.0290343
66 0.029035
69 0.0290352
72 0.0290353
75 0.0290352
78 0.0290347
81 0.0290334
84 0.0290292
87 0.0289904
90 0.0289951
