-90 0.0289515
-87 0.0289531
-84 0.0289562
-81 0.0289611
-78 0.0289666
-75 0.0289721
-72 0.0289773
-69 0.0289821
-66 0.0289864
-63 0.0289902
-60 0.0289937
-57 0.028997
-54 0.029
-51 0.0290028
-48 0.0290048
-45 0.0290052
-42 0.0290029
-39 0.028999
-36 0.0289985
-33 0.029004
-30 0.0290107
-27 0.0290133
-24 0.0289998
-21 0.0290072
-18 0.0290181
-15 0.0290193
-12 0.0290185
-9 0.0290151
-6 0.0290076
-3 0.0289993
0 0.0289995
3 0.0290075
6 0.0290109
9 0.0289915
12 0.0290102
15 0.0290192
18 0.0290197
21 0.0290193
24 0.0290187
27 0.0290175
30 0.0290168
33 0.0290157
36 0.0290144
39 0.029013
42 0.0290112
45 0.0290077
48 0.028999
51 0.0289804
54 0.0289578
57 0.0289539
60 0.0289669
63 0.0289688
66 0.0289417
69 0.0288849
72 0.0289006
75 0.0289491
78 0.0289648
81 0.0289667
84 0.0289633
87 0.0289561
90 0.0289515
