-90 0.0290194
-87 0.029035
-84 0.0290365
-81 0.029039
-78 0.0290394
-75 0.0290393
-72 0.0290393
-69 0.0290395
-66 0.0290394
-63 0.029039
-60 0.0290371
-57 0.0290253
-54 0.0289528
-51 0.0285037
-48 0.0258824
-45 0.0229329
-42 0.0278503
-39 0.0288433
-36 0.0289953
-33 0.0290171
-30 0.0290357
-27 0.0290384
-24 0.0290387
-21 0.0290387
-18 0.0290385
-15 0.0290383
-12 0.0290381
-9 0.0290379
-6 0.0290375
-3 0.0290344
0 0.0290311
3 0.0290294
6 0.0290285
9 0.0290371
12 0.0290391
15 0.0290395
18 0.0290396
21 0.0290395
24 0.0290396
27 0.0290394
30 0.029038
33 0.0290295
36 0.0289823
39 0.0287441
42 0.0279102
45 0.0274194
48 0.0283737
51 0.0286311
54 0.0282722
57 0.0282194
60 0.0287248
63 0.0289661
66 0.0290253
69 0.0290371
72 0.0290393
75 0.0290396
78 0.0290398
81 0.0290398
84 0.029039
87 0.0290311
90 0.0290194
