-90 0.0289964
-87 0.0289777
-84 0.0290181
-81 0.0290244
-78 0.0290236
-75 0.0290202
-72 0.0290159
-69 0.0290116
-66 0.0290079
-63 0.0290048
-60 0.0289998
-57 0.0289898
-54 0.0289786
-51 0.0289746
-48 0.0289757
-45 0.0289772
-42 0.0289851
-39 0.0289977
-36 0.0290089
-33 0.029017
-30 0.0290224
-27 0.0290254
-24 0.0290262
-21 0.029028
-18 0.0290291
-15 0.0290295
-12 0.0290293
-9 0.029029
-6 0.0290286
-3 0.0290282
0 0.0290278
3 0.0290275
6 0.0290273
9 0.0290271
12 0.0290269
15 0.0290269
18 0.0290267
21 0.0290239
24 0.0290241
27 0.0290271
30 0.0290276
33 0.0290279
36 0.0290279
39 0.0290281
42 0.0290284
45 0.0290286
48 0.0290286
51 0.0290283
54 0.0290283
57 0.029029
60 0.0290299
63 0.0290306
66 0.029031
69 0.0290312
72 0.0290313
75 0.0290314
78 0.0290312
81 0.0290293
84 0.0290207
87 0.0289866
90 0.0289964
