-90 0.0289671
-87 0.0289473
-84 0.0289197
-81 0.0288959
-78 0.0288887
-75 0.0288708
-72 0.0289098
-69 0.0289408
-66 0.0289614
-63 0.028978
-60 0.0289888
-57 0.0289813
-54 0.0288745
-51 0.0281497
-48 0.0235509
-45 0.0237156
-42 0.0281493
-39 0.0288724
-36 0.0289777
-33 0.0290113
-30 0.0290288
-27 0.0290343
-24 0.0290357
-21 0.029036
-18 0.0290362
-15 0.0290361
-12 0.029036
-9 0.0290376
-6 0.0290384
-3 0.0290386
0 0.0290386
3 0.0290385
6 0.0290381
9 0.0290364
12 0.0290233
15 0.0290242
18 0.0290151
21 0.0290346
24 0.0290376
27 0.0290383
30 0.0290384
33 0.0290384
36 0.0290382
39 0.0290372
42 0.0290328
45 0.0290308
48 0.0290231
51 0.0290222
54 0.0290245
57 0.0290329
60 0.0290316
63 0.0290251
66 0.02901
69 0.0289737
72 0.0288426
75 0.0285099
78 0.0283592
81 0.0287009
84 0.0289188
87 0.0289703
90 0.0289671
