-90 0.028999
-87 0.0289994
-84 0.0290028
-81 0.0290032
-78 0.0290023
-75 0.029003
-72 0.0290036
-69 0.0290037
-66 0.0290037
-63 0.0290037
-60 0.0290035
-57 0.0290027
-54 0.0290004
-51 0.0289933
-48 0.0289737
-45 0.0289279
-42 0.0289083
-39 0.0289507
-36 0.0289812
-33 0.0289948
-30 0.0290012
-27 0.0290037
-24 0.0290046
-21 0.0290049
-18 0.0290051
-15 0.0290052
-12 0.0290053
-9 0.0290054
-6 0.0290054
-3 0.0290053
0 0.0290035
3 0.0289782
6 0.0289214
9 0.0289985
12 0.029005
15 0.0290055
18 0.0290055
21 0.0290053
24 0.029004
27 0.0289948
30 0.0289716
33 0.0289963
36 0.0290029
39 0.0290019
42 0.0289957
45 0.0289832
48 0.028971
51 0.0289726
54 0.0289859
57 0.0289971
60 0.0290018
63 0.0290021
66 0.0289985
69 0.0289984
72 0.0290023
75 0.0290037
78 0.0290037
81 0.0290037
84 0.0290036
87 0.0290028
90 0.028999
