-90 0.0290393
-87 0.0290397
-84 0.0290397
-81 0.0290396
-78 0.0290394
-75 0.0290391
-72 0.0290388
-69 0.0290384
-66 0.0290381
-63 0.0290378
-60 0.0290387
-57 0.0290391
-54 0.0290393
-51 0.0290397
-48 0.0290397
-45 0.0290397
-42 0.0290396
-39 0.0290391
-36 0.0290261
-33 0.0290217
-30 0.0290387
-27 0.0290391
-24 0.029039
-21 0.029039
-18 0.0290388
-15 0.0290384
-12 0.029038
-9 0.0290378
-6 0.029038
-3 0.0290386
0 0.0290389
3 0.0290391
6 0.0290392
9 0.0290393
12 0.0290396
15 0.0290396
18 0.0290393
21 0.0290383
24 0.0290346
27 0.0290219
30 0.0289786
33 0.0289923
36 0.0290241
39 0.0290292
42 0.0290066
45 0.0288459
48 0.0278205
51 0.0215239
54 0.0252933
57 0.0284326
60 0.0288973
63 0.02902
66 0.029036
69 0.0290378
72 0.0290359
75 0.0290317
78 0.0290093
81 0.0289927
84 0.0290288
87 0.0290375
90 0.0290393
