-90 0.0290271
-87 0.0290346
-84 0.0290368
-81 0.0290364
-78 0.0290316
-75 0.0290177
-72 0.0289969
-69 0.028992
-66 0.0290087
-63 0.0290248
-60 0.0290308
-57 0.0290323
-54 0.0290346
-51 0.0290366
-48 0.0290375
-45 0.0290382
-42 0.0290387
-39 0.0290389
-36 0.0290389
-33 0.0290387
-30 0.0290384
-27 0.029038
-24 0.0290372
-21 0.0290343
-18 0.0290224
-15 0.0289793
-12 0.0288805
-9 0.0288124
-6 0.0288911
-3 0.0289862
0 0.0290252
3 0.0290353
6 0.0290371
9 0.029038
12 0.0290389
15 0.0290393
18 0.0290392
21 0.029039
24 0.0290386
27 0.0290381
30 0.0290375
33 0.0290365
36 0.0290336
39 0.0290213
42 0.0289616
45 0.0286573
48 0.0274069
51 0.026513
54 0.0282277
57 0.028878
60 0.0290051
63 0.0290234
66 0.0290197
69 0.0290074
72 0.0289843
75 0.0289384
78 0.0289181
81 0.0289911
84 0.0290167
87 0.0290213
90 0.0290271
