-90 0.029033
-87 0.0290337
-84 0.0290336
-81 0.0290345
-78 0.0290359
-75 0.0290374
-72 0.0290385
-69 0.0290391
-66 0.0290395
-63 0.0290395
-60 0.0290397
-57 0.0290397
-54 0.0290397
-51 0.0290393
-48 0.0290359
-45 0.0290381
-42 0.0290397
-39 0.0290397
-36 0.0290394
-33 0.0290379
-30 0.0290293
-27 0.0289776
-24 0.0290173
-21 0.029036
-18 0.0290386
-15 0.0290365
-12 0.0290264
-9 0.0290354
-6 0.0290394
-3 0.0290398
0 0.0290397
3 0.0290394
6 0.0290384
9 0.029037
12 0.0290352
15 0.0290306
18 0.0290239
21 0.0290207
24 0.0290253
27 0.0290318
30 0.0290355
33 0.029035
36 0.0290281
39 0.0290039
42 0.0289619
45 0.0289458
48 0.0289808
51 0.0290176
54 0.0290337
57 0.0290384
60 0.0290394
63 0.0290393
66 0.0290384
69 0.0290356
72 0.0290291
75 0.029022
78 0.0290238
81 0.0290188
84 0.0290052
87 0.0290261
90 0.029033
