-90 0.0290279
-87 0.0290278
-84 0.0290276
-81 0.029027
-78 0.0290255
-75 0.0290209
-72 0.0290059
-69 0.0289682
-66 0.028991
-63 0.0290054
-60 0.0289942
-57 0.0289716
-54 0.0289525
-51 0.0289167
-48 0.0288588
-45 0.0288766
-42 0.0289563
-39 0.0290046
-36 0.0290207
-33 0.0290249
-30 0.029026
-27 0.0290255
-24 0.0290171
-21 0.0290205
-18 0.0290272
-15 0.0290273
-12 0.0290232
-9 0.0289945
-6 0.0289593
-3 0.0289839
0 0.0289968
3 0.0290035
6 0.0290125
9 0.02902
12 0.0290225
15 0.0290221
18 0.0290201
21 0.0290173
24 0.0290139
27 0.0290099
30 0.0290048
33 0.0289967
36 0.0289814
39 0.0289615
42 0.0289561
45 0.028973
48 0.0289946
51 0.0290079
54 0.0290143
57 0.0290178
60 0.0290201
63 0.0290219
66 0.0290234
69 0.0290246
72 0.0290256
75 0.0290263
78 0.029027
81 0.0290274
84 0.0290277
87 0.0290279
90 0.0290279
