-90 0.0290379
-87 0.029039
-84 0.0290382
-81 0.0290366
-78 0.0290354
-75 0.0290362
-72 0.0290378
-69 0.0290383
-66 0.0290366
-63 0.0290287
-60 0.0290061
-57 0.0289695
-54 0.028974
-51 0.0290046
-48 0.0290271
-45 0.0290363
-42 0.0290389
-39 0.0290394
-36 0.0290392
-33 0.0290386
-30 0.0290373
-27 0.0290348
-24 0.0290318
-21 0.0290292
-18 0.0290294
-15 0.0290298
-12 0.0290198
-9 0.0290314
-6 0.0290381
-3 0.0290393
0 0.0290396
3 0.0290397
6 0.0290396
9 0.0290392
12 0.0290368
15 0.0290293
18 0.0290235
21 0.0290325
24 0.0290365
27 0.0290351
30 0.0290313
33 0.0290286
36 0.0290267
39 0.0290105
42 0.0289513
45 0.0288229
48 0.0287675
51 0.0288885
54 0.0289921
57 0.0290286
60 0.0290376
63 0.0290394
66 0.029039
69 0.029036
72 0.0290258
75 0.0290224
78 0.0290341
81 0.0290379
84 0.0290301
87 0.0290237
90 0.0290379
