-90 0.0290332
-87 0.029034
-84 0.0290357
-81 0.0290369
-78 0.0290368
-75 0.0290353
-72 0.0290299
-69 0.0290226
-66 0.0290264
-63 0.0290333
-60 0.0290305
-57 0.0290189
-54 0.0290291
-51 0.0289914
-48 0.0290073
-45 0.0290332
-42 0.0290364
-39 0.0290363
-36 0.0290342
-33 0.0290301
-30 0.0290222
-27 0.0290092
-24 0.0290087
-21 0.0290273
-18 0.0290353
-15 0.0290378
-12 0.0290385
-9 0.0290386
-6 0.0290385
-3 0.0290385
0 0.0290384
3 0.0290382
6 0.0290374
9 0.0290325
12 0.0290209
15 0.0290305
18 0.0290336
21 0.0290348
24 0.0290353
27 0.0290348
30 0.0290339
33 0.0290327
36 0.0290314
39 0.02903
42 0.0290285
45 0.029027
48 0.0290257
51 0.0290241
54 0.0290194
57 0.029011
60 0.0290196
63 0.0290257
66 0.0290281
69 0.0290298
72 0.0290304
75 0.0290228
78 0.0290309
81 0.0290342
84 0.0290343
87 0.0290336
90 0.0290332
