-90 0.0290302
-87 0.0290274
-84 0.0290259
-81 0.0290225
-78 0.0290079
-75 0.0289581
-72 0.0289946
-69 0.029015
-66 0.0289845
-63 0.0289793
-60 0.0290326
-57 0.0290376
-54 0.0290357
-51 0.0290312
-48 0.0290275
-45 0.0290287
-42 0.0290333
-39 0.0290369
-36 0.0290385
-33 0.029039
-30 0.0290389
-27 0.0290383
-24 0.0290372
-21 0.0290355
-18 0.0290327
-15 0.0290281
-12 0.0290214
-9 0.029011
-6 0.0289918
-3 0.0289872
0 0.0290067
3 0.0290184
6 0.0290263
9 0.0290314
12 0.0290334
15 0.0290317
18 0.0290362
21 0.0290385
24 0.0290389
27 0.0290382
30 0.0290389
33 0.029039
36 0.0290385
39 0.0290383
42 0.0290385
45 0.029039
48 0.0290395
51 0.0290397
54 0.0290393
57 0.0290341
60 0.0290361
63 0.0290389
66 0.0290377
69 0.0290341
72 0.0290266
75 0.0290181
78 0.0290174
81 0.0290246
84 0.029031
87 0.0290324
90 0.0290302
