-90 0.0270094
-87 0.0261198
-84 0.0282261
-81 0.0288872
-78 0.029005
-75 0.0290231
-72 0.0290303
-69 0.0290115
-66 0.0290314
-63 0.0290339
-60 0.0290275
-57 0.0290197
-54 0.0289838
-51 0.0288312
-48 0.0285226
-45 0.0285179
-42 0.0288252
-39 0.0289797
-36 0.0290228
-33 0.0290344
-30 0.0290377
-27 0.0290388
-24 0.0290392
-21 0.0290394
-18 0.0290393
-15 0.0290393
-12 0.0290391
-9 0.0290387
-6 0.0290382
-3 0.0290373
0 0.0290353
3 0.0290299
6 0.0290163
9 0.0289922
12 0.0289728
15 0.028972
18 0.0289684
21 0.0289501
24 0.0289476
27 0.0289635
30 0.0289826
33 0.0289996
36 0.0290122
39 0.029021
42 0.029027
45 0.029031
48 0.0290338
51 0.0290356
54 0.0290369
57 0.0290378
60 0.0290383
63 0.0290385
66 0.0290383
69 0.0290377
72 0.029037
75 0.0290365
78 0.0290351
81 0.0290249
84 0.0289604
87 0.0285946
90 0.0270094
