-90 0.0285335
-87 0.0289502
-84 0.0290246
-81 0.0290373
-78 0.0290394
-75 0.0290398
-72 0.0290387
-69 0.0290331
-66 0.0290371
-63 0.0290378
-60 0.029039
-57 0.0290378
-54 0.0290276
-51 0.0289656
-48 0.0286085
-45 0.0269286
-42 0.0255702
-39 0.0280884
-36 0.0288677
-33 0.02901
-30 0.0290328
-27 0.0290351
-24 0.0290351
-21 0.029036
-18 0.0290379
-15 0.0290391
-12 0.0290395
-9 0.0290373
-6 0.0290096
-3 0.0290228
0 0.0290361
3 0.0290366
6 0.0290391
9 0.0290395
12 0.0290387
15 0.0290353
18 0.0290201
21 0.0289506
24 0.0290179
27 0.0290355
30 0.0290388
33 0.0290389
36 0.0290357
39 0.0290224
42 0.0289826
45 0.0289175
48 0.0289039
51 0.0289645
54 0.0290137
57 0.0290297
60 0.0290359
63 0.0290391
66 0.0290395
69 0.0290391
72 0.0290359
75 0.0290167
78 0.0289038
81 0.0282896
84 0.02614
87 0.0267647
90 0.0285335
