-90 0.0290292
-87 0.0289756
-84 0.0286344
-81 0.0264546
-78 0.0179173
-75 0.0272297
-72 0.0287516
-69 0.0289897
-66 0.0290303
-63 0.0290378
-60 0.0290389
-57 0.0290387
-54 0.029038
-51 0.0290371
-48 0.0290366
-45 0.029037
-42 0.0290379
-39 0.0290386
-36 0.0290387
-33 0.0290378
-30 0.0290322
-27 0.0290035
-24 0.0288737
-21 0.0284802
-18 0.0281938
-15 0.0286162
-12 0.0289271
-9 0.029014
-6 0.0290318
-3 0.0290353
0 0.0290357
3 0.0290356
6 0.0290354
9 0.0290352
12 0.0290352
15 0.0290353
18 0.0290354
21 0.0290356
24 0.0290357
27 0.0290352
30 0.0290307
33 0.0290069
36 0.0288995
39 0.0285718
42 0.0282917
45 0.0286247
48 0.0289199
51 0.0290117
54 0.0290328
57 0.0290374
60 0.0290386
63 0.0290391
66 0.0290393
69 0.0290394
72 0.0290394
75 0.0290395
78 0.0290395
81 0.0290393
84 0.029039
87 0.0290376
90 0.0290292
