-90 0.0290278
-87 0.0290264
-84 0.0290234
-81 0.0290244
-78 0.0290265
-75 0.0290272
-72 0.0290273
-69 0.0290226
-66 0.0290127
-63 0.0290263
-60 0.0290273
-57 0.0290269
-54 0.0290261
-51 0.0290231
-48 0.02899
-45 0.0290022
-42 0.0290174
-39 0.0290036
-36 0.0289533
-33 0.0288486
-30 0.0287949
-27 0.0288829
-24 0.0289691
-21 0.0290008
-18 0.0290073
-15 0.0290068
-12 0.0290041
-9 0.0290021
-6 0.0289995
-3 0.0289966
0 0.0289935
3 0.0289921
6 0.0289917
9 0.0289914
12 0.0289917
15 0.0289926
18 0.0289926
21 0.0289755
24 0.0289611
27 0.0289973
30 0.0290022
33 0.028997
36 0.028998
39 0.0290039
42 0.0290034
45 0.0290063
48 0.0290116
51 0.0290156
54 0.0290164
57 0.0290131
60 0.0290064
63 0.0290058
66 0.0290136
69 0.0290203
72 0.0290241
75 0.029025
78 0.0290219
81 0.0290188
84 0.0290245
87 0.0290275
90 0.0290278
