-90 0.0290292
-87 0.0290165
-84 0.0289349
-81 0.0284166
-78 0.0251642
-75 0.0219121
-72 0.0278428
-69 0.0288042
-66 0.0289953
-63 0.0290271
-60 0.0290319
-57 0.0290326
-54 0.0290319
-51 0.0290285
-48 0.0290193
-45 0.0290026
-42 0.0289901
-39 0.0289979
-36 0.0290151
-33 0.0290249
-30 0.0290157
-27 0.0290177
-24 0.0290061
-21 0.0289494
-18 0.0288522
-15 0.0288344
-12 0.028925
-9 0.0289916
-6 0.0290127
-3 0.0290077
0 0.0289597
3 0.0289811
6 0.0290053
9 0.029005
12 0.0290012
15 0.0289971
18 0.0289936
21 0.0289912
24 0.0289903
27 0.028991
30 0.0289925
33 0.0289917
36 0.0289773
39 0.0289174
42 0.0287894
45 0.0287381
48 0.0288598
51 0.0289656
54 0.0290061
57 0.0290182
60 0.0290223
63 0.0290243
66 0.0290257
69 0.0290269
72 0.0290279
75 0.0290287
78 0.0290295
81 0.0290302
84 0.0290307
87 0.0290309
90 0.0290292
