-90 0.0288782
-87 0.0288816
-84 0.0288776
-81 0.0288727
-78 0.0288658
-75 0.0288147
-72 0.0288524
-69 0.0288663
-66 0.0288695
-63 0.0288727
-60 0.0288735
-57 0.0288567
-54 0.0287289
-51 0.0279164
-48 0.0233551
-45 0.0243176
-42 0.02754
-39 0.0283857
-36 0.0287589
-33 0.0288685
-30 0.0288924
-27 0.0288968
-24 0.0288975
-21 0.0288977
-18 0.0288977
-15 0.0288963
-12 0.0288994
-9 0.0289032
-6 0.0289059
-3 0.0289082
0 0.0289084
3 0.0288953
6 0.0288093
9 0.0283824
12 0.027173
15 0.0270784
18 0.0278303
21 0.0283877
24 0.0287708
27 0.0288951
30 0.0289234
33 0.0289291
36 0.0289302
39 0.0289302
42 0.0289285
45 0.0289161
48 0.0289231
51 0.0289276
54 0.0289269
57 0.0289252
60 0.0289207
63 0.0289008
66 0.0287921
69 0.028205
72 0.025986
75 0.0246835
78 0.016807
81 0.0261881
84 0.0284731
87 0.0288269
90 0.0288782
