-90 0.0290237
-87 0.0290242
-84 0.0289868
-81 0.0290256
-78 0.0290334
-75 0.0290345
-72 0.0290351
-69 0.0290353
-66 0.029035
-63 0.0290344
-60 0.0290339
-57 0.0290339
-54 0.0290342
-51 0.0290336
-48 0.0290289
-45 0.0290128
-42 0.0289834
-39 0.0289681
-36 0.0289896
-33 0.0290178
-30 0.0290318
-27 0.0290363
-24 0.0290373
-21 0.0290373
-18 0.0290368
-15 0.0290367
-12 0.0290355
-9 0.0290292
-6 0.0289918
-3 0.0287578
0 0.0272712
3 0.0185088
6 0.0263895
9 0.0285864
12 0.0289542
15 0.0290142
18 0.0290222
21 0.0290216
24 0.0290194
27 0.0290168
30 0.0290157
33 0.0290149
36 0.0290137
39 0.0290114
42 0.0290041
45 0.0289777
48 0.0289146
51 0.0288571
54 0.0288821
57 0.0289504
60 0.0289904
63 0.0290045
66 0.0290097
69 0.0290132
72 0.0290163
75 0.0290192
78 0.0290219
81 0.0290242
84 0.0290257
87 0.0290245
90 0.0290237
