-90 0.0289012
-87 0.0282535
-84 0.0257466
-81 0.0264188
-78 0.0284847
-75 0.028944
-72 0.0290239
-69 0.0290373
-66 0.0290395
-63 0.0290398
-60 0.0290396
-57 0.0290395
-54 0.0290398
-51 0.0290398
-48 0.0290381
-45 0.0290303
-42 0.0290364
-39 0.0290393
-36 0.0290384
-33 0.0290343
-30 0.0290237
-27 0.0290061
-24 0.0290004
-21 0.0290161
-18 0.0290304
-15 0.029037
-12 0.0290388
-9 0.0290385
-6 0.0290373
-3 0.0290375
0 0.0290389
3 0.0290392
6 0.0290382
9 0.0290384
12 0.0290395
15 0.0290397
18 0.0290387
21 0.0290366
24 0.0290243
27 0.0289735
30 0.0288301
33 0.0286817
36 0.0287853
39 0.0289491
42 0.0290161
45 0.0290328
48 0.0290355
51 0.0290354
54 0.0290352
57 0.0290355
60 0.0290364
63 0.0290371
66 0.0290376
69 0.0290388
72 0.0290393
75 0.0290394
78 0.0290395
81 0.0290391
84 0.0290358
87 0.0290164
90 0.0289012
