-90 0.0290382
-87 0.0290354
-84 0.0290224
-81 0.0289851
-78 0.0290143
-75 0.0290288
-72 0.0290293
-69 0.0290252
-66 0.0290235
-63 0.029028
-60 0.0290308
-57 0.0290312
-54 0.0290317
-51 0.0290329
-48 0.029034
-45 0.0290341
-42 0.0290334
-39 0.0290324
-36 0.0290313
-33 0.0290302
-30 0.0290285
-27 0.029021
-24 0.0289785
-21 0.0287421
-18 0.0276873
-15 0.0263975
-12 0.0280393
-9 0.0288295
-6 0.0289855
-3 0.0290241
0 0.0290337
3 0.0290355
6 0.0290347
9 0.0290318
12 0.0290298
15 0.0290241
18 0.0290114
21 0.0289816
24 0.0288923
27 0.0287467
30 0.0284523
33 0.0276575
36 0.0280377
39 0.0287564
42 0.0289774
45 0.0290231
48 0.0290314
51 0.0290325
54 0.0290324
57 0.0290322
60 0.0290324
63 0.0290331
66 0.029034
69 0.0290351
72 0.0290362
75 0.0290371
78 0.0290378
81 0.0290383
84 0.0290386
87 0.0290387
90 0.0290382
