-90 0.0286417
-87 0.0288874
-84 0.0289481
-81 0.0289607
-78 0.0289723
-75 0.0289788
-72 0.0289753
-69 0.0289647
-66 0.0289496
-63 0.0289314
-60 0.0289114
-57 0.0288905
-54 0.0288655
-51 0.028842
-48 0.0288514
-45 0.0288682
-42 0.0289044
-39 0.0289342
-36 0.0289456
-33 0.0288998
-30 0.0289818
-27 0.0289977
-24 0.0290056
-21 0.0290113
-18 0.0290156
-15 0.0290188
-12 0.0290211
-9 0.0290227
-6 0.0290237
-3 0.0290234
0 0.0290219
3 0.029022
6 0.029022
9 0.0290242
12 0.0290269
15 0.0290279
18 0.0290285
21 0.029029
24 0.0290294
27 0.0290297
30 0.0290299
33 0.0290301
36 0.0290303
39 0.0290305
42 0.0290308
45 0.0290309
48 0.029031
51 0.0290309
54 0.0290307
57 0.0290303
60 0.0290297
63 0.0290288
66 0.0290278
69 0.0290266
72 0.0290246
75 0.0290183
78 0.0289911
81 0.0288763
84 0.0285498
87 0.0283198
90 0.0286417
