-90 0.028975
-87 0.0289815
-84 0.0289793
-81 0.0289769
-78 0.0289741
-75 0.028971
-72 0.0289672
-69 0.0289621
-66 0.0289539
-63 0.0289409
-60 0.0289241
-57 0.0289178
-54 0.028931
-51 0.0289471
-48 0.0289585
-45 0.0289658
-42 0.0289705
-39 0.0289741
-36 0.0289771
-33 0.0289797
-30 0.0289822
-27 0.0289845
-24 0.0289866
-21 0.0289886
-18 0.0289905
-15 0.0289917
-12 0.0289904
-9 0.0289901
-6 0.0289948
-3 0.0289967
0 0.0289969
3 0.0289962
6 0.0289958
9 0.0289968
12 0.0289993
15 0.0290013
18 0.029002
21 0.0289998
24 0.0289875
27 0.0289456
30 0.0288528
33 0.02877
36 0.0288142
39 0.0289189
42 0.0289775
45 0.028997
48 0.0290012
51 0.0290012
54 0.0289997
57 0.0289965
60 0.0289953
63 0.028997
66 0.0289972
69 0.0289964
72 0.0289952
75 0.0289937
78 0.0289921
81 0.0289903
84 0.0289867
87 0.0289427
90 0.028975
