-90 0.0290386
-87 0.0290387
-84 0.0290387
-81 0.0290391
-78 0.0290395
-75 0.0290397
-72 0.0290397
-69 0.0290386
-66 0.0290319
-63 0.0290327
-60 0.0290387
-57 0.0290395
-54 0.0290394
-51 0.0290397
-48 0.0290399
-45 0.0290399
-42 0.0290399
-39 0.0290397
-36 0.0290389
-33 0.0290371
-30 0.0290345
-27 0.0290364
-24 0.0290388
-21 0.0290395
-18 0.0290393
-15 0.0290386
-12 0.0290389
-9 0.0290395
-6 0.0290396
-3 0.0290396
0 0.0290394
3 0.0290389
6 0.0290375
9 0.0290338
12 0.0290244
15 0.0289986
18 0.0289767
21 0.0290114
24 0.0290188
27 0.029017
30 0.0290077
33 0.0289893
36 0.0290192
39 0.0290258
42 0.0290328
45 0.0290368
48 0.0290379
51 0.0290366
54 0.0290308
57 0.029014
60 0.0290071
63 0.0290267
66 0.0290352
69 0.0290377
72 0.0290383
75 0.0290381
78 0.0290376
81 0.029038
84 0.0290376
87 0.0290383
90 0.0290386
