-90 0.0289194
-87 0.0289004
-84 0.0289574
-81 0.0289968
-78 0.0290166
-75 0.0290273
-72 0.0290253
-69 0.0290168
-66 0.0289988
-63 0.0289623
-60 0.0289608
-57 0.0289959
-54 0.0290131
-51 0.0290179
-48 0.0289806
-45 0.0289854
-42 0.0290259
-39 0.0290343
-36 0.0290357
-33 0.0290363
-30 0.0290367
-27 0.029037
-24 0.0290369
-21 0.0290347
-18 0.0290257
-15 0.0289765
-12 0.0286775
-9 0.0270636
-6 0.0242748
-3 0.0276688
0 0.0287961
3 0.0289974
6 0.029031
9 0.0290365
12 0.0290373
15 0.0290372
18 0.0290372
21 0.0290372
24 0.0290372
27 0.0290371
30 0.0290369
33 0.0290367
36 0.0290365
39 0.0290361
42 0.0290354
45 0.0290357
48 0.0290357
51 0.0290355
54 0.0290354
57 0.0290352
60 0.029035
63 0.0290348
66 0.0290346
69 0.0290344
72 0.0290342
75 0.029034
78 0.0290332
81 0.0290301
84 0.0290179
87 0.0289816
90 0.0289194
