-90 0.0290179
-87 0.0290202
-84 0.0289873
-81 0.0290278
-78 0.029036
-75 0.0290371
-72 0.0290378
-69 0.0290376
-66 0.0290353
-63 0.0290244
-60 0.0289682
-57 0.0286522
-54 0.027089
-51 0.0252356
-48 0.0279193
-45 0.0288094
-42 0.028942
-39 0.0289368
-36 0.028951
-33 0.0290056
-30 0.0290286
-27 0.0290355
-24 0.0290375
-21 0.0290382
-18 0.0290386
-15 0.0290388
-12 0.029039
-9 0.029039
-6 0.0290377
-3 0.0290294
0 0.0289812
3 0.0287123
6 0.0275159
9 0.0262584
12 0.0280859
15 0.0288528
18 0.0290028
21 0.0290115
24 0.0290204
27 0.0290358
30 0.0290382
33 0.0290383
36 0.0290377
39 0.0290359
42 0.0290299
45 0.0290085
48 0.0289538
51 0.0288928
54 0.0289125
57 0.0289699
60 0.0289455
63 0.0285708
66 0.026153
69 0.0201502
72 0.0274603
75 0.028748
78 0.0289338
81 0.028967
84 0.0289948
87 0.0290116
90 0.0290179
