-90 0.0290387
-87 0.0290384
-84 0.0290382
-81 0.0290378
-78 0.0290379
-75 0.0290386
-72 0.0290389
-69 0.029039
-66 0.0290391
-63 0.0290391
-60 0.029039
-57 0.0290379
-54 0.0290322
-51 0.0290367
-48 0.0290388
-45 0.0290387
-42 0.0290384
-39 0.0290364
-36 0.0290327
-33 0.0290321
-30 0.0290337
-27 0.0290357
-24 0.0290375
-21 0.0290385
-18 0.0290389
-15 0.0290393
-12 0.0290394
-9 0.0290388
-6 0.0290335
-3 0.0290207
0 0.0290334
3 0.029037
6 0.0290373
9 0.0290362
12 0.0290345
15 0.0290321
18 0.0290278
21 0.0290163
24 0.0289845
27 0.0289295
30 0.0289086
33 0.0289549
36 0.0290012
39 0.0290215
42 0.029029
45 0.0290327
48 0.0290351
51 0.0290366
54 0.0290371
57 0.0290332
60 0.0289895
63 0.0290262
66 0.0290229
69 0.0290262
72 0.0290361
75 0.0290385
78 0.0290389
81 0.0290389
84 0.0290389
87 0.0290388
90 0.0290387
