-90 0.0290336
-87 0.029034
-84 0.0290344
-81 0.0290349
-78 0.0290352
-75 0.0290354
-72 0.0290356
-69 0.0290357
-66 0.0290358
-63 0.0290358
-60 0.0290357
-57 0.0290357
-54 0.0290356
-51 0.0290355
-48 0.0290348
-45 0.0290317
-42 0.0290163
-39 0.0289279
-36 0.0284474
-33 0.0264832
-30 0.0260972
-27 0.0281549
-24 0.0287617
-21 0.0289499
-18 0.0290092
-15 0.0290233
-12 0.0290248
-9 0.0290231
-6 0.0290202
-3 0.0290166
0 0.029012
3 0.0290063
6 0.0289992
9 0.0289903
12 0.0289796
15 0.0289689
18 0.0289633
21 0.028967
24 0.0289757
27 0.0289844
30 0.0289922
33 0.0289983
36 0.0290033
39 0.0290074
42 0.0290109
45 0.029014
48 0.0290167
51 0.0290192
54 0.0290214
57 0.0290231
60 0.0290241
63 0.0290247
66 0.0290269
69 0.029029
72 0.0290302
75 0.0290308
78 0.0290319
81 0.0290326
84 0.029033
87 0.0290333
90 0.0290336
