-90 0.0290307
-87 0.0290293
-84 0.0290265
-81 0.0290208
-78 0.0290233
-75 0.0290219
-72 0.0290192
-69 0.0290153
-66 0.0290126
-63 0.0290104
-60 0.0290078
-57 0.0290054
-54 0.0290032
-51 0.0289966
-48 0.028986
-45 0.029002
-42 0.0290075
-39 0.0290106
-36 0.0290136
-33 0.0290165
-30 0.0290192
-27 0.0290216
-24 0.0290237
-21 0.0290255
-18 0.029027
-15 0.0290284
-12 0.0290298
-9 0.0290312
-6 0.0290322
-3 0.0290329
0 0.0290322
3 0.0290294
6 0.0290317
9 0.0290346
12 0.029035
15 0.0290345
18 0.0290334
21 0.0290292
24 0.0290195
27 0.0290085
30 0.0290056
33 0.0289708
36 0.0289647
39 0.0289459
42 0.0289119
45 0.0289128
48 0.0289636
51 0.0290088
54 0.0290279
57 0.0290336
60 0.029035
63 0.0290354
66 0.0290354
69 0.0290352
72 0.029035
75 0.0290346
78 0.0290341
81 0.0290335
84 0.0290327
87 0.0290315
90 0.0290307
