-90 0.0290379
-87 0.0290349
-84 0.0290203
-81 0.0289524
-78 0.0287113
-75 0.028345
-72 0.0285094
-69 0.028842
-66 0.0289338
-63 0.0289994
-60 0.02902
-57 0.0290186
-54 0.0290143
-51 0.0290098
-48 0.0290064
-45 0.0290038
-42 0.0290033
-39 0.029003
-36 0.0290029
-33 0.0290028
-30 0.0290018
-27 0.0289976
-24 0.0289778
-21 0.02889
-18 0.0286182
-15 0.0283573
-12 0.0286165
-9 0.0288722
-6 0.0289296
-3 0.0289759
0 0.0290156
3 0.0290279
6 0.029032
9 0.0290314
12 0.0290299
15 0.0290342
18 0.0290364
21 0.0290371
24 0.0290376
27 0.0290381
30 0.0290382
33 0.0290378
36 0.0290354
39 0.0290282
42 0.0290152
45 0.0290056
48 0.0290112
51 0.0290231
54 0.0290241
57 0.0289942
60 0.0288711
63 0.0286193
66 0.028591
69 0.0288438
72 0.0289879
75 0.0290284
78 0.0290371
81 0.0290387
84 0.0290387
87 0.0290385
90 0.0290379
