-90 0.0290292
-87 0.0290365
-84 0.0290369
-81 0.0290367
-78 0.0290363
-75 0.029035
-72 0.0290304
-69 0.0290309
-66 0.029034
-63 0.0290342
-60 0.0290339
-57 0.0290337
-54 0.0290335
-51 0.0290333
-48 0.0290325
-45 0.0290286
-42 0.0290147
-39 0.0289821
-36 0.0289545
-33 0.0289711
-30 0.0290056
-27 0.0290265
-24 0.0290338
-21 0.0290331
-18 0.0290295
-15 0.0290357
-12 0.0290378
-9 0.0290382
-6 0.0290379
-3 0.0290368
0 0.029037
3 0.0290374
6 0.0290362
9 0.029034
12 0.0290312
15 0.0290299
18 0.0290332
21 0.0290364
24 0.029037
27 0.0290336
30 0.0290173
33 0.029016
36 0.0290334
39 0.0290368
42 0.0290357
45 0.0290318
48 0.029025
51 0.029018
54 0.0290194
57 0.0290272
60 0.0290328
63 0.0290351
66 0.0290358
69 0.0290363
72 0.029037
75 0.0290364
78 0.0290192
81 0.0290343
84 0.0290323
87 0.0289556
90 0.0290292
