-90 0.0285636
-87 0.0281258
-84 0.0284508
-81 0.0288386
-78 0.028986
-75 0.0290158
-72 0.0290214
-69 0.029029
-66 0.0290347
-63 0.0290374
-60 0.0290386
-57 0.029039
-54 0.0290388
-51 0.0290338
-48 0.0290335
-45 0.0290383
-42 0.0290379
-39 0.0290369
-36 0.0290354
-33 0.0290315
-30 0.0290269
-27 0.0290265
-24 0.0290285
-21 0.0290146
-18 0.0289902
-15 0.029032
-12 0.0290379
-9 0.0290392
-6 0.0290395
-3 0.0290397
0 0.0290395
3 0.0290396
6 0.0290396
9 0.0290395
12 0.0290394
15 0.0290393
18 0.0290391
21 0.0290388
24 0.029038
27 0.0290368
30 0.029037
33 0.029037
36 0.0290367
39 0.0290363
42 0.0290356
45 0.0290345
48 0.0290329
51 0.029031
54 0.0290288
57 0.0290261
60 0.0290232
63 0.0290204
66 0.0290182
69 0.029017
72 0.0290172
75 0.0290186
78 0.0290204
81 0.0290195
84 0.029002
87 0.0289067
90 0.0285636
