-90 0.0290356
-87 0.0290341
-84 0.0290327
-81 0.0290319
-78 0.0290306
-75 0.0290231
-72 0.0289782
-69 0.0287133
-66 0.027314
-63 0.0246791
-60 0.0276044
-57 0.0287695
-54 0.0289885
-51 0.0290256
-48 0.029032
-45 0.0290333
-42 0.0290336
-39 0.0290331
-36 0.0290337
-33 0.029035
-30 0.0290357
-27 0.0290359
-24 0.0290349
-21 0.0290236
-18 0.0289672
-15 0.0289839
-12 0.028966
-9 0.0289875
-6 0.0290158
-3 0.0290317
0 0.0290374
3 0.0290389
6 0.0290393
9 0.0290392
12 0.0290382
15 0.0290313
18 0.0289913
21 0.0287742
24 0.0278384
27 0.0267085
30 0.0280986
33 0.0288242
36 0.0289362
39 0.0289784
42 0.0289467
45 0.0288649
48 0.0288682
51 0.0289567
54 0.0290143
57 0.0290334
60 0.0290381
63 0.029039
66 0.0290388
69 0.0290368
72 0.0290334
75 0.0290335
78 0.0289869
81 0.0290234
84 0.0290348
87 0.0290366
90 0.0290356
