-90 0.0288541
-87 0.0284389
-84 0.0281017
-81 0.0285457
-78 0.0288891
-75 0.0289839
-72 0.029
-69 0.0289382
-66 0.0289964
-63 0.0289809
-60 0.0288877
-57 0.0285057
-54 0.0278006
-51 0.0281464
-48 0.0287647
-45 0.0289608
-42 0.0290038
-39 0.0290136
-36 0.0290171
-33 0.0290193
-30 0.0290211
-27 0.0290228
-24 0.0290242
-21 0.0290256
-18 0.0290267
-15 0.0290274
-12 0.0290271
-9 0.0290286
-6 0.0290301
-3 0.0290308
0 0.0290313
3 0.0290317
6 0.0290319
9 0.0290319
12 0.0290321
15 0.0290323
18 0.0290311
21 0.0290227
24 0.0290149
27 0.029029
30 0.0290327
33 0.0290332
36 0.0290332
39 0.0290331
42 0.029033
45 0.0290328
48 0.0290326
51 0.0290321
54 0.0290309
57 0.0290298
60 0.0290292
63 0.0290267
66 0.0290223
69 0.0290182
72 0.0290183
75 0.0290211
78 0.0290229
81 0.0290223
84 0.0290162
87 0.0289866
90 0.0288541
