-90 0.0290347
-87 0.0290284
-84 0.0290289
-81 0.029035
-78 0.0290378
-75 0.0290391
-72 0.0290395
-69 0.0290395
-66 0.0290393
-63 0.0290382
-60 0.0290263
-57 0.028992
-54 0.0290348
-51 0.0290383
-48 0.0290383
-45 0.0290381
-42 0.0290388
-39 0.0290395
-36 0.0290398
-33 0.0290399
-30 0.0290398
-27 0.0290397
-24 0.0290396
-21 0.0290368
-18 0.0290195
-15 0.029038
-12 0.0290393
-9 0.0290393
-6 0.0290394
-3 0.0290396
0 0.0290396
3 0.0290396
6 0.0290394
9 0.0290391
12 0.0290395
15 0.0290396
18 0.0290396
21 0.0290395
24 0.0290388
27 0.0290363
30 0.0290274
33 0.0290322
36 0.0290375
39 0.0290372
42 0.0290364
45 0.0290372
48 0.0290384
51 0.029039
54 0.0290385
57 0.0290342
60 0.0290083
63 0.0288467
66 0.0278905
69 0.0239254
72 0.0263355
75 0.0285538
78 0.0289598
81 0.0290263
84 0.0290371
87 0.0290378
90 0.0290347
