-90 0.0288583
-87 0.0288983
-84 0.0289708
-81 0.029006
-78 0.0290153
-75 0.0290159
-72 0.0290136
-69 0.0289946
-66 0.0289886
-63 0.0290033
-60 0.0289984
-57 0.0289909
-54 0.0289767
-51 0.0289399
-48 0.0288878
-45 0.0288642
-42 0.0289176
-39 0.0289821
-36 0.029013
-33 0.0290239
-30 0.0290279
-27 0.0290299
-24 0.0290312
-21 0.029032
-18 0.0290325
-15 0.0290327
-12 0.0290317
-9 0.0290267
-6 0.0290198
-3 0.0290196
0 0.0290092
3 0.0290291
6 0.029031
9 0.0290306
12 0.0290298
15 0.029029
18 0.029028
21 0.0290264
24 0.0290236
27 0.0290179
30 0.0290105
33 0.0290047
36 0.0290017
39 0.0289935
42 0.02898
45 0.0289795
48 0.0289951
51 0.029009
54 0.0290152
57 0.0290173
60 0.0290181
63 0.029018
66 0.0290033
69 0.0290134
72 0.0290211
75 0.0290218
78 0.0290207
81 0.0290132
84 0.0289846
87 0.028917
90 0.0288583
