-90 0.0290036
-87 0.0290124
-84 0.0290197
-81 0.0290254
-78 0.0290297
-75 0.0290327
-72 0.0290347
-69 0.029036
-66 0.0290361
-63 0.029032
-60 0.029011
-57 0.0289277
-54 0.0287035
-51 0.0285141
-48 0.0287195
-45 0.0289379
-42 0.0290148
-39 0.0290337
-36 0.0290382
-33 0.0290394
-30 0.0290397
-27 0.0290398
-24 0.0290397
-21 0.0290398
-18 0.0290398
-15 0.0290397
-12 0.0290394
-9 0.0290386
-6 0.0290376
-3 0.0290382
0 0.0290386
3 0.0290384
6 0.0290387
9 0.0290388
12 0.0290389
15 0.0290391
18 0.0290392
21 0.0290392
24 0.0290383
27 0.0290323
30 0.0289991
33 0.0288353
36 0.0280822
39 0.0267139
42 0.027865
45 0.0287751
48 0.0289858
51 0.0290287
54 0.0290362
57 0.0290368
60 0.0290359
63 0.0290343
66 0.029032
69 0.0290287
72 0.0290241
75 0.029018
78 0.02901
81 0.0289972
84 0.0289747
87 0.0289923
90 0.0290036
