-90 0.0290398
-87 0.0290398
-84 0.0290395
-81 0.0290386
-78 0.0290346
-75 0.0290093
-72 0.0288605
-69 0.0280709
-66 0.0257852
-63 0.0271642
-60 0.0286488
-57 0.0289465
-54 0.0290034
-51 0.0290358
-48 0.0290389
-45 0.029039
-42 0.029039
-39 0.0290393
-36 0.0290393
-33 0.0290393
-30 0.0290394
-27 0.0290394
-24 0.029038
-21 0.0290222
-18 0.029033
-15 0.0290375
-12 0.029027
-9 0.0290375
-6 0.0290395
-3 0.0290396
0 0.0290395
3 0.0290395
6 0.0290394
9 0.029039
12 0.0290367
15 0.0290194
18 0.0289722
21 0.0289808
24 0.0290205
27 0.0290214
30 0.0290077
33 0.0289851
36 0.0289554
39 0.0289331
42 0.0289817
45 0.0290159
48 0.0290281
51 0.0290334
54 0.0290361
57 0.0290375
60 0.0290384
63 0.0290389
66 0.0290391
69 0.0290346
72 0.0289697
75 0.0290332
78 0.0289811
81 0.0290308
84 0.0290393
87 0.0290398
90 0.0290398
