-90 0.0290233
-87 0.0290357
-84 0.0290384
-81 0.0290389
-78 0.0290391
-75 0.0290391
-72 0.0290391
-69 0.029039
-66 0.0290392
-63 0.0290392
-60 0.029039
-57 0.0290387
-54 0.0290372
-51 0.0290274
-48 0.0289747
-45 0.0287399
-42 0.0280887
-39 0.0279236
-36 0.028628
-33 0.0289482
-30 0.0290225
-27 0.0290368
-24 0.0290393
-21 0.0290397
-18 0.0290388
-15 0.0290372
-12 0.0290394
-9 0.0290397
-6 0.0290385
-3 0.0290314
0 0.0289905
3 0.0287446
6 0.0274149
9 0.024492
12 0.0274743
15 0.0287427
18 0.0289652
21 0.0290013
24 0.0290176
27 0.0290253
30 0.0290261
33 0.0290361
36 0.0290393
39 0.0290397
42 0.0290388
45 0.0290387
48 0.0290395
51 0.0290397
54 0.0290397
57 0.0290393
60 0.0290384
63 0.0290363
66 0.0290319
69 0.0290221
72 0.0289921
75 0.0289156
78 0.0287678
81 0.0286775
84 0.028831
87 0.0289731
90 0.0290233
