-90 0.0288611
-87 0.0279024
-84 0.0217577
-81 0.0248881
-78 0.0283694
-75 0.0288578
-72 0.028832
-69 0.0288066
-66 0.0289126
-63 0.0289993
-60 0.0290302
-57 0.0290379
-54 0.0290395
-51 0.0290394
-48 0.0290378
-45 0.0290385
-42 0.0290395
-39 0.0290395
-36 0.0290396
-33 0.0290398
-30 0.0290398
-27 0.0290394
-24 0.0290377
-21 0.0290294
-18 0.028995
-15 0.028892
-12 0.0287553
-9 0.0287972
-6 0.0289359
-3 0.0290067
0 0.0290318
3 0.0290373
6 0.0290381
9 0.0290379
12 0.0290374
15 0.0290375
18 0.0290379
21 0.0290382
24 0.0290384
27 0.0290386
30 0.0290387
33 0.0290376
36 0.0290314
39 0.0290341
42 0.0290354
45 0.0290342
48 0.0290341
51 0.0290347
54 0.0290362
57 0.0290376
60 0.0290378
63 0.0290369
66 0.0290352
69 0.0290337
72 0.0290334
75 0.0290345
78 0.0290362
81 0.0290371
84 0.0290343
87 0.0290111
90 0.0288611
