-90 0.0289994
-87 0.029001
-84 0.0289737
-81 0.0289318
-78 0.0289896
-75 0.0290064
-72 0.0289807
-69 0.0288057
-66 0.0280952
-63 0.0272454
-60 0.0281896
-57 0.0288019
-54 0.0289163
-51 0.0289101
-48 0.0288924
-45 0.0287171
-42 0.0281907
-39 0.0280754
-36 0.0286562
-33 0.0289361
-30 0.0290019
-27 0.0290082
-24 0.0289977
-21 0.0289897
-18 0.0289992
-15 0.0290092
-12 0.0290104
-9 0.0290019
-6 0.0289849
-3 0.0289676
0 0.028967
3 0.0289862
6 0.0290047
9 0.0290162
12 0.0290209
15 0.0290182
18 0.0290111
21 0.0290099
24 0.0290181
27 0.0290253
30 0.0290248
33 0.029015
36 0.0289948
39 0.0289817
42 0.0290026
45 0.0290186
48 0.0290215
51 0.0290035
54 0.0289505
57 0.0288939
60 0.0289159
63 0.0289748
66 0.0289999
69 0.0289936
72 0.0289608
75 0.0288658
78 0.028718
81 0.0286489
84 0.0288066
87 0.0289508
90 0.0289994
