-90 0.028949
-87 0.0289622
-84 0.0289604
-81 0.0289501
-78 0.0289346
-75 0.028914
-72 0.0288872
-69 0.0288524
-66 0.0288089
-63 0.0287845
-60 0.0288289
-57 0.0288675
-54 0.0288979
-51 0.0289215
-48 0.0289398
-45 0.0289541
-42 0.0289651
-39 0.0289736
-36 0.0289803
-33 0.0289862
-30 0.0289919
-27 0.0289969
-24 0.0290011
-21 0.0290045
-18 0.0290072
-15 0.0290096
-12 0.0290115
-9 0.0290132
-6 0.0290147
-3 0.029016
0 0.0290171
3 0.029018
6 0.0290188
9 0.0290191
12 0.0290182
15 0.0290117
18 0.0289848
21 0.028877
24 0.0285509
27 0.0281148
30 0.028153
33 0.0286311
36 0.0289143
39 0.0289952
42 0.0290143
45 0.0290184
48 0.0290187
51 0.0290179
54 0.0290155
57 0.0290048
60 0.0290124
63 0.0290132
66 0.0290116
69 0.0290095
72 0.0290064
75 0.0290006
78 0.0289872
81 0.0289594
84 0.0289278
87 0.0289263
90 0.028949
