-90 0.0290125
-87 0.0290116
-84 0.0290107
-81 0.0290097
-78 0.0290087
-75 0.0290077
-72 0.0290068
-69 0.029006
-66 0.0290052
-63 0.0290042
-60 0.0290018
-57 0.0289881
-54 0.0289925
-51 0.0289979
-48 0.0289964
-45 0.0289921
-42 0.0289802
-39 0.0289499
-36 0.0289058
-33 0.0289002
-30 0.0289437
-27 0.0289811
-24 0.0289975
-21 0.0290037
-18 0.0290067
-15 0.0290087
-12 0.0290104
-9 0.0290117
-6 0.0290129
-3 0.0290139
0 0.0290147
3 0.0290143
6 0.0289947
9 0.0289938
12 0.0290096
15 0.0290067
18 0.029011
21 0.0290171
24 0.0290189
27 0.0290193
30 0.0290195
33 0.0290197
36 0.0290197
39 0.0290196
42 0.0290191
45 0.0290183
48 0.0290181
51 0.0290183
54 0.0290181
57 0.0290178
60 0.0290177
63 0.0290178
66 0.0290176
69 0.0290171
72 0.0290164
75 0.0290152
78 0.0290033
81 0.0289937
84 0.029013
87 0.0290133
90 0.0290125
