-90 0.027976
-87 0.028559
-84 0.0289071
-81 0.029009
-78 0.0290308
-75 0.0290352
-72 0.0290365
-69 0.0290374
-66 0.0290381
-63 0.0290386
-60 0.0290389
-57 0.0290391
-54 0.0290392
-51 0.0290392
-48 0.0290392
-45 0.0290392
-42 0.029039
-39 0.0290387
-36 0.0290309
-33 0.0290141
-30 0.0290377
-27 0.0290361
-24 0.0290307
-21 0.0290371
-18 0.0290385
-15 0.0290386
-12 0.0290385
-9 0.0290383
-6 0.0290372
-3 0.0290251
0 0.029022
3 0.0290368
6 0.0290385
9 0.0290385
12 0.0290381
15 0.0290383
18 0.0290386
21 0.0290387
24 0.0290387
27 0.0290371
30 0.0289982
33 0.0290341
36 0.0290387
39 0.029039
42 0.0290391
45 0.0290392
48 0.0290393
51 0.0290393
54 0.0290393
57 0.0290393
60 0.0290392
63 0.029039
66 0.0290385
69 0.0290372
72 0.0290315
75 0.0289997
78 0.0288151
81 0.0278432
84 0.0253291
87 0.0268943
90 0.027976
