-90 0.0289407
-87 0.0289369
-84 0.0289335
-81 0.0289321
-78 0.0289337
-75 0.0289373
-72 0.028941
-69 0.0289443
-66 0.0289468
-63 0.0289478
-60 0.0289445
-57 0.0289305
-54 0.0289029
-51 0.0288869
-48 0.0289082
-45 0.0289389
-42 0.0289554
-39 0.028961
-36 0.028961
-33 0.0289573
-30 0.0289536
-27 0.0289577
-24 0.0289646
-21 0.0289688
-18 0.0289709
-15 0.0289722
-12 0.0289732
-9 0.0289736
-6 0.0289718
-3 0.0289591
0 0.028886
3 0.0285127
6 0.0271383
9 0.0258731
12 0.0275627
15 0.0286483
18 0.0289137
21 0.0289642
24 0.0289727
27 0.0289732
30 0.0289676
33 0.0289437
36 0.0289481
39 0.0289301
42 0.0289485
45 0.0289123
48 0.0289115
51 0.0289485
54 0.0289587
57 0.0289552
60 0.0289267
63 0.0288132
66 0.0285146
69 0.0283258
72 0.0286245
75 0.0288611
78 0.0289321
81 0.0289461
84 0.0289466
87 0.0289442
90 0.0289407
