-90 0.0289975
-87 0.0289943
-84 0.0289895
-81 0.0289831
-78 0.0289744
-75 0.0289625
-72 0.0289466
-69 0.0289258
-66 0.0289003
-63 0.0288842
-60 0.0288864
-57 0.0288877
-54 0.0288944
-51 0.0289103
-48 0.0289267
-45 0.0289391
-42 0.0289471
-39 0.0289502
-36 0.0289534
-33 0.0289555
-30 0.028955
-27 0.0289537
-24 0.0289524
-21 0.0289515
-18 0.0289515
-15 0.0289518
-12 0.0289527
-9 0.0289542
-6 0.0289563
-3 0.0289595
0 0.0289639
3 0.0289693
6 0.0289749
9 0.0289801
12 0.0289845
15 0.0289872
18 0.0289848
21 0.0289608
24 0.0288521
27 0.028555
30 0.0283626
33 0.0286066
36 0.0287056
39 0.0285869
42 0.0286546
45 0.0288489
48 0.0289396
51 0.028963
54 0.0289674
57 0.0289685
60 0.0289703
63 0.0289739
66 0.0289791
69 0.0289848
72 0.0289901
75 0.0289943
78 0.0289974
81 0.0289992
84 0.0289999
87 0.0289993
90 0.0289975
