-90 0.0290394
-87 0.0290395
-84 0.0290395
-81 0.0290383
-78 0.029029
-75 0.0289932
-72 0.0290282
-69 0.0290368
-66 0.0290351
-63 0.0290324
-60 0.0290352
-57 0.0290383
-54 0.0290391
-51 0.0290379
-48 0.0290331
-45 0.0290213
-42 0.0290062
-39 0.0290038
-36 0.0290171
-33 0.0290281
-30 0.0290219
-27 0.0289664
-24 0.0286728
-21 0.0277094
-18 0.027438
-15 0.0285116
-12 0.0289282
-9 0.0290142
-6 0.0290268
-3 0.029027
0 0.0290274
3 0.0290279
6 0.0290306
9 0.0290359
12 0.0290378
15 0.0290382
18 0.0290391
21 0.0290394
24 0.0290394
27 0.0290391
30 0.0290381
33 0.0290343
36 0.0290212
39 0.0289764
42 0.0289249
45 0.0287108
48 0.0282661
51 0.0283824
54 0.0288171
57 0.0289885
60 0.0290281
63 0.0290354
66 0.0290363
69 0.0290363
72 0.0290365
75 0.029037
78 0.0290376
81 0.0290381
84 0.0290387
87 0.0290391
90 0.0290394
