-90 0.02903
-87 0.0290256
-84 0.0290198
-81 0.0290342
-78 0.0290177
-75 0.0289582
-72 0.0288393
-69 0.0287958
-66 0.0289058
-63 0.0289973
-60 0.0290296
-57 0.0290376
-54 0.0290391
-51 0.0290395
-48 0.0290398
-45 0.0290398
-42 0.0290397
-39 0.0290397
-36 0.0290398
-33 0.0290397
-30 0.0290397
-27 0.0290393
-24 0.0290377
-21 0.02903
-18 0.0289989
-15 0.0289067
-12 0.0287773
-9 0.028818
-6 0.0289507
-3 0.0290154
0 0.0290335
3 0.0290369
6 0.0290384
9 0.0290394
12 0.0290397
15 0.0290398
18 0.0290398
21 0.0290398
24 0.0290397
27 0.029039
30 0.0290366
33 0.0290092
36 0.0290224
39 0.0290378
42 0.0290382
45 0.0290367
48 0.0290351
51 0.0290347
54 0.0290356
57 0.0290364
60 0.0290362
63 0.0290345
66 0.0290316
69 0.029022
72 0.0289792
75 0.0288292
78 0.0285735
81 0.0286161
84 0.0288736
87 0.0289973
90 0.02903
