-90 0.028939
-87 0.0289409
-84 0.0289739
-81 0.0289769
-78 0.0289759
-75 0.0289744
-72 0.0289727
-69 0.0289706
-66 0.0289681
-63 0.0289651
-60 0.028961
-57 0.0289439
-54 0.0288411
-51 0.0289409
-48 0.0289401
-45 0.0289338
-42 0.0289281
-39 0.0289244
-36 0.0289237
-33 0.028926
-30 0.0289295
-27 0.0289342
-24 0.0289385
-21 0.0289423
-18 0.0289456
-15 0.0289484
-12 0.0289509
-9 0.0289532
-6 0.0289554
-3 0.0289574
0 0.0289591
3 0.028959
6 0.0289488
9 0.0288766
12 0.0284392
15 0.0261827
18 0.0227263
21 0.0231547
24 0.0274551
27 0.0287103
30 0.0289321
33 0.0289697
36 0.0289767
39 0.0289786
42 0.0289795
45 0.0289802
48 0.0289808
51 0.0289812
54 0.0289816
57 0.0289819
60 0.0289821
63 0.0289822
66 0.0289821
69 0.0289821
72 0.0289822
75 0.028982
78 0.0289817
81 0.0289814
84 0.0289809
87 0.0289787
90 0.028939
