-90 0.0289562
-87 0.0288657
-84 0.0284276
-81 0.0274069
-78 0.0277966
-75 0.0286606
-72 0.028857
-69 0.0288399
-66 0.0288671
-63 0.0285031
-60 0.0260171
-57 0.0221119
-54 0.0276909
-51 0.0288028
-48 0.0289787
-45 0.0289981
-42 0.0289833
-39 0.0289456
-36 0.0289411
-33 0.0289635
-30 0.0289619
-27 0.0289591
-24 0.028982
-21 0.0290025
-18 0.0290149
-15 0.029022
-12 0.0290258
-9 0.0290274
-6 0.0290271
-3 0.0290252
0 0.0290231
3 0.029023
6 0.0290247
9 0.0290259
12 0.0290255
15 0.0290239
18 0.029022
21 0.0290207
24 0.0290206
27 0.0290212
30 0.0290215
33 0.029021
36 0.0290193
39 0.0290167
42 0.0290144
45 0.0290132
48 0.029012
51 0.0290099
54 0.0290066
57 0.0290018
60 0.0289956
63 0.028989
66 0.0289827
69 0.0289761
72 0.0289689
75 0.0289625
78 0.0289592
81 0.0289599
84 0.0289639
87 0.0289672
90 0.0289562
