-90 0.0290145
-87 0.0290257
-84 0.0290329
-81 0.0290253
-78 0.0289592
-75 0.0285503
-72 0.0262878
-69 0.0237506
-66 0.0278721
-63 0.0288378
-60 0.0289429
-57 0.0288831
-54 0.0282962
-51 0.0268614
-48 0.027606
-45 0.0286932
-42 0.0289678
-39 0.0290201
-36 0.0290316
-33 0.029035
-30 0.0290346
-27 0.0290306
-24 0.0290327
-21 0.0290379
-18 0.0290395
-15 0.0290396
-12 0.0290394
-9 0.0290396
-6 0.0290391
-3 0.0290365
0 0.0290245
3 0.0289777
6 0.0288578
9 0.028754
12 0.0288443
15 0.0289692
18 0.02902
21 0.0290323
24 0.0290336
27 0.0290323
30 0.0290298
33 0.0290237
36 0.0290132
39 0.0290189
42 0.0290304
45 0.0290354
48 0.0290374
51 0.0290384
54 0.0290385
57 0.0290362
60 0.029031
63 0.0290251
66 0.0290088
69 0.0289934
72 0.0290003
75 0.0290198
78 0.0290321
81 0.0290348
84 0.0290305
87 0.0290196
90 0.0290145
