-90 0.0289839
-87 0.0290089
-84 0.0290145
-81 0.0290166
-78 0.0290181
-75 0.0290192
-72 0.0290202
-69 0.029021
-66 0.0290216
-63 0.0290222
-60 0.0290226
-57 0.0290228
-54 0.0290226
-51 0.0290199
-48 0.0290162
-45 0.029017
-42 0.0290199
-39 0.0290224
-36 0.0290224
-33 0.029022
-30 0.0290215
-27 0.0290209
-24 0.0290201
-21 0.029019
-18 0.0290163
-15 0.0290104
-12 0.0290059
-9 0.0289955
-6 0.0290017
-3 0.0289923
0 0.0289435
3 0.0288283
6 0.0287404
9 0.0288236
12 0.0289283
15 0.0289672
18 0.0289714
21 0.0289644
24 0.028953
27 0.0289386
30 0.028921
33 0.0288996
36 0.0288748
39 0.0288496
42 0.0288338
45 0.0288425
48 0.0288673
51 0.0288933
54 0.0289161
57 0.028935
60 0.0289504
63 0.0289626
66 0.0289708
69 0.0289665
72 0.028897
75 0.0284644
78 0.0264259
81 0.0251591
84 0.0280643
87 0.028844
90 0.0289839
