-90 0.0290264
-87 0.0290221
-84 0.02902
-81 0.0290215
-78 0.029021
-75 0.0290191
-72 0.0290165
-69 0.0290136
-66 0.0290103
-63 0.0290064
-60 0.0290019
-57 0.0289964
-54 0.0289883
-51 0.0289705
-48 0.0289176
-45 0.0287694
-42 0.0284479
-39 0.0285332
-36 0.0288085
-33 0.0289261
-30 0.0289672
-27 0.0289821
-24 0.02899
-21 0.028996
-18 0.0290011
-15 0.0290056
-12 0.0290096
-9 0.0290131
-6 0.029016
-3 0.0290183
0 0.029019
3 0.0290188
6 0.0290222
9 0.0290254
12 0.0290271
15 0.0290283
18 0.0290292
21 0.02903
24 0.0290306
27 0.0290312
30 0.0290315
33 0.0290315
36 0.0290306
39 0.0290289
42 0.0290277
45 0.0290262
48 0.029025
51 0.0290254
54 0.0290272
57 0.0290283
60 0.0290291
63 0.0290308
66 0.0290319
69 0.029032
72 0.0290317
75 0.0290313
78 0.0290307
81 0.0290301
84 0.0290293
87 0.0290283
90 0.0290264
