-90 0.0290374
-87 0.0290367
-84 0.0290367
-81 0.0290363
-78 0.0290356
-75 0.0290348
-72 0.0290338
-69 0.0290324
-66 0.0290305
-63 0.0290275
-60 0.0290209
-57 0.0290006
-54 0.0289327
-51 0.0288186
-48 0.0286715
-45 0.0286672
-42 0.0288333
-39 0.0289297
-36 0.0289582
-33 0.0289713
-30 0.0289824
-27 0.0289918
-24 0.0289997
-21 0.0290061
-18 0.0290114
-15 0.0290157
-12 0.0290193
-9 0.0290221
-6 0.0290243
-3 0.029026
0 0.0290267
3 0.0290248
6 0.0290178
9 0.0290057
12 0.0289952
15 0.0290099
18 0.029023
21 0.0290306
24 0.0290337
27 0.0290351
30 0.0290358
33 0.0290364
36 0.0290367
39 0.0290354
42 0.0290136
45 0.0290286
48 0.029037
51 0.0290377
54 0.0290376
57 0.029037
60 0.0290354
63 0.0290325
66 0.0290298
69 0.0290298
72 0.0290322
75 0.0290348
78 0.0290362
81 0.0290373
84 0.0290376
87 0.0290376
90 0.0290374
