-90 0.0290399
-87 0.0290399
-84 0.0290398
-81 0.0290398
-78 0.0290398
-75 0.0290397
-72 0.0290393
-69 0.0290383
-66 0.0290358
-63 0.0290304
-60 0.0290205
-57 0.0290053
-54 0.0289881
-51 0.0289901
-48 0.0290122
-45 0.0290288
-42 0.0290362
-39 0.0290388
-36 0.0290396
-33 0.0290398
-30 0.0290399
-27 0.0290399
-24 0.0290399
-21 0.0290397
-18 0.0290396
-15 0.0290398
-12 0.0290398
-9 0.0290383
-6 0.0290237
-3 0.029037
0 0.0290387
3 0.0290357
6 0.0290252
9 0.0289812
12 0.0289914
15 0.0290277
18 0.0290368
21 0.0290392
24 0.0290397
27 0.0290397
30 0.0290387
33 0.0290368
36 0.029033
39 0.029028
42 0.0290379
45 0.0290396
48 0.0290396
51 0.0290394
54 0.0290381
57 0.0290319
60 0.029002
63 0.0289848
66 0.0290272
69 0.0290347
72 0.0290346
75 0.0290342
78 0.0290355
81 0.0290376
84 0.029039
87 0.0290396
90 0.0290399
