-90 0.0290396
-87 0.0290386
-84 0.0290362
-81 0.0290389
-78 0.0290394
-75 0.0290398
-72 0.0290398
-69 0.0290398
-66 0.0290397
-63 0.0290397
-60 0.0290397
-57 0.0290396
-54 0.0290397
-51 0.0290396
-48 0.0290396
-45 0.0290394
-42 0.0290392
-39 0.0290384
-36 0.0290364
-33 0.0290307
-30 0.0290173
-27 0.029006
-24 0.0290178
-21 0.0290286
-18 0.0290296
-15 0.029007
-12 0.0288709
-9 0.0282004
-6 0.0263388
-3 0.0272187
0 0.0286264
3 0.0289604
6 0.0290203
9 0.0290301
12 0.0290311
15 0.029025
18 0.0289985
21 0.0290271
24 0.0290308
27 0.0290298
30 0.0290275
33 0.0290206
36 0.0290035
39 0.0289659
42 0.028973
45 0.0290079
48 0.0290239
51 0.0290301
54 0.029029
57 0.0290201
60 0.029009
63 0.029009
66 0.029021
69 0.0290319
72 0.029037
75 0.0290386
78 0.0290391
81 0.0290394
84 0.0290395
87 0.0290396
90 0.0290396
