-90 0.0290391
-87 0.0290356
-84 0.029009
-81 0.0290308
-78 0.0290386
-75 0.0290377
-72 0.0290291
-69 0.0290117
-66 0.02903
-63 0.0290377
-60 0.0290385
-57 0.0290379
-54 0.0290379
-51 0.0290376
-48 0.0290334
-45 0.029019
-42 0.0289907
-39 0.028971
-36 0.028988
-33 0.029017
-30 0.0290328
-27 0.0290377
-24 0.0290371
-21 0.0290271
-18 0.0289762
-15 0.0287769
-12 0.0283766
-9 0.0284148
-6 0.0288086
-3 0.0289783
0 0.02898
3 0.0289948
6 0.0290221
9 0.0290294
12 0.0290286
15 0.0290282
18 0.0290294
21 0.0290314
24 0.0290335
27 0.029035
30 0.0290359
33 0.0290361
36 0.0290352
39 0.0290305
42 0.0290124
45 0.0289856
48 0.0289189
51 0.0288275
54 0.0288496
57 0.0289472
60 0.0290027
63 0.0290195
66 0.0290253
69 0.0290299
72 0.0290337
75 0.0290362
78 0.0290375
81 0.0290372
84 0.0290352
87 0.0290378
90 0.0290391
