-90 0.0290321
-87 0.0290324
-84 0.0290345
-81 0.0290364
-78 0.0290376
-75 0.0290381
-72 0.0290378
-69 0.0290366
-66 0.0290329
-63 0.0290233
-60 0.0289984
-57 0.0289209
-54 0.0289432
-51 0.0289602
-48 0.0287828
-45 0.0282639
-42 0.0281153
-39 0.0286728
-36 0.0289537
-33 0.0290227
-30 0.0290363
-27 0.0290386
-24 0.0290387
-21 0.0290382
-18 0.0290355
-15 0.0290205
-12 0.0289611
-9 0.0290262
-6 0.0290303
-3 0.0290268
0 0.0290096
3 0.0289965
6 0.0290206
9 0.0290158
12 0.0289725
15 0.0287732
18 0.0282527
21 0.0281469
24 0.0286932
27 0.0289574
30 0.0290217
33 0.0290307
36 0.0290084
39 0.0288823
42 0.0285833
45 0.0273382
48 0.0271175
51 0.0284783
54 0.0289308
57 0.0290207
60 0.0290365
63 0.0290391
66 0.0290395
69 0.029039
72 0.029038
75 0.0290364
78 0.0290341
81 0.0290283
84 0.0290306
87 0.029033
90 0.0290321
