-90 0.0289884
-87 0.029007
-84 0.0289897
-81 0.029006
-78 0.0290285
-75 0.0290365
-72 0.0290389
-69 0.0290396
-66 0.0290398
-63 0.0290397
-60 0.0290391
-57 0.0290393
-54 0.0290398
-51 0.0290398
-48 0.0290396
-45 0.0290393
-42 0.0290391
-39 0.0290392
-36 0.0290392
-33 0.0290384
-30 0.0290367
-27 0.0290319
-24 0.0290287
-21 0.0290331
-18 0.0290374
-15 0.0290388
-12 0.0290389
-9 0.0290394
-6 0.0290394
-3 0.029035
0 0.0290149
3 0.0290346
6 0.0290394
9 0.0290397
12 0.0290397
15 0.0290397
18 0.0290391
21 0.0290374
24 0.029033
27 0.0290231
30 0.0290304
33 0.0290368
36 0.0290382
39 0.0290303
42 0.0290215
45 0.0290387
48 0.0290396
51 0.0290398
54 0.0290398
57 0.0290398
60 0.0290397
63 0.0290394
66 0.0290384
69 0.0290366
72 0.0290317
75 0.0290206
78 0.0290082
81 0.0290155
84 0.0290239
87 0.0290015
90 0.0289884
