-90 0.0290321
-87 0.0290318
-84 0.0290318
-81 0.0290292
-78 0.0289903
-75 0.029028
-72 0.0290324
-69 0.0290326
-66 0.0290326
-63 0.0290327
-60 0.0290327
-57 0.0290323
-54 0.0290266
-51 0.0290243
-48 0.0290293
-45 0.0290155
-42 0.0290314
-39 0.029033
-36 0.0290331
-33 0.0290331
-30 0.0290331
-27 0.029033
-24 0.0290329
-21 0.0290328
-18 0.0290325
-15 0.029032
-12 0.0290315
-9 0.0290311
-6 0.0290306
-3 0.0290302
0 0.0290298
3 0.0290294
6 0.0290285
9 0.0290247
12 0.0290047
15 0.028906
18 0.0285294
21 0.0279483
24 0.0282776
27 0.0288061
30 0.028952
33 0.0289972
36 0.0290207
39 0.0290291
42 0.0290317
45 0.0290325
48 0.0290328
51 0.0290328
54 0.0290328
57 0.0290329
60 0.0290329
63 0.0290328
66 0.0290328
69 0.0290327
72 0.0290326
75 0.0290326
78 0.0290324
81 0.0290321
84 0.0290318
87 0.0290319
90 0.0290321
