-90 0.0290299
-87 0.0290292
-84 0.0290292
-81 0.0290302
-78 0.0290313
-75 0.029032
-72 0.0290322
-69 0.0290316
-66 0.0290252
-63 0.0290134
-60 0.0290296
-57 0.0290306
-54 0.02903
-51 0.0290292
-48 0.0290283
-45 0.029027
-42 0.0290256
-39 0.0290238
-36 0.0290217
-33 0.0290193
-30 0.0290164
-27 0.029013
-24 0.0290087
-21 0.0289992
-18 0.0289543
-15 0.0289875
-12 0.0289875
-9 0.0289823
-6 0.0289766
-3 0.0289716
0 0.0289683
3 0.0289681
6 0.0289708
9 0.0289753
12 0.0289805
15 0.0289859
18 0.0289912
21 0.0289959
24 0.029
27 0.0290034
30 0.029006
33 0.029008
36 0.0290095
39 0.0290098
42 0.0290024
45 0.0289901
48 0.0288996
51 0.0289568
54 0.0290129
57 0.0290229
60 0.0290258
63 0.0290275
66 0.0290288
69 0.0290297
72 0.0290304
75 0.0290309
78 0.0290313
81 0.0290313
84 0.0290311
87 0.0290306
90 0.0290299
