-90 0.0289871
-87 0.0289843
-84 0.0289811
-81 0.0289775
-78 0.0289734
-75 0.0289688
-72 0.0289635
-69 0.0289576
-66 0.0289507
-63 0.0289428
-60 0.0289334
-57 0.0289207
-54 0.0288999
-51 0.0288584
-48 0.0287905
-45 0.0287548
-42 0.0288072
-39 0.028874
-36 0.0289083
-33 0.0289235
-30 0.0289326
-27 0.02894
-24 0.0289469
-21 0.0289533
-18 0.0289591
-15 0.0289644
-12 0.0289688
-9 0.0289701
-6 0.0289439
-3 0.0288897
0 0.0288854
3 0.0289764
6 0.0289868
9 0.0289894
12 0.0289912
15 0.0289928
18 0.0289942
21 0.0289953
24 0.0289962
27 0.028996
30 0.0289928
33 0.028981
36 0.0289559
39 0.0289295
42 0.0289249
45 0.0289441
48 0.0289716
51 0.0289901
54 0.0289977
57 0.0289998
60 0.029
63 0.0289997
66 0.0289991
69 0.0289984
72 0.0289975
75 0.0289964
78 0.028995
81 0.0289935
84 0.0289916
87 0.0289895
90 0.0289871
