-90 0.029036
-87 0.0290377
-84 0.0290387
-81 0.0290391
-78 0.0290393
-75 0.0290393
-72 0.0290394
-69 0.0290391
-66 0.0290364
-63 0.0290305
-60 0.0290381
-57 0.0290393
-54 0.0290393
-51 0.029039
-48 0.0290382
-45 0.0290361
-42 0.0290308
-39 0.0290183
-36 0.028997
-33 0.028974
-30 0.0289383
-27 0.0288845
-24 0.0289561
-21 0.0290057
-18 0.029025
-15 0.0290323
-12 0.0290266
-9 0.0289954
-6 0.0290073
-3 0.0290067
0 0.0290355
3 0.0290383
6 0.0290384
9 0.0290382
12 0.0290378
15 0.0290372
18 0.0290365
21 0.0290364
24 0.0290364
27 0.0290365
30 0.0290365
33 0.0290363
36 0.0290364
39 0.0290363
42 0.0290362
45 0.0290361
48 0.0290359
51 0.0290308
54 0.0290003
57 0.0290276
60 0.0290364
63 0.0290372
66 0.0290366
69 0.0290295
72 0.0290302
75 0.029037
78 0.0290374
81 0.0290366
84 0.0290355
87 0.0290354
90 0.029036
