-90 0.0290352
-87 0.0290314
-84 0.0290298
-81 0.0290322
-78 0.0290357
-75 0.0290375
-72 0.0290379
-69 0.0290371
-66 0.0290348
-63 0.0290297
-60 0.0290193
-57 0.0290024
-54 0.0289956
-51 0.0290103
-48 0.0290209
-45 0.029021
-42 0.0290113
-39 0.0290052
-36 0.0290026
-33 0.0289432
-30 0.0287206
-27 0.0284262
-24 0.0285974
-21 0.0288824
-18 0.0289814
-15 0.0289929
-12 0.0289786
-9 0.0289608
-6 0.0289553
-3 0.0289687
0 0.0289882
3 0.0290034
6 0.0290083
9 0.0289659
12 0.0290109
15 0.0290299
18 0.0290335
21 0.0290348
24 0.0290315
27 0.0290256
30 0.0290355
33 0.0290378
36 0.0290379
39 0.0290373
42 0.0290372
45 0.029038
48 0.0290382
51 0.0290385
54 0.0290391
57 0.0290394
60 0.0290393
63 0.0290389
66 0.0290384
69 0.029038
72 0.0290356
75 0.0290306
78 0.029037
81 0.0290393
84 0.0290392
87 0.029038
90 0.0290352
