-90 0.0290322
-87 0.0290375
-84 0.0290378
-81 0.0290342
-78 0.0290276
-75 0.0289618
-72 0.0290338
-69 0.0290381
-66 0.0290382
-63 0.029038
-60 0.0290377
-57 0.0290374
-54 0.0290367
-51 0.0290359
-48 0.0290351
-45 0.0290314
-42 0.0290115
-39 0.0288953
-36 0.0281955
-33 0.024538
-30 0.0250036
-27 0.0283034
-24 0.0289149
-21 0.029015
-18 0.0290314
-15 0.0290343
-12 0.0290351
-9 0.0290347
-6 0.0290155
-3 0.0290272
0 0.0290366
3 0.0290372
6 0.0290368
9 0.0290322
12 0.0290027
15 0.0288213
18 0.0276999
21 0.0210711
24 0.0256778
27 0.0285041
30 0.0289545
33 0.0290257
36 0.0290371
39 0.0290387
42 0.029039
45 0.0290386
48 0.0290366
51 0.0290291
54 0.0290106
57 0.0289871
60 0.0289824
63 0.0289794
66 0.0289952
69 0.0290243
72 0.0290332
75 0.0290332
78 0.0290314
81 0.0290244
84 0.0289877
87 0.0290061
90 0.0290322
