-90 0.0290386
-87 0.0290392
-84 0.0290393
-81 0.0290389
-78 0.0290365
-75 0.0290282
-72 0.0290187
-69 0.0290277
-66 0.0290363
-63 0.0290387
-60 0.029039
-57 0.029038
-54 0.0290342
-51 0.0290254
-48 0.0290153
-45 0.0290145
-42 0.0290242
-39 0.0290335
-36 0.0290375
-33 0.0290362
-30 0.0290361
-27 0.0290392
-24 0.0290395
-21 0.029039
-18 0.0290393
-15 0.0290395
-12 0.029039
-9 0.0290357
-6 0.0290139
-3 0.028858
0 0.0283133
3 0.0262304
6 0.0267031
9 0.02851
12 0.0289451
15 0.0290232
18 0.0290367
21 0.0290391
24 0.0290396
27 0.0290395
30 0.0290374
33 0.0290224
36 0.0290167
39 0.0290203
42 0.0290173
45 0.0290231
48 0.0290318
51 0.0290368
54 0.029039
57 0.0290397
60 0.0290398
63 0.0290398
66 0.0290397
69 0.029039
72 0.0290373
75 0.0290353
78 0.0290337
81 0.0290348
84 0.0290366
87 0.0290378
90 0.0290386
