-90 0.0290227
-87 0.0290192
-84 0.029011
-81 0.0290247
-78 0.029028
-75 0.0290198
-72 0.0289957
-69 0.0290287
-66 0.0290307
-63 0.0290309
-60 0.0290307
-57 0.0290298
-54 0.0290271
-51 0.0290202
-48 0.0290033
-45 0.0289666
-42 0.0289423
-39 0.0289675
-36 0.0289984
-33 0.0290171
-30 0.0290257
-27 0.0290261
-24 0.0290157
-21 0.0290152
-18 0.0289952
-15 0.0290272
-12 0.0290309
-9 0.0290307
-6 0.0290299
-3 0.0290294
0 0.0290291
3 0.0290286
6 0.0290273
9 0.0290264
12 0.0290266
15 0.0290258
18 0.0290236
21 0.0290197
24 0.0290217
27 0.0290219
30 0.0290209
33 0.0290196
36 0.0290169
39 0.0290102
42 0.0290135
45 0.029016
48 0.0290159
51 0.0290157
54 0.0290156
57 0.0290157
60 0.0290157
63 0.0290138
66 0.0290003
69 0.0289257
72 0.0285938
75 0.0278253
78 0.0279873
81 0.0287077
84 0.0289583
87 0.0290126
90 0.0290227
