-90 0.0290359
-87 0.0290363
-84 0.0290367
-81 0.029037
-78 0.0290365
-75 0.0290309
-72 0.0289974
-69 0.0288218
-66 0.0281207
-63 0.0272912
-60 0.0282298
-57 0.0288525
-54 0.0290021
-51 0.029032
-48 0.0290381
-45 0.0290394
-42 0.0290397
-39 0.0290398
-36 0.0290398
-33 0.0290397
-30 0.0290386
-27 0.0290363
-24 0.0290388
-21 0.0290398
-18 0.0290397
-15 0.0290392
-12 0.0290373
-9 0.0290326
-6 0.0290247
-3 0.0290146
0 0.0289798
3 0.0287621
6 0.0276385
9 0.0255474
12 0.0276891
15 0.0287764
18 0.0289823
21 0.0290212
24 0.0290358
27 0.0290388
30 0.0290383
33 0.0290385
36 0.0290393
39 0.0290391
42 0.0290382
45 0.0290354
48 0.0290265
51 0.0290012
54 0.0289466
57 0.028893
60 0.0289099
63 0.028935
66 0.0290106
69 0.0290311
72 0.0290353
75 0.0290359
78 0.0290357
81 0.0290356
84 0.0290356
87 0.0290356
90 0.0290359
