-90 0.0289729
-87 0.0289703
-84 0.0289701
-81 0.0289722
-78 0.0289753
-75 0.0289776
-72 0.0289778
-69 0.0289783
-66 0.0289849
-63 0.0289945
-60 0.0290019
-57 0.0290066
-54 0.0290086
-51 0.0290092
-48 0.0290145
-45 0.0290178
-42 0.0290197
-39 0.029021
-36 0.0290188
-33 0.0290118
-30 0.0290192
-27 0.0290218
-24 0.0290189
-21 0.0290134
-18 0.0290092
-15 0.0290098
-12 0.0290126
-9 0.0290144
-6 0.0290039
-3 0.0289297
0 0.0286167
3 0.0280224
6 0.0282433
9 0.0287851
12 0.0289654
15 0.0289842
18 0.0289418
21 0.0289639
24 0.0289608
27 0.0289803
30 0.0289949
33 0.0289703
36 0.028912
39 0.0288912
42 0.0289444
45 0.0289939
48 0.0290123
51 0.0290157
54 0.0290148
57 0.0290129
60 0.029011
63 0.029009
66 0.0290067
69 0.0290039
72 0.0290005
75 0.0289965
78 0.028992
81 0.0289871
84 0.028982
87 0.0289771
90 0.0289729
