-90 0.0286405
-87 0.0276932
-84 0.0274898
-81 0.0284597
-78 0.0288382
-75 0.0289536
-72 0.028998
-69 0.0290124
-66 0.0290152
-63 0.0290143
-60 0.0290119
-57 0.0290087
-54 0.0290051
-51 0.0290025
-48 0.0290022
-45 0.0290035
-42 0.0290047
-39 0.0290056
-36 0.029006
-33 0.0290062
-30 0.0290063
-27 0.0290066
-24 0.0290071
-21 0.0290077
-18 0.0290084
-15 0.0290091
-12 0.029009
-9 0.0289971
-6 0.0290018
-3 0.0290112
0 0.0290121
3 0.0290118
6 0.029011
9 0.0290119
12 0.029013
15 0.0290133
18 0.0290132
21 0.0290127
24 0.0290005
27 0.0289881
30 0.0290115
33 0.0290123
36 0.0290121
39 0.0290105
42 0.0289994
45 0.0290088
48 0.0290121
51 0.0290127
54 0.0290133
57 0.0290139
60 0.0290147
63 0.0290155
66 0.0290163
69 0.0290171
72 0.0290178
75 0.0290185
78 0.0290189
81 0.0290175
84 0.0290068
87 0.0289449
90 0.0286405
