-90 0.0290273
-87 0.029017
-84 0.028962
-81 0.0287012
-78 0.0279168
-75 0.0277125
-72 0.0285612
-69 0.0289176
-66 0.0289927
-63 0.0290023
-60 0.0290018
-57 0.0290037
-54 0.029009
-51 0.0290152
-48 0.0290205
-45 0.0290246
-42 0.0290276
-39 0.0290298
-36 0.0290314
-33 0.0290326
-30 0.0290335
-27 0.0290341
-24 0.0290332
-21 0.0290101
-18 0.0290279
-15 0.0290263
-12 0.0290336
-9 0.0290356
-6 0.0290358
-3 0.0290358
0 0.0290357
3 0.0290357
6 0.0290355
9 0.0290348
12 0.0290325
15 0.0290332
18 0.0290343
21 0.0290338
24 0.0290337
27 0.0290341
30 0.0290339
33 0.0290335
36 0.0290334
39 0.029033
42 0.0290325
45 0.0290317
48 0.0290306
51 0.0290296
54 0.0290289
57 0.029028
60 0.0290275
63 0.029028
66 0.029029
69 0.0290298
72 0.0290301
75 0.0290298
78 0.0290253
81 0.0290166
84 0.0290277
87 0.0290289
90 0.0290273
