-90 0.0290247
-87 0.029029
-84 0.0290318
-81 0.0290325
-78 0.0290321
-75 0.0290309
-72 0.0290292
-69 0.0290271
-66 0.0290245
-63 0.0290215
-60 0.0290176
-57 0.0290142
-54 0.029013
-51 0.0290123
-48 0.0290123
-45 0.0290134
-42 0.0290153
-39 0.0290176
-36 0.0290185
-33 0.0290088
-30 0.0289439
-27 0.0286594
-24 0.0280919
-21 0.0281875
-18 0.0287533
-15 0.0289739
-12 0.0290247
-9 0.029035
-6 0.0290372
-3 0.0290377
0 0.0290382
3 0.0290383
6 0.0290382
9 0.0290365
12 0.0290335
15 0.0290361
18 0.0290386
21 0.0290392
24 0.0290393
27 0.0290394
30 0.0290394
33 0.0290386
36 0.0290297
39 0.0290105
42 0.0290377
45 0.0290379
48 0.0290383
51 0.0290392
54 0.0290393
57 0.0290392
60 0.0290391
63 0.029039
66 0.0290388
69 0.0290374
72 0.0290267
75 0.029029
78 0.0290347
81 0.0290317
84 0.0290264
87 0.0290229
90 0.0290247
