-90 0.0290332
-87 0.0290379
-84 0.029039
-81 0.0290393
-78 0.0290393
-75 0.0290393
-72 0.0290392
-69 0.029038
-66 0.029028
-63 0.0289983
-60 0.0290249
-57 0.0289878
-54 0.0288045
-51 0.0283044
-48 0.028141
-45 0.0286725
-42 0.0289521
-39 0.0290223
-36 0.0290363
-33 0.0290389
-30 0.0290394
-27 0.0290395
-24 0.0290391
-21 0.0290392
-18 0.0290394
-15 0.0290393
-12 0.0290388
-9 0.029039
-6 0.0290389
-3 0.0290387
0 0.0290394
3 0.0290398
6 0.0290398
9 0.0290397
12 0.0290394
15 0.0290383
18 0.0290358
21 0.0290316
24 0.0290278
27 0.0290265
30 0.0290207
33 0.0289709
36 0.0286855
39 0.0275394
42 0.0267729
45 0.0282875
48 0.0288903
51 0.0290128
54 0.0290344
57 0.0290378
60 0.0290374
63 0.0290353
66 0.0290311
69 0.0290241
72 0.0290155
75 0.0290125
78 0.0290191
81 0.0290264
84 0.02902
87 0.0290061
90 0.0290332
