-90 0.0290288
-87 0.0290238
-84 0.0290161
-81 0.0290089
-78 0.0289993
-75 0.0289863
-72 0.0289752
-69 0.0289755
-66 0.0289865
-63 0.0290016
-60 0.0290139
-57 0.0290215
-54 0.0290188
-51 0.0290261
-48 0.0290327
-45 0.0290342
-42 0.0290353
-39 0.0290363
-36 0.0290371
-33 0.0290377
-30 0.0290381
-27 0.0290383
-24 0.0290382
-21 0.0290367
-18 0.0290277
-15 0.0289776
-12 0.0287367
-9 0.027991
-6 0.0277274
-3 0.0285587
0 0.0289294
3 0.0290041
6 0.0290228
9 0.0290348
12 0.0290382
15 0.0290389
18 0.0290384
21 0.0290245
24 0.0290223
27 0.0290383
30 0.0290389
33 0.0290381
36 0.0290342
39 0.0290152
42 0.0289709
45 0.0288791
48 0.0282434
51 0.0259868
54 0.0266913
57 0.0285184
60 0.028945
63 0.0290221
66 0.0290354
69 0.0290375
72 0.0290375
75 0.0290371
78 0.0290363
81 0.0290353
84 0.0290339
87 0.0290318
90 0.0290288
