-90 0.0288583
-87 0.0290092
-84 0.0290333
-81 0.0290372
-78 0.0290377
-75 0.0290377
-72 0.029038
-69 0.0290381
-66 0.0290383
-63 0.0290384
-60 0.0290385
-57 0.0290385
-54 0.0290386
-51 0.0290389
-48 0.029039
-45 0.0290391
-42 0.0290383
-39 0.0290352
-36 0.0290371
-33 0.0290391
-30 0.0290385
-27 0.0290296
-24 0.0290359
-21 0.0290394
-18 0.0290396
-15 0.0290396
-12 0.0290396
-9 0.0290396
-6 0.0290393
-3 0.0290371
0 0.0290347
3 0.0290368
6 0.0290279
9 0.0290325
12 0.029035
15 0.0290331
18 0.0290314
21 0.0290299
24 0.0290274
27 0.0290226
30 0.0290138
33 0.0290019
36 0.0290008
39 0.0290134
42 0.0290248
45 0.0290316
48 0.0290353
51 0.029037
54 0.0290367
57 0.0290359
60 0.0290347
63 0.0290335
66 0.0290368
69 0.0290357
72 0.0290221
75 0.0289363
78 0.0283902
81 0.0248952
84 0.0217663
87 0.0278986
90 0.0288583
