-90 0.0290118
-87 0.0290022
-84 0.0290133
-81 0.0289849
-78 0.0287368
-75 0.0271461
-72 0.0192397
-69 0.026689
-66 0.0286648
-63 0.0289773
-60 0.0290228
-57 0.0290207
-54 0.0290017
-51 0.028986
-48 0.0290005
-45 0.029001
-42 0.028934
-39 0.0287153
-36 0.0285083
-33 0.0287087
-30 0.028936
-27 0.0290147
-24 0.0290331
-21 0.0290372
-18 0.0290385
-15 0.0290392
-12 0.0290395
-9 0.0290396
-6 0.0290391
-3 0.0290349
0 0.0290368
3 0.0290396
6 0.0290398
9 0.0290398
12 0.0290396
15 0.0290396
18 0.0290367
21 0.0290275
24 0.0290382
27 0.0290386
30 0.0290364
33 0.0290313
36 0.0290327
39 0.029035
42 0.029037
45 0.0290384
48 0.0290386
51 0.0290332
54 0.0290115
57 0.0290362
60 0.0290394
63 0.0290397
66 0.0290396
69 0.0290395
72 0.0290395
75 0.0290393
78 0.029039
81 0.0290379
84 0.029035
87 0.0290277
90 0.0290118
