-90 0.0289968
-87 0.0290291
-84 0.029037
-81 0.0290391
-78 0.0290397
-75 0.0290398
-72 0.0290399
-69 0.0290399
-66 0.0290398
-63 0.0290397
-60 0.029039
-57 0.029039
-54 0.0290388
-51 0.0290337
-48 0.0290375
-45 0.0290397
-42 0.0290398
-39 0.0290398
-36 0.0290397
-33 0.0290395
-30 0.0290384
-27 0.0290302
-24 0.0289852
-21 0.029021
-18 0.0290258
-15 0.0290147
-12 0.0290341
-9 0.0290268
-6 0.0290161
-3 0.0290346
0 0.0290349
3 0.0290319
6 0.0290286
9 0.0290262
12 0.0290246
15 0.0290225
18 0.0290201
21 0.0290177
24 0.0290146
27 0.0290092
30 0.0290019
33 0.028997
36 0.0289922
39 0.0289792
42 0.0289514
45 0.0289583
48 0.0289895
51 0.029009
54 0.0290205
57 0.0290275
60 0.0290319
63 0.0290345
66 0.029036
69 0.0290362
72 0.0290323
75 0.0290139
78 0.0289531
81 0.0288318
84 0.0287898
87 0.028904
90 0.0289968
