-90 0.0290389
-87 0.0290387
-84 0.0290383
-81 0.029039
-78 0.029039
-75 0.0290385
-72 0.0290377
-69 0.0290366
-66 0.0290353
-63 0.0290344
-60 0.0290338
-57 0.0290324
-54 0.0290287
-51 0.0290241
-48 0.0290233
-45 0.029026
-42 0.0290264
-39 0.0290208
-36 0.0290073
-33 0.0289863
-30 0.028982
-27 0.0290022
-24 0.0290167
-21 0.0290225
-18 0.0290204
-15 0.0290228
-12 0.0290249
-9 0.029022
-6 0.0289607
-3 0.0290193
0 0.0290303
3 0.0290268
6 0.0290022
9 0.0289217
12 0.0287978
15 0.0288065
18 0.0289274
21 0.0289939
24 0.029019
27 0.0290302
30 0.0290319
33 0.0290294
36 0.0290261
39 0.0290255
42 0.0290294
45 0.0290341
48 0.0290365
51 0.0290372
54 0.0290373
57 0.0290371
60 0.0290368
63 0.0290367
66 0.0290366
69 0.0290365
72 0.0290369
75 0.0290372
78 0.0290375
81 0.029038
84 0.0290384
87 0.0290387
90 0.0290389
