-90 0.0288728
-87 0.0289944
-84 0.0290293
-81 0.0290371
-78 0.0290387
-75 0.0290346
-72 0.0289896
-69 0.0290357
-66 0.0290383
-63 0.0290376
-60 0.02903
-57 0.0289988
-54 0.0289115
-51 0.0288075
-48 0.0288482
-45 0.0289607
-42 0.0290162
-39 0.0290257
-36 0.0290024
-33 0.0289923
-30 0.0290271
-27 0.0290368
-24 0.0290391
-21 0.0290393
-18 0.0290382
-15 0.0290389
-12 0.0290393
-9 0.0290342
-6 0.0290012
-3 0.0290093
0 0.0290375
3 0.0290397
6 0.0290398
9 0.0290397
12 0.0290395
15 0.0290382
18 0.0290319
21 0.0290021
24 0.0289834
27 0.0290267
30 0.0290321
33 0.0290241
36 0.0290083
39 0.0290005
42 0.0290118
45 0.0290275
48 0.029036
51 0.0290388
54 0.0290387
57 0.0290365
60 0.0290354
63 0.0290317
66 0.0290389
69 0.0290392
72 0.0290377
75 0.0290303
78 0.0289969
81 0.028879
84 0.028661
87 0.0286552
90 0.0288728
