-90 0.0289994
-87 0.0290091
-84 0.029016
-81 0.029013
-78 0.0290019
-75 0.0289877
-72 0.0289781
-69 0.0288907
-66 0.0290032
-63 0.0290218
-60 0.0290279
-57 0.0290291
-54 0.0290231
-51 0.0290073
-48 0.0289934
-45 0.0290006
-42 0.0290195
-39 0.029032
-36 0.0290369
-33 0.0290385
-30 0.0290391
-27 0.0290395
-24 0.0290396
-21 0.0290397
-18 0.0290397
-15 0.0290397
-12 0.0290396
-9 0.0290386
-6 0.0290326
-3 0.0289865
0 0.0290326
3 0.0290378
6 0.0290218
9 0.0289942
12 0.0290361
15 0.0290394
18 0.0290394
21 0.029038
24 0.029035
27 0.0290332
30 0.0290339
33 0.0290281
36 0.0290064
39 0.0289697
42 0.0289564
45 0.0289873
48 0.0290197
51 0.029034
54 0.0290381
57 0.0290392
60 0.0290392
63 0.0290304
66 0.0290153
69 0.0290384
72 0.0290391
75 0.0290384
78 0.0290365
81 0.0290311
84 0.0290188
87 0.0290032
90 0.0289994
