-90 0.0290398
-87 0.0290398
-84 0.0290398
-81 0.0290393
-78 0.0290371
-75 0.0290187
-72 0.0289909
-69 0.0290296
-66 0.0290319
-63 0.0290308
-60 0.0290368
-57 0.0290389
-54 0.0290394
-51 0.0290397
-48 0.0290394
-45 0.0290391
-42 0.0290396
-39 0.0290381
-36 0.0290156
-33 0.0290304
-30 0.0290389
-27 0.0290394
-24 0.0290392
-21 0.029039
-18 0.0290386
-15 0.029038
-12 0.029037
-9 0.0290353
-6 0.0290323
-3 0.029027
0 0.029021
3 0.0290194
6 0.0290227
9 0.0290205
12 0.0289842
15 0.0287567
18 0.0275731
21 0.0251999
24 0.0275929
27 0.0287637
30 0.0289909
33 0.0290305
36 0.0290376
39 0.029039
42 0.0290394
45 0.0290394
48 0.0290396
51 0.0290395
54 0.0290397
57 0.0290397
60 0.0290396
63 0.0290393
66 0.029038
69 0.0290361
72 0.0290365
75 0.0290368
78 0.0290383
81 0.0290392
84 0.0290396
87 0.0290397
90 0.0290398
