-90 0.0289907
-87 0.0290251
-84 0.0290349
-81 0.0290369
-78 0.0290369
-75 0.0290366
-72 0.0290355
-69 0.0290296
-66 0.0290339
-63 0.029036
-60 0.0290355
-57 0.0290346
-54 0.0290336
-51 0.0290282
-48 0.0290178
-45 0.0290179
-42 0.0290012
-39 0.028986
-36 0.028996
-33 0.0290164
-30 0.0290283
-27 0.0290315
-24 0.0290309
-21 0.0290288
-18 0.0290256
-15 0.0290213
-12 0.0290135
-9 0.0289896
-6 0.0289869
-3 0.0289882
0 0.0289785
3 0.0289699
6 0.0289567
9 0.0289875
12 0.029002
15 0.0290099
18 0.0290143
21 0.0290164
24 0.0290185
27 0.0290233
30 0.0290286
33 0.0290323
36 0.0290337
39 0.0290313
42 0.0290166
45 0.0289685
48 0.0288779
51 0.0288447
54 0.0289281
57 0.0290021
60 0.0290298
63 0.0290349
66 0.0290095
69 0.0290333
72 0.0290232
75 0.0289618
78 0.0287385
81 0.028377
84 0.0285107
87 0.0288576
90 0.0289907
