-90 0.0290049
-87 0.0289824
-84 0.028997
-81 0.0290196
-78 0.0290261
-75 0.0290253
-72 0.0290025
-69 0.0288668
-66 0.0282608
-63 0.0271857
-60 0.0279916
-57 0.0287871
-54 0.0289837
-51 0.0290052
-48 0.0289234
-45 0.0289671
-42 0.029007
-39 0.0289735
-36 0.0287778
-33 0.0282734
-30 0.0281786
-27 0.0286986
-24 0.0289347
-21 0.0289659
-18 0.0290108
-15 0.0290199
-12 0.029024
-9 0.0290263
-6 0.0290241
-3 0.0290214
0 0.029025
3 0.029032
6 0.0290367
9 0.0290373
12 0.0290291
15 0.0290293
18 0.0290292
21 0.0290004
24 0.028916
27 0.0288112
30 0.0288461
33 0.028958
36 0.0290162
39 0.0290331
42 0.0290364
45 0.0290357
48 0.0290301
51 0.029009
54 0.0289519
57 0.028894
60 0.0289169
63 0.02898
66 0.0290186
69 0.0290299
72 0.0290238
75 0.02903
78 0.0290344
81 0.0290322
84 0.029026
87 0.0290168
90 0.0290049
