-90 0.0290325
-87 0.029034
-84 0.0290351
-81 0.0290361
-78 0.0290368
-75 0.0290374
-72 0.0290377
-69 0.029038
-66 0.0290382
-63 0.0290383
-60 0.0290385
-57 0.0290387
-54 0.0290388
-51 0.0290382
-48 0.0290345
-45 0.0290186
-42 0.0290026
-39 0.0290257
-36 0.0290286
-33 0.0290256
-30 0.0290322
-27 0.0290373
-24 0.0290389
-21 0.0290393
-18 0.0290388
-15 0.0290339
-12 0.029023
-9 0.0290357
-6 0.0290374
-3 0.0290377
0 0.029038
3 0.0290375
6 0.029035
9 0.0290259
12 0.0289948
15 0.0289722
18 0.0289911
21 0.0289193
24 0.0287415
27 0.0284762
30 0.0285983
33 0.0288789
36 0.028991
39 0.0290158
42 0.0290174
45 0.029014
48 0.0290096
51 0.0290054
54 0.0290018
57 0.0289998
60 0.0289993
63 0.0290008
66 0.0290041
69 0.0290085
72 0.0290132
75 0.0290176
78 0.0290199
81 0.0290207
84 0.0290276
87 0.0290305
90 0.0290325
