-90 0.0290076
-87 0.028999
-84 0.0289836
-81 0.0289769
-78 0.0289694
-75 0.0289601
-72 0.028962
-69 0.0289729
-66 0.0289844
-63 0.0289944
-60 0.0290026
-57 0.0290091
-54 0.0290133
-51 0.0290113
-48 0.0289816
-45 0.0287984
-42 0.0277207
-39 0.0229788
-36 0.0262337
-33 0.0285122
-30 0.0289469
-27 0.0290202
-24 0.0290329
-21 0.0290355
-18 0.0290363
-15 0.0290367
-12 0.029037
-9 0.0290373
-6 0.0290375
-3 0.0290376
0 0.0290374
3 0.0290353
6 0.029032
9 0.0290337
12 0.029035
15 0.0290371
18 0.0290379
21 0.029038
24 0.029038
27 0.029038
30 0.0290379
33 0.0290377
36 0.0290371
39 0.0290343
42 0.0290208
45 0.0289593
48 0.0287471
51 0.0284303
54 0.0285644
57 0.028871
60 0.0289951
63 0.0290256
66 0.029031
69 0.0290309
72 0.0290295
75 0.0290275
78 0.029025
81 0.0290219
84 0.0290177
87 0.0290133
90 0.0290076
