-90 0.0290382
-87 0.0290381
-84 0.0290367
-81 0.0290269
-78 0.0290031
-75 0.0290036
-72 0.0289518
-69 0.0288417
-66 0.0288088
-63 0.0289155
-60 0.0289996
-57 0.0290276
-54 0.0290268
-51 0.0290004
-48 0.0289427
-45 0.0289054
-42 0.0289474
-39 0.0290009
-36 0.0290139
-33 0.0289769
-30 0.0290147
-27 0.0290323
-24 0.0290373
-21 0.0290383
-18 0.0290378
-15 0.0290321
-12 0.0290204
-9 0.0290308
-6 0.0290362
-3 0.0290276
0 0.029015
3 0.0290368
6 0.0290391
9 0.0290389
12 0.0290388
15 0.0290383
18 0.0290371
21 0.0290348
24 0.0290302
27 0.0290214
30 0.0290052
33 0.0289814
36 0.0289763
39 0.0289817
42 0.0289783
45 0.0289852
48 0.0290056
51 0.0290223
54 0.0290303
57 0.0290336
60 0.0290353
63 0.0290363
66 0.029037
69 0.0290374
72 0.0290378
75 0.029038
78 0.0290381
81 0.0290381
84 0.0290382
87 0.0290382
90 0.0290382
