-90 0.0266379
-87 0.0286278
-84 0.0289369
-81 0.0289895
-78 0.0290052
-75 0.0290146
-72 0.0290213
-69 0.029026
-66 0.0290294
-63 0.0290317
-60 0.0290334
-57 0.0290347
-54 0.0290356
-51 0.0290363
-48 0.0290368
-45 0.0290363
-42 0.0290104
-39 0.0290261
-36 0.0290112
-33 0.0290228
-30 0.0290377
-27 0.0290386
-24 0.0290388
-21 0.0290389
-18 0.0290389
-15 0.0290389
-12 0.0290369
-9 0.029012
-6 0.0290179
-3 0.0290332
0 0.0290283
3 0.0289751
6 0.0290336
9 0.0290388
12 0.0290392
15 0.0290392
18 0.0290391
21 0.029039
24 0.0290389
27 0.0290387
30 0.0290385
33 0.0290385
36 0.0290385
39 0.0290384
42 0.0290384
45 0.0290383
48 0.0290382
51 0.029038
54 0.0290377
57 0.0290372
60 0.0290366
63 0.0290361
66 0.0290356
69 0.0290345
72 0.0290322
75 0.0290237
78 0.0289793
81 0.0287119
84 0.0270297
87 0.0169042
90 0.0266379
