-90 0.0290063
-87 0.0289919
-84 0.028936
-81 0.0287989
-78 0.0285032
-75 0.0284339
-72 0.028755
-69 0.028935
-66 0.0289782
-63 0.0289764
-60 0.0289588
-57 0.0289608
-54 0.028982
-51 0.028999
-48 0.0290063
-45 0.0290091
-42 0.0290107
-39 0.029012
-36 0.0290133
-33 0.0290142
-30 0.0290129
-27 0.028998
-24 0.0289081
-21 0.028484
-18 0.0273306
-15 0.0274355
-12 0.0285764
-9 0.0289365
-6 0.0290087
-3 0.029022
0 0.0290246
3 0.029025
6 0.029022
9 0.0290221
12 0.0290255
15 0.0290254
18 0.0290228
21 0.029007
24 0.0289109
27 0.0283365
30 0.0254865
33 0.0250961
36 0.0282111
39 0.0288452
42 0.0289197
45 0.0289376
48 0.0289766
51 0.0290044
54 0.0290151
57 0.0290184
60 0.029019
63 0.029018
66 0.0290166
69 0.0290155
72 0.0290151
75 0.029012
78 0.0290091
81 0.0289883
84 0.0289919
87 0.0290089
90 0.0290063
