-90 0.029033
-87 0.0290371
-84 0.0290387
-81 0.0290395
-78 0.0290397
-75 0.0290397
-72 0.0290397
-69 0.0290399
-66 0.0290399
-63 0.0290397
-60 0.0290384
-57 0.0290108
-54 0.0290347
-51 0.0290395
-48 0.0290397
-45 0.0290394
-42 0.029038
-39 0.0290306
-36 0.0289958
-33 0.0290029
-30 0.0290322
-27 0.0290382
-24 0.0290394
-21 0.0290396
-18 0.0290394
-15 0.0290394
-12 0.0290395
-9 0.0290396
-6 0.0290396
-3 0.0290384
0 0.0290301
3 0.029035
6 0.0290385
9 0.0290385
12 0.0290388
15 0.029039
18 0.0290376
21 0.0290281
24 0.0289721
27 0.0286755
30 0.0275494
33 0.0269474
36 0.0283561
39 0.0289037
42 0.0290152
45 0.0290284
48 0.0290083
51 0.0290348
54 0.0290394
57 0.0290396
60 0.029039
63 0.0290371
66 0.0290333
69 0.0290279
72 0.029023
75 0.0290174
78 0.029004
81 0.0289857
84 0.0290039
87 0.0290236
90 0.029033
