-90 0.0290391
-87 0.0290382
-84 0.0290369
-81 0.029036
-78 0.0290346
-75 0.0290313
-72 0.0290278
-69 0.0290281
-66 0.0290322
-63 0.0290357
-60 0.029037
-57 0.029037
-54 0.0290356
-51 0.0290272
-48 0.0290308
-45 0.0290333
-42 0.0290319
-39 0.0290299
-36 0.0290276
-33 0.029025
-30 0.0290228
-27 0.0290213
-24 0.0290211
-21 0.0290217
-18 0.029023
-15 0.0290248
-12 0.0290268
-9 0.0290289
-6 0.0290307
-3 0.0290322
0 0.0290339
3 0.0290351
6 0.0290351
9 0.0290308
12 0.0290077
15 0.0289166
18 0.0287057
21 0.0286157
24 0.0288156
27 0.0289555
30 0.0290096
33 0.0290322
36 0.0290379
39 0.0290392
42 0.0290395
45 0.0290394
48 0.0290394
51 0.0290369
54 0.0290004
57 0.0290218
60 0.0290314
63 0.0290283
66 0.0290349
69 0.0290382
72 0.0290392
75 0.0290395
78 0.0290397
81 0.0290397
84 0.0290396
87 0.0290395
90 0.0290391
