-90 0.0290238
-87 0.0289901
-84 0.0288629
-81 0.0282585
-78 0.0258798
-75 0.0262895
-72 0.0284365
-69 0.0289303
-66 0.0290179
-63 0.0290321
-60 0.0290337
-57 0.0290331
-54 0.0290318
-51 0.0290305
-48 0.0290291
-45 0.0290276
-42 0.0290258
-39 0.0290239
-36 0.0290217
-33 0.0290187
-30 0.0290141
-27 0.0290078
-24 0.0289964
-21 0.0289662
-18 0.0289564
-15 0.0289633
-12 0.0289921
-9 0.0290143
-6 0.0290244
-3 0.0290287
0 0.029031
3 0.0290326
6 0.029033
9 0.0290311
12 0.0290336
15 0.0290357
18 0.0290366
21 0.029037
24 0.0290373
27 0.0290374
30 0.0290366
33 0.0290317
36 0.0290091
39 0.0289191
42 0.0288112
45 0.0288255
48 0.0289269
51 0.0289943
54 0.0290232
57 0.029035
60 0.0290381
63 0.0290387
66 0.0290384
69 0.0290302
72 0.0290242
75 0.0290379
78 0.0290384
81 0.0290385
84 0.0290376
87 0.0290343
90 0.0290238
