-90 0.0290091
-87 0.0288473
-84 0.0278265
-81 0.0218339
-78 0.0254187
-75 0.0284582
-72 0.0289472
-69 0.0290244
-66 0.0290349
-63 0.0290279
-60 0.0289966
-57 0.0290123
-54 0.0290332
-51 0.0290368
-48 0.0290209
-45 0.0290325
-42 0.0290363
-39 0.0290257
-36 0.0289963
-33 0.0290202
-30 0.0290335
-27 0.0290304
-24 0.0290007
-21 0.0288338
-18 0.0279133
-15 0.0249244
-12 0.0269076
-9 0.0286301
-6 0.0289705
-3 0.0290283
0 0.0290379
3 0.0290394
6 0.0290397
9 0.0290397
12 0.0290396
15 0.0290396
18 0.0290394
21 0.0290391
24 0.0290385
27 0.0290373
30 0.0290344
33 0.0290275
36 0.029011
39 0.0289696
42 0.0288742
45 0.0289211
48 0.0289867
51 0.0290154
54 0.029028
57 0.0290339
60 0.0290368
63 0.0290382
66 0.0290389
69 0.0290393
72 0.0290395
75 0.0290396
78 0.0290397
81 0.0290396
84 0.0290389
87 0.0290348
90 0.0290091
