-90 0.0289859
-87 0.0290255
-84 0.0290326
-81 0.0290331
-78 0.0290333
-75 0.0290333
-72 0.0290333
-69 0.0290332
-66 0.0290331
-63 0.0290328
-60 0.0290324
-57 0.0290316
-54 0.0290296
-51 0.029024
-48 0.0290113
-45 0.0289948
-42 0.0289909
-39 0.0290034
-36 0.0290154
-33 0.0290195
-30 0.0290095
-27 0.0290102
-24 0.0290029
-21 0.0289599
-18 0.0288504
-15 0.0287478
-12 0.0288231
-9 0.0289439
-6 0.0289973
-3 0.0290128
0 0.0290171
3 0.0290188
6 0.0290195
9 0.02902
12 0.0290205
15 0.0290216
18 0.0290228
21 0.0290237
24 0.0290218
27 0.0290178
30 0.0290252
33 0.0290264
36 0.0290269
39 0.0290273
42 0.0290278
45 0.0290283
48 0.0290288
51 0.0290291
54 0.0290289
57 0.0290266
60 0.029028
63 0.0290289
66 0.0290283
69 0.0290278
72 0.0290278
75 0.0290286
78 0.0290297
81 0.0290304
84 0.0290258
87 0.0290245
90 0.0289859
