-90 0.0290377
-87 0.0290334
-84 0.0290335
-81 0.0290152
-78 0.0289204
-75 0.0285906
-72 0.028181
-69 0.0285
-66 0.0288837
-63 0.0290067
-60 0.0290332
-57 0.0290371
-54 0.0290339
-51 0.029029
-48 0.029027
-45 0.0290277
-42 0.0290321
-39 0.0290365
-36 0.0290387
-33 0.0290395
-30 0.0290398
-27 0.0290398
-24 0.0290398
-21 0.0290397
-18 0.0290396
-15 0.0290394
-12 0.0290386
-9 0.0290313
-6 0.0290077
-3 0.0289937
0 0.0290272
3 0.0290191
6 0.028997
9 0.0289649
12 0.0289931
15 0.0290171
18 0.0290288
21 0.0290343
24 0.0290362
27 0.0290304
30 0.0290253
33 0.0290232
36 0.0290244
39 0.0290363
42 0.0290377
45 0.0290376
48 0.0290385
51 0.0290389
54 0.0290391
57 0.0290393
60 0.0290395
63 0.0290395
66 0.0290396
69 0.0290396
72 0.0290397
75 0.0290398
78 0.0290398
81 0.0290399
84 0.0290399
87 0.0290397
90 0.0290377
