-90 0.0290045
-87 0.0290227
-84 0.0290306
-81 0.029033
-78 0.0290337
-75 0.0290317
-72 0.0290141
-69 0.0289174
-66 0.0285173
-63 0.027804
-60 0.0281909
-57 0.0288041
-54 0.0289918
-51 0.0290306
-48 0.0290378
-45 0.0290392
-42 0.0290394
-39 0.029039
-36 0.0290379
-33 0.0290351
-30 0.0290292
-27 0.0290194
-24 0.0290142
-21 0.0290205
-18 0.0290279
-15 0.0290288
-12 0.0289994
-9 0.0287969
-6 0.0275213
-3 0.0207791
0 0.0262081
3 0.0285838
6 0.028965
9 0.0290099
12 0.0290017
15 0.028868
18 0.0283949
21 0.0279295
24 0.0284713
27 0.0288933
30 0.0289948
33 0.0290178
36 0.0290336
39 0.0289664
42 0.0290344
45 0.0290315
48 0.0290043
51 0.0289024
54 0.028611
57 0.0282029
60 0.0284757
63 0.0288695
66 0.0289951
69 0.0289525
72 0.0290262
75 0.0290365
78 0.0290367
81 0.0290344
84 0.0290266
87 0.029008
90 0.0290045
