-90 0.0290341
-87 0.0290333
-84 0.0290326
-81 0.0290329
-78 0.0290326
-75 0.0290288
-72 0.0290192
-69 0.0290118
-66 0.0290204
-63 0.0290305
-60 0.0290356
-57 0.0290378
-54 0.0290385
-51 0.0290387
-48 0.0290387
-45 0.0290384
-42 0.0290379
-39 0.0290364
-36 0.0290257
-33 0.0289636
-30 0.0286457
-27 0.0275292
-24 0.0269
-21 0.0272517
-18 0.0275086
-15 0.0285336
-12 0.0289322
-9 0.0290182
-6 0.0290337
-3 0.029036
0 0.0290357
3 0.0290352
6 0.0290345
9 0.0290334
12 0.0290321
15 0.0290314
18 0.0290322
21 0.0290328
24 0.0290318
27 0.0290274
30 0.0290188
33 0.029012
36 0.0290156
39 0.0290253
42 0.0290323
45 0.0290354
48 0.0290365
51 0.0290368
54 0.0290369
57 0.0290367
60 0.0290363
63 0.0290359
66 0.0290355
69 0.0290347
72 0.0290336
75 0.0290327
78 0.0290323
81 0.0290327
84 0.0290336
87 0.0290342
90 0.0290341
