-90 0.0290236
-87 0.0290348
-84 0.0290379
-81 0.0290377
-78 0.0290333
-75 0.0290156
-72 0.0289563
-69 0.0288419
-66 0.0288071
-63 0.0289145
-60 0.0289999
-57 0.0290288
-54 0.0290351
-51 0.029038
-48 0.0290389
-45 0.0290388
-42 0.0290385
-39 0.0290381
-36 0.0290376
-33 0.0290372
-30 0.0290365
-27 0.0290349
-24 0.0290209
-21 0.0290287
-18 0.0290301
-15 0.0290265
-12 0.0290215
-9 0.0290151
-6 0.0290062
-3 0.0289922
0 0.0289686
3 0.0289279
6 0.0288642
9 0.0288692
12 0.0289322
15 0.0289685
18 0.0289818
21 0.0289758
24 0.0289673
27 0.0289812
30 0.0290071
33 0.0290241
36 0.0290314
39 0.0290343
42 0.0290359
45 0.0290368
48 0.0290375
51 0.029038
54 0.0290381
57 0.0290387
60 0.0290389
63 0.0290385
66 0.0290344
69 0.0290167
72 0.0290302
75 0.0290223
78 0.0289906
81 0.0289498
84 0.0289522
87 0.0289938
90 0.0290236
