-90 0.0289877
-87 0.0289553
-84 0.0288982
-81 0.0288714
-78 0.0289129
-75 0.0289586
-72 0.0289771
-69 0.0289805
-66 0.0289756
-63 0.0289071
-60 0.0289739
-57 0.0289729
-54 0.0289635
-51 0.0289326
-48 0.0288638
-45 0.0288215
-42 0.0288793
-39 0.0289441
-36 0.0289738
-33 0.0289842
-30 0.0289888
-27 0.0289919
-24 0.0289946
-21 0.0289971
-18 0.0289995
-15 0.0290018
-12 0.0290039
-9 0.0290053
-6 0.0290032
-3 0.0289866
0 0.0289817
3 0.0290086
6 0.0290127
9 0.029014
12 0.0290148
15 0.0290156
18 0.0290162
21 0.0290167
24 0.0290171
27 0.0290171
30 0.0290162
33 0.0290123
36 0.0290023
39 0.0289831
42 0.028965
45 0.0289679
48 0.0289882
51 0.0290053
54 0.0290129
57 0.0290149
60 0.0290148
63 0.0290141
66 0.0290129
69 0.0290046
72 0.0289865
75 0.0290082
78 0.029008
81 0.0290063
84 0.0290039
87 0.0289995
90 0.0289877
