-90 0.0290221
-87 0.0290238
-84 0.0290095
-81 0.0289873
-78 0.0289682
-75 0.0289891
-72 0.0290248
-69 0.0290352
-66 0.0290377
-63 0.0290381
-60 0.0290381
-57 0.029038
-54 0.0290378
-51 0.0290376
-48 0.0290372
-45 0.0290366
-42 0.0290358
-39 0.0290345
-36 0.0290325
-33 0.0290277
-30 0.028997
-27 0.0289939
-24 0.0290062
-21 0.0289958
-18 0.0289892
-15 0.0289962
-12 0.0290085
-9 0.0290185
-6 0.0290254
-3 0.0290299
0 0.0290324
3 0.0290317
6 0.0290301
9 0.029035
12 0.0290369
15 0.0290375
18 0.0290378
21 0.029038
24 0.0290381
27 0.0290381
30 0.0290373
33 0.0290339
36 0.0290199
39 0.0289831
42 0.0289822
45 0.0289975
48 0.0290176
51 0.029031
54 0.0290364
57 0.029038
60 0.0290385
63 0.0290387
66 0.0290384
69 0.0290375
72 0.0290369
75 0.029038
78 0.0290384
81 0.0290375
84 0.0290334
87 0.0290227
90 0.0290221
