-90 0.02893
-87 0.0289658
-84 0.0289759
-81 0.0289792
-78 0.0289694
-75 0.0289863
-72 0.0289902
-69 0.0289889
-66 0.0289685
-63 0.0288402
-60 0.028176
-57 0.0263458
-54 0.0272647
-51 0.0286164
-48 0.0289368
-45 0.0289925
-42 0.0289992
-39 0.0290026
-36 0.0290094
-33 0.0290158
-30 0.02902
-27 0.0290226
-24 0.0290239
-21 0.0290245
-18 0.0290237
-15 0.029018
-12 0.029015
-9 0.0290225
-6 0.0290257
-3 0.029026
0 0.0290257
3 0.0290244
6 0.0290205
9 0.0290095
12 0.0289953
15 0.0290033
18 0.0290077
21 0.0290061
24 0.0290003
27 0.0289741
30 0.0289016
33 0.0288286
36 0.0288702
39 0.0289548
42 0.0289953
45 0.0290054
48 0.0290055
51 0.0290029
54 0.0289991
57 0.0289944
60 0.0289905
63 0.0289853
66 0.0289775
69 0.0289586
72 0.0288732
75 0.0283699
78 0.025244
81 0.0214713
84 0.0277192
87 0.0287508
90 0.02893
