-90 0.0290394
-87 0.0290394
-84 0.0290393
-81 0.0290393
-78 0.0290391
-75 0.0290385
-72 0.0290361
-69 0.0290304
-66 0.0290115
-63 0.0289337
-60 0.0287628
-57 0.0286165
-54 0.0288203
-51 0.028971
-48 0.029021
-45 0.0290322
-42 0.0290335
-39 0.0290322
-36 0.02903
-33 0.0290269
-30 0.0290228
-27 0.0290177
-24 0.0290116
-21 0.0290045
-18 0.0289973
-15 0.0289909
-12 0.0289867
-9 0.0289857
-6 0.0289882
-3 0.0289935
0 0.0290007
3 0.0290087
6 0.0290162
9 0.0290222
12 0.0290265
15 0.0290281
18 0.02903
21 0.0290318
24 0.0290265
27 0.0290052
30 0.0289594
33 0.0289268
36 0.0289578
39 0.0290056
42 0.0290293
45 0.0290367
48 0.0290386
51 0.0290391
54 0.0290391
57 0.0290394
60 0.0290394
63 0.0290394
66 0.0290395
69 0.0290395
72 0.029039
75 0.0290337
78 0.0290093
81 0.0290341
84 0.029039
87 0.0290394
90 0.0290394
