-90 0.029012
-87 0.0290137
-84 0.0290154
-81 0.0290145
-78 0.0289845
-75 0.0290006
-72 0.0289637
-69 0.0290111
-66 0.0290243
-63 0.0290263
-60 0.0290266
-57 0.0290264
-54 0.0290256
-51 0.029024
-48 0.0290211
-45 0.0290134
-42 0.028982
-39 0.0288112
-36 0.0278009
-33 0.022889
-30 0.0258114
-27 0.0282941
-24 0.0288492
-21 0.028962
-18 0.0289898
-15 0.0290005
-12 0.0290059
-9 0.0290082
-6 0.0290085
-3 0.0290072
0 0.0290052
3 0.0290033
6 0.0290025
9 0.029002
12 0.028994
15 0.0289795
18 0.0289827
21 0.0290153
24 0.0290232
27 0.029026
30 0.0290277
33 0.0290288
36 0.0290294
39 0.0290296
42 0.0290289
45 0.0290248
48 0.0290014
51 0.0288673
54 0.0281503
57 0.0258744
60 0.0268025
63 0.0280302
66 0.0265254
69 0.0260396
72 0.0282714
75 0.0288801
78 0.0289894
81 0.0290071
84 0.02901
87 0.0290109
90 0.029012
