-90 0.0290291
-87 0.0290238
-84 0.0290039
-81 0.0290181
-78 0.0290246
-75 0.0290264
-72 0.0290257
-69 0.0290059
-66 0.0290236
-63 0.0290339
-60 0.029036
-57 0.0290369
-54 0.029037
-51 0.0290351
-48 0.0290247
-45 0.0289883
-42 0.0289135
-39 0.0288721
-36 0.028933
-33 0.0290009
-30 0.0290289
-27 0.0290361
-24 0.0290373
-21 0.0290385
-18 0.0290388
-15 0.0290387
-12 0.0290384
-9 0.0290377
-6 0.0290369
-3 0.0290356
0 0.0290318
3 0.0290233
6 0.0290011
9 0.0289665
12 0.028967
15 0.0290024
18 0.0290212
21 0.0290305
24 0.0290352
27 0.0290374
30 0.0290387
33 0.0290392
36 0.0290393
39 0.0290388
42 0.0290362
45 0.0290285
48 0.0290122
51 0.0289918
54 0.0289677
57 0.02901
60 0.0290263
63 0.0290344
66 0.0290373
69 0.0290379
72 0.0290376
75 0.029037
78 0.0290362
81 0.029035
84 0.0290335
87 0.0290315
90 0.0290291
