-90 0.0290399
-87 0.0290399
-84 0.0290399
-81 0.0290399
-78 0.0290398
-75 0.0290393
-72 0.0290365
-69 0.0290193
-66 0.028918
-63 0.0283657
-60 0.0263629
-57 0.0266868
-54 0.0284917
-51 0.028939
-48 0.0290202
-45 0.0290351
-42 0.0290385
-39 0.0290393
-36 0.0290394
-33 0.0290391
-30 0.0290389
-27 0.029039
-24 0.0290394
-21 0.0290396
-18 0.0290396
-15 0.0290392
-12 0.0290359
-9 0.0290154
-6 0.0288877
-3 0.0281042
0 0.0239892
3 0.0252098
6 0.028369
9 0.0289311
12 0.0290223
15 0.029037
18 0.0290394
21 0.0290398
24 0.0290397
27 0.0290399
30 0.0290398
33 0.0290397
36 0.0290387
39 0.0290327
42 0.029033
45 0.0290378
48 0.0290357
51 0.0290207
54 0.0289392
57 0.0285576
60 0.0275686
63 0.0277511
66 0.0286691
69 0.0289656
72 0.0290261
75 0.0290374
78 0.0290394
81 0.0290398
84 0.0290398
87 0.0290399
90 0.0290399
