-90 0.0290373
-87 0.0290292
-84 0.0290045
-81 0.0289562
-78 0.0289037
-75 0.0289109
-72 0.02897
-69 0.0290103
-66 0.0290305
-63 0.0290373
-60 0.0290391
-57 0.0290394
-54 0.0290393
-51 0.0290391
-48 0.0290389
-45 0.0290384
-42 0.0290378
-39 0.0290366
-36 0.0290343
-33 0.0290293
-30 0.029018
-27 0.0289911
-24 0.0289395
-21 0.0288852
-18 0.0290041
-15 0.029029
-12 0.0290345
-9 0.0290367
-6 0.0290377
-3 0.0290383
0 0.0290387
3 0.0290389
6 0.0290388
9 0.0290383
12 0.0290387
15 0.0290393
18 0.0290392
21 0.0290387
24 0.0290388
27 0.0290394
30 0.0290397
33 0.0290397
36 0.0290393
39 0.0290372
42 0.028997
45 0.0290297
48 0.0290387
51 0.0290394
54 0.0290378
57 0.0290026
60 0.0290277
63 0.0290392
66 0.0290399
69 0.0290399
72 0.0290399
75 0.0290399
78 0.0290399
81 0.0290399
84 0.0290398
87 0.0290393
90 0.0290373
