-90 0.0289974
-87 0.0290293
-84 0.0290331
-81 0.0289937
-78 0.0290206
-75 0.0290265
-72 0.0290239
-69 0.0290379
-66 0.0290384
-63 0.0290372
-60 0.0290352
-57 0.0290318
-54 0.0290271
-51 0.029022
-48 0.0290188
-45 0.0290171
-42 0.0290147
-39 0.0290144
-36 0.0290202
-33 0.0290286
-30 0.0290346
-27 0.0290376
-24 0.0290389
-21 0.0290394
-18 0.0290397
-15 0.0290398
-12 0.0290389
-9 0.0290308
-6 0.029024
-3 0.0290375
0 0.0290378
3 0.0290312
6 0.0290278
9 0.0290353
12 0.029037
15 0.0290359
18 0.0290341
21 0.029031
24 0.0290305
27 0.0290353
30 0.0290386
33 0.0290396
36 0.0290398
39 0.0290379
42 0.0290266
45 0.0290362
48 0.0290396
51 0.0290384
54 0.0290067
57 0.0290266
60 0.0290393
63 0.0290399
66 0.0290397
69 0.0290388
72 0.0290349
75 0.0290179
78 0.028959
81 0.0288412
84 0.0287976
87 0.0289063
90 0.0289974
