-90 0.0290382
-87 0.0290389
-84 0.0290393
-81 0.0290395
-78 0.0290397
-75 0.0290397
-72 0.0290398
-69 0.0290398
-66 0.0290397
-63 0.0290393
-60 0.0290372
-57 0.0290293
-54 0.0289901
-51 0.0288456
-48 0.0285725
-45 0.0285795
-42 0.0288515
-39 0.02899
-36 0.0290251
-33 0.0290231
-30 0.0289918
-27 0.0289267
-24 0.0288738
-21 0.0289422
-18 0.0290068
-15 0.0290309
-12 0.0290373
-9 0.029038
-6 0.0290363
-3 0.0290377
0 0.029035
3 0.0290139
6 0.0288881
9 0.0281696
12 0.0252908
15 0.0262999
18 0.0284885
21 0.0289372
24 0.028954
27 0.0290221
30 0.0290326
33 0.0290336
36 0.0290344
39 0.0290348
42 0.0290341
45 0.0290319
48 0.0290276
51 0.0290215
54 0.0290165
57 0.0290174
60 0.0290222
63 0.0290227
66 0.029005
69 0.0289483
72 0.0288748
75 0.0288913
78 0.0289707
81 0.0290177
84 0.0290329
87 0.029037
90 0.0290382
