-90 0.0289901
-87 0.0289945
-84 0.0290052
-81 0.0290139
-78 0.02902
-75 0.029025
-72 0.0290288
-69 0.0290315
-66 0.0290331
-63 0.0290338
-60 0.0290322
-57 0.0290297
-54 0.0290254
-51 0.0289748
-48 0.0290221
-45 0.0290334
-42 0.0290344
-39 0.0290343
-36 0.0290341
-33 0.0290339
-30 0.0290338
-27 0.029034
-24 0.0290342
-21 0.0290345
-18 0.0290346
-15 0.0290345
-12 0.0290348
-9 0.0290351
-6 0.0290353
-3 0.0290355
0 0.0290357
3 0.0290356
6 0.0290324
9 0.0290092
12 0.0290051
15 0.0290326
18 0.0290328
21 0.0290292
24 0.0290348
27 0.0290332
30 0.029019
33 0.0289568
36 0.0287675
39 0.0285566
42 0.0287051
45 0.0289267
48 0.0290111
51 0.0290316
54 0.0290357
57 0.0290363
60 0.0290359
63 0.0290344
66 0.029022
69 0.0290058
72 0.0290147
75 0.0290271
78 0.0290252
81 0.0290193
84 0.0290103
87 0.0289986
90 0.0289901
