-90 0.0286605
-87 0.0277076
-84 0.027509
-81 0.0285435
-78 0.0289378
-75 0.0290214
-72 0.0290366
-69 0.0290393
-66 0.0290397
-63 0.0290396
-60 0.0290394
-57 0.0290397
-54 0.0290398
-51 0.0290392
-48 0.0290325
-45 0.0290219
-42 0.0290375
-39 0.0290388
-36 0.0290368
-33 0.029031
-30 0.0290133
-27 0.0289672
-24 0.0290204
-21 0.0290345
-18 0.0290383
-15 0.0290393
-12 0.0290393
-9 0.0290385
-6 0.0290373
-3 0.0290378
0 0.0290389
3 0.0290391
6 0.0290391
9 0.0290393
12 0.0290393
15 0.0290386
18 0.0290346
21 0.0290106
24 0.0288725
27 0.0281743
30 0.0263685
33 0.0274195
36 0.0286813
39 0.0289751
42 0.0290281
45 0.0290368
48 0.0290379
51 0.0290378
54 0.0290377
57 0.0290379
60 0.0290375
63 0.0290364
66 0.0290386
69 0.0290394
72 0.0290396
75 0.0290396
78 0.0290392
81 0.029037
84 0.0290254
87 0.0289633
90 0.0286605
