-90 0.0290144
-87 0.0290136
-84 0.0290217
-81 0.0290279
-78 0.029032
-75 0.0290364
-72 0.0290381
-69 0.0290387
-66 0.029039
-63 0.0290391
-60 0.0290391
-57 0.0290388
-54 0.0290365
-51 0.0290237
-48 0.0290253
-45 0.029027
-42 0.0289928
-39 0.0288438
-36 0.0284802
-33 0.0283776
-30 0.028751
-27 0.0289641
-24 0.029021
-21 0.029032
-18 0.0290337
-15 0.0290337
-12 0.029032
-9 0.0290216
-6 0.0290045
-3 0.0290271
0 0.0290315
3 0.0290333
6 0.029034
9 0.0290308
12 0.029029
15 0.0290351
18 0.0290367
21 0.0290371
24 0.0290369
27 0.0290355
30 0.0290309
33 0.0290232
36 0.0290237
39 0.0290315
42 0.0290339
45 0.0290218
48 0.0289356
51 0.0283908
54 0.0251045
57 0.0229518
60 0.0279859
63 0.0288677
66 0.0290096
69 0.0290336
72 0.0290381
75 0.0290385
78 0.0290376
81 0.0290354
84 0.029031
87 0.0290233
90 0.0290144
