-90 0.028738
-87 0.02897
-84 0.0289831
-81 0.0289402
-78 0.0289315
-75 0.0289792
-72 0.0290164
-69 0.0290308
-66 0.0290357
-63 0.0290371
-60 0.0290374
-57 0.0290378
-54 0.0290382
-51 0.0290384
-48 0.0290386
-45 0.0290386
-42 0.0290387
-39 0.0290388
-36 0.0290389
-33 0.0290389
-30 0.0290388
-27 0.0290388
-24 0.0290391
-21 0.0290393
-18 0.0290393
-15 0.0290389
-12 0.029038
-9 0.0290389
-6 0.0290393
-3 0.0290393
0 0.0290392
3 0.0290391
6 0.0290389
9 0.0290386
12 0.029038
15 0.0290352
18 0.0290296
21 0.0290321
24 0.0290314
27 0.029029
30 0.0290263
33 0.0290247
36 0.0290248
39 0.0290261
42 0.0290274
45 0.0290278
48 0.0290272
51 0.0290255
54 0.0290229
57 0.02902
60 0.0290177
63 0.0290169
66 0.0290177
69 0.0290189
72 0.0290137
75 0.0289654
78 0.0286479
81 0.0267045
84 0.0212436
87 0.0272986
90 0.028738
