-90 0.0290389
-87 0.0290387
-84 0.0290384
-81 0.029038
-78 0.0290374
-75 0.0290365
-72 0.0290353
-69 0.0290337
-66 0.0290299
-63 0.0290257
-60 0.0290225
-57 0.0290142
-54 0.0290017
-51 0.0289881
-48 0.0289785
-45 0.0289731
-42 0.028979
-39 0.0289917
-36 0.0289996
-33 0.0289997
-30 0.0290175
-27 0.0290265
-24 0.0290306
-21 0.0290332
-18 0.029035
-15 0.0290362
-12 0.0290372
-9 0.0290379
-6 0.0290383
-3 0.0290382
0 0.0290368
3 0.0290302
6 0.0290023
9 0.0289139
12 0.0287765
15 0.0287883
18 0.0289273
21 0.0290061
24 0.0290295
27 0.0290363
30 0.0290387
33 0.0290392
36 0.029039
39 0.0290386
42 0.0290389
45 0.0290394
48 0.0290389
51 0.0290355
54 0.0290192
57 0.0289859
60 0.0288771
63 0.028098
66 0.024102
69 0.0253757
72 0.0283887
75 0.0289335
78 0.0290222
81 0.0290365
84 0.0290388
87 0.029039
90 0.0290389
