-90 0.0290149
-87 0.0290108
-84 0.0289752
-81 0.0290257
-78 0.0290306
-75 0.0290327
-72 0.0290341
-69 0.0290353
-66 0.0290361
-63 0.0290366
-60 0.0290363
-57 0.0290328
-54 0.0290185
-51 0.0289783
-48 0.0289106
-45 0.0288947
-42 0.0289581
-39 0.0290116
-36 0.029032
-33 0.0290375
-30 0.0290387
-27 0.029039
-24 0.029039
-21 0.029039
-18 0.0290388
-15 0.0290384
-12 0.0290344
-9 0.0289936
-6 0.0290254
-3 0.0290114
0 0.0290137
3 0.0290373
6 0.0290391
9 0.0290391
12 0.0290387
15 0.0290385
18 0.0290384
21 0.0290389
24 0.0290387
27 0.0290381
30 0.0290364
33 0.0290307
36 0.029014
39 0.0289755
42 0.0289327
45 0.0289439
48 0.0289912
51 0.0290201
54 0.0290291
57 0.0290293
60 0.0290267
63 0.0290233
66 0.0290198
69 0.0290151
72 0.0290098
75 0.0290047
78 0.0290012
81 0.029001
84 0.0290043
87 0.0290096
90 0.0290149
