-90 0.0289939
-87 0.0289816
-84 0.0289484
-81 0.02893
-78 0.0289584
-75 0.0289961
-72 0.0290155
-69 0.0290226
-66 0.0290253
-63 0.0290267
-60 0.0290279
-57 0.0290289
-54 0.0290297
-51 0.0290302
-48 0.0290307
-45 0.0290307
-42 0.0290227
-39 0.0290247
-36 0.0290316
-33 0.0290317
-30 0.0290302
-27 0.0290234
-24 0.0289951
-21 0.0290119
-18 0.0290286
-15 0.0290314
-12 0.0290309
-9 0.0290283
-6 0.0290287
-3 0.0290306
0 0.0290308
3 0.0290298
6 0.0290203
9 0.0289335
12 0.0289783
15 0.0290235
18 0.0290256
21 0.0290234
24 0.0290168
27 0.0289937
30 0.0289264
33 0.0288218
36 0.0288162
39 0.0289148
42 0.0289782
45 0.0289961
48 0.0289961
51 0.0289905
54 0.0289827
57 0.0289741
60 0.0289668
63 0.0289634
66 0.0289644
69 0.0289685
72 0.0289743
75 0.0289807
78 0.0289869
81 0.0289922
84 0.0289936
87 0.0289867
90 0.0289939
