-90 0.0290353
-87 0.0290335
-84 0.0290313
-81 0.0290303
-78 0.0290298
-75 0.0290181
-72 0.0290138
-69 0.0290221
-66 0.0290132
-63 0.0290124
-60 0.0290216
-57 0.0290233
-54 0.0290249
-51 0.0290332
-48 0.0290362
-45 0.0290365
-42 0.0290359
-39 0.029034
-36 0.0290282
-33 0.0290142
-30 0.0289939
-27 0.0289874
-24 0.0290026
-21 0.0290188
-18 0.0290256
-15 0.0290266
-12 0.0290254
-9 0.0290234
-6 0.0290211
-3 0.0290184
0 0.0290124
3 0.0289502
6 0.0289904
9 0.029011
12 0.0290123
15 0.0290134
18 0.029015
21 0.0290156
24 0.0290087
27 0.0290123
30 0.0290131
33 0.0290038
36 0.028998
39 0.0290061
42 0.0290195
45 0.0290279
48 0.0290323
51 0.0290341
54 0.029035
57 0.0290356
60 0.0290361
63 0.0290362
66 0.0290357
69 0.0290366
72 0.0290374
75 0.0290376
78 0.0290377
81 0.0290377
84 0.0290373
87 0.0290366
90 0.0290353
