-90 0.0286443
-87 0.0279409
-84 0.0280637
-81 0.0287283
-78 0.028964
-75 0.0290057
-72 0.029007
-69 0.0290169
-66 0.0290285
-63 0.0290349
-60 0.0290378
-57 0.029039
-54 0.0290392
-51 0.0290386
-48 0.0290365
-45 0.0290279
-42 0.0290059
-39 0.0289771
-36 0.0289756
-33 0.0290037
-30 0.0290267
-27 0.0290359
-24 0.0290377
-21 0.0290361
-18 0.0290332
-15 0.0290326
-12 0.0290354
-9 0.0290382
-6 0.0290393
-3 0.0290397
0 0.0290394
3 0.0290382
6 0.0290384
9 0.0290393
12 0.0290396
15 0.0290396
18 0.0290392
21 0.0290381
24 0.0290359
27 0.0290329
30 0.0290325
33 0.0290356
36 0.0290377
39 0.0290362
42 0.0290203
45 0.0289179
48 0.0282661
51 0.024144
54 0.02312
57 0.0281009
60 0.028892
63 0.0290161
66 0.0290339
69 0.0290216
72 0.0290184
75 0.029031
78 0.0290366
81 0.0290343
84 0.0290211
87 0.0289511
90 0.0286443
