-90 0.0289906
-87 0.0289868
-84 0.0289787
-81 0.0289822
-78 0.028981
-75 0.0289785
-72 0.0289755
-69 0.02897
-66 0.0289487
-63 0.02883
-60 0.0281282
-57 0.0242347
-54 0.0224085
-51 0.0273907
-48 0.0286438
-45 0.0289075
-42 0.028957
-39 0.0289666
-36 0.0289695
-33 0.0289713
-30 0.0289732
-27 0.0289752
-24 0.0289774
-21 0.0289799
-18 0.0289824
-15 0.0289847
-12 0.028987
-9 0.0289891
-6 0.0289904
-3 0.0289893
0 0.0289818
3 0.0289658
6 0.028954
9 0.0289638
12 0.0289835
15 0.0289961
18 0.0290012
21 0.0290034
24 0.0290044
27 0.029005
30 0.0290055
33 0.0290058
36 0.029006
39 0.0290062
42 0.0290062
45 0.0290062
48 0.0290059
51 0.0290051
54 0.0290025
57 0.0289901
60 0.0289346
63 0.0287442
66 0.0284505
69 0.0285529
72 0.0288418
75 0.0289618
78 0.0289905
81 0.028995
84 0.0289944
87 0.0289927
90 0.0289906
