-90 0.0290331
-87 0.0290152
-84 0.0290239
-81 0.0290294
-78 0.0290279
-75 0.0290284
-72 0.0290287
-69 0.029024
-66 0.029009
-63 0.0289752
-60 0.0289811
-57 0.0290091
-54 0.0290223
-51 0.0290291
-48 0.0290328
-45 0.0290346
-42 0.0290355
-39 0.0290359
-36 0.0290326
-33 0.0290211
-30 0.0290351
-27 0.0290297
-24 0.0290122
-21 0.0290335
-18 0.0290364
-15 0.0290366
-12 0.0290366
-9 0.0290365
-6 0.0290363
-3 0.029036
0 0.0290361
3 0.0290361
6 0.0290361
9 0.0290357
12 0.0290345
15 0.0290342
18 0.029035
21 0.0290346
24 0.0290327
27 0.0290272
30 0.029002
33 0.0290045
36 0.0290268
39 0.0290322
42 0.0290341
45 0.0290294
48 0.0289807
51 0.0290335
54 0.0290358
57 0.0290359
60 0.0290361
63 0.0290361
66 0.0290362
69 0.0290361
72 0.0290361
75 0.0290358
78 0.0290351
81 0.029034
84 0.0290331
87 0.0290329
90 0.0290331
