-90 0.0290378
-87 0.0290374
-84 0.0290373
-81 0.0290372
-78 0.0290372
-75 0.0290372
-72 0.0290375
-69 0.029038
-66 0.0290383
-63 0.0290378
-60 0.0290353
-57 0.0290279
-54 0.0290148
-51 0.0290151
-48 0.0290263
-45 0.0290276
-42 0.0290017
-39 0.0290175
-36 0.0289761
-33 0.0287605
-30 0.0281661
-27 0.0280032
-24 0.028643
-21 0.0289487
-18 0.0290219
-15 0.029036
-12 0.0290373
-9 0.0290281
-6 0.0290333
-3 0.0290385
0 0.0290387
3 0.0290388
6 0.0290389
9 0.0290389
12 0.0290382
15 0.0290347
18 0.0290226
21 0.0289868
24 0.0289938
27 0.0290129
30 0.029016
33 0.029022
36 0.0290307
39 0.0290362
42 0.0290385
45 0.0290391
48 0.0290395
51 0.0290397
54 0.0290397
57 0.0290398
60 0.0290398
63 0.0290396
66 0.0290387
69 0.0290386
72 0.0290397
75 0.0290399
78 0.0290398
81 0.0290397
84 0.0290392
87 0.0290385
90 0.0290378
