-90 0.0287552
-87 0.0289827
-84 0.0290034
-81 0.0289722
-78 0.0289855
-75 0.0290151
-72 0.0290278
-69 0.0290327
-66 0.0290335
-63 0.029031
-60 0.0290267
-57 0.0290259
-54 0.0290303
-51 0.0290337
-48 0.0290328
-45 0.0290365
-42 0.0290376
-39 0.0290377
-36 0.0290379
-33 0.0290381
-30 0.0290385
-27 0.0290387
-24 0.0290389
-21 0.0290381
-18 0.0290336
-15 0.0290349
-12 0.0290386
-9 0.0290391
-6 0.0290391
-3 0.0290392
0 0.0290393
3 0.0290395
6 0.0290396
9 0.0290396
12 0.0290395
15 0.0290394
18 0.0290393
21 0.0290391
24 0.0290376
27 0.0290333
30 0.0290362
33 0.0290387
36 0.0290392
39 0.0290392
42 0.0290389
45 0.0290383
48 0.0290374
51 0.0290364
54 0.0290356
57 0.0290346
60 0.0290318
63 0.0290229
66 0.028998
69 0.0289646
72 0.0289985
75 0.0289672
78 0.0286581
81 0.0267495
84 0.0215017
87 0.0273256
90 0.0287552
