-90 0.0290299
-87 0.0290095
-84 0.0289732
-81 0.0289556
-78 0.0289819
-75 0.029011
-72 0.0290238
-69 0.0290333
-66 0.029038
-63 0.0290393
-60 0.0290397
-57 0.0290397
-54 0.0290397
-51 0.0290392
-48 0.0290379
-45 0.0290373
-42 0.0290266
-39 0.0290073
-36 0.0290157
-33 0.0290323
-30 0.0290136
-27 0.0290341
-24 0.0290393
-21 0.0290396
-18 0.0290396
-15 0.0290393
-12 0.0290382
-9 0.0290335
-6 0.0290179
-3 0.029003
0 0.0289943
3 0.0289083
6 0.0287361
9 0.0287164
12 0.0288883
15 0.0289957
18 0.029028
21 0.0290348
24 0.0290352
27 0.0290344
30 0.0290332
33 0.0290317
36 0.0290299
39 0.029028
42 0.0290262
45 0.0290249
48 0.0290245
51 0.029025
54 0.0290266
57 0.0290287
60 0.0290307
63 0.0290326
66 0.0290342
69 0.0290354
72 0.0290362
75 0.0290365
78 0.0290371
81 0.0290381
84 0.0290381
87 0.0290366
90 0.0290299
