-90 0.0288772
-87 0.0288753
-84 0.0288805
-81 0.0288892
-78 0.028898
-75 0.0289058
-72 0.0289124
-69 0.0289178
-66 0.0289221
-63 0.0289252
-60 0.0289265
-57 0.0289244
-54 0.0289174
-51 0.02891
-48 0.0289116
-45 0.0289213
-42 0.0289303
-39 0.0289356
-36 0.0289382
-33 0.0289396
-30 0.0289405
-27 0.0289413
-24 0.028942
-21 0.0289427
-18 0.0289433
-15 0.0289439
-12 0.0289445
-9 0.0289448
-6 0.0289445
-3 0.0289439
0 0.0289447
3 0.0289456
6 0.0289459
9 0.0289459
12 0.0289456
15 0.0289452
18 0.0289447
21 0.0289439
24 0.0289424
27 0.0289373
30 0.0289107
33 0.0287505
36 0.0277489
39 0.0214717
42 0.0230489
45 0.0266657
48 0.0283543
51 0.0288201
54 0.0289102
57 0.0289248
60 0.0289259
63 0.0289244
66 0.0289222
69 0.0289194
72 0.028916
75 0.0289118
78 0.0289065
81 0.0289001
84 0.0288924
87 0.0288842
90 0.0288772
