-90 0.0290276
-87 0.0290065
-84 0.0289977
-81 0.029017
-78 0.0290193
-75 0.0290215
-72 0.0290282
-69 0.0290303
-66 0.0290289
-63 0.0290254
-60 0.0290203
-57 0.029014
-54 0.0290034
-51 0.0289777
-48 0.0290077
-45 0.0290179
-42 0.0290239
-39 0.0290284
-36 0.0290305
-33 0.0290259
-30 0.0289896
-27 0.0289907
-24 0.0289944
-21 0.0289685
-18 0.028985
-15 0.029005
-12 0.029024
-9 0.0290344
-6 0.0290382
-3 0.0290393
0 0.0290395
3 0.029038
6 0.0290332
9 0.0290341
12 0.0290339
15 0.0290379
18 0.0290394
21 0.0290396
24 0.0290387
27 0.0290341
30 0.0290114
33 0.0289129
36 0.0286325
39 0.0284217
42 0.0287
45 0.0289429
48 0.0290187
51 0.0290355
54 0.0290387
57 0.0290388
60 0.0290376
63 0.0290385
66 0.029039
69 0.0290389
72 0.0290391
75 0.0290394
78 0.0290395
81 0.0290392
84 0.0290384
87 0.0290357
90 0.0290276
