-90 0.0290344
-87 0.0290348
-84 0.0290295
-81 0.0290164
-78 0.0290033
-75 0.0290059
-72 0.029021
-69 0.0290327
-66 0.0290374
-63 0.0290387
-60 0.0290388
-57 0.0290386
-54 0.0290383
-51 0.0290386
-48 0.0290389
-45 0.0290386
-42 0.0290252
-39 0.029015
-36 0.0290379
-33 0.029039
-30 0.0290394
-27 0.0290393
-24 0.0290384
-21 0.029036
-18 0.0290357
-15 0.0290381
-12 0.029039
-9 0.029039
-6 0.0290385
-3 0.0290366
0 0.0290305
3 0.0290155
6 0.0290107
9 0.029022
12 0.0290233
15 0.0290222
18 0.0290258
21 0.0290312
24 0.0290321
27 0.0290215
30 0.0289677
33 0.0287441
36 0.0282772
39 0.0283277
42 0.0287857
45 0.0289793
48 0.0290255
51 0.0290346
54 0.0290356
57 0.029025
60 0.0290053
63 0.0290343
66 0.0290372
69 0.0290371
72 0.0290358
75 0.0290324
78 0.0290254
81 0.0290181
84 0.0290211
87 0.0290295
90 0.0290344
