-90 0.0290183
-87 0.028998
-84 0.029015
-81 0.0290131
-78 0.0290138
-75 0.0290187
-72 0.0290244
-69 0.0290291
-66 0.0290324
-63 0.0290347
-60 0.0290358
-57 0.0290348
-54 0.0290226
-51 0.0289433
-48 0.0284717
-45 0.0256867
-42 0.0226709
-39 0.0278596
-36 0.0288477
-33 0.0290053
-30 0.0290257
-27 0.0290263
-24 0.029032
-21 0.029037
-18 0.029039
-15 0.0290396
-12 0.0290392
-9 0.0290311
-6 0.0289953
-3 0.0290353
0 0.029034
3 0.0290275
6 0.0290045
9 0.0290272
12 0.0290383
15 0.0290378
18 0.0290384
21 0.0290396
24 0.0290397
27 0.029039
30 0.0290352
33 0.0290203
36 0.0290019
39 0.0289628
42 0.0286616
45 0.0274253
48 0.0266643
51 0.0282853
54 0.0288923
57 0.0290119
60 0.0290313
63 0.0290371
66 0.029039
69 0.0290392
72 0.0290389
75 0.0290386
78 0.029038
81 0.029037
84 0.0290354
87 0.0290321
90 0.0290183
