-90 0.0290292
-87 0.0290346
-84 0.0290368
-81 0.0290382
-78 0.0290392
-75 0.0290396
-72 0.0290396
-69 0.0290394
-66 0.0290397
-63 0.029039
-60 0.029038
-57 0.0290388
-54 0.029039
-51 0.0290374
-48 0.0290309
-45 0.0290082
-42 0.0289566
-39 0.0289117
-36 0.0289409
-33 0.028998
-30 0.0290277
-27 0.0290368
-24 0.0290378
-21 0.0290254
-18 0.0290171
-15 0.0290373
-12 0.0290392
-9 0.0290372
-6 0.0290347
-3 0.0290385
0 0.0290391
3 0.0290317
6 0.0289883
9 0.0290343
12 0.0290389
15 0.0290373
18 0.0290367
21 0.029039
24 0.0290397
27 0.0290398
30 0.0290399
33 0.0290397
36 0.0290393
39 0.0290375
42 0.0290307
45 0.029012
48 0.0289824
51 0.0289718
54 0.028989
57 0.0289955
60 0.0290289
63 0.0290374
66 0.0290385
69 0.0290382
72 0.029037
75 0.0290341
78 0.0290259
81 0.0290026
84 0.0289786
87 0.0290139
90 0.0290292
