-90 0.0260858
-87 0.0283732
-84 0.0289136
-81 0.0290073
-78 0.0290266
-75 0.0290344
-72 0.0290379
-69 0.0290392
-66 0.0290397
-63 0.0290398
-60 0.0290398
-57 0.0290398
-54 0.0290397
-51 0.0290398
-48 0.0290399
-45 0.0290397
-42 0.0290392
-39 0.029038
-36 0.0290354
-33 0.0290294
-30 0.029012
-27 0.0289921
-24 0.0289868
-21 0.0290046
-18 0.0290252
-15 0.029035
-12 0.0290375
-9 0.0290386
-6 0.0290395
-3 0.0290393
0 0.0290372
3 0.0290368
6 0.0290383
9 0.0290375
12 0.0290352
15 0.0290309
18 0.0290237
21 0.0290152
24 0.0290117
27 0.0290132
30 0.0290062
33 0.0289941
36 0.0290054
39 0.0290025
42 0.0289723
45 0.0289688
48 0.0290063
51 0.0290241
54 0.0290325
57 0.0290364
60 0.0290376
63 0.0290338
66 0.0290343
69 0.0290342
72 0.0290325
75 0.0290347
78 0.0290205
81 0.0289253
84 0.0283814
87 0.0260933
90 0.0260858
