-90 0.0290299
-87 0.0290254
-84 0.0290196
-81 0.0290137
-78 0.0290107
-75 0.0290123
-72 0.0290181
-69 0.0290239
-66 0.0290286
-63 0.0290319
-60 0.0290344
-57 0.0290362
-54 0.0290372
-51 0.029037
-48 0.0290335
-45 0.0290213
-42 0.0289973
-39 0.0289795
-36 0.0289927
-33 0.0290176
-30 0.0290314
-27 0.0290355
-24 0.0290355
-21 0.029032
-18 0.0290216
-15 0.0289985
-12 0.0289886
-9 0.0290131
-6 0.0290252
-3 0.0290288
0 0.0290308
3 0.0290269
6 0.0289916
9 0.0290331
12 0.0290368
15 0.0290101
18 0.0290184
21 0.0290371
24 0.0290338
27 0.029037
30 0.029038
33 0.0290388
36 0.0290384
39 0.0290349
42 0.029023
45 0.0289879
48 0.0289292
51 0.0289128
54 0.0289648
57 0.0290115
60 0.02903
63 0.0290342
66 0.0290324
69 0.0290279
72 0.0290273
75 0.0290316
78 0.029035
81 0.0290359
84 0.0290352
87 0.0290331
90 0.0290299
