-90 0.0290351
-87 0.0290335
-84 0.0290313
-81 0.0290285
-78 0.0290251
-75 0.0290216
-72 0.0290185
-69 0.0290162
-66 0.0290147
-63 0.0290143
-60 0.0290162
-57 0.0290193
-54 0.0290198
-51 0.0290139
-48 0.0290003
-45 0.0289914
-42 0.0290014
-39 0.0290057
-36 0.0289748
-33 0.0287942
-30 0.0280378
-27 0.0269811
-24 0.0280414
-21 0.0287705
-18 0.0288873
-15 0.0288983
-12 0.0289465
-9 0.0288888
-6 0.0286345
-3 0.0284579
0 0.0287255
3 0.0289489
6 0.0290186
9 0.0290341
12 0.0290372
15 0.0290379
18 0.0290383
21 0.0290384
24 0.0290384
27 0.0290381
30 0.0290378
33 0.0290376
36 0.0290374
39 0.0290371
42 0.0290369
45 0.0290366
48 0.0290366
51 0.0290367
54 0.029037
57 0.0290373
60 0.0290376
63 0.029038
66 0.0290382
69 0.0290383
72 0.0290382
75 0.0290381
78 0.0290379
81 0.0290376
84 0.0290371
87 0.0290363
90 0.0290351
