-90 0.029034
-87 0.0290285
-84 0.0290184
-81 0.0290023
-78 0.0289853
-75 0.0289823
-72 0.0289992
-69 0.0290196
-66 0.0290315
-63 0.0290366
-60 0.0290385
-57 0.0290393
-54 0.0290396
-51 0.0290394
-48 0.0290341
-45 0.0289747
-42 0.0290312
-39 0.0290387
-36 0.0290368
-33 0.0290316
-30 0.0290345
-27 0.0290381
-24 0.0290384
-21 0.0290373
-18 0.029034
-15 0.0290293
-12 0.0290327
-9 0.0290375
-6 0.0290393
-3 0.0290397
0 0.0290387
3 0.0290203
6 0.0290276
9 0.0290393
12 0.0290398
15 0.0290375
18 0.0290088
21 0.0290332
24 0.0290396
27 0.0290398
30 0.0290392
33 0.0290362
36 0.029022
39 0.028963
42 0.0287958
45 0.0286331
48 0.0287669
51 0.0289484
54 0.0290179
57 0.0290322
60 0.0290192
63 0.0290284
66 0.0290373
69 0.0290189
72 0.0290215
75 0.0290388
78 0.0290395
81 0.0290392
84 0.0290384
87 0.0290369
90 0.029034
