-90 0.029022
-87 0.0290189
-84 0.0290147
-81 0.0290103
-78 0.0290076
-75 0.0290068
-72 0.0290062
-69 0.0290047
-66 0.0290027
-63 0.0290006
-60 0.0289987
-57 0.0289974
-54 0.0289968
-51 0.0289952
-48 0.028973
-45 0.0289896
-42 0.028997
-39 0.0289942
-36 0.0289873
-33 0.0289751
-30 0.0289553
-27 0.0289246
-24 0.0289362
-21 0.0289442
-18 0.0289272
-15 0.0289113
-12 0.0289349
-9 0.0289724
-6 0.0289921
-3 0.0289977
0 0.0289978
3 0.0289968
6 0.028996
9 0.0289962
12 0.0289973
15 0.0289992
18 0.0290018
21 0.0290047
24 0.0290079
27 0.0290112
30 0.0290144
33 0.0290174
36 0.0290201
39 0.0290224
42 0.0290243
45 0.0290257
48 0.0290255
51 0.0290181
54 0.0290059
57 0.0290255
60 0.0290287
63 0.029029
66 0.029029
69 0.0290289
72 0.0290287
75 0.0290283
78 0.0290277
81 0.0290268
84 0.0290257
87 0.0290241
90 0.029022
