-90 0.0271793
-87 0.025857
-84 0.0280845
-81 0.0288611
-78 0.0290082
-75 0.0290329
-72 0.0290366
-69 0.0290382
-66 0.0290391
-63 0.0290394
-60 0.0290394
-57 0.0290394
-54 0.0290392
-51 0.029039
-48 0.0290385
-45 0.029038
-42 0.029036
-39 0.0290247
-36 0.0290351
-33 0.0290381
-30 0.0290388
-27 0.029039
-24 0.0290391
-21 0.0290392
-18 0.0290393
-15 0.0290393
-12 0.029039
-9 0.0290371
-6 0.0290211
-3 0.0289854
0 0.0289986
3 0.0289588
6 0.0290091
9 0.0290253
12 0.0290336
15 0.0290368
18 0.0290375
21 0.0290372
24 0.0290365
27 0.0290354
30 0.029034
33 0.0290321
36 0.0290296
39 0.0290263
42 0.0290217
45 0.0290133
48 0.0290058
51 0.0290045
54 0.0290038
57 0.0290045
60 0.029008
63 0.0290131
66 0.0290184
69 0.0290231
72 0.029027
75 0.0290297
78 0.0290303
81 0.0290219
84 0.0289636
87 0.0286397
90 0.0271793
