-90 0.0290209
-87 0.029026
-84 0.0290316
-81 0.0290358
-78 0.0290379
-75 0.0290391
-72 0.0290397
-69 0.0290399
-66 0.0290397
-63 0.0290348
-60 0.0289993
-57 0.0290374
-54 0.0290397
-51 0.0290398
-48 0.0290398
-45 0.0290392
-42 0.0290372
-39 0.0290323
-36 0.0290234
-33 0.0290168
-30 0.0290205
-27 0.0290288
-24 0.0290303
-21 0.029002
-18 0.0289962
-15 0.0290327
-12 0.0290386
-9 0.0290395
-6 0.0290396
-3 0.0290385
0 0.0290326
3 0.0290345
6 0.0290391
9 0.0290398
12 0.0290398
15 0.0290386
18 0.0290246
21 0.0290284
24 0.0290386
27 0.0290386
30 0.029037
33 0.0290342
36 0.0290313
39 0.0290315
42 0.029034
45 0.0290329
48 0.029012
51 0.0288814
54 0.0281791
57 0.0259693
60 0.027014
63 0.0286055
66 0.028963
69 0.0290256
72 0.0290345
75 0.0290321
78 0.0290233
81 0.0290082
84 0.0290028
87 0.0290135
90 0.0290209
