-90 0.0285832
-87 0.0281047
-84 0.0283985
-81 0.0287998
-78 0.0289507
-75 0.0290027
-72 0.0290057
-69 0.0290104
-66 0.0290194
-63 0.0290264
-60 0.0290303
-57 0.0290323
-54 0.029033
-51 0.029033
-48 0.0290328
-45 0.0290328
-42 0.029033
-39 0.0290334
-36 0.0290334
-33 0.0290298
-30 0.0290317
-27 0.0290344
-24 0.0290355
-21 0.0290368
-18 0.029038
-15 0.0290386
-12 0.0290373
-9 0.0290245
-6 0.0290329
-3 0.0290388
0 0.0290389
3 0.0290368
6 0.0290348
9 0.0290385
12 0.0290397
15 0.0290398
18 0.0290397
21 0.0290393
24 0.0290378
27 0.0290326
30 0.0290203
33 0.029005
36 0.029003
39 0.0290166
42 0.0290293
45 0.0290346
48 0.0290362
51 0.0290368
54 0.0290375
57 0.0290384
60 0.0290387
63 0.0290386
66 0.0290384
69 0.0290381
72 0.0290379
75 0.0290377
78 0.0290369
81 0.0290332
84 0.0290139
87 0.0289211
90 0.0285832
