-90 0.0290354
-87 0.029036
-84 0.0290364
-81 0.0290364
-78 0.0290365
-75 0.0290332
-72 0.0290275
-69 0.0290362
-66 0.0290373
-63 0.0290371
-60 0.0290371
-57 0.0290373
-54 0.0290378
-51 0.0290381
-48 0.0290382
-45 0.0290383
-42 0.0290382
-39 0.0290381
-36 0.029038
-33 0.0290379
-30 0.0290378
-27 0.0290377
-24 0.0290375
-21 0.0290367
-18 0.0290315
-15 0.029021
-12 0.0290287
-9 0.0290302
-6 0.0290301
-3 0.0290296
0 0.029017
3 0.0289536
6 0.028687
9 0.028019
12 0.0279803
15 0.0286421
18 0.028931
21 0.0289897
24 0.0289926
27 0.0289827
30 0.028968
33 0.02895
36 0.0289292
39 0.0289076
42 0.0288999
45 0.0289233
48 0.0289469
51 0.0289668
54 0.0289825
57 0.028995
60 0.0290048
63 0.0290122
66 0.0290179
69 0.0290223
72 0.0290254
75 0.0290275
78 0.0290302
81 0.029032
84 0.0290334
87 0.0290345
90 0.0290354
