-90 0.0290399
-87 0.0290398
-84 0.0290395
-81 0.0290388
-78 0.0290354
-75 0.0290224
-72 0.0289861
-69 0.0289333
-66 0.0289291
-63 0.0289797
-60 0.0290172
-57 0.0290295
-54 0.0290364
-51 0.0290386
-48 0.0290391
-45 0.0290392
-42 0.0290394
-39 0.0290392
-36 0.0290394
-33 0.0290393
-30 0.029039
-27 0.0290387
-24 0.0290378
-21 0.0290345
-18 0.0290228
-15 0.0289844
-12 0.0288968
-9 0.0288336
-6 0.0288953
-3 0.02896
0 0.0290111
3 0.0290343
6 0.0290378
9 0.029038
12 0.0290373
15 0.0290332
18 0.0289992
21 0.0290308
24 0.0290354
27 0.0290359
30 0.0290364
33 0.029037
36 0.0290376
39 0.029038
42 0.0290379
45 0.0290366
48 0.029034
51 0.0290322
54 0.0290298
57 0.0290176
60 0.0289736
63 0.0289876
66 0.0290053
69 0.0290247
72 0.0290365
75 0.029039
78 0.0290393
81 0.0290396
84 0.0290398
87 0.0290398
90 0.0290399
