-90 0.0290334
-87 0.0290316
-84 0.0290333
-81 0.0290351
-78 0.029038
-75 0.0290391
-72 0.0290393
-69 0.0290394
-66 0.0290391
-63 0.0290371
-60 0.0290241
-57 0.0289624
-54 0.0290129
-51 0.0290159
-48 0.0290148
-45 0.0290226
-42 0.0290316
-39 0.0290365
-36 0.0290381
-33 0.0290375
-30 0.0290341
-27 0.0290312
-24 0.0290348
-21 0.0290368
-18 0.0290378
-15 0.0290393
-12 0.0290394
-9 0.0290394
-6 0.0290393
-3 0.0290391
0 0.029039
3 0.029039
6 0.0290391
9 0.0290391
12 0.029039
15 0.0290389
18 0.0290387
21 0.0290384
24 0.029038
27 0.0290379
30 0.0290374
33 0.0290359
36 0.0290307
39 0.0290055
42 0.0288608
45 0.0279916
48 0.0237791
51 0.0257339
54 0.0284532
57 0.0289398
60 0.029019
63 0.029032
66 0.0290345
69 0.0290354
72 0.0290361
75 0.0290367
78 0.0290373
81 0.0290373
84 0.029031
87 0.0290076
90 0.0290334
