-90 0.0290399
-87 0.0290399
-84 0.0290399
-81 0.0290398
-78 0.0290397
-75 0.0290395
-72 0.0290392
-69 0.0290378
-66 0.0290334
-63 0.0290351
-60 0.0290385
-57 0.0290391
-54 0.0290392
-51 0.0290393
-48 0.0290392
-45 0.0290386
-42 0.0290384
-39 0.029039
-36 0.0290391
-33 0.0290389
-30 0.0290378
-27 0.0290323
-24 0.0290126
-21 0.0289671
-18 0.0289298
-15 0.0288973
-12 0.0289341
-9 0.028995
-6 0.0290237
-3 0.0290311
0 0.029034
3 0.0290277
6 0.0290211
9 0.0290257
12 0.029026
15 0.0290222
18 0.029014
21 0.0290003
24 0.0289802
27 0.0289667
30 0.0289848
33 0.0290039
36 0.029017
39 0.0290253
42 0.0290306
45 0.0290338
48 0.0290356
51 0.029035
54 0.0290242
57 0.0289648
60 0.0286949
63 0.027683
66 0.0271101
69 0.0283773
72 0.0289046
75 0.0290156
78 0.0290357
81 0.0290392
84 0.0290398
87 0.0290399
90 0.0290399
