-90 0.0290395
-87 0.0290391
-84 0.0290369
-81 0.0290339
-78 0.0290299
-75 0.0290338
-72 0.029032
-69 0.0290318
-66 0.029037
-63 0.0290392
-60 0.0290393
-57 0.0290369
-54 0.0290231
-51 0.028946
-48 0.0285667
-45 0.0274449
-42 0.0274956
-39 0.0285948
-36 0.0289509
-33 0.0290201
-30 0.0290281
-27 0.0290198
-24 0.0290122
-21 0.0290169
-18 0.0290281
-15 0.0290355
-12 0.0290372
-9 0.0290294
-6 0.0290273
-3 0.0290378
0 0.0290395
3 0.0290398
6 0.0290398
9 0.0290398
12 0.0290397
15 0.0290393
18 0.0290381
21 0.0290308
24 0.0289717
27 0.0290347
30 0.0290381
33 0.029038
36 0.0290372
39 0.0290357
42 0.0290346
45 0.0290346
48 0.0290358
51 0.0290362
54 0.0290276
57 0.0290355
60 0.0290312
63 0.0290307
66 0.0290378
69 0.0290389
72 0.0290392
75 0.0290393
78 0.0290394
81 0.0290392
84 0.0290395
87 0.0290395
90 0.0290395
