-90 0.0289862
-87 0.0289799
-84 0.0289835
-81 0.0289895
-78 0.0289967
-75 0.0290038
-72 0.0290101
-69 0.0290148
-66 0.0290169
-63 0.0290138
-60 0.0290064
-57 0.0290013
-54 0.0290015
-51 0.0290059
-48 0.029006
-45 0.029012
-42 0.0290231
-39 0.0290311
-36 0.0290347
-33 0.0290359
-30 0.0290362
-27 0.0290354
-24 0.0290338
-21 0.0290327
-18 0.0290346
-15 0.0290364
-12 0.0290355
-9 0.0290283
-6 0.0289858
-3 0.0287519
0 0.0277335
3 0.0265502
6 0.0280827
9 0.0288378
12 0.0289986
15 0.0290273
18 0.0290329
21 0.0290357
24 0.0290371
27 0.0290337
30 0.0289884
33 0.0290042
36 0.0290188
39 0.0290358
42 0.0290355
45 0.029036
48 0.0290361
51 0.0290355
54 0.0290344
57 0.0290321
60 0.0290261
63 0.0290072
66 0.0289836
69 0.028992
72 0.0290087
75 0.0290158
78 0.0290139
81 0.0290089
84 0.0290024
87 0.0289948
90 0.0289862
