-90 0.0244917
-87 0.0277596
-84 0.0288064
-81 0.0289965
-78 0.0290286
-75 0.0290335
-72 0.0290334
-69 0.0290322
-66 0.0290305
-63 0.0290284
-60 0.0290255
-57 0.0290216
-54 0.0290161
-51 0.0290081
-48 0.0289963
-45 0.02898
-42 0.0289663
-39 0.0289715
-36 0.028983
-33 0.0290023
-30 0.029013
-27 0.0290193
-24 0.0290235
-21 0.0290266
-18 0.029029
-15 0.0290308
-12 0.0290322
-9 0.0290323
-6 0.0290257
-3 0.029028
0 0.0290316
3 0.0290289
6 0.0290334
9 0.0290367
12 0.0290376
15 0.029038
18 0.0290382
21 0.0290384
24 0.0290383
27 0.0290328
30 0.0290138
33 0.0290368
36 0.0290362
39 0.0290225
42 0.0290363
45 0.0290388
48 0.029039
51 0.029039
54 0.029039
57 0.029039
60 0.029039
63 0.0290389
66 0.0290388
69 0.0290386
72 0.0290378
75 0.0290349
78 0.0290218
81 0.0289585
84 0.0286246
87 0.0269421
90 0.0244917
