-90 0.0289829
-87 0.0289788
-84 0.0289556
-81 0.0289727
-78 0.028984
-75 0.0289844
-72 0.0289672
-69 0.0289222
-66 0.0289809
-63 0.0289883
-60 0.0289893
-57 0.0289896
-54 0.0289891
-51 0.0289835
-48 0.0289473
-45 0.0287223
-42 0.0273713
-39 0.0222627
-36 0.0267244
-33 0.0286075
-30 0.028926
-27 0.0289754
-24 0.0289852
-21 0.028989
-18 0.0289907
-15 0.0289915
-12 0.0289918
-9 0.0289916
-6 0.0289912
-3 0.0289905
0 0.0289893
3 0.0289871
6 0.0289838
9 0.028984
12 0.0289844
15 0.0289846
18 0.0289852
21 0.0289858
24 0.0289861
27 0.0289862
30 0.0289861
33 0.0289856
36 0.0289845
39 0.0289806
42 0.0289619
45 0.0288756
48 0.0285775
51 0.0281903
54 0.0284599
57 0.0288244
60 0.0289426
63 0.0289589
66 0.0289311
69 0.028908
72 0.0289599
75 0.0289751
78 0.0289799
81 0.0289816
84 0.0289823
87 0.0289827
90 0.0289829
