-90 0.0290376
-87 0.0290388
-84 0.0290388
-81 0.0290382
-78 0.0290382
-75 0.0290384
-72 0.0290378
-69 0.0290359
-66 0.0290293
-63 0.0290078
-60 0.0289795
-57 0.0289178
-54 0.0287361
-51 0.0286419
-48 0.0288165
-45 0.0289624
-42 0.0290099
-39 0.0290179
-36 0.0290146
-33 0.0290071
-30 0.0289966
-27 0.0289834
-24 0.0289691
-21 0.0289581
-18 0.0289571
-15 0.0289677
-12 0.0289823
-9 0.0289951
-6 0.0290036
-3 0.0289995
0 0.0289303
3 0.0284742
6 0.025915
9 0.0237369
12 0.0278851
15 0.0288318
18 0.0290003
21 0.0290273
24 0.0290305
27 0.0290318
30 0.0290345
33 0.0290368
36 0.029038
39 0.0290382
42 0.0290379
45 0.0290382
48 0.0290365
51 0.0290284
54 0.0290242
57 0.0290303
60 0.0290184
63 0.0289695
66 0.0288792
69 0.0288332
72 0.0288287
75 0.0287564
78 0.0287806
81 0.0289224
84 0.0290061
87 0.0290317
90 0.0290376
