-90 0.0290394
-87 0.0290393
-84 0.0290389
-81 0.0290349
-78 0.0289999
-75 0.0290125
-72 0.0290356
-69 0.0290379
-66 0.0290389
-63 0.0290396
-60 0.0290391
-57 0.0290392
-54 0.0290364
-51 0.0290216
-48 0.028932
-45 0.0283594
-42 0.024683
-39 0.0220902
-36 0.027955
-33 0.0288666
-30 0.0290037
-27 0.0290154
-24 0.0290107
-21 0.0290161
-18 0.0290278
-15 0.0290355
-12 0.0290386
-9 0.0290391
-6 0.0290364
-3 0.0290278
0 0.029035
3 0.0290391
6 0.0290397
9 0.0290398
12 0.0290398
15 0.0290395
18 0.0290385
21 0.0290317
24 0.028971
27 0.0290352
30 0.0290387
33 0.0290383
36 0.0290373
39 0.0290351
42 0.0290292
45 0.0290161
48 0.0290052
51 0.0290101
54 0.0290216
57 0.0290297
60 0.0290246
63 0.0289809
66 0.0290339
69 0.0290381
72 0.0290387
75 0.0290389
78 0.029039
81 0.0290391
84 0.0290392
87 0.0290393
90 0.0290394
