-90 0.0289889
-87 0.0290154
-84 0.0290233
-81 0.0290277
-78 0.0290329
-75 0.0290366
-72 0.0290385
-69 0.0290392
-66 0.0290394
-63 0.0290397
-60 0.0290397
-57 0.0290397
-54 0.0290396
-51 0.0290395
-48 0.0290384
-45 0.0290355
-42 0.0290363
-39 0.0290337
-36 0.0290282
-33 0.0290204
-30 0.0290139
-27 0.0290241
-24 0.0290324
-21 0.029036
-18 0.0290332
-15 0.0289985
-12 0.0290318
-9 0.0290392
-6 0.0290398
-3 0.0290399
0 0.0290397
3 0.0290382
6 0.0290297
9 0.0290329
12 0.0290383
15 0.0290382
18 0.029036
21 0.0290184
24 0.0290022
27 0.0290343
30 0.0290374
33 0.0290372
36 0.0290039
39 0.0290318
42 0.0290394
45 0.0290398
48 0.0290398
51 0.0290397
54 0.0290399
57 0.0290399
60 0.0290398
63 0.0290396
66 0.0290391
69 0.0290378
72 0.0290348
75 0.0290277
78 0.0290115
81 0.028985
84 0.0289642
87 0.0289346
90 0.0289889
