-90 0.0290282
-87 0.0290127
-84 0.0289989
-81 0.0290037
-78 0.0290204
-75 0.0290326
-72 0.0290376
-69 0.029039
-66 0.0290393
-63 0.0290393
-60 0.0290394
-57 0.0290395
-54 0.0290395
-51 0.0290395
-48 0.0290395
-45 0.0290394
-42 0.0290391
-39 0.0290376
-36 0.0290303
-33 0.028988
-30 0.028726
-27 0.0270919
-24 0.0198452
-21 0.0268117
-18 0.0286723
-15 0.0289621
-12 0.0289887
-9 0.028967
-6 0.0289945
-3 0.0290181
0 0.0290294
3 0.0290346
6 0.0290367
9 0.0290358
12 0.0290366
15 0.0290386
18 0.029039
21 0.0290388
24 0.0290378
27 0.0290341
30 0.0290258
33 0.0290132
36 0.0289949
39 0.0289459
42 0.0288334
45 0.0287519
48 0.0288558
51 0.0289764
54 0.0290236
57 0.0290357
60 0.0290384
63 0.029039
66 0.0290388
69 0.0290325
72 0.0290304
75 0.0290388
78 0.0290392
81 0.0290387
84 0.0290384
87 0.029036
90 0.0290282
