-90 0.0287131
-87 0.0273074
-84 0.0249046
-81 0.0277065
-78 0.0287968
-75 0.0289989
-72 0.0290329
-69 0.0290385
-66 0.0290393
-63 0.0290395
-60 0.0290396
-57 0.0290394
-54 0.0290386
-51 0.0290345
-48 0.0290281
-45 0.0290337
-42 0.0290328
-39 0.0290365
-36 0.0290375
-33 0.0290365
-30 0.0290352
-27 0.0290341
-24 0.0290336
-21 0.0290341
-18 0.0290351
-15 0.0290354
-12 0.0290317
-9 0.0290195
-6 0.0290308
-3 0.0290378
0 0.0290388
3 0.029039
6 0.029039
9 0.029039
12 0.029039
15 0.0290389
18 0.0290384
21 0.0290364
24 0.0290303
27 0.0290172
30 0.0290146
33 0.0290245
36 0.0290324
39 0.0290368
42 0.0290385
45 0.0290389
48 0.0290386
51 0.0290378
54 0.0290373
57 0.0290359
60 0.0290058
63 0.0290285
66 0.0290313
69 0.0290263
72 0.0290206
75 0.0290302
78 0.0290369
81 0.0290375
84 0.0290303
87 0.0289844
90 0.0287131
