-90 0.0290364
-87 0.029036
-84 0.0290252
-81 0.0289842
-78 0.0289886
-75 0.0290155
-72 0.0290293
-69 0.0290363
-66 0.0290381
-63 0.0290343
-60 0.0290104
-57 0.0288721
-54 0.0281849
-51 0.026501
-48 0.0275182
-45 0.0286999
-42 0.0289784
-39 0.0290276
-36 0.0290352
-33 0.0290386
-30 0.0290396
-27 0.0290397
-24 0.0290395
-21 0.029039
-18 0.0290379
-15 0.0290355
-12 0.0290308
-9 0.0290223
-6 0.0290114
-3 0.0290068
0 0.0290142
3 0.0290247
6 0.0290319
9 0.0290358
12 0.0290379
15 0.029039
18 0.0290395
21 0.0290397
24 0.0290397
27 0.0290393
30 0.0290381
33 0.0290325
36 0.0290073
39 0.0289223
42 0.0287726
45 0.0287608
48 0.028909
51 0.0290025
54 0.0290315
57 0.0290381
60 0.0290392
63 0.0290387
66 0.0290365
69 0.0290314
72 0.0290234
75 0.0290252
78 0.0290337
81 0.0290377
84 0.0290357
87 0.0290282
90 0.0290364
