-90 0.02903
-87 0.0290282
-84 0.0290259
-81 0.0290236
-78 0.0290213
-75 0.0290183
-72 0.0290152
-69 0.0290099
-66 0.0290042
-63 0.0290036
-60 0.029011
-57 0.02902
-54 0.0290263
-51 0.0290313
-48 0.0290342
-45 0.0290359
-42 0.0290369
-39 0.0290376
-36 0.0290379
-33 0.0290381
-30 0.029038
-27 0.0290375
-24 0.0290374
-21 0.0290386
-18 0.029039
-15 0.0290393
-12 0.0290395
-9 0.0290395
-6 0.0290396
-3 0.0290395
0 0.0290393
3 0.0290381
6 0.0290339
9 0.0290218
12 0.0289999
15 0.0289832
18 0.0289798
21 0.0289817
24 0.0290162
27 0.0290287
30 0.0290226
33 0.0289986
36 0.0289972
39 0.02902
42 0.0290318
45 0.0290367
48 0.0290383
51 0.0290374
54 0.0290282
57 0.0290365
60 0.0290373
63 0.0290316
66 0.0290116
69 0.0289639
72 0.0289156
75 0.0289359
78 0.0289909
81 0.0290202
84 0.0290276
87 0.0290302
90 0.02903
