-90 0.0290052
-87 0.0289626
-84 0.0290031
-81 0.0290064
-78 0.0290037
-75 0.0290003
-72 0.0289965
-69 0.028992
-66 0.0289868
-63 0.0289803
-60 0.0289732
-57 0.0289688
-54 0.0289699
-51 0.028974
-48 0.028978
-45 0.0289796
-42 0.0289741
-39 0.0289539
-36 0.0289251
-33 0.0289247
-30 0.0289614
-27 0.0289914
-24 0.0290046
-21 0.0290101
-18 0.0290131
-15 0.0290154
-12 0.0290173
-9 0.029019
-6 0.0290205
-3 0.0290218
0 0.0290229
3 0.0290238
6 0.0290243
9 0.0290244
12 0.0290248
15 0.0290253
18 0.0290244
21 0.0290228
24 0.0290246
27 0.0290271
30 0.0290281
33 0.0290285
36 0.0290286
39 0.0290286
42 0.0290285
45 0.0290283
48 0.0290279
51 0.0290268
54 0.0290214
57 0.0290195
60 0.0290248
63 0.0290232
66 0.0290099
69 0.0289381
72 0.0285805
75 0.0274193
78 0.0272574
81 0.0284938
84 0.0289145
87 0.0289976
90 0.0290052
