-90 0.0290334
-87 0.0290282
-84 0.0290182
-81 0.0290094
-78 0.0290164
-75 0.0290272
-72 0.0290325
-69 0.0290284
-66 0.0290204
-63 0.0290203
-60 0.029033
-57 0.0290374
-54 0.0290382
-51 0.0290382
-48 0.029038
-45 0.0290377
-42 0.0290373
-39 0.0290367
-36 0.0290359
-33 0.029035
-30 0.0290338
-27 0.0290324
-24 0.0290304
-21 0.0290271
-18 0.0290228
-15 0.029021
-12 0.0290177
-9 0.0290141
-6 0.029011
-3 0.0290092
0 0.029009
3 0.0290114
6 0.0290152
9 0.0290188
12 0.0290222
15 0.029025
18 0.0290273
21 0.0290285
24 0.0290273
27 0.0290194
30 0.0289967
33 0.0289625
36 0.0289543
39 0.028984
42 0.0290124
45 0.029025
48 0.0290273
51 0.0290268
54 0.0290212
57 0.0290282
60 0.0290349
63 0.029036
66 0.0290363
69 0.0290365
72 0.0290366
75 0.0290366
78 0.0290366
81 0.0290365
84 0.0290363
87 0.0290355
90 0.0290334
