-90 0.029028
-87 0.029038
-84 0.0290387
-81 0.029038
-78 0.029037
-75 0.029036
-72 0.0290359
-69 0.0290368
-66 0.0290378
-63 0.0290382
-60 0.029037
-57 0.0290312
-54 0.0290027
-51 0.0289765
-48 0.0290139
-45 0.0290262
-42 0.0290341
-39 0.0290372
-36 0.0290373
-33 0.0290361
-30 0.029035
-27 0.0290353
-24 0.0290367
-21 0.0290381
-18 0.0290381
-15 0.0290211
-12 0.0290132
-9 0.0290384
-6 0.0290397
-3 0.0290397
0 0.0290395
3 0.0290378
6 0.0290374
9 0.0290392
12 0.0290391
15 0.0290365
18 0.0290359
21 0.0290387
24 0.0290389
27 0.0290355
30 0.0290128
33 0.0288696
36 0.0279554
39 0.0220898
42 0.0246807
45 0.0283559
48 0.028929
51 0.0290202
54 0.0290358
57 0.029038
60 0.0290364
63 0.029037
66 0.0290393
69 0.0290397
72 0.0290398
75 0.0290396
78 0.0290393
81 0.0290392
84 0.0290384
87 0.0290298
90 0.029028
