-90 0.0290389
-87 0.0290396
-84 0.0290396
-81 0.0290392
-78 0.0290395
-75 0.0290399
-72 0.0290399
-69 0.0290399
-66 0.0290399
-63 0.0290395
-60 0.0290381
-57 0.029031
-54 0.0289992
-51 0.0288893
-48 0.0286952
-45 0.0286963
-42 0.0288901
-39 0.0289977
-36 0.0290187
-33 0.0289807
-30 0.0290063
-27 0.0290211
-24 0.0290249
-21 0.0290144
-18 0.0289986
-15 0.0289933
-12 0.0290074
-9 0.029021
-6 0.029029
-3 0.029033
0 0.0290331
3 0.0290197
6 0.0290106
9 0.0290309
12 0.0290374
15 0.0290383
18 0.0290384
21 0.0290385
24 0.0290386
27 0.0290389
30 0.0290391
33 0.0290392
36 0.0290393
39 0.0290389
42 0.029036
45 0.0290275
48 0.0289861
51 0.0287783
54 0.0281072
57 0.0277547
60 0.0285292
63 0.0289249
66 0.0290182
69 0.029036
72 0.0290392
75 0.0290397
78 0.0290395
81 0.0290398
84 0.0290397
87 0.0290387
90 0.0290389
