-90 0.029021
-87 0.0290295
-84 0.0290327
-81 0.0290339
-78 0.0290344
-75 0.0290346
-72 0.0290347
-69 0.0290347
-66 0.0290346
-63 0.0290342
-60 0.0290329
-57 0.0290277
-54 0.0290062
-51 0.0289343
-48 0.0287989
-45 0.0287592
-42 0.0288572
-39 0.0289536
-36 0.0289793
-33 0.0289945
-30 0.0290116
-27 0.0290211
-24 0.0290244
-21 0.0290252
-18 0.0290253
-15 0.0290237
-12 0.0290006
-9 0.0290211
-6 0.0290262
-3 0.0290258
0 0.0290229
3 0.0290137
6 0.0289858
9 0.028923
12 0.0288516
15 0.0288023
18 0.0285238
21 0.0266223
24 0.016619
27 0.0269817
30 0.0286971
33 0.0289685
36 0.0290125
39 0.0290196
42 0.02902
45 0.0290189
48 0.0290176
51 0.0290166
54 0.0290162
57 0.0290164
60 0.0290171
63 0.0290181
66 0.029019
69 0.0290194
72 0.0290191
75 0.0290161
78 0.0290068
81 0.0289937
84 0.0289907
87 0.0290049
90 0.029021
