-90 0.0290398
-87 0.0290399
-84 0.0290399
-81 0.0290396
-78 0.0290398
-75 0.0290398
-72 0.0290396
-69 0.0290364
-66 0.0290036
-63 0.0290369
-60 0.029039
-57 0.0290388
-54 0.0290385
-51 0.0290381
-48 0.0290375
-45 0.0290365
-42 0.0290341
-39 0.0290278
-36 0.0290117
-33 0.0289805
-30 0.0289921
-27 0.0289928
-24 0.0288443
-21 0.0278929
-18 0.0235608
-15 0.0260782
-12 0.0285177
-9 0.0289505
-6 0.0290181
-3 0.0290237
0 0.0290169
3 0.0290129
6 0.0290197
9 0.0290285
12 0.0290334
15 0.0290335
18 0.029036
21 0.0290373
24 0.0290366
27 0.0290351
30 0.0290322
33 0.0290259
36 0.0290262
39 0.0290289
42 0.0290301
45 0.0290313
48 0.0290332
51 0.0290357
54 0.0290374
57 0.0290383
60 0.0290389
63 0.0290393
66 0.0290395
69 0.0290396
72 0.0290396
75 0.0290391
78 0.0290347
81 0.0289764
84 0.0290291
87 0.0290391
90 0.0290398
