-90 0.0290325
-87 0.0290297
-84 0.0290259
-81 0.0290246
-78 0.0290286
-75 0.029034
-72 0.0290373
-69 0.0290385
-66 0.0290372
-63 0.0290289
-60 0.0290367
-57 0.0290356
-54 0.0290272
-51 0.0289992
-48 0.0289392
-45 0.028895
-42 0.0289311
-39 0.028991
-36 0.029019
-33 0.0290211
-30 0.0290075
-27 0.028984
-24 0.0289738
-21 0.0289902
-18 0.0290108
-15 0.0290217
-12 0.0290262
-9 0.0290286
-6 0.02903
-3 0.0290269
0 0.029014
3 0.0290308
6 0.0290347
9 0.0290304
12 0.0290324
15 0.0290367
18 0.029038
21 0.0290385
24 0.0290387
27 0.0290386
30 0.0290375
33 0.0290316
36 0.029002
39 0.0288758
42 0.0285334
45 0.0283443
48 0.0286882
51 0.0289036
54 0.0288691
57 0.0289774
60 0.0290089
63 0.0290225
66 0.0290296
69 0.0290324
72 0.029033
75 0.0290347
78 0.0290345
81 0.0290339
84 0.0290334
87 0.0290332
90 0.0290325
