-90 0.0290397
-87 0.0290393
-84 0.0290381
-81 0.0290363
-78 0.0290358
-75 0.0290374
-72 0.0290386
-69 0.029038
-66 0.0290354
-63 0.0290373
-60 0.0290375
-57 0.0290353
-54 0.0290383
-51 0.0290395
-48 0.0290391
-45 0.0290391
-42 0.0290395
-39 0.0290395
-36 0.0290393
-33 0.029039
-30 0.0290383
-27 0.0290343
-24 0.0289935
-21 0.0290192
-18 0.0290256
-15 0.0290167
-12 0.0290217
-9 0.0290166
-6 0.029006
-3 0.0289882
0 0.028962
3 0.0289302
6 0.0289221
9 0.0289618
12 0.0289896
15 0.0290075
18 0.0290188
21 0.029026
24 0.02903
27 0.0290281
30 0.0289961
33 0.0289533
36 0.0287472
39 0.0282185
42 0.0281983
45 0.0287317
48 0.0289636
51 0.0290199
54 0.0290344
57 0.0290384
60 0.0290394
63 0.0290381
66 0.0290128
69 0.0290238
72 0.0290389
75 0.0290397
78 0.0290397
81 0.0290397
84 0.0290398
87 0.0290398
90 0.0290397
