-90 0.0286883
-87 0.0289653
-84 0.0290151
-81 0.0290257
-78 0.0290295
-75 0.0290317
-72 0.0290333
-69 0.0290346
-66 0.0290354
-63 0.0290357
-60 0.0290365
-57 0.0290374
-54 0.0290379
-51 0.0290381
-48 0.0290383
-45 0.0290385
-42 0.0290385
-39 0.0290385
-36 0.0290383
-33 0.0290361
-30 0.0289879
-27 0.0290313
-24 0.0290316
-21 0.0290354
-18 0.0290367
-15 0.0290356
-12 0.0290345
-9 0.0290346
-6 0.0290358
-3 0.0290369
0 0.0290356
3 0.0290018
6 0.02903
9 0.0290379
12 0.0290381
15 0.0290384
18 0.0290385
21 0.0290385
24 0.0290384
27 0.0290381
30 0.0290365
33 0.0290302
36 0.0290118
39 0.0289796
42 0.0289637
45 0.0289868
48 0.0290135
51 0.0290186
54 0.0290272
57 0.0290338
60 0.0290335
63 0.0290302
66 0.029028
69 0.0290226
72 0.0290092
75 0.0289624
78 0.0287423
81 0.0276413
84 0.0248268
87 0.0272701
90 0.0286883
