-90 0.0290044
-87 0.028998
-84 0.0289953
-81 0.0290043
-78 0.0290176
-75 0.0290275
-72 0.0290335
-69 0.0290367
-66 0.0290383
-63 0.029039
-60 0.0290383
-57 0.0290324
-54 0.0290154
-51 0.0289802
-48 0.0288085
-45 0.0284501
-42 0.0284547
-39 0.0288129
-36 0.0289847
-33 0.0290288
-30 0.0290377
-27 0.029039
-24 0.0290377
-21 0.0290306
-18 0.0289988
-15 0.0289145
-12 0.0289605
-9 0.0290166
-6 0.029033
-3 0.0290363
0 0.0290167
3 0.029007
6 0.0290354
9 0.0290306
12 0.0290017
15 0.0289791
18 0.0290211
21 0.0290333
24 0.0290374
27 0.0290391
30 0.0290394
33 0.0290382
36 0.0290304
39 0.0289918
42 0.0288302
45 0.0284306
48 0.0283271
51 0.0287404
54 0.0289653
57 0.0290193
60 0.0290223
63 0.0290354
66 0.0290393
69 0.0290396
72 0.0290395
75 0.029039
78 0.0290381
81 0.029036
84 0.0290313
87 0.0290211
90 0.0290044
