-90 0.0290372
-87 0.0290276
-84 0.0289813
-81 0.0287944
-78 0.0283815
-75 0.0283616
-72 0.0287743
-69 0.0289692
-66 0.0290162
-63 0.0290256
-60 0.029023
-57 0.0289779
-54 0.0290261
-51 0.0290353
-48 0.0290311
-45 0.0290168
-42 0.0289952
-39 0.028989
-36 0.0290072
-33 0.0290261
-30 0.0290344
-27 0.0290362
-24 0.0290363
-21 0.0290368
-18 0.0290376
-15 0.0290389
-12 0.0290396
-9 0.0290398
-6 0.0290399
-3 0.0290397
0 0.0290379
3 0.0290121
6 0.0290138
9 0.029038
12 0.0290396
15 0.0290395
18 0.0290371
21 0.0290283
24 0.0290344
27 0.0290388
30 0.029039
33 0.0290373
36 0.0290352
39 0.0290335
42 0.0290249
45 0.0290044
48 0.0289852
51 0.028993
54 0.0290165
57 0.0290318
60 0.0290377
63 0.0290394
66 0.0290397
69 0.0290397
72 0.0290393
75 0.0290347
78 0.0290359
81 0.0290395
84 0.0290396
87 0.0290392
90 0.0290372
