-90 0.0290371
-87 0.0290379
-84 0.029038
-81 0.029039
-78 0.0290394
-75 0.0290392
-72 0.0290395
-69 0.0290398
-66 0.0290398
-63 0.0290398
-60 0.0290397
-57 0.0290397
-54 0.0290396
-51 0.0290394
-48 0.0290388
-45 0.0290359
-42 0.0290218
-39 0.028953
-36 0.0285999
-33 0.0265762
-30 0.0228056
-27 0.027606
-24 0.0287959
-21 0.0289918
-18 0.0290196
-15 0.0290186
-12 0.0290113
-9 0.0290018
-6 0.0289934
-3 0.0289798
0 0.028975
3 0.0290103
6 0.0290206
9 0.0290265
12 0.0290301
15 0.0290303
18 0.0290183
21 0.0289518
24 0.0286999
27 0.0282818
30 0.0284483
33 0.028841
36 0.0289845
39 0.0290231
42 0.0290323
45 0.0290344
48 0.0290372
51 0.0290338
54 0.0290234
57 0.0290059
60 0.028997
63 0.0290092
66 0.0290264
69 0.0290356
72 0.0290388
75 0.0290396
78 0.0290398
81 0.0290396
84 0.0290389
87 0.0290375
90 0.0290371
