-90 0.0290354
-87 0.0290224
-84 0.0289969
-81 0.0290258
-78 0.0290362
-75 0.0290389
-72 0.0290393
-69 0.0290392
-66 0.0290393
-63 0.0290393
-60 0.0290393
-57 0.0290392
-54 0.0290391
-51 0.029039
-48 0.0290387
-45 0.0290385
-42 0.0290381
-39 0.0290376
-36 0.029036
-33 0.0290327
-30 0.0290206
-27 0.0289893
-24 0.0289428
-21 0.0289327
-18 0.0289739
-15 0.0290094
-12 0.0290221
-9 0.0290236
-6 0.0290215
-3 0.0290185
0 0.0290154
3 0.0290129
6 0.0290115
9 0.0290119
12 0.0290137
15 0.0290164
18 0.0290193
21 0.0290211
24 0.029016
27 0.0289663
30 0.0289657
33 0.028944
36 0.0289577
39 0.0289936
42 0.0290034
45 0.0289676
48 0.028998
51 0.0290271
54 0.0290353
57 0.0290377
60 0.0290384
63 0.0290384
66 0.0290386
69 0.029039
72 0.029039
75 0.0290388
78 0.0290387
81 0.0290387
84 0.0290386
87 0.029038
90 0.0290354
