-90 0.0290314
-87 0.0290296
-84 0.0290358
-81 0.0290379
-78 0.0290367
-75 0.0290342
-72 0.0290319
-69 0.0290313
-66 0.029032
-63 0.0290333
-60 0.0290338
-57 0.0290313
-54 0.0290182
-51 0.0289573
-48 0.0288001
-45 0.0283788
-42 0.0282822
-39 0.0287284
-36 0.0289585
-33 0.0290097
-30 0.0290015
-27 0.0289715
-24 0.0289975
-21 0.0290209
-18 0.0290303
-15 0.0290319
-12 0.0290302
-9 0.0290292
-6 0.029026
-3 0.0289941
0 0.0290285
3 0.0290308
6 0.0290297
9 0.0290083
12 0.0289215
15 0.0287345
18 0.02867
21 0.0288501
24 0.0289829
27 0.0290261
30 0.0290355
33 0.0290361
36 0.0290347
39 0.0290168
42 0.0289015
45 0.0281782
48 0.023762
51 0.0239675
54 0.0282152
57 0.0289079
60 0.0290156
63 0.0290016
66 0.0290202
69 0.0289495
72 0.0284951
75 0.0259564
78 0.0236855
81 0.0279405
84 0.0288571
87 0.0290089
90 0.0290314
