-90 0.0273833
-87 0.0287371
-84 0.0289887
-81 0.029031
-78 0.029038
-75 0.0290392
-72 0.0290394
-69 0.0290386
-66 0.0290382
-63 0.0290391
-60 0.0290394
-57 0.0290393
-54 0.0290385
-51 0.0290347
-48 0.0290152
-45 0.0289316
-42 0.0286889
-39 0.0284775
-36 0.0287053
-33 0.028939
-30 0.0290169
-27 0.0290348
-24 0.0290382
-21 0.0290388
-18 0.0290388
-15 0.0290386
-12 0.0290389
-9 0.0290385
-6 0.0290328
-3 0.0289973
0 0.0290327
3 0.0290385
6 0.0290389
9 0.0290385
12 0.0290369
15 0.0290327
18 0.029025
21 0.029016
24 0.029013
27 0.0290246
30 0.0290344
33 0.029038
36 0.029039
39 0.0290392
42 0.0290392
45 0.0290391
48 0.0290388
51 0.0290383
54 0.0290376
57 0.0290371
60 0.0290369
63 0.0290368
66 0.0290367
69 0.029035
72 0.029024
75 0.0289724
78 0.0287885
81 0.0283554
84 0.027156
87 0.0243981
90 0.0273833
