-90 0.0289738
-87 0.0289637
-84 0.0289577
-81 0.0289629
-78 0.0289721
-75 0.0289776
-72 0.028979
-69 0.0289765
-66 0.0289755
-63 0.0289681
-60 0.028926
-57 0.0287524
-54 0.028338
-51 0.0282601
-48 0.0286838
-45 0.0289029
-42 0.0289583
-39 0.0289677
-36 0.0289641
-33 0.0289485
-30 0.0289174
-27 0.0288941
-24 0.0289113
-21 0.0289434
-18 0.0289613
-15 0.0289674
-12 0.0289691
-9 0.0289697
-6 0.0289701
-3 0.0289706
0 0.0289711
3 0.0289716
6 0.0289722
9 0.028973
12 0.0289738
15 0.0289745
18 0.0289753
21 0.028976
24 0.0289765
27 0.0289751
30 0.0289696
33 0.0289685
36 0.0289422
39 0.0289759
42 0.0289749
45 0.0289708
48 0.028965
51 0.0289602
54 0.0289606
57 0.0289663
60 0.028973
63 0.0289776
66 0.0289801
69 0.0289819
72 0.0289831
75 0.0289835
78 0.0289836
81 0.0289834
84 0.0289826
87 0.0289801
90 0.0289738
