-90 0.029038
-87 0.0290372
-84 0.0290364
-81 0.0290369
-78 0.0290378
-75 0.0290381
-72 0.0290364
-69 0.0290245
-66 0.0289569
-63 0.0286
-60 0.02707
-57 0.0260961
-54 0.0281999
-51 0.0288836
-48 0.0290124
-45 0.0290345
-42 0.0290381
-39 0.0290387
-36 0.0290388
-33 0.0290387
-30 0.0290386
-27 0.0290384
-24 0.0290381
-21 0.0290376
-18 0.0290367
-15 0.0290355
-12 0.0290314
-9 0.0290098
-6 0.0290295
-3 0.0290366
0 0.0290373
3 0.0290373
6 0.0290373
9 0.0290372
12 0.0290372
15 0.0290371
18 0.0290369
21 0.029036
24 0.0290331
27 0.0290247
30 0.0290042
33 0.0289457
36 0.0287275
39 0.0282191
42 0.028238
45 0.0287447
48 0.0289704
51 0.0290249
54 0.0290357
57 0.0290377
60 0.0290381
63 0.0290381
66 0.0290382
69 0.0290384
72 0.0290382
75 0.0290342
78 0.0289863
81 0.0290299
84 0.0290374
87 0.0290384
90 0.029038
