-90 0.0290355
-87 0.0290358
-84 0.0290357
-81 0.0290355
-78 0.0290355
-75 0.0290352
-72 0.0290347
-69 0.0290337
-66 0.0290317
-63 0.0290285
-60 0.0290245
-57 0.029022
-54 0.0290233
-51 0.0290263
-48 0.0290281
-45 0.0290281
-42 0.0290272
-39 0.0290253
-36 0.029015
-33 0.0289813
-30 0.0290136
-27 0.0290178
-24 0.0290157
-21 0.0290127
-18 0.029008
-15 0.0289989
-12 0.0289833
-9 0.0289695
-6 0.028972
-3 0.0289854
0 0.0289962
3 0.0290023
6 0.0290066
9 0.0290106
12 0.0290142
15 0.0290171
18 0.0290204
21 0.0290234
24 0.0290256
27 0.0290273
30 0.0290288
33 0.02903
36 0.029031
39 0.0290318
42 0.0290319
45 0.0290298
48 0.0290263
51 0.0290237
54 0.0290335
57 0.0290348
60 0.0290351
63 0.0290353
66 0.0290355
69 0.0290357
72 0.0290356
75 0.0290339
78 0.0290265
81 0.0290312
84 0.0290341
87 0.0290342
90 0.0290355
