-90 0.029037
-87 0.0290345
-84 0.0290309
-81 0.0290097
-78 0.0290112
-75 0.0290196
-72 0.0290344
-69 0.0290373
-66 0.0290371
-63 0.0290371
-60 0.0290375
-57 0.0290384
-54 0.0290375
-51 0.02903
-48 0.0289964
-45 0.0288905
-42 0.0287353
-39 0.0287678
-36 0.0289267
-33 0.0290088
-30 0.0290311
-27 0.029031
-24 0.0290294
-21 0.0290365
-18 0.0290393
-15 0.0290398
-12 0.0290399
-9 0.0290399
-6 0.0290398
-3 0.0290388
0 0.0290373
3 0.0290392
6 0.0290397
9 0.0290396
12 0.0290392
15 0.0290378
18 0.0290328
21 0.0290165
24 0.0289791
27 0.0289414
30 0.0289534
33 0.0289934
36 0.0290151
39 0.0290194
42 0.0290181
45 0.0290183
48 0.0290216
51 0.0290263
54 0.0290307
57 0.0290339
60 0.0290358
63 0.0290356
66 0.0290361
69 0.0290364
72 0.0290361
75 0.0290383
78 0.0290375
81 0.0290278
84 0.0290102
87 0.0290319
90 0.029037
