-90 0.0289942
-87 0.0289982
-84 0.0289839
-81 0.0289215
-78 0.0288327
-75 0.0288547
-72 0.0289559
-69 0.0290144
-66 0.029033
-63 0.0290374
-60 0.0290369
-57 0.0290311
-54 0.0290142
-51 0.0289876
-48 0.0289783
-45 0.0289998
-42 0.0290226
-39 0.029032
-36 0.0290347
-33 0.0290368
-30 0.0290382
-27 0.0290376
-24 0.0290325
-21 0.0290156
-18 0.0289995
-15 0.0290129
-12 0.0290252
-9 0.0290321
-6 0.0290128
-3 0.0290126
0 0.0290375
3 0.0290372
6 0.0290183
9 0.0290235
12 0.0289883
15 0.0290331
18 0.0290327
21 0.0290255
24 0.0290121
27 0.0289961
30 0.0289923
33 0.0289866
36 0.0289278
39 0.0286646
42 0.0278839
45 0.0276573
48 0.0285452
51 0.028925
54 0.0290011
57 0.0290017
60 0.0290091
63 0.029025
66 0.0290328
69 0.0290354
72 0.0290351
75 0.0290332
78 0.0290295
81 0.0290227
84 0.0290089
87 0.0289909
90 0.0289942
