-90 0.029039
-87 0.029039
-84 0.0290394
-81 0.0290395
-78 0.0290394
-75 0.0290384
-72 0.0290321
-69 0.0290081
-66 0.0290155
-63 0.0290187
-60 0.0290227
-57 0.0290299
-54 0.0290319
-51 0.0290194
-48 0.0289727
-45 0.0288895
-42 0.0288659
-39 0.0289439
-36 0.0290088
-33 0.0290323
-30 0.0290382
-27 0.0290393
-24 0.0290374
-21 0.0290189
-18 0.028998
-15 0.0290347
-12 0.0290392
-9 0.0290395
-6 0.029039
-3 0.029037
0 0.0290367
3 0.029037
6 0.029039
9 0.0290395
12 0.0290394
15 0.029039
18 0.0290383
21 0.0290372
24 0.0290355
27 0.029033
30 0.0290295
33 0.0290245
36 0.0290095
39 0.0289248
42 0.0284051
45 0.0256215
48 0.0244201
51 0.0281108
54 0.028881
57 0.0290092
60 0.0290311
63 0.0290361
66 0.029038
69 0.0290388
72 0.0290392
75 0.0290394
78 0.0290394
81 0.0290393
84 0.0290394
87 0.0290393
90 0.029039
