-90 0.0273873
-87 0.0287237
-84 0.0289789
-81 0.029003
-78 0.0289899
-75 0.0290284
-72 0.0290321
-69 0.0290325
-66 0.0290325
-63 0.0290322
-60 0.0290317
-57 0.0290309
-54 0.0290293
-51 0.029026
-48 0.02902
-45 0.029012
-42 0.0290064
-39 0.0290062
-36 0.0290066
-33 0.0290041
-30 0.0290028
-27 0.0290078
-24 0.0290166
-21 0.0290244
-18 0.0290295
-15 0.0290321
-12 0.0290324
-9 0.0290309
-6 0.0290283
-3 0.0290261
0 0.0290159
3 0.0290121
6 0.0290327
9 0.0290277
12 0.0290318
15 0.0290377
18 0.029039
21 0.0290392
24 0.0290392
27 0.0290392
30 0.0290391
33 0.0290373
36 0.029028
39 0.0290368
42 0.029038
45 0.0290355
48 0.0290369
51 0.0290384
54 0.0290384
57 0.0290383
60 0.029038
63 0.0290378
66 0.0290374
69 0.0290365
72 0.0290354
75 0.0290292
78 0.0289927
81 0.0287786
84 0.027638
87 0.0249349
90 0.0273873
