-90 0.0290379
-87 0.0290372
-84 0.0290363
-81 0.0290352
-78 0.0290341
-75 0.0290326
-72 0.0290288
-69 0.0290166
-66 0.0290305
-63 0.0290342
-60 0.0290353
-57 0.0290363
-54 0.0290372
-51 0.0290379
-48 0.0290385
-45 0.0290387
-42 0.0290375
-39 0.0290259
-36 0.0289805
-33 0.0289858
-30 0.0289385
-27 0.0289273
-24 0.0289757
-21 0.0290174
-18 0.0290337
-15 0.0290376
-12 0.0290383
-9 0.0290389
-6 0.029038
-3 0.0290318
0 0.0290212
3 0.0290315
6 0.0290382
9 0.0290396
12 0.0290399
15 0.0290398
18 0.0290396
21 0.0290389
24 0.0290361
27 0.0290381
30 0.0290359
33 0.0289831
36 0.0290352
39 0.0290397
42 0.0290398
45 0.0290398
48 0.0290395
51 0.0290382
54 0.029031
57 0.0289888
60 0.0287379
63 0.027385
66 0.0244777
69 0.0275001
72 0.0287613
75 0.0289927
78 0.0290311
81 0.0290375
84 0.0290385
87 0.0290384
90 0.0290379
