-90 0.0290355
-87 0.0289984
-84 0.0290268
-81 0.0290377
-78 0.0290382
-75 0.0290387
-72 0.0290391
-69 0.0290391
-66 0.0290391
-63 0.0290393
-60 0.0290394
-57 0.0290387
-54 0.0290379
-51 0.0290336
-48 0.0290123
-45 0.0290066
-42 0.0290296
-39 0.0290307
-36 0.029023
-33 0.0290167
-30 0.0290204
-27 0.0290287
-24 0.0290321
-21 0.02903
-18 0.029033
-15 0.0290375
-12 0.0290374
-9 0.0290239
-6 0.029037
-3 0.0290392
0 0.0290386
3 0.0290381
6 0.029038
9 0.0290376
12 0.0290365
15 0.0290356
18 0.0290355
21 0.0290356
24 0.029038
27 0.0290391
30 0.0290394
33 0.0290394
36 0.0290393
39 0.0290392
42 0.0290386
45 0.0290348
48 0.0290124
51 0.0288811
54 0.0281784
57 0.0259716
60 0.0270104
63 0.0285985
66 0.0289608
69 0.0290254
72 0.0290361
75 0.0290378
78 0.029038
81 0.0290381
84 0.0290381
87 0.029038
90 0.0290355
