-90 0.0290354
-87 0.0290354
-84 0.0290354
-81 0.0290353
-78 0.0290343
-75 0.0290288
-72 0.0289973
-69 0.0288473
-66 0.0283575
-63 0.0270059
-60 0.027479
-57 0.0285812
-54 0.0288718
-51 0.0290036
-48 0.0290276
-45 0.0290315
-42 0.0290316
-39 0.0290307
-36 0.0290294
-33 0.0290279
-30 0.029026
-27 0.0290235
-24 0.0290197
-21 0.0290066
-18 0.0289177
-15 0.0288993
-12 0.0289879
-9 0.0289977
-6 0.0289946
-3 0.0289916
0 0.02899
3 0.0289899
6 0.0289916
9 0.0289944
12 0.0289979
15 0.0290008
18 0.0289976
21 0.0289611
24 0.028735
27 0.0273817
30 0.0196528
33 0.0261628
36 0.0285595
39 0.0289511
42 0.029016
45 0.0290276
48 0.0290303
51 0.0290315
54 0.0290322
57 0.0290327
60 0.0290332
63 0.0290336
66 0.0290338
69 0.0290335
72 0.0290287
75 0.0290238
78 0.0290327
81 0.0290347
84 0.0290351
87 0.0290353
90 0.0290354
