-90 0.029027
-87 0.0290244
-84 0.0290194
-81 0.0290062
-78 0.0289701
-75 0.0289062
-72 0.0288748
-69 0.0289239
-66 0.0289736
-63 0.0289904
-60 0.028986
-57 0.0289431
-54 0.0287221
-51 0.0278954
-48 0.0272385
-45 0.0283072
-42 0.0288547
-39 0.028981
-36 0.0290074
-33 0.0290132
-30 0.0290172
-27 0.0290206
-24 0.0290197
-21 0.0290118
-18 0.0289957
-15 0.0289855
-12 0.0289971
-9 0.0290164
-6 0.0290279
-3 0.0290324
0 0.029034
3 0.0290347
6 0.0290352
9 0.0290355
12 0.0290355
15 0.0290351
18 0.0290343
21 0.0290328
24 0.029031
27 0.0290294
30 0.0290288
33 0.0290285
36 0.0290266
39 0.0290199
42 0.0290035
45 0.0289734
48 0.0289848
51 0.0290117
54 0.0290249
57 0.0290308
60 0.0290332
63 0.0290343
66 0.0290346
69 0.0290345
72 0.029034
75 0.0290334
78 0.0290325
81 0.0290315
84 0.0290303
87 0.0290288
90 0.029027
