-90 0.0289768
-87 0.0289729
-84 0.0289662
-81 0.0289608
-78 0.0289579
-75 0.0289583
-72 0.0289633
-69 0.0289706
-66 0.0289783
-63 0.0289859
-60 0.0289919
-57 0.0289921
-54 0.0289688
-51 0.0288661
-48 0.0285814
-45 0.0280925
-42 0.0281151
-39 0.0286518
-36 0.0289207
-33 0.0290032
-30 0.0290233
-27 0.0290282
-24 0.0290299
-21 0.0290307
-18 0.029029
-15 0.0289865
-12 0.0290256
-9 0.0290329
-6 0.0290334
-3 0.0290332
0 0.0290313
3 0.0290226
6 0.0289896
9 0.0288966
12 0.0287409
15 0.0285846
18 0.0285964
21 0.0288243
24 0.0289668
27 0.0290113
30 0.029028
33 0.0290323
36 0.0290328
39 0.0290325
42 0.0290317
45 0.0290307
48 0.0290303
51 0.0290295
54 0.0290284
57 0.0290269
60 0.0290247
63 0.0290197
66 0.0290025
69 0.0289206
72 0.0284537
75 0.025885
78 0.0235979
81 0.0278984
84 0.0288138
87 0.0289596
90 0.0289768
