-90 0.0290384
-87 0.0290384
-84 0.0290385
-81 0.0290383
-78 0.0290379
-75 0.0290372
-72 0.0290361
-69 0.0290344
-66 0.0290317
-63 0.0290274
-60 0.0290204
-57 0.0290084
-54 0.0289806
-51 0.0288728
-48 0.0282585
-45 0.0243795
-42 0.0227598
-39 0.0280265
-36 0.0288696
-33 0.0290048
-30 0.029028
-27 0.0290331
-24 0.029035
-21 0.0290361
-18 0.0290369
-15 0.0290366
-12 0.0290281
-9 0.0289663
-6 0.0290309
-3 0.0290306
0 0.0290152
3 0.0290301
6 0.0290373
9 0.0290382
12 0.029038
15 0.0290381
18 0.0290374
21 0.0290341
24 0.0290204
27 0.0289733
30 0.0288695
33 0.0289114
36 0.0289684
39 0.0290059
42 0.029007
45 0.0289885
48 0.0289769
51 0.0289818
54 0.029016
57 0.0290329
60 0.0290375
63 0.0290386
66 0.0290389
69 0.029039
72 0.0290391
75 0.0290391
78 0.029039
81 0.0290387
84 0.0290381
87 0.0290382
90 0.0290384
