-90 0.0289619
-87 0.0289606
-84 0.0289599
-81 0.0289592
-78 0.0289565
-75 0.0289443
-72 0.0289062
-69 0.0288312
-66 0.0286933
-63 0.0281972
-60 0.0273491
-57 0.0280364
-54 0.0287367
-51 0.0289202
-48 0.0289515
-45 0.0289505
-42 0.0289413
-39 0.0289278
-36 0.0289012
-33 0.0288974
-30 0.0289264
-27 0.0289373
-24 0.0289448
-21 0.0289489
-18 0.0289436
-15 0.0289074
-12 0.0288108
-9 0.0287329
-6 0.0288066
-3 0.0289058
0 0.0289532
3 0.0289773
6 0.0289916
9 0.0289988
12 0.0290022
15 0.0290039
18 0.0290049
21 0.0290055
24 0.029006
27 0.0290063
30 0.0290064
33 0.0290063
36 0.0290061
39 0.0290055
42 0.0290045
45 0.029003
48 0.0290009
51 0.0289983
54 0.0289957
57 0.028993
60 0.0289903
63 0.0289879
66 0.0289857
69 0.028983
72 0.0289797
75 0.0289761
78 0.0289726
81 0.0289692
84 0.0289663
87 0.0289638
90 0.0289619
