-90 0.0290349
-87 0.0290344
-84 0.0290291
-81 0.0290163
-78 0.0290033
-75 0.029006
-72 0.0290211
-69 0.0290323
-66 0.0290374
-63 0.0290384
-60 0.0290387
-57 0.0290381
-54 0.0290371
-51 0.0290361
-48 0.0290365
-45 0.0290374
-42 0.0290383
-39 0.0290375
-36 0.029037
-33 0.0290393
-30 0.0290397
-27 0.0290397
-24 0.0290393
-21 0.0290371
-18 0.0290303
-15 0.0290288
-12 0.0290361
-9 0.029039
-6 0.0290396
-3 0.0290395
0 0.0290389
3 0.0290368
6 0.0290307
9 0.0290162
12 0.0289994
15 0.0290057
18 0.0290202
21 0.0290308
24 0.0290361
27 0.0290363
30 0.0290322
33 0.0290297
36 0.0290035
39 0.0289198
42 0.0287747
45 0.0287619
48 0.0289031
51 0.0289903
54 0.0290118
57 0.0289983
60 0.0289667
63 0.0289777
66 0.02897
69 0.0289825
72 0.0289975
75 0.0290076
78 0.0290149
81 0.0290221
84 0.0290284
87 0.0290328
90 0.0290349
