-90 0.0289149
-87 0.0284268
-84 0.0263058
-81 0.0256195
-78 0.0282163
-75 0.0288679
-72 0.0289467
-69 0.0288327
-66 0.0280055
-63 0.0242749
-60 0.0258515
-57 0.0283745
-54 0.0288713
-51 0.0289711
-48 0.0289989
-45 0.0290112
-42 0.0290186
-39 0.0290243
-36 0.0290276
-33 0.029028
-30 0.0290224
-27 0.0290083
-24 0.0289942
-21 0.028999
-18 0.0290169
-15 0.0290299
-12 0.0290346
-9 0.0290346
-6 0.0290349
-3 0.0290362
0 0.0290359
3 0.0290342
6 0.0290306
9 0.0290237
12 0.0290107
15 0.0289871
18 0.0289623
21 0.0289829
24 0.0289974
27 0.0290022
30 0.0290059
33 0.0290104
36 0.0290133
39 0.0290167
42 0.0290228
45 0.0290288
48 0.029032
51 0.029033
54 0.0290329
57 0.0290325
60 0.0290321
63 0.0290316
66 0.0290311
69 0.0290307
72 0.0290303
75 0.02903
78 0.0290296
81 0.0290287
84 0.0290253
87 0.0290081
90 0.0289149
