-90 0.0289451
-87 0.0288724
-84 0.0288963
-81 0.0289756
-78 0.029017
-75 0.0290324
-72 0.0290383
-69 0.029038
-66 0.0290321
-63 0.0290383
-60 0.0290373
-57 0.0290252
-54 0.0289558
-51 0.0285956
-48 0.0273443
-45 0.0270983
-42 0.0284691
-39 0.0289212
-36 0.0289392
-33 0.0288688
-30 0.0281032
-27 0.0253726
-24 0.0266921
-21 0.0285671
-18 0.0289589
-15 0.0290262
-12 0.0290373
-9 0.0290387
-6 0.0290384
-3 0.0290391
0 0.0290391
3 0.0290367
6 0.029029
9 0.0290298
12 0.0290335
15 0.0290352
18 0.0290366
21 0.0290347
24 0.0290208
27 0.0289569
30 0.0287434
33 0.0284649
36 0.0286249
39 0.0289018
42 0.0290054
45 0.029027
48 0.029025
51 0.029018
54 0.0290086
57 0.0289997
60 0.0290173
63 0.0290311
66 0.0290362
69 0.0290378
72 0.0290382
75 0.0290382
78 0.0290377
81 0.0290297
84 0.0290059
87 0.0290028
90 0.0289451
