-90 0.0288525
-87 0.0289201
-84 0.0289935
-81 0.0290244
-78 0.0290337
-75 0.0290364
-72 0.0290374
-69 0.0290378
-66 0.0290381
-63 0.0290382
-60 0.0290382
-57 0.0290381
-54 0.0290379
-51 0.0290376
-48 0.0290374
-45 0.0290373
-42 0.0290375
-39 0.0290375
-36 0.029038
-33 0.0290386
-30 0.0290389
-27 0.029039
-24 0.0290391
-21 0.029039
-18 0.0290388
-15 0.0290384
-12 0.0290378
-9 0.0290376
-6 0.0290375
-3 0.0290376
0 0.0290379
3 0.0290382
6 0.0290385
9 0.0290387
12 0.0290388
15 0.0290387
18 0.0290386
21 0.0290382
24 0.0290374
27 0.0290351
30 0.0290274
33 0.0289997
36 0.0289104
39 0.0287401
42 0.0287061
45 0.028873
48 0.0289826
51 0.0290135
54 0.0290152
57 0.029006
60 0.028982
63 0.0288924
66 0.0287901
69 0.0289193
72 0.0289726
75 0.0289954
78 0.0290059
81 0.0290029
84 0.0289698
87 0.0288936
90 0.0288525
