-90 0.0290156
-87 0.0290106
-84 0.0290071
-81 0.0290067
-78 0.0290091
-75 0.0290147
-72 0.0290206
-69 0.0290252
-66 0.029029
-63 0.0290319
-60 0.0290336
-57 0.0290338
-54 0.0290321
-51 0.0290289
-48 0.0290202
-45 0.0290317
-42 0.0290337
-39 0.0290236
-36 0.0290309
-33 0.0290377
-30 0.0290387
-27 0.0290391
-24 0.0290392
-21 0.0290377
-18 0.0290019
-15 0.0290272
-12 0.029039
-9 0.0290395
-6 0.0290392
-3 0.0290391
0 0.0290389
3 0.0290376
6 0.0290375
9 0.029037
12 0.029035
15 0.0290335
18 0.0290343
21 0.0290366
24 0.0290378
27 0.0290353
30 0.0290166
33 0.0289201
36 0.0285359
39 0.0278935
42 0.0282631
45 0.0288206
48 0.0289923
51 0.0290293
54 0.029033
57 0.0289791
60 0.029034
63 0.0290233
66 0.0289593
69 0.0286578
72 0.0277445
75 0.0275942
78 0.028565
81 0.0289333
84 0.0290087
87 0.0290185
90 0.0290156
