-90 0.0290335
-87 0.0290327
-84 0.0290313
-81 0.0290291
-78 0.0290264
-75 0.0290243
-72 0.0290239
-69 0.0290245
-66 0.0290246
-63 0.0290225
-60 0.0290116
-57 0.0290182
-54 0.0290218
-51 0.0290219
-48 0.0290218
-45 0.0290215
-42 0.029012
-39 0.0289389
-36 0.029015
-33 0.0290254
-30 0.0290271
-27 0.0290282
-24 0.0290293
-21 0.0290302
-18 0.0290309
-15 0.0290308
-12 0.029029
-9 0.0290244
-6 0.0290195
-3 0.0290201
0 0.029026
3 0.0290316
6 0.0290339
9 0.0290315
12 0.0290261
15 0.0290279
18 0.0290347
21 0.0290358
24 0.0290349
27 0.0290361
30 0.0290359
33 0.0290347
36 0.0290326
39 0.0290291
42 0.029023
45 0.0290153
48 0.0290165
51 0.0290255
54 0.029032
57 0.029035
60 0.0290363
63 0.0290367
66 0.0290365
69 0.0290343
72 0.0290313
75 0.0290346
78 0.0290341
81 0.0290339
84 0.029034
87 0.0290341
90 0.0290335
