-90 0.0289013
-87 0.0282022
-84 0.0247303
-81 0.0252909
-78 0.0283454
-75 0.0289257
-72 0.0290212
-69 0.0290368
-66 0.0290394
-63 0.0290393
-60 0.0290375
-57 0.0290389
-54 0.0290374
-51 0.0290343
-48 0.0290298
-45 0.028994
-42 0.0288375
-39 0.0284403
-36 0.0283151
-33 0.0287285
-30 0.0289625
-27 0.0290242
-24 0.0290367
-21 0.0290387
-18 0.0290382
-15 0.029035
-12 0.0289937
-9 0.029023
-6 0.029037
-3 0.0290386
0 0.0290393
3 0.0290396
6 0.0290396
9 0.0290396
12 0.0290397
15 0.0290395
18 0.0290386
21 0.0290361
24 0.0290298
27 0.0289976
30 0.0290108
33 0.0290288
36 0.0290359
39 0.0290377
42 0.0290335
45 0.029009
48 0.0289069
51 0.0286434
54 0.0284976
57 0.0287599
60 0.0289613
63 0.0290226
66 0.0290349
69 0.0290371
72 0.0290383
75 0.0290311
78 0.0290376
81 0.0290392
84 0.0290362
87 0.0290173
90 0.0289013
