-90 0.0290397
-87 0.0290397
-84 0.0290396
-81 0.0290393
-78 0.0290388
-75 0.0290378
-72 0.029036
-69 0.0290323
-66 0.0290244
-63 0.0290061
-60 0.028944
-57 0.0289525
-54 0.0290057
-51 0.029016
-48 0.0290215
-45 0.0290278
-42 0.0290245
-39 0.0290095
-36 0.0289623
-33 0.028887
-30 0.0288889
-27 0.0289655
-24 0.0290167
-21 0.0290339
-18 0.0290375
-15 0.0290358
-12 0.0290295
-9 0.0290258
-6 0.0290327
-3 0.0290374
0 0.0290383
3 0.0290372
6 0.0290373
9 0.0290386
12 0.0290391
15 0.0290397
18 0.0290398
21 0.0290398
24 0.0290397
27 0.0290394
30 0.0290396
33 0.0290396
36 0.0290395
39 0.0290388
42 0.0290294
45 0.0290279
48 0.0290387
51 0.0290393
54 0.0290388
57 0.0290393
60 0.0290394
63 0.0290394
66 0.0290392
69 0.0290392
72 0.0290391
75 0.0290385
78 0.0290344
81 0.0290355
84 0.0290391
87 0.0290396
90 0.0290397
