-90 0.0289908
-87 0.0288418
-84 0.0278921
-81 0.0232029
-78 0.0258296
-75 0.0284848
-72 0.0289411
-69 0.0290107
-66 0.0290205
-63 0.02901
-60 0.0289835
-57 0.0289716
-54 0.0289939
-51 0.0290199
-48 0.0290317
-45 0.0290344
-42 0.0290342
-39 0.0290338
-36 0.0290342
-33 0.0290353
-30 0.0290366
-27 0.0290377
-24 0.0290385
-21 0.029039
-18 0.0290392
-15 0.0290392
-12 0.0290389
-9 0.0290395
-6 0.0290398
-3 0.0290395
0 0.029036
3 0.029033
6 0.0290386
9 0.0290394
12 0.0290393
15 0.0290389
18 0.029039
21 0.0290387
24 0.0290385
27 0.0290388
30 0.0290391
33 0.0290381
36 0.0290356
39 0.0290389
42 0.0290397
45 0.0290398
48 0.0290399
51 0.0290399
54 0.0290398
57 0.0290397
60 0.0290395
63 0.029039
66 0.0290383
69 0.029037
72 0.0290346
75 0.0290302
78 0.0290232
81 0.0290146
84 0.0290091
87 0.0290082
90 0.0289908
