-90 0.0290385
-87 0.0290388
-84 0.0290393
-81 0.0290396
-78 0.0290392
-75 0.0290369
-72 0.0290379
-69 0.0290395
-66 0.0290395
-63 0.0290386
-60 0.0290364
-57 0.0290303
-54 0.0290151
-51 0.0289947
-48 0.0290091
-45 0.0290221
-42 0.0290186
-39 0.0290233
-36 0.0290315
-33 0.0290324
-30 0.0290342
-27 0.029037
-24 0.0290387
-21 0.0290395
-18 0.0290397
-15 0.0290398
-12 0.0290398
-9 0.0290393
-6 0.0290375
-3 0.0290329
0 0.0290256
3 0.0290207
6 0.0290236
9 0.0290314
12 0.0290357
15 0.0290343
18 0.0290225
21 0.0289808
24 0.0289519
27 0.0290098
30 0.0290316
33 0.0290377
36 0.0290393
39 0.0290397
42 0.0290388
45 0.029034
48 0.0290339
51 0.0290381
54 0.0290396
57 0.0290397
60 0.029039
63 0.0290364
66 0.0290278
69 0.0290113
72 0.02902
75 0.0290334
78 0.0290381
81 0.0290392
84 0.0290392
87 0.0290389
90 0.0290385
