-90 0.0289792
-87 0.0289105
-84 0.028795
-81 0.0282103
-78 0.0243166
-75 0.0227773
-72 0.0280447
-69 0.0288789
-66 0.0290096
-63 0.02903
-60 0.0290329
-57 0.0290324
-54 0.0290306
-51 0.0290278
-48 0.0290245
-45 0.0290233
-42 0.0290263
-39 0.0290308
-36 0.0290342
-33 0.0290362
-30 0.0290373
-27 0.0290379
-24 0.0290383
-21 0.0290385
-18 0.0290386
-15 0.0290386
-12 0.0290386
-9 0.0290384
-6 0.029038
-3 0.0290378
0 0.0290382
3 0.0290382
6 0.0290382
9 0.0290383
12 0.0290384
15 0.0290385
18 0.0290385
21 0.0290384
24 0.0290383
27 0.0290376
30 0.0290378
33 0.0290379
36 0.0290376
39 0.029037
42 0.0290363
45 0.0290352
48 0.0290339
51 0.0290318
54 0.0290298
57 0.0290269
60 0.0290235
63 0.0290199
66 0.0290168
69 0.0290151
72 0.0290155
75 0.0290177
78 0.0290208
81 0.0290236
84 0.0290236
87 0.029014
90 0.0289792
