-90 0.0281262
-87 0.0242654
-84 0.0245913
-81 0.0261298
-78 0.0263918
-75 0.0283361
-72 0.0288901
-69 0.0289929
-66 0.0290097
-63 0.0290114
-60 0.0290103
-57 0.0290083
-54 0.0290057
-51 0.0290024
-48 0.0289983
-45 0.0289936
-42 0.0289883
-39 0.0289828
-36 0.0289771
-33 0.0289709
-30 0.0289617
-27 0.0289522
-24 0.0289474
-21 0.0289397
-18 0.0289394
-15 0.0289501
-12 0.0289629
-9 0.0289741
-6 0.0289833
-3 0.0289904
0 0.0289937
3 0.0289673
6 0.0289651
9 0.0289841
12 0.0290041
15 0.0290115
18 0.0290141
21 0.0290159
24 0.0290174
27 0.0290187
30 0.0290198
33 0.0290208
36 0.0290214
39 0.0290195
42 0.029016
45 0.0290155
48 0.029022
51 0.0290235
54 0.0290237
57 0.0290236
60 0.0290235
63 0.0290232
66 0.0290229
69 0.0290225
72 0.029022
75 0.0290214
78 0.0290203
81 0.0290165
84 0.0289959
87 0.0288724
90 0.0281262
