-90 0.029003
-87 0.0290302
-84 0.0290364
-81 0.0290374
-78 0.0290379
-75 0.0290379
-72 0.0290379
-69 0.0290378
-66 0.0290374
-63 0.0290364
-60 0.029035
-57 0.0290329
-54 0.0290298
-51 0.0290257
-48 0.0290211
-45 0.0290151
-42 0.0290083
-39 0.0290033
-36 0.0290027
-33 0.0290052
-30 0.0290018
-27 0.0289688
-24 0.0289431
-21 0.0289663
-18 0.0290156
-15 0.0290304
-12 0.0290352
-9 0.0290371
-6 0.0290381
-3 0.0290384
0 0.0290353
3 0.0289974
6 0.029027
9 0.0290386
12 0.0290395
15 0.0290392
18 0.0290374
21 0.0290286
24 0.0289906
27 0.0290046
30 0.0290308
33 0.0290335
36 0.0290247
39 0.0290066
42 0.0289458
45 0.0290188
48 0.0290352
51 0.0290386
54 0.0290391
57 0.0290397
60 0.0290398
63 0.0290394
66 0.0290399
69 0.0290399
72 0.0290399
75 0.0290398
78 0.0290396
81 0.0290391
84 0.0290366
87 0.0290183
90 0.029003
