-90 0.0290394
-87 0.0290381
-84 0.0290391
-81 0.0290398
-78 0.0290399
-75 0.0290397
-72 0.0290393
-69 0.0290374
-66 0.0290314
-63 0.0290172
-60 0.0289979
-57 0.0289845
-54 0.0290069
-51 0.029022
-48 0.0290217
-45 0.0290165
-42 0.0290177
-39 0.0290251
-36 0.0290314
-33 0.0290352
-30 0.0290372
-27 0.0290383
-24 0.0290389
-21 0.0290392
-18 0.0290387
-15 0.0290338
-12 0.0290238
-9 0.0290075
-6 0.0288549
-3 0.0279097
0 0.0232779
3 0.0258287
6 0.0284877
9 0.0289502
12 0.0290243
15 0.0290355
18 0.0290367
21 0.0290358
24 0.0290322
27 0.029026
30 0.0290267
33 0.0290313
36 0.0290344
39 0.0290368
42 0.0290386
45 0.0290393
48 0.0290392
51 0.0290376
54 0.0290331
57 0.0290251
60 0.0290191
63 0.0290222
66 0.0290305
69 0.0290364
72 0.0290389
75 0.0290397
78 0.0290397
81 0.0290397
84 0.0290399
87 0.0290399
90 0.0290394
