-90 0.0290375
-87 0.029037
-84 0.0290355
-81 0.0290293
-78 0.029001
-75 0.0288925
-72 0.0286731
-69 0.0286101
-66 0.028821
-63 0.0289724
-60 0.0290188
-57 0.0290145
-54 0.0290118
-51 0.0290141
-48 0.028949
-45 0.0287047
-42 0.0282703
-39 0.0284535
-36 0.028843
-33 0.0289896
-30 0.0290242
-27 0.0290313
-24 0.0290325
-21 0.029031
-18 0.0290253
-15 0.0290145
-12 0.0290069
-9 0.0290127
-6 0.0290248
-3 0.0290329
0 0.0290363
3 0.0290374
6 0.0290378
9 0.0290379
12 0.0290378
15 0.0290373
18 0.0290362
21 0.0290348
24 0.0290366
27 0.0290374
30 0.029038
33 0.0290384
36 0.0290386
39 0.0290387
42 0.0290385
45 0.0290377
48 0.0290333
51 0.029036
54 0.0290373
57 0.0290368
60 0.029036
63 0.0290351
66 0.0290348
69 0.0290355
72 0.0290364
75 0.0290372
78 0.0290376
81 0.0290378
84 0.0290378
87 0.0290377
90 0.0290375
