-90 0.0289705
-87 0.0289683
-84 0.0289988
-81 0.0290221
-78 0.0290288
-75 0.0290309
-72 0.029031
-69 0.0290289
-66 0.0290267
-63 0.0290271
-60 0.0290295
-57 0.0290314
-54 0.0290306
-51 0.0290239
-48 0.029004
-45 0.0289536
-42 0.0289897
-39 0.0289992
-36 0.0288984
-33 0.0282165
-30 0.0245029
-27 0.0247513
-24 0.0282681
-21 0.028903
-18 0.0289922
-15 0.0289805
-12 0.0289745
-9 0.0289907
-6 0.029013
-3 0.029023
0 0.0290262
3 0.0290277
6 0.0290289
9 0.0290302
12 0.029031
15 0.0290307
18 0.0290319
21 0.0290287
24 0.0290096
27 0.0289568
30 0.028893
33 0.0289076
36 0.0289725
39 0.0290133
42 0.0290312
45 0.0290368
48 0.0290363
51 0.0290277
54 0.0289962
57 0.0289261
60 0.0288752
63 0.0289257
66 0.0289962
69 0.0290281
72 0.0290372
75 0.0290391
78 0.0290389
81 0.0290364
84 0.029027
87 0.0290028
90 0.0289705
