-90 0.029034
-87 0.0290328
-84 0.0290319
-81 0.0290305
-78 0.0290289
-75 0.029027
-72 0.0290246
-69 0.0290219
-66 0.0290186
-63 0.0290146
-60 0.0290089
-57 0.0289964
-54 0.0289477
-51 0.0287014
-48 0.0275821
-45 0.0260206
-42 0.0278309
-39 0.0286993
-36 0.028901
-33 0.0289545
-30 0.0289782
-27 0.0289941
-24 0.0290048
-21 0.0290119
-18 0.0290169
-15 0.0290207
-12 0.0290238
-9 0.0290263
-6 0.0290284
-3 0.02903
0 0.0290313
3 0.0290318
6 0.0290319
9 0.0290331
12 0.0290347
15 0.0290356
18 0.0290362
21 0.0290366
24 0.0290369
27 0.0290371
30 0.0290371
33 0.0290372
36 0.0290374
39 0.0290376
42 0.0290377
45 0.0290377
48 0.0290378
51 0.0290378
54 0.0290378
57 0.0290378
60 0.0290378
63 0.0290376
66 0.0290369
69 0.0290328
72 0.0290326
75 0.0290364
78 0.0290365
81 0.0290361
84 0.0290355
87 0.0290348
90 0.029034
