-90 0.0289113
-87 0.0282419
-84 0.0243891
-81 0.0242146
-78 0.0282078
-75 0.0289058
-72 0.029018
-69 0.029036
-66 0.029039
-63 0.0290396
-60 0.0290397
-57 0.0290392
-54 0.0290375
-51 0.0290388
-48 0.0290397
-45 0.0290394
-42 0.0290354
-39 0.0290217
-36 0.029036
-33 0.0290393
-30 0.0290395
-27 0.0290388
-24 0.0290371
-21 0.0290355
-18 0.0290366
-15 0.0290384
-12 0.0290387
-9 0.0290363
-6 0.0290231
-3 0.0289521
0 0.0286249
3 0.0277852
6 0.0278664
9 0.0286778
12 0.0289645
15 0.0290245
18 0.0290359
21 0.0290386
24 0.0290389
27 0.0290387
30 0.0290382
33 0.0290375
36 0.0290368
39 0.0290361
42 0.0290355
45 0.0290347
48 0.0290307
51 0.0290286
54 0.0290341
57 0.0290368
60 0.0290377
63 0.0290383
66 0.0290387
69 0.029039
72 0.0290392
75 0.0290393
78 0.0290388
81 0.0290386
84 0.029036
87 0.0290188
90 0.0289113
