-90 0.0271873
-87 0.0258586
-84 0.0280861
-81 0.0288621
-78 0.0290054
-75 0.0290248
-72 0.0290094
-69 0.0289678
-66 0.0289396
-63 0.028968
-60 0.0290103
-57 0.0290313
-54 0.0290378
-51 0.0290393
-48 0.0290392
-45 0.0290393
-42 0.0290395
-39 0.0290397
-36 0.0290393
-33 0.0290392
-30 0.0290393
-27 0.0290383
-24 0.0290348
-21 0.0290232
-18 0.0289851
-15 0.0289824
-12 0.0290165
-9 0.02902
-6 0.0290166
-3 0.0290191
0 0.0290163
3 0.0289885
6 0.0290345
9 0.029039
12 0.0290396
15 0.0290397
18 0.0290397
21 0.0290397
24 0.0290396
27 0.0290397
30 0.0290395
33 0.0290393
36 0.0290388
39 0.0290379
42 0.0290339
45 0.0290105
48 0.0288745
51 0.0281674
54 0.0261776
57 0.0272571
60 0.0286522
63 0.028971
66 0.029028
69 0.0290375
72 0.0290361
75 0.029036
78 0.0290376
81 0.0290285
84 0.0289723
87 0.0286529
90 0.0271873
