-90 0.0290388
-87 0.0290372
-84 0.0290317
-81 0.0290186
-78 0.0290114
-75 0.0290147
-72 0.0289832
-69 0.0288839
-66 0.028788
-63 0.0288568
-60 0.0289709
-57 0.0290215
-54 0.0290356
-51 0.0290388
-48 0.0290393
-45 0.0290389
-42 0.0290372
-39 0.0290309
-36 0.0290089
-33 0.0289886
-30 0.0290228
-27 0.029035
-24 0.0290383
-21 0.0290391
-18 0.0290392
-15 0.0290378
-12 0.0290252
-9 0.0290373
-6 0.0290395
-3 0.0290395
0 0.0290395
3 0.0290394
6 0.0290394
9 0.0290395
12 0.0290396
15 0.0290392
18 0.0290341
21 0.0290294
24 0.0290384
27 0.0290395
30 0.0290394
33 0.0290392
36 0.0290393
39 0.0290394
42 0.0290395
45 0.0290393
48 0.0290378
51 0.0290314
54 0.0290152
57 0.029018
60 0.0290325
63 0.0290374
66 0.0290386
69 0.0290388
72 0.0290376
75 0.0290182
78 0.0290059
81 0.0290373
84 0.0290395
87 0.0290392
90 0.0290388
