-90 0.0290376
-87 0.0290389
-84 0.0290394
-81 0.0290393
-78 0.0290367
-75 0.0289786
-72 0.0290338
-69 0.0290383
-66 0.0290389
-63 0.0290386
-60 0.0290373
-57 0.0290347
-54 0.0290305
-51 0.0290255
-48 0.0290193
-45 0.0290075
-42 0.0289869
-39 0.0289738
-36 0.0289905
-33 0.0290124
-30 0.0290257
-27 0.0290326
-24 0.0290357
-21 0.0290375
-18 0.0290383
-15 0.0290385
-12 0.0290347
-9 0.0289819
-6 0.0290273
-3 0.0290364
0 0.0290339
3 0.0290288
6 0.0290169
9 0.0290097
12 0.0290305
15 0.0290376
18 0.0290388
21 0.0290377
24 0.029034
27 0.0290296
30 0.029032
33 0.0290366
36 0.0290385
39 0.0290369
42 0.0289982
45 0.0290251
48 0.0290385
51 0.0290393
54 0.0290391
57 0.0290385
60 0.0290388
63 0.0290391
66 0.0290391
69 0.0290389
72 0.029038
75 0.0290359
78 0.0290326
81 0.0290303
84 0.0290315
87 0.0290349
90 0.0290376
