-90 0.0289487
-87 0.028982
-84 0.029016
-81 0.0290201
-78 0.0290204
-75 0.0290227
-72 0.029023
-69 0.0290206
-66 0.0290217
-63 0.0290283
-60 0.0290348
-57 0.0290382
-54 0.0290394
-51 0.0290398
-48 0.0290399
-45 0.0290399
-42 0.0290398
-39 0.0290397
-36 0.0290396
-33 0.029039
-30 0.0290394
-27 0.0290394
-24 0.0290393
-21 0.0290393
-18 0.0290394
-15 0.0290395
-12 0.0290396
-9 0.0290396
-6 0.0290395
-3 0.0290396
0 0.0290396
3 0.0290398
6 0.0290398
9 0.0290398
12 0.0290397
15 0.0290396
18 0.0290394
21 0.0290388
24 0.0290389
27 0.0290382
30 0.0290371
33 0.0290352
36 0.0290321
39 0.0290269
42 0.0290187
45 0.0290062
48 0.0289906
51 0.0289793
54 0.0289741
57 0.0289776
60 0.0289887
63 0.0289897
66 0.0289942
69 0.0290001
72 0.0289334
75 0.0284769
78 0.0258543
81 0.0232792
84 0.0278882
87 0.0288321
90 0.0289487
