-90 0.0290067
-87 0.0290049
-84 0.0290038
-81 0.0289955
-78 0.0289554
-75 0.0289849
-72 0.0290137
-69 0.0289961
-66 0.0289886
-63 0.0290007
-60 0.0290345
-57 0.0290385
-54 0.029039
-51 0.0290389
-48 0.0290387
-45 0.0290383
-42 0.0290377
-39 0.0290369
-36 0.0290362
-33 0.029036
-30 0.0290358
-27 0.0290355
-24 0.0290352
-21 0.0290347
-18 0.0290343
-15 0.0290339
-12 0.0290337
-9 0.0290323
-6 0.0290128
-3 0.0289943
0 0.0290326
3 0.0290355
6 0.029036
9 0.0290331
12 0.0289827
15 0.0290238
18 0.0290326
21 0.0290274
24 0.0290213
27 0.0290221
30 0.0290289
33 0.0290347
36 0.0290381
39 0.0290392
42 0.0290395
45 0.0290396
48 0.0290397
51 0.0290396
54 0.0290372
57 0.0289853
60 0.0290316
63 0.0290394
66 0.0290397
69 0.0290396
72 0.0290393
75 0.0290385
78 0.0290369
81 0.0290344
84 0.0290279
87 0.0290165
90 0.0290067
