-90 0.0290188
-87 0.0290195
-84 0.0290196
-81 0.0290196
-78 0.0290195
-75 0.0290192
-72 0.029018
-69 0.029014
-66 0.0290088
-63 0.0290088
-60 0.0290083
-57 0.0290083
-54 0.0290112
-51 0.0290149
-48 0.0290168
-45 0.0290174
-42 0.0290175
-39 0.0290171
-36 0.0290164
-33 0.0290157
-30 0.0290162
-27 0.0290159
-24 0.0290155
-21 0.0290149
-18 0.0290142
-15 0.0290134
-12 0.0290122
-9 0.029011
-6 0.0290095
-3 0.0290076
0 0.0290052
3 0.0290023
6 0.0289988
9 0.0289949
12 0.0289907
15 0.0289877
18 0.0289862
21 0.0289855
24 0.028983
27 0.02897
30 0.0289355
33 0.0289019
36 0.0289218
39 0.0289692
42 0.0289978
45 0.0290086
48 0.0290124
51 0.0290142
54 0.0290153
57 0.0290161
60 0.0290168
63 0.0290174
66 0.0290177
69 0.0290174
72 0.0290116
75 0.0290063
78 0.0290058
81 0.0290083
84 0.0289832
87 0.0290115
90 0.0290188
