-90 0.0290164
-87 0.0290166
-84 0.0290245
-81 0.0290311
-78 0.0290345
-75 0.029036
-72 0.0290366
-69 0.029037
-66 0.0290375
-63 0.029038
-60 0.0290388
-57 0.0290392
-54 0.0290395
-51 0.0290396
-48 0.0290396
-45 0.0290397
-42 0.0290397
-39 0.0290396
-36 0.0290396
-33 0.0290396
-30 0.0290395
-27 0.0290393
-24 0.029039
-21 0.0290383
-18 0.0290365
-15 0.0290324
-12 0.0290249
-9 0.0290176
-6 0.0290157
-3 0.0290123
0 0.0289837
3 0.0288984
6 0.0287985
9 0.0288272
12 0.0289038
15 0.0289451
18 0.0290008
21 0.0290232
24 0.029031
27 0.029026
30 0.0290263
33 0.0290342
36 0.0290272
39 0.0290244
42 0.0289914
45 0.0288194
48 0.0282723
51 0.0279331
54 0.0285562
57 0.0289237
60 0.0290163
63 0.0290345
66 0.0290374
69 0.0290374
72 0.0290365
75 0.0290353
78 0.0290338
81 0.0290316
84 0.0290284
87 0.029023
90 0.0290164
