-90 0.0290243
-87 0.0290184
-84 0.0290096
-81 0.0289964
-78 0.0289765
-75 0.0289463
-72 0.0289042
-69 0.028894
-66 0.0289377
-63 0.0289695
-60 0.0289913
-57 0.0290058
-54 0.0290154
-51 0.0290217
-48 0.0290255
-45 0.0290267
-42 0.0290256
-39 0.0290247
-36 0.0290273
-33 0.0290318
-30 0.0290352
-27 0.029037
-24 0.0290379
-21 0.0290384
-18 0.0290387
-15 0.0290388
-12 0.0290386
-9 0.0290329
-6 0.0290134
-3 0.029037
0 0.0290391
3 0.029039
6 0.0290378
9 0.0290316
12 0.0290221
15 0.0290319
18 0.0290357
21 0.0290359
24 0.0290327
27 0.0290146
30 0.0290178
33 0.0290354
36 0.0290386
39 0.0290392
42 0.0290387
45 0.0290317
48 0.029033
51 0.0290386
54 0.029039
57 0.0290389
60 0.0290387
63 0.0290384
66 0.029038
69 0.0290372
72 0.0290363
75 0.0290355
78 0.0290342
81 0.0290331
84 0.0290313
87 0.0290285
90 0.0290243
