-90 0.0290143
-87 0.0289745
-84 0.029019
-81 0.028965
-78 0.0290295
-75 0.0290365
-72 0.0290379
-69 0.0290385
-66 0.0290389
-63 0.0290392
-60 0.0290394
-57 0.0290394
-54 0.0290395
-51 0.0290395
-48 0.0290395
-45 0.0290396
-42 0.0290396
-39 0.0290396
-36 0.0290397
-33 0.0290397
-30 0.0290391
-27 0.0290368
-24 0.0290248
-21 0.0290181
-18 0.0290356
-15 0.0290384
-12 0.0290393
-9 0.0290348
-6 0.0290243
-3 0.0290387
0 0.0290399
3 0.0290399
6 0.0290398
9 0.0290398
12 0.0290398
15 0.0290398
18 0.0290397
21 0.0290396
24 0.0290391
27 0.0290378
30 0.0290338
33 0.0290233
36 0.0290047
39 0.0289829
42 0.0290005
45 0.0290195
48 0.0290288
51 0.0290308
54 0.0290285
57 0.0290231
60 0.0290141
63 0.0289994
66 0.0289754
69 0.0289354
72 0.0288695
75 0.0288176
78 0.0288936
81 0.0289502
84 0.0289841
87 0.0290043
90 0.0290143
