-90 0.0290351
-87 0.0290353
-84 0.0290354
-81 0.0290353
-78 0.0290349
-75 0.029034
-72 0.0290319
-69 0.0290279
-66 0.0290221
-63 0.0290143
-60 0.0290137
-57 0.0290268
-54 0.0290311
-51 0.0290321
-48 0.0290322
-45 0.0290321
-42 0.0290318
-39 0.0290315
-36 0.0290317
-33 0.0290318
-30 0.0290318
-27 0.0290316
-24 0.0290278
-21 0.028991
-18 0.0290072
-15 0.0290296
-12 0.0290318
-9 0.0290323
-6 0.0290329
-3 0.0290335
0 0.0290341
3 0.0290346
6 0.0290348
9 0.029035
12 0.0290345
15 0.0290315
18 0.0290222
21 0.0290042
24 0.0289906
27 0.0289992
30 0.0290163
33 0.0290145
36 0.0289385
39 0.0284571
42 0.0259789
45 0.0247348
48 0.0281106
51 0.0288795
54 0.0290111
57 0.0290329
60 0.0290365
63 0.029037
66 0.0290371
69 0.029037
72 0.0290368
75 0.0290365
78 0.0290355
81 0.0290329
84 0.0290333
87 0.0290347
90 0.0290351
