-90 0.0290325
-87 0.0290267
-84 0.0290207
-81 0.0290221
-78 0.0290295
-75 0.0290352
-72 0.0290334
-69 0.0290271
-66 0.0289939
-63 0.0288714
-60 0.0286661
-57 0.0286874
-54 0.0288932
-51 0.0289991
-48 0.0290262
-45 0.0290355
-42 0.0290386
-39 0.0290385
-36 0.0290361
-33 0.029029
-30 0.0290147
-27 0.029001
-24 0.0290028
-21 0.0290141
-18 0.0290178
-15 0.0290031
-12 0.0289933
-9 0.0289878
-6 0.0289898
-3 0.0290043
0 0.0290166
3 0.0290241
6 0.0290305
9 0.0290346
12 0.0290367
15 0.0290374
18 0.0290349
21 0.0290164
24 0.0289079
27 0.0283535
30 0.0267275
33 0.0272786
36 0.0286144
39 0.0289534
42 0.0289961
45 0.028978
48 0.0290094
51 0.0290283
54 0.0290345
57 0.0290374
60 0.0290386
63 0.0290385
66 0.0290386
69 0.0290384
72 0.0290373
75 0.0290356
78 0.0290347
81 0.0290348
84 0.0290352
87 0.0290348
90 0.0290325
