-90 0.0289526
-87 0.0289749
-84 0.0289835
-81 0.0289873
-78 0.0289891
-75 0.0289899
-72 0.0289902
-69 0.0289905
-66 0.0289906
-63 0.0289906
-60 0.0289907
-57 0.0289907
-54 0.0289905
-51 0.0289887
-48 0.0289677
-45 0.0289325
-42 0.0289843
-39 0.0289891
-36 0.0289884
-33 0.0289861
-30 0.0289825
-27 0.028967
-24 0.0289689
-21 0.0289851
-18 0.0289877
-15 0.0289882
-12 0.028988
-9 0.0289879
-6 0.0289878
-3 0.0289875
0 0.0289873
3 0.0289868
6 0.0289835
9 0.0289808
12 0.0289853
15 0.0289845
18 0.0289807
21 0.0289685
24 0.028931
27 0.0289353
30 0.0289694
33 0.0289793
36 0.0289793
39 0.0289732
42 0.0289655
45 0.0289653
48 0.0289732
51 0.0289808
54 0.0289845
57 0.0289853
60 0.0289847
63 0.0289859
66 0.0289864
69 0.0289845
72 0.0289743
75 0.0289315
78 0.0288079
81 0.0286646
84 0.0287362
87 0.0288851
90 0.0289526
