-90 0.0288828
-87 0.028906
-84 0.0289506
-81 0.0289699
-78 0.0289698
-75 0.0289616
-72 0.0289497
-69 0.0289349
-66 0.0289172
-63 0.0288962
-60 0.0288721
-57 0.0288462
-54 0.0288248
-51 0.0288241
-48 0.0288434
-45 0.0288682
-42 0.0288922
-39 0.0289116
-36 0.0289041
-33 0.0289185
-30 0.0289581
-27 0.0289705
-24 0.0289796
-21 0.0289871
-18 0.0289935
-15 0.0289988
-12 0.0290033
-9 0.0290069
-6 0.0290092
-3 0.0290079
0 0.0290083
3 0.0290125
6 0.0290175
9 0.0290201
12 0.0290215
15 0.0290225
18 0.0290233
21 0.029024
24 0.0290245
27 0.0290249
30 0.029025
33 0.0290251
36 0.0290251
39 0.0290251
42 0.0290251
45 0.0290251
48 0.0290249
51 0.0290246
54 0.0290241
57 0.0290234
60 0.0290212
63 0.0290068
66 0.0290151
69 0.0290186
72 0.0290174
75 0.0290152
78 0.0290113
81 0.029002
84 0.0289767
87 0.0289252
90 0.0288828
