-90 0.0290384
-87 0.0290384
-84 0.0290382
-81 0.0290341
-78 0.0289943
-75 0.0290168
-72 0.0290144
-69 0.0290315
-66 0.0290225
-63 0.0289982
-60 0.0289755
-57 0.0289848
-54 0.0290123
-51 0.0290295
-48 0.0290343
-45 0.0290368
-42 0.0290376
-39 0.0290371
-36 0.0290363
-33 0.0290357
-30 0.0290363
-27 0.0290367
-24 0.0290367
-21 0.0290363
-18 0.0290359
-15 0.0290352
-12 0.029034
-9 0.0290312
-6 0.0290253
-3 0.0290165
0 0.0289998
3 0.0289737
6 0.0290081
9 0.0290226
12 0.0290259
15 0.029026
18 0.0290256
21 0.0290242
24 0.0290201
27 0.0290099
30 0.0289954
33 0.0289921
36 0.0290055
39 0.02902
42 0.0290274
45 0.029029
48 0.0290315
51 0.0290333
54 0.029034
57 0.0290345
60 0.029035
63 0.0290356
66 0.0290361
69 0.0290346
72 0.0290158
75 0.0290045
78 0.0290123
81 0.0290359
84 0.0290379
87 0.0290382
90 0.0290384
