-90 0.0290396
-87 0.0290393
-84 0.0290388
-81 0.029038
-78 0.0290365
-75 0.0290337
-72 0.0290275
-69 0.0290092
-66 0.0289402
-63 0.0289667
-60 0.0289203
-57 0.0288225
-54 0.0287957
-51 0.0289068
-48 0.0289499
-45 0.0290175
-42 0.0290346
-39 0.0290379
-36 0.0290384
-33 0.0290385
-30 0.0290384
-27 0.0290383
-24 0.0290383
-21 0.0290384
-18 0.0290386
-15 0.0290387
-12 0.0290389
-9 0.0290391
-6 0.0290392
-3 0.0290392
0 0.0290386
3 0.0290363
6 0.0290336
9 0.029037
12 0.029039
15 0.0290397
18 0.0290398
21 0.0290398
24 0.0290399
27 0.0290395
30 0.0290375
33 0.0290384
36 0.0290354
39 0.0290208
42 0.0290371
45 0.0290398
48 0.0290399
51 0.0290399
54 0.0290399
57 0.0290397
60 0.0290391
63 0.0290382
66 0.0290371
69 0.0290324
72 0.0290359
75 0.0290389
78 0.0290395
81 0.0290398
84 0.0290398
87 0.0290398
90 0.0290396
