-90 0.0290148
-87 0.0290121
-84 0.0290153
-81 0.0290177
-78 0.0290121
-75 0.0290002
-72 0.0290066
-69 0.0290153
-66 0.0290128
-63 0.0289984
-60 0.0289546
-57 0.028917
-54 0.0289824
-51 0.0290065
-48 0.0290199
-45 0.0290278
-42 0.0290326
-39 0.0290354
-36 0.029037
-33 0.0290378
-30 0.0290377
-27 0.0290362
-24 0.029035
-21 0.0290344
-18 0.0290353
-15 0.0290371
-12 0.0290379
-9 0.0290368
-6 0.0290353
-3 0.029038
0 0.0290392
3 0.0290395
6 0.0290395
9 0.0290393
12 0.0290391
15 0.0290388
18 0.0290388
21 0.0290389
24 0.0290392
27 0.0290394
30 0.0290394
33 0.0290392
36 0.0290371
39 0.029018
42 0.029015
45 0.0290204
48 0.0290028
51 0.0289916
54 0.0290043
57 0.0290235
60 0.0290335
63 0.0290372
66 0.0290388
69 0.0290385
72 0.0290377
75 0.0290374
78 0.0290357
81 0.0290325
84 0.0290278
87 0.0290215
90 0.0290148
