-90 0.0290364
-87 0.029036
-84 0.0290357
-81 0.0290367
-78 0.0290378
-75 0.0290384
-72 0.0290387
-69 0.0290388
-66 0.0290385
-63 0.0290368
-60 0.0290319
-57 0.0290217
-54 0.0290107
-51 0.0290099
-48 0.0290165
-45 0.0290243
-42 0.0290341
-39 0.0290381
-36 0.0290391
-33 0.0290393
-30 0.0290393
-27 0.0290392
-24 0.0290393
-21 0.0290394
-18 0.0290394
-15 0.029039
-12 0.0290356
-9 0.0290297
-6 0.0290363
-3 0.0290375
0 0.0290362
3 0.0290339
6 0.0290328
9 0.0290347
12 0.0290366
15 0.0290378
18 0.0290384
21 0.0290385
24 0.0290382
27 0.0290376
30 0.0290365
33 0.0290354
36 0.0290346
39 0.0290275
42 0.0289951
45 0.029032
48 0.0290356
51 0.0290306
54 0.0290015
57 0.0288553
60 0.0283064
63 0.0276585
66 0.02833
69 0.0288634
72 0.0290029
75 0.0290302
78 0.0290358
81 0.029037
84 0.0290371
87 0.0290369
90 0.0290364
