-90 0.029039
-87 0.0290377
-84 0.0290353
-81 0.0290343
-78 0.029036
-75 0.0290373
-72 0.0290358
-69 0.0290301
-66 0.0290194
-63 0.0290113
-60 0.0290126
-57 0.0290177
-54 0.0290264
-51 0.0290341
-48 0.029038
-45 0.0290394
-42 0.0290397
-39 0.0290374
-36 0.0290285
-33 0.0290385
-30 0.0290391
-27 0.0290362
-24 0.0290262
-21 0.0289974
-18 0.0289305
-15 0.0288524
-12 0.0289213
-9 0.0289968
-6 0.0290271
-3 0.0290359
0 0.0290383
3 0.0290391
6 0.0290394
9 0.0290396
12 0.0290395
15 0.0290388
18 0.0290368
21 0.0290336
24 0.0290305
27 0.0290292
30 0.0290294
33 0.0290283
36 0.0290027
39 0.0290332
42 0.0290341
45 0.0290351
48 0.0290372
51 0.0290383
54 0.0290388
57 0.029039
60 0.029039
63 0.0290386
66 0.029039
69 0.0290393
72 0.0290394
75 0.0290374
78 0.0290317
81 0.0290265
84 0.0290318
87 0.0290387
90 0.029039
