-90 0.0290168
-87 0.0290351
-84 0.0290386
-81 0.0290393
-78 0.0290393
-75 0.0290388
-72 0.0290378
-69 0.029036
-66 0.0290325
-63 0.0290259
-60 0.0290132
-57 0.0289886
-54 0.0289283
-51 0.0289492
-48 0.0290133
-45 0.0290266
-42 0.0290304
-39 0.029024
-36 0.0290102
-33 0.0290232
-30 0.0290294
-27 0.0290257
-24 0.029021
-21 0.0290171
-18 0.029008
-15 0.0290304
-12 0.0290377
-9 0.0290391
-6 0.0290394
-3 0.0290396
0 0.0290397
3 0.0290397
6 0.0290397
9 0.0290395
12 0.029039
15 0.0290372
18 0.0290287
21 0.0289907
24 0.0288571
27 0.0286172
30 0.0286295
33 0.0288676
36 0.0289905
39 0.0290235
42 0.0290301
45 0.0290308
48 0.0290306
51 0.0290315
54 0.029032
57 0.0290287
60 0.0290199
63 0.0290226
66 0.0290311
69 0.0290263
72 0.0289758
75 0.0287153
78 0.0278221
81 0.0274126
84 0.0284651
87 0.0289184
90 0.0290168
