-90 0.0283863
-87 0.0288856
-84 0.0290027
-81 0.0290265
-78 0.0290306
-75 0.0290304
-72 0.029028
-69 0.0290223
-66 0.0290169
-63 0.0290204
-60 0.0290263
-57 0.0290292
-54 0.0290283
-51 0.0290129
-48 0.0290089
-45 0.0290265
-42 0.0290286
-39 0.0290281
-36 0.0290277
-33 0.0290277
-30 0.0290248
-27 0.0290169
-24 0.0290253
-21 0.0290276
-18 0.0290261
-15 0.0290172
-12 0.0289637
-9 0.028626
-6 0.0264652
-3 0.0171994
0 0.0271813
3 0.0287375
6 0.028981
9 0.0290197
12 0.029026
15 0.0290271
18 0.0290276
21 0.0290279
24 0.029028
27 0.0290283
30 0.0290286
33 0.0290289
36 0.0290276
39 0.0290115
42 0.0290086
45 0.0290271
48 0.0290297
51 0.0290301
54 0.0290297
57 0.0290285
60 0.0290281
63 0.0290299
66 0.029031
69 0.0290304
72 0.0290246
75 0.0289894
78 0.0287831
81 0.0276838
84 0.0246017
87 0.0266572
90 0.0283863
