-90 0.0290032
-87 0.0288882
-84 0.0283799
-81 0.0266919
-78 0.0264465
-75 0.0283256
-72 0.0288967
-69 0.0290083
-66 0.0290278
-63 0.029031
-60 0.029032
-57 0.0290325
-54 0.0290325
-51 0.0290325
-48 0.0290324
-45 0.0290323
-42 0.029032
-39 0.0290318
-36 0.0290315
-33 0.0290309
-30 0.0290276
-27 0.0290292
-24 0.0290315
-21 0.0290318
-18 0.0290318
-15 0.0290317
-12 0.0290317
-9 0.0290315
-6 0.0290312
-3 0.0290312
0 0.0290306
3 0.0290271
6 0.0290042
9 0.0289769
12 0.0290176
15 0.0290263
18 0.0290292
21 0.0290306
24 0.0290311
27 0.0290313
30 0.0290314
33 0.0290315
36 0.0290315
39 0.0290316
42 0.0290312
45 0.0290272
48 0.0290261
51 0.0290308
54 0.0290298
57 0.0290298
60 0.0290317
63 0.0290323
66 0.0290325
69 0.0290326
72 0.0290326
75 0.0290326
78 0.0290327
81 0.0290326
84 0.0290318
87 0.0290272
90 0.0290032
