-90 0.0290043
-87 0.0290081
-84 0.0290221
-81 0.0290328
-78 0.0290375
-75 0.0290389
-72 0.0290388
-69 0.0290385
-66 0.0290365
-63 0.0290217
-60 0.0289331
-57 0.0284288
-54 0.0262778
-51 0.0260291
-48 0.0283172
-45 0.0288709
-42 0.0289996
-39 0.0289881
-36 0.0287977
-33 0.0278743
-30 0.0262138
-27 0.0277814
-24 0.0287722
-21 0.0289815
-18 0.0290163
-15 0.0290201
-12 0.0290193
-9 0.0290186
-6 0.0290199
-3 0.0290227
0 0.0290248
3 0.0290234
6 0.0290242
9 0.0290314
12 0.0290341
15 0.0290354
18 0.0290361
21 0.029036
24 0.0290342
27 0.02903
30 0.0290215
33 0.0289948
36 0.0289923
39 0.028994
42 0.029
45 0.0289924
48 0.0289665
51 0.0289825
54 0.0290105
57 0.0290246
60 0.02903
63 0.0290061
66 0.0290192
69 0.0290307
72 0.0290282
75 0.029025
78 0.0290233
81 0.0290232
84 0.0290215
87 0.0290134
90 0.0290043
