-90 0.0289939
-87 0.0289968
-84 0.0290027
-81 0.0290095
-78 0.0290158
-75 0.0290211
-72 0.0290253
-69 0.0290285
-66 0.0290309
-63 0.0290325
-60 0.0290337
-57 0.0290332
-54 0.029024
-51 0.0289725
-48 0.0287475
-45 0.0281966
-42 0.0281589
-39 0.028719
-36 0.0289661
-33 0.0290247
-30 0.0290363
-27 0.0290385
-24 0.029039
-21 0.0290391
-18 0.0290392
-15 0.0290391
-12 0.0290373
-9 0.0290049
-6 0.0290264
-3 0.0290382
0 0.0290391
3 0.0290393
6 0.0290392
9 0.0290391
12 0.0290382
15 0.0290336
18 0.029008
21 0.028876
24 0.0283322
27 0.0274673
30 0.0281341
33 0.0288087
36 0.0289929
39 0.0290299
42 0.0290345
45 0.0290133
48 0.0290104
51 0.0290349
54 0.0290364
57 0.0290358
60 0.0290347
63 0.0290332
66 0.0290311
69 0.0290282
72 0.029024
75 0.0290182
78 0.0290111
81 0.0290037
84 0.0289981
87 0.0289947
90 0.0289939
