-90 0.0290314
-87 0.0290336
-84 0.0290356
-81 0.0290371
-78 0.0290378
-75 0.0290378
-72 0.0290385
-69 0.0290386
-66 0.0290387
-63 0.0290388
-60 0.0290389
-57 0.0290389
-54 0.0290388
-51 0.0290389
-48 0.029039
-45 0.0290391
-42 0.0290391
-39 0.029039
-36 0.0290391
-33 0.0290391
-30 0.0290389
-27 0.0290384
-24 0.0290376
-21 0.0290363
-18 0.0290345
-15 0.0290314
-12 0.0290243
-9 0.0290159
-6 0.0290205
-3 0.0290238
0 0.0290236
3 0.029021
6 0.0290188
9 0.0290231
12 0.0290035
15 0.0288997
18 0.0285716
21 0.0282817
24 0.0286187
27 0.0289178
30 0.0290027
33 0.0290076
36 0.028981
39 0.0289855
42 0.029013
45 0.0290239
48 0.0290279
51 0.029031
54 0.0290335
57 0.0290341
60 0.0290324
63 0.0290289
66 0.029024
69 0.0290192
72 0.029017
75 0.0290188
78 0.0290224
81 0.0290258
84 0.0290278
87 0.0290294
90 0.0290314
