-90 0.0282397
-87 0.0287192
-84 0.0289629
-81 0.029021
-78 0.0290197
-75 0.0289442
-72 0.0284673
-69 0.0259885
-66 0.0246069
-63 0.028091
-60 0.0288803
-57 0.0290138
-54 0.0290357
-51 0.0290392
-48 0.0290398
-45 0.0290399
-42 0.02904
-39 0.0290399
-36 0.0290395
-33 0.0290399
-30 0.0290398
-27 0.0290397
-24 0.0290397
-21 0.0290393
-18 0.0290383
-15 0.0290351
-12 0.0290284
-9 0.0290206
-6 0.0290187
-3 0.0290211
0 0.0290255
3 0.0290288
6 0.0290253
9 0.0290211
12 0.0290203
15 0.0290233
18 0.0290273
21 0.0290307
24 0.0290333
27 0.0290353
30 0.0290369
33 0.0290379
36 0.0290383
39 0.0290373
42 0.0290356
45 0.0290326
48 0.0290204
51 0.0289992
54 0.028989
57 0.0290044
60 0.0290247
63 0.0290352
66 0.0290386
69 0.0290377
72 0.0290342
75 0.0290374
78 0.0290295
81 0.0289868
84 0.0288036
87 0.0283423
90 0.0282397
