-90 0.029012
-87 0.0290128
-84 0.0290132
-81 0.0290136
-78 0.0290139
-75 0.0290142
-72 0.0290142
-69 0.0290141
-66 0.029014
-63 0.0290073
-60 0.0289565
-57 0.0290046
-54 0.0290141
-51 0.0290135
-48 0.0290082
-45 0.0289962
-42 0.028983
-39 0.0289841
-36 0.0289982
-33 0.02901
-30 0.0290152
-27 0.0290168
-24 0.0290161
-21 0.0290045
-18 0.0290109
-15 0.029017
-12 0.0290175
-9 0.0290174
-6 0.0290169
-3 0.029014
0 0.0290099
3 0.029015
6 0.0290164
9 0.0290163
12 0.0290161
15 0.0290159
18 0.0290156
21 0.0290151
24 0.0290129
27 0.0290018
30 0.0289393
33 0.0286142
36 0.0274355
39 0.0270069
42 0.0283892
45 0.0288895
48 0.0289885
51 0.0290056
54 0.0290114
57 0.0290127
60 0.0290128
63 0.0290127
66 0.0290127
69 0.0290126
72 0.0290125
75 0.0290124
78 0.0290122
81 0.0290107
84 0.0289912
87 0.0290049
90 0.029012
