-90 0.027981
-87 0.0286676
-84 0.0289565
-81 0.0290208
-78 0.0290313
-75 0.0290309
-72 0.0290268
-69 0.0290242
-66 0.0290274
-63 0.0290332
-60 0.0290369
-57 0.0290383
-54 0.0290384
-51 0.0290381
-48 0.0290376
-45 0.0290368
-42 0.0290354
-39 0.029032
-36 0.0290255
-33 0.029018
-30 0.0290171
-27 0.029024
-24 0.0290314
-21 0.0290356
-18 0.0290374
-15 0.0290382
-12 0.0290386
-9 0.0290389
-6 0.0290391
-3 0.0290391
0 0.029039
3 0.0290387
6 0.0290386
9 0.0290385
12 0.0290383
15 0.0290376
18 0.0290344
21 0.0290202
24 0.0289707
27 0.0288661
30 0.0288111
33 0.0288946
36 0.028964
39 0.0289425
42 0.0289438
45 0.0289821
48 0.0290025
51 0.0290091
54 0.029016
57 0.029023
60 0.0290286
63 0.0290325
66 0.029034
69 0.029031
72 0.0290338
75 0.029036
78 0.0290264
81 0.0289713
84 0.0287209
87 0.0280552
90 0.027981
