-90 0.0290177
-87 0.0290052
-84 0.0289955
-81 0.0290017
-78 0.0290159
-75 0.0290269
-72 0.0290331
-69 0.0290362
-66 0.0290375
-63 0.029038
-60 0.0290376
-57 0.0290331
-54 0.0290196
-51 0.0290032
-48 0.0289647
-45 0.0287193
-42 0.0280965
-39 0.0280709
-36 0.028701
-33 0.0289641
-30 0.0290246
-27 0.0290363
-24 0.0290386
-21 0.0290391
-18 0.0290393
-15 0.0290393
-12 0.0290394
-9 0.0290382
-6 0.0290357
-3 0.0290381
0 0.0290394
3 0.0290396
6 0.0290396
9 0.0290396
12 0.0290396
15 0.0290397
18 0.0290395
21 0.0290388
24 0.0290347
27 0.029015
30 0.0289963
33 0.029024
36 0.0290303
39 0.0290341
42 0.029037
45 0.0290385
48 0.029039
51 0.0290391
54 0.0290392
57 0.0290392
60 0.0290392
63 0.029039
66 0.0290384
69 0.0290353
72 0.029038
75 0.0290386
78 0.0290379
81 0.0290361
84 0.0290326
87 0.0290267
90 0.0290177
