-90 0.0289912
-87 0.0290045
-84 0.0290128
-81 0.0290179
-78 0.0290216
-75 0.0290244
-72 0.0290266
-69 0.0290283
-66 0.0290276
-63 0.0289847
-60 0.0290208
-57 0.0290321
-54 0.0290335
-51 0.0290337
-48 0.0290331
-45 0.029031
-42 0.0290271
-39 0.029023
-36 0.029018
-33 0.0290065
-30 0.0289945
-27 0.029011
-24 0.0290255
-21 0.0290328
-18 0.0290355
-15 0.0290363
-12 0.0290365
-9 0.0290363
-6 0.0290364
-3 0.0290362
0 0.029036
3 0.0290356
6 0.0290352
9 0.0290347
12 0.0290341
15 0.0290334
18 0.0290324
21 0.0290311
24 0.0290294
27 0.0290273
30 0.0290245
33 0.0290199
36 0.0290036
39 0.0289748
42 0.0289981
45 0.0289942
48 0.0289839
51 0.0289722
54 0.0289594
57 0.0289444
60 0.0289234
63 0.0288951
66 0.0289171
69 0.0289413
72 0.0289562
75 0.028965
78 0.0289691
81 0.0289685
84 0.0289676
87 0.0289757
90 0.0289912
