-90 0.0290388
-87 0.0290396
-84 0.0290399
-81 0.0290395
-78 0.0290326
-75 0.0290217
-72 0.0290382
-69 0.0290392
-66 0.0290261
-63 0.0290228
-60 0.0290391
-57 0.0290399
-54 0.0290399
-51 0.0290397
-48 0.0290391
-45 0.0290374
-42 0.0290337
-39 0.0290249
-36 0.0290083
-33 0.0289961
-30 0.0290049
-27 0.029023
-24 0.0290335
-21 0.0290334
-18 0.0290159
-15 0.0290127
-12 0.0290083
-9 0.0290277
-6 0.0290207
-3 0.0290053
0 0.0289836
3 0.0289852
6 0.0290067
9 0.0290212
12 0.0290289
15 0.0290315
18 0.0290219
21 0.0289648
24 0.0290257
27 0.0290364
30 0.0290381
33 0.0290386
36 0.029039
39 0.0290392
42 0.0290395
45 0.0290396
48 0.0290397
51 0.0290394
54 0.0290339
57 0.0289581
60 0.0290305
63 0.0290365
66 0.0290306
69 0.0290148
72 0.0289894
75 0.0289795
78 0.0289999
81 0.0290227
84 0.0290332
87 0.029037
90 0.0290388
