-90 0.0290004
-87 0.0290006
-84 0.0290006
-81 0.0290004
-78 0.029001
-75 0.029001
-72 0.0289995
-69 0.0289951
-66 0.028987
-63 0.0289855
-60 0.0289937
-57 0.0289986
-54 0.0289983
-51 0.0289952
-48 0.0289937
-45 0.0289966
-42 0.0290011
-39 0.0290041
-36 0.0290055
-33 0.029006
-30 0.0290062
-27 0.0290064
-24 0.0290064
-21 0.0290057
-18 0.0290047
-15 0.0290016
-12 0.0289947
-9 0.0289788
-6 0.0289338
-3 0.0288576
0 0.0288117
3 0.0289699
6 0.0289922
9 0.0289978
12 0.0290012
15 0.0290033
18 0.0290041
21 0.0290043
24 0.0290041
27 0.0290037
30 0.0290033
33 0.0290025
36 0.0290005
39 0.0289948
42 0.0289832
45 0.0289714
48 0.0289724
51 0.0289836
54 0.0289903
57 0.0289852
60 0.0289648
63 0.0289645
66 0.0289861
69 0.0289953
72 0.0289984
75 0.0289993
78 0.0289991
81 0.0289995
84 0.029
87 0.0290002
90 0.0290004
