-90 0.0290137
-87 0.0290256
-84 0.0290287
-81 0.0290222
-78 0.0290331
-75 0.0290355
-72 0.0290372
-69 0.0290377
-66 0.0290339
-63 0.0290358
-60 0.029029
-57 0.0289944
-54 0.0289956
-51 0.0290283
-48 0.0290353
-45 0.029032
-42 0.0290092
-39 0.0289255
-36 0.0287538
-33 0.028705
-30 0.0288718
-27 0.0289907
-24 0.0290288
-21 0.0290375
-18 0.0290391
-15 0.0290379
-12 0.0290304
-9 0.029033
-6 0.0290134
-3 0.0290326
0 0.0290391
3 0.0290389
6 0.0290376
9 0.0290339
12 0.0290273
15 0.0289933
18 0.0288317
21 0.0283335
24 0.0280259
27 0.0285836
30 0.0289279
33 0.0290173
36 0.0290354
39 0.0290386
42 0.0290381
45 0.0290369
48 0.029036
51 0.0290332
54 0.0290307
57 0.0290317
60 0.0290349
63 0.0290376
66 0.029033
69 0.0290043
72 0.0290363
75 0.029033
78 0.0290245
81 0.0290149
84 0.0290089
87 0.0290065
90 0.0290137
