-90 0.0290381
-87 0.0290365
-84 0.0290216
-81 0.0289669
-78 0.0290284
-75 0.0290382
-72 0.0290396
-69 0.0290397
-66 0.0290397
-63 0.0290399
-60 0.0290399
-57 0.0290399
-54 0.0290399
-51 0.0290398
-48 0.0290397
-45 0.0290393
-42 0.0290374
-39 0.0290319
-36 0.0290314
-33 0.0290307
-30 0.029037
-27 0.0290382
-24 0.0290374
-21 0.0290359
-18 0.0290331
-15 0.0290281
-12 0.0290202
-9 0.0290107
-6 0.0290068
-3 0.0290121
0 0.0290179
3 0.0290272
6 0.029034
9 0.0290366
12 0.029037
15 0.029036
18 0.0290361
21 0.0290352
24 0.0290313
27 0.0290296
30 0.0290104
33 0.0290341
36 0.0290379
39 0.0290392
42 0.0290398
45 0.0290399
48 0.0290399
51 0.0290399
54 0.0290398
57 0.0290395
60 0.0290384
63 0.0290358
66 0.0290319
69 0.0290292
72 0.0290293
75 0.0290236
78 0.0289837
81 0.028994
84 0.029029
87 0.0290371
90 0.0290381
