-90 0.0290047
-87 0.0289598
-84 0.0289227
-81 0.0289418
-78 0.0290064
-75 0.0290311
-72 0.0290376
-69 0.029039
-66 0.0290355
-63 0.0290347
-60 0.0290392
-57 0.0290393
-54 0.0290386
-51 0.0290368
-48 0.0290339
-45 0.0290313
-42 0.029031
-39 0.0290321
-36 0.0290321
-33 0.0290295
-30 0.0290241
-27 0.0290165
-24 0.0290085
-21 0.0290064
-18 0.0290121
-15 0.0290201
-12 0.0290264
-9 0.0290303
-6 0.0290286
-3 0.0289612
0 0.029003
3 0.02901
6 0.0290328
9 0.0290373
12 0.0290384
15 0.0290388
18 0.0290391
21 0.0290393
24 0.0290394
27 0.0290391
30 0.0290385
33 0.0290391
36 0.0290393
39 0.0290392
42 0.0290394
45 0.0290395
48 0.0290393
51 0.0290395
54 0.0290396
57 0.0290394
60 0.0290366
63 0.0290357
66 0.0290392
69 0.029039
72 0.0290373
75 0.0290325
78 0.0290251
81 0.0290269
84 0.0290314
87 0.0290271
90 0.0290047
