-90 0.0265208
-87 0.0282618
-84 0.0288898
-81 0.0290132
-78 0.029035
-75 0.0290389
-72 0.0290397
-69 0.0290399
-66 0.0290398
-63 0.0290384
-60 0.0290191
-57 0.029027
-54 0.0290358
-51 0.0290178
-48 0.0290371
-45 0.0290397
-42 0.0290397
-39 0.0290396
-36 0.0290394
-33 0.0290388
-30 0.0290364
-27 0.0290261
-24 0.0289856
-21 0.0289805
-18 0.0289583
-15 0.0289913
-12 0.0290206
-9 0.029024
-6 0.0290183
-3 0.0290027
0 0.0289787
3 0.0289713
6 0.0289821
9 0.0290005
12 0.0290145
15 0.0290236
18 0.0290293
21 0.0290324
24 0.0290336
27 0.0290336
30 0.0290324
33 0.0290124
36 0.029021
39 0.0290098
42 0.0290351
45 0.0290372
48 0.0290378
51 0.0290384
54 0.0290389
57 0.0290393
60 0.0290395
63 0.0290393
66 0.0290386
69 0.0290343
72 0.0290173
75 0.0290326
78 0.0290268
81 0.028969
84 0.0286499
87 0.0273374
90 0.0265208
