-90 0.0287276
-87 0.0288318
-84 0.0282935
-81 0.0246889
-78 0.0235752
-75 0.0281045
-72 0.0288901
-69 0.0290158
-66 0.0290359
-63 0.0290392
-60 0.0290398
-57 0.0290399
-54 0.0290397
-51 0.0290383
-48 0.0290362
-45 0.029036
-42 0.0289967
-39 0.0290294
-36 0.029039
-33 0.0290395
-30 0.0290396
-27 0.0290396
-24 0.0290395
-21 0.0290391
-18 0.0290376
-15 0.0290289
-12 0.0289755
-9 0.028638
-6 0.0264772
-3 0.0172047
0 0.0271929
3 0.0287476
6 0.0289859
9 0.0290232
12 0.0290349
15 0.0290377
18 0.0290382
21 0.0290383
24 0.029038
27 0.0290374
30 0.0290364
33 0.0290349
36 0.0290329
39 0.0290298
42 0.0290267
45 0.0290226
48 0.0289815
51 0.0290183
54 0.0290352
57 0.0290379
60 0.0290388
63 0.0290392
66 0.0290394
69 0.0290394
72 0.0290387
75 0.0290346
78 0.0290142
81 0.0289285
84 0.0286945
87 0.0285205
90 0.0287276
