-90 0.0290382
-87 0.0290374
-84 0.0290356
-81 0.0290297
-78 0.0290052
-75 0.0289128
-72 0.0287026
-69 0.0286189
-66 0.0288251
-63 0.028977
-60 0.029025
-57 0.0290361
-54 0.0290382
-51 0.0290361
-48 0.0290369
-45 0.0290375
-42 0.0290299
-39 0.0289823
-36 0.028683
-33 0.0267795
-30 0.0173071
-27 0.0269768
-24 0.0287141
-21 0.0289842
-18 0.029021
-15 0.0290168
-12 0.0290098
-9 0.0290151
-6 0.0290267
-3 0.0290343
0 0.0290372
3 0.0290381
6 0.0290383
9 0.0290383
12 0.0290383
15 0.0290383
18 0.0290383
21 0.0290382
24 0.0290378
27 0.0290379
30 0.0290379
33 0.0290374
36 0.0290365
39 0.0290357
42 0.0290356
45 0.0290364
48 0.0290371
51 0.0290376
54 0.0290375
57 0.0290336
60 0.0290197
63 0.0290343
66 0.0290383
69 0.0290388
72 0.0290389
75 0.0290389
78 0.0290389
81 0.0290387
84 0.0290387
87 0.0290386
90 0.0290382
