-90 0.0287797
-87 0.0289596
-84 0.0290213
-81 0.0290355
-78 0.0290377
-75 0.029037
-72 0.0290351
-69 0.0290308
-66 0.029022
-63 0.0290045
-60 0.0289702
-57 0.028968
-54 0.0290031
-51 0.0290199
-48 0.0290273
-45 0.0290338
-42 0.0290372
-39 0.0290385
-36 0.0290391
-33 0.0290394
-30 0.0290396
-27 0.0290396
-24 0.0290391
-21 0.0290339
-18 0.0289825
-15 0.0290108
-12 0.0289747
-9 0.0286468
-6 0.0265315
-3 0.0169644
0 0.0271542
3 0.0287435
6 0.0289921
9 0.0290313
12 0.0290375
15 0.0290385
18 0.0290387
21 0.0290384
24 0.029037
27 0.0290357
30 0.0290379
33 0.0290389
36 0.0290389
39 0.0290374
42 0.0290361
45 0.0290385
48 0.0290395
51 0.0290397
54 0.0290397
57 0.0290397
60 0.0290395
63 0.0290388
66 0.0290375
69 0.0290354
72 0.0290328
75 0.0290272
78 0.029008
81 0.0289334
84 0.0287376
87 0.0285959
90 0.0287797
