-90 0.0290349
-87 0.0290362
-84 0.0290371
-81 0.0290377
-78 0.0290381
-75 0.0290384
-72 0.0290386
-69 0.0290387
-66 0.0290386
-63 0.0290365
-60 0.0290187
-57 0.0289717
-54 0.0289828
-51 0.0288836
-48 0.0286029
-45 0.0279873
-42 0.0280108
-39 0.0286861
-36 0.0289608
-33 0.0290215
-30 0.0290305
-27 0.0290334
-24 0.0290368
-21 0.0290385
-18 0.0290391
-15 0.0290392
-12 0.0290392
-9 0.0290391
-6 0.0290389
-3 0.0290383
0 0.0290382
3 0.0290387
6 0.0290389
9 0.0290389
12 0.0290388
15 0.0290387
18 0.0290374
21 0.0290119
24 0.029024
27 0.0290376
30 0.0290374
33 0.0290379
36 0.0290381
39 0.0290379
42 0.0290375
45 0.0290371
48 0.0290368
51 0.0290367
54 0.0290359
57 0.0290266
60 0.029014
63 0.0290132
66 0.0290326
69 0.0290306
72 0.0290275
75 0.0290252
78 0.029025
81 0.0290272
84 0.0290302
87 0.0290329
90 0.0290349
