-90 0.0285314
-87 0.0287971
-84 0.0289728
-81 0.029025
-78 0.0290367
-75 0.0290373
-72 0.0290296
-69 0.0290345
-66 0.0290391
-63 0.0290396
-60 0.0290397
-57 0.0290397
-54 0.0290397
-51 0.0290396
-48 0.0290395
-45 0.0290394
-42 0.0290392
-39 0.0290391
-36 0.0290387
-33 0.0290381
-30 0.0290368
-27 0.029035
-24 0.0290334
-21 0.0290341
-18 0.0290365
-15 0.0290381
-12 0.029038
-9 0.0290237
-6 0.0290112
-3 0.0290366
0 0.0290376
3 0.0290374
6 0.0290369
9 0.0290362
12 0.0290355
15 0.0290351
18 0.0290349
21 0.029035
24 0.029033
27 0.0290308
30 0.0290362
33 0.0290373
36 0.029038
39 0.0290385
42 0.0290389
45 0.0290391
48 0.0290393
51 0.0290393
54 0.0290388
57 0.029037
60 0.0290324
63 0.0290263
66 0.0290234
69 0.0290266
72 0.0290293
75 0.0290226
78 0.0289865
81 0.0289808
84 0.0288867
87 0.0286242
90 0.0285314
