-90 0.0287966
-87 0.0283919
-84 0.0282524
-81 0.028618
-78 0.0288914
-75 0.0289789
-72 0.0289948
-69 0.0289967
-66 0.0289863
-63 0.0289756
-60 0.0289948
-57 0.028993
-54 0.0289804
-51 0.0289113
-48 0.0285754
-45 0.0275684
-42 0.0274992
-39 0.028528
-36 0.0288985
-33 0.0289773
-30 0.0289918
-27 0.0289943
-24 0.0289949
-21 0.0289951
-18 0.0289952
-15 0.0289952
-12 0.0289952
-9 0.0289951
-6 0.028995
-3 0.028995
0 0.028995
3 0.028995
6 0.028995
9 0.0289951
12 0.0289952
15 0.0289952
18 0.0289952
21 0.028995
24 0.028995
27 0.0289953
30 0.0289956
33 0.028995
36 0.0289919
39 0.0289798
42 0.0289478
45 0.0289645
48 0.0289871
51 0.0289947
54 0.0289975
57 0.0289987
60 0.0289993
63 0.0289997
66 0.029
69 0.0290002
72 0.0290004
75 0.0290005
78 0.0290003
81 0.028999
84 0.0289918
87 0.0289547
90 0.0287966
