-90 0.0290391
-87 0.0290394
-84 0.0290396
-81 0.0290393
-78 0.0290368
-75 0.0290211
-72 0.0290176
-69 0.0290026
-66 0.0288916
-63 0.0284729
-60 0.0279691
-57 0.0284296
-54 0.0288769
-51 0.029006
-48 0.0290325
-45 0.0290328
-42 0.0289962
-39 0.0290348
-36 0.0290256
-33 0.028965
-30 0.0286522
-27 0.0275538
-24 0.0271776
-21 0.0284473
-18 0.0289207
-15 0.0290181
-12 0.0290353
-9 0.0290369
-6 0.0290313
-3 0.0290259
0 0.0290275
3 0.0290266
6 0.029032
9 0.029037
12 0.0290391
15 0.0290395
18 0.0290395
21 0.0290395
24 0.0290395
27 0.0290394
30 0.0290392
33 0.0290391
36 0.029039
39 0.029038
42 0.0290262
45 0.0290182
48 0.0290348
51 0.0290301
54 0.0289943
57 0.0289917
60 0.0289869
63 0.028934
66 0.0289124
69 0.0289617
72 0.0290107
75 0.0290312
78 0.0290368
81 0.0290359
84 0.0290354
87 0.0290384
90 0.0290391
