-90 0.028929
-87 0.0290215
-84 0.0290366
-81 0.0290389
-78 0.0290394
-75 0.0290389
-72 0.0290197
-69 0.0290298
-66 0.0290393
-63 0.0290394
-60 0.0290387
-57 0.029035
-54 0.0290112
-51 0.0288631
-48 0.0279341
-45 0.022604
-42 0.0252206
-39 0.028412
-36 0.02891
-33 0.0289835
-30 0.0290314
-27 0.0290376
-24 0.0290355
-21 0.0289944
-18 0.02902
-15 0.0290293
-12 0.0290206
-9 0.0290106
-6 0.0290115
-3 0.02902
0 0.0290265
3 0.0290266
6 0.0290223
9 0.0290134
12 0.0289959
15 0.0289502
18 0.0287542
21 0.0288267
24 0.0289562
27 0.0289933
30 0.0290102
33 0.0290194
36 0.0290231
39 0.0290191
42 0.0290035
45 0.0289861
48 0.0289906
51 0.0290126
54 0.0290266
57 0.0290097
60 0.0290226
63 0.0290369
66 0.0290371
69 0.0290285
72 0.0289742
75 0.028867
78 0.028079
81 0.0236466
84 0.0250064
87 0.0283539
90 0.028929
