-90 0.0285904
-87 0.0285386
-84 0.0288208
-81 0.0289657
-78 0.0290113
-75 0.0290266
-72 0.0290319
-69 0.0290333
-66 0.029033
-63 0.0290321
-60 0.0290288
-57 0.028999
-54 0.0290132
-51 0.0290246
-48 0.0290223
-45 0.0290187
-42 0.0290143
-39 0.0290088
-36 0.0290004
-33 0.0289793
-30 0.0288977
-27 0.028612
-24 0.0281886
-21 0.0284259
-18 0.0288268
-15 0.028968
-12 0.0290021
-9 0.0290113
-6 0.0290159
-3 0.0290196
0 0.0290228
3 0.0290255
6 0.0290276
9 0.0290294
12 0.0290307
15 0.0290318
18 0.0290326
21 0.0290333
24 0.0290338
27 0.0290341
30 0.0290342
33 0.0290342
36 0.0290343
39 0.0290348
42 0.0290354
45 0.029036
48 0.0290364
51 0.0290367
54 0.0290368
57 0.0290369
60 0.029037
63 0.029037
66 0.0290371
69 0.029037
72 0.0290369
75 0.0290365
78 0.0290348
81 0.0290267
84 0.0289915
87 0.0288617
90 0.0285904
