-90 0.0290349
-87 0.029013
-84 0.0288783
-81 0.0280453
-78 0.0234615
-75 0.0250157
-72 0.0281967
-69 0.0287208
-66 0.0289016
-63 0.0289964
-60 0.0290289
-57 0.0290372
-54 0.0290391
-51 0.0290395
-48 0.0290393
-45 0.0290376
-42 0.0290377
-39 0.0290362
-36 0.0289963
-33 0.0290234
-30 0.0290381
-27 0.0290386
-24 0.0290373
-21 0.0290334
-18 0.029022
-15 0.0289835
-12 0.0289485
-9 0.0289715
-6 0.0289964
-3 0.029021
0 0.0290331
3 0.0290358
6 0.0290294
9 0.0289919
12 0.0290039
15 0.0290284
18 0.0290249
21 0.0290338
24 0.0290305
27 0.0290309
30 0.0290354
33 0.0290373
36 0.0290359
39 0.0290268
42 0.0289818
45 0.028734
48 0.0274973
51 0.025406
54 0.0277471
57 0.0287952
60 0.0289966
63 0.0290306
66 0.0290376
69 0.0290392
72 0.0290393
75 0.0290343
78 0.0290285
81 0.0290387
84 0.0290393
87 0.0290386
90 0.0290349
