-90 0.0289781
-87 0.0290276
-84 0.029037
-81 0.0290386
-78 0.029039
-75 0.0290389
-72 0.0290389
-69 0.0290391
-66 0.0290393
-63 0.0290394
-60 0.0290387
-57 0.0290339
-54 0.0290309
-51 0.0290381
-48 0.0290394
-45 0.0290394
-42 0.0290394
-39 0.0290394
-36 0.0290392
-33 0.0290391
-30 0.0290389
-27 0.0290384
-24 0.0290367
-21 0.0290303
-18 0.0290101
-15 0.0289692
-12 0.0289397
-9 0.0289583
-6 0.0289989
-3 0.0290268
0 0.029034
3 0.0290352
6 0.0290351
9 0.0290348
12 0.0290345
15 0.0290341
18 0.0290338
21 0.0290339
24 0.0290339
27 0.0290335
30 0.0290333
33 0.0290319
36 0.029027
39 0.0290108
42 0.0289712
45 0.0289255
48 0.0289351
51 0.0289852
54 0.0290187
57 0.0290315
60 0.0290352
63 0.02903
66 0.0290324
69 0.0290358
72 0.0290249
75 0.0289675
78 0.0287289
81 0.028206
84 0.0282522
87 0.0287658
90 0.0289781
