-90 0.0290387
-87 0.0290388
-84 0.0290394
-81 0.0290395
-78 0.0290395
-75 0.0290395
-72 0.0290394
-69 0.0290394
-66 0.0290393
-63 0.0290391
-60 0.0290388
-57 0.0290386
-54 0.0290379
-51 0.0290377
-48 0.0290367
-45 0.0290345
-42 0.0290321
-39 0.0290312
-36 0.0290324
-33 0.0290344
-30 0.0290357
-27 0.029036
-24 0.0290357
-21 0.029035
-18 0.0290345
-15 0.0290346
-12 0.0290344
-9 0.0290342
-6 0.029034
-3 0.0290339
0 0.0290339
3 0.0290339
6 0.0290322
9 0.02902
12 0.0289403
15 0.0284328
18 0.0251935
21 0.0212026
24 0.0278107
27 0.0288446
30 0.0290066
33 0.0290327
36 0.0290374
39 0.0290384
42 0.0290384
45 0.0290379
48 0.0290381
51 0.0290387
54 0.0290382
57 0.029034
60 0.0290081
63 0.0289935
66 0.0289868
69 0.0289256
72 0.0288919
75 0.0289431
78 0.0289992
81 0.0290239
84 0.0290331
87 0.0290371
90 0.0290387
