-90 0.0289906
-87 0.0289057
-84 0.0283792
-81 0.0264453
-78 0.0266952
-75 0.0284851
-72 0.0289388
-69 0.0290212
-66 0.0290357
-63 0.0290381
-60 0.029038
-57 0.0290354
-54 0.0290223
-51 0.0290322
-48 0.0290229
-45 0.0290222
-42 0.0290367
-39 0.0290385
-36 0.0290369
-33 0.029019
-30 0.0289875
-27 0.0290311
-24 0.0290339
-21 0.0290332
-18 0.0290348
-15 0.0290372
-12 0.0290387
-9 0.0290394
-6 0.0290396
-3 0.0290392
0 0.0290397
3 0.0290399
6 0.0290397
9 0.029038
12 0.029037
15 0.0290394
18 0.0290397
21 0.0290397
24 0.0290397
27 0.0290396
30 0.029039
33 0.0290373
36 0.0290333
39 0.0290275
42 0.0290247
45 0.0290289
48 0.0290346
51 0.0290379
54 0.0290391
57 0.0290393
60 0.0290392
63 0.0290388
66 0.0290381
69 0.0290369
72 0.029035
75 0.0290313
78 0.0290239
81 0.0290103
84 0.0289934
87 0.0289909
90 0.0289906
