-90 0.0289887
-87 0.0289884
-84 0.0289881
-81 0.0289876
-78 0.028987
-75 0.0289855
-72 0.0289815
-69 0.0289706
-66 0.0289424
-63 0.0288955
-60 0.028911
-57 0.0289567
-54 0.0289763
-51 0.0289837
-48 0.0289866
-45 0.0289877
-42 0.0289883
-39 0.0289887
-36 0.0289891
-33 0.0289895
-30 0.0289899
-27 0.0289897
-24 0.0289886
-21 0.0289904
-18 0.0289911
-15 0.0289913
-12 0.028992
-9 0.028992
-6 0.0289894
-3 0.0289854
0 0.0289903
3 0.0289934
6 0.0289941
9 0.0289943
12 0.0289938
15 0.0289896
18 0.0289637
21 0.0288113
24 0.0279729
27 0.0245345
30 0.0228933
33 0.0274596
36 0.0287212
39 0.0289487
42 0.0289869
45 0.0289931
48 0.0289939
51 0.0289937
54 0.0289922
57 0.0289816
60 0.0289198
63 0.0289824
66 0.028991
69 0.0289916
72 0.0289912
75 0.0289908
78 0.0289888
81 0.0289646
84 0.0289804
87 0.0289887
90 0.0289887
