-90 0.0289777
-87 0.0290011
-84 0.02902
-81 0.0290294
-78 0.0290252
-75 0.0290067
-72 0.0289859
-69 0.0289899
-66 0.0290139
-63 0.0290308
-60 0.0290372
-57 0.0290391
-54 0.0290397
-51 0.0290398
-48 0.0290397
-45 0.0290395
-42 0.0290391
-39 0.0290394
-36 0.0290395
-33 0.0290393
-30 0.0290385
-27 0.029036
-24 0.029029
-21 0.0290087
-18 0.0289474
-15 0.028819
-12 0.0287654
-9 0.0288875
-6 0.0289872
-3 0.0290039
0 0.0290318
3 0.0290389
6 0.0290397
9 0.0290397
12 0.0290396
15 0.0290397
18 0.0290395
21 0.0290338
24 0.0289529
27 0.0290337
30 0.0290394
33 0.0290396
36 0.0290394
39 0.0290386
42 0.0290221
45 0.0290255
48 0.0290383
51 0.0290389
54 0.0290393
57 0.0290394
60 0.0290389
63 0.0290382
66 0.0290384
69 0.0290391
72 0.0290391
75 0.0290386
78 0.0290384
81 0.0290354
84 0.0290236
87 0.0289863
90 0.0289777
