-90 0.0289466
-87 0.0290074
-84 0.0290315
-81 0.0290381
-78 0.0290395
-75 0.0290398
-72 0.0290397
-69 0.0290394
-66 0.0290397
-63 0.0290398
-60 0.0290398
-57 0.0290396
-54 0.0290391
-51 0.0290382
-48 0.0290356
-45 0.0290232
-42 0.0289652
-39 0.028734
-36 0.0282531
-33 0.028313
-30 0.0287815
-27 0.0289734
-24 0.0290134
-21 0.0290196
-18 0.0290266
-15 0.0290337
-12 0.0290373
-9 0.0290389
-6 0.0290395
-3 0.0290387
0 0.0290317
3 0.0290357
6 0.0290396
9 0.0290399
12 0.0290396
15 0.0290387
18 0.0290371
21 0.0290336
24 0.0290292
27 0.0290246
30 0.0290066
33 0.0289816
36 0.0289574
39 0.0289706
42 0.0290071
45 0.0290294
48 0.0290373
51 0.0290393
54 0.0290397
57 0.0290391
60 0.0290243
63 0.029022
66 0.0290391
69 0.0290397
72 0.0290392
75 0.0290363
78 0.0290242
81 0.0289851
84 0.0289122
87 0.0288832
90 0.0289466
