-90 0.0290378
-87 0.0290339
-84 0.0290257
-81 0.0290165
-78 0.0290139
-75 0.0290058
-72 0.028978
-69 0.0289449
-66 0.0288796
-63 0.0288331
-60 0.0288951
-57 0.028984
-54 0.0290244
-51 0.0290358
-48 0.0290385
-45 0.0290391
-42 0.0290393
-39 0.0290393
-36 0.0290392
-33 0.0290386
-30 0.0290372
-27 0.0290351
-24 0.0290338
-21 0.0290346
-18 0.0290345
-15 0.0289832
-12 0.0290347
-9 0.0290369
-6 0.0290365
-3 0.0290371
0 0.0290383
3 0.0290392
6 0.0290397
9 0.0290398
12 0.0290395
15 0.0290388
18 0.0290391
21 0.0290373
24 0.0290004
27 0.0290327
30 0.0290395
33 0.0290398
36 0.0290396
39 0.0290391
42 0.0290373
45 0.0290283
48 0.029001
51 0.0290306
54 0.0290374
57 0.0290387
60 0.0290392
63 0.0290393
66 0.0290393
69 0.0290393
72 0.0290391
75 0.0290389
78 0.0290389
81 0.0290391
84 0.0290393
87 0.029039
90 0.0290378
