-90 0.0290181
-87 0.0290158
-84 0.0290155
-81 0.0290179
-78 0.0290213
-75 0.0290221
-72 0.0290221
-69 0.0290288
-66 0.0290347
-63 0.0290368
-60 0.0290379
-57 0.0290385
-54 0.0290389
-51 0.0290392
-48 0.0290393
-45 0.0290391
-42 0.0290375
-39 0.029034
-36 0.0290287
-33 0.0290099
-30 0.0289724
-27 0.0289516
-24 0.0289792
-21 0.0290145
-18 0.0290294
-15 0.0290307
-12 0.0290333
-9 0.0290374
-6 0.029039
-3 0.0290395
0 0.0290397
3 0.0290397
6 0.0290397
9 0.0290396
12 0.0290387
15 0.0290346
18 0.029036
21 0.0290392
24 0.0290397
27 0.0290397
30 0.0290397
33 0.0290397
36 0.0290396
39 0.0290393
42 0.0290382
45 0.0290329
48 0.029008
51 0.0289005
54 0.028702
57 0.0279501
60 0.0276977
63 0.0285476
66 0.0288829
69 0.0289976
72 0.029028
75 0.0290315
78 0.0290304
81 0.0290279
84 0.0290248
87 0.0290214
90 0.0290181
