-90 0.0290208
-87 0.0290154
-84 0.0290003
-81 0.0289564
-78 0.0288659
-75 0.0288886
-72 0.028974
-69 0.0290043
-66 0.029015
-63 0.0290187
-60 0.0290197
-57 0.0290197
-54 0.0290192
-51 0.0290186
-48 0.0290178
-45 0.0290169
-42 0.029016
-39 0.0290149
-36 0.0290135
-33 0.0290104
-30 0.0289994
-27 0.0289554
-24 0.0288174
-21 0.0286235
-18 0.0286875
-15 0.0288848
-12 0.0289752
-9 0.0289989
-6 0.0290037
-3 0.0290044
0 0.0290045
3 0.0290042
6 0.0290033
9 0.029001
12 0.0289978
15 0.0289981
18 0.0290034
21 0.0290077
24 0.0290098
27 0.0290105
30 0.0290097
33 0.0290057
36 0.0289952
39 0.0289622
42 0.0288698
45 0.0287647
48 0.0288121
51 0.0289353
54 0.0289973
57 0.0290156
60 0.0290202
63 0.0290216
66 0.0290222
69 0.0290226
72 0.0290229
75 0.0290232
78 0.0290235
81 0.0290235
84 0.0290234
87 0.0290227
90 0.0290208
