-90 0.0289084
-87 0.0289589
-84 0.0289847
-81 0.0290011
-78 0.029012
-75 0.0290195
-72 0.0290248
-69 0.0290284
-66 0.0290305
-63 0.0290297
-60 0.0290208
-57 0.0289937
-54 0.0289475
-51 0.0288402
-48 0.0285218
-45 0.0282273
-42 0.0285849
-39 0.028908
-36 0.0290073
-33 0.0290317
-30 0.0290375
-27 0.0290389
-24 0.0290391
-21 0.0290392
-18 0.0290385
-15 0.0290337
-12 0.0290331
-9 0.0290333
-6 0.0290331
-3 0.0290343
0 0.0290314
3 0.0290343
6 0.029032
9 0.0290377
12 0.0290392
15 0.0290388
18 0.0290391
21 0.0290382
24 0.0290344
27 0.0290181
30 0.0289504
33 0.028698
36 0.0282328
39 0.0283537
42 0.0287634
45 0.0289242
48 0.0289816
51 0.029015
54 0.0290287
57 0.0290313
60 0.02903
63 0.0290271
66 0.0290227
69 0.0290166
72 0.0290077
75 0.0289944
78 0.0289738
81 0.028937
84 0.0288177
87 0.0286997
90 0.0289084
