-90 0.0290396
-87 0.0290395
-84 0.0290394
-81 0.0290393
-78 0.0290391
-75 0.0290373
-72 0.0290197
-69 0.02903
-66 0.0290382
-63 0.0290385
-60 0.0290373
-57 0.0290312
-54 0.0290038
-51 0.0288913
-48 0.0288485
-45 0.0288801
-42 0.0289668
-39 0.0290174
-36 0.0290337
-33 0.0290376
-30 0.0290385
-27 0.0290388
-24 0.0290389
-21 0.0290391
-18 0.0290389
-15 0.0290391
-12 0.0290389
-9 0.0290384
-6 0.0290378
-3 0.0290368
0 0.0290335
3 0.0290181
6 0.0289567
9 0.0288183
12 0.0287265
15 0.0288461
18 0.0289755
21 0.0290243
24 0.0290366
27 0.0290393
30 0.0290398
33 0.0290399
36 0.0290399
39 0.0290398
42 0.0290398
45 0.0290397
48 0.0290393
51 0.029038
54 0.0290349
57 0.029026
60 0.0290071
63 0.0290064
66 0.0290239
69 0.0290315
72 0.0290336
75 0.0290353
78 0.0290373
81 0.0290386
84 0.0290393
87 0.0290396
90 0.0290396
