-90 0.0290334
-87 0.0290357
-84 0.0290358
-81 0.0290353
-78 0.0290346
-75 0.0290338
-72 0.0290327
-69 0.0290314
-66 0.0290297
-63 0.0290275
-60 0.0290247
-57 0.029021
-54 0.0290157
-51 0.0290071
-48 0.0289933
-45 0.0289773
-42 0.0289687
-39 0.0289697
-36 0.0289722
-33 0.0289735
-30 0.0289762
-27 0.0289824
-24 0.0289909
-21 0.0289995
-18 0.0290069
-15 0.029013
-12 0.0290177
-9 0.0290214
-6 0.0290243
-3 0.0290266
0 0.0290283
3 0.029029
6 0.0290263
9 0.0290095
12 0.0289461
15 0.0288295
18 0.0287915
21 0.0288949
24 0.0289858
27 0.0290213
30 0.0290326
33 0.0290359
36 0.0290368
39 0.0290367
42 0.0290265
45 0.0290121
48 0.0290363
51 0.0290373
54 0.0290372
57 0.0290358
60 0.0290306
63 0.0290144
66 0.0289663
69 0.0288538
72 0.0285739
75 0.0278696
78 0.0278552
81 0.028641
84 0.0289495
87 0.0290194
90 0.0290334
