-90 0.0290338
-87 0.0290369
-84 0.0290373
-81 0.0290366
-78 0.0290363
-75 0.0290355
-72 0.0290343
-69 0.0290326
-66 0.0290295
-63 0.0290204
-60 0.0289842
-57 0.028849
-54 0.0285529
-51 0.0284943
-48 0.0287921
-45 0.0289641
-42 0.0290119
-39 0.0290225
-36 0.0290252
-33 0.0290266
-30 0.0290279
-27 0.0290293
-24 0.0290307
-21 0.029032
-18 0.0290331
-15 0.0290341
-12 0.029035
-9 0.0290357
-6 0.0290362
-3 0.0290357
0 0.0290338
3 0.0290282
6 0.0290197
9 0.0290123
12 0.0290059
15 0.0290155
18 0.0290311
21 0.0290369
24 0.0290385
27 0.029039
30 0.0290392
33 0.0290393
36 0.0290393
39 0.0290388
42 0.0290323
45 0.0290276
48 0.0290381
51 0.0290391
54 0.0290384
57 0.0290342
60 0.0290144
63 0.0289341
66 0.0287225
69 0.028571
72 0.0287452
75 0.028877
78 0.0288999
81 0.0289232
84 0.0289835
87 0.0290212
90 0.0290338
