-90 0.0289751
-87 0.0290016
-84 0.0290134
-81 0.0290073
-78 0.0290094
-75 0.0290295
-72 0.0290371
-69 0.0290391
-66 0.0290396
-63 0.0290394
-60 0.0290398
-57 0.0290399
-54 0.0290399
-51 0.0290398
-48 0.0290394
-45 0.0290367
-42 0.0290221
-39 0.0289485
-36 0.0286527
-33 0.0280934
-30 0.0282849
-27 0.0288038
-24 0.0289892
-21 0.0290304
-18 0.0290382
-15 0.0290395
-12 0.0290395
-9 0.0290392
-6 0.0290389
-3 0.0290387
0 0.0290394
3 0.0290397
6 0.0290397
9 0.0290395
12 0.0290382
15 0.029034
18 0.0290147
21 0.0289267
24 0.0286183
27 0.0282151
30 0.0285025
33 0.0288772
36 0.0289905
39 0.0290052
42 0.0289839
45 0.0289534
48 0.0290056
51 0.0290293
54 0.029037
57 0.0290391
60 0.0290394
63 0.0290344
66 0.0289796
69 0.0290374
72 0.0290387
75 0.029037
78 0.0290317
81 0.0290176
84 0.0289901
87 0.0289657
90 0.0289751
