-90 0.0290273
-87 0.0290119
-84 0.0290008
-81 0.0290024
-78 0.0289805
-75 0.0290244
-72 0.0290339
-69 0.0290331
-66 0.0290373
-63 0.0290384
-60 0.0290382
-57 0.0290375
-54 0.0290364
-51 0.0290375
-48 0.0290379
-45 0.0290378
-42 0.0290375
-39 0.0290354
-36 0.0290234
-33 0.0289554
-30 0.028619
-27 0.0274025
-24 0.0269621
-21 0.0283999
-18 0.0289079
-15 0.0290056
-12 0.0290144
-9 0.029009
-6 0.0290167
-3 0.0290281
0 0.0290344
3 0.029035
6 0.0290135
9 0.0290281
12 0.0290322
15 0.0290387
18 0.0290392
21 0.0290383
24 0.0290373
27 0.0290308
30 0.0289961
33 0.0288586
36 0.0285532
39 0.0284942
42 0.0288022
45 0.0289744
48 0.0290019
51 0.0289243
54 0.028995
57 0.0290185
60 0.0289906
63 0.0289307
66 0.0289079
69 0.0289604
72 0.0290116
75 0.0290325
78 0.0290382
81 0.0290389
84 0.0290387
87 0.0290357
90 0.0290273
