-90 0.0290385
-87 0.0290371
-84 0.0290366
-81 0.0290381
-78 0.0290386
-75 0.029039
-72 0.0290392
-69 0.0290393
-66 0.0290393
-63 0.0290391
-60 0.0290385
-57 0.0290349
-54 0.0290288
-51 0.029026
-48 0.0290207
-45 0.029026
-42 0.0289987
-39 0.028908
-36 0.0287704
-33 0.0287876
-30 0.0289286
-27 0.0290081
-24 0.0290321
-21 0.0290377
-18 0.0290389
-15 0.0290392
-12 0.0290393
-9 0.0290391
-6 0.0290375
-3 0.0290274
0 0.0290199
3 0.0290356
6 0.0290384
9 0.0290383
12 0.0290385
15 0.0290386
18 0.0290384
21 0.0290379
24 0.0290364
27 0.029031
30 0.0290167
33 0.0289928
36 0.0289769
39 0.0289992
42 0.0290242
45 0.0290344
48 0.0290372
51 0.0290372
54 0.0290337
57 0.0289952
60 0.0290176
63 0.0290371
66 0.029039
69 0.0290382
72 0.0290387
75 0.0290395
78 0.0290396
81 0.0290395
84 0.0290394
87 0.0290391
90 0.0290385
