-90 0.0290347
-87 0.0290167
-84 0.0289941
-81 0.0290078
-78 0.0289879
-75 0.0289885
-72 0.0290238
-69 0.0290318
-66 0.0290333
-63 0.0290302
-60 0.0290161
-57 0.0290336
-54 0.0290353
-51 0.0290355
-48 0.0290351
-45 0.0290339
-42 0.0290328
-39 0.0290329
-36 0.0290333
-33 0.029032
-30 0.0290267
-27 0.0290202
-24 0.0290211
-21 0.0290255
-18 0.0290208
-15 0.0289938
-12 0.0290136
-9 0.0290325
-6 0.029037
-3 0.0290376
0 0.0290372
3 0.0290364
6 0.0290355
9 0.0290345
12 0.0290336
15 0.0290331
18 0.0290323
21 0.0290251
24 0.0290301
27 0.0290349
30 0.0290359
33 0.0290362
36 0.0290359
39 0.0290346
42 0.0290314
45 0.0290246
48 0.029013
51 0.0289971
54 0.0289761
57 0.0289465
60 0.0289747
63 0.0290016
66 0.0290179
69 0.0290272
72 0.0290324
75 0.0290353
78 0.0290369
81 0.0290376
84 0.0290378
87 0.0290374
90 0.0290347
