-90 0.0290379
-87 0.0290393
-84 0.0290396
-81 0.0290379
-78 0.0290351
-75 0.0290389
-72 0.0290375
-69 0.0290228
-66 0.0289843
-63 0.0290288
-60 0.0290329
-57 0.0290209
-54 0.0289951
-51 0.0289749
-48 0.0289875
-45 0.0290149
-42 0.0290317
-39 0.0290378
-36 0.0290394
-33 0.0290396
-30 0.0290397
-27 0.0290399
-24 0.0290399
-21 0.029039
-18 0.0290263
-15 0.0290282
-12 0.0290391
-9 0.0290397
-6 0.029039
-3 0.0290344
0 0.029008
3 0.0288634
6 0.0282097
9 0.0269877
12 0.027896
15 0.0287637
18 0.0289757
21 0.0290196
24 0.0290325
27 0.0290374
30 0.029039
33 0.0290394
36 0.0290395
39 0.0290393
42 0.0290394
45 0.0290393
48 0.0290395
51 0.0290394
54 0.0290387
57 0.0290349
60 0.0290155
63 0.0289375
66 0.0287512
69 0.0286143
72 0.0287837
75 0.0289568
78 0.0290164
81 0.0290281
84 0.0290304
87 0.0290347
90 0.0290379
