-90 0.0290398
-87 0.0290396
-84 0.0290382
-81 0.0290338
-78 0.0290339
-75 0.0290323
-72 0.0290054
-69 0.0290334
-66 0.0290386
-63 0.0290387
-60 0.0290383
-57 0.0290376
-54 0.0290364
-51 0.0290347
-48 0.029032
-45 0.0290279
-42 0.0290225
-39 0.0290111
-36 0.0289828
-33 0.0289083
-30 0.0287062
-27 0.0285854
-24 0.0287878
-21 0.0289622
-18 0.0290205
-15 0.0290347
-12 0.029038
-9 0.029039
-6 0.0290393
-3 0.0290394
0 0.0290384
3 0.0290303
6 0.029034
9 0.0290392
12 0.0290397
15 0.0290397
18 0.0290397
21 0.0290398
24 0.0290398
27 0.0290398
30 0.0290396
33 0.0290383
36 0.0290348
39 0.0290209
42 0.0289977
45 0.0290011
48 0.0290073
51 0.029018
54 0.0290219
57 0.0290006
60 0.0289402
63 0.0288862
66 0.0289232
69 0.0289931
72 0.029027
75 0.0290369
78 0.0290392
81 0.0290397
84 0.0290398
87 0.0290398
90 0.0290398
