-90 0.0203568
-87 0.025636
-84 0.0284832
-81 0.028931
-78 0.0290011
-75 0.0290118
-72 0.0290133
-69 0.0290134
-66 0.0290134
-63 0.0290135
-60 0.0290132
-57 0.0290136
-54 0.0290145
-51 0.0290156
-48 0.0290165
-45 0.0290173
-42 0.029018
-39 0.0290172
-36 0.028997
-33 0.0289998
-30 0.0290191
-27 0.0290194
-24 0.0289974
-21 0.0290214
-18 0.0290244
-15 0.0290252
-12 0.0290257
-9 0.0290258
-6 0.029025
-3 0.029022
0 0.0290131
3 0.0289896
6 0.0289503
9 0.0289571
12 0.0290123
15 0.0290244
18 0.0290274
21 0.0290281
24 0.0290279
27 0.0290267
30 0.0290246
33 0.0290226
36 0.0290225
39 0.0290242
42 0.029026
45 0.029027
48 0.0290272
51 0.029027
54 0.0290266
57 0.0290261
60 0.0290255
63 0.0290246
66 0.0290242
69 0.0290235
72 0.0290225
75 0.0290209
78 0.0290156
81 0.0289857
84 0.0288016
87 0.0276333
90 0.0203568
