-90 0.0203802
-87 0.0276435
-84 0.0288058
-81 0.0289839
-78 0.0290064
-75 0.029003
-72 0.0289945
-69 0.0289845
-66 0.0289727
-63 0.0289561
-60 0.0289311
-57 0.0289267
-54 0.0289498
-51 0.0289642
-48 0.0289727
-45 0.0289803
-42 0.0289892
-39 0.0289981
-36 0.0290061
-33 0.0290129
-30 0.0290185
-27 0.0290233
-24 0.0290269
-21 0.0290299
-18 0.0290317
-15 0.0290336
-12 0.0290348
-9 0.0290357
-6 0.0290365
-3 0.0290371
0 0.0290375
3 0.0290378
6 0.0290382
9 0.0290384
12 0.0290385
15 0.0290384
18 0.0290378
21 0.0290366
24 0.0290368
27 0.0290377
30 0.029038
33 0.0290382
36 0.0290386
39 0.0290389
42 0.029039
45 0.0290391
48 0.0290389
51 0.0290378
54 0.0290376
57 0.0290385
60 0.029038
63 0.0290358
66 0.0290282
69 0.0290071
72 0.0289671
75 0.0289189
78 0.0289524
81 0.028917
84 0.0284718
87 0.0256555
90 0.0203802
