-90 0.0290379
-87 0.0290395
-84 0.0290397
-81 0.0290397
-78 0.0290397
-75 0.0290395
-72 0.0290389
-69 0.0290366
-66 0.0290299
-63 0.0290152
-60 0.0289886
-57 0.0289785
-54 0.0290181
-51 0.0290304
-48 0.0290304
-45 0.0290247
-42 0.0290209
-39 0.0290236
-36 0.0290263
-33 0.0290277
-30 0.0290339
-27 0.0290379
-24 0.029039
-21 0.0290391
-18 0.029039
-15 0.029039
-12 0.0290393
-9 0.0290396
-6 0.0290397
-3 0.0290392
0 0.0290361
3 0.029036
6 0.0290391
9 0.0290394
12 0.0290392
15 0.0290387
18 0.0290375
21 0.0290344
24 0.0290257
27 0.0290038
30 0.0289683
33 0.0289478
36 0.0289563
39 0.0289651
42 0.0289827
45 0.0290019
48 0.0290058
51 0.0290227
54 0.0290319
57 0.0290353
60 0.0290371
63 0.0290381
66 0.0290387
69 0.0290389
72 0.0290374
75 0.0290165
78 0.0290159
81 0.0290324
84 0.0290158
87 0.0290268
90 0.0290379
