-90 0.0289804
-87 0.0290059
-84 0.0289884
-81 0.0289923
-78 0.0290156
-75 0.029027
-72 0.0290322
-69 0.0290354
-66 0.0290377
-63 0.0290388
-60 0.0290374
-57 0.0290114
-54 0.0290258
-51 0.0290387
-48 0.0290397
-45 0.0290397
-42 0.0290399
-39 0.0290399
-36 0.0290399
-33 0.0290397
-30 0.0290393
-27 0.0290381
-24 0.0290351
-21 0.0290306
-18 0.0290277
-15 0.029029
-12 0.0290318
-9 0.0290329
-6 0.0290244
-3 0.029022
0 0.0290189
3 0.0290022
6 0.0289777
9 0.0289862
12 0.02901
15 0.0290243
18 0.0290317
21 0.0290352
24 0.0290353
27 0.0290371
30 0.0290391
33 0.0290395
36 0.0290389
39 0.029035
42 0.0290383
45 0.0290397
48 0.0290398
51 0.0290398
54 0.0290396
57 0.0290386
60 0.0290368
63 0.0290372
66 0.0290389
69 0.0290388
72 0.0290377
75 0.029038
78 0.0290357
81 0.0290276
84 0.0290111
87 0.0290026
90 0.0289804
