-90 0.0290194
-87 0.0290175
-84 0.0290097
-81 0.0289996
-78 0.0289846
-75 0.0290047
-72 0.0290182
-69 0.0290204
-66 0.0290141
-63 0.0289958
-60 0.028962
-57 0.0289777
-54 0.0290033
-51 0.0290139
-48 0.0290151
-45 0.0290099
-42 0.0290022
-39 0.0290001
-36 0.0290075
-33 0.0290169
-30 0.0290232
-27 0.029026
-24 0.0290268
-21 0.0290307
-18 0.0290347
-15 0.0290371
-12 0.0290383
-9 0.0290388
-6 0.029039
-3 0.0290389
0 0.0290374
3 0.0290346
6 0.0290295
9 0.0290313
12 0.0290375
15 0.0290347
18 0.0290352
21 0.029038
24 0.0290383
27 0.0290378
30 0.0290368
33 0.0290345
36 0.0290266
39 0.0289952
42 0.0289792
45 0.0290223
48 0.0290305
51 0.0290309
54 0.0290294
57 0.0290272
60 0.0290243
63 0.0290212
66 0.0290178
69 0.0290145
72 0.0290117
75 0.0290102
78 0.0290104
81 0.0290122
84 0.0290149
87 0.0290177
90 0.0290194
