-90 0.0290339
-87 0.0290367
-84 0.029035
-81 0.0290304
-78 0.0290047
-75 0.0290001
-72 0.029019
-69 0.0290201
-66 0.0290076
-63 0.0289643
-60 0.0290028
-57 0.0290289
-54 0.0290364
-51 0.0290385
-48 0.029039
-45 0.0290385
-42 0.0290353
-39 0.0290247
-36 0.0290025
-33 0.0289828
-30 0.0289919
-27 0.0290164
-24 0.0290317
-21 0.0290367
-18 0.0290371
-15 0.0290364
-12 0.0290335
-9 0.0290205
-6 0.0289849
-3 0.0289396
0 0.0289441
3 0.0289912
6 0.0290234
9 0.0290321
12 0.0290217
15 0.0290319
18 0.0290355
21 0.0290334
24 0.0290289
27 0.0290216
30 0.0290116
33 0.0290008
36 0.0289945
39 0.0289991
42 0.0290136
45 0.0290212
48 0.0290108
51 0.0289494
54 0.0287879
57 0.0286573
60 0.0287894
63 0.0289445
66 0.0290031
69 0.029006
72 0.0289844
75 0.0290003
78 0.0290231
81 0.0290331
84 0.0290361
87 0.0290313
90 0.0290339
