-90 0.0290197
-87 0.0290365
-84 0.0290393
-81 0.0290398
-78 0.0290398
-75 0.0290398
-72 0.0290398
-69 0.0290398
-66 0.0290397
-63 0.0290395
-60 0.0290391
-57 0.0290382
-54 0.029036
-51 0.0290308
-48 0.0290195
-45 0.0289998
-42 0.0289857
-39 0.0289964
-36 0.0290031
-33 0.0289829
-30 0.0289984
-27 0.0290161
-24 0.0290134
-21 0.0289984
-18 0.0289719
-15 0.028968
-12 0.0289961
-9 0.0290144
-6 0.0290251
-3 0.0290312
0 0.0290347
3 0.0290368
6 0.029038
9 0.0290385
12 0.0290384
15 0.0290376
18 0.0290366
21 0.0290354
24 0.0290295
27 0.028989
30 0.0287329
33 0.0272144
36 0.0224945
39 0.0271139
42 0.028715
45 0.028985
48 0.0290208
51 0.0289939
54 0.0290048
57 0.0290215
60 0.0290252
63 0.0290211
66 0.0290304
69 0.0290216
72 0.0289411
75 0.0284927
78 0.02673
81 0.026478
84 0.0283904
87 0.0289217
90 0.0290197
