-90 0.0290205
-87 0.0290292
-84 0.0290348
-81 0.0290377
-78 0.0290384
-75 0.0290382
-72 0.0290358
-69 0.0290335
-66 0.0290372
-63 0.0290379
-60 0.0290377
-57 0.0290375
-54 0.0290371
-51 0.0290365
-48 0.0290353
-45 0.0290328
-42 0.0290298
-39 0.0290273
-36 0.0290275
-33 0.0290289
-30 0.0290292
-27 0.0290277
-24 0.0290239
-21 0.0290171
-18 0.029006
-15 0.0289925
-12 0.0289881
-9 0.0289823
-6 0.0289689
-3 0.0290036
0 0.0290188
3 0.0290228
6 0.0290247
9 0.0290262
12 0.0290276
15 0.0290289
18 0.0290301
21 0.0290302
24 0.029024
27 0.029031
30 0.029033
33 0.0290319
36 0.0290342
39 0.0290359
42 0.0290366
45 0.029037
48 0.0290373
51 0.0290375
54 0.0290374
57 0.0290375
60 0.029038
63 0.029038
66 0.029037
69 0.0290321
72 0.0290148
75 0.0289703
78 0.0289132
81 0.0289154
84 0.0289653
87 0.0290016
90 0.0290205
