-90 0.0288973
-87 0.0289447
-84 0.0289366
-81 0.0289229
-78 0.0289074
-75 0.0288909
-72 0.0288809
-69 0.0288905
-66 0.0289021
-63 0.0289147
-60 0.0289276
-57 0.0289398
-54 0.0289509
-51 0.0289608
-48 0.0289696
-45 0.0289773
-42 0.028984
-39 0.0289899
-36 0.0289949
-33 0.0289989
-30 0.0289988
-27 0.0289618
-24 0.0289122
-21 0.0289668
-18 0.0290087
-15 0.0290153
-12 0.0290173
-9 0.0290186
-6 0.0290198
-3 0.0290207
0 0.0290215
3 0.029022
6 0.0290223
9 0.0290221
12 0.0290216
15 0.0290212
18 0.0290214
21 0.0290219
24 0.0290225
27 0.0290229
30 0.0290229
33 0.0290226
36 0.0290218
39 0.0290187
42 0.0289911
45 0.0290134
48 0.0290183
51 0.0290173
54 0.0290157
57 0.0290138
60 0.0290116
63 0.029009
66 0.0290062
69 0.029003
72 0.0289993
75 0.028995
78 0.02899
81 0.028984
84 0.0289764
87 0.0289527
90 0.0288973
