-90 0.0290381
-87 0.0290381
-84 0.0290345
-81 0.0289978
-78 0.0290322
-75 0.0290374
-72 0.0290359
-69 0.0290305
-66 0.02902
-63 0.0290119
-60 0.0290217
-57 0.0290325
-54 0.0290371
-51 0.0290386
-48 0.0290388
-45 0.029039
-42 0.0290392
-39 0.0290394
-36 0.0290395
-33 0.0290396
-30 0.0290396
-27 0.0290395
-24 0.0290381
-21 0.0290242
-18 0.0290244
-15 0.0290381
-12 0.0290393
-9 0.0290392
-6 0.0290381
-3 0.0290346
0 0.0290233
3 0.0289968
6 0.0289678
9 0.0289714
12 0.028983
15 0.0288577
18 0.0289701
21 0.028999
24 0.0289928
27 0.029003
30 0.0290223
33 0.029034
36 0.0290383
39 0.0290395
42 0.0290397
45 0.0290398
48 0.0290397
51 0.0290396
54 0.0290392
57 0.0290365
60 0.029026
63 0.0290278
66 0.0290364
69 0.0290378
72 0.0290383
75 0.0290382
78 0.029038
81 0.0290379
84 0.0290379
87 0.029038
90 0.0290381
