-90 0.0290385
-87 0.0290387
-84 0.0290386
-81 0.0290373
-78 0.0290208
-75 0.0289977
-72 0.0290057
-69 0.0290208
-66 0.0290184
-63 0.0289675
-60 0.0288539
-57 0.0287905
-54 0.0288873
-51 0.0289848
-48 0.0290233
-45 0.0290323
-42 0.0290275
-39 0.0290329
-36 0.029026
-33 0.0290209
-30 0.029017
-27 0.0290116
-24 0.029014
-21 0.0290199
-18 0.0290221
-15 0.0290214
-12 0.0290179
-9 0.0290127
-6 0.029005
-3 0.028992
0 0.0289652
3 0.0289277
6 0.0289484
9 0.0289735
12 0.0289857
15 0.0289946
18 0.0290015
21 0.0290044
24 0.028989
27 0.0288957
30 0.0285743
33 0.028219
36 0.0285432
39 0.0288907
42 0.029002
45 0.0290272
48 0.0290282
51 0.029032
54 0.0290334
57 0.0290277
60 0.0290122
63 0.0289909
66 0.028987
69 0.0290064
72 0.0290247
75 0.0290271
78 0.0290049
81 0.0290112
84 0.029012
87 0.0290364
90 0.0290385
