-90 0.028979
-87 0.0289776
-84 0.0289724
-81 0.0289584
-78 0.0289262
-75 0.0288827
-72 0.0289371
-69 0.0289553
-66 0.0289202
-63 0.0287162
-60 0.028091
-57 0.0275544
-54 0.0281646
-51 0.0287485
-48 0.0289328
-45 0.0289709
-42 0.0289738
-39 0.0289702
-36 0.0289704
-33 0.0289746
-30 0.028975
-27 0.0289737
-24 0.0289785
-21 0.0289787
-18 0.028977
-15 0.0289626
-12 0.0289052
-9 0.0289606
-6 0.0289603
-3 0.0289413
0 0.0289218
3 0.0289241
6 0.0289393
9 0.0289416
12 0.0289528
15 0.0289566
18 0.0289543
21 0.0289486
24 0.0289324
27 0.0288805
30 0.0287624
33 0.0286803
36 0.0287752
39 0.0288867
42 0.0289329
45 0.0289473
48 0.0289528
51 0.028956
54 0.028958
57 0.0289598
60 0.0289617
63 0.0289639
66 0.0289667
69 0.0289695
72 0.0289719
75 0.0289737
78 0.0289753
81 0.0289767
84 0.028978
87 0.0289788
90 0.028979
