-90 0.0290391
-87 0.0290391
-84 0.0290391
-81 0.029039
-78 0.0290358
-75 0.0290178
-72 0.0290364
-69 0.0290386
-66 0.0290383
-63 0.0290384
-60 0.0290382
-57 0.0290373
-54 0.0290356
-51 0.0290335
-48 0.0290329
-45 0.0290341
-42 0.0290355
-39 0.0290362
-36 0.0290364
-33 0.029036
-30 0.0290353
-27 0.0290343
-24 0.0290331
-21 0.0290315
-18 0.0290295
-15 0.029027
-12 0.0290234
-9 0.0290149
-6 0.028978
-3 0.029004
0 0.0290073
3 0.0290052
6 0.0290044
9 0.0290057
12 0.0290085
15 0.0290129
18 0.0290169
21 0.0290196
24 0.0290161
27 0.0289759
30 0.0287127
33 0.0272153
36 0.0230554
39 0.0271713
42 0.0287095
45 0.0289677
48 0.0290083
51 0.0290269
54 0.0290347
57 0.0290372
60 0.029038
63 0.0290384
66 0.0290386
69 0.0290388
72 0.0290389
75 0.029039
78 0.029039
81 0.029039
84 0.0290391
87 0.0290389
90 0.0290391
