-90 0.0251476
-87 0.0253392
-84 0.028063
-81 0.0288079
-78 0.028943
-75 0.0289669
-72 0.0289719
-69 0.0289736
-66 0.0289748
-63 0.0289758
-60 0.0289766
-57 0.0289773
-54 0.0289779
-51 0.0289783
-48 0.0289787
-45 0.0289788
-42 0.0289789
-39 0.0289787
-36 0.0289784
-33 0.028978
-30 0.0289774
-27 0.0289763
-24 0.0289748
-21 0.0289729
-18 0.0289705
-15 0.0289678
-12 0.0289646
-9 0.0289612
-6 0.0289574
-3 0.0289533
0 0.0289493
3 0.0289461
6 0.028943
9 0.0289392
12 0.0289346
15 0.0289292
18 0.0289228
21 0.0289152
24 0.0289065
27 0.0288967
30 0.0288867
33 0.0288779
36 0.0288712
39 0.028865
42 0.028857
45 0.0288478
48 0.0288412
51 0.0288443
54 0.0288541
57 0.0288652
60 0.0288766
63 0.0288883
66 0.0289002
69 0.0289114
72 0.0289199
75 0.0289173
78 0.0288499
81 0.0283777
84 0.0253256
87 0.0199144
90 0.0251476
