-90 0.0289468
-87 0.0288777
-84 0.0289032
-81 0.0289802
-78 0.0290225
-75 0.0290353
-72 0.0290389
-69 0.0290396
-66 0.0290398
-63 0.0290399
-60 0.0290399
-57 0.0290398
-54 0.0290398
-51 0.0290398
-48 0.0290397
-45 0.0290397
-42 0.0290396
-39 0.0290393
-36 0.0290381
-33 0.0290348
-30 0.0290273
-27 0.0290149
-24 0.0289916
-21 0.028988
-18 0.0290097
-15 0.0290243
-12 0.0290333
-9 0.0290343
-6 0.0290336
-3 0.0290327
0 0.0290323
3 0.0290323
6 0.0290277
9 0.0290128
12 0.0290335
15 0.0290363
18 0.0290367
21 0.0290352
24 0.029024
27 0.0289616
30 0.0286638
33 0.027801
36 0.0276881
39 0.0285414
42 0.0288531
45 0.0289023
48 0.0289851
51 0.0290243
54 0.0290352
57 0.0290381
60 0.029039
63 0.0290393
66 0.0290395
69 0.0290396
72 0.0290397
75 0.0290397
78 0.0290395
81 0.0290381
84 0.0290319
87 0.0290083
90 0.0289468
