-90 0.0290146
-87 0.0290203
-84 0.0290265
-81 0.029031
-78 0.0290334
-75 0.0290344
-72 0.0290347
-69 0.0290349
-66 0.0290351
-63 0.0290345
-60 0.0290321
-57 0.0290317
-54 0.0290343
-51 0.0290347
-48 0.0290343
-45 0.0290341
-42 0.0290343
-39 0.0290347
-36 0.0290344
-33 0.0290305
-30 0.0290321
-27 0.0290309
-24 0.0290234
-21 0.0290121
-18 0.0290072
-15 0.0290153
-12 0.0290265
-9 0.0290328
-6 0.0290352
-3 0.029036
0 0.0290362
3 0.029036
6 0.0290357
9 0.0290356
12 0.029035
15 0.0290322
18 0.0290268
21 0.029027
24 0.0290328
27 0.0290356
30 0.0290337
33 0.0290159
36 0.0289034
39 0.028201
42 0.0241532
45 0.0243509
48 0.0282372
51 0.0289086
54 0.0290172
57 0.0290349
60 0.0290378
63 0.0290382
66 0.029038
69 0.029038
72 0.0290377
75 0.0290369
78 0.0290351
81 0.029029
84 0.0289964
87 0.028997
90 0.0290146
