-90 0.0290065
-87 0.0290032
-84 0.0289494
-81 0.0286379
-78 0.0274063
-75 0.0267368
-72 0.0282654
-69 0.0288128
-66 0.0288138
-63 0.0283258
-60 0.0277252
-57 0.0283126
-54 0.0288492
-51 0.0289968
-48 0.0290268
-45 0.0290325
-42 0.0290338
-39 0.0290344
-36 0.0290349
-33 0.0290354
-30 0.0290358
-27 0.0290362
-24 0.0290365
-21 0.0290368
-18 0.0290371
-15 0.0290373
-12 0.0290375
-9 0.0290377
-6 0.0290378
-3 0.0290379
0 0.0290378
3 0.0290375
6 0.0290378
9 0.0290378
12 0.0290377
15 0.0290375
18 0.0290372
21 0.0290369
24 0.0290365
27 0.029036
30 0.0290355
33 0.029035
36 0.0290344
39 0.0290333
42 0.0290314
45 0.0290283
48 0.0290233
51 0.0290163
54 0.0290072
57 0.0289982
60 0.0289929
63 0.0289924
66 0.0289926
69 0.0289898
72 0.0289827
75 0.0289725
78 0.028966
81 0.0289734
84 0.028987
87 0.0289989
90 0.0290065
