-90 0.0290374
-87 0.0290386
-84 0.0290388
-81 0.0290388
-78 0.0290389
-75 0.029039
-72 0.0290389
-69 0.0290387
-66 0.0290384
-63 0.029038
-60 0.0290372
-57 0.0290341
-54 0.0290223
-51 0.0289878
-48 0.0289302
-45 0.0289013
-42 0.0289578
-39 0.0290122
-36 0.0290304
-33 0.0290351
-30 0.0290359
-27 0.0290357
-24 0.029035
-21 0.0290339
-18 0.0290318
-15 0.0290291
-12 0.0290245
-9 0.0290172
-6 0.0290063
-3 0.0289927
0 0.0289856
3 0.02899
6 0.0289847
9 0.0289571
12 0.028934
15 0.0289447
18 0.0289718
21 0.0289933
24 0.0289872
27 0.0290098
30 0.0290277
33 0.0290351
36 0.0290379
39 0.0290388
42 0.029039
45 0.0290376
48 0.0290285
51 0.0290371
54 0.0290393
57 0.0290394
60 0.0290392
63 0.0290391
66 0.0290387
69 0.0290373
72 0.0290332
75 0.0290243
78 0.0290124
81 0.0290124
84 0.0290243
87 0.0290334
90 0.0290374
