-90 0.0290249
-87 0.0290235
-84 0.0290202
-81 0.029015
-78 0.0290124
-75 0.0290161
-72 0.0290207
-69 0.0290228
-66 0.0290226
-63 0.0290208
-60 0.0290171
-57 0.0290205
-54 0.0290217
-51 0.0290189
-48 0.0290111
-45 0.0289912
-42 0.0289437
-39 0.0288348
-36 0.0287266
-33 0.0288071
-30 0.0289404
-27 0.0289991
-24 0.029015
-21 0.0290184
-18 0.0290191
-15 0.0290193
-12 0.0290195
-9 0.0290196
-6 0.0290199
-3 0.0290201
0 0.0290203
3 0.0290206
6 0.0290209
9 0.0290209
12 0.0290183
15 0.0289733
18 0.0290152
21 0.029021
24 0.0290212
27 0.029021
30 0.0290201
33 0.0290048
36 0.0290125
39 0.0290202
42 0.0290205
45 0.0290205
48 0.0290203
51 0.0290199
54 0.0290205
57 0.0290216
60 0.0290222
63 0.0290218
66 0.0290161
69 0.029021
72 0.0290241
75 0.0290248
78 0.0290252
81 0.0290254
84 0.0290255
87 0.0290254
90 0.0290249
