-90 0.0290159
-87 0.0290211
-84 0.0290252
-81 0.0290283
-78 0.0290306
-75 0.0290323
-72 0.0290335
-69 0.0290338
-66 0.0290313
-63 0.0290242
-60 0.0290282
-57 0.0290346
-54 0.0290365
-51 0.0290371
-48 0.0290373
-45 0.0290374
-42 0.0290375
-39 0.0290375
-36 0.0290374
-33 0.029037
-30 0.0290367
-27 0.0290371
-24 0.0290371
-21 0.0290361
-18 0.0290308
-15 0.0290078
-12 0.0289541
-9 0.0287309
-6 0.0278492
-3 0.0272499
0 0.028369
3 0.0288953
6 0.029011
9 0.0290324
12 0.029036
15 0.0290365
18 0.0290363
21 0.0290346
24 0.0290173
27 0.0290071
30 0.0290146
33 0.0290319
36 0.029033
39 0.029032
42 0.0290305
45 0.0290274
48 0.0290156
51 0.0289502
54 0.0285459
57 0.0259736
60 0.01916
63 0.0274574
66 0.0287572
69 0.0289553
72 0.0289804
75 0.0289812
78 0.0289844
81 0.028992
84 0.0290009
87 0.0290092
90 0.0290159
