-90 0.0290382
-87 0.029037
-84 0.0290335
-81 0.0290216
-78 0.0289907
-75 0.0289502
-72 0.0289507
-69 0.0289902
-66 0.0290175
-63 0.0290237
-60 0.029018
-57 0.0290083
-54 0.0290061
-51 0.0290151
-48 0.0290244
-45 0.0290302
-42 0.0290331
-39 0.0290343
-36 0.0290345
-33 0.0290344
-30 0.0290337
-27 0.0290269
-24 0.0290093
-21 0.0289803
-18 0.0288083
-15 0.0283915
-12 0.0283237
-9 0.0287516
-6 0.0289694
-3 0.0290251
0 0.0290364
3 0.0290337
6 0.0289868
9 0.0290368
12 0.0290352
15 0.0290185
18 0.0289452
21 0.0287178
24 0.0284657
27 0.0286576
30 0.028917
33 0.0290079
36 0.0290149
39 0.0289403
42 0.0285676
45 0.0275843
48 0.027738
51 0.0286617
54 0.028964
57 0.029026
60 0.0290371
63 0.0290392
66 0.0290397
69 0.0290397
72 0.0290398
75 0.0290397
78 0.0290396
81 0.0290394
84 0.0290392
87 0.0290388
90 0.0290382
