-90 0.0289575
-87 0.0288092
-84 0.028648
-81 0.0287546
-78 0.0289232
-75 0.0289676
-72 0.0289567
-69 0.0289978
-66 0.0290145
-63 0.029024
-60 0.029029
-57 0.0290312
-54 0.0290323
-51 0.0290329
-48 0.0290334
-45 0.0290339
-42 0.0290342
-39 0.0290346
-36 0.0290349
-33 0.0290351
-30 0.0290351
-27 0.0290351
-24 0.029035
-21 0.0290355
-18 0.0290355
-15 0.0290354
-12 0.0290353
-9 0.0290351
-6 0.0290348
-3 0.0290344
0 0.0290338
3 0.0290334
6 0.0290328
9 0.0290322
12 0.0290316
15 0.0290312
18 0.0290309
21 0.0290308
24 0.0290308
27 0.0290308
30 0.0290306
33 0.02903
36 0.0290291
39 0.0290273
42 0.0290232
45 0.0290114
48 0.028978
51 0.0289177
54 0.0288894
57 0.0289366
60 0.028988
63 0.0290104
66 0.0290175
69 0.0290199
72 0.0290184
75 0.0289857
78 0.0290198
81 0.0290228
84 0.0290209
87 0.0290089
90 0.0289575
