-90 0.0290398
-87 0.0290394
-84 0.0290394
-81 0.0290392
-78 0.0290375
-75 0.0290327
-72 0.0290298
-69 0.0290358
-66 0.029039
-63 0.0290397
-60 0.0290398
-57 0.0290396
-54 0.0290387
-51 0.0290366
-48 0.0290362
-45 0.0290384
-42 0.0290352
-39 0.0289718
-36 0.0290349
-33 0.0290394
-30 0.0290394
-27 0.0290388
-24 0.0290377
-21 0.0290355
-18 0.0290302
-15 0.0290108
-12 0.0289228
-9 0.0286157
-6 0.0282254
-3 0.0285159
0 0.0288856
3 0.0290065
6 0.0290332
9 0.0290384
12 0.0290394
15 0.0290394
18 0.0290321
21 0.0290066
24 0.0290384
27 0.0290396
30 0.0290384
33 0.0290326
36 0.0290206
39 0.0289881
42 0.0288626
45 0.0286595
48 0.0286962
51 0.0289017
54 0.0290041
57 0.0290321
60 0.029038
63 0.0290392
66 0.0290396
69 0.0290397
72 0.0290387
75 0.0290207
78 0.0290279
81 0.0290393
84 0.0290399
87 0.0290399
90 0.0290398
