-90 0.0289148
-87 0.0285054
-84 0.0277591
-81 0.0281603
-78 0.0287969
-75 0.0289886
-72 0.0290274
-69 0.0290328
-66 0.0290294
-63 0.0290203
-60 0.0290007
-57 0.0289581
-54 0.0289693
-51 0.0290038
-48 0.0290209
-45 0.0290291
-42 0.0290294
-39 0.0290047
-36 0.0288345
-33 0.0277418
-30 0.0208639
-27 0.0254463
-24 0.0284722
-21 0.0289377
-18 0.028978
-15 0.0289812
-12 0.0290235
-9 0.0290352
-6 0.0290385
-3 0.0290394
0 0.0290397
3 0.0290398
6 0.0290397
9 0.0290397
12 0.0290396
15 0.0290395
18 0.0290395
21 0.0290395
24 0.0290393
27 0.0290382
30 0.0290343
33 0.0290288
36 0.0290322
39 0.0290375
42 0.0290394
45 0.0290398
48 0.0290397
51 0.0290391
54 0.0290376
57 0.0290352
60 0.0290334
63 0.0290339
66 0.0290362
69 0.0290382
72 0.0290389
75 0.0290381
78 0.029035
81 0.0290286
84 0.029023
87 0.0290094
90 0.0289148
