-90 0.0290399
-87 0.0290399
-84 0.0290397
-81 0.0290391
-78 0.0290395
-75 0.0290394
-72 0.0290391
-69 0.029037
-66 0.0290135
-63 0.0290171
-60 0.0290371
-57 0.0290385
-54 0.029039
-51 0.0290392
-48 0.0290372
-45 0.029
-42 0.0290255
-39 0.029039
-36 0.0290397
-33 0.0290397
-30 0.0290395
-27 0.0290395
-24 0.0290394
-21 0.029039
-18 0.0290381
-15 0.0290359
-12 0.0290314
-9 0.0290242
-6 0.0290196
-3 0.0290239
0 0.0290253
3 0.0289952
6 0.0288097
9 0.027988
12 0.0267884
15 0.028024
18 0.0288197
21 0.0289969
24 0.0290245
27 0.0290173
30 0.0289859
33 0.0289678
36 0.0290064
39 0.0290144
42 0.0290074
45 0.0290042
48 0.0290151
51 0.0290286
54 0.029036
57 0.0290386
60 0.0290394
63 0.0290396
66 0.0290397
69 0.0290396
72 0.0290394
75 0.0290393
78 0.0290333
81 0.0290252
84 0.0290387
87 0.0290399
90 0.0290399
