-90 0.0290145
-87 0.0290239
-84 0.0290259
-81 0.0290266
-78 0.0290275
-75 0.0290288
-72 0.0290286
-69 0.0289884
-66 0.0290247
-63 0.0290347
-60 0.0290362
-57 0.0290369
-54 0.0290373
-51 0.0290364
-48 0.0290309
-45 0.0290077
-42 0.0289327
-39 0.0288064
-36 0.0287984
-33 0.0289241
-30 0.0290055
-27 0.0290316
-24 0.0290378
-21 0.0290392
-18 0.0290395
-15 0.0290395
-12 0.0290393
-9 0.029039
-6 0.0290393
-3 0.0290392
0 0.0290378
3 0.0290307
6 0.028998
9 0.028999
12 0.0290163
15 0.0289713
18 0.0288227
21 0.0286613
24 0.0287682
27 0.0289428
30 0.0290154
33 0.0290342
36 0.0290383
39 0.029039
42 0.0290388
45 0.0290372
48 0.0290336
51 0.0289856
54 0.0290339
57 0.0290377
60 0.0290374
63 0.0290366
66 0.0290352
69 0.0290314
72 0.0290187
75 0.0289773
78 0.0288887
81 0.0288289
84 0.0288981
87 0.02898
90 0.0290145
