-90 0.0289666
-87 0.0289627
-84 0.0289587
-81 0.0289548
-78 0.0289512
-75 0.0289481
-72 0.0289457
-69 0.0289438
-66 0.0289408
-63 0.028926
-60 0.0288355
-57 0.0282955
-54 0.0255902
-51 0.0247623
-48 0.0280132
-45 0.028762
-42 0.0289146
-39 0.0289486
-36 0.0289573
-33 0.0289607
-30 0.0289631
-27 0.0289652
-24 0.0289674
-21 0.0289696
-18 0.0289718
-15 0.0289738
-12 0.0289752
-9 0.0289743
-6 0.0289724
-3 0.0289789
0 0.0289831
3 0.0289851
6 0.0289866
9 0.028988
12 0.0289892
15 0.0289903
18 0.0289913
21 0.0289921
24 0.0289926
27 0.0289928
30 0.0289921
33 0.0289906
36 0.0289891
39 0.0289891
42 0.0289906
45 0.0289923
48 0.0289932
51 0.0289933
54 0.0289928
57 0.028992
60 0.028991
63 0.0289898
66 0.0289883
69 0.0289866
72 0.0289846
75 0.0289824
78 0.0289798
81 0.0289769
84 0.0289737
87 0.0289703
90 0.0289666
