-90 0.0289934
-87 0.0289618
-84 0.0289621
-81 0.0289959
-78 0.0290236
-75 0.0290334
-72 0.0290356
-69 0.0290351
-66 0.0290248
-63 0.029032
-60 0.0290348
-57 0.0290339
-54 0.0290316
-51 0.0290272
-48 0.02902
-45 0.0290121
-42 0.0290071
-39 0.0290072
-36 0.0290125
-33 0.0290197
-30 0.0290262
-27 0.0290301
-24 0.0290323
-21 0.0290335
-18 0.0290343
-15 0.0290347
-12 0.029035
-9 0.0290346
-6 0.0290274
-3 0.0290046
0 0.0290308
3 0.0290309
6 0.0289959
9 0.0290121
12 0.0290338
15 0.0290363
18 0.0290364
21 0.0290366
24 0.0290352
27 0.0290245
30 0.0289604
33 0.0290194
36 0.0290321
39 0.0290341
42 0.0290352
45 0.0290364
48 0.0290371
51 0.0290374
54 0.0290376
57 0.0290376
60 0.0290373
63 0.0290373
66 0.0290373
69 0.0290365
72 0.0290333
75 0.0290198
78 0.0289878
81 0.0290154
84 0.0290279
87 0.0290201
90 0.0289934
