-90 0.0290369
-87 0.0290196
-84 0.0290354
-81 0.0290373
-78 0.0290359
-75 0.0290336
-72 0.0290307
-69 0.0290285
-66 0.0290283
-63 0.0290297
-60 0.0290303
-57 0.0290265
-54 0.0290214
-51 0.02903
-48 0.0290321
-45 0.0290296
-42 0.0290244
-39 0.0290189
-36 0.0290184
-33 0.0290233
-30 0.0290284
-27 0.0290315
-24 0.029033
-21 0.0290341
-18 0.0290349
-15 0.0290357
-12 0.0290361
-9 0.0290363
-6 0.029037
-3 0.0290377
0 0.029038
3 0.0290376
6 0.0290349
9 0.0290348
12 0.0290366
15 0.0290352
18 0.0290287
21 0.0290145
24 0.0290258
27 0.029036
30 0.0290386
33 0.0290391
36 0.0290386
39 0.0290348
42 0.0290144
45 0.0289408
48 0.0288479
51 0.0287182
54 0.0287964
57 0.0289487
60 0.0290161
63 0.0290345
66 0.0290386
69 0.0290395
72 0.0290396
75 0.0290396
78 0.0290396
81 0.0290395
84 0.0290395
87 0.0290393
90 0.0290369
