-90 0.0290302
-87 0.0290392
-84 0.0290398
-81 0.0290398
-78 0.0290399
-75 0.0290399
-72 0.0290398
-69 0.0290395
-66 0.0290377
-63 0.0290286
-60 0.0289896
-57 0.0288663
-54 0.028692
-51 0.028744
-48 0.0289213
-45 0.0289981
-42 0.0289832
-39 0.0288768
-36 0.028745
-33 0.0288065
-30 0.0289496
-27 0.0290164
-24 0.0290348
-21 0.0290389
-18 0.0290383
-15 0.029035
-12 0.0290391
-9 0.0290396
-6 0.0290389
-3 0.0290365
0 0.0290315
3 0.0290258
6 0.029025
9 0.0290301
12 0.0290353
15 0.029038
18 0.0290388
21 0.0290387
24 0.0290379
27 0.0290363
30 0.0290334
33 0.0290279
36 0.0290177
39 0.028999
42 0.0289676
45 0.0289271
48 0.028947
51 0.0289894
54 0.0290132
57 0.0290254
60 0.0290317
63 0.029035
66 0.0290368
69 0.029038
72 0.0290387
75 0.0290356
78 0.0289886
81 0.0290371
84 0.0290364
87 0.0289984
90 0.0290302
