-90 0.0290269
-87 0.0290291
-84 0.02903
-81 0.029031
-78 0.029032
-75 0.0290329
-72 0.0290336
-69 0.0290342
-66 0.0290334
-63 0.0290051
-60 0.0290268
-57 0.0290355
-54 0.0290361
-51 0.0290363
-48 0.0290363
-45 0.0290363
-42 0.0290362
-39 0.0290362
-36 0.0290362
-33 0.0290362
-30 0.0290364
-27 0.0290365
-24 0.0290359
-21 0.0290311
-18 0.0289973
-15 0.0290011
-12 0.0290314
-9 0.0290356
-6 0.029036
-3 0.0290354
0 0.0290315
3 0.0290164
6 0.0289621
9 0.0290202
12 0.0290021
15 0.0289039
18 0.0286777
21 0.0285907
24 0.028812
27 0.028969
30 0.0290164
33 0.0290255
36 0.0290241
39 0.0290174
42 0.029003
45 0.0289738
48 0.028934
51 0.0289893
54 0.0290106
57 0.0290179
60 0.0290202
63 0.029021
66 0.0290211
69 0.0290202
72 0.0290176
75 0.0290134
78 0.0290115
81 0.0290152
84 0.0290201
87 0.0290189
90 0.0290269
