-90 0.0228626
-87 0.0276412
-84 0.028808
-81 0.0290024
-78 0.0290339
-75 0.029039
-72 0.0290397
-69 0.0290394
-66 0.0290397
-63 0.0290396
-60 0.0290387
-57 0.0290299
-54 0.0290192
-51 0.0290373
-48 0.0290374
-45 0.0290312
-42 0.0290389
-39 0.0290397
-36 0.0290395
-33 0.029039
-30 0.0290378
-27 0.029035
-24 0.0290287
-21 0.0290145
-18 0.0289837
-15 0.0289346
-12 0.0289423
-9 0.0289941
-6 0.0290204
-3 0.0290312
0 0.0290353
3 0.0290367
6 0.0290374
9 0.0290382
12 0.029039
15 0.0290393
18 0.0290387
21 0.0290395
24 0.0290394
27 0.0290373
30 0.0290377
33 0.0290396
36 0.0290399
39 0.0290399
42 0.0290397
45 0.0290397
48 0.029039
51 0.0290345
54 0.0290075
57 0.0288478
60 0.0279927
63 0.0255296
66 0.0271558
69 0.0286607
72 0.0289741
75 0.0290211
78 0.0290203
81 0.0289697
84 0.0286109
87 0.0265344
90 0.0228626
