-90 0.0290207
-87 0.0290067
-84 0.0290019
-81 0.0290207
-78 0.0290323
-75 0.029037
-72 0.0290388
-69 0.0290395
-66 0.0290397
-63 0.029039
-60 0.0290385
-57 0.0290394
-54 0.0290395
-51 0.0290391
-48 0.0290383
-45 0.0290377
-42 0.0290388
-39 0.0290394
-36 0.0290396
-33 0.0290393
-30 0.029038
-27 0.0290342
-24 0.029023
-21 0.0290319
-18 0.0290378
-15 0.0290393
-12 0.0290397
-9 0.0290396
-6 0.029037
-3 0.0290294
0 0.0290342
3 0.0290391
6 0.0290397
9 0.0290391
12 0.0290368
15 0.0290285
18 0.0289988
21 0.0289352
24 0.029007
27 0.0290308
30 0.0290363
33 0.0290351
36 0.0290291
39 0.0290205
42 0.0290201
45 0.029027
48 0.0290343
51 0.0290381
54 0.0290395
57 0.0290398
60 0.0290399
63 0.0290397
66 0.0290398
69 0.0290394
72 0.0290381
75 0.0290351
78 0.029031
81 0.0290297
84 0.0290223
87 0.0290127
90 0.0290207
