-90 0.0290292
-87 0.02903
-84 0.0290305
-81 0.0290316
-78 0.0290324
-75 0.0290327
-72 0.0290267
-69 0.0289827
-66 0.0290288
-63 0.0290294
-60 0.0289985
-57 0.0290073
-54 0.0290333
-51 0.0290362
-48 0.0290367
-45 0.0290369
-42 0.029037
-39 0.0290366
-36 0.0290341
-33 0.0290206
-30 0.0289486
-27 0.0286021
-24 0.0275239
-21 0.026155
-18 0.0184377
-15 0.0260119
-12 0.0285615
-9 0.0289608
-6 0.0290237
-3 0.0290345
0 0.0290365
3 0.0290368
6 0.0290366
9 0.0290364
12 0.0290344
15 0.0290273
18 0.0290281
21 0.0290228
24 0.0290252
27 0.0290321
30 0.02903
33 0.0290291
36 0.0290322
39 0.0290322
42 0.0290315
45 0.0290307
48 0.0290299
51 0.0290288
54 0.0290263
57 0.0290178
60 0.0289864
63 0.0288934
66 0.0287275
69 0.0287792
72 0.0288638
75 0.0289794
78 0.0290136
81 0.0290235
84 0.0290268
87 0.0290282
90 0.0290292
