-90 0.0289895
-87 0.0290058
-84 0.0290252
-81 0.0290336
-78 0.0290356
-75 0.029034
-72 0.0290296
-69 0.029022
-66 0.0290161
-63 0.0290182
-60 0.0290236
-57 0.0290252
-54 0.0290021
-51 0.0288368
-48 0.0278383
-45 0.023588
-42 0.0263054
-39 0.0285548
-36 0.0289547
-33 0.0290175
-30 0.0290292
-27 0.029034
-24 0.0290371
-21 0.029039
-18 0.0290396
-15 0.0290398
-12 0.0290399
-9 0.0290398
-6 0.0290394
-3 0.0290359
0 0.0289875
3 0.0290261
6 0.0290385
9 0.0290392
12 0.0290376
15 0.0290269
18 0.0290271
21 0.0290376
24 0.0290382
27 0.0290357
30 0.0290301
33 0.0290211
36 0.0289938
39 0.0288233
42 0.0277554
45 0.0226925
48 0.0261247
51 0.028547
54 0.0289603
57 0.0290262
60 0.0290312
63 0.0290001
66 0.0290262
69 0.0290375
72 0.0290389
75 0.0290388
78 0.0290382
81 0.0290362
84 0.02903
87 0.0290159
90 0.0289895
