-90 0.0289457
-87 0.0289889
-84 0.0290098
-81 0.0290218
-78 0.0290262
-75 0.0290315
-72 0.029036
-69 0.029038
-66 0.0290387
-63 0.0290387
-60 0.0290386
-57 0.0290384
-54 0.0290382
-51 0.0290382
-48 0.0290382
-45 0.029038
-42 0.0290347
-39 0.0290332
-36 0.029038
-33 0.0290383
-30 0.029038
-27 0.0290368
-24 0.0290233
-21 0.0290015
-18 0.0290322
-15 0.0290315
-12 0.0290291
-9 0.0290266
-6 0.0290247
-3 0.029023
0 0.0290174
3 0.0290216
6 0.029029
9 0.0290319
12 0.0290337
15 0.029035
18 0.029036
21 0.0290366
24 0.0290373
27 0.0290381
30 0.0290388
33 0.0290392
36 0.0290394
39 0.0290395
42 0.0290395
45 0.0290395
48 0.0290394
51 0.0290392
54 0.0290382
57 0.029036
60 0.0290369
63 0.0290361
66 0.0290319
69 0.0290175
72 0.0289689
75 0.0288472
78 0.0287362
81 0.028825
84 0.028951
87 0.0289736
90 0.0289457
