-90 0.0290379
-87 0.0290351
-84 0.0290283
-81 0.0290254
-78 0.029013
-75 0.0290116
-72 0.0290336
-69 0.0290334
-66 0.0290326
-63 0.0290338
-60 0.0290357
-57 0.0290363
-54 0.0290275
-51 0.0290334
-48 0.0290367
-45 0.0290366
-42 0.0290361
-39 0.0290356
-36 0.0290352
-33 0.0290349
-30 0.0290344
-27 0.0290337
-24 0.0290325
-21 0.0290293
-18 0.0290151
-15 0.0289347
-12 0.0284483
-9 0.0255945
-6 0.0228287
-3 0.0278768
0 0.0288358
3 0.0289901
6 0.0290143
9 0.0290181
12 0.0290191
15 0.0290201
18 0.0290214
21 0.0290229
24 0.0290245
27 0.029026
30 0.0290266
33 0.0290278
36 0.0290303
39 0.0290315
42 0.0290318
45 0.0290308
48 0.029028
51 0.0290255
54 0.0290265
57 0.0290302
60 0.0290326
63 0.0290332
66 0.0290357
69 0.0290372
72 0.0290377
75 0.0290379
78 0.029038
81 0.0290381
84 0.0290382
87 0.0290382
90 0.0290379
