-90 0.0290346
-87 0.0290345
-84 0.0290342
-81 0.0290342
-78 0.0290341
-75 0.0290335
-72 0.0290312
-69 0.0290214
-66 0.0289811
-63 0.0288514
-60 0.0286498
-57 0.0286835
-54 0.028876
-51 0.02898
-48 0.0290135
-45 0.0290204
-42 0.0290197
-39 0.0290166
-36 0.0290122
-33 0.0290066
-30 0.0289999
-27 0.028992
-24 0.0289827
-21 0.0289723
-18 0.0289612
-15 0.0289502
-12 0.0289424
-9 0.0289438
-6 0.0289511
-3 0.0289615
0 0.0289724
3 0.0289825
6 0.0289913
9 0.0289986
12 0.0290046
15 0.0290093
18 0.0290135
21 0.0290174
24 0.0290204
27 0.0290228
30 0.0290248
33 0.0290264
36 0.0290279
39 0.0290291
42 0.0290301
45 0.02903
48 0.0290206
51 0.0290102
54 0.0290199
57 0.0290323
60 0.0290333
63 0.0290336
66 0.0290338
69 0.029034
72 0.0290342
75 0.0290343
78 0.0290344
81 0.0290345
84 0.0290346
87 0.0290346
90 0.0290346
