-90 0.0289988
-87 0.0289793
-84 0.0289639
-81 0.0289807
-78 0.029012
-75 0.0290298
-72 0.0290351
-69 0.0290341
-66 0.0290164
-63 0.0289725
-60 0.0290182
-57 0.0289939
-54 0.0290237
-51 0.0290054
-48 0.0290104
-45 0.029028
-42 0.0290323
-39 0.0290288
-36 0.0290178
-33 0.0290048
-30 0.0290044
-27 0.0290173
-24 0.0290288
-21 0.0290341
-18 0.0290358
-15 0.0290363
-12 0.0290363
-9 0.0290365
-6 0.0290368
-3 0.0290368
0 0.0290368
3 0.0290366
6 0.0290355
9 0.0290333
12 0.0290352
15 0.0290367
18 0.0290343
21 0.0290343
24 0.0290376
27 0.0290381
30 0.0290382
33 0.0290384
36 0.0290384
39 0.0290383
42 0.0290361
45 0.0290245
48 0.0290353
51 0.0290347
54 0.0290349
57 0.029038
60 0.0290387
63 0.0290388
66 0.0290388
69 0.0290388
72 0.0290388
75 0.0290388
78 0.0290386
81 0.029038
84 0.0290352
87 0.029024
90 0.0289988
