-90 0.0290373
-87 0.0290367
-84 0.0290357
-81 0.0290342
-78 0.0290322
-75 0.0290296
-72 0.0290259
-69 0.0290206
-66 0.029013
-63 0.0290015
-60 0.0289824
-57 0.0289498
-54 0.0288973
-51 0.0288403
-48 0.0289086
-45 0.0289746
-42 0.0290044
-39 0.0290181
-36 0.0290252
-33 0.0290295
-30 0.0290324
-27 0.0290343
-24 0.0290358
-21 0.0290368
-18 0.0290376
-15 0.0290381
-12 0.0290385
-9 0.0290387
-6 0.0290387
-3 0.0290388
0 0.0290387
3 0.0290381
6 0.0290356
9 0.0290273
12 0.0290202
15 0.0290308
18 0.0290373
21 0.029039
24 0.0290386
27 0.0290211
30 0.0290171
33 0.0290387
36 0.0290397
39 0.0290398
42 0.0290396
45 0.0290385
48 0.0290182
51 0.0290266
54 0.0290384
57 0.0290387
60 0.0290368
63 0.0290275
66 0.0290023
69 0.0290165
72 0.0290305
75 0.0290327
78 0.0290335
81 0.0290353
84 0.0290368
87 0.0290375
90 0.0290373
