-90 0.0290398
-87 0.0290399
-84 0.0290399
-81 0.0290395
-78 0.029033
-75 0.0290032
-72 0.0290369
-69 0.0290393
-66 0.0290392
-63 0.0290386
-60 0.0290371
-57 0.0290333
-54 0.0290251
-51 0.0290111
-48 0.0289948
-45 0.0289772
-42 0.0289595
-39 0.0289678
-36 0.0289895
-33 0.0290118
-30 0.029025
-27 0.0290321
-24 0.0290358
-21 0.0290378
-18 0.0290388
-15 0.0290393
-12 0.0290395
-9 0.0290393
-6 0.0290354
-3 0.0290269
0 0.0290365
3 0.0290356
6 0.0290177
9 0.0290235
12 0.0290373
15 0.0290395
18 0.0290396
21 0.0290393
24 0.0290381
27 0.0290356
30 0.0290319
33 0.0290195
36 0.0289791
39 0.0289157
42 0.0289085
45 0.0289698
48 0.0290163
51 0.0290312
54 0.0290276
57 0.0290081
60 0.0289812
63 0.028979
66 0.0290049
69 0.0290269
72 0.029036
75 0.0290386
78 0.0290383
81 0.0290365
84 0.0290374
87 0.0290393
90 0.0290398
