-90 0.0290365
-87 0.0290371
-84 0.0290365
-81 0.0290352
-78 0.0290373
-75 0.0290384
-72 0.0290384
-69 0.0290363
-66 0.0290235
-63 0.0289422
-60 0.0284288
-57 0.025245
-54 0.0221495
-51 0.0278805
-48 0.0288433
-45 0.0289975
-42 0.0290294
-39 0.029036
-36 0.0290375
-33 0.029038
-30 0.0290383
-27 0.0290386
-24 0.0290387
-21 0.0290389
-18 0.0290389
-15 0.0290389
-12 0.0290386
-9 0.0290379
-6 0.0290362
-3 0.0290345
0 0.0290318
3 0.0290296
6 0.0290307
9 0.0290339
12 0.0290362
15 0.0290364
18 0.0290187
21 0.0290252
24 0.0290342
27 0.0290306
30 0.0290227
33 0.0290129
36 0.0290095
39 0.0290149
42 0.0290209
45 0.029023
48 0.0290223
51 0.0290208
54 0.0290199
57 0.0290195
60 0.0290195
63 0.0290203
66 0.0290225
69 0.0290254
72 0.0290283
75 0.0290306
78 0.0290323
81 0.0290337
84 0.0290349
87 0.0290357
90 0.0290365
