-90 0.0290398
-87 0.0290399
-84 0.02904
-81 0.0290399
-78 0.0290398
-75 0.0290396
-72 0.0290392
-69 0.0290386
-66 0.0290378
-63 0.0290373
-60 0.0290359
-57 0.029025
-54 0.0289574
-51 0.0289624
-48 0.0290239
-45 0.0290352
-42 0.0290365
-39 0.0290362
-36 0.0290312
-33 0.0290212
-30 0.0290325
-27 0.0290383
-24 0.0290388
-21 0.0290392
-18 0.0290397
-15 0.0290398
-12 0.0290399
-9 0.0290399
-6 0.0290398
-3 0.0290398
0 0.0290397
3 0.0290393
6 0.0290376
9 0.029032
12 0.0290313
15 0.0290288
18 0.0290366
21 0.0290379
24 0.0290369
27 0.0290348
30 0.0290307
33 0.029023
36 0.0290105
39 0.0289989
42 0.0290038
45 0.029017
48 0.029026
51 0.0290317
54 0.0290359
57 0.0290376
60 0.0290358
63 0.0290275
66 0.0290307
69 0.0290335
72 0.0290215
75 0.0290093
78 0.0290251
81 0.0290353
84 0.0290385
87 0.0290395
90 0.0290398
