-90 0.0290187
-87 0.0290357
-84 0.0290381
-81 0.0290385
-78 0.0290381
-75 0.0290374
-72 0.029036
-69 0.0290368
-66 0.0290389
-63 0.0290395
-60 0.0290392
-57 0.0290375
-54 0.0290308
-51 0.0290046
-48 0.0289878
-45 0.0290249
-42 0.0290347
-39 0.0290341
-36 0.0290149
-33 0.0289062
-30 0.0283927
-27 0.0271701
-24 0.0277088
-21 0.0287002
-18 0.0289736
-15 0.0290275
-12 0.0290375
-9 0.0290394
-6 0.0290397
-3 0.0290398
0 0.0290397
3 0.0290393
6 0.0290371
9 0.0290292
12 0.0290066
15 0.0289692
18 0.0289552
21 0.0289859
24 0.0290182
27 0.0290303
30 0.0290307
33 0.0290364
36 0.0290392
39 0.0290396
42 0.0290393
45 0.0290355
48 0.0290091
51 0.0290302
54 0.0290342
57 0.0290252
60 0.0290037
63 0.0289815
66 0.0289828
69 0.0290047
72 0.0290225
75 0.029029
78 0.0290185
81 0.0289843
84 0.0290191
87 0.0290051
90 0.0290187
