-90 0.029036
-87 0.0290366
-84 0.0290372
-81 0.0290376
-78 0.0290374
-75 0.0290367
-72 0.0290356
-69 0.0290341
-66 0.0290322
-63 0.02903
-60 0.0290272
-57 0.029024
-54 0.0290203
-51 0.0290144
-48 0.0289948
-45 0.0289033
-42 0.0285571
-39 0.0280259
-36 0.0283458
-33 0.028828
-30 0.0289876
-27 0.0290246
-24 0.0290334
-21 0.0290361
-18 0.0290373
-15 0.029038
-12 0.0290384
-9 0.0290387
-6 0.0290385
-3 0.0290345
0 0.0290209
3 0.029029
6 0.0289699
9 0.0290269
12 0.0290386
15 0.0290396
18 0.0290396
21 0.0290395
24 0.0290385
27 0.0290298
30 0.0290328
33 0.0290371
36 0.0290385
39 0.0290394
42 0.0290396
45 0.0290395
48 0.0290397
51 0.0290398
54 0.0290398
57 0.0290396
60 0.0290392
63 0.029039
66 0.0290394
69 0.0290388
72 0.0290373
75 0.0290383
78 0.0290376
81 0.0290368
84 0.0290366
87 0.0290362
90 0.029036
