-90 0.0290331
-87 0.0290375
-84 0.0290394
-81 0.0290393
-78 0.029039
-75 0.0290385
-72 0.0290377
-69 0.0290363
-66 0.0290339
-63 0.0290292
-60 0.0290196
-57 0.029017
-54 0.0290265
-51 0.0290309
-48 0.0290301
-45 0.0290238
-42 0.0290083
-39 0.0289451
-36 0.028594
-33 0.0271454
-30 0.0264756
-27 0.0282986
-24 0.0288938
-21 0.0290054
-18 0.0290244
-15 0.0290301
-12 0.0290337
-9 0.0290361
-6 0.0290378
-3 0.0290383
0 0.0290342
3 0.0290314
6 0.029038
9 0.0290392
12 0.0290392
15 0.0290389
18 0.0290382
21 0.0290371
24 0.0290347
27 0.0290296
30 0.0290181
33 0.0289924
36 0.0289664
39 0.0290024
42 0.0290222
45 0.0290307
48 0.0290347
51 0.0290369
54 0.0290377
57 0.0290375
60 0.0290385
63 0.0290393
66 0.0290395
69 0.0290396
72 0.0290396
75 0.0290397
78 0.0290397
81 0.0290397
84 0.0290397
87 0.0290389
90 0.0290331
