-90 0.0290314
-87 0.0289956
-84 0.0290219
-81 0.0290368
-78 0.0290381
-75 0.0290323
-72 0.0290015
-69 0.029034
-66 0.029038
-63 0.0290329
-60 0.0290042
-57 0.0288554
-54 0.0282642
-51 0.0274772
-48 0.0282241
-45 0.0288267
-42 0.0289643
-39 0.0289579
-36 0.0289861
-33 0.029017
-30 0.0290302
-27 0.0290357
-24 0.0290381
-21 0.0290391
-18 0.0290395
-15 0.0290397
-12 0.0290398
-9 0.0290398
-6 0.0290394
-3 0.0290398
0 0.0290398
3 0.0290397
6 0.0290398
9 0.0290397
12 0.0290396
15 0.0290394
18 0.0290393
21 0.0290391
24 0.029038
27 0.0289984
30 0.0290325
33 0.0290389
36 0.0290389
39 0.0290389
42 0.0290387
45 0.0290393
48 0.0290395
51 0.0290395
54 0.0290392
57 0.0290382
60 0.0290359
63 0.0290324
66 0.029032
69 0.0290353
72 0.0290379
75 0.0290392
78 0.0290396
81 0.0290398
84 0.0290397
87 0.0290386
90 0.0290314
