-90 0.0290386
-87 0.0290369
-84 0.0290362
-81 0.0290379
-78 0.0290389
-75 0.0290387
-72 0.0290365
-69 0.0290309
-66 0.0290186
-63 0.0289598
-60 0.0287092
-57 0.0281881
-54 0.0282816
-51 0.0287843
-48 0.0289826
-45 0.0290281
-42 0.0290349
-39 0.0290332
-36 0.0290292
-33 0.0289843
-30 0.0287021
-27 0.0269529
-24 0.0201903
-21 0.027003
-18 0.0287063
-15 0.0289766
-12 0.028982
-9 0.0290107
-6 0.0290274
-3 0.0290284
0 0.0290284
3 0.0290251
6 0.0290238
9 0.0290309
12 0.0290327
15 0.0290336
18 0.0290342
21 0.0290326
24 0.0290194
27 0.0289532
30 0.0287079
33 0.0283015
36 0.0284576
39 0.0288443
42 0.0289913
45 0.0290238
48 0.0290277
51 0.0290288
54 0.0290324
57 0.0290359
60 0.029038
63 0.029039
66 0.0290395
69 0.0290396
72 0.0290397
75 0.0290396
78 0.0290394
81 0.0290395
84 0.0290397
87 0.0290395
90 0.0290386
