-90 0.0290234
-87 0.0290236
-84 0.0290231
-81 0.0290223
-78 0.0290212
-75 0.0290196
-72 0.0290181
-69 0.0290168
-66 0.0290149
-63 0.0290115
-60 0.0290038
-57 0.0289849
-54 0.0289507
-51 0.028926
-48 0.028941
-45 0.0289677
-42 0.0289693
-39 0.0289472
-36 0.0289547
-33 0.0289147
-30 0.0288743
-27 0.0288829
-24 0.0289191
-21 0.0289404
-18 0.0289472
-15 0.0289494
-12 0.0289517
-9 0.0289551
-6 0.0289593
-3 0.0289632
0 0.0289653
3 0.0289657
6 0.0289686
9 0.0289769
12 0.0289872
15 0.0289952
18 0.0290006
21 0.0290047
24 0.0290079
27 0.0290107
30 0.0290132
33 0.0290153
36 0.0290172
39 0.0290187
42 0.0290194
45 0.0290178
48 0.0290209
51 0.0290227
54 0.0290226
57 0.0290203
60 0.0290122
63 0.0289865
66 0.0289394
69 0.0289961
72 0.0290126
75 0.0290144
78 0.0290111
81 0.0290123
84 0.029018
87 0.0290219
90 0.0290234
