-90 0.0251047
-87 0.0223999
-84 0.0279239
-81 0.0288567
-78 0.0290078
-75 0.029033
-72 0.0290369
-69 0.0290366
-66 0.029035
-63 0.0290328
-60 0.029031
-57 0.029031
-54 0.0290328
-51 0.0290351
-48 0.0290357
-45 0.029033
-42 0.0290376
-39 0.0290391
-36 0.0290393
-33 0.0290392
-30 0.029039
-27 0.0290384
-24 0.0290371
-21 0.0290345
-18 0.0290291
-15 0.0290183
-12 0.0290021
-9 0.0290054
-6 0.0290209
-3 0.0290301
0 0.0290345
3 0.0290366
6 0.0290376
9 0.0290379
12 0.0290379
15 0.0290377
18 0.0290372
21 0.0290355
24 0.0290333
27 0.0290351
30 0.0290349
33 0.029034
36 0.029033
39 0.0290319
42 0.0290307
45 0.0290296
48 0.0290285
51 0.0290272
54 0.0290222
57 0.0289921
60 0.0288049
63 0.0276935
66 0.0233733
69 0.0265893
72 0.0286011
75 0.0289581
78 0.0289963
81 0.0290017
84 0.0289321
87 0.0284022
90 0.0251047
