-90 0.0290397
-87 0.0290396
-84 0.0290373
-81 0.0290173
-78 0.0290344
-75 0.0290396
-72 0.0290399
-69 0.0290397
-66 0.0290394
-63 0.0290383
-60 0.0290365
-57 0.0290342
-54 0.0290324
-51 0.0290187
-48 0.0290151
-45 0.0290123
-42 0.0290157
-39 0.0290268
-36 0.029035
-33 0.0290385
-30 0.0290396
-27 0.0290399
-24 0.0290399
-21 0.0290397
-18 0.0290396
-15 0.0290396
-12 0.029039
-9 0.029034
-6 0.0290029
-3 0.0288072
0 0.0275734
3 0.0206582
6 0.026035
9 0.0285594
12 0.0289635
15 0.0290275
18 0.0290377
21 0.0290395
24 0.0290396
27 0.029038
30 0.0290313
33 0.0290346
36 0.0290368
39 0.029038
42 0.0290379
45 0.0290361
48 0.0290332
51 0.0290287
54 0.029022
57 0.0290149
60 0.0290122
63 0.0290151
66 0.0290193
69 0.0290214
72 0.0290217
75 0.0290259
78 0.029033
81 0.029037
84 0.0290389
87 0.0290396
90 0.0290397
