-90 0.0290254
-87 0.028998
-84 0.028955
-81 0.0289205
-78 0.0289677
-75 0.0290167
-72 0.0290335
-69 0.0290377
-66 0.0290363
-63 0.0290257
-60 0.0289891
-57 0.0289157
-54 0.0288761
-51 0.0289358
-48 0.0290023
-45 0.0290301
-42 0.0290378
-39 0.0290395
-36 0.0290398
-33 0.0290397
-30 0.0290386
-27 0.0290325
-24 0.0290163
-21 0.029028
-18 0.0290371
-15 0.0290381
-12 0.0290273
-9 0.0289978
-6 0.0290357
-3 0.0290392
0 0.0290395
3 0.0290393
6 0.0290388
9 0.0290373
12 0.0290334
15 0.029023
18 0.0289942
21 0.0289502
24 0.0289899
27 0.0289927
30 0.0289221
33 0.0287728
36 0.028745
39 0.0288951
42 0.0289974
45 0.02903
48 0.0290378
51 0.0290394
54 0.0290398
57 0.0290394
60 0.0290372
63 0.0290365
66 0.029039
69 0.0290395
72 0.0290395
75 0.0290396
78 0.0290396
81 0.0290394
84 0.0290386
87 0.0290355
90 0.0290254
