-90 0.0289591
-87 0.0289596
-84 0.0289592
-81 0.0289577
-78 0.0289597
-75 0.0289601
-72 0.0289601
-69 0.0289601
-66 0.0289601
-63 0.0289597
-60 0.0289555
-57 0.0289186
-54 0.028941
-51 0.0289504
-48 0.0289539
-45 0.0289581
-42 0.0289561
-39 0.0289522
-36 0.0289479
-33 0.0289466
-30 0.0289498
-27 0.0289545
-24 0.0289575
-21 0.028959
-18 0.0289611
-15 0.028962
-12 0.0289624
-9 0.0289626
-6 0.0289628
-3 0.0289629
0 0.028963
3 0.0289631
6 0.028963
9 0.0289621
12 0.0289575
15 0.0289362
18 0.0288586
21 0.0286953
24 0.0286321
27 0.028763
30 0.0288748
33 0.0289154
36 0.0289397
39 0.0289545
42 0.0289601
45 0.0289621
48 0.0289623
51 0.0289622
54 0.0289619
57 0.0289618
60 0.0289618
63 0.0289618
66 0.0289617
69 0.0289616
72 0.0289613
75 0.0289609
78 0.0289607
81 0.02896
84 0.0289592
87 0.0289589
90 0.0289591
