-90 0.0279015
-87 0.0218151
-84 0.0249117
-81 0.028328
-78 0.0289193
-75 0.0290154
-72 0.0290283
-69 0.0290275
-66 0.0290237
-63 0.029018
-60 0.0290101
-57 0.0289993
-54 0.028985
-51 0.0289696
-48 0.0289661
-45 0.0289802
-42 0.0289952
-39 0.0290068
-36 0.0290151
-33 0.0290194
-30 0.0290137
-27 0.0290175
-24 0.0290293
-21 0.029031
-18 0.0290204
-15 0.0290284
-12 0.0290244
-9 0.0290215
-6 0.0290244
-3 0.0290268
0 0.0290174
3 0.0289765
6 0.0289957
9 0.0290252
12 0.0290253
15 0.0290283
18 0.0290247
21 0.0290346
24 0.0290387
27 0.0290391
30 0.0290386
33 0.0290381
36 0.0290378
39 0.0290378
42 0.0290373
45 0.029038
48 0.0290385
51 0.029039
54 0.0290394
57 0.0290395
60 0.0290393
63 0.0290395
66 0.0290395
69 0.0290392
72 0.0290394
75 0.0290392
78 0.0290385
81 0.0290345
84 0.0290105
87 0.02886
90 0.0279015
