-90 0.0289641
-87 0.0289648
-84 0.0289931
-81 0.0290204
-78 0.0290324
-75 0.0290359
-72 0.0290365
-69 0.0290363
-66 0.0290356
-63 0.0290346
-60 0.0290329
-57 0.02903
-54 0.0290249
-51 0.0290155
-48 0.0289988
-45 0.0289823
-42 0.028994
-39 0.0290069
-36 0.0290178
-33 0.0290283
-30 0.0290316
-27 0.0290328
-24 0.0290333
-21 0.0290334
-18 0.0290335
-15 0.0290335
-12 0.0290328
-9 0.029019
-6 0.0290103
-3 0.0290322
0 0.0290301
3 0.0290118
6 0.0290235
9 0.0290334
12 0.0290348
15 0.029035
18 0.029035
21 0.0290346
24 0.0290336
27 0.0290332
30 0.0290346
33 0.0290357
36 0.0290359
39 0.0290347
42 0.0290359
45 0.0290371
48 0.0290373
51 0.0290374
54 0.0290375
57 0.0290376
60 0.0290376
63 0.0290376
66 0.0290371
69 0.0290346
72 0.0290233
75 0.0289837
78 0.0288974
81 0.0288414
84 0.0288986
87 0.0289324
90 0.0289641
