-90 0.0290178
-87 0.0290124
-84 0.0289953
-81 0.0289704
-78 0.0289655
-75 0.0289867
-72 0.0290056
-69 0.0290134
-66 0.0290168
-63 0.0290204
-60 0.0290242
-57 0.0290276
-54 0.02903
-51 0.0290317
-48 0.0290328
-45 0.0290336
-42 0.0290341
-39 0.0290338
-36 0.0290153
-33 0.0290161
-30 0.028991
-27 0.0290335
-24 0.0290369
-21 0.0290374
-18 0.0290377
-15 0.0290379
-12 0.0290381
-9 0.0290381
-6 0.029038
-3 0.0290375
0 0.0290373
3 0.0290376
6 0.0290378
9 0.0290378
12 0.0290376
15 0.0290373
18 0.029037
21 0.0290363
24 0.0290346
27 0.0290304
30 0.0290221
33 0.0290121
36 0.0290101
39 0.0290189
42 0.0290265
45 0.0290292
48 0.0290295
51 0.0290289
54 0.029028
57 0.0290266
60 0.0290249
63 0.0290207
66 0.0289971
69 0.0289983
72 0.029016
75 0.0290158
78 0.0290153
81 0.0290156
84 0.0290167
87 0.0290179
90 0.0290178
