-90 0.0290235
-87 0.029021
-84 0.0290187
-81 0.029027
-78 0.0290241
-75 0.0290191
-72 0.0290148
-69 0.029013
-66 0.0290148
-63 0.0290194
-60 0.0290245
-57 0.0290289
-54 0.0290321
-51 0.0290334
-48 0.0290298
-45 0.029006
-42 0.0288977
-39 0.0285742
-36 0.0283174
-33 0.0286465
-30 0.0289163
-27 0.0289762
-24 0.0290102
-21 0.0290309
-18 0.0290364
-15 0.0290382
-12 0.0290389
-9 0.0290391
-6 0.0290391
-3 0.0290391
0 0.0290389
3 0.0290387
6 0.029038
9 0.029038
12 0.0290387
15 0.0290382
18 0.0290338
21 0.0290165
24 0.0290231
27 0.0290366
30 0.0290394
33 0.0290398
36 0.0290399
39 0.0290397
42 0.0290392
45 0.0290379
48 0.0290353
51 0.0290326
54 0.0290323
57 0.0290346
60 0.0290373
63 0.0290383
66 0.0290373
69 0.0290326
72 0.0290196
75 0.028981
78 0.0288959
81 0.0288424
84 0.0289121
87 0.0289922
90 0.0290235
