-90 0.0290287
-87 0.0290243
-84 0.0290158
-81 0.0290014
-78 0.0289869
-75 0.0289907
-72 0.0290019
-69 0.0290108
-66 0.0290167
-63 0.0290198
-60 0.0290208
-57 0.0290203
-54 0.0290188
-51 0.0290189
-48 0.0290181
-45 0.0290175
-42 0.0290171
-39 0.0290167
-36 0.0290166
-33 0.0290167
-30 0.029017
-27 0.0290175
-24 0.0290183
-21 0.0290192
-18 0.0290206
-15 0.0290218
-12 0.029023
-9 0.029024
-6 0.029025
-3 0.0290256
0 0.0290257
3 0.029025
6 0.029023
9 0.029019
12 0.0290143
15 0.0290158
18 0.0290231
21 0.0290282
24 0.0290297
27 0.0290272
30 0.02902
33 0.0290123
36 0.0290131
39 0.0290215
42 0.0290278
45 0.0290285
48 0.0290307
51 0.0290285
54 0.0290024
57 0.0288445
60 0.0280032
63 0.0256134
66 0.0271758
69 0.0286528
72 0.028967
75 0.0290214
78 0.0290293
81 0.0290317
84 0.029032
87 0.0290309
90 0.0290287
