-90 0.0289795
-87 0.0289849
-84 0.0289899
-81 0.0289945
-78 0.0289985
-75 0.0290022
-72 0.0290054
-69 0.0290082
-66 0.0290106
-63 0.0290127
-60 0.0290142
-57 0.0290145
-54 0.0290108
-51 0.028997
-48 0.0289704
-45 0.0289525
-42 0.0289662
-39 0.0289913
-36 0.0290093
-33 0.0290184
-30 0.0290218
-27 0.0290228
-24 0.0290231
-21 0.0290231
-18 0.0290229
-15 0.0290227
-12 0.0290223
-9 0.0290213
-6 0.0290143
-3 0.0289755
0 0.0289709
3 0.0289617
6 0.0289914
9 0.0290142
12 0.0290145
15 0.0290129
18 0.0290109
21 0.0290087
24 0.0290061
27 0.029003
30 0.0289987
33 0.0289903
36 0.0289653
39 0.02889
42 0.0287521
45 0.0287149
48 0.0288361
51 0.0289238
54 0.0289495
57 0.0289515
60 0.0289478
63 0.0289439
66 0.0289419
69 0.0289423
72 0.0289451
75 0.0289497
78 0.0289553
81 0.0289614
84 0.0289676
87 0.0289737
90 0.0289795
