-90 0.0290137
-87 0.0290158
-84 0.0290154
-81 0.0290171
-78 0.0290211
-75 0.0290259
-72 0.0290301
-69 0.0290331
-66 0.0290352
-63 0.0290366
-60 0.0290375
-57 0.0290382
-54 0.0290388
-51 0.0290392
-48 0.0290394
-45 0.0290394
-42 0.0290395
-39 0.0290395
-36 0.0290392
-33 0.0290355
-30 0.0290351
-27 0.0290318
-24 0.0290054
-21 0.0290371
-18 0.0290395
-15 0.0290377
-12 0.0290235
-9 0.0290306
-6 0.029039
-3 0.0290396
0 0.0290352
3 0.0290027
6 0.0290361
9 0.0290366
12 0.0290348
15 0.0290391
18 0.0290398
21 0.0290399
24 0.0290399
27 0.0290398
30 0.0290397
33 0.0290395
36 0.029039
39 0.029038
42 0.0290357
45 0.0290308
48 0.0290202
51 0.0289999
54 0.0289837
57 0.0290006
60 0.0290114
63 0.02901
66 0.0289996
69 0.0289957
72 0.0289776
75 0.0288822
78 0.0287262
81 0.0287532
84 0.028912
87 0.0289934
90 0.0290137
