-90 0.029022
-87 0.0290207
-84 0.0290171
-81 0.0290142
-78 0.0290151
-75 0.0290187
-72 0.0290219
-69 0.0290235
-66 0.0290241
-63 0.0290242
-60 0.0290239
-57 0.0290235
-54 0.0290233
-51 0.0290227
-48 0.0290203
-45 0.0290187
-42 0.0290206
-39 0.0290187
-36 0.028998
-33 0.0290084
-30 0.0290193
-27 0.0290199
-24 0.0290196
-21 0.0290193
-18 0.0290188
-15 0.0290182
-12 0.0290182
-9 0.0290183
-6 0.0290184
-3 0.0290184
0 0.0290183
3 0.0290177
6 0.0290165
9 0.0290102
12 0.0289833
15 0.0289081
18 0.0288163
21 0.0288457
24 0.0289462
27 0.0290002
30 0.0290167
33 0.0290209
36 0.0290221
39 0.0290227
42 0.0290227
45 0.029012
48 0.0289915
51 0.0290229
54 0.0290244
57 0.0290246
60 0.0290242
63 0.0290213
66 0.0290072
69 0.0289532
72 0.0288169
75 0.0286953
78 0.0287822
81 0.0289249
84 0.0289954
87 0.0290175
90 0.029022
