-90 0.0290184
-87 0.0290227
-84 0.0290273
-81 0.0290305
-78 0.029029
-75 0.0289981
-72 0.0290323
-69 0.029033
-66 0.0290286
-63 0.029021
-60 0.0290163
-57 0.0290205
-54 0.0290288
-51 0.0290345
-48 0.0290365
-45 0.029035
-42 0.0290262
-39 0.0290013
-36 0.0289641
-33 0.0289569
-30 0.028991
-27 0.0290216
-24 0.0290343
-21 0.0290377
-18 0.029037
-15 0.0290361
-12 0.0290263
-9 0.0289619
-6 0.0285728
-3 0.0264879
0 0.0241837
3 0.0278893
6 0.0288343
9 0.0289979
12 0.0290207
15 0.0290302
18 0.0290305
21 0.0290246
24 0.0290129
27 0.0289911
30 0.0289519
33 0.0289675
36 0.0289906
39 0.0289975
42 0.0289989
45 0.029006
48 0.0290152
51 0.02902
54 0.0290197
57 0.0290169
60 0.0290153
63 0.0290161
66 0.0290172
69 0.0290171
72 0.0290077
75 0.0289852
78 0.0290169
81 0.029018
84 0.0290176
87 0.029017
90 0.0290184
