-90 0.0290334
-87 0.0290378
-84 0.0290387
-81 0.0290385
-78 0.0290354
-75 0.0290337
-72 0.0290372
-69 0.0290365
-66 0.0290329
-63 0.0290162
-60 0.0289321
-57 0.0285671
-54 0.0277582
-51 0.0279978
-48 0.028727
-45 0.0289659
-42 0.0290156
-39 0.0290244
-36 0.0290251
-33 0.0290241
-30 0.0290247
-27 0.0290277
-24 0.0290317
-21 0.0290341
-18 0.0290356
-15 0.0290366
-12 0.029037
-9 0.0290369
-6 0.0290374
-3 0.0290384
0 0.0290388
3 0.0290388
6 0.0290377
9 0.0290382
12 0.0290392
15 0.0290395
18 0.0290393
21 0.029038
24 0.0290289
27 0.0289683
30 0.0289187
33 0.0285818
36 0.0276633
39 0.0278072
42 0.0286755
45 0.0289659
48 0.0290263
51 0.0290374
54 0.0290393
57 0.0290396
60 0.0290396
63 0.0290396
66 0.0290391
69 0.029037
72 0.0290276
75 0.0289978
78 0.0289627
81 0.0289198
84 0.0289668
87 0.0290175
90 0.0290334
