-90 0.0290207
-87 0.0290267
-84 0.0290291
-81 0.0290256
-78 0.0290273
-75 0.0290165
-72 0.0289959
-69 0.0290263
-66 0.0290308
-63 0.0290221
-60 0.0289735
-57 0.0287718
-54 0.0283003
-51 0.0281729
-48 0.0285298
-45 0.0288149
-42 0.0289664
-39 0.0290181
-36 0.029031
-33 0.0290335
-30 0.0290338
-27 0.0290335
-24 0.0290331
-21 0.0290325
-18 0.0290309
-15 0.0290274
-12 0.029022
-9 0.0290204
-6 0.0290236
-3 0.0290221
0 0.0290047
3 0.0289466
6 0.0288449
9 0.0288238
12 0.0289183
15 0.0289889
18 0.0290123
21 0.0290167
24 0.0290159
27 0.0290136
30 0.0290106
33 0.0290067
36 0.0290017
39 0.0289964
42 0.0289928
45 0.0289935
48 0.0289979
51 0.0290032
54 0.029006
57 0.0289976
60 0.0289276
63 0.0285142
66 0.026666
69 0.0257972
72 0.028185
75 0.0288738
78 0.0289981
81 0.0290163
84 0.0290148
87 0.0290142
90 0.0290207
