-90 0.0290211
-87 0.0290136
-84 0.0290177
-81 0.0290267
-78 0.0290323
-75 0.0290349
-72 0.0290361
-69 0.0290366
-66 0.0290369
-63 0.029037
-60 0.029037
-57 0.0290368
-54 0.0290365
-51 0.0290358
-48 0.0290335
-45 0.028968
-42 0.0290317
-39 0.0290361
-36 0.0290367
-33 0.0290371
-30 0.0290375
-27 0.0290378
-24 0.0290379
-21 0.0290379
-18 0.0290374
-15 0.0290332
-12 0.0290342
-9 0.0290376
-6 0.0290379
-3 0.0290378
0 0.0290374
3 0.0290361
6 0.0290326
9 0.0290256
12 0.029018
15 0.0290178
18 0.0290252
21 0.0290321
24 0.0290351
27 0.0290348
30 0.0290339
33 0.0290345
36 0.0290338
39 0.0290313
42 0.0290279
45 0.0290256
48 0.0290262
51 0.0290292
54 0.0290324
57 0.0290336
60 0.0290299
63 0.0290048
66 0.0288813
69 0.0284434
72 0.0279508
75 0.028451
78 0.0288824
81 0.0290041
84 0.0290275
87 0.0290281
90 0.0290211
