-90 0.0290325
-87 0.0290343
-84 0.0290358
-81 0.0290371
-78 0.0290379
-75 0.0290374
-72 0.0290164
-69 0.0290214
-66 0.0290388
-63 0.0290396
-60 0.0290397
-57 0.0290396
-54 0.0290393
-51 0.0290381
-48 0.029035
-45 0.0290288
-42 0.0290188
-39 0.028997
-36 0.0290149
-33 0.0290337
-30 0.0290382
-27 0.0290391
-24 0.0290394
-21 0.0290378
-18 0.0290222
-15 0.0290085
-12 0.029036
-9 0.029039
-6 0.0290374
-3 0.0290275
0 0.0290289
3 0.0290375
6 0.0290393
9 0.0290396
12 0.0290396
15 0.0290395
18 0.0290372
21 0.0289943
24 0.0290308
27 0.0290388
30 0.0290361
33 0.0290375
36 0.0290395
39 0.0290396
42 0.0290396
45 0.0290395
48 0.0290395
51 0.0290393
54 0.029039
57 0.0290383
60 0.0290361
63 0.0290245
66 0.0289569
69 0.02857
72 0.026764
75 0.0255661
78 0.0281299
81 0.028872
84 0.0290057
87 0.0290281
90 0.0290325
