-90 0.0290396
-87 0.0290393
-84 0.0290385
-81 0.0290395
-78 0.0290398
-75 0.0290399
-72 0.0290399
-69 0.0290399
-66 0.0290398
-63 0.0290398
-60 0.0290398
-57 0.0290395
-54 0.0290379
-51 0.0290297
-48 0.028988
-45 0.028791
-42 0.0281095
-39 0.0276108
-36 0.0284421
-33 0.0289018
-30 0.0290058
-27 0.0290303
-24 0.0290376
-21 0.0290388
-18 0.0290379
-15 0.0290281
-12 0.0290049
-9 0.0290328
-6 0.0290325
-3 0.0290281
0 0.0290205
3 0.0290071
6 0.0289809
9 0.0289191
12 0.0287631
15 0.0281694
18 0.0275755
21 0.0283515
24 0.0288692
27 0.0290015
30 0.0290295
33 0.029036
36 0.0290379
39 0.0290387
42 0.0290391
45 0.0290393
48 0.0290394
51 0.0290395
54 0.0290396
57 0.0290396
60 0.0290396
63 0.0290396
66 0.0290395
69 0.0290391
72 0.0290376
75 0.0290301
78 0.0289863
81 0.0290072
84 0.0290342
87 0.0290388
90 0.0290396
