-90 0.0290322
-87 0.0290366
-84 0.0290368
-81 0.0290355
-78 0.02903
-75 0.0290025
-72 0.0288725
-69 0.0286203
-66 0.0280277
-63 0.0281568
-60 0.0285744
-57 0.0286526
-54 0.0287583
-51 0.0289168
-48 0.0290009
-45 0.0290215
-42 0.0290247
-39 0.0290243
-36 0.0290233
-33 0.0290216
-30 0.0290206
-27 0.0290218
-24 0.0290226
-21 0.0290236
-18 0.0290247
-15 0.0290257
-12 0.0290259
-9 0.029021
-6 0.0289872
-3 0.0287929
0 0.0278688
3 0.0262395
6 0.0278026
9 0.0287806
12 0.0289903
15 0.0290281
18 0.0290351
21 0.0290366
24 0.0290372
27 0.0290375
30 0.0290378
33 0.029038
36 0.0290381
39 0.0290382
42 0.0290382
45 0.029038
48 0.0290371
51 0.0290343
54 0.0290256
57 0.0289947
60 0.0289569
63 0.0289656
66 0.0289872
69 0.029014
72 0.0290269
75 0.0290333
78 0.0290368
81 0.0290378
84 0.0290377
87 0.0290353
90 0.0290322
