-90 0.0290364
-87 0.0290365
-84 0.0290364
-81 0.0290363
-78 0.0290361
-75 0.0290359
-72 0.0290357
-69 0.0290354
-66 0.0290349
-63 0.0290324
-60 0.0290321
-57 0.0290336
-54 0.0290332
-51 0.0290324
-48 0.0290314
-45 0.0290299
-42 0.029027
-39 0.0290187
-36 0.0289892
-33 0.0288781
-30 0.02854
-27 0.0282582
-24 0.0286069
-21 0.0289075
-18 0.0289982
-15 0.0290171
-12 0.0290209
-9 0.0290215
-6 0.029022
-3 0.0290227
0 0.0290235
3 0.0290238
6 0.0290242
9 0.0290257
12 0.0290274
15 0.0290288
18 0.02903
21 0.0290309
24 0.0290319
27 0.0290327
30 0.0290333
33 0.0290338
36 0.0290343
39 0.0290346
42 0.0290349
45 0.0290348
48 0.0290343
51 0.02903
54 0.0290298
57 0.0290348
60 0.0290362
63 0.0290364
66 0.0290366
69 0.0290367
72 0.0290362
75 0.0290257
78 0.0290174
81 0.0290357
84 0.0290365
87 0.0290363
90 0.0290364
