-90 0.0290287
-87 0.0290255
-84 0.0290215
-81 0.0290206
-78 0.0290228
-75 0.0290253
-72 0.0290267
-69 0.0290268
-66 0.0290261
-63 0.0290252
-60 0.029024
-57 0.0290227
-54 0.0290212
-51 0.0290197
-48 0.0290182
-45 0.0290165
-42 0.0290139
-39 0.0290061
-36 0.0289666
-33 0.0287476
-30 0.027707
-27 0.0259991
-24 0.0277598
-21 0.0286981
-18 0.0289082
-15 0.0289773
-12 0.0290056
-9 0.0290155
-6 0.029019
-3 0.0290206
0 0.0290216
3 0.0290178
6 0.0289775
9 0.0290202
12 0.0290239
15 0.0290242
18 0.0290241
21 0.0290238
24 0.0290226
27 0.0290166
30 0.0289844
33 0.0288239
36 0.0282365
39 0.0276395
42 0.0283623
45 0.0288669
48 0.0289954
51 0.029021
54 0.0290262
57 0.0290276
60 0.0290284
63 0.0290289
66 0.0290292
69 0.0290296
72 0.02903
75 0.0290302
78 0.0290304
81 0.0290305
84 0.0290304
87 0.02903
90 0.0290287
