-90 0.0290394
-87 0.0290396
-84 0.0290387
-81 0.0290342
-78 0.0290151
-75 0.0289571
-72 0.0288642
-69 0.0288566
-66 0.0289478
-63 0.0290108
-60 0.0290305
-57 0.0290302
-54 0.029015
-51 0.0289792
-48 0.0289757
-45 0.0290206
-42 0.0290346
-39 0.0290384
-36 0.0290393
-33 0.0290395
-30 0.0290397
-27 0.0290397
-24 0.0290394
-21 0.0290388
-18 0.0290382
-15 0.0290379
-12 0.0290381
-9 0.0290389
-6 0.0290395
-3 0.0290396
0 0.0290396
3 0.0290395
6 0.0290394
9 0.0290388
12 0.0290331
15 0.0290346
18 0.0290347
21 0.029033
24 0.0290288
27 0.0290152
30 0.0290336
33 0.0290387
36 0.0290392
39 0.0290384
42 0.0290361
45 0.0290301
48 0.0290171
51 0.0290046
54 0.0290102
57 0.0290167
60 0.0290226
63 0.029029
66 0.0290329
69 0.0290374
72 0.0290394
75 0.0290398
78 0.0290398
81 0.0290385
84 0.0290322
87 0.029038
90 0.0290394
