-90 0.0279901
-87 0.0287519
-84 0.0289782
-81 0.0290251
-78 0.0290345
-75 0.0290368
-72 0.0290376
-69 0.0290379
-66 0.0290381
-63 0.0290384
-60 0.0290387
-57 0.029039
-54 0.0290389
-51 0.0290373
-48 0.0290377
-45 0.0290392
-42 0.0290396
-39 0.0290396
-36 0.0290396
-33 0.0290396
-30 0.0290396
-27 0.0290395
-24 0.0290391
-21 0.0290368
-18 0.0290233
-15 0.0289438
-12 0.0285028
-9 0.0267212
-6 0.0263574
-3 0.0283499
0 0.0289059
3 0.0290149
6 0.0290335
9 0.0290361
12 0.0290377
15 0.0290382
18 0.0290382
21 0.0290381
24 0.029038
27 0.029038
30 0.0290379
33 0.0290372
36 0.0290345
39 0.0290086
42 0.0290184
45 0.0290353
48 0.0290363
51 0.0290355
54 0.0290343
57 0.0290326
60 0.02903
63 0.0290265
66 0.029022
69 0.0290165
72 0.0290105
75 0.0290037
78 0.0289851
81 0.0288879
84 0.0284512
87 0.0275538
90 0.0279901
