-90 0.0290142
-87 0.0290105
-84 0.0290056
-81 0.0289996
-78 0.0289921
-75 0.028983
-72 0.0289718
-69 0.0289579
-66 0.0289365
-63 0.0288882
-60 0.0288797
-57 0.0288957
-54 0.0289052
-51 0.0289213
-48 0.0289389
-45 0.028955
-42 0.0289689
-39 0.0289805
-36 0.0289898
-33 0.0289965
-30 0.0289962
-27 0.0289616
-24 0.028726
-21 0.027265
-18 0.0185807
-15 0.0259405
-12 0.0284521
-9 0.0289175
-6 0.0290077
-3 0.0290248
0 0.0290287
3 0.02903
6 0.0290307
9 0.0290313
12 0.0290317
15 0.029032
18 0.0290323
21 0.0290324
24 0.0290317
27 0.029029
30 0.0290301
33 0.0290324
36 0.0290328
39 0.0290329
42 0.0290328
45 0.0290326
48 0.0290324
51 0.0290321
54 0.0290317
57 0.0290308
60 0.0290279
63 0.0290167
66 0.0289743
69 0.0288334
72 0.0285366
75 0.0284868
78 0.0287863
81 0.0289593
84 0.0290071
87 0.0290154
90 0.0290142
