-90 0.0290389
-87 0.0290392
-84 0.0290393
-81 0.0290392
-78 0.0290393
-75 0.0290394
-72 0.0290395
-69 0.0290396
-66 0.0290397
-63 0.0290396
-60 0.0290384
-57 0.0290314
-54 0.0289875
-51 0.0287108
-48 0.0269793
-45 0.0196407
-42 0.0269296
-39 0.0287028
-36 0.0289861
-33 0.0290286
-30 0.0289943
-27 0.0290299
-24 0.0290011
-21 0.0288105
-18 0.0277781
-15 0.0249951
-12 0.0272423
-9 0.0286976
-6 0.028982
-3 0.0290303
0 0.0290383
3 0.0290396
6 0.0290399
9 0.0290397
12 0.0290398
15 0.0290398
18 0.0290396
21 0.0290391
24 0.0290396
27 0.0290396
30 0.0290396
33 0.0290394
36 0.0290389
39 0.0290377
42 0.0290309
45 0.0289889
48 0.0290281
51 0.029031
54 0.0290249
57 0.029014
60 0.0290039
63 0.0290037
66 0.0290096
69 0.0290167
72 0.0290236
75 0.0290292
78 0.0290331
81 0.0290355
84 0.0290374
87 0.0290383
90 0.0290389
