-90 0.0289723
-87 0.0289677
-84 0.0289579
-81 0.0289355
-78 0.0289012
-75 0.0288893
-72 0.0289172
-69 0.0289478
-66 0.0289631
-63 0.0289692
-60 0.0289709
-57 0.0289639
-54 0.0289159
-51 0.0288507
-48 0.0287649
-45 0.0287866
-42 0.0288975
-39 0.0289616
-36 0.0289794
-33 0.0289497
-30 0.0289479
-27 0.0289884
-24 0.0289917
-21 0.028992
-18 0.0289675
-15 0.028982
-12 0.0289951
-9 0.0289948
-6 0.0289935
-3 0.0289924
0 0.02899
3 0.0289749
6 0.0289132
9 0.0287607
12 0.0286255
15 0.0287159
18 0.0288769
21 0.0289463
24 0.028935
27 0.0288611
30 0.0289141
33 0.028965
36 0.0289856
39 0.0289934
42 0.028996
45 0.0289965
48 0.0289962
51 0.0289954
54 0.0289944
57 0.0289933
60 0.0289919
63 0.0289901
66 0.0289878
69 0.0289849
72 0.0289823
75 0.0289809
78 0.02898
81 0.028979
84 0.0289775
87 0.0289753
90 0.0289723
