-90 0.0289541
-87 0.0287753
-84 0.0283402
-81 0.0282457
-78 0.0286923
-75 0.0289232
-72 0.0289744
-69 0.0289686
-66 0.0289554
-63 0.028972
-60 0.0289957
-57 0.028977
-54 0.0288878
-51 0.0287803
-48 0.028833
-45 0.028955
-42 0.0290135
-39 0.0290296
-36 0.0290329
-33 0.0290336
-30 0.0290336
-27 0.0290328
-24 0.0290315
-21 0.0290307
-18 0.0290315
-15 0.0290335
-12 0.0290357
-9 0.0290373
-6 0.0290383
-3 0.0290389
0 0.0290392
3 0.0290393
6 0.0290392
9 0.0290389
12 0.029038
15 0.0290356
18 0.02903
21 0.0290184
24 0.0290079
27 0.0290175
30 0.0290294
33 0.0290349
36 0.0290376
39 0.0290383
42 0.0290386
45 0.0290386
48 0.0290383
51 0.0290379
54 0.0290372
57 0.029036
60 0.0290338
63 0.0290299
66 0.0290233
69 0.0290132
72 0.0290022
75 0.0289971
78 0.0289985
81 0.0290014
84 0.0290032
87 0.0289967
90 0.0289541
