-90 0.0290219
-87 0.0289731
-84 0.0288265
-81 0.0282752
-78 0.0278679
-75 0.0285115
-72 0.0289124
-69 0.0290114
-66 0.029024
-63 0.0290185
-60 0.0290246
-57 0.0290338
-54 0.0290374
-51 0.0290377
-48 0.0290366
-45 0.029036
-42 0.0290367
-39 0.029038
-36 0.029039
-33 0.0290397
-30 0.0290399
-27 0.0290399
-24 0.0290398
-21 0.0290398
-18 0.0290396
-15 0.0290385
-12 0.0290269
-9 0.0290339
-6 0.0290381
-3 0.0290379
0 0.0290374
3 0.0290365
6 0.029035
9 0.0290243
12 0.0289754
15 0.0290323
18 0.0290373
21 0.0290376
24 0.0290379
27 0.0290391
30 0.0290394
33 0.0290393
36 0.0290392
39 0.029039
42 0.029039
45 0.0290388
48 0.0290385
51 0.0290386
54 0.0290386
57 0.0290374
60 0.0290375
63 0.0290386
66 0.0290385
69 0.0290382
72 0.0290381
75 0.0290382
78 0.0290383
81 0.0290388
84 0.029039
87 0.0290373
90 0.0290219
