-90 0.0289608
-87 0.0289674
-84 0.0289719
-81 0.0289748
-78 0.0289767
-75 0.0289778
-72 0.0289782
-69 0.0289783
-66 0.0289781
-63 0.0289772
-60 0.0289747
-57 0.0289686
-54 0.0289555
-51 0.028933
-48 0.0289134
-45 0.0289235
-42 0.0289519
-39 0.0289707
-36 0.0289778
-33 0.0289799
-30 0.0289804
-27 0.0289805
-24 0.0289804
-21 0.0289801
-18 0.0289797
-15 0.0289791
-12 0.028978
-9 0.0289749
-6 0.0289673
-3 0.0289703
0 0.028974
3 0.0289747
6 0.0289743
9 0.0289736
12 0.0289729
15 0.0289722
18 0.0289716
21 0.0289706
24 0.0289667
27 0.0289478
30 0.0288602
33 0.0285563
36 0.0280284
39 0.0271678
42 0.0209656
45 0.0254499
48 0.0284125
51 0.0288844
54 0.028958
57 0.0289678
60 0.0289662
63 0.0289612
66 0.0289536
69 0.028943
72 0.0289285
75 0.0289088
78 0.028902
81 0.0289237
84 0.0289399
87 0.0289518
90 0.0289608
