-90 0.0290306
-87 0.02903
-84 0.0290291
-81 0.0290281
-78 0.029027
-75 0.029026
-72 0.0290251
-69 0.0290247
-66 0.0290248
-63 0.0290252
-60 0.0290257
-57 0.0290279
-54 0.0290303
-51 0.029032
-48 0.0290335
-45 0.0290347
-42 0.0290355
-39 0.0290362
-36 0.0290367
-33 0.0290371
-30 0.0290372
-27 0.0290372
-24 0.0290369
-21 0.0290344
-18 0.0290232
-15 0.0289855
-12 0.0289098
-9 0.0288708
-6 0.0289327
-3 0.0289985
0 0.0290248
3 0.02903
6 0.029028
9 0.0290269
12 0.0290299
15 0.0290331
18 0.0290346
21 0.0290345
24 0.0290334
27 0.0290296
30 0.0290319
33 0.0290326
36 0.029032
39 0.0290304
42 0.0290296
45 0.0290304
48 0.0290295
51 0.0290247
54 0.0289974
57 0.028838
60 0.0279865
63 0.0255447
66 0.0271531
69 0.0286512
72 0.0289653
75 0.0290203
78 0.0290296
81 0.0290311
84 0.0290313
87 0.029031
90 0.0290306
