-90 0.0290355
-87 0.0290379
-84 0.0290389
-81 0.0290393
-78 0.0290392
-75 0.0290342
-72 0.029001
-69 0.0290357
-66 0.0290384
-63 0.0290395
-60 0.0290398
-57 0.0290396
-54 0.0290386
-51 0.0290328
-48 0.0289965
-45 0.0287694
-42 0.0273653
-39 0.0210497
-36 0.0265994
-33 0.028642
-30 0.0289761
-27 0.0290293
-24 0.0290378
-21 0.0290391
-18 0.0290392
-15 0.0290393
-12 0.0290396
-9 0.0290398
-6 0.0290398
-3 0.0290398
0 0.0290398
3 0.0290398
6 0.0290397
9 0.0290394
12 0.0290378
15 0.0290316
18 0.0290236
21 0.0290321
24 0.0290369
27 0.0290385
30 0.0290393
33 0.0290396
36 0.0290396
39 0.0290397
42 0.0290397
45 0.0290396
48 0.0290394
51 0.0290391
54 0.0290386
57 0.0290374
60 0.0290342
63 0.0290211
66 0.0289545
69 0.0285971
72 0.0270439
75 0.0260343
78 0.0281734
81 0.0288689
84 0.0290028
87 0.0290288
90 0.0290355
