-90 0.0290293
-87 0.0290373
-84 0.0290391
-81 0.0290395
-78 0.0290395
-75 0.029036
-72 0.0289947
-69 0.0290361
-66 0.0290396
-63 0.0290397
-60 0.029039
-57 0.0290362
-54 0.029029
-51 0.0290032
-48 0.0288445
-45 0.0280086
-42 0.0258393
-39 0.027349
-36 0.0286917
-33 0.0289792
-30 0.0290295
-27 0.0290376
-24 0.0290388
-21 0.0290376
-18 0.0290348
-15 0.0290304
-12 0.0290284
-9 0.0290293
-6 0.0290228
-3 0.0290056
0 0.0290283
3 0.0290291
6 0.0290364
9 0.0290361
12 0.0290348
15 0.0290308
18 0.0290246
21 0.0290309
24 0.0290353
27 0.0290353
30 0.0290304
33 0.0289961
36 0.0289567
39 0.0290211
42 0.0290231
45 0.0290199
48 0.0290175
51 0.0290173
54 0.0290193
57 0.0290227
60 0.0290261
63 0.0290278
66 0.0290209
69 0.028964
72 0.0286006
75 0.0264375
78 0.0221502
81 0.0275648
84 0.0287851
87 0.0289905
90 0.0290293
