-90 0.0270877
-87 0.0247469
-84 0.0277849
-81 0.0288129
-78 0.0289976
-75 0.0290265
-72 0.0290291
-69 0.0290281
-66 0.0290279
-63 0.0290288
-60 0.0290322
-57 0.029035
-54 0.0290366
-51 0.0290367
-48 0.0290334
-45 0.0290232
-42 0.0290068
-39 0.0289994
-36 0.029011
-33 0.0290262
-30 0.0290335
-27 0.0290339
-24 0.0290273
-21 0.0290342
-18 0.0290387
-15 0.0290396
-12 0.0290398
-9 0.0290399
-6 0.0290399
-3 0.0290398
0 0.0290383
3 0.0290225
6 0.0290229
9 0.0290383
12 0.0290396
15 0.0290386
18 0.0290366
21 0.0290379
24 0.0290387
27 0.0290386
30 0.0290388
33 0.0290392
36 0.0290393
39 0.0290383
42 0.0290357
45 0.0290312
48 0.0290276
51 0.0290291
54 0.0290338
57 0.0290374
60 0.0290386
63 0.0290384
66 0.0290393
69 0.0290396
72 0.0290392
75 0.0290373
78 0.0290303
81 0.0290073
84 0.0289463
87 0.0286587
90 0.0270877
