-90 0.0289826
-87 0.0289851
-84 0.0289856
-81 0.0289845
-78 0.0289823
-75 0.0289792
-72 0.0289756
-69 0.0289719
-66 0.0289684
-63 0.0289654
-60 0.0289627
-57 0.028959
-54 0.0289514
-51 0.0289384
-48 0.0289181
-45 0.0288677
-42 0.0287836
-39 0.0287896
-36 0.0288929
-33 0.0289631
-30 0.0289894
-27 0.0289988
-24 0.0290036
-21 0.0290068
-18 0.0290097
-15 0.0290121
-12 0.0290138
-9 0.0290141
-6 0.029011
-3 0.0290032
0 0.0289961
3 0.0290116
6 0.0290168
9 0.0290183
12 0.0290184
15 0.0290182
18 0.0290179
21 0.0290175
24 0.0290169
27 0.0290162
30 0.0290153
33 0.0290143
36 0.0290131
39 0.0290117
42 0.0290098
45 0.0290077
48 0.0290063
51 0.0290064
54 0.0290068
57 0.029006
60 0.0290033
63 0.0289987
66 0.0289921
69 0.0289835
72 0.0289732
75 0.0289636
78 0.0289599
81 0.0289642
84 0.0289716
87 0.0289781
90 0.0289826
