-90 0.0228608
-87 0.0276407
-84 0.0288076
-81 0.0290022
-78 0.0290337
-75 0.0290383
-72 0.029039
-69 0.0290223
-66 0.0290246
-63 0.0290392
-60 0.0290387
-57 0.0290329
-54 0.0289969
-51 0.02877
-48 0.0273216
-45 0.0184287
-42 0.0263184
-39 0.0285797
-36 0.028941
-33 0.0290236
-30 0.0290344
-27 0.0290343
-24 0.0290318
-21 0.0290274
-18 0.0290205
-15 0.0290097
-12 0.0289951
-9 0.0289784
-6 0.0289786
-3 0.0289953
0 0.0290092
3 0.0290139
6 0.0289855
9 0.0287685
12 0.0273921
15 0.0207004
18 0.0264608
21 0.0285911
24 0.028942
27 0.0290194
30 0.0290354
33 0.0290388
36 0.0290395
39 0.0290397
42 0.0290398
45 0.0290395
48 0.0290387
51 0.0290242
54 0.0290258
57 0.0290386
60 0.0290385
63 0.0290328
66 0.0289973
69 0.0287731
72 0.0273558
75 0.0195755
78 0.0263652
81 0.0285343
84 0.0285324
87 0.026523
90 0.0228608
