-90 0.0290364
-87 0.0290381
-84 0.0290377
-81 0.0290346
-78 0.0290164
-75 0.0289148
-72 0.0284308
-69 0.0272274
-66 0.0276779
-63 0.0286879
-60 0.0289726
-57 0.0290279
-54 0.0290376
-51 0.0290391
-48 0.0290394
-45 0.0290397
-42 0.0290398
-39 0.0290397
-36 0.0290391
-33 0.0290378
-30 0.029036
-27 0.0290363
-24 0.0290378
-21 0.029038
-18 0.029035
-15 0.0290277
-12 0.0290139
-9 0.028999
-6 0.0290008
-3 0.0290154
0 0.029023
3 0.029017
6 0.0289979
9 0.0289883
12 0.0290031
15 0.0289442
18 0.0290063
21 0.0290347
24 0.0290377
27 0.0290363
30 0.0290294
33 0.0290141
36 0.0289986
39 0.0290009
42 0.0290107
45 0.0289859
48 0.028922
51 0.0287837
54 0.0287755
57 0.0289151
60 0.0290032
63 0.029031
66 0.0290379
69 0.0290394
72 0.0290398
75 0.0290398
78 0.0290395
81 0.029038
84 0.029034
87 0.0290326
90 0.0290364
