-90 0.0277211
-87 0.0287301
-84 0.0289109
-81 0.0289406
-78 0.0289773
-75 0.0290048
-72 0.0290186
-69 0.0290259
-66 0.0290221
-63 0.0289876
-60 0.0290334
-57 0.029036
-54 0.0290364
-51 0.029036
-48 0.0290314
-45 0.0290026
-42 0.0289062
-39 0.028412
-36 0.0263045
-33 0.0261598
-30 0.028367
-27 0.0289191
-24 0.0290178
-21 0.0290345
-18 0.0290376
-15 0.0290384
-12 0.0290389
-9 0.0290392
-6 0.0290394
-3 0.0290396
0 0.0290397
3 0.0290398
6 0.0290398
9 0.0290398
12 0.0290398
15 0.0290398
18 0.0290395
21 0.0290384
24 0.0290354
27 0.0290339
30 0.0290368
33 0.0290384
36 0.0290368
39 0.0290287
42 0.0290125
45 0.0290226
48 0.029032
51 0.0290304
54 0.0290252
57 0.0290242
60 0.0290292
63 0.0290346
66 0.0290372
69 0.0290376
72 0.029036
75 0.0290288
78 0.0289908
81 0.028782
84 0.0277767
87 0.0259589
90 0.0277211
