-90 0.0290357
-87 0.0290311
-84 0.0290148
-81 0.0289901
-78 0.0290138
-75 0.0290308
-72 0.0290366
-69 0.0290379
-66 0.0290358
-63 0.0290249
-60 0.0289859
-57 0.0288867
-54 0.0288601
-51 0.0289356
-48 0.0290025
-45 0.0290299
-42 0.0290375
-39 0.0290392
-36 0.0290394
-33 0.0290392
-30 0.0290389
-27 0.0290384
-24 0.0290378
-21 0.0290374
-18 0.0290367
-15 0.0290364
-12 0.0290269
-9 0.0289997
-6 0.029036
-3 0.0290395
0 0.0290399
3 0.0290398
6 0.0290395
9 0.0290392
12 0.0290378
15 0.0290172
18 0.0290034
21 0.0290356
24 0.029033
27 0.0290093
30 0.0289259
33 0.0287664
36 0.0287359
39 0.028891
42 0.0289945
45 0.0290273
48 0.0290343
51 0.0290361
54 0.0290375
57 0.0290381
60 0.0290385
63 0.0290394
66 0.0290398
69 0.0290398
72 0.0290398
75 0.0290394
78 0.0290389
81 0.0290386
84 0.0290384
87 0.0290365
90 0.0290357
