-90 0.0290235
-87 0.0290254
-84 0.0290089
-81 0.0289054
-78 0.0284403
-75 0.0274101
-72 0.0278282
-69 0.0286966
-66 0.0289641
-63 0.0290227
-60 0.0290345
-57 0.0290368
-54 0.0290372
-51 0.0290373
-48 0.0290372
-45 0.0290371
-42 0.0290373
-39 0.0290374
-36 0.0290374
-33 0.0290374
-30 0.0290372
-27 0.0290369
-24 0.029036
-21 0.0290345
-18 0.029033
-15 0.029033
-12 0.0290346
-9 0.029036
-6 0.0290362
-3 0.0290297
0 0.0290189
3 0.029035
6 0.029037
9 0.0290369
12 0.0290329
15 0.028965
18 0.0290282
21 0.0290365
24 0.029037
27 0.029037
30 0.029037
33 0.0290367
36 0.0290352
39 0.029035
42 0.0290365
45 0.0290345
48 0.0290239
51 0.0290356
54 0.0290369
57 0.0290368
60 0.0290369
63 0.0290369
66 0.0290367
69 0.0290363
72 0.0290351
75 0.0290325
78 0.0290288
81 0.029024
84 0.029019
87 0.0290188
90 0.0290235
