-90 0.0289473
-87 0.0285178
-84 0.0262996
-81 0.0246197
-78 0.0280202
-75 0.0288574
-72 0.0289981
-69 0.0290105
-66 0.0289634
-63 0.0287712
-60 0.028414
-57 0.0284754
-54 0.0288325
-51 0.0289843
-48 0.0290222
-45 0.0290302
-42 0.0290315
-39 0.0290323
-36 0.0290336
-33 0.0290342
-30 0.0290345
-27 0.0290345
-24 0.0290339
-21 0.0290327
-18 0.0290299
-15 0.0290239
-12 0.0290117
-9 0.0290033
-6 0.0289802
-3 0.0288618
0 0.0286385
3 0.0286472
6 0.0288729
9 0.0289921
12 0.0290232
15 0.0290269
18 0.0290245
21 0.0290222
24 0.0290204
27 0.029015
30 0.0289996
33 0.0289663
36 0.0289747
39 0.0290059
42 0.0290216
45 0.0290283
48 0.0290243
51 0.0290035
54 0.0288833
57 0.0281058
60 0.0233963
63 0.0243344
66 0.0282742
69 0.0289156
72 0.0290169
75 0.0290321
78 0.0290223
81 0.029015
84 0.0290315
87 0.02902
90 0.0289473
