-90 0.0290392
-87 0.0290388
-84 0.0290388
-81 0.029039
-78 0.029039
-75 0.0290388
-72 0.0290384
-69 0.0290375
-66 0.0290355
-63 0.0290312
-60 0.0290256
-57 0.0290221
-54 0.0290232
-51 0.0290254
-48 0.0290245
-45 0.029019
-42 0.0290081
-39 0.0289888
-36 0.0289568
-33 0.0289547
-30 0.0289861
-27 0.0290048
-24 0.0290153
-21 0.0290222
-18 0.029027
-15 0.0290305
-12 0.0290323
-9 0.0290304
-6 0.0290118
-3 0.0289224
0 0.0286228
3 0.0282662
6 0.0285506
9 0.0288939
12 0.0290046
15 0.0290278
18 0.0290257
21 0.0290322
24 0.0290329
27 0.028953
30 0.0290286
33 0.0290256
36 0.0290136
39 0.0289887
42 0.0289395
45 0.0288409
48 0.0285793
51 0.0283789
54 0.0286607
57 0.0288602
60 0.0288323
63 0.0288084
66 0.0289101
69 0.0289965
72 0.029028
75 0.0290364
78 0.0290386
81 0.0290392
84 0.0290394
87 0.0290394
90 0.0290392
