-90 0.0290277
-87 0.0290347
-84 0.029038
-81 0.0290389
-78 0.0290393
-75 0.0290393
-72 0.0290383
-69 0.0290328
-66 0.0290199
-63 0.0290193
-60 0.0290345
-57 0.0290308
-54 0.0290218
-51 0.0290068
-48 0.0289975
-45 0.0290052
-42 0.0290089
-39 0.0290007
-36 0.0289887
-33 0.0289907
-30 0.0290085
-27 0.0290271
-24 0.0290345
-21 0.0290365
-18 0.029037
-15 0.0290372
-12 0.0290373
-9 0.0290372
-6 0.0290333
-3 0.0289993
0 0.0290347
3 0.0290377
6 0.0290339
9 0.0289769
12 0.0290239
15 0.0290352
18 0.0290335
21 0.0290193
24 0.0289814
27 0.0289341
30 0.0289404
33 0.0289901
36 0.0290236
39 0.0290353
42 0.0290374
45 0.0290343
48 0.0290238
51 0.0290059
54 0.0289962
57 0.0290065
60 0.0290189
63 0.0290241
66 0.0290321
69 0.0290041
72 0.0290314
75 0.0290336
78 0.0290304
81 0.0290265
84 0.0290204
87 0.0290204
90 0.0290277
