-90 0.0290187
-87 0.0290187
-84 0.0290198
-81 0.0290212
-78 0.0290235
-75 0.0290266
-72 0.0290296
-69 0.0290321
-66 0.0290338
-63 0.0290347
-60 0.0290354
-57 0.0290345
-54 0.0290247
-51 0.0289816
-48 0.0288525
-45 0.0286932
-42 0.0287685
-39 0.0289377
-36 0.0290134
-33 0.029033
-30 0.0290365
-27 0.0290331
-24 0.0290218
-21 0.0290155
-18 0.0290285
-15 0.0290363
-12 0.0290387
-9 0.0290392
-6 0.0290391
-3 0.0290388
0 0.0290371
3 0.029038
6 0.0290381
9 0.0290196
12 0.0290043
15 0.0290319
18 0.0290174
21 0.0290358
24 0.0290392
27 0.0290392
30 0.0290373
33 0.0290278
36 0.0289855
39 0.0287979
42 0.0275963
45 0.0199202
48 0.0257773
51 0.028528
54 0.0289579
57 0.0290249
60 0.0290351
63 0.0290365
66 0.0290361
69 0.029035
72 0.0290336
75 0.029032
78 0.0290299
81 0.0290275
84 0.0290249
87 0.0290219
90 0.0290187
