-90 0.0290249
-87 0.0290248
-84 0.0290245
-81 0.0290241
-78 0.0290237
-75 0.0290235
-72 0.0290233
-69 0.0290233
-66 0.0290229
-63 0.0290197
-60 0.0290025
-57 0.0289282
-54 0.0287423
-51 0.0286159
-48 0.0284514
-45 0.0271754
-42 0.0256119
-39 0.0279521
-36 0.0288111
-33 0.0289897
-30 0.0290241
-27 0.0290307
-24 0.0290323
-21 0.029033
-18 0.0290335
-15 0.0290339
-12 0.0290342
-9 0.0290345
-6 0.0290348
-3 0.029035
0 0.0290352
3 0.0290354
6 0.0290355
9 0.0290356
12 0.0290356
15 0.0290357
18 0.0290358
21 0.0290356
24 0.0290354
27 0.0290338
30 0.0290339
33 0.0290355
36 0.0290356
39 0.0290354
42 0.0290352
45 0.0290348
48 0.0290344
51 0.0290337
54 0.0290327
57 0.029031
60 0.0290292
63 0.0290269
66 0.0290239
69 0.0290207
72 0.0290188
75 0.0290191
78 0.0290208
81 0.0290226
84 0.0290239
87 0.0290246
90 0.0290249
