-90 0.0282526
-87 0.0253078
-84 0.0257758
-81 0.028387
-78 0.0289294
-75 0.02902
-72 0.0290282
-69 0.0290055
-66 0.0290271
-63 0.0290335
-60 0.0290329
-57 0.0290249
-54 0.0290021
-51 0.028973
-48 0.0289738
-45 0.0290028
-42 0.0290253
-39 0.0290328
-36 0.0290327
-33 0.02903
-30 0.0290282
-27 0.0290296
-24 0.0290317
-21 0.0290333
-18 0.029034
-15 0.0290333
-12 0.0290354
-9 0.0290374
-6 0.0290384
-3 0.0290389
0 0.0290373
3 0.0290176
6 0.0290223
9 0.029037
12 0.0290379
15 0.0290319
18 0.0290115
21 0.0290273
24 0.0290371
27 0.0290392
30 0.0290394
33 0.0290395
36 0.0290396
39 0.0290388
42 0.0290365
45 0.0290389
48 0.0290395
51 0.0290376
54 0.0289992
57 0.0290278
60 0.0290385
63 0.0290386
66 0.0290382
69 0.0290378
72 0.0290378
75 0.0290381
78 0.0290381
81 0.0290354
84 0.0290174
87 0.0289061
90 0.0282526
