-90 0.0290388
-87 0.0290392
-84 0.0290393
-81 0.0290392
-78 0.0290391
-75 0.0290389
-72 0.0290387
-69 0.0290384
-66 0.0290381
-63 0.0290378
-60 0.0290374
-57 0.029037
-54 0.0290364
-51 0.0290351
-48 0.02903
-45 0.0290076
-42 0.0289147
-39 0.0285903
-36 0.0279687
-33 0.0281214
-30 0.0287333
-27 0.028969
-24 0.0290239
-21 0.029035
-18 0.0290374
-15 0.0290381
-12 0.0290385
-9 0.0290387
-6 0.029039
-3 0.0290392
0 0.0290393
3 0.0290394
6 0.0290393
9 0.0290387
12 0.0290368
15 0.0290327
18 0.0290269
21 0.0290225
24 0.0290293
27 0.0290349
30 0.0290381
33 0.0290393
36 0.0290397
39 0.0290398
42 0.0290398
45 0.0290398
48 0.0290384
51 0.029025
54 0.0290327
57 0.0290306
60 0.0290311
63 0.0290391
66 0.0290398
69 0.0290398
72 0.0290397
75 0.0290395
78 0.0290389
81 0.0290354
84 0.0289967
87 0.0290355
90 0.0290388
