-90 0.0282533
-87 0.0289053
-84 0.029008
-81 0.0290248
-78 0.029036
-75 0.0290372
-72 0.0290383
-69 0.0290387
-66 0.029038
-63 0.0290365
-60 0.0290342
-57 0.0290308
-54 0.0290267
-51 0.0290234
-48 0.029023
-45 0.0290251
-42 0.0290279
-39 0.0290303
-36 0.0290321
-33 0.0290338
-30 0.0290352
-27 0.0290364
-24 0.0290372
-21 0.0290374
-18 0.0290375
-15 0.029038
-12 0.0290383
-9 0.0290375
-6 0.0290281
-3 0.0290257
0 0.0290376
3 0.0290387
6 0.0290392
9 0.0290397
12 0.0290399
15 0.0290398
18 0.0290396
21 0.0290395
24 0.0290394
27 0.0290374
30 0.0290346
33 0.0290381
36 0.0290392
39 0.0290375
42 0.0290374
45 0.029039
48 0.0290392
51 0.029039
54 0.029039
57 0.0290393
60 0.0290395
63 0.0290396
66 0.0290396
69 0.0290392
72 0.0290366
75 0.0290212
78 0.0289277
81 0.0283726
84 0.02567
87 0.0252425
90 0.0282533
