-90 0.0290271
-87 0.0290277
-84 0.029028
-81 0.029028
-78 0.0290279
-75 0.0290277
-72 0.0290273
-69 0.0290267
-66 0.0290257
-63 0.0290237
-60 0.0290181
-57 0.0290009
-54 0.0289597
-51 0.0289108
-48 0.0289143
-45 0.0289578
-42 0.0289871
-39 0.0289988
-36 0.0290028
-33 0.0290032
-30 0.0290021
-27 0.0290008
-24 0.0289996
-21 0.0289988
-18 0.0289978
-15 0.0289977
-12 0.028998
-9 0.0289966
-6 0.0289931
-3 0.0289835
0 0.0289508
3 0.028821
6 0.0284035
9 0.027907
12 0.0277874
15 0.0262691
18 0.0254654
21 0.0281268
24 0.0288482
27 0.0289798
30 0.0290035
33 0.0290084
36 0.0290096
39 0.02901
42 0.0290101
45 0.0290105
48 0.0290111
51 0.0290119
54 0.0290128
57 0.0290138
60 0.0290144
63 0.0290135
66 0.0290103
69 0.029004
72 0.0289942
75 0.0289877
78 0.0289947
81 0.0290096
84 0.0290205
87 0.0290253
90 0.0290271
