-90 0.0286303
-87 0.0287721
-84 0.0289365
-81 0.0289987
-78 0.0290146
-75 0.0290183
-72 0.02902
-69 0.0290216
-66 0.029023
-63 0.0290241
-60 0.0290248
-57 0.0290253
-54 0.0290257
-51 0.0290262
-48 0.0290265
-45 0.0290267
-42 0.0290268
-39 0.0290266
-36 0.0290186
-33 0.0289762
-30 0.0290246
-27 0.029026
-24 0.0290191
-21 0.0289892
-18 0.0290231
-15 0.0290246
-12 0.029024
-9 0.0290232
-6 0.029022
-3 0.0290188
0 0.0290138
3 0.0290157
6 0.029017
9 0.0290151
12 0.0290088
15 0.0290093
18 0.0290096
21 0.0290072
24 0.0290037
27 0.0289987
30 0.0289919
33 0.0289853
36 0.0289824
39 0.0289827
42 0.0289825
45 0.0289807
48 0.0289776
51 0.0289734
54 0.0289665
57 0.0289525
60 0.0289219
63 0.0288742
66 0.0288931
69 0.0289363
72 0.0289665
75 0.0289841
78 0.0289916
81 0.0289827
84 0.0289244
87 0.0287624
90 0.0286303
