-90 0.0290161
-87 0.0290181
-84 0.0290157
-81 0.0289985
-78 0.0289148
-75 0.0286164
-72 0.0281996
-69 0.0284555
-66 0.0288404
-63 0.0289096
-60 0.0286887
-57 0.0273448
-54 0.0253026
-51 0.0277578
-48 0.0287892
-45 0.0289859
-42 0.0290193
-39 0.0290248
-36 0.0290249
-33 0.0290217
-30 0.0290244
-27 0.0290248
-24 0.0290232
-21 0.0290168
-18 0.0289942
-15 0.0289379
-12 0.0288771
-9 0.0288969
-6 0.0289419
-3 0.0289228
0 0.0289999
3 0.0290145
6 0.0290148
9 0.0290131
12 0.029011
15 0.0290087
18 0.0290064
21 0.0290043
24 0.0290023
27 0.0290004
30 0.0289985
33 0.0289963
36 0.028992
39 0.0289713
42 0.028853
45 0.0282604
48 0.0266803
51 0.0273958
54 0.0286215
57 0.0289319
60 0.0289908
63 0.0290023
66 0.0290057
69 0.0290076
72 0.0290091
75 0.0290109
78 0.0290123
81 0.0290138
84 0.0290143
87 0.0290121
90 0.0290161
