-90 0.0290158
-87 0.0289356
-84 0.0288251
-81 0.0287835
-78 0.0288879
-75 0.0289891
-72 0.0290268
-69 0.0290359
-66 0.0290371
-63 0.0290369
-60 0.0290374
-57 0.0290383
-54 0.029039
-51 0.0290382
-48 0.0290317
-45 0.0290368
-42 0.0290395
-39 0.0290396
-36 0.0290395
-33 0.0290395
-30 0.0290396
-27 0.0290396
-24 0.0290392
-21 0.0290372
-18 0.0290299
-15 0.0290097
-12 0.0290107
-9 0.0290301
-6 0.0290373
-3 0.0290392
0 0.0290397
3 0.0290398
6 0.0290398
9 0.0290398
12 0.0290398
15 0.0290398
18 0.0290398
21 0.0290398
24 0.0290396
27 0.0290392
30 0.0290382
33 0.0290356
36 0.0290311
39 0.0290292
42 0.029027
45 0.0290077
48 0.0289099
51 0.0286058
54 0.0283355
57 0.0286402
60 0.0289234
63 0.0290081
66 0.0290186
69 0.0290031
72 0.0289745
75 0.0289937
78 0.0290177
81 0.0290294
84 0.0290341
87 0.0290327
90 0.0290158
