-90 0.02902
-87 0.0290294
-84 0.0290325
-81 0.0290306
-78 0.02902
-75 0.0290313
-72 0.0290343
-69 0.0290345
-66 0.0290342
-63 0.0290335
-60 0.0290333
-57 0.0290338
-54 0.0290342
-51 0.0290336
-48 0.0290319
-45 0.0290301
-42 0.0290292
-39 0.0290288
-36 0.0290269
-33 0.0290214
-30 0.0290098
-27 0.0289889
-24 0.028965
-21 0.028985
-18 0.0289965
-15 0.0289504
-12 0.0289504
-9 0.0289367
-6 0.0287443
-3 0.0285435
0 0.0287164
3 0.0289358
6 0.0290157
9 0.0290348
12 0.0290388
15 0.0290396
18 0.0290396
21 0.0290395
24 0.0290391
27 0.0290385
30 0.0290383
33 0.0290385
36 0.0290383
39 0.0290357
42 0.0290351
45 0.0290386
48 0.0290395
51 0.0290396
54 0.0290395
57 0.0290394
60 0.0290393
63 0.0290392
66 0.0290391
69 0.0290386
72 0.0290377
75 0.029036
78 0.0290308
81 0.0290204
84 0.0290095
87 0.0290089
90 0.02902
