-90 0.0290224
-87 0.0290222
-84 0.029021
-81 0.0290105
-78 0.0290243
-75 0.0290317
-72 0.0290344
-69 0.0290359
-66 0.0290369
-63 0.0290377
-60 0.0290381
-57 0.0290384
-54 0.0290385
-51 0.0290385
-48 0.0290384
-45 0.0290381
-42 0.0290371
-39 0.0290272
-36 0.0289582
-33 0.0290292
-30 0.0290322
-27 0.0290268
-24 0.0290354
-21 0.0290375
-18 0.0290365
-15 0.0290318
-12 0.0290366
-9 0.0290384
-6 0.0290386
-3 0.0290384
0 0.0290383
3 0.0290386
6 0.0290385
9 0.0290381
12 0.0290375
15 0.0290364
18 0.0290346
21 0.0290315
24 0.0290257
27 0.0290148
30 0.0289947
33 0.0289674
36 0.0289721
39 0.0289937
42 0.029002
45 0.0289905
48 0.0289651
51 0.0289615
54 0.028991
57 0.029018
60 0.0290298
63 0.0290337
66 0.029035
69 0.0290353
72 0.0290349
75 0.0290337
78 0.0290317
81 0.0290292
84 0.0290265
87 0.029024
90 0.0290224
