-90 0.0289753
-87 0.0290149
-84 0.0290326
-81 0.0290372
-78 0.029036
-75 0.0290279
-72 0.0289686
-69 0.028604
-66 0.0265573
-63 0.0234538
-60 0.0277328
-57 0.0288204
-54 0.0290033
-51 0.0290218
-48 0.0289972
-45 0.0290358
-42 0.0290393
-39 0.0290391
-36 0.0290389
-33 0.029038
-30 0.0290362
-27 0.0290323
-24 0.0290227
-21 0.0289984
-18 0.0289575
-15 0.0290013
-12 0.0290177
-9 0.0290115
-6 0.0289919
-3 0.0289859
0 0.0290056
3 0.029026
6 0.0290356
9 0.0290386
12 0.0290394
15 0.0290396
18 0.0290398
21 0.0290397
24 0.0290383
27 0.0290352
30 0.0290381
33 0.0290395
36 0.0290399
39 0.0290398
42 0.0290395
45 0.0290376
48 0.02903
51 0.0290047
54 0.0289523
57 0.0289173
60 0.0289543
63 0.029006
66 0.0290304
69 0.0290376
72 0.0290389
75 0.0290373
78 0.0290292
81 0.0290046
84 0.0289605
87 0.0289402
90 0.0289753
