-90 0.0289725
-87 0.0290281
-84 0.0290373
-81 0.0290382
-78 0.0290187
-75 0.0290264
-72 0.0290372
-69 0.0290369
-66 0.0290243
-63 0.0289423
-60 0.0284204
-57 0.0250902
-54 0.0215482
-51 0.0278577
-48 0.0288541
-45 0.0290102
-42 0.0290348
-39 0.0290386
-36 0.0290389
-33 0.0290389
-30 0.0290387
-27 0.0290356
-24 0.0290337
-21 0.0290389
-18 0.0290398
-15 0.0290396
-12 0.029037
-9 0.0290258
-6 0.0290349
-3 0.0290394
0 0.0290396
3 0.0290385
6 0.0290344
9 0.0290204
12 0.0289855
15 0.0290061
18 0.0290298
21 0.0290371
24 0.0290385
27 0.0290374
30 0.0290343
33 0.0290304
36 0.0290295
39 0.0290327
42 0.0290365
45 0.0290378
48 0.0290303
51 0.0290312
54 0.029039
57 0.0290398
60 0.0290397
63 0.0290393
66 0.0290379
69 0.0290319
72 0.0289991
75 0.0288013
78 0.0276358
81 0.0233017
84 0.0267142
87 0.0286334
90 0.0289725
