-90 0.029019
-87 0.0290049
-84 0.0290058
-81 0.0290203
-78 0.0290323
-75 0.0290375
-72 0.0290389
-69 0.029039
-66 0.0290381
-63 0.0290357
-60 0.0290292
-57 0.0290173
-54 0.0290031
-51 0.0289429
-48 0.0290126
-45 0.0290242
-42 0.0290246
-39 0.0290238
-36 0.0290241
-33 0.0290259
-30 0.0290286
-27 0.0290314
-24 0.0290338
-21 0.0290356
-18 0.0290369
-15 0.0290378
-12 0.0290385
-9 0.0290389
-6 0.0290366
-3 0.028979
0 0.029036
3 0.0290394
6 0.0290395
9 0.0290394
12 0.0290392
15 0.0290376
18 0.0290247
21 0.0290198
24 0.0290354
27 0.0290152
30 0.0290162
33 0.0290377
36 0.0290394
39 0.0290394
42 0.0290392
45 0.0290388
48 0.0290381
51 0.0290371
54 0.0290362
57 0.0290342
60 0.0290224
63 0.0289522
66 0.0290203
69 0.0290353
72 0.0290379
75 0.0290388
78 0.029039
81 0.0290385
84 0.0290369
87 0.0290315
90 0.029019
