-90 0.0290109
-87 0.0290124
-84 0.0290135
-81 0.0290144
-78 0.0290149
-75 0.0290154
-72 0.0290156
-69 0.0290157
-66 0.0290156
-63 0.0290155
-60 0.0290151
-57 0.0290146
-54 0.0290139
-51 0.0290132
-48 0.0290125
-45 0.0290119
-42 0.0290113
-39 0.0290108
-36 0.0290102
-33 0.0290095
-30 0.0290086
-27 0.0290078
-24 0.0290068
-21 0.0290059
-18 0.0290049
-15 0.0290039
-12 0.0290029
-9 0.0290018
-6 0.0289997
-3 0.0289918
0 0.0289503
3 0.0287252
6 0.0277239
9 0.0262209
12 0.0266646
15 0.0253592
18 0.0274553
21 0.0286877
24 0.0289367
27 0.0289765
30 0.0289783
33 0.0289721
36 0.0289623
39 0.0289495
42 0.0289353
45 0.0289302
48 0.0289414
51 0.0289542
54 0.0289644
57 0.0289719
60 0.0289771
63 0.0289807
66 0.0289838
69 0.0289877
72 0.0289923
75 0.0289968
78 0.0290007
81 0.029004
84 0.0290068
87 0.0290091
90 0.0290109
