-90 0.0290324
-87 0.0290323
-84 0.0290341
-81 0.0290341
-78 0.029019
-75 0.0290056
-72 0.0290307
-69 0.0290227
-66 0.0290277
-63 0.0290229
-60 0.0290104
-57 0.0289842
-54 0.0289388
-51 0.0289041
-48 0.0289223
-45 0.028969
-42 0.0290004
-39 0.0290036
-36 0.0289748
-33 0.0289301
-30 0.0289338
-27 0.0289842
-24 0.0290203
-21 0.0290339
-18 0.0290379
-15 0.029039
-12 0.0290394
-9 0.0290396
-6 0.0290397
-3 0.0290398
0 0.0290398
3 0.0290398
6 0.0290398
9 0.0290398
12 0.0290389
15 0.0290238
18 0.0290313
21 0.0290389
24 0.0290386
27 0.0290382
30 0.0290372
33 0.0290353
36 0.0290319
39 0.0290261
42 0.0290159
45 0.0289992
48 0.0289784
51 0.0289827
54 0.0290039
57 0.0290187
60 0.0290276
63 0.0290328
66 0.0290358
69 0.0290375
72 0.0290385
75 0.0290389
78 0.0290389
81 0.0290383
84 0.029037
87 0.0290348
90 0.0290324
