-90 0.0289656
-87 0.0289613
-84 0.0289468
-81 0.0288997
-78 0.0287581
-75 0.0281996
-72 0.0258837
-69 0.0256057
-66 0.0282203
-63 0.0288383
-60 0.0289466
-57 0.0289655
-54 0.0289696
-51 0.0289718
-48 0.0289738
-45 0.0289761
-42 0.0289786
-39 0.0289812
-36 0.0289837
-33 0.0289861
-30 0.0289883
-27 0.0289901
-24 0.028992
-21 0.0289936
-18 0.028995
-15 0.0289962
-12 0.0289971
-9 0.0289979
-6 0.0289973
-3 0.0289862
0 0.0289879
3 0.0289798
6 0.0289985
9 0.0289997
12 0.0289997
15 0.0289995
18 0.0289992
21 0.0289988
24 0.0289983
27 0.0289971
30 0.0289927
33 0.0289888
36 0.0289203
39 0.028991
42 0.028993
45 0.0289919
48 0.0289906
51 0.0289891
54 0.0289875
57 0.0289857
60 0.0289839
63 0.028982
66 0.0289801
69 0.0289781
72 0.028976
75 0.0289741
78 0.0289722
81 0.0289704
84 0.0289688
87 0.0289674
90 0.0289656
