-90 0.0290262
-87 0.0290331
-84 0.029033
-81 0.029032
-78 0.0290307
-75 0.0290291
-72 0.0290271
-69 0.0290246
-66 0.0290209
-63 0.0290151
-60 0.0290045
-57 0.0289888
-54 0.0289778
-51 0.0289802
-48 0.0289879
-45 0.0289924
-42 0.0289946
-39 0.0289969
-36 0.0290002
-33 0.0290041
-30 0.0290076
-27 0.0290119
-24 0.0290165
-21 0.0290201
-18 0.029023
-15 0.0290255
-12 0.0290275
-9 0.0290292
-6 0.0290307
-3 0.0290319
0 0.0290326
3 0.0290339
6 0.0290347
9 0.0290353
12 0.0290358
15 0.0290362
18 0.0290364
21 0.0290356
24 0.0290292
27 0.0289887
30 0.0287455
33 0.0277769
36 0.0251295
39 0.0272776
42 0.0286882
45 0.0289351
48 0.0288998
51 0.028831
54 0.0288855
57 0.0289779
60 0.0290212
63 0.0290338
66 0.0290367
69 0.0290369
72 0.029037
75 0.0290366
78 0.0290359
81 0.0290354
84 0.0290346
87 0.0290265
90 0.0290262
