-90 0.0263762
-87 0.0285336
-84 0.0289424
-81 0.0290002
-78 0.0290077
-75 0.0290215
-72 0.0290299
-69 0.0290331
-66 0.0290343
-63 0.0290348
-60 0.0290349
-57 0.0290351
-54 0.0290353
-51 0.0290355
-48 0.0290355
-45 0.0290355
-42 0.0290354
-39 0.0290345
-36 0.0290232
-33 0.0290285
-30 0.0290344
-27 0.029033
-24 0.0290312
-21 0.0290334
-18 0.0290335
-15 0.029033
-12 0.0290325
-9 0.0290316
-6 0.0290285
-3 0.0290117
0 0.0289834
3 0.0290219
6 0.0290257
9 0.0290195
12 0.0290189
15 0.0290213
18 0.0290196
21 0.0290173
24 0.0290147
27 0.0290118
30 0.029009
33 0.0290065
36 0.029005
39 0.0290039
42 0.0290031
45 0.0290026
48 0.029002
51 0.0290004
54 0.0289965
57 0.0289874
60 0.0289702
63 0.0289482
66 0.0289555
69 0.0289755
72 0.0289904
75 0.0289978
78 0.0289779
81 0.0288084
84 0.0277725
87 0.0235248
90 0.0263762
