-90 0.0289562
-87 0.0290189
-84 0.0290348
-81 0.0290381
-78 0.0290387
-75 0.0290389
-72 0.0290388
-69 0.0290386
-66 0.0290386
-63 0.0290386
-60 0.0290385
-57 0.0290384
-54 0.0290383
-51 0.0290382
-48 0.029038
-45 0.0290373
-42 0.0290349
-39 0.0290302
-36 0.029025
-33 0.0290239
-30 0.0290262
-27 0.0290254
-24 0.0290217
-21 0.0290238
-18 0.0290302
-15 0.0290346
-12 0.0290368
-9 0.0290379
-6 0.0290383
-3 0.0290384
0 0.0290383
3 0.0290381
6 0.0290376
9 0.0290367
12 0.0290354
15 0.0290332
18 0.0290291
21 0.0290209
24 0.0290049
27 0.0289866
30 0.0289929
33 0.0289998
36 0.0290091
39 0.029018
42 0.0290223
45 0.0290097
48 0.0289026
51 0.028202
54 0.0237002
57 0.0233772
60 0.0281431
63 0.028869
66 0.0289919
69 0.0290246
72 0.0290314
75 0.0290234
78 0.0289802
81 0.0288624
84 0.0287374
87 0.0287931
90 0.0289562
