-90 0.0290009
-87 0.0290029
-84 0.0290021
-81 0.0290019
-78 0.0290019
-75 0.0290014
-72 0.0290006
-69 0.0289994
-66 0.0289979
-63 0.0289963
-60 0.0289943
-57 0.0289921
-54 0.0289898
-51 0.028987
-48 0.0289842
-45 0.028981
-42 0.0289701
-39 0.0289405
-36 0.0289693
-33 0.028966
-30 0.028962
-27 0.0289586
-24 0.0289559
-21 0.0289544
-18 0.0289546
-15 0.0289566
-12 0.0289598
-9 0.028964
-6 0.0289686
-3 0.0289732
0 0.0289775
3 0.0289814
6 0.0289847
9 0.0289872
12 0.0289875
15 0.0289823
18 0.0289617
21 0.0289168
24 0.0288487
27 0.0289591
30 0.0289891
33 0.0289988
36 0.0290025
39 0.0290042
42 0.0290052
45 0.0290058
48 0.0290063
51 0.0290066
54 0.0290069
57 0.0290071
60 0.0290073
63 0.0290074
66 0.0290073
69 0.0290067
72 0.0290053
75 0.0290032
78 0.0290016
81 0.0290019
84 0.0290012
87 0.0289591
90 0.0290009
