-90 0.0290381
-87 0.0290381
-84 0.0290377
-81 0.0290357
-78 0.0290245
-75 0.0289611
-72 0.0286488
-69 0.0276773
-66 0.0275141
-63 0.0285444
-60 0.0289179
-57 0.0290104
-54 0.0290155
-51 0.0290183
-48 0.0289974
-45 0.0288387
-42 0.0281647
-39 0.0257306
-36 0.0267559
-33 0.0285589
-30 0.0289542
-27 0.0290228
-24 0.0290334
-21 0.0290345
-18 0.0290334
-15 0.0290293
-12 0.0290207
-9 0.0290104
-6 0.0290075
-3 0.0290134
0 0.0290188
3 0.0290177
6 0.0290105
9 0.0290072
12 0.0290052
15 0.0289986
18 0.0289904
21 0.0289827
24 0.0289783
27 0.0289797
30 0.0289851
33 0.0289912
36 0.0289968
39 0.0290018
42 0.0290047
45 0.0289981
48 0.0289613
51 0.0288806
54 0.0288424
57 0.0289171
60 0.0289925
63 0.0290234
66 0.0290325
69 0.0290352
72 0.0290362
75 0.0290368
78 0.0290372
81 0.0290374
84 0.0290376
87 0.0290379
90 0.0290381
