-90 0.02903
-87 0.0290265
-84 0.0290329
-81 0.0290351
-78 0.0290357
-75 0.0290356
-72 0.0290354
-69 0.0290352
-66 0.0290351
-63 0.0290353
-60 0.0290357
-57 0.0290361
-54 0.0290363
-51 0.0290364
-48 0.0290361
-45 0.0290354
-42 0.0290343
-39 0.0290325
-36 0.0290302
-33 0.0290273
-30 0.0290239
-27 0.0290203
-24 0.0290165
-21 0.0290132
-18 0.0290114
-15 0.0290104
-12 0.0290102
-9 0.0290122
-6 0.0290153
-3 0.0290187
0 0.0290198
3 0.0290094
6 0.0289523
9 0.0287661
12 0.0285323
15 0.0286611
18 0.0288876
21 0.028963
24 0.0289623
27 0.0289666
30 0.0289836
33 0.0290008
36 0.0290148
39 0.029022
42 0.0290233
45 0.0290207
48 0.0290156
51 0.0290088
54 0.0290017
57 0.0289973
60 0.028998
63 0.0290023
66 0.0290067
69 0.0290106
72 0.029013
75 0.0290153
78 0.0290182
81 0.0290218
84 0.0290256
87 0.0290289
90 0.02903
