-90 0.0290242
-87 0.0290146
-84 0.029013
-81 0.0290224
-78 0.0290322
-75 0.0290371
-72 0.0290385
-69 0.0290388
-66 0.0290392
-63 0.0290393
-60 0.0290393
-57 0.0290392
-54 0.0290392
-51 0.0290392
-48 0.0290392
-45 0.0290391
-42 0.0290389
-39 0.0290386
-36 0.029038
-33 0.0290374
-30 0.0290369
-27 0.0290369
-24 0.029037
-21 0.0290369
-18 0.0290362
-15 0.0290352
-12 0.0290328
-9 0.0290239
-6 0.0289792
-3 0.0287361
0 0.0276135
3 0.0260596
6 0.0279113
9 0.0287835
12 0.028948
15 0.0289673
18 0.0289742
21 0.0289857
24 0.0289975
27 0.0290072
30 0.0290144
33 0.0290191
36 0.0290217
39 0.0290222
42 0.0290213
45 0.0290182
48 0.0290099
51 0.0290155
54 0.0290221
57 0.0290228
60 0.0290222
63 0.0290227
66 0.0290246
69 0.0290276
72 0.0290306
75 0.029033
78 0.029034
81 0.0290341
84 0.0290346
87 0.0290318
90 0.0290242
