-90 0.0290077
-87 0.0290119
-84 0.0290148
-81 0.0290167
-78 0.0290178
-75 0.0290183
-72 0.0290181
-69 0.0290174
-66 0.0290162
-63 0.029015
-60 0.0290145
-57 0.0290144
-54 0.0290142
-51 0.0290136
-48 0.0290128
-45 0.0290117
-42 0.0290105
-39 0.0290092
-36 0.0290082
-33 0.0290068
-30 0.0290036
-27 0.028991
-24 0.0289344
-21 0.0287253
-18 0.0283483
-15 0.0284239
-12 0.0287228
-9 0.0285248
-6 0.02707
-3 0.0260705
0 0.0281486
3 0.028844
6 0.0289767
9 0.0290003
12 0.0290051
15 0.029007
18 0.0290084
21 0.0290098
24 0.0290113
27 0.0290126
30 0.0290139
33 0.0290149
36 0.0290157
39 0.0290161
42 0.0290161
45 0.0290154
48 0.0290137
51 0.0290108
54 0.0290061
57 0.0289989
60 0.0289883
63 0.0289735
66 0.028957
69 0.0289514
72 0.0289609
75 0.0289718
78 0.0289805
81 0.0289882
84 0.0289955
87 0.0290022
90 0.0290077
