-90 0.0290348
-87 0.029035
-84 0.0290351
-81 0.0290338
-78 0.0290174
-75 0.0290042
-72 0.0290291
-69 0.0290207
-66 0.0289674
-63 0.0289555
-60 0.0290168
-57 0.0290286
-54 0.0290252
-51 0.0290255
-48 0.0290315
-45 0.0290322
-42 0.0290315
-39 0.0290306
-36 0.0290291
-33 0.0290264
-30 0.0290214
-27 0.0290181
-24 0.0290126
-21 0.029001
-18 0.0289805
-15 0.0289441
-12 0.0288918
-9 0.0288966
-6 0.0289043
-3 0.0289458
0 0.0289624
3 0.0289557
6 0.0288867
9 0.0285305
12 0.0272716
15 0.0269535
18 0.0283742
21 0.0288533
24 0.0289389
27 0.0289552
30 0.0289673
33 0.0289475
36 0.0288969
39 0.02889
42 0.0289485
45 0.0289966
48 0.0290154
51 0.0290206
54 0.0290217
57 0.029022
60 0.0290225
63 0.0290232
66 0.0290242
69 0.0290255
72 0.0290274
75 0.0290287
78 0.0290244
81 0.0290198
84 0.0290282
87 0.0290338
90 0.0290348
