-90 0.0264324
-87 0.0209053
-84 0.0273044
-81 0.0287119
-78 0.0289472
-75 0.0289902
-72 0.0290013
-69 0.0290066
-66 0.0290102
-63 0.0290132
-60 0.0290155
-57 0.0290175
-54 0.0290191
-51 0.0290205
-48 0.0290216
-45 0.0290225
-42 0.0290232
-39 0.0290235
-36 0.0290237
-33 0.0290244
-30 0.029025
-27 0.0290255
-24 0.0290258
-21 0.029026
-18 0.0290262
-15 0.0290264
-12 0.0290266
-9 0.0290267
-6 0.0290267
-3 0.0290266
0 0.0290266
3 0.0290268
6 0.0290269
9 0.029027
12 0.029027
15 0.0290268
18 0.0290269
21 0.0290268
24 0.0290265
27 0.0290261
30 0.0290256
33 0.029025
36 0.0290245
39 0.0290243
42 0.0290239
45 0.0290234
48 0.0290225
51 0.0290214
54 0.02902
57 0.0290182
60 0.0290159
63 0.0290131
66 0.0290098
69 0.0290056
72 0.0290003
75 0.0289934
78 0.0289832
81 0.0289622
84 0.0288896
87 0.0285262
90 0.0264324
