-90 0.0289559
-87 0.0286482
-84 0.0269016
-81 0.023976
-78 0.0276869
-75 0.0288057
-72 0.028999
-69 0.0290308
-66 0.0290379
-63 0.0290393
-60 0.0290391
-57 0.029038
-54 0.0290375
-51 0.0290377
-48 0.0290364
-45 0.0290341
-42 0.0290314
-39 0.0290294
-36 0.0290289
-33 0.0290294
-30 0.0290295
-27 0.0290276
-24 0.029023
-21 0.0290152
-18 0.0289979
-15 0.0289861
-12 0.0290107
-9 0.0290261
-6 0.0290314
-3 0.0290348
0 0.0290381
3 0.0290392
6 0.0290394
9 0.0290397
12 0.0290398
15 0.0290398
18 0.0290398
21 0.0290393
24 0.029036
27 0.0290378
30 0.029039
33 0.0290377
36 0.0290316
39 0.0290315
42 0.029034
45 0.0290309
48 0.0290111
51 0.0289757
54 0.0290048
57 0.0289928
60 0.0289869
63 0.0289989
66 0.0290131
69 0.0290227
72 0.0290297
75 0.0290338
78 0.0290362
81 0.0290373
84 0.0290362
87 0.0290233
90 0.0289559
