-90 0.0290389
-87 0.0290374
-84 0.0290346
-81 0.0290305
-78 0.0290249
-75 0.0290155
-72 0.0289969
-69 0.0289546
-66 0.0288693
-63 0.0289433
-60 0.0289388
-57 0.0289929
-54 0.0290157
-51 0.029027
-48 0.0290336
-45 0.0290371
-42 0.0290387
-39 0.0290394
-36 0.0290396
-33 0.0290397
-30 0.0290398
-27 0.0290398
-24 0.0290398
-21 0.0290393
-18 0.0290265
-15 0.0290147
-12 0.0290387
-9 0.0290377
-6 0.029008
-3 0.0290218
0 0.0290385
3 0.0290395
6 0.0290385
9 0.029024
12 0.029013
15 0.0290374
18 0.0290397
21 0.0290399
24 0.0290399
27 0.0290399
30 0.0290396
33 0.0290366
36 0.0290188
39 0.0290325
42 0.0290389
45 0.029039
48 0.0290348
51 0.0289754
54 0.0290321
57 0.0290388
60 0.0290386
63 0.0290172
66 0.0290251
69 0.0290392
72 0.0290398
75 0.0290399
78 0.0290399
81 0.0290399
84 0.0290398
87 0.0290395
90 0.0290389
