-90 0.0290393
-87 0.0290389
-84 0.0290382
-81 0.0290365
-78 0.0290297
-75 0.0290024
-72 0.0289218
-69 0.0288122
-66 0.0288358
-63 0.0289497
-60 0.0290117
-57 0.0290289
-54 0.0290295
-51 0.0290233
-48 0.0290142
-45 0.029009
-42 0.0290058
-39 0.0289874
-36 0.0289686
-33 0.0290119
-30 0.029025
-27 0.0290292
-24 0.0290319
-21 0.029034
-18 0.0290355
-15 0.029036
-12 0.029036
-9 0.0290359
-6 0.0290361
-3 0.0290371
0 0.0290382
3 0.029039
6 0.0290394
9 0.0290396
12 0.0290396
15 0.0290397
18 0.0290397
21 0.0290396
24 0.0290395
27 0.0290389
30 0.0290219
33 0.0290243
36 0.0290391
39 0.0290394
42 0.0290395
45 0.0290395
48 0.0290396
51 0.0290397
54 0.0290397
57 0.0290397
60 0.0290397
63 0.0290397
66 0.0290392
69 0.0290395
72 0.0290362
75 0.0290325
78 0.0290391
81 0.0290397
84 0.0290396
87 0.0290395
90 0.0290393
