-90 0.0289338
-87 0.0289278
-84 0.028909
-81 0.0288682
-78 0.0288269
-75 0.0288359
-72 0.0288789
-69 0.0289089
-66 0.0289194
-63 0.0289207
-60 0.0289188
-57 0.0289159
-54 0.0289123
-51 0.0289074
-48 0.0288962
-45 0.028896
-42 0.0288946
-39 0.0288895
-36 0.0288834
-33 0.0288756
-30 0.0288599
-27 0.0288055
-24 0.0285708
-21 0.0276296
-18 0.0249835
-15 0.0261914
-12 0.028273
-9 0.028743
-6 0.0288311
-3 0.0288506
0 0.0288583
3 0.0288641
6 0.0288693
9 0.0288745
12 0.0288794
15 0.0288843
18 0.028889
21 0.0288936
24 0.0288979
27 0.0289019
30 0.0289053
33 0.0289078
36 0.0289085
39 0.0289075
42 0.0289075
45 0.0289116
48 0.0289181
51 0.0289236
54 0.0289272
57 0.0289295
60 0.0289311
63 0.0289325
66 0.0289336
69 0.0289345
72 0.0289352
75 0.0289357
78 0.0289361
81 0.0289362
84 0.0289361
87 0.0289356
90 0.0289338
