-90 0.0290389
-87 0.0290385
-84 0.0290357
-81 0.0290192
-78 0.0289332
-75 0.0285643
-72 0.0277268
-69 0.0279607
-66 0.0287252
-63 0.0289756
-60 0.0290278
-57 0.0290363
-54 0.0290363
-51 0.0290381
-48 0.0290387
-45 0.0290386
-42 0.0290393
-39 0.0290392
-36 0.0290385
-33 0.0290372
-30 0.029035
-27 0.029031
-24 0.0290238
-21 0.0290103
-18 0.0289869
-15 0.0289612
-12 0.0289661
-9 0.0289942
-6 0.0290155
-3 0.0290273
0 0.0290315
3 0.0289899
6 0.0290147
9 0.029007
12 0.0290368
15 0.0290394
18 0.0290397
21 0.0290398
24 0.0290399
27 0.0290399
30 0.0290399
33 0.0290387
36 0.029028
39 0.0290365
42 0.0290391
45 0.0290357
48 0.0290365
51 0.0290393
54 0.0290397
57 0.0290395
60 0.0290386
63 0.0290382
66 0.0290391
69 0.0290394
72 0.0290393
75 0.0290392
78 0.0290391
81 0.0290391
84 0.0290391
87 0.029039
90 0.0290389
