-90 0.028926
-87 0.0290072
-84 0.0290119
-81 0.0290225
-78 0.0290327
-75 0.0290376
-72 0.0290393
-69 0.0290397
-66 0.0290397
-63 0.0290397
-60 0.0290396
-57 0.0290395
-54 0.0290393
-51 0.0290383
-48 0.0290333
-45 0.0290093
-42 0.028915
-39 0.0286907
-36 0.0285846
-33 0.0287965
-30 0.028959
-27 0.0290155
-24 0.0290323
-21 0.0290375
-18 0.0290391
-15 0.0290396
-12 0.0290398
-9 0.0290397
-6 0.029035
-3 0.0289736
0 0.0290367
3 0.0290397
6 0.0290394
9 0.0290367
12 0.029031
15 0.0290349
18 0.0290379
21 0.0290376
24 0.0290346
27 0.0290294
30 0.02903
33 0.0290357
36 0.0290387
39 0.0290396
42 0.0290399
45 0.0290397
48 0.0290384
51 0.0290383
54 0.0290396
57 0.0290385
60 0.0290361
63 0.0290389
66 0.0290397
69 0.0290396
72 0.0290393
75 0.0290374
78 0.0290316
81 0.0290196
84 0.0290073
87 0.0290037
90 0.028926
