-90 0.0290177
-87 0.0290176
-84 0.0289603
-81 0.029017
-78 0.0290292
-75 0.0290329
-72 0.0290337
-69 0.0290339
-66 0.029034
-63 0.029034
-60 0.029034
-57 0.0290336
-54 0.0290311
-51 0.0290159
-48 0.0289214
-45 0.0283269
-42 0.0245608
-39 0.0223095
-36 0.0279792
-33 0.028867
-30 0.0290061
-27 0.0290279
-24 0.029031
-21 0.02903
-18 0.0290256
-15 0.0290172
-12 0.0290171
-9 0.0290219
-6 0.0290236
-3 0.029026
0 0.0290281
3 0.0290287
6 0.0290283
9 0.0290267
12 0.0290208
15 0.0290016
18 0.0289598
21 0.0289244
24 0.028947
27 0.0289924
30 0.029017
33 0.0290249
36 0.0290271
39 0.0290278
42 0.0290281
45 0.0290284
48 0.0290287
51 0.029029
54 0.0290288
57 0.0290238
60 0.0289767
63 0.02901
66 0.0290213
69 0.0290275
72 0.0290268
75 0.0290249
78 0.0290232
81 0.029021
84 0.029018
87 0.0290157
90 0.0290177
