-90 0.028986
-87 0.0288006
-84 0.0283318
-81 0.0282284
-78 0.0287158
-75 0.0289618
-72 0.0290214
-69 0.0290274
-66 0.0290175
-63 0.029014
-60 0.0290174
-57 0.0289829
-54 0.0288203
-51 0.0284711
-48 0.0284542
-45 0.0288057
-42 0.0289813
-39 0.029025
-36 0.0290308
-33 0.0290296
-30 0.0290208
-27 0.0290058
-24 0.0289797
-21 0.0289193
-18 0.0290032
-15 0.0290282
-12 0.0290352
-9 0.0290358
-6 0.0290134
-3 0.0290162
0 0.0290378
3 0.0290395
6 0.0290395
9 0.029039
12 0.0290372
15 0.0290317
18 0.0290152
21 0.0289668
24 0.0289044
27 0.0289836
30 0.029006
33 0.0289497
36 0.0286647
39 0.0280236
42 0.0281338
45 0.0287478
48 0.0289767
51 0.0290272
54 0.029036
57 0.0290359
60 0.0290326
63 0.0290262
66 0.0290166
69 0.029011
72 0.0290181
75 0.0290275
78 0.0290335
81 0.0290363
84 0.0290361
87 0.0290285
90 0.028986
