-90 0.0289925
-87 0.0290016
-84 0.0290088
-81 0.0290146
-78 0.0290193
-75 0.0290231
-72 0.029026
-69 0.0290282
-66 0.0290293
-63 0.029027
-60 0.0290141
-57 0.0289772
-54 0.0289279
-51 0.0289304
-48 0.028979
-45 0.0290012
-42 0.0290134
-39 0.0290306
-36 0.0290329
-33 0.0290333
-30 0.0290336
-27 0.0290337
-24 0.0290332
-21 0.0290338
-18 0.0290345
-15 0.0290349
-12 0.029035
-9 0.029032
-6 0.0290147
-3 0.0289176
0 0.0284767
3 0.0257397
6 0.0201176
9 0.0276195
12 0.028815
15 0.0290023
18 0.0290317
21 0.0290362
24 0.0290366
27 0.0290361
30 0.029035
33 0.0290337
36 0.029032
39 0.0290305
42 0.0290297
45 0.0290292
48 0.0290282
51 0.0290263
54 0.0290235
57 0.0290197
60 0.0290147
63 0.0290084
66 0.0290013
69 0.0289933
72 0.0289834
75 0.0289709
78 0.0289573
81 0.0289544
84 0.028966
87 0.0289806
90 0.0289925
