-90 0.0290061
-87 0.0290063
-84 0.0290059
-81 0.0290041
-78 0.0289989
-75 0.028986
-72 0.028961
-69 0.0289612
-66 0.0289851
-63 0.0289925
-60 0.0289819
-57 0.0289522
-54 0.0289233
-51 0.0289651
-48 0.0289885
-45 0.0289902
-42 0.0289686
-39 0.0289441
-36 0.0289822
-33 0.0290003
-30 0.0290071
-27 0.0290095
-24 0.0290101
-21 0.0290102
-18 0.0290099
-15 0.0290096
-12 0.029009
-9 0.0290071
-6 0.0289983
-3 0.0289488
0 0.0286574
3 0.0269371
6 0.0210669
9 0.0269778
12 0.0286632
15 0.0289467
18 0.0289933
21 0.0290008
24 0.0290012
27 0.0289985
30 0.0289865
33 0.0289178
36 0.0287666
39 0.0289072
42 0.0289755
45 0.0289933
48 0.0289977
51 0.028997
54 0.0289855
57 0.0289152
60 0.028481
63 0.0258106
66 0.0209101
69 0.0275832
72 0.0287724
75 0.0289654
78 0.0289976
81 0.0290035
84 0.029005
87 0.0290057
90 0.0290061
