-90 0.0283779
-87 0.0284252
-84 0.0288115
-81 0.0289762
-78 0.0290068
-75 0.0290031
-72 0.0290097
-69 0.0290214
-66 0.0290308
-63 0.0290329
-60 0.0290174
-57 0.0289108
-54 0.0282719
-51 0.0252221
-48 0.0254634
-45 0.0283366
-42 0.0289216
-39 0.029018
-36 0.0290303
-33 0.0290274
-30 0.0290266
-27 0.0290317
-24 0.0290362
-21 0.0290381
-18 0.0290342
-15 0.0289826
-12 0.0290351
-9 0.0290397
-6 0.0290398
-3 0.0290378
0 0.0290117
3 0.0290182
6 0.0290381
9 0.0290392
12 0.0290379
15 0.0290334
18 0.0290203
21 0.0290016
24 0.0290189
27 0.0290336
30 0.0290377
33 0.0290382
36 0.029037
39 0.0290357
42 0.0290355
45 0.0290366
48 0.0290383
51 0.0290393
54 0.0290393
57 0.0290387
60 0.0290394
63 0.0290396
66 0.0290391
69 0.0290392
72 0.029039
75 0.0290381
78 0.0290357
81 0.0290251
84 0.0289737
87 0.0287732
90 0.0283779
