-90 0.0290375
-87 0.0290356
-84 0.0290322
-81 0.0290282
-78 0.0290267
-75 0.0290294
-72 0.0290334
-69 0.0290365
-66 0.0290382
-63 0.029039
-60 0.029039
-57 0.0290274
-54 0.0290137
-51 0.0290348
-48 0.0290215
-45 0.0290346
-42 0.0290385
-39 0.029039
-36 0.0290393
-33 0.0290396
-30 0.0290396
-27 0.0290385
-24 0.0290268
-21 0.0290329
-18 0.0290392
-15 0.0290396
-12 0.029039
-9 0.0290376
-6 0.0290385
-3 0.0290394
0 0.0290395
3 0.0290394
6 0.029036
9 0.029029
12 0.0290374
15 0.0290373
18 0.0290374
21 0.029038
24 0.029039
27 0.0290395
30 0.0290395
33 0.0290396
36 0.0290398
39 0.0290397
42 0.0290388
45 0.0290334
48 0.0290033
51 0.0288473
54 0.0282257
57 0.0274262
60 0.0282314
63 0.0288372
66 0.0289564
69 0.0289133
72 0.0287962
75 0.0288141
78 0.0289402
81 0.0290117
84 0.0290332
87 0.0290376
90 0.0290375
