-90 0.0290372
-87 0.0290367
-84 0.0290368
-81 0.0290375
-78 0.0290366
-75 0.0290058
-72 0.0290281
-69 0.0290377
-66 0.0290378
-63 0.0290372
-60 0.0290371
-57 0.0290366
-54 0.0290339
-51 0.0290226
-48 0.0289892
-45 0.0289353
-42 0.0289152
-39 0.0289525
-36 0.0290092
-33 0.0290309
-30 0.0290362
-27 0.0290373
-24 0.0290373
-21 0.0290371
-18 0.0290369
-15 0.0290363
-12 0.0290345
-9 0.0290289
-6 0.0290227
-3 0.0290241
0 0.0290242
3 0.0290161
6 0.0289996
9 0.0289696
12 0.0289545
15 0.028991
18 0.0290113
21 0.0290223
24 0.0290282
27 0.0290309
30 0.0290312
33 0.0290309
36 0.0290307
39 0.029032
42 0.029034
45 0.0290355
48 0.0290363
51 0.0290367
54 0.0290366
57 0.0290321
60 0.0290313
63 0.0290352
66 0.0290356
69 0.029037
72 0.0290368
75 0.0290362
78 0.0290363
81 0.029037
84 0.0290374
87 0.0290375
90 0.0290372
