-90 0.0289795
-87 0.0289807
-84 0.0289821
-81 0.0289835
-78 0.0289848
-75 0.0289857
-72 0.0289863
-69 0.0289868
-66 0.028987
-63 0.0289871
-60 0.0289871
-57 0.028987
-54 0.0289868
-51 0.0289862
-48 0.0289839
-45 0.0289742
-42 0.0289432
-39 0.0288865
-36 0.0288634
-33 0.0289109
-30 0.0289599
-27 0.0289804
-24 0.028986
-21 0.0289871
-18 0.028987
-15 0.0289865
-12 0.0289859
-9 0.0289847
-6 0.0289827
-3 0.0289808
0 0.028977
3 0.0289801
6 0.0289681
9 0.0289428
12 0.0289748
15 0.0289795
18 0.0289791
21 0.0289785
24 0.0289775
27 0.0289756
30 0.0289706
33 0.0289565
36 0.0289111
39 0.0289244
42 0.0289511
45 0.0289194
48 0.0287482
51 0.0283374
54 0.0282707
57 0.0286926
60 0.0289086
63 0.0289643
66 0.028976
69 0.0289785
72 0.0289792
75 0.0289794
78 0.0289794
81 0.0289792
84 0.028979
87 0.028979
90 0.0289795
