-90 0.0289281
-87 0.029021
-84 0.0290362
-81 0.0290389
-78 0.0290395
-75 0.0290395
-72 0.0290365
-69 0.0290132
-66 0.0290362
-63 0.0290389
-60 0.0290388
-57 0.0290393
-54 0.029039
-51 0.0290382
-48 0.0290333
-45 0.0290155
-42 0.0289698
-39 0.0289126
-36 0.0289375
-33 0.0289953
-30 0.029026
-27 0.0290358
-24 0.0290368
-21 0.0290307
-18 0.0290192
-15 0.0290279
-12 0.0290352
-9 0.0290164
-6 0.0290288
-3 0.0290338
0 0.0290155
3 0.0289839
6 0.0290237
9 0.0290334
12 0.0290246
15 0.0289789
18 0.0288413
21 0.0286355
24 0.0286779
27 0.0288826
30 0.0289932
33 0.0290205
36 0.0290172
39 0.0290348
42 0.0290391
45 0.0290395
48 0.0290392
51 0.0290378
54 0.0290381
57 0.0290389
60 0.0290387
63 0.0290379
66 0.0290363
69 0.0290308
72 0.029004
75 0.0288531
78 0.0279347
81 0.0221198
84 0.0246408
87 0.0283459
90 0.0289281
