-90 0.0289753
-87 0.028985
-84 0.0290133
-81 0.0290312
-78 0.0290376
-75 0.0290394
-72 0.0290396
-69 0.0290395
-66 0.0290398
-63 0.0290398
-60 0.0290396
-57 0.0290391
-54 0.0290376
-51 0.0290331
-48 0.029023
-45 0.0290163
-42 0.0290149
-39 0.0290095
-36 0.0290065
-33 0.0290233
-30 0.0290337
-27 0.0290377
-24 0.0290391
-21 0.0290396
-18 0.0290397
-15 0.0290398
-12 0.0290396
-9 0.0290383
-6 0.0290308
-3 0.0289913
0 0.0288107
3 0.0282851
6 0.0280496
9 0.0286254
12 0.0289407
15 0.0290146
18 0.0290201
21 0.0290322
24 0.0290337
27 0.0290234
30 0.0290033
33 0.0289889
36 0.028998
39 0.0290143
42 0.0290183
45 0.0290088
48 0.0289907
51 0.0289765
54 0.0289986
57 0.0290185
60 0.0290292
63 0.0290345
66 0.0290373
69 0.0290386
72 0.0290392
75 0.0290392
78 0.029038
81 0.0290344
84 0.0290233
87 0.0289984
90 0.0289753
