-90 0.0289363
-87 0.0289627
-84 0.0287983
-81 0.02834
-78 0.0275111
-75 0.0281449
-72 0.0288124
-69 0.0289916
-66 0.0290255
-63 0.0290299
-60 0.0290236
-57 0.0290183
-54 0.0290263
-51 0.0290248
-48 0.0290152
-45 0.0289762
-42 0.0288844
-39 0.0288031
-36 0.0288637
-33 0.0289677
-30 0.0290138
-27 0.0290271
-24 0.0290352
-21 0.0290374
-18 0.0290375
-15 0.029034
-12 0.0290292
-9 0.029033
-6 0.0290286
-3 0.0290191
0 0.029003
3 0.0289744
6 0.0288372
9 0.0281277
12 0.0264916
15 0.0275788
18 0.0286506
21 0.0288679
24 0.0289281
27 0.0289849
30 0.0290129
33 0.0290157
36 0.0290056
39 0.0289896
42 0.0289835
45 0.0289866
48 0.0289667
51 0.0290151
54 0.029025
57 0.0289812
60 0.0290268
63 0.029037
66 0.0290376
69 0.0290338
72 0.0290073
75 0.0288418
78 0.0278349
81 0.0230849
84 0.0260356
87 0.0285187
90 0.0289363
