-90 0.0290362
-87 0.0290378
-84 0.0290385
-81 0.0290389
-78 0.0290392
-75 0.0290393
-72 0.0290369
-69 0.0290082
-66 0.0290345
-63 0.029039
-60 0.0290396
-57 0.0290398
-54 0.0290397
-51 0.0290396
-48 0.0290392
-45 0.0290384
-42 0.0290372
-39 0.0290359
-36 0.0290332
-33 0.0290267
-30 0.0290314
-27 0.0290378
-24 0.0290394
-21 0.0290396
-18 0.0290396
-15 0.029039
-12 0.0290361
-9 0.0290266
-6 0.0290334
-3 0.0290386
0 0.029039
3 0.0290371
6 0.029028
9 0.0290338
12 0.0290384
15 0.0290388
18 0.0290388
21 0.0290387
24 0.0290385
27 0.0290383
30 0.0290379
33 0.0290373
36 0.0290361
39 0.0290325
42 0.0290179
45 0.0289716
48 0.0288922
51 0.028874
54 0.028947
57 0.0290041
60 0.0290191
63 0.0290063
66 0.028974
69 0.0289626
72 0.0290008
75 0.0290177
78 0.0290228
81 0.0290246
84 0.0290282
87 0.0290329
90 0.0290362
