-90 0.0290369
-87 0.0290371
-84 0.0290371
-81 0.0290361
-78 0.0290301
-75 0.0289996
-72 0.0288462
-69 0.027986
-66 0.0248164
-63 0.0262444
-60 0.0271948
-57 0.0273403
-54 0.0284922
-51 0.0288843
-48 0.0290052
-45 0.0290317
-42 0.0290359
-39 0.0290362
-36 0.0290359
-33 0.0290354
-30 0.0290347
-27 0.0290339
-24 0.0290329
-21 0.0290316
-18 0.0290299
-15 0.0290279
-12 0.0290252
-9 0.0290218
-6 0.0290174
-3 0.0290121
0 0.0290058
3 0.0289984
6 0.0289894
9 0.0289772
12 0.0289618
15 0.0289456
18 0.0289227
21 0.0289071
24 0.0289265
27 0.0289469
30 0.0289626
33 0.0289753
36 0.0289861
39 0.0289951
42 0.0289986
45 0.0289962
48 0.0290112
51 0.029019
54 0.029023
57 0.0290258
60 0.0290281
63 0.02903
66 0.0290315
69 0.0290326
72 0.0290337
75 0.0290345
78 0.0290353
81 0.0290358
84 0.0290362
87 0.0290366
90 0.0290369
