-90 0.0286308
-87 0.0288024
-84 0.0289631
-81 0.0290177
-78 0.0290298
-75 0.0290132
-72 0.0290343
-69 0.0290307
-66 0.0290116
-63 0.0289715
-60 0.0289435
-57 0.0289696
-54 0.0290106
-51 0.0290314
-48 0.0290379
-45 0.0290395
-42 0.0290398
-39 0.0290397
-36 0.0290389
-33 0.0290366
-30 0.0290338
-27 0.0290313
-24 0.0290352
-21 0.029039
-18 0.0290394
-15 0.0290395
-12 0.0290395
-9 0.0290394
-6 0.0290387
-3 0.0290296
0 0.0289722
3 0.0290342
6 0.0290358
9 0.0289981
12 0.0290328
15 0.0290392
18 0.0290392
21 0.029038
24 0.0290346
27 0.0290271
30 0.0290189
33 0.0290185
36 0.0290264
39 0.0290336
42 0.0290364
45 0.0290356
48 0.0290338
51 0.029032
54 0.0290273
57 0.0290191
60 0.0290062
63 0.0289897
66 0.028984
69 0.0289982
72 0.0290112
75 0.0290048
78 0.0290152
81 0.0290097
84 0.0289388
87 0.028753
90 0.0286308
