-90 0.0290385
-87 0.0290385
-84 0.0290384
-81 0.0290384
-78 0.0290382
-75 0.029038
-72 0.0290377
-69 0.0290373
-66 0.0290367
-63 0.0290356
-60 0.0290336
-57 0.0290302
-54 0.0290239
-51 0.0290087
-48 0.028954
-45 0.0286897
-42 0.0277009
-39 0.0270815
-36 0.0283247
-33 0.0288557
-30 0.0289632
-27 0.0289781
-24 0.0289737
-21 0.02896
-18 0.028947
-15 0.0289637
-12 0.0289843
-9 0.0289971
-6 0.0290043
-3 0.0290084
0 0.0290111
3 0.0290133
6 0.0290154
9 0.0290176
12 0.0290203
15 0.0290225
18 0.0290256
21 0.0290278
24 0.0290296
27 0.0290312
30 0.0290324
33 0.0290319
36 0.0290265
39 0.0290213
42 0.0290304
45 0.0290306
48 0.0290231
51 0.0290212
54 0.0290349
57 0.0290373
60 0.0290377
63 0.0290379
66 0.029038
69 0.0290381
72 0.0290377
75 0.0290367
78 0.0290376
81 0.0290379
84 0.0290383
87 0.0290385
90 0.0290385
