-90 0.0290143
-87 0.029018
-84 0.0290222
-81 0.0290267
-78 0.0290275
-75 0.0290337
-72 0.0290366
-69 0.0290375
-66 0.0290381
-63 0.0290385
-60 0.0290386
-57 0.0290386
-54 0.0290387
-51 0.029037
-48 0.029018
-45 0.0290193
-42 0.0290374
-39 0.0290381
-36 0.0290376
-33 0.0290369
-30 0.0290364
-27 0.0290365
-24 0.0290365
-21 0.0290362
-18 0.0290347
-15 0.0290311
-12 0.0290258
-9 0.0290219
-6 0.0290232
-3 0.0290269
0 0.0290287
3 0.0290283
6 0.0290261
9 0.0290228
12 0.029019
15 0.0290146
18 0.0290089
21 0.0290023
24 0.0289953
27 0.0289886
30 0.0289831
33 0.0289776
36 0.0289701
39 0.0289669
42 0.0289495
45 0.0288571
48 0.0287172
51 0.0287617
54 0.0289173
57 0.0289957
60 0.029017
63 0.0290196
66 0.0290176
69 0.0290153
72 0.0290141
75 0.0290162
78 0.0290154
81 0.0290124
84 0.02901
87 0.0290109
90 0.0290143
