-90 0.0290354
-87 0.0290373
-84 0.0290386
-81 0.0290394
-78 0.0290397
-75 0.0290399
-72 0.0290399
-69 0.0290399
-66 0.0290399
-63 0.0290399
-60 0.0290396
-57 0.0290393
-54 0.0290388
-51 0.0290246
-48 0.029019
-45 0.029038
-42 0.0290371
-39 0.0290315
-36 0.0290144
-33 0.0289896
-30 0.0290102
-27 0.0290301
-24 0.029037
-21 0.0290388
-18 0.0290392
-15 0.0290396
-12 0.0290398
-9 0.0290397
-6 0.0290396
-3 0.0290396
0 0.0290395
3 0.0290354
6 0.029022
9 0.0290363
12 0.0290391
15 0.0290391
18 0.0290393
21 0.0290393
24 0.0290382
27 0.0290322
30 0.0290089
33 0.0289406
36 0.028847
39 0.0288616
42 0.0289588
45 0.0290161
48 0.0290315
51 0.0290147
54 0.0290316
57 0.0290392
60 0.0290397
63 0.0290391
66 0.0290364
69 0.0290268
72 0.0290011
75 0.0289629
78 0.0289541
81 0.0289874
84 0.0290184
87 0.0290313
90 0.0290354
