-90 0.0290318
-87 0.0290358
-84 0.0290375
-81 0.0290382
-78 0.0290385
-75 0.0290381
-72 0.0290343
-69 0.0290354
-66 0.0290365
-63 0.0290363
-60 0.0290364
-57 0.0290371
-54 0.029037
-51 0.0290365
-48 0.0290355
-45 0.0290335
-42 0.0290296
-39 0.029024
-36 0.0290198
-33 0.0290202
-30 0.0290223
-27 0.0290222
-24 0.0290167
-21 0.0290043
-18 0.029007
-15 0.0290012
-12 0.0289912
-9 0.0289783
-6 0.0289594
-3 0.0288936
0 0.0289428
3 0.0289785
6 0.0289922
9 0.0290022
12 0.02901
15 0.029016
18 0.0290206
21 0.0290241
24 0.029026
27 0.0290265
30 0.0290263
33 0.0290276
36 0.0290306
39 0.0290335
42 0.0290353
45 0.0290359
48 0.0290344
51 0.0290273
54 0.029028
57 0.0290354
60 0.0290349
63 0.0290358
66 0.0290368
69 0.0290353
72 0.0290315
75 0.0290249
78 0.0290157
81 0.0290072
84 0.0290113
87 0.0290236
90 0.0290318
