-90 0.0290334
-87 0.0290027
-84 0.0290218
-81 0.0290297
-78 0.0289917
-75 0.0287598
-72 0.0274542
-69 0.0238184
-66 0.0271974
-63 0.0287124
-60 0.0289844
-57 0.0290284
-54 0.0290318
-51 0.0290356
-48 0.0290386
-45 0.0290392
-42 0.0290394
-39 0.0290395
-36 0.0290394
-33 0.029039
-30 0.0290383
-27 0.0290379
-24 0.0290376
-21 0.0290379
-18 0.0290384
-15 0.0290388
-12 0.0290391
-9 0.0290382
-6 0.029024
-3 0.0289974
0 0.0290367
3 0.0290397
6 0.0290398
9 0.0290383
12 0.0290259
15 0.0290364
18 0.0290393
21 0.0290348
24 0.0290332
27 0.0290393
30 0.0290399
33 0.0290399
36 0.0290398
39 0.0290394
42 0.0290359
45 0.029002
48 0.0290366
51 0.0290368
54 0.029033
57 0.029026
60 0.0290198
63 0.0290234
66 0.029031
69 0.0290358
72 0.0290376
75 0.0290372
78 0.0290345
81 0.0290312
84 0.0290313
87 0.0290338
90 0.0290334
