-90 0.029035
-87 0.0290357
-84 0.029037
-81 0.0290374
-78 0.0290338
-75 0.0290211
-72 0.0289721
-69 0.0288599
-66 0.0287805
-63 0.0288798
-60 0.0289864
-57 0.0290251
-54 0.0290348
-51 0.0290367
-48 0.029037
-45 0.0290372
-42 0.0290376
-39 0.029038
-36 0.0290384
-33 0.0290388
-30 0.0290391
-27 0.0290392
-24 0.0290391
-21 0.0290372
-18 0.029026
-15 0.028963
-12 0.0285724
-9 0.0260775
-6 0.0194626
-3 0.0274778
0 0.0287941
3 0.0290008
6 0.0290335
9 0.0290388
12 0.0290397
15 0.0290398
18 0.0290396
21 0.0290398
24 0.0290397
27 0.029039
30 0.0290373
33 0.0290347
36 0.0290325
39 0.0290324
42 0.0290308
45 0.0290144
48 0.0289483
51 0.0288085
54 0.0287539
57 0.0288847
60 0.0289901
63 0.029019
66 0.0290211
69 0.0290345
72 0.0290374
75 0.029038
78 0.029036
81 0.0290324
84 0.029032
87 0.029034
90 0.029035
