-90 0.0290084
-87 0.0290127
-84 0.0290164
-81 0.0290177
-78 0.0290176
-75 0.0290172
-72 0.0290171
-69 0.0290173
-66 0.0290178
-63 0.0290186
-60 0.0290195
-57 0.0290204
-54 0.0290206
-51 0.029022
-48 0.0290237
-45 0.0290246
-42 0.0290248
-39 0.0290236
-36 0.0290207
-33 0.0290165
-30 0.0290133
-27 0.029014
-24 0.0290126
-21 0.028993
-18 0.0289404
-15 0.029001
-12 0.0290226
-9 0.0290301
-6 0.0290329
-3 0.0290341
0 0.0290346
3 0.0290343
6 0.0290295
9 0.0290111
12 0.0289958
15 0.0290317
18 0.0290343
21 0.0290309
24 0.0290139
27 0.0289488
30 0.028902
33 0.0289133
36 0.0289617
39 0.0290068
42 0.0290221
45 0.0290284
48 0.0290307
51 0.0290275
54 0.0290251
57 0.0290261
60 0.029029
63 0.0290312
66 0.0290319
69 0.0290316
72 0.0290309
75 0.0290298
78 0.0290282
81 0.0290253
84 0.02902
87 0.029012
90 0.0290084
