-90 0.029039
-87 0.029039
-84 0.0290388
-81 0.0290384
-78 0.0290378
-75 0.0290373
-72 0.0290367
-69 0.029036
-66 0.0290354
-63 0.029035
-60 0.029035
-57 0.0290353
-54 0.0290359
-51 0.0290365
-48 0.029037
-45 0.0290371
-42 0.0290369
-39 0.0290368
-36 0.0290372
-33 0.0290381
-30 0.0290388
-27 0.0290392
-24 0.0290395
-21 0.0290395
-18 0.0290394
-15 0.0290393
-12 0.0290395
-9 0.0290395
-6 0.0290392
-3 0.0290385
0 0.0290377
3 0.0290364
6 0.0290326
9 0.0290178
12 0.0289369
15 0.0284395
18 0.0253832
21 0.0221487
24 0.0278493
27 0.0288109
30 0.0288648
33 0.0286618
36 0.0285942
39 0.028821
42 0.0289651
45 0.0289883
48 0.0290037
51 0.0290267
54 0.0290349
57 0.0290371
60 0.0290375
63 0.0290374
66 0.0290373
69 0.0290372
72 0.0290372
75 0.029037
78 0.0290371
81 0.0290375
84 0.0290381
87 0.0290387
90 0.029039
