-90 0.0290222
-87 0.0290297
-84 0.0290377
-81 0.0290362
-78 0.0290337
-75 0.0290319
-72 0.0290318
-69 0.0290341
-66 0.0290367
-63 0.0290371
-60 0.0290319
-57 0.0290313
-54 0.029037
-51 0.0290381
-48 0.0290384
-45 0.0290386
-42 0.0290386
-39 0.0290385
-36 0.0290383
-33 0.0290382
-30 0.0290379
-27 0.0290376
-24 0.0290373
-21 0.0290371
-18 0.0290367
-15 0.0290355
-12 0.0290319
-9 0.0290338
-6 0.0290359
-3 0.0290361
0 0.0290359
3 0.0290357
6 0.0290351
9 0.0290343
12 0.0290337
15 0.0290335
18 0.0290322
21 0.0290301
24 0.0290276
27 0.0290253
30 0.0290246
33 0.0290259
36 0.0290273
39 0.0290223
42 0.0289886
45 0.0288655
48 0.0286515
51 0.0286675
54 0.0288776
57 0.0289791
60 0.0290019
63 0.0290161
66 0.0290193
69 0.029021
72 0.0290275
75 0.0290326
78 0.0290354
81 0.0290371
84 0.0290381
87 0.029038
90 0.0290222
