-90 0.0289938
-87 0.0289914
-84 0.0289393
-81 0.0285056
-78 0.0261266
-75 0.0240969
-72 0.0277393
-69 0.0274456
-66 0.0206808
-63 0.0258247
-60 0.0285157
-57 0.028939
-54 0.0290054
-51 0.0290207
-48 0.0290286
-45 0.0290333
-42 0.0290355
-39 0.029037
-36 0.029038
-33 0.0290384
-30 0.0290386
-27 0.0290386
-24 0.0290384
-21 0.0290377
-18 0.0290363
-15 0.0290321
-12 0.0290213
-9 0.0290023
-6 0.0289891
-3 0.0289975
0 0.0290131
3 0.02902
6 0.0290185
9 0.0290123
12 0.0290033
15 0.0289928
18 0.0289845
21 0.0289853
24 0.0289942
27 0.0290047
30 0.0290136
33 0.0290206
36 0.0290257
39 0.0290293
42 0.0290314
45 0.0290314
48 0.029027
51 0.0290161
54 0.0290052
57 0.0290082
60 0.0290217
63 0.0290322
66 0.0290366
69 0.0290381
72 0.0290385
75 0.0290385
78 0.0290382
81 0.029037
84 0.029033
87 0.0290209
90 0.0289938
