-90 0.0288472
-87 0.0278732
-84 0.023404
-81 0.0260688
-78 0.0285196
-75 0.0289502
-72 0.0290179
-69 0.0290272
-66 0.0290288
-63 0.0290306
-60 0.0290325
-57 0.0290337
-54 0.0290348
-51 0.0290363
-48 0.0290378
-45 0.0290387
-42 0.0290373
-39 0.029034
-36 0.0290336
-33 0.0290208
-30 0.0290361
-27 0.0290395
-24 0.0290396
-21 0.0290396
-18 0.0290394
-15 0.029039
-12 0.0290377
-9 0.0290345
-6 0.0290341
-3 0.0290268
0 0.0289906
3 0.0288926
6 0.0287822
9 0.0288234
12 0.0289637
15 0.0290202
18 0.0290352
21 0.0290384
24 0.0290391
27 0.0290393
30 0.0290393
33 0.0290393
36 0.0290389
39 0.0290393
42 0.0290393
45 0.0290393
48 0.029039
51 0.0290379
54 0.0290347
57 0.0290205
60 0.0289744
63 0.0288936
66 0.0288732
69 0.0289481
72 0.0290096
75 0.0290323
78 0.0290375
81 0.029036
84 0.029034
87 0.0290084
90 0.0288472
