-90 0.0290225
-87 0.029023
-84 0.0290239
-81 0.0290248
-78 0.0290238
-75 0.029027
-72 0.0290308
-69 0.0290327
-66 0.0290341
-63 0.0290353
-60 0.0290362
-57 0.0290368
-54 0.0290368
-51 0.029035
-48 0.0290285
-45 0.0290228
-42 0.0290308
-39 0.0290366
-36 0.0290386
-33 0.0290392
-30 0.0290394
-27 0.0290394
-24 0.0290381
-21 0.029028
-18 0.0290299
-15 0.0290378
-12 0.0290371
-9 0.0290359
-6 0.0290261
-3 0.0290361
0 0.0290389
3 0.0290388
6 0.0290377
9 0.0290339
12 0.029023
15 0.0290024
18 0.0289866
21 0.0289953
24 0.029014
27 0.0290239
30 0.0290258
33 0.0290251
36 0.0290247
39 0.0290251
42 0.0290254
45 0.0290238
48 0.0290178
51 0.0290037
54 0.0289739
57 0.0289638
60 0.0289977
63 0.0290134
66 0.0290152
69 0.0290028
72 0.0289662
75 0.0289385
78 0.0289517
81 0.0289896
84 0.0290133
87 0.0290209
90 0.0290225
