-90 0.0290064
-87 0.0290208
-84 0.0290322
-81 0.0290373
-78 0.029039
-75 0.0290396
-72 0.0290397
-69 0.0290398
-66 0.0290399
-63 0.0290399
-60 0.0290398
-57 0.0290396
-54 0.0290397
-51 0.0290398
-48 0.0290396
-45 0.0290374
-42 0.0290171
-39 0.0289972
-36 0.0290352
-33 0.0290392
-30 0.0290393
-27 0.0290367
-24 0.0290196
-21 0.02901
-18 0.0290346
-15 0.0290389
-12 0.0290391
-9 0.029037
-6 0.0290317
-3 0.029035
0 0.0290367
3 0.0290327
6 0.0290205
9 0.0290002
12 0.0289883
15 0.0289975
18 0.0290194
21 0.0290317
24 0.0290349
27 0.0290355
30 0.0290352
33 0.0290343
36 0.0290335
39 0.029032
42 0.0290295
45 0.0290257
48 0.0290209
51 0.0290173
54 0.0290184
57 0.0290235
60 0.0290287
63 0.0290322
66 0.0290341
69 0.0290342
72 0.0290204
75 0.0290187
78 0.029026
81 0.0290236
84 0.0290149
87 0.0290038
90 0.0290064
