-90 0.0290378
-87 0.0290387
-84 0.0290392
-81 0.0290367
-78 0.0289816
-75 0.0290311
-72 0.0290388
-69 0.0290391
-66 0.029039
-63 0.0290387
-60 0.029038
-57 0.0290368
-54 0.0290349
-51 0.029036
-48 0.0290326
-45 0.0290197
-42 0.0289917
-39 0.0289626
-36 0.02897
-33 0.0290078
-30 0.0290279
-27 0.0290344
-24 0.029036
-21 0.0290364
-18 0.0290366
-15 0.0290368
-12 0.0290369
-9 0.0290369
-6 0.0290354
-3 0.029035
0 0.0290367
3 0.0290362
6 0.0290343
9 0.0290307
12 0.0290252
15 0.0290205
18 0.0290203
21 0.0290175
24 0.0289744
27 0.0287356
30 0.0276939
33 0.0263053
36 0.0279916
39 0.0288277
42 0.0290013
45 0.0290321
48 0.0290379
51 0.0290391
54 0.0290394
57 0.0290396
60 0.0290396
63 0.0290394
66 0.0290392
69 0.0290392
72 0.0290395
75 0.0290396
78 0.0290395
81 0.0290392
84 0.0290381
87 0.0290369
90 0.0290378
