-90 0.0289501
-87 0.0289483
-84 0.0289483
-81 0.0289555
-78 0.0289577
-75 0.0289592
-72 0.0289607
-69 0.0289621
-66 0.0289633
-63 0.0289645
-60 0.0289656
-57 0.0289663
-54 0.0289654
-51 0.028965
-48 0.0289667
-45 0.0289668
-42 0.0289667
-39 0.028968
-36 0.02897
-33 0.0289716
-30 0.0289725
-27 0.028973
-24 0.0289733
-21 0.0289734
-18 0.0289735
-15 0.0289735
-12 0.0289736
-9 0.0289737
-6 0.028973
-3 0.0289654
0 0.0289377
3 0.0289521
6 0.0289705
9 0.0289715
12 0.0289617
15 0.0289271
18 0.0289679
21 0.0289689
24 0.0289678
27 0.0289657
30 0.0289609
33 0.0289501
36 0.0289338
39 0.0289254
42 0.0289339
45 0.0289457
48 0.0289505
51 0.0289491
54 0.0289437
57 0.0289349
60 0.0289243
63 0.0289177
66 0.0289197
69 0.0289263
72 0.0289321
75 0.0289365
78 0.0289403
81 0.0289435
84 0.0289461
87 0.0289484
90 0.0289501
