-90 0.0284735
-87 0.028368
-84 0.0287496
-81 0.028967
-78 0.0290251
-75 0.0290371
-72 0.0290391
-69 0.0290309
-66 0.0290188
-63 0.0290386
-60 0.0290374
-57 0.0290264
-54 0.0289657
-51 0.0286619
-48 0.0276594
-45 0.027385
-42 0.028503
-39 0.0289285
-36 0.0290157
-33 0.0290285
-30 0.0290297
-27 0.0290324
-24 0.029036
-21 0.0290384
-18 0.0290394
-15 0.0290395
-12 0.0290369
-9 0.0289703
-6 0.0290356
-3 0.0290395
0 0.029039
3 0.0290372
6 0.0290347
9 0.0290304
12 0.0290273
15 0.0290286
18 0.0290291
21 0.0290165
24 0.0290283
27 0.0290375
30 0.0290389
33 0.029039
36 0.0290385
39 0.0290367
42 0.0290324
45 0.0290275
48 0.0290294
51 0.0290279
54 0.0290165
57 0.0290334
60 0.029025
63 0.0290096
66 0.029019
69 0.0290316
72 0.029036
75 0.0290372
78 0.0290367
81 0.0290301
84 0.0289942
87 0.0288435
90 0.0284735
