-90 0.0290395
-87 0.0290372
-84 0.0290366
-81 0.0290395
-78 0.0290397
-75 0.0290396
-72 0.0290394
-69 0.0290393
-66 0.0290393
-63 0.0290393
-60 0.0290393
-57 0.0290388
-54 0.0290352
-51 0.0290332
-48 0.0290304
-45 0.0290221
-42 0.0290174
-39 0.0290228
-36 0.0290316
-33 0.0290369
-30 0.0290387
-27 0.0290385
-24 0.0290361
-21 0.0290262
-18 0.0289867
-15 0.0289787
-12 0.0290072
-9 0.0290209
-6 0.0290302
-3 0.029035
0 0.0290367
3 0.0290381
6 0.0290388
9 0.0290389
12 0.029035
15 0.0289906
18 0.029035
21 0.0290385
24 0.0290381
27 0.0290375
30 0.0290348
33 0.0290155
36 0.0288911
39 0.0280951
42 0.0229985
45 0.0240549
48 0.0282605
51 0.0289172
54 0.0290202
57 0.0290365
60 0.0290389
63 0.0290387
66 0.0290367
69 0.0290292
72 0.0290151
75 0.0290243
78 0.0290353
81 0.0290387
84 0.0290395
87 0.0290396
90 0.0290395
