-90 0.0290396
-87 0.0290393
-84 0.0290394
-81 0.0290399
-78 0.0290399
-75 0.0290398
-72 0.0290397
-69 0.0290393
-66 0.0290389
-63 0.0290392
-60 0.0290394
-57 0.0290392
-54 0.0290392
-51 0.0290396
-48 0.0290397
-45 0.0290396
-42 0.0290395
-39 0.0290393
-36 0.0290385
-33 0.029034
-30 0.0290064
-27 0.0289875
-24 0.028994
-21 0.02901
-18 0.0290264
-15 0.0290166
-12 0.0289924
-9 0.0289599
-6 0.0289956
-3 0.0290187
0 0.0290298
3 0.0290349
6 0.0290347
9 0.0290031
12 0.0290251
15 0.0290202
18 0.0290375
21 0.0290393
24 0.0290395
27 0.0290396
30 0.0290398
33 0.0290399
36 0.0290399
39 0.0290395
42 0.0290387
45 0.0290327
48 0.0289958
51 0.028774
54 0.0275443
57 0.024292
60 0.0272627
63 0.0287161
66 0.0289781
69 0.0290062
72 0.0289868
75 0.0289779
78 0.0289995
81 0.0290235
84 0.0290351
87 0.0290387
90 0.0290396
