-90 0.0290122
-87 0.0290103
-84 0.029013
-81 0.029019
-78 0.0290238
-75 0.0290264
-72 0.0290275
-69 0.0290283
-66 0.0290287
-63 0.0290277
-60 0.0290239
-57 0.0290274
-54 0.0290297
-51 0.02903
-48 0.0290299
-45 0.0290301
-42 0.02903
-39 0.0290297
-36 0.0290284
-33 0.0290228
-30 0.0290046
-27 0.0289847
-24 0.0289833
-21 0.029017
-18 0.029025
-15 0.0290261
-12 0.0290257
-9 0.0290245
-6 0.0290222
-3 0.0290217
0 0.0290214
3 0.0290201
6 0.0290185
9 0.0290167
12 0.0290146
15 0.0290122
18 0.0290095
21 0.0290065
24 0.0290032
27 0.0289996
30 0.0289954
33 0.0289904
36 0.0289807
39 0.0289698
42 0.0289841
45 0.0289865
48 0.0289894
51 0.0289914
54 0.0289933
57 0.0289954
60 0.0289977
63 0.0290004
66 0.0290032
69 0.0290063
72 0.0290094
75 0.0290122
78 0.0290144
81 0.0290145
84 0.029009
87 0.0290119
90 0.0290122
