-90 0.0290395
-87 0.0290389
-84 0.0290381
-81 0.0290368
-78 0.0290345
-75 0.0290312
-72 0.0290256
-69 0.0290139
-66 0.0289882
-63 0.0289554
-60 0.0289961
-57 0.029018
-54 0.0290272
-51 0.0290243
-48 0.0289831
-45 0.0288017
-42 0.0283692
-39 0.028307
-36 0.0287494
-33 0.0289683
-30 0.0290214
-27 0.0290305
-24 0.0290334
-21 0.0290362
-18 0.0290383
-15 0.0290393
-12 0.0290396
-9 0.0290398
-6 0.0290398
-3 0.0290396
0 0.0290379
3 0.0290141
6 0.0290114
9 0.0290377
12 0.0290395
15 0.029039
18 0.0290307
21 0.0289486
24 0.0290316
27 0.0290391
30 0.0290395
33 0.0290388
36 0.0290362
39 0.0290253
42 0.0289709
45 0.0287467
48 0.0282645
51 0.0283018
54 0.0287768
57 0.0289794
60 0.0290277
63 0.0290362
66 0.0290346
69 0.0290355
72 0.0290388
75 0.0290395
78 0.0290393
81 0.0290397
84 0.0290398
87 0.0290397
90 0.0290395
