-90 0.0290308
-87 0.0289981
-84 0.028814
-81 0.0279559
-78 0.0264477
-75 0.0278345
-72 0.0287828
-69 0.0289923
-66 0.02903
-63 0.0290366
-60 0.0290379
-57 0.0290382
-54 0.029038
-51 0.0290381
-48 0.0290384
-45 0.0290383
-42 0.029037
-39 0.0290284
-36 0.0289846
-33 0.0290132
-30 0.0290253
-27 0.0290306
-24 0.0290345
-21 0.0290351
-18 0.0290345
-15 0.0290354
-12 0.0290352
-9 0.0290322
-6 0.0290256
-3 0.0290156
0 0.0290097
3 0.029016
6 0.0290257
9 0.0290324
12 0.029036
15 0.0290378
18 0.0290387
21 0.0290391
24 0.0290392
27 0.0290387
30 0.0290361
33 0.029024
36 0.0289897
39 0.0289678
42 0.028948
45 0.0289673
48 0.0290067
51 0.0290291
54 0.0290365
57 0.0290381
60 0.0290377
63 0.0290368
66 0.0290355
69 0.0290301
72 0.0290178
75 0.0289918
78 0.0290175
81 0.0290319
84 0.0290364
87 0.0290365
90 0.0290308
