-90 0.0289843
-87 0.0288205
-84 0.0277818
-81 0.0226723
-78 0.0259848
-75 0.0285237
-72 0.0289554
-69 0.029025
-66 0.0290363
-63 0.0290384
-60 0.0290388
-57 0.0290349
-54 0.0289856
-51 0.0290351
-48 0.0290394
-45 0.0290397
-42 0.0290397
-39 0.0290397
-36 0.0290395
-33 0.0290386
-30 0.029035
-27 0.0290207
-24 0.0289599
-21 0.0289992
-18 0.0290248
-15 0.029034
-12 0.0290379
-9 0.0290393
-6 0.0290397
-3 0.0290397
0 0.0290389
3 0.0290363
6 0.0290375
9 0.0290394
12 0.0290398
15 0.0290397
18 0.029039
21 0.0290374
24 0.0290386
27 0.0290394
30 0.0290389
33 0.0290376
36 0.0290353
39 0.0290332
42 0.0290332
45 0.0290353
48 0.0290374
51 0.0290385
54 0.0290389
57 0.029039
60 0.0290391
63 0.029039
66 0.0290388
69 0.0290381
72 0.0290364
75 0.0290322
78 0.029022
81 0.0289995
84 0.0289754
87 0.0289963
90 0.0289843
