-90 0.029037
-87 0.0290362
-84 0.0290354
-81 0.0290347
-78 0.0290346
-75 0.0290347
-72 0.0290354
-69 0.0290354
-66 0.0290311
-63 0.0290064
-60 0.0288961
-57 0.0285708
-54 0.028322
-51 0.0286511
-48 0.0289038
-45 0.028937
-42 0.0290157
-39 0.0290342
-36 0.0290385
-33 0.0290396
-30 0.0290397
-27 0.0290393
-24 0.0290395
-21 0.0290398
-18 0.0290396
-15 0.0290388
-12 0.0290364
-9 0.0290269
-6 0.0289717
-3 0.0286839
0 0.0276574
3 0.0272027
6 0.0284273
9 0.0289154
12 0.0290176
15 0.029036
18 0.0290389
21 0.0290395
24 0.0290393
27 0.0290382
30 0.0290361
33 0.0290339
36 0.0290337
39 0.0290349
42 0.0290327
45 0.0290127
48 0.0290086
51 0.029022
54 0.0290306
57 0.0290351
60 0.0290299
63 0.0290066
66 0.0290206
69 0.0290356
72 0.0290385
75 0.0290369
78 0.0290187
81 0.0290177
84 0.0290243
87 0.0290367
90 0.029037
