-90 0.0290315
-87 0.0290311
-84 0.0290332
-81 0.0290358
-78 0.0290378
-75 0.029039
-72 0.0290395
-69 0.0290393
-66 0.0290371
-63 0.0290249
-60 0.0289651
-57 0.0287349
-54 0.0283071
-51 0.0284121
-48 0.0288249
-45 0.0289911
-42 0.0290304
-39 0.0290381
-36 0.0290395
-33 0.0290399
-30 0.0290399
-27 0.0290399
-24 0.0290398
-21 0.0290397
-18 0.0290395
-15 0.0290395
-12 0.0290394
-9 0.0290392
-6 0.0290379
-3 0.0290314
0 0.0290035
3 0.0289143
6 0.0287738
9 0.0287835
12 0.0289246
15 0.0290061
18 0.0290305
21 0.0290361
24 0.0290373
27 0.0290378
30 0.0290382
33 0.0290385
36 0.0290387
39 0.0290389
42 0.029039
45 0.0290391
48 0.0290389
51 0.0290381
54 0.0290357
57 0.0290181
60 0.0289081
63 0.0282606
66 0.0252919
69 0.0256905
72 0.0283728
75 0.0289277
78 0.0290209
81 0.0290354
84 0.0290365
87 0.0290345
90 0.0290315
