-90 0.0290354
-87 0.0290377
-84 0.0290385
-81 0.0290393
-78 0.0290394
-75 0.0290391
-72 0.0290387
-69 0.029039
-66 0.0290373
-63 0.0290115
-60 0.0290312
-57 0.0290387
-54 0.0290396
-51 0.0290397
-48 0.0290396
-45 0.0290394
-42 0.0290385
-39 0.0290371
-36 0.0290326
-33 0.0290248
-30 0.029019
-27 0.0290215
-24 0.0290287
-21 0.0290336
-18 0.0290335
-15 0.0290194
-12 0.0289815
-9 0.029028
-6 0.0290375
-3 0.0290373
0 0.029031
3 0.0290368
6 0.0290383
9 0.0290373
12 0.0290358
15 0.0290334
18 0.0290287
21 0.0290234
24 0.0290258
27 0.0290322
30 0.0290358
33 0.0290375
36 0.0290387
39 0.0290393
42 0.0290394
45 0.0290362
48 0.0290309
51 0.0290389
54 0.0290392
57 0.0290384
60 0.029038
63 0.0290388
66 0.0290394
69 0.0290394
72 0.0290389
75 0.0290371
78 0.0290323
81 0.0290254
84 0.0290256
87 0.029031
90 0.0290354
