-90 0.0290189
-87 0.0290194
-84 0.0290202
-81 0.0290212
-78 0.0290225
-75 0.0290237
-72 0.029025
-69 0.0290261
-66 0.0290271
-63 0.029028
-60 0.0290287
-57 0.0290295
-54 0.0290299
-51 0.0290302
-48 0.0290306
-45 0.0290311
-42 0.0290317
-39 0.0290321
-36 0.0290325
-33 0.0290329
-30 0.0290332
-27 0.0290336
-24 0.0290338
-21 0.029034
-18 0.0290341
-15 0.0290342
-12 0.0290343
-9 0.0290344
-6 0.0290345
-3 0.0290345
0 0.0290343
3 0.0290333
6 0.0290292
9 0.0290119
12 0.0289513
15 0.0289493
18 0.0289495
21 0.0289754
24 0.0290017
27 0.0290194
30 0.0290299
33 0.0290326
36 0.0290329
39 0.029032
42 0.0290276
45 0.0290235
48 0.0290291
51 0.029031
54 0.0290305
57 0.0290294
60 0.0290258
63 0.029009
66 0.0289239
69 0.0285467
72 0.027676
75 0.0279183
78 0.0287031
81 0.0289566
84 0.0290085
87 0.0290174
90 0.0290189
