-90 0.029006
-87 0.0289693
-84 0.0289474
-81 0.0289745
-78 0.029011
-75 0.0290284
-72 0.0290335
-69 0.029034
-66 0.0290307
-63 0.029032
-60 0.0290355
-57 0.0290365
-54 0.0290372
-51 0.0290377
-48 0.0290382
-45 0.0290385
-42 0.0290384
-39 0.0290374
-36 0.0290351
-33 0.0290288
-30 0.0290137
-27 0.0290263
-24 0.0290358
-21 0.0290385
-18 0.0290394
-15 0.0290398
-12 0.0290399
-9 0.0290399
-6 0.0290398
-3 0.0290394
0 0.0290389
3 0.0290378
6 0.0290369
9 0.0290354
12 0.0290292
15 0.0290075
18 0.0289626
21 0.0289962
24 0.0290159
27 0.0290202
30 0.0290256
33 0.0290291
36 0.0290337
39 0.0290377
42 0.0290392
45 0.0290394
48 0.0290388
51 0.0290353
54 0.0290321
57 0.0290378
60 0.0290395
63 0.0290395
66 0.0290391
69 0.0290379
72 0.0290341
75 0.0290228
78 0.0289954
81 0.0289995
84 0.0290214
87 0.0290232
90 0.029006
