-90 0.0281581
-87 0.0277096
-84 0.0284345
-81 0.0288893
-78 0.0290084
-75 0.0290318
-72 0.0290357
-69 0.0290359
-66 0.0290356
-63 0.0290353
-60 0.0290348
-57 0.0290351
-54 0.0290356
-51 0.029036
-48 0.0290364
-45 0.0290362
-42 0.0290326
-39 0.0290136
-36 0.0289371
-33 0.0287461
-30 0.0286274
-27 0.0288056
-24 0.0289676
-21 0.0290228
-18 0.0290362
-15 0.029039
-12 0.0290396
-9 0.0290398
-6 0.0290396
-3 0.0290359
0 0.0289919
3 0.0290352
6 0.0290382
9 0.0290388
12 0.0290397
15 0.0290398
18 0.0290397
21 0.0290392
24 0.0290375
27 0.0290309
30 0.0290077
33 0.0290128
36 0.029033
39 0.029038
42 0.0290391
45 0.0290394
48 0.0290397
51 0.0290398
54 0.0290399
57 0.0290398
60 0.0290397
63 0.0290396
66 0.0290397
69 0.0290397
72 0.0290395
75 0.0290386
78 0.0290346
81 0.0290169
84 0.0289481
87 0.0287601
90 0.0281581
