-90 0.0290392
-87 0.0290391
-84 0.029039
-81 0.0290388
-78 0.0290386
-75 0.0290375
-72 0.0290285
-69 0.0290311
-66 0.0290374
-63 0.0290372
-60 0.0290356
-57 0.0290327
-54 0.0290298
-51 0.0290297
-48 0.029033
-45 0.0290362
-42 0.0290378
-39 0.0290377
-36 0.0290321
-33 0.0289954
-30 0.0290308
-27 0.0290365
-24 0.0290384
-21 0.0290389
-18 0.0290392
-15 0.0290394
-12 0.0290395
-9 0.0290395
-6 0.0290394
-3 0.0290381
0 0.0290333
3 0.0290195
6 0.0290289
9 0.0290375
12 0.0290393
15 0.0290396
18 0.0290397
21 0.0290393
24 0.0290379
27 0.029029
30 0.028984
33 0.0287973
36 0.0283635
39 0.0283169
42 0.0287548
45 0.0289547
48 0.0290055
51 0.029032
54 0.0290375
57 0.0290383
60 0.0290381
63 0.0290378
66 0.0290369
69 0.0290353
72 0.0290365
75 0.0290385
78 0.029039
81 0.0290386
84 0.0290389
87 0.0290392
90 0.0290392
