-90 0.0290396
-87 0.0290398
-84 0.0290398
-81 0.0290397
-78 0.0290394
-75 0.0290391
-72 0.0290354
-69 0.0290214
-66 0.0290364
-63 0.0290375
-60 0.0290363
-57 0.0290357
-54 0.0290364
-51 0.0290377
-48 0.0290386
-45 0.0290362
-42 0.0290241
-39 0.029036
-36 0.0290327
-33 0.0290288
-30 0.029036
-27 0.0290391
-24 0.0290397
-21 0.0290397
-18 0.0290396
-15 0.0290389
-12 0.0290372
-9 0.0290341
-6 0.0290308
-3 0.0290304
0 0.0290332
3 0.0290363
6 0.0290378
9 0.0290381
12 0.0290377
15 0.0290369
18 0.0290357
21 0.029034
24 0.0290315
27 0.0290283
30 0.0290237
33 0.0290192
36 0.0290179
39 0.0290201
42 0.029023
45 0.0290247
48 0.0290254
51 0.0290267
54 0.0290295
57 0.0290315
60 0.0290247
63 0.0289665
66 0.028623
69 0.0266163
72 0.0205321
75 0.0272971
78 0.0287598
81 0.028995
84 0.0290325
87 0.0290386
90 0.0290396
