-90 0.0290124
-87 0.0289784
-84 0.0289499
-81 0.0289677
-78 0.0290052
-75 0.0290265
-72 0.0290341
-69 0.0290365
-66 0.0290375
-63 0.0290381
-60 0.0290384
-57 0.0290385
-54 0.0290386
-51 0.0290386
-48 0.0290386
-45 0.0290382
-42 0.029036
-39 0.029036
-36 0.0290288
-33 0.0290362
-30 0.0290388
-27 0.029039
-24 0.029039
-21 0.0290389
-18 0.0290386
-15 0.0290382
-12 0.029037
-9 0.0290298
-6 0.0290145
-3 0.029027
0 0.0290307
3 0.0290334
6 0.0290314
9 0.0290331
12 0.029033
15 0.0290312
18 0.0290283
21 0.0290245
24 0.0290199
27 0.0290153
30 0.0290108
33 0.0290064
36 0.0290017
39 0.0289967
42 0.0289905
45 0.028983
48 0.0289758
51 0.0289694
54 0.0289615
57 0.0289538
60 0.0289603
63 0.0289806
66 0.0290002
69 0.0290121
72 0.02902
75 0.0290254
78 0.0290291
81 0.0290314
84 0.0290319
87 0.029028
90 0.0290124
