-90 0.0290392
-87 0.0290391
-84 0.0290392
-81 0.029039
-78 0.0290384
-75 0.0290371
-72 0.0290349
-69 0.0290316
-66 0.0290195
-63 0.028945
-60 0.0285174
-57 0.0266913
-54 0.0261048
-51 0.0282927
-48 0.0289028
-45 0.029015
-42 0.0290342
-39 0.0290371
-36 0.0290371
-33 0.0290366
-30 0.0290358
-27 0.029035
-24 0.0290341
-21 0.0290332
-18 0.0290324
-15 0.0290318
-12 0.0290312
-9 0.0290292
-6 0.0290177
-3 0.0289496
0 0.0285801
3 0.02714
6 0.0266426
9 0.0283545
12 0.028907
15 0.0290142
18 0.0290335
21 0.0290373
24 0.0290383
27 0.0290388
30 0.029039
33 0.0290392
36 0.0290393
39 0.0290394
42 0.0290392
45 0.0290384
48 0.0290355
51 0.0290279
54 0.0290075
57 0.0289167
60 0.0283514
63 0.0247579
66 0.0224
69 0.0279728
72 0.0288671
75 0.029003
78 0.0290291
81 0.0290374
84 0.0290391
87 0.0290395
90 0.0290392
