-90 0.0289915
-87 0.0289996
-84 0.0290327
-81 0.0290384
-78 0.0290393
-75 0.0290397
-72 0.0290396
-69 0.029039
-66 0.029036
-63 0.0290206
-60 0.0289476
-57 0.0286852
-54 0.0282931
-51 0.0284957
-48 0.0288678
-45 0.0290016
-42 0.0290321
-39 0.0290379
-36 0.0290394
-33 0.0290398
-30 0.0290399
-27 0.0290398
-24 0.0290393
-21 0.0290391
-18 0.0290388
-15 0.0290387
-12 0.0290388
-9 0.029038
-6 0.029033
-3 0.0290044
0 0.0288513
3 0.0281945
6 0.0271577
9 0.0280566
12 0.0288074
15 0.0289928
18 0.0290295
21 0.029037
24 0.0290359
27 0.0290323
30 0.0290193
33 0.0289965
36 0.0290295
39 0.0290137
42 0.0289649
45 0.0289094
48 0.0289263
51 0.0289873
54 0.0290148
57 0.0289953
60 0.0290113
63 0.0289707
66 0.0289361
69 0.0289588
72 0.0290009
75 0.0290188
78 0.0290202
81 0.0290244
84 0.0290254
87 0.0290128
90 0.0289915
