-90 0.0290331
-87 0.0290273
-84 0.0289985
-81 0.0289936
-78 0.0290247
-75 0.0290335
-72 0.0290352
-69 0.0290333
-66 0.0290279
-63 0.0290179
-60 0.0290042
-57 0.0289998
-54 0.0290084
-51 0.0290139
-48 0.0290269
-45 0.0290347
-42 0.029037
-39 0.0290372
-36 0.029035
-33 0.0290231
-30 0.028977
-27 0.0288686
-24 0.0287927
-21 0.0288801
-18 0.0289839
-15 0.0290257
-12 0.0290368
-9 0.0290392
-6 0.0290397
-3 0.0290398
0 0.029039
3 0.029034
6 0.0290377
9 0.0290397
12 0.0290399
15 0.0290398
18 0.0290396
21 0.0290387
24 0.0290362
27 0.0290311
30 0.0290254
33 0.0290242
36 0.0290298
39 0.0290357
42 0.0290385
45 0.0290394
48 0.0290394
51 0.0290392
54 0.0290396
57 0.0290398
60 0.0290391
63 0.0290271
66 0.0290078
69 0.0290374
72 0.0290379
75 0.0290348
78 0.0290279
81 0.0290191
84 0.0290212
87 0.0290297
90 0.0290331
