-90 0.029038
-87 0.029038
-84 0.029035
-81 0.0290303
-78 0.0290358
-75 0.0290366
-72 0.0290359
-69 0.029036
-66 0.0290369
-63 0.0290386
-60 0.0290394
-57 0.0290397
-54 0.0290399
-51 0.0290399
-48 0.0290399
-45 0.0290399
-42 0.0290398
-39 0.0290398
-36 0.0290396
-33 0.0290397
-30 0.0290396
-27 0.0290388
-24 0.0290359
-21 0.0290288
-18 0.0290178
-15 0.0290106
-12 0.0290041
-9 0.028944
-6 0.0286587
-3 0.0280511
0 0.028193
3 0.0287629
6 0.0289671
9 0.0290048
12 0.0290088
15 0.029016
18 0.0290234
21 0.0290277
24 0.0290334
27 0.0290374
30 0.0290388
33 0.0290394
36 0.0290396
39 0.0290396
42 0.0290396
45 0.0290394
48 0.0290385
51 0.0290369
54 0.0290384
57 0.0290384
60 0.029038
63 0.0290381
66 0.0290381
69 0.0290378
72 0.0290375
75 0.0290372
78 0.0290357
81 0.0290192
84 0.0290131
87 0.0290356
90 0.029038
