-90 0.0290347
-87 0.0290254
-84 0.0289888
-81 0.0288844
-78 0.028747
-75 0.0288301
-72 0.0289561
-69 0.0290135
-66 0.0290293
-63 0.0290324
-60 0.0290327
-57 0.0290325
-54 0.0290323
-51 0.029032
-48 0.0290317
-45 0.0290317
-42 0.0290316
-39 0.0290313
-36 0.0290309
-33 0.0290296
-30 0.0290239
-27 0.0289954
-24 0.0288616
-21 0.0284193
-18 0.0280218
-15 0.0285163
-12 0.0288999
-9 0.0290067
-6 0.0290295
-3 0.0290344
0 0.029036
3 0.0290367
6 0.0290368
9 0.0290368
12 0.029037
15 0.0290375
18 0.0290381
21 0.0290385
24 0.0290376
27 0.0290316
30 0.029037
33 0.0290362
36 0.0290319
39 0.0290247
42 0.0290206
45 0.0290246
48 0.0290319
51 0.0290364
54 0.0290379
57 0.0290382
60 0.0290384
63 0.0290388
66 0.0290388
69 0.0290388
72 0.0290387
75 0.0290385
78 0.0290384
81 0.0290381
84 0.0290378
87 0.0290371
90 0.0290347
