-90 0.029034
-87 0.0290106
-84 0.0288832
-81 0.0281578
-78 0.0245601
-75 0.0253578
-72 0.0283595
-69 0.028924
-66 0.029016
-63 0.0290302
-60 0.0290323
-57 0.0290327
-54 0.0290302
-51 0.0289665
-48 0.0290284
-45 0.029036
-42 0.029037
-39 0.0290358
-36 0.0290246
-33 0.0289545
-30 0.0285455
-27 0.026608
-24 0.0254363
-21 0.0281398
-18 0.0288797
-15 0.0290114
-12 0.0290339
-9 0.0290381
-6 0.0290387
-3 0.0290382
0 0.0290378
3 0.029038
6 0.0290388
9 0.0290394
12 0.0290397
15 0.0290397
18 0.0290391
21 0.0290353
24 0.029034
27 0.0290386
30 0.0290393
33 0.0290379
36 0.0290328
39 0.0290266
42 0.0290318
45 0.0290373
48 0.0290389
51 0.0290395
54 0.0290379
57 0.0290376
60 0.0290397
63 0.0290399
66 0.0290399
69 0.0290398
72 0.0290398
75 0.0290398
78 0.0290397
81 0.0290394
84 0.0290394
87 0.0290384
90 0.029034
