-90 0.0290272
-87 0.0290325
-84 0.0290367
-81 0.0290386
-78 0.0290394
-75 0.0290396
-72 0.0290395
-69 0.0290393
-66 0.0290386
-63 0.0290367
-60 0.0290333
-57 0.0290299
-54 0.0290297
-51 0.0290323
-48 0.0290318
-45 0.0290257
-42 0.0290339
-39 0.0290367
-36 0.0290367
-33 0.0290363
-30 0.0290365
-27 0.029037
-24 0.0290377
-21 0.0290382
-18 0.0290384
-15 0.0290378
-12 0.0290377
-9 0.0290345
-6 0.0290206
-3 0.0289823
0 0.0289301
3 0.0289301
6 0.0289783
9 0.0290017
12 0.0289716
15 0.0289065
18 0.0289274
21 0.0289563
24 0.0288053
27 0.028252
30 0.0278884
33 0.0285355
36 0.0289186
39 0.0290132
42 0.0290295
45 0.0290297
48 0.029028
51 0.0290287
54 0.0290315
57 0.0290343
60 0.0290361
63 0.029037
66 0.0290372
69 0.029037
72 0.0290365
75 0.0290356
78 0.0290348
81 0.0290328
84 0.0290285
87 0.0290253
90 0.0290272
