-90 0.0290288
-87 0.029036
-84 0.0290386
-81 0.0290394
-78 0.0290392
-75 0.0290358
-72 0.0290024
-69 0.029001
-66 0.0290088
-63 0.0290033
-60 0.0290136
-57 0.0290281
-54 0.0290361
-51 0.0290389
-48 0.0290397
-45 0.0290399
-42 0.0290398
-39 0.0290395
-36 0.0290382
-33 0.0290232
-30 0.0290208
-27 0.0290383
-24 0.0290395
-21 0.0290393
-18 0.029039
-15 0.0290394
-12 0.0290391
-9 0.0290328
-6 0.0290218
-3 0.029036
0 0.0290365
3 0.0290308
6 0.0290138
9 0.0289687
12 0.0289931
15 0.0290129
18 0.0289667
21 0.0286381
24 0.0269683
27 0.0250122
30 0.0279186
33 0.0288401
36 0.0290066
39 0.0290344
42 0.0290387
45 0.0290372
48 0.0290199
51 0.0290313
54 0.0290391
57 0.0290399
60 0.0290399
63 0.0290399
66 0.0290397
69 0.0290392
72 0.0290378
75 0.0290333
78 0.0290224
81 0.0290082
84 0.0290036
87 0.0290151
90 0.0290288
