-90 0.0290394
-87 0.0290371
-84 0.029032
-81 0.0290376
-78 0.0290384
-75 0.0290364
-72 0.0290179
-69 0.0289814
-66 0.0290312
-63 0.0290386
-60 0.0290396
-57 0.0290397
-54 0.0290396
-51 0.0290391
-48 0.0290376
-45 0.0290317
-42 0.0290055
-39 0.0288765
-36 0.0282192
-33 0.0261489
-30 0.027022
-27 0.028595
-24 0.0289609
-21 0.0290262
-18 0.0290365
-15 0.029036
-12 0.0290344
-9 0.0290367
-6 0.0290387
-3 0.0290392
0 0.0290393
3 0.0290388
6 0.0290352
9 0.029022
12 0.0290328
15 0.029039
18 0.0290395
21 0.0290396
24 0.0290395
27 0.0290394
30 0.0290392
33 0.0290385
36 0.029036
39 0.0290273
42 0.0289998
45 0.0289328
48 0.0287485
51 0.0284926
54 0.0286365
57 0.028902
60 0.0290051
63 0.0290312
66 0.029037
69 0.0290381
72 0.0290385
75 0.0290387
78 0.0290389
81 0.0290391
84 0.0290393
87 0.0290394
90 0.0290394
