-90 0.0290343
-87 0.0290196
-84 0.0290159
-81 0.0290333
-78 0.0290381
-75 0.0290392
-72 0.0290394
-69 0.0290387
-66 0.0290316
-63 0.028983
-60 0.0289852
-57 0.0288926
-54 0.0286924
-51 0.0286754
-48 0.0288655
-45 0.0289095
-42 0.0290212
-39 0.0290364
-36 0.0290383
-33 0.0290382
-30 0.0290378
-27 0.0290371
-24 0.0290361
-21 0.0290348
-18 0.0290325
-15 0.0290288
-12 0.0290239
-9 0.0290214
-6 0.0290249
-3 0.0290306
0 0.0290347
3 0.029037
6 0.0290382
9 0.0290387
12 0.029038
15 0.0290375
18 0.02902
21 0.0290285
24 0.0290389
27 0.0290392
30 0.0290389
33 0.0290385
36 0.0290384
39 0.0290386
42 0.0290389
45 0.029039
48 0.0290385
51 0.0290374
54 0.0290386
57 0.0290388
60 0.0290385
63 0.0290387
66 0.0290386
69 0.0290384
72 0.0290383
75 0.0290382
78 0.029038
81 0.0290378
84 0.0290378
87 0.0290375
90 0.0290343
