-90 0.0290295
-87 0.0290378
-84 0.0290394
-81 0.0290396
-78 0.0290399
-75 0.0290399
-72 0.0290397
-69 0.0290388
-66 0.0290379
-63 0.0290392
-60 0.0290397
-57 0.0290397
-54 0.0290395
-51 0.0290395
-48 0.0290396
-45 0.0290395
-42 0.0290393
-39 0.0290389
-36 0.0290382
-33 0.0290375
-30 0.0290371
-27 0.0290366
-24 0.0290363
-21 0.0290351
-18 0.0290276
-15 0.028982
-12 0.0287316
-9 0.0276822
-6 0.0266833
-3 0.0281839
0 0.028866
3 0.0290078
6 0.0290318
9 0.029033
12 0.0290294
15 0.0290288
18 0.029033
21 0.0290368
24 0.0290387
27 0.0290394
30 0.029039
33 0.0290375
36 0.0290263
39 0.0290318
42 0.0290383
45 0.0290389
48 0.0290383
51 0.0290365
54 0.029025
57 0.029026
60 0.0290378
63 0.0290392
66 0.029037
69 0.0290232
72 0.0290014
75 0.0289294
78 0.0287702
81 0.0287281
84 0.0288834
87 0.0289939
90 0.0290295
