-90 0.0290333
-87 0.0290349
-84 0.0290361
-81 0.0290368
-78 0.0290377
-75 0.0290381
-72 0.0290383
-69 0.0290385
-66 0.0290387
-63 0.0290348
-60 0.0290111
-57 0.0290342
-54 0.0290369
-51 0.0290386
-48 0.0290395
-45 0.0290396
-42 0.0290396
-39 0.0290392
-36 0.0290377
-33 0.0290384
-30 0.0290393
-27 0.0290396
-24 0.0290397
-21 0.0290396
-18 0.0290397
-15 0.0290398
-12 0.0290398
-9 0.0290398
-6 0.0290397
-3 0.0290384
0 0.0290375
3 0.0290334
6 0.0290284
9 0.0290384
12 0.0290393
15 0.0290392
18 0.029039
21 0.0290388
24 0.0290385
27 0.0290381
30 0.0290377
33 0.0290371
36 0.0290364
39 0.0290352
42 0.0290328
45 0.0290291
48 0.0290253
51 0.0290229
54 0.0290123
57 0.0289289
60 0.0283793
63 0.0248515
66 0.0218442
69 0.0279049
72 0.0288485
75 0.0289915
78 0.0290138
81 0.0290221
84 0.0290276
87 0.0290311
90 0.0290333
