-90 0.0290197
-87 0.0290268
-84 0.0290291
-81 0.029025
-78 0.0289871
-75 0.0289868
-72 0.0290249
-69 0.029027
-66 0.0290264
-63 0.0290252
-60 0.0290243
-57 0.0290212
-54 0.0290077
-51 0.0289359
-48 0.0285691
-45 0.0272909
-42 0.0270386
-39 0.0284381
-36 0.0288898
-33 0.0289749
-30 0.029008
-27 0.0290179
-24 0.0290218
-21 0.0290237
-18 0.0290246
-15 0.0290252
-12 0.0290256
-9 0.029026
-6 0.0290263
-3 0.0290253
0 0.0290049
3 0.0289999
6 0.0290264
9 0.0290294
12 0.0290313
15 0.0290325
18 0.0290332
21 0.0290337
24 0.029034
27 0.0290342
30 0.029034
33 0.0290319
36 0.0290185
39 0.028944
42 0.0285843
45 0.0277416
48 0.027724
51 0.0286133
54 0.0289309
57 0.0289855
60 0.0289886
63 0.0289865
66 0.0290105
69 0.0290276
72 0.0290325
75 0.0290335
78 0.0290334
81 0.0290331
84 0.0290323
87 0.0290277
90 0.0290197
