-90 0.0290249
-87 0.0290212
-84 0.0290158
-81 0.0290218
-78 0.0290253
-75 0.0290271
-72 0.0290287
-69 0.0290308
-66 0.0290331
-63 0.0290351
-60 0.0290362
-57 0.0290229
-54 0.0290275
-51 0.0290355
-48 0.0290331
-45 0.0290376
-42 0.0290385
-39 0.0290387
-36 0.029039
-33 0.0290394
-30 0.0290395
-27 0.0290387
-24 0.029037
-21 0.029039
-18 0.029039
-15 0.0290369
-12 0.0290301
-9 0.0290163
-6 0.029026
-3 0.0290365
0 0.0290392
3 0.0290395
6 0.0290392
9 0.0290392
12 0.0290394
15 0.0290394
18 0.0290394
21 0.0290391
24 0.0290379
27 0.0290333
30 0.0290166
33 0.0289956
36 0.0290225
39 0.029034
42 0.0290331
45 0.0290185
48 0.0289768
51 0.0289145
54 0.0289088
57 0.0289714
60 0.0290147
63 0.029029
66 0.0290333
69 0.0290363
72 0.0290364
75 0.0290354
78 0.0290339
81 0.029032
84 0.0290298
87 0.0290274
90 0.0290249
