-90 0.0290263
-87 0.0290258
-84 0.02903
-81 0.0290348
-78 0.0290365
-75 0.0290348
-72 0.029035
-69 0.0290378
-66 0.0290387
-63 0.0290384
-60 0.0290386
-57 0.0290376
-54 0.0290342
-51 0.0290268
-48 0.0290196
-45 0.029024
-42 0.0290271
-39 0.0290105
-36 0.0289255
-33 0.0286307
-30 0.0281945
-27 0.0284441
-24 0.0288506
-21 0.0289868
-18 0.0290126
-15 0.0290111
-12 0.0290023
-9 0.0289897
-6 0.0289723
-3 0.0289115
0 0.0289728
3 0.0289953
6 0.0290068
9 0.0290149
12 0.0290183
15 0.0290064
18 0.0289276
21 0.0287877
24 0.0286885
27 0.0288056
30 0.0289565
33 0.0290168
36 0.0290331
39 0.0290372
42 0.0290384
45 0.0290389
48 0.0290392
51 0.0290394
54 0.029039
57 0.0290362
60 0.0290374
63 0.0290394
66 0.0290396
69 0.0290394
72 0.0290386
75 0.0290367
78 0.0290334
81 0.0290305
84 0.0290296
87 0.0290288
90 0.0290263
