-90 0.0290394
-87 0.0290397
-84 0.0290396
-81 0.0290397
-78 0.0290398
-75 0.0290397
-72 0.0290391
-69 0.0290377
-66 0.029035
-63 0.029032
-60 0.0290074
-57 0.028849
-54 0.0279633
-51 0.0250343
-48 0.0268676
-45 0.0286184
-42 0.0289674
-39 0.0290207
-36 0.0290115
-33 0.0289052
-30 0.0284506
-27 0.027648
-24 0.0281379
-21 0.0288013
-18 0.0289925
-15 0.0290296
-12 0.0290248
-9 0.0289606
-6 0.0290263
-3 0.0290381
0 0.0290397
3 0.0290399
6 0.0290399
9 0.0290397
12 0.0290357
15 0.0290246
18 0.0290382
21 0.0290398
24 0.0290398
27 0.0290396
30 0.0290393
33 0.0290388
36 0.0290377
39 0.0290356
42 0.0290314
45 0.0290228
48 0.0290054
51 0.0289827
54 0.0289666
57 0.0289769
60 0.0290028
63 0.0290138
66 0.0290209
69 0.0290277
72 0.029033
75 0.0290362
78 0.0290378
81 0.0290387
84 0.0290389
87 0.029039
90 0.0290394
