-90 0.0290387
-87 0.029033
-84 0.0290007
-81 0.0288282
-78 0.0281029
-75 0.0271051
-72 0.0281221
-69 0.0288335
-66 0.029001
-63 0.0290264
-60 0.0289792
-57 0.0290275
-54 0.0290384
-51 0.0290396
-48 0.0290397
-45 0.0290396
-42 0.0290394
-39 0.029039
-36 0.029038
-33 0.0290365
-30 0.0290344
-27 0.0290298
-24 0.0290214
-21 0.0290124
-18 0.0290163
-15 0.0290254
-12 0.0290319
-9 0.0290356
-6 0.0290322
-3 0.0289794
0 0.0290373
3 0.0290394
6 0.0290396
9 0.0290395
12 0.0290393
15 0.0290391
18 0.0290387
21 0.0290378
24 0.0290339
27 0.0290204
30 0.0289862
33 0.0289446
36 0.0289495
39 0.0289923
42 0.0290222
45 0.0290338
48 0.0290372
51 0.0290381
54 0.0290386
57 0.029039
60 0.0290394
63 0.0290397
66 0.0290398
69 0.0290394
72 0.0290351
75 0.0290313
78 0.029039
81 0.0290398
84 0.0290398
87 0.0290397
90 0.0290387
