-90 0.0290296
-87 0.0290145
-84 0.028916
-81 0.0283483
-78 0.0250353
-75 0.0227866
-72 0.027764
-69 0.0286164
-66 0.0288725
-63 0.0289818
-60 0.0290202
-57 0.0290328
-54 0.0290361
-51 0.0290368
-48 0.0290366
-45 0.0290259
-42 0.0290075
-39 0.0290362
-36 0.0290372
-33 0.0290367
-30 0.0290339
-27 0.0290216
-24 0.028988
-21 0.0288953
-18 0.0286999
-15 0.0286488
-12 0.0288216
-9 0.0289754
-6 0.0290214
-3 0.029033
0 0.0290356
3 0.029036
6 0.0290358
9 0.0290354
12 0.0290348
15 0.0290342
18 0.0290333
21 0.0290322
24 0.0290309
27 0.029029
30 0.0290259
33 0.0290175
36 0.0289842
39 0.0288556
42 0.028547
45 0.0284352
48 0.0287455
51 0.0289427
54 0.0289986
57 0.029011
60 0.0290145
63 0.0290166
66 0.0290188
69 0.0290212
72 0.0290234
75 0.0290255
78 0.0290274
81 0.0290291
84 0.0290304
87 0.0290311
90 0.0290296
