-90 0.029034
-87 0.0290384
-84 0.0290395
-81 0.0290391
-78 0.0290382
-75 0.0290392
-72 0.0290397
-69 0.0290392
-66 0.0290391
-63 0.0290397
-60 0.0290397
-57 0.0290393
-54 0.0290379
-51 0.0290336
-48 0.0290227
-45 0.0290073
-42 0.0290171
-39 0.0290284
-36 0.0290221
-33 0.0289838
-30 0.0290209
-27 0.0290344
-24 0.0290354
-21 0.0290326
-18 0.0290271
-15 0.0290191
-12 0.029006
-9 0.0289888
-6 0.0289861
-3 0.0290028
0 0.0290176
3 0.0290268
6 0.029032
9 0.0290341
12 0.0290334
15 0.0290043
18 0.0290163
21 0.0289857
24 0.0290337
27 0.0290382
30 0.0290392
33 0.0290396
36 0.0290398
39 0.0290397
42 0.0290369
45 0.0290038
48 0.0290249
51 0.0290388
54 0.0290398
57 0.0290397
60 0.0290394
63 0.0290391
66 0.0290388
69 0.0290371
72 0.02903
75 0.0290093
78 0.0289757
81 0.0289626
84 0.0289895
87 0.0290199
90 0.029034
