-90 0.0290377
-87 0.0290394
-84 0.0290397
-81 0.0290396
-78 0.0290396
-75 0.0290397
-72 0.0290397
-69 0.0290396
-66 0.0290391
-63 0.0290371
-60 0.0290317
-57 0.0290214
-54 0.0290109
-51 0.0289966
-48 0.0290007
-45 0.0290313
-42 0.029038
-39 0.0290394
-36 0.0290397
-33 0.0290397
-30 0.0290398
-27 0.0290398
-24 0.0290397
-21 0.0290396
-18 0.0290395
-15 0.0290394
-12 0.0290389
-9 0.0290374
-6 0.0290292
-3 0.0289806
0 0.0286787
3 0.0268121
6 0.0202506
9 0.0271219
12 0.0287128
15 0.028964
18 0.0290072
21 0.029022
24 0.0290302
27 0.0290348
30 0.0290372
33 0.0290384
36 0.0290381
39 0.0290223
42 0.0290113
45 0.0290382
48 0.0290395
51 0.0290393
54 0.0290378
57 0.0290298
60 0.0290153
63 0.0290158
66 0.0289867
69 0.0288018
72 0.0276244
75 0.0214635
78 0.0260791
81 0.0285577
84 0.0289627
87 0.0290273
90 0.0290377
