-90 0.029039
-87 0.0290388
-84 0.0290389
-81 0.029039
-78 0.0290381
-75 0.0290358
-72 0.0290329
-69 0.0290318
-66 0.0290325
-63 0.0290304
-60 0.029033
-57 0.0290376
-54 0.0290384
-51 0.0290381
-48 0.0290374
-45 0.0290365
-42 0.0290353
-39 0.0290339
-36 0.0290319
-33 0.029029
-30 0.0290248
-27 0.0290208
-24 0.0290157
-21 0.0290103
-18 0.0290069
-15 0.0290073
-12 0.0290113
-9 0.0290164
-6 0.0290199
-3 0.0290195
0 0.0290166
3 0.0290118
6 0.0289575
9 0.028666
12 0.027711
15 0.0274493
18 0.0285151
21 0.0289306
24 0.029019
27 0.0290354
30 0.0290385
33 0.0290392
36 0.0290393
39 0.0290394
42 0.0290396
45 0.0290396
48 0.0290394
51 0.0290394
54 0.0290396
57 0.0290396
60 0.0290392
63 0.0290392
66 0.0290397
69 0.0290398
72 0.0290397
75 0.0290397
78 0.0290391
81 0.0290375
84 0.0290368
87 0.0290383
90 0.029039
