-90 0.0290308
-87 0.0290331
-84 0.0290334
-81 0.0290332
-78 0.0290328
-75 0.0290325
-72 0.0290323
-69 0.0290323
-66 0.0290323
-63 0.0290321
-60 0.0290326
-57 0.0290332
-54 0.0290337
-51 0.029034
-48 0.0290341
-45 0.0290342
-42 0.0290347
-39 0.0290357
-36 0.0290359
-33 0.0290294
-30 0.028966
-27 0.0290191
-24 0.029031
-21 0.0290358
-18 0.0290358
-15 0.0290348
-12 0.0290344
-9 0.0290352
-6 0.0290365
-3 0.0290377
0 0.0290372
3 0.029006
6 0.0290273
9 0.0290389
12 0.0290394
15 0.0290395
18 0.0290395
21 0.0290395
24 0.0290395
27 0.0290392
30 0.0290377
33 0.0290282
36 0.0289688
39 0.0285917
42 0.0261761
45 0.0185064
48 0.0273885
51 0.0287742
54 0.0289916
57 0.0290289
60 0.0290363
63 0.0290377
66 0.0290371
69 0.0290343
72 0.0290265
75 0.0289994
78 0.0289532
81 0.0289999
84 0.0290128
87 0.0290241
90 0.0290308
