-90 0.0290245
-87 0.0290211
-84 0.0290312
-81 0.0290349
-78 0.0290258
-75 0.0289921
-72 0.028886
-69 0.0289244
-66 0.0289769
-63 0.0290171
-60 0.0290334
-57 0.029037
-54 0.029031
-51 0.0290327
-48 0.0290389
-45 0.0290396
-42 0.0290394
-39 0.0290394
-36 0.0290391
-33 0.0290383
-30 0.0290366
-27 0.0290339
-24 0.029031
-21 0.0290247
-18 0.0289986
-15 0.0289299
-12 0.028863
-9 0.0289031
-6 0.0289819
-3 0.0290194
0 0.0290273
3 0.0290244
6 0.0290204
9 0.0290217
12 0.0290271
15 0.029032
18 0.0290346
21 0.0290353
24 0.0290342
27 0.0290323
30 0.0290297
33 0.0290281
36 0.0290287
39 0.0290306
42 0.0290333
45 0.0290349
48 0.0290361
51 0.0290373
54 0.0290383
57 0.029039
60 0.0290394
63 0.0290396
66 0.0290397
69 0.0290396
72 0.0290393
75 0.0290383
78 0.0290351
81 0.0290285
84 0.029021
87 0.0290201
90 0.0290245
