-90 0.0290298
-87 0.0290254
-84 0.0290289
-81 0.0290353
-78 0.0290384
-75 0.0290395
-72 0.0290398
-69 0.0290399
-66 0.0290399
-63 0.0290399
-60 0.0290398
-57 0.0290397
-54 0.0290388
-51 0.0290212
-48 0.0290172
-45 0.0290383
-42 0.0290394
-39 0.0290395
-36 0.0290396
-33 0.0290397
-30 0.0290396
-27 0.0290385
-24 0.0290241
-21 0.0289922
-18 0.0290347
-15 0.029035
-12 0.0290339
-9 0.0290334
-6 0.0290235
-3 0.0289788
0 0.0288361
3 0.0286421
6 0.0287195
9 0.0289199
12 0.0290091
15 0.0290331
18 0.0290382
21 0.0290392
24 0.0290392
27 0.0290389
30 0.0290374
33 0.0290294
36 0.0289586
39 0.029033
42 0.0290366
45 0.0290354
48 0.0290338
51 0.0290351
54 0.0290351
57 0.029031
60 0.0290109
63 0.0289373
66 0.0287835
69 0.0287225
72 0.0288336
75 0.0289526
78 0.0290183
81 0.0290342
84 0.0290367
87 0.0290345
90 0.0290298
