-90 0.0290349
-87 0.029031
-84 0.0290387
-81 0.0290395
-78 0.0290392
-75 0.0290384
-72 0.0290392
-69 0.0290397
-66 0.0290398
-63 0.0290398
-60 0.0290395
-57 0.0290372
-54 0.0290377
-51 0.0290392
-48 0.0290394
-45 0.0290392
-42 0.0290381
-39 0.029036
-36 0.0290251
-33 0.0289651
-30 0.0286763
-27 0.0278223
-24 0.02769
-21 0.0285891
-18 0.0289362
-15 0.0290177
-12 0.0290357
-9 0.029039
-6 0.0290394
-3 0.0290378
0 0.0290366
3 0.029039
6 0.0290392
9 0.0290387
12 0.029037
15 0.0290315
18 0.0290168
21 0.0289923
24 0.0289789
27 0.0289921
30 0.029011
33 0.0290221
36 0.0290286
39 0.0290329
42 0.0290356
45 0.0290372
48 0.0290381
51 0.0290385
54 0.029038
57 0.0290223
60 0.0290095
63 0.0290361
66 0.0290302
69 0.0290295
72 0.0290374
75 0.0290393
78 0.0290396
81 0.0290397
84 0.0290397
87 0.0290394
90 0.0290349
