-90 0.0290107
-87 0.0290075
-84 0.0290032
-81 0.029002
-78 0.0290053
-75 0.0290096
-72 0.0290122
-69 0.0290132
-66 0.0290133
-63 0.0290131
-60 0.0290128
-57 0.0290122
-54 0.029011
-51 0.029011
-48 0.0290112
-45 0.0290109
-42 0.0290105
-39 0.0290096
-36 0.0290064
-33 0.0289934
-30 0.0289457
-27 0.0288347
-24 0.0287571
-21 0.0288468
-18 0.0289521
-15 0.0289942
-12 0.0290051
-9 0.0290077
-6 0.0290083
-3 0.0290085
0 0.0290087
3 0.0290088
6 0.0290088
9 0.0290087
12 0.0290093
15 0.02901
18 0.0290104
21 0.0290104
24 0.029008
27 0.029003
30 0.0290098
33 0.0290118
36 0.0290117
39 0.0290039
42 0.0290064
45 0.0290122
48 0.029013
51 0.0290137
54 0.0290143
57 0.0290146
60 0.0290145
63 0.0290132
66 0.0290052
69 0.0289848
72 0.0289794
75 0.0289668
78 0.0289637
81 0.0289955
84 0.0290077
87 0.0290111
90 0.0290107
