-90 0.0290367
-87 0.0290337
-84 0.029023
-81 0.0289678
-78 0.028634
-75 0.0265523
-72 0.0194778
-69 0.0272315
-66 0.0287138
-63 0.0288064
-60 0.0280687
-57 0.0233223
-54 0.0246354
-51 0.0283067
-48 0.0289064
-45 0.0290083
-42 0.0290317
-39 0.0290377
-36 0.0290392
-33 0.0290396
-30 0.0290397
-27 0.0290395
-24 0.0290391
-21 0.029038
-18 0.029036
-15 0.029034
-12 0.0290337
-9 0.0290355
-6 0.0290375
-3 0.0290385
0 0.0290386
3 0.0290382
6 0.0290371
9 0.0290353
12 0.0290324
15 0.0290274
18 0.02902
21 0.029009
24 0.0289969
27 0.0289943
30 0.0290047
33 0.0290165
36 0.0290251
39 0.0290302
42 0.0290327
45 0.0290333
48 0.0290336
51 0.0290349
54 0.0290369
57 0.0290384
60 0.0290392
63 0.0290395
66 0.0290395
69 0.0290396
72 0.0290396
75 0.0290396
78 0.0290395
81 0.0290392
84 0.0290388
87 0.029038
90 0.0290367
