-90 0.0290192
-87 0.0290262
-84 0.0290309
-81 0.0290339
-78 0.0290355
-75 0.0290366
-72 0.0290379
-69 0.0290385
-66 0.0290388
-63 0.0290389
-60 0.0290386
-57 0.029038
-54 0.0290366
-51 0.0290336
-48 0.0290274
-45 0.0290149
-42 0.0289908
-39 0.028964
-36 0.028991
-33 0.0290067
-30 0.0290066
-27 0.0290048
-24 0.0290137
-21 0.0290263
-18 0.0290337
-15 0.0290361
-12 0.0290358
-9 0.0290338
-6 0.0290298
-3 0.0290231
0 0.0290137
3 0.0290029
6 0.0289702
9 0.0289965
12 0.0290247
15 0.0290268
18 0.0290169
21 0.0290336
24 0.0290373
27 0.0290365
30 0.0290289
33 0.028998
36 0.0289175
39 0.0288342
42 0.0288788
45 0.0289725
48 0.0290165
51 0.0290272
54 0.0290168
57 0.0289734
60 0.0289021
63 0.0288884
66 0.0289522
69 0.0290002
72 0.0290126
75 0.0290082
78 0.0289983
81 0.0289925
84 0.0289982
87 0.0290094
90 0.0290192
