-90 0.0290366
-87 0.0290358
-84 0.0290341
-81 0.0290323
-78 0.0290294
-75 0.0290251
-72 0.0290193
-69 0.0290124
-66 0.0290063
-63 0.0290042
-60 0.0290077
-57 0.0290143
-54 0.0290207
-51 0.029025
-48 0.029024
-45 0.0290098
-42 0.0289726
-39 0.0289369
-36 0.0289541
-33 0.0289951
-30 0.0290116
-27 0.0290038
-24 0.0289937
-21 0.0290024
-18 0.0290196
-15 0.0290293
-12 0.0290305
-9 0.0290233
-6 0.0290056
-3 0.0290026
0 0.0289958
3 0.0289817
6 0.0289977
9 0.0290137
12 0.029022
15 0.0290263
18 0.0290292
21 0.0290318
24 0.029034
27 0.0290353
30 0.0290359
33 0.0290361
36 0.0290359
39 0.0290352
42 0.0290336
45 0.0290307
48 0.0290263
51 0.0290197
54 0.0290107
57 0.029001
60 0.0289967
63 0.0290022
66 0.0290121
69 0.0290208
72 0.029027
75 0.0290303
78 0.029033
81 0.0290355
84 0.0290365
87 0.0290368
90 0.0290366
