-90 0.0290333
-87 0.029035
-84 0.0290362
-81 0.029037
-78 0.0290376
-75 0.0290377
-72 0.0290377
-69 0.0290377
-66 0.0290384
-63 0.0290386
-60 0.0290378
-57 0.0290278
-54 0.0289941
-51 0.0290337
-48 0.0290381
-45 0.0290382
-42 0.0290378
-39 0.0290383
-36 0.029039
-33 0.0290395
-30 0.0290396
-27 0.0290396
-24 0.0290394
-21 0.0290386
-18 0.0290372
-15 0.0290368
-12 0.0290361
-9 0.0290344
-6 0.0290318
-3 0.0290022
0 0.0290278
3 0.0290383
6 0.0290395
9 0.0290393
12 0.0290392
15 0.0290394
18 0.0290394
21 0.0290395
24 0.0290394
27 0.0290393
30 0.0290391
33 0.0290386
36 0.0290377
39 0.0290359
42 0.0290326
45 0.0290261
48 0.0290122
51 0.0289829
54 0.0289622
57 0.0289835
60 0.0289532
63 0.0289622
66 0.0290091
69 0.0290167
72 0.0290175
75 0.0290185
78 0.0290208
81 0.0290241
84 0.0290277
87 0.0290309
90 0.0290333
