-90 0.0290389
-87 0.0290386
-84 0.0290382
-81 0.0290379
-78 0.0290382
-75 0.0290387
-72 0.0290392
-69 0.0290395
-66 0.0290396
-63 0.0290394
-60 0.029038
-57 0.0290202
-54 0.0290071
-51 0.0290347
-48 0.0290372
-45 0.0290383
-42 0.0290378
-39 0.0290371
-36 0.0290361
-33 0.0290351
-30 0.0290344
-27 0.0290341
-24 0.02903
-21 0.028962
-18 0.0290328
-15 0.0290356
-12 0.0290357
-9 0.0290356
-6 0.0290354
-3 0.0290353
0 0.0290354
3 0.0290356
6 0.0290358
9 0.0290359
12 0.0290358
15 0.0290346
18 0.0290275
21 0.0289876
24 0.028764
27 0.0274514
30 0.0200527
33 0.0261691
36 0.028573
39 0.0289491
42 0.0290004
45 0.0290035
48 0.0290032
51 0.0290008
54 0.029002
57 0.0290133
60 0.0290232
63 0.0290289
66 0.0290323
69 0.0290345
72 0.0290359
75 0.0290371
78 0.0290378
81 0.0290383
84 0.0290387
87 0.029039
90 0.0290389
