-90 0.0290292
-87 0.0290295
-84 0.0290298
-81 0.0290296
-78 0.0290284
-75 0.0290295
-72 0.0290272
-69 0.0290063
-66 0.0288912
-63 0.0283784
-60 0.0273439
-57 0.0279305
-54 0.0287543
-51 0.0289803
-48 0.0290246
-45 0.0290325
-42 0.0290338
-39 0.029034
-36 0.029034
-33 0.0290341
-30 0.0290342
-27 0.0290346
-24 0.0290347
-21 0.0290345
-18 0.0290338
-15 0.0290321
-12 0.0290273
-9 0.0290114
-6 0.0289606
-3 0.0288485
0 0.0287704
3 0.0288628
6 0.0289735
9 0.0290182
12 0.0290299
15 0.0290323
18 0.0290326
21 0.0290325
24 0.0290322
27 0.0290318
30 0.0290314
33 0.0290308
36 0.0290306
39 0.0290302
42 0.0290298
45 0.0290292
48 0.0290281
51 0.0290244
54 0.0290158
57 0.0290044
60 0.0289958
63 0.029001
66 0.0290139
69 0.0290227
72 0.0290263
75 0.0290275
78 0.029028
81 0.0290282
84 0.0290282
87 0.0290288
90 0.0290292
