-90 0.0290024
-87 0.0289501
-84 0.0290117
-81 0.029016
-78 0.0290186
-75 0.0290207
-72 0.0290223
-69 0.0290237
-66 0.0290249
-63 0.0290258
-60 0.0290265
-57 0.0290277
-54 0.0290285
-51 0.0290292
-48 0.0290294
-45 0.0290288
-42 0.0290265
-39 0.0290235
-36 0.0290072
-33 0.0290248
-30 0.0290295
-27 0.0290308
-24 0.0290315
-21 0.0290319
-18 0.0290323
-15 0.0290325
-12 0.0290325
-9 0.0290324
-6 0.0290321
-3 0.0290317
0 0.0290313
3 0.0290307
6 0.0290302
9 0.0290295
12 0.0290286
15 0.0290275
18 0.0290255
21 0.0290206
24 0.0290031
27 0.0289338
30 0.0289399
33 0.0289951
36 0.0290091
39 0.0290106
42 0.0290083
45 0.0290046
48 0.0290002
51 0.0289947
54 0.0289881
57 0.0289842
60 0.0289804
63 0.0289771
66 0.0289758
69 0.0289772
72 0.0289806
75 0.0289851
78 0.02899
81 0.0289948
84 0.0289993
87 0.0290034
90 0.0290024
