-90 0.0290116
-87 0.0290084
-84 0.0290047
-81 0.0290004
-78 0.0289956
-75 0.0289902
-72 0.0289844
-69 0.028978
-66 0.0289687
-63 0.0289457
-60 0.0288729
-57 0.0287089
-54 0.0286125
-51 0.0287561
-48 0.0288958
-45 0.0289521
-42 0.0289732
-39 0.0289843
-36 0.0289922
-33 0.0289985
-30 0.0290037
-27 0.029008
-24 0.0290116
-21 0.0290147
-18 0.0290172
-15 0.0290187
-12 0.0290137
-9 0.028995
-6 0.0289948
-3 0.029018
0 0.0290243
3 0.0290269
6 0.0290279
9 0.0290285
12 0.0290288
15 0.0290294
18 0.0290295
21 0.0290281
24 0.029019
27 0.0289668
30 0.0286984
33 0.0277258
36 0.0269766
39 0.0274437
42 0.0277131
45 0.0284841
48 0.0289128
51 0.0290081
54 0.0290253
57 0.0290278
60 0.0290277
63 0.029027
66 0.029026
69 0.029025
72 0.0290237
75 0.0290222
78 0.0290204
81 0.0290183
84 0.0290164
87 0.0290142
90 0.0290116
