-90 0.0289904
-87 0.0290044
-84 0.0290299
-81 0.0290355
-78 0.029029
-75 0.0289904
-72 0.0288473
-69 0.0285779
-66 0.028586
-63 0.0288553
-60 0.0289931
-57 0.0290302
-54 0.0290379
-51 0.0290394
-48 0.0290397
-45 0.0290394
-42 0.0290392
-39 0.0290386
-36 0.0290366
-33 0.0290301
-30 0.0290032
-27 0.0288779
-24 0.0284261
-21 0.0279002
-18 0.0284144
-15 0.0288773
-12 0.0290069
-9 0.0290335
-6 0.0290385
-3 0.0290394
0 0.0290384
3 0.0290268
6 0.0289822
9 0.0290339
12 0.0290307
15 0.0289948
18 0.0288472
21 0.0284986
24 0.0284139
27 0.0287704
30 0.0289717
33 0.0290255
36 0.0290358
39 0.029034
42 0.0290202
45 0.0289846
48 0.029003
51 0.0290273
54 0.0290359
57 0.0290387
60 0.0290395
63 0.0290382
66 0.0290169
69 0.0290097
72 0.0290376
75 0.0290396
78 0.0290396
81 0.0290388
84 0.0290358
87 0.029025
90 0.0289904
