-90 0.0290376
-87 0.0290388
-84 0.0290393
-81 0.0290396
-78 0.0290397
-75 0.0290398
-72 0.0290398
-69 0.0290398
-66 0.0290396
-63 0.029039
-60 0.029038
-57 0.0290364
-54 0.0290339
-51 0.0290285
-48 0.0290155
-45 0.0289866
-42 0.0289734
-39 0.0289946
-36 0.0289889
-33 0.0288955
-30 0.0283072
-27 0.0259397
-24 0.026303
-21 0.0284376
-18 0.0289255
-15 0.0289974
-12 0.0289886
-9 0.0289987
-6 0.0289831
-3 0.0288475
0 0.0285009
3 0.028396
6 0.0287543
9 0.028963
12 0.0290171
15 0.0290251
18 0.0290245
21 0.0290255
24 0.0290288
27 0.0290321
30 0.0290343
33 0.0290358
36 0.0290367
39 0.0290374
42 0.029038
45 0.0290384
48 0.0290387
51 0.029039
54 0.0290391
57 0.0290391
60 0.029039
63 0.0290384
66 0.0290379
69 0.029036
72 0.0290323
75 0.0290267
78 0.0290226
81 0.0290249
84 0.0290307
87 0.0290351
90 0.0290376
