-90 0.0290349
-87 0.0290364
-84 0.0290373
-81 0.0290381
-78 0.0290386
-75 0.0290379
-72 0.0290314
-69 0.0290304
-66 0.0290342
-63 0.0290339
-60 0.0290375
-57 0.0290354
-54 0.0290118
-51 0.0289943
-48 0.0290325
-45 0.0290385
-42 0.0290395
-39 0.0290397
-36 0.0290397
-33 0.0290395
-30 0.0290375
-27 0.0290383
-24 0.0290396
-21 0.0290374
-18 0.0290104
-15 0.0290344
-12 0.0290394
-9 0.0290397
-6 0.0290396
-3 0.0290396
0 0.0290394
3 0.0290389
6 0.0290363
9 0.0290202
12 0.0289215
15 0.0283217
18 0.0251611
21 0.0247127
24 0.0281969
27 0.0288858
30 0.0290106
33 0.0290251
36 0.0289961
39 0.0290211
42 0.0290243
45 0.0290193
48 0.0290117
51 0.0290011
54 0.0289865
57 0.0289693
60 0.0289578
63 0.0289615
66 0.0289752
69 0.0289873
72 0.0289988
75 0.0290098
78 0.0290183
81 0.0290245
84 0.0290292
87 0.0290325
90 0.0290349
