-90 0.0290399
-87 0.0290399
-84 0.0290399
-81 0.0290398
-78 0.0290398
-75 0.0290397
-72 0.0290395
-69 0.0290391
-66 0.0290384
-63 0.0290347
-60 0.0290201
-57 0.0289812
-54 0.0289296
-51 0.0289308
-48 0.0289804
-45 0.0290126
-42 0.0290196
-39 0.0290164
-36 0.0290128
-33 0.0290204
-30 0.0290313
-27 0.0290367
-24 0.0290388
-21 0.0290395
-18 0.0290398
-15 0.0290399
-12 0.0290398
-9 0.0290361
-6 0.028997
-3 0.0290373
0 0.0290394
3 0.0290373
6 0.029035
9 0.0290386
12 0.0290398
15 0.0290399
18 0.0290396
21 0.029038
24 0.0290312
27 0.0290107
30 0.0289669
33 0.0289276
36 0.0289516
39 0.0290013
42 0.0290276
45 0.0290361
48 0.029039
51 0.0290398
54 0.0290399
57 0.0290397
60 0.0290376
63 0.0290286
66 0.029034
69 0.0290371
72 0.0290373
75 0.029037
78 0.029026
81 0.028977
84 0.0290348
87 0.0290392
90 0.0290399
