-90 0.0290371
-87 0.0290297
-84 0.0290274
-81 0.0290365
-78 0.0290385
-75 0.0290375
-72 0.0290375
-69 0.029039
-66 0.0290375
-63 0.0290095
-60 0.029018
-57 0.0290383
-54 0.0290397
-51 0.0290396
-48 0.0290394
-45 0.0290392
-42 0.0290388
-39 0.0290382
-36 0.0290376
-33 0.0290372
-30 0.0290372
-27 0.0290373
-24 0.0290369
-21 0.0290349
-18 0.0290288
-15 0.029013
-12 0.0289812
-9 0.0289161
-6 0.0288351
-3 0.0288679
0 0.0289654
3 0.0290175
6 0.0290329
9 0.0290359
12 0.0290357
15 0.0290346
18 0.0290331
21 0.0290313
24 0.0290294
27 0.029028
30 0.0290273
33 0.0290274
36 0.0290224
39 0.0290067
42 0.0290314
45 0.0290341
48 0.0290354
51 0.0290364
54 0.0290372
57 0.0290378
60 0.0290383
63 0.0290386
66 0.0290387
69 0.0290386
72 0.0290388
75 0.029039
78 0.0290392
81 0.0290387
84 0.0290358
87 0.0290362
90 0.0290371
