-90 0.0289995
-87 0.0290239
-84 0.029029
-81 0.0290177
-78 0.0290285
-75 0.0289533
-72 0.0290275
-69 0.029017
-66 0.0289122
-63 0.0283127
-60 0.0258261
-57 0.0261398
-54 0.0284141
-51 0.0289275
-48 0.0290162
-45 0.0290303
-42 0.0290317
-39 0.0290305
-36 0.0290285
-33 0.0290262
-30 0.0290242
-27 0.0290226
-24 0.0290216
-21 0.0290213
-18 0.0290219
-15 0.0290235
-12 0.0290262
-9 0.0290288
-6 0.029031
-3 0.0290327
0 0.0290341
3 0.0290351
6 0.0290358
9 0.0290361
12 0.029036
15 0.0290344
18 0.029025
21 0.0289833
24 0.0288603
27 0.0287157
30 0.0287897
33 0.0289455
36 0.0290152
39 0.0290338
42 0.0290372
45 0.0290366
48 0.029033
51 0.0290216
54 0.0289913
57 0.0289819
60 0.0290161
63 0.0290291
66 0.029032
69 0.0290282
72 0.0290149
75 0.029
78 0.0290085
81 0.0290008
84 0.0289768
87 0.0289727
90 0.0289995
