-90 0.0290263
-87 0.029005
-84 0.0288855
-81 0.0281629
-78 0.0245949
-75 0.025378
-72 0.0283532
-69 0.028921
-66 0.0290155
-63 0.0290314
-60 0.0290343
-57 0.029032
-54 0.0289984
-51 0.0290284
-48 0.0290355
-45 0.0290352
-42 0.0290343
-39 0.0290342
-36 0.0290353
-33 0.0290366
-30 0.0290367
-27 0.029035
-24 0.0290295
-21 0.0290213
-18 0.0290251
-15 0.0290335
-12 0.0290373
-9 0.0290382
-6 0.0290343
-3 0.0289825
0 0.0290264
3 0.0290334
6 0.0290379
9 0.0290385
12 0.0290304
15 0.0290237
18 0.0290379
21 0.0290391
24 0.0290391
27 0.029039
30 0.0290388
33 0.0290373
36 0.0290211
39 0.0290252
42 0.029036
45 0.0290062
48 0.0290308
51 0.0290371
54 0.0290369
57 0.0290362
60 0.029035
63 0.0290333
66 0.0290304
69 0.029026
72 0.0290214
75 0.0290197
78 0.0290226
81 0.0290265
84 0.029029
87 0.0290297
90 0.0290263
