-90 0.0290386
-87 0.0290377
-84 0.0290321
-81 0.029018
-78 0.0290298
-75 0.0290261
-72 0.0290185
-69 0.0290098
-66 0.0290021
-63 0.0289987
-60 0.0290168
-57 0.029027
-54 0.0290318
-51 0.0290346
-48 0.0290367
-45 0.0290381
-42 0.029039
-39 0.0290393
-36 0.0290396
-33 0.0290397
-30 0.0290396
-27 0.0290394
-24 0.0290393
-21 0.0290322
-18 0.0289883
-15 0.0290365
-12 0.0290356
-9 0.0290201
-6 0.0290349
-3 0.0290395
0 0.0290398
3 0.0290397
6 0.0290391
9 0.0290378
12 0.0290339
15 0.0290228
18 0.0290072
21 0.0290216
24 0.0290335
27 0.0290362
30 0.029035
33 0.0290332
36 0.0290329
39 0.0290298
42 0.0290187
45 0.0290321
48 0.0290373
51 0.0290039
54 0.0290306
57 0.0290386
60 0.0290367
63 0.0290306
66 0.0290184
69 0.0290142
72 0.0290246
75 0.0290326
78 0.0290369
81 0.0290385
84 0.029039
87 0.029039
90 0.0290386
