-90 0.0290339
-87 0.0290117
-84 0.028942
-81 0.0290035
-78 0.0290284
-75 0.0290345
-72 0.0290375
-69 0.0290389
-66 0.0290396
-63 0.0290399
-60 0.0290399
-57 0.0290399
-54 0.0290399
-51 0.0290399
-48 0.0290399
-45 0.0290398
-42 0.0290395
-39 0.0290387
-36 0.0290359
-33 0.0290275
-30 0.0290057
-27 0.0290078
-24 0.0290207
-21 0.029007
-18 0.0290217
-15 0.0290309
-12 0.0290288
-9 0.0290207
-6 0.0290017
-3 0.0289714
0 0.0289615
3 0.0289872
6 0.0290091
9 0.0290221
12 0.0290297
15 0.029034
18 0.0290363
21 0.0290376
24 0.0290381
27 0.0290363
30 0.0290226
33 0.0289684
36 0.0290247
39 0.0290359
42 0.0290382
45 0.0290391
48 0.0290396
51 0.0290397
54 0.0290398
57 0.0290399
60 0.0290399
63 0.0290398
66 0.0290396
69 0.0290391
72 0.0290351
75 0.0290148
78 0.0289932
81 0.0290295
84 0.0290375
87 0.0290378
90 0.0290339
