-90 0.0281761
-87 0.0288632
-84 0.0289321
-81 0.0288662
-78 0.028964
-75 0.0289973
-72 0.0290135
-69 0.0290228
-66 0.0290279
-63 0.02903
-60 0.0290289
-57 0.0290244
-54 0.0290178
-51 0.0290153
-48 0.029018
-45 0.0290131
-42 0.0289792
-39 0.0288842
-36 0.0287497
-33 0.0287834
-30 0.0289123
-27 0.02898
-24 0.0289956
-21 0.0290003
-18 0.0290091
-15 0.0290187
-12 0.0290259
-9 0.0290281
-6 0.0290037
-3 0.029023
0 0.029034
3 0.0290371
6 0.029034
9 0.0290341
12 0.0290377
15 0.0290355
18 0.0290239
21 0.0289908
24 0.0289416
27 0.0289351
30 0.0289816
33 0.0290186
36 0.0290312
39 0.0290318
42 0.0290225
45 0.0289717
48 0.028798
51 0.0285497
54 0.0286517
57 0.0289014
60 0.0290065
63 0.0290327
66 0.0290375
69 0.0290367
72 0.0290351
75 0.0290193
78 0.0289234
81 0.0283474
84 0.0253416
87 0.0247042
90 0.0281761
