-90 0.0290262
-87 0.028963
-84 0.0285809
-81 0.0265403
-78 0.0242522
-75 0.0278914
-72 0.0288343
-69 0.0289159
-66 0.0287684
-63 0.0273682
-60 0.0195641
-57 0.0263491
-54 0.028613
-51 0.0289721
-48 0.0290287
-45 0.0290375
-42 0.0290389
-39 0.0290393
-36 0.0290396
-33 0.0290396
-30 0.0290385
-27 0.029029
-24 0.0290003
-21 0.0290312
-18 0.0290363
-15 0.0290288
-12 0.0290357
-9 0.0290393
-6 0.0290395
-3 0.029039
0 0.0290382
3 0.0290376
6 0.0290361
9 0.0290333
12 0.0290286
15 0.0290213
18 0.0290094
21 0.0289802
24 0.0288428
27 0.0282058
30 0.0269658
33 0.0278626
36 0.0287621
39 0.0289856
42 0.0290286
45 0.0290368
48 0.0290386
51 0.0290391
54 0.0290393
57 0.0290394
60 0.0290394
63 0.0290379
66 0.029034
69 0.0290381
72 0.0290364
75 0.0290203
78 0.0290334
81 0.0290391
84 0.0290393
87 0.0290372
90 0.0290262
