-90 0.0289506
-87 0.0289349
-84 0.028927
-81 0.0289393
-78 0.0289578
-75 0.0289732
-72 0.0289856
-69 0.0289955
-66 0.0290034
-63 0.0290097
-60 0.0290147
-57 0.0290187
-54 0.0290219
-51 0.0290245
-48 0.0290267
-45 0.0290288
-42 0.0290304
-39 0.0290318
-36 0.0290328
-33 0.0290335
-30 0.0290338
-27 0.0290337
-24 0.0290325
-21 0.0290292
-18 0.029021
-15 0.0289989
-12 0.0289364
-9 0.0288449
-6 0.0289452
-3 0.0289348
0 0.0287517
3 0.028423
6 0.028321
9 0.0282888
12 0.0285507
15 0.0288752
18 0.0289928
21 0.0290183
24 0.0290239
27 0.0290281
30 0.0290315
33 0.0290322
36 0.0290316
39 0.0290338
42 0.029034
45 0.0290325
48 0.0290303
51 0.0290296
54 0.0290299
57 0.0290282
60 0.029024
63 0.0290167
66 0.029008
69 0.0290035
72 0.0290038
75 0.0290044
78 0.0290012
81 0.0289937
84 0.0289827
87 0.0289679
90 0.0289506
