-90 0.0281239
-87 0.0288936
-84 0.0290147
-81 0.0290342
-78 0.0290378
-75 0.0290388
-72 0.0290393
-69 0.0290396
-66 0.0290397
-63 0.0290388
-60 0.0290339
-57 0.0290366
-54 0.0290387
-51 0.0290371
-48 0.0290337
-45 0.0290303
-42 0.0290302
-39 0.0290335
-36 0.0290367
-33 0.0290377
-30 0.0290359
-27 0.0290304
-24 0.029013
-21 0.0289847
-18 0.0290285
-15 0.0290366
-12 0.029039
-9 0.0290392
-6 0.0290373
-3 0.0290372
0 0.0290393
3 0.0290397
6 0.0290397
9 0.0290394
12 0.0290343
15 0.0289656
18 0.0290347
21 0.0290394
24 0.0290397
27 0.0290397
30 0.0290396
33 0.0290383
36 0.0290309
39 0.0289901
42 0.0287905
45 0.0281215
48 0.027697
51 0.0284889
54 0.028915
57 0.0290163
60 0.0290354
63 0.0290378
66 0.0290306
69 0.0290358
72 0.0290346
75 0.0290173
78 0.0289112
81 0.0282351
84 0.0239168
87 0.0232135
90 0.0281239
