-90 0.0290202
-87 0.0290212
-84 0.0290213
-81 0.029021
-78 0.0290203
-75 0.0290195
-72 0.0290187
-69 0.0290175
-66 0.0290161
-63 0.0290145
-60 0.0290126
-57 0.0290105
-54 0.029008
-51 0.029005
-48 0.0290015
-45 0.0289975
-42 0.0289927
-39 0.0289871
-36 0.0289805
-33 0.0289724
-30 0.0289591
-27 0.0289401
-24 0.0289371
-21 0.0289253
-18 0.0289081
-15 0.0288881
-12 0.0288656
-9 0.0288419
-6 0.0288217
-3 0.0288184
0 0.0288406
3 0.0288665
6 0.0288901
9 0.0289106
12 0.0289276
15 0.0289407
18 0.0289469
21 0.0289403
24 0.0289215
27 0.0289177
30 0.0289457
33 0.0289765
36 0.0289933
39 0.0290012
42 0.0290055
45 0.0290086
48 0.0290104
51 0.0290045
54 0.0289868
57 0.0290126
60 0.0290176
63 0.0290188
66 0.0290195
69 0.0290196
72 0.0290185
75 0.0290161
78 0.0290134
81 0.0290123
84 0.029014
87 0.0290175
90 0.0290202
