-90 0.0290157
-87 0.0290346
-84 0.029038
-81 0.0290387
-78 0.029039
-75 0.029039
-72 0.029039
-69 0.0290392
-66 0.0290391
-63 0.0290388
-60 0.0290392
-57 0.0290394
-54 0.0290388
-51 0.0290336
-48 0.0289884
-45 0.0290216
-42 0.0290377
-39 0.0290394
-36 0.0290394
-33 0.0290386
-30 0.0290365
-27 0.0290357
-24 0.0290379
-21 0.0290391
-18 0.0290393
-15 0.029039
-12 0.029038
-9 0.0290362
-6 0.0290282
-3 0.0289782
0 0.028698
3 0.0274519
6 0.0262107
9 0.0280955
12 0.0288533
15 0.029003
18 0.0290276
21 0.0290279
24 0.0290204
27 0.0290093
30 0.0290096
33 0.0290206
36 0.0290279
39 0.0290304
42 0.0290291
45 0.0290305
48 0.0290319
51 0.029032
54 0.029032
57 0.0290314
60 0.0290232
63 0.0289822
66 0.0290261
69 0.0290219
72 0.0289665
75 0.0286756
78 0.0276319
81 0.0271666
84 0.0284176
87 0.0289122
90 0.0290157
