-90 0.0290264
-87 0.0290302
-84 0.0290327
-81 0.0290245
-78 0.0289825
-75 0.028872
-72 0.0287715
-69 0.0288505
-66 0.0289707
-63 0.0290223
-60 0.0290361
-57 0.0290389
-54 0.0290368
-51 0.0290132
-48 0.0289984
-45 0.0290353
-42 0.0290393
-39 0.0290396
-36 0.0290394
-33 0.0290391
-30 0.029037
-27 0.029031
-24 0.0290366
-21 0.0290394
-18 0.0290395
-15 0.0290393
-12 0.029039
-9 0.0290384
-6 0.0290375
-3 0.0290362
0 0.0290347
3 0.0290323
6 0.0290253
9 0.0289878
12 0.0287728
15 0.0277334
18 0.0259773
21 0.0278016
24 0.0287876
27 0.0289886
30 0.0290252
33 0.0290338
36 0.0290371
39 0.0290385
42 0.0290391
45 0.0290394
48 0.0290395
51 0.0290393
54 0.0290395
57 0.0290395
60 0.0290394
63 0.0290392
66 0.0290395
69 0.0290397
72 0.0290396
75 0.0290389
78 0.0290338
81 0.0290134
84 0.0290233
87 0.0290265
90 0.0290264
