-90 0.0288507
-87 0.0288951
-84 0.0289505
-81 0.0289927
-78 0.0290174
-75 0.029029
-72 0.0290343
-69 0.0290369
-66 0.0290381
-63 0.0290389
-60 0.0290393
-57 0.0290395
-54 0.0290396
-51 0.0290396
-48 0.0290396
-45 0.0290395
-42 0.0290393
-39 0.029039
-36 0.029039
-33 0.0290389
-30 0.0290384
-27 0.0290389
-24 0.0290396
-21 0.0290398
-18 0.0290399
-15 0.0290399
-12 0.0290392
-9 0.0290367
-6 0.0290373
-3 0.0290365
0 0.0290266
3 0.0290337
6 0.029038
9 0.0290386
12 0.0290396
15 0.0290399
18 0.0290399
21 0.0290398
24 0.029039
27 0.0290303
30 0.0290279
33 0.0290387
36 0.0290388
39 0.029017
42 0.02903
45 0.0290395
48 0.0290399
51 0.0290399
54 0.0290398
57 0.0290398
60 0.0290398
63 0.0290397
66 0.0290396
69 0.0290395
72 0.0290392
75 0.0290383
78 0.0290356
81 0.0290262
84 0.0289952
87 0.0289078
90 0.0288507
