-90 0.0290376
-87 0.0290376
-84 0.0290379
-81 0.0290381
-78 0.0290382
-75 0.0290382
-72 0.0290377
-69 0.0290361
-66 0.0290377
-63 0.0290382
-60 0.0290378
-57 0.0290376
-54 0.0290371
-51 0.0290369
-48 0.0290364
-45 0.0290351
-42 0.0290331
-39 0.0290317
-36 0.0290324
-33 0.0290351
-30 0.0290371
-27 0.0290378
-24 0.029038
-21 0.0290379
-18 0.0290378
-15 0.0290376
-12 0.0290371
-9 0.0290354
-6 0.0290288
-3 0.0290117
0 0.0290174
3 0.0289992
6 0.0290291
9 0.0290328
12 0.0290317
15 0.0290299
18 0.0290276
21 0.0290248
24 0.0290212
27 0.0290144
30 0.0289899
33 0.0288745
36 0.0284159
39 0.0276871
42 0.0281946
45 0.0287998
48 0.0289752
51 0.0290133
54 0.0290228
57 0.0290267
60 0.0290292
63 0.0290311
66 0.0290326
69 0.0290338
72 0.0290349
75 0.0290357
78 0.0290363
81 0.0290367
84 0.0290371
87 0.0290372
90 0.0290376
