-90 0.0290357
-87 0.0290388
-84 0.0290384
-81 0.0290363
-78 0.0290325
-75 0.0290305
-72 0.0290311
-69 0.0290332
-66 0.0290332
-63 0.029028
-60 0.0290091
-57 0.0289375
-54 0.0288314
-51 0.0289391
-48 0.0289863
-45 0.0290061
-42 0.0290159
-39 0.0290164
-36 0.029012
-33 0.0290132
-30 0.0290228
-27 0.0290323
-24 0.029037
-21 0.0290374
-18 0.029024
-15 0.0290288
-12 0.0290388
-9 0.0290395
-6 0.0290394
-3 0.0290367
0 0.0290198
3 0.029014
6 0.0289996
9 0.0288068
12 0.0275787
15 0.020816
18 0.0260555
21 0.0285609
24 0.0289635
27 0.0290275
30 0.0290377
33 0.0290362
36 0.0290227
39 0.029038
42 0.0290365
45 0.0290206
48 0.0289261
51 0.0283947
54 0.0262318
57 0.0262482
60 0.0284005
63 0.0289271
66 0.0290182
69 0.0290147
72 0.0289942
75 0.0290335
78 0.0290389
81 0.029039
84 0.0290314
87 0.0289744
90 0.0290357
