-90 0.0290023
-87 0.02903
-84 0.0290366
-81 0.0290384
-78 0.0290388
-75 0.0290384
-72 0.029039
-69 0.0290394
-66 0.0290395
-63 0.0290394
-60 0.0290387
-57 0.0290354
-54 0.0290255
-51 0.0290242
-48 0.0290058
-45 0.0288591
-42 0.0279741
-39 0.0240979
-36 0.0261164
-33 0.02851
-30 0.0289522
-27 0.0290251
-24 0.0290372
-21 0.0290393
-18 0.0290398
-15 0.0290398
-12 0.0290396
-9 0.0290393
-6 0.0290395
-3 0.0290396
0 0.0290396
3 0.0290396
6 0.0290391
9 0.0290361
12 0.0290187
15 0.0289304
18 0.0285789
21 0.0279689
24 0.0282752
27 0.0288176
30 0.0289937
33 0.0290314
36 0.0290384
39 0.0290397
42 0.0290399
45 0.0290399
48 0.0290399
51 0.0290399
54 0.0290398
57 0.0290396
60 0.0290391
63 0.0290374
66 0.0290333
69 0.029028
72 0.0290197
75 0.0289756
78 0.0288214
81 0.028593
84 0.0286685
87 0.0288989
90 0.0290023
