-90 0.029009
-87 0.0290049
-84 0.0290004
-81 0.0289952
-78 0.0289891
-75 0.0289819
-72 0.0289735
-69 0.0289634
-66 0.0289514
-63 0.0289389
-60 0.0289265
-57 0.028909
-54 0.0289097
-51 0.0289392
-48 0.0289665
-45 0.0289837
-42 0.0289931
-39 0.0289963
-36 0.0289942
-33 0.0289923
-30 0.0289978
-27 0.029008
-24 0.029016
-21 0.0290204
-18 0.0290229
-15 0.0290245
-12 0.0290255
-9 0.0290218
-6 0.0289874
-3 0.0290255
0 0.0290286
3 0.029025
6 0.0289696
9 0.0289524
12 0.0290189
15 0.02903
18 0.029031
21 0.0290312
24 0.0290313
27 0.0290314
30 0.0290314
33 0.0290313
36 0.0290312
39 0.029031
42 0.0290307
45 0.0290302
48 0.0290297
51 0.0290292
54 0.029028
57 0.0290202
60 0.0289405
63 0.029019
66 0.0290252
69 0.0290246
72 0.029023
75 0.029021
78 0.0290197
81 0.0290178
84 0.0290153
87 0.0290124
90 0.029009
