-90 0.029039
-87 0.0290392
-84 0.0290392
-81 0.0290386
-78 0.0290376
-75 0.0290389
-72 0.0290395
-69 0.0290396
-66 0.0290396
-63 0.0290396
-60 0.0290396
-57 0.0290396
-54 0.0290394
-51 0.0290388
-48 0.0290357
-45 0.0290364
-42 0.0290365
-39 0.0290365
-36 0.0290374
-33 0.0290385
-30 0.0290391
-27 0.0290394
-24 0.0290393
-21 0.0290386
-18 0.0290271
-15 0.0290202
-12 0.0290358
-9 0.0290337
-6 0.0290273
-3 0.0290137
0 0.0289849
3 0.0289467
6 0.0289851
9 0.0290038
12 0.0290077
15 0.0289971
18 0.0289982
21 0.029017
24 0.0290261
27 0.0290278
30 0.0290256
33 0.0290211
36 0.0290144
39 0.0290062
42 0.0289981
45 0.0289924
48 0.0289778
51 0.0289799
54 0.029007
57 0.0289979
60 0.0289469
63 0.0288428
66 0.0288428
69 0.0289355
72 0.0290054
75 0.0290299
78 0.0290362
81 0.0290379
84 0.0290385
87 0.0290388
90 0.029039
