-90 0.0290264
-87 0.0290245
-84 0.0290232
-81 0.0290211
-78 0.0290184
-75 0.0290139
-72 0.0290041
-69 0.0289783
-66 0.0289262
-63 0.0288826
-60 0.0289048
-57 0.0289483
-54 0.0289662
-51 0.0289652
-48 0.0289573
-45 0.0289478
-42 0.0289392
-39 0.0289257
-36 0.0288608
-33 0.0289427
-30 0.0289573
-27 0.0289673
-24 0.0289761
-21 0.0289828
-18 0.0289849
-15 0.0289788
-12 0.0289675
-9 0.0289687
-6 0.0289872
-3 0.0290054
0 0.0290153
3 0.0290201
6 0.0290228
9 0.0290246
12 0.029026
15 0.0290273
18 0.0290285
21 0.0290294
24 0.0290302
27 0.0290308
30 0.0290314
33 0.0290318
36 0.0290318
39 0.0290222
42 0.0289972
45 0.0290246
48 0.029019
51 0.0290319
54 0.0290329
57 0.0290328
60 0.0290327
63 0.0290325
66 0.0290322
69 0.0290318
72 0.0290312
75 0.0290305
78 0.0290299
81 0.0290294
84 0.0290286
87 0.0290276
90 0.0290264
