-90 0.0290396
-87 0.0290391
-84 0.029039
-81 0.0290392
-78 0.0290389
-75 0.029038
-72 0.0290364
-69 0.0290331
-66 0.0290265
-63 0.0290124
-60 0.0289797
-57 0.0288966
-54 0.0288106
-51 0.0289351
-48 0.0289906
-45 0.0290152
-42 0.0290271
-39 0.0290332
-36 0.0290363
-33 0.029038
-30 0.0290388
-27 0.0290393
-24 0.0290395
-21 0.0290396
-18 0.0290396
-15 0.0290396
-12 0.0290397
-9 0.0290396
-6 0.0290394
-3 0.0290386
0 0.0290351
3 0.0290205
6 0.0289698
9 0.028862
12 0.0288053
15 0.0288968
18 0.0289862
21 0.029018
24 0.0290233
27 0.0290217
30 0.0290203
33 0.0290219
36 0.0290252
39 0.0290282
42 0.0290311
45 0.0290335
48 0.0290316
51 0.0290155
54 0.0289566
57 0.0288365
60 0.0287878
63 0.028872
66 0.028929
69 0.0289385
72 0.028959
75 0.0290018
78 0.0290276
81 0.0290363
84 0.0290386
87 0.0290394
90 0.0290396
