-90 0.0290395
-87 0.0290388
-84 0.0290354
-81 0.0290238
-78 0.0289973
-75 0.0289451
-72 0.0289002
-69 0.0289358
-66 0.0289955
-63 0.0290166
-60 0.0290155
-57 0.0290341
-54 0.0290387
-51 0.0290389
-48 0.0290374
-45 0.0290356
-42 0.0290364
-39 0.0290383
-36 0.0290388
-33 0.0290382
-30 0.0290368
-27 0.0290307
-24 0.0289974
-21 0.0288018
-18 0.0277189
-15 0.0245373
-12 0.0270954
-9 0.0286744
-6 0.0289739
-3 0.0290249
0 0.0290341
3 0.0290364
6 0.0290374
9 0.0290382
12 0.0290384
15 0.0290361
18 0.0290222
21 0.0290327
24 0.0290382
27 0.0290389
30 0.0290394
33 0.0290395
36 0.0290396
39 0.0290396
42 0.0290395
45 0.0290393
48 0.0290388
51 0.029038
54 0.0290392
57 0.0290388
60 0.0290219
63 0.0290142
66 0.0290385
69 0.0290397
72 0.0290398
75 0.0290398
78 0.0290397
81 0.0290395
84 0.0290391
87 0.0290393
90 0.0290395
