-90 0.0290396
-87 0.0290398
-84 0.0290398
-81 0.0290398
-78 0.0290398
-75 0.0290398
-72 0.0290396
-69 0.0290392
-66 0.0290393
-63 0.0290394
-60 0.0290388
-57 0.0290352
-54 0.0290139
-51 0.0288886
-48 0.0282036
-45 0.0258641
-42 0.0268095
-39 0.0285647
-36 0.028957
-33 0.0290258
-30 0.0290356
-27 0.0290179
-24 0.0290247
-21 0.0290384
-18 0.0290392
-15 0.0290374
-12 0.0290291
-9 0.0289993
-6 0.0290356
-3 0.0290367
0 0.0290339
3 0.0290302
6 0.0290296
9 0.0290321
12 0.029032
15 0.0290167
18 0.0289263
21 0.0285117
24 0.0275336
27 0.0278415
30 0.0287047
33 0.0289719
36 0.0290264
39 0.0290362
42 0.0290375
45 0.0290376
48 0.0290381
51 0.029038
54 0.0290381
57 0.0290382
60 0.0290382
63 0.0290382
66 0.0290383
69 0.0290384
72 0.0290384
75 0.0290373
78 0.0290339
81 0.0290356
84 0.029038
87 0.0290393
90 0.0290396
