-90 0.0290392
-87 0.0290375
-84 0.0290281
-81 0.029037
-78 0.0290395
-75 0.0290397
-72 0.0290397
-69 0.0290397
-66 0.0290396
-63 0.0290393
-60 0.0290388
-57 0.0290378
-54 0.0290364
-51 0.0290351
-48 0.0290305
-45 0.0290121
-42 0.0290288
-39 0.0290381
-36 0.0290393
-33 0.0290392
-30 0.0290368
-27 0.0290315
-24 0.0290351
-21 0.0290387
-18 0.0290393
-15 0.0290392
-12 0.0290388
-9 0.0290376
-6 0.0290367
-3 0.0290377
0 0.0290379
3 0.0290375
6 0.0290369
9 0.0290361
12 0.0290353
15 0.0290345
18 0.0290336
21 0.0290326
24 0.0290307
27 0.0290241
30 0.028998
33 0.0289195
36 0.0288062
39 0.0288202
42 0.0289316
45 0.0289917
48 0.0290044
51 0.0289598
54 0.0290126
57 0.0290241
60 0.029015
63 0.0290046
66 0.0290082
69 0.029022
72 0.0290323
75 0.0290365
78 0.0290378
81 0.0290382
84 0.0290386
87 0.029039
90 0.0290392
