-90 0.0285681
-87 0.0260522
-84 0.0198386
-81 0.0275092
-78 0.0287976
-75 0.0289995
-72 0.0290321
-69 0.0290379
-66 0.0290385
-63 0.0290378
-60 0.0290348
-57 0.0290241
-54 0.0289936
-51 0.0289998
-48 0.0290202
-45 0.0289833
-42 0.0290161
-39 0.0289781
-36 0.0290026
-33 0.0290272
-30 0.0290261
-27 0.0290188
-24 0.0290174
-21 0.0290245
-18 0.029029
-15 0.0290112
-12 0.0288808
-9 0.02806
-6 0.0233016
-3 0.024817
0 0.0283417
3 0.0289284
6 0.029022
9 0.0290369
12 0.0290393
15 0.0290396
18 0.0290397
21 0.0290395
24 0.0290387
27 0.0290359
30 0.029028
33 0.0290123
36 0.0289887
39 0.0289343
42 0.0289919
45 0.0289528
48 0.0290104
51 0.0289993
54 0.0289722
57 0.0290098
60 0.0290285
63 0.0290356
66 0.0290382
69 0.0290391
72 0.0290395
75 0.0290396
78 0.0290394
81 0.0290378
84 0.0290279
87 0.0289652
90 0.0285681
