-90 0.0290123
-87 0.028931
-84 0.0287224
-81 0.0285864
-78 0.0287827
-75 0.0289602
-72 0.0290191
-69 0.0290324
-66 0.0290343
-63 0.0290335
-60 0.0290316
-57 0.0290289
-54 0.0290256
-51 0.029021
-48 0.0290146
-45 0.0290062
-42 0.0289962
-39 0.0289868
-36 0.0289836
-33 0.0289894
-30 0.0289979
-27 0.0290007
-24 0.0289802
-21 0.0289508
-18 0.0290045
-15 0.029022
-12 0.0290296
-9 0.0290335
-6 0.0290356
-3 0.0290368
0 0.0290375
3 0.0290378
6 0.0290371
9 0.0290257
12 0.0289899
15 0.0290136
18 0.0290158
21 0.0290367
24 0.0290366
27 0.0290278
30 0.028984
33 0.0288091
36 0.0284315
39 0.0284135
42 0.0287933
45 0.0289794
48 0.0290269
51 0.0290367
54 0.0290386
57 0.0290389
60 0.029039
63 0.029039
66 0.0290388
69 0.0290387
72 0.0290387
75 0.0290387
78 0.0290385
81 0.0290381
84 0.0290371
87 0.0290327
90 0.0290123
