-90 0.0290389
-87 0.0290395
-84 0.0290395
-81 0.0290388
-78 0.0290362
-75 0.0289985
-72 0.0290228
-69 0.0290382
-66 0.0290393
-63 0.0290396
-60 0.029039
-57 0.0290362
-54 0.0290263
-51 0.0289825
-48 0.02876
-45 0.0280026
-42 0.0275767
-39 0.0284746
-36 0.0289098
-33 0.0290038
-30 0.0290193
-27 0.0290259
-24 0.0290298
-21 0.0290319
-18 0.0290375
-15 0.0290395
-12 0.0290396
-9 0.0290398
-6 0.0290395
-3 0.0290383
0 0.0290371
3 0.0290375
6 0.0290289
9 0.0290203
12 0.0290371
15 0.0290382
18 0.0290392
21 0.0290392
24 0.029039
27 0.0290389
30 0.0290389
33 0.0290388
36 0.0290385
39 0.0290376
42 0.0290357
45 0.0290322
48 0.0290226
51 0.0290126
54 0.0289943
57 0.0290186
60 0.0290044
63 0.0290002
66 0.0290171
69 0.0290295
72 0.0290354
75 0.0290378
78 0.0290387
81 0.0290391
84 0.0290392
87 0.0290389
90 0.0290389
