-90 0.028961
-87 0.0289599
-84 0.0289578
-81 0.0289523
-78 0.0289383
-75 0.0289185
-72 0.0289172
-69 0.0289414
-66 0.028958
-63 0.028944
-60 0.0289078
-57 0.028798
-54 0.0287625
-51 0.0288693
-48 0.0289598
-45 0.0289971
-42 0.0290091
-39 0.0290126
-36 0.0290047
-33 0.0289701
-30 0.028952
-27 0.0289904
-24 0.0290164
-21 0.0290188
-18 0.0290191
-15 0.029019
-12 0.0290185
-9 0.0290172
-6 0.0290146
-3 0.0290105
0 0.0290037
3 0.0289931
6 0.028983
9 0.0289713
12 0.0289385
15 0.0288995
18 0.0289163
21 0.0289655
24 0.0289937
27 0.0290016
30 0.0290017
33 0.0289995
36 0.0289966
39 0.0289931
42 0.0289893
45 0.0289852
48 0.0289804
51 0.0289743
54 0.0289633
57 0.0289272
60 0.0287682
63 0.0281822
66 0.0275047
69 0.0281809
72 0.0287155
75 0.0289118
78 0.02895
81 0.0289583
84 0.0289607
87 0.0289613
90 0.028961
