-90 0.0290348
-87 0.0290387
-84 0.0290393
-81 0.0290393
-78 0.0290389
-75 0.0290368
-72 0.0290317
-69 0.0290304
-66 0.0290333
-63 0.029034
-60 0.0290312
-57 0.0290265
-54 0.029019
-51 0.0290072
-48 0.0289886
-45 0.0289587
-42 0.0289546
-39 0.0289647
-36 0.0288802
-33 0.0288801
-30 0.0289945
-27 0.0290241
-24 0.0290326
-21 0.0290358
-18 0.0290374
-15 0.0290383
-12 0.0290389
-9 0.0290392
-6 0.0290392
-3 0.0290385
0 0.0290387
3 0.0290386
6 0.029039
9 0.0290397
12 0.0290398
15 0.0290397
18 0.0290392
21 0.029037
24 0.0290283
27 0.0289995
30 0.0289391
33 0.0288992
36 0.0289431
39 0.0290021
42 0.0290291
45 0.0290371
48 0.029039
51 0.0290395
54 0.0290396
57 0.0290395
60 0.0290393
63 0.0290382
66 0.0290329
69 0.029005
72 0.0288754
75 0.0284584
78 0.0281039
81 0.0285612
84 0.0289152
87 0.0290143
90 0.0290348
