-90 0.0290385
-87 0.0290374
-84 0.0290336
-81 0.0290363
-78 0.0290382
-75 0.0290383
-72 0.0290382
-69 0.029038
-66 0.0290377
-63 0.0290374
-60 0.0290368
-57 0.0290353
-54 0.0290296
-51 0.0290081
-48 0.0289436
-45 0.02884
-42 0.0288318
-39 0.0289323
-36 0.0289997
-33 0.0290205
-30 0.0290234
-27 0.0290214
-24 0.0290174
-21 0.0290121
-18 0.0290052
-15 0.0289964
-12 0.0289851
-9 0.0289706
-6 0.028952
-3 0.0289354
0 0.0289221
3 0.0289504
6 0.0289792
9 0.0289918
12 0.0290022
15 0.0290105
18 0.0290169
21 0.0290218
24 0.0290252
27 0.0290283
30 0.0290302
33 0.0290306
36 0.029026
39 0.029006
42 0.0289548
45 0.0288948
48 0.0288656
51 0.0286163
54 0.0270768
57 0.024871
60 0.0278091
63 0.0287881
66 0.0289891
69 0.0290297
72 0.029037
75 0.0290383
78 0.0290386
81 0.0290386
84 0.0290387
87 0.0290386
90 0.0290385
