-90 0.0289861
-87 0.0289897
-84 0.0289912
-81 0.028995
-78 0.0290042
-75 0.0290147
-72 0.0290228
-69 0.0290282
-66 0.0290316
-63 0.0290334
-60 0.0290337
-57 0.0290327
-54 0.0290317
-51 0.0290322
-48 0.0290344
-45 0.0290367
-42 0.029038
-39 0.0290385
-36 0.0290388
-33 0.029039
-30 0.029039
-27 0.0290392
-24 0.0290391
-21 0.0290374
-18 0.0290377
-15 0.0290393
-12 0.0290395
-9 0.0290395
-6 0.0290395
-3 0.0290394
0 0.0290394
3 0.0290394
6 0.0290393
9 0.0290393
12 0.0290393
15 0.0290392
18 0.0290391
21 0.0290389
24 0.0290385
27 0.0290373
30 0.0290331
33 0.0290219
36 0.0289932
39 0.0289377
42 0.0289677
45 0.029006
48 0.0290051
51 0.0289083
54 0.0283406
57 0.0257135
60 0.0254249
63 0.0282696
66 0.0288944
69 0.0289966
72 0.0290077
75 0.0290024
78 0.0289928
81 0.0289783
84 0.028967
87 0.0289791
90 0.0289861
