-90 0.0289506
-87 0.028969
-84 0.0289882
-81 0.0290162
-78 0.0290121
-75 0.0290028
-72 0.0290084
-69 0.0290233
-66 0.0290338
-63 0.0290381
-60 0.0290393
-57 0.0290395
-54 0.0290394
-51 0.0290393
-48 0.0290392
-45 0.029039
-42 0.0290393
-39 0.0290394
-36 0.0290394
-33 0.0290391
-30 0.0290381
-27 0.0290347
-24 0.0290212
-21 0.0289855
-18 0.0289403
-15 0.0289443
-12 0.0289911
-9 0.0290236
-6 0.0290332
-3 0.0290115
0 0.0290119
3 0.0290371
6 0.0290391
9 0.0290396
12 0.0290397
15 0.0290397
18 0.0290396
21 0.0290393
24 0.0290387
27 0.0290341
30 0.0289813
33 0.0290247
36 0.0290377
39 0.0290385
42 0.0290383
45 0.0290387
48 0.0290391
51 0.0290395
54 0.0290396
57 0.0290397
60 0.0290395
63 0.0290392
66 0.0290379
69 0.029032
72 0.0290129
75 0.0289754
78 0.0289505
81 0.0289751
84 0.029011
87 0.029018
90 0.0289506
