-90 0.0290287
-87 0.0290379
-84 0.0290388
-81 0.0290389
-78 0.029039
-75 0.0290389
-72 0.0290389
-69 0.0290389
-66 0.0290388
-63 0.0290387
-60 0.0290385
-57 0.0290378
-54 0.0290354
-51 0.0290297
-48 0.0290252
-45 0.0290239
-42 0.029021
-39 0.0290087
-36 0.028991
-33 0.0290083
-30 0.0290255
-27 0.0290333
-24 0.0290366
-21 0.029038
-18 0.0290379
-15 0.0290277
-12 0.0290172
-9 0.029038
-6 0.0290393
-3 0.0290393
0 0.0290393
3 0.0290393
6 0.0290393
9 0.0290392
12 0.0290386
15 0.0290368
18 0.0290349
21 0.0290365
24 0.0290379
27 0.0290383
30 0.0290369
33 0.0290295
36 0.0289949
39 0.0288451
42 0.0283742
45 0.0280149
48 0.0285477
51 0.0289162
54 0.0290147
57 0.0290347
60 0.0290381
63 0.0290375
66 0.0290362
69 0.0290371
72 0.0290381
75 0.0290384
78 0.0290386
81 0.0290382
84 0.0290316
87 0.0289508
90 0.0290287
