-90 0.0290348
-87 0.0290359
-84 0.029038
-81 0.0290388
-78 0.0290389
-75 0.029039
-72 0.029039
-69 0.0290388
-66 0.0290378
-63 0.0290342
-60 0.0290241
-57 0.0290125
-54 0.029009
-51 0.0290157
-48 0.0290272
-45 0.0290347
-42 0.0290377
-39 0.0290384
-36 0.0290378
-33 0.0290357
-30 0.0290279
-27 0.0290103
-24 0.0290173
-21 0.0290309
-18 0.0290362
-15 0.0290378
-12 0.0290382
-9 0.0290381
-6 0.029036
-3 0.0290178
0 0.0289942
3 0.0290329
6 0.0290373
9 0.0290376
12 0.0290376
15 0.0290376
18 0.0290373
21 0.0290365
24 0.0290342
27 0.0290276
30 0.0290104
33 0.0289888
36 0.0290088
39 0.0290238
42 0.0290266
45 0.0290144
48 0.0289957
51 0.0289816
54 0.0289992
57 0.0290203
60 0.029032
63 0.0290363
66 0.0290375
69 0.0290377
72 0.0290378
75 0.0290378
78 0.0290374
81 0.0290338
84 0.0290303
87 0.0290355
90 0.0290348
