-90 0.0289973
-87 0.0289876
-84 0.0289746
-81 0.0289642
-78 0.0289593
-75 0.0289599
-72 0.0289638
-69 0.0289675
-66 0.0289707
-63 0.0289756
-60 0.0289831
-57 0.0289917
-54 0.029
-51 0.0290072
-48 0.0290131
-45 0.0290178
-42 0.0290214
-39 0.029024
-36 0.0290253
-33 0.0290253
-30 0.0290234
-27 0.0290194
-24 0.0290142
-21 0.0290118
-18 0.0290154
-15 0.0290221
-12 0.0290272
-9 0.0290275
-6 0.0290139
-3 0.0289601
0 0.0288491
3 0.0288021
6 0.0288999
9 0.0289831
12 0.0290058
15 0.0289966
18 0.0289653
21 0.0289324
24 0.0289439
27 0.0289765
30 0.0290026
33 0.0290112
36 0.0290043
39 0.0289739
42 0.028912
45 0.0289788
48 0.0290071
51 0.0290194
54 0.0290239
57 0.0290236
60 0.0290233
63 0.0290262
66 0.0290297
69 0.0290304
72 0.0290261
75 0.0290133
78 0.0289918
81 0.0289785
84 0.0289866
87 0.0289976
90 0.0289973
