-90 0.0290338
-87 0.0290325
-84 0.0290289
-81 0.0290236
-78 0.02902
-75 0.0290207
-72 0.0290246
-69 0.0290291
-66 0.0290315
-63 0.0290282
-60 0.0290226
-57 0.0289949
-54 0.0289137
-51 0.0288081
-48 0.0288314
-45 0.0289427
-42 0.0290043
-39 0.0290222
-36 0.0290251
-33 0.029024
-30 0.0290213
-27 0.0290165
-24 0.0290077
-21 0.0289909
-18 0.0289492
-15 0.0289593
-12 0.0289978
-9 0.0290064
-6 0.0290075
-3 0.0290073
0 0.0290066
3 0.0290028
6 0.0289732
9 0.0287805
12 0.0275678
15 0.0211788
18 0.0260666
21 0.0285386
24 0.0289451
27 0.0290115
30 0.0290233
33 0.0290257
36 0.0290256
39 0.029024
42 0.0290212
45 0.0290183
48 0.0290195
51 0.0290253
54 0.0290301
57 0.0290325
60 0.0290336
63 0.0290341
66 0.0290345
69 0.0290345
72 0.0290343
75 0.0290347
78 0.0290352
81 0.029035
84 0.0290341
87 0.0290334
90 0.0290338
