-90 0.0280624
-87 0.027783
-84 0.0283803
-81 0.0287971
-78 0.0289193
-75 0.0289454
-72 0.0289506
-69 0.0289507
-66 0.0289443
-63 0.0289097
-60 0.0289312
-57 0.0289444
-54 0.0289459
-51 0.0289462
-48 0.0289476
-45 0.0289486
-42 0.0289487
-39 0.0289476
-36 0.0289442
-33 0.0289388
-30 0.0289349
-27 0.0289368
-24 0.0289414
-21 0.0289388
-18 0.0288873
-15 0.0289381
-12 0.0289425
-9 0.0289406
-6 0.0289218
-3 0.0288492
0 0.0286675
3 0.0285449
6 0.0287105
9 0.0288719
12 0.0289287
15 0.0289426
18 0.0289449
21 0.0289412
24 0.0289415
27 0.0289463
30 0.0289473
33 0.0289476
36 0.028948
39 0.0289484
42 0.0289473
45 0.0289282
48 0.0288369
51 0.0289404
54 0.0289493
57 0.0289501
60 0.0289502
63 0.0289498
66 0.0289497
69 0.0289506
72 0.0289512
75 0.0289512
78 0.0289492
81 0.0289381
84 0.0288825
87 0.0286514
90 0.0280624
