-90 0.0289088
-87 0.0287739
-84 0.0287961
-81 0.0289349
-78 0.029011
-75 0.0290335
-72 0.0290386
-69 0.0290394
-66 0.0290399
-63 0.0290398
-60 0.0290395
-57 0.029039
-54 0.0290385
-51 0.029038
-48 0.0290365
-45 0.0290283
-42 0.0289893
-39 0.0289554
-36 0.0290202
-33 0.0290315
-30 0.0290309
-27 0.029031
-24 0.0290338
-21 0.029037
-18 0.0290388
-15 0.0290391
-12 0.0290352
-9 0.0290283
-6 0.0290362
-3 0.029031
0 0.029036
3 0.0290394
6 0.0290395
9 0.0290395
12 0.0290395
15 0.0290394
18 0.0290391
21 0.0290386
24 0.0290373
27 0.0290307
30 0.0289925
33 0.0287769
36 0.0277383
39 0.0259683
42 0.027793
45 0.0287897
48 0.0289953
51 0.0290318
54 0.0290382
57 0.0290394
60 0.0290396
63 0.0290387
66 0.0290311
69 0.0290372
72 0.0290397
75 0.0290394
78 0.0290355
81 0.0290056
84 0.0290044
87 0.0289981
90 0.0289088
