-90 0.0290144
-87 0.0290121
-84 0.0290082
-81 0.0290037
-78 0.0289986
-75 0.0289931
-72 0.0289875
-69 0.0289817
-66 0.0289771
-63 0.0289738
-60 0.0289725
-57 0.0289737
-54 0.028977
-51 0.028982
-48 0.0289878
-45 0.0289938
-42 0.0289995
-39 0.0290046
-36 0.0290087
-33 0.0290094
-30 0.0289955
-27 0.0289066
-24 0.0284636
-21 0.027189
-18 0.027303
-15 0.028549
-12 0.0289331
-9 0.0290117
-6 0.0290273
-3 0.0290308
0 0.0290319
3 0.0290323
6 0.0290309
9 0.0290297
12 0.0290331
15 0.0290338
18 0.029034
21 0.029034
24 0.029034
27 0.0290338
30 0.0290335
33 0.029033
36 0.0290326
39 0.0290325
42 0.0290328
45 0.0290331
48 0.0290331
51 0.0290329
54 0.0290324
57 0.029032
60 0.0290315
63 0.0290309
66 0.0290301
69 0.0290292
72 0.0290281
75 0.0290268
78 0.0290252
81 0.0290228
84 0.0290158
87 0.0290129
90 0.0290144
