-90 0.0289501
-87 0.0289536
-84 0.0289731
-81 0.0289807
-78 0.0289816
-75 0.0289804
-72 0.0289789
-69 0.0289774
-66 0.0289757
-63 0.0289735
-60 0.0289692
-57 0.0289532
-54 0.0288738
-51 0.0285018
-48 0.0274358
-45 0.0271154
-42 0.0270839
-39 0.027455
-36 0.028519
-33 0.0288705
-30 0.0289419
-27 0.0289539
-24 0.0289548
-21 0.0289533
-18 0.0289507
-15 0.0289471
-12 0.0289422
-9 0.0289361
-6 0.0289281
-3 0.0288959
0 0.028896
3 0.0289258
6 0.028945
9 0.0289555
12 0.0289626
15 0.0289681
18 0.0289724
21 0.0289758
24 0.0289784
27 0.02898
30 0.028979
33 0.0289644
36 0.0288758
39 0.028434
42 0.027159
45 0.0273519
48 0.0284622
51 0.028779
54 0.0289017
57 0.0289628
60 0.0289827
63 0.028988
66 0.0289891
69 0.0289893
72 0.0289892
75 0.028989
78 0.0289886
81 0.028988
84 0.0289862
87 0.0289801
90 0.0289501
