-90 0.0288906
-87 0.0288943
-84 0.0288982
-81 0.0289023
-78 0.0289068
-75 0.0289115
-72 0.0289161
-69 0.0289206
-66 0.0289254
-63 0.0289313
-60 0.0289382
-57 0.0289448
-54 0.0289504
-51 0.028955
-48 0.028959
-45 0.0289625
-42 0.0289656
-39 0.0289683
-36 0.0289707
-33 0.0289727
-30 0.0289745
-27 0.0289758
-24 0.0289758
-21 0.0289701
-18 0.0289293
-15 0.0286709
-12 0.0270779
-9 0.019715
-6 0.0183178
-3 0.0251249
0 0.028366
3 0.0288809
6 0.0289617
9 0.0289739
12 0.0289749
15 0.0289741
18 0.0289728
21 0.0289712
24 0.0289696
27 0.0289677
30 0.0289657
33 0.0289633
36 0.0289607
39 0.0289577
42 0.0289542
45 0.0289498
48 0.0289444
51 0.0289384
54 0.0289333
57 0.0289297
60 0.0289265
63 0.0289224
66 0.0289173
69 0.0289114
72 0.0289052
75 0.0288989
78 0.0288931
81 0.0288887
84 0.0288869
87 0.0288878
90 0.0288906
