-90 0.029038
-87 0.0290384
-84 0.0290388
-81 0.0290389
-78 0.0290392
-75 0.0290388
-72 0.0290369
-69 0.0290315
-66 0.0290208
-63 0.0290121
-60 0.0289925
-57 0.0289376
-54 0.0288982
-51 0.028941
-48 0.0289959
-45 0.0289973
-42 0.0290275
-39 0.0290345
-36 0.0290346
-33 0.0290346
-30 0.0290351
-27 0.0290362
-24 0.0290367
-21 0.0290381
-18 0.0290388
-15 0.0290392
-12 0.0290392
-9 0.0290378
-6 0.0290297
-3 0.0289855
0 0.0287205
3 0.0272276
6 0.023724
9 0.027409
12 0.0287556
15 0.0289932
18 0.0290323
21 0.0290382
24 0.0290243
27 0.0290207
30 0.0290382
33 0.0290329
36 0.0289964
39 0.0287708
42 0.0274163
45 0.0223366
48 0.0268086
51 0.0286633
54 0.0289733
57 0.0290056
60 0.0289427
63 0.028773
66 0.0286764
69 0.0288345
72 0.0289763
75 0.029025
78 0.0290364
81 0.0290383
84 0.0290381
87 0.0290378
90 0.029038
