-90 0.0289954
-87 0.0290089
-84 0.0290223
-81 0.0290239
-78 0.0290064
-75 0.0289896
-72 0.0289959
-69 0.0290143
-66 0.0290227
-63 0.0290163
-60 0.0289903
-57 0.028987
-54 0.0290016
-51 0.0290111
-48 0.0290222
-45 0.0290299
-42 0.0290339
-39 0.0290358
-36 0.0290369
-33 0.0290376
-30 0.0290357
-27 0.0290118
-24 0.0289417
-21 0.0287369
-18 0.0274904
-15 0.025336
-12 0.0277294
-9 0.0287936
-6 0.0289981
-3 0.0290329
0 0.0290387
3 0.0290396
6 0.0290397
9 0.0290395
12 0.0290385
15 0.0290344
18 0.0290217
21 0.0289947
24 0.0289648
27 0.0289643
30 0.0289999
33 0.0290159
36 0.0290215
39 0.0290119
42 0.0289984
45 0.0290083
48 0.0290227
51 0.0290322
54 0.0290365
57 0.0290389
60 0.0290392
63 0.0290362
66 0.0290379
69 0.0290381
72 0.0290317
75 0.0290059
78 0.0289182
81 0.0287576
84 0.02874
87 0.0288982
90 0.0289954
