-90 0.0280349
-87 0.0277392
-84 0.0283647
-81 0.0287971
-78 0.0289228
-75 0.0289495
-72 0.0289549
-69 0.028955
-66 0.0289487
-63 0.028916
-60 0.0289368
-57 0.0289494
-54 0.0289509
-51 0.0289512
-48 0.0289525
-45 0.0289536
-42 0.0289538
-39 0.0289528
-36 0.0289497
-33 0.0289447
-30 0.0289411
-27 0.028943
-24 0.0289475
-21 0.0289449
-18 0.028886
-15 0.028944
-12 0.0289489
-9 0.0289468
-6 0.0289274
-3 0.0288513
0 0.0286582
3 0.0285276
6 0.0287057
9 0.0288759
12 0.0289347
15 0.0289488
18 0.0289512
21 0.0289477
24 0.0289476
27 0.0289522
30 0.028953
33 0.0289531
36 0.0289534
39 0.0289536
42 0.0289525
45 0.0289331
48 0.0288403
51 0.0289452
54 0.028954
57 0.0289547
60 0.0289547
63 0.0289542
66 0.028954
69 0.0289549
72 0.0289555
75 0.0289554
78 0.0289534
81 0.0289421
84 0.0288855
87 0.0286482
90 0.0280349
