-90 0.0289964
-87 0.0289995
-84 0.0290044
-81 0.0290098
-78 0.029015
-75 0.0290196
-72 0.0290234
-69 0.029026
-66 0.0290253
-63 0.0290072
-60 0.0288859
-57 0.0281616
-54 0.0246081
-51 0.0253846
-48 0.028336
-45 0.0288599
-42 0.0289883
-39 0.029027
-36 0.0290356
-33 0.0290377
-30 0.0290383
-27 0.0290385
-24 0.0290385
-21 0.0290387
-18 0.0290383
-15 0.0290367
-12 0.0290368
-9 0.029034
-6 0.0289902
-3 0.0290277
0 0.029038
3 0.0290388
6 0.0290389
9 0.0290389
12 0.0290388
15 0.0290388
18 0.0290386
21 0.0290384
24 0.0290376
27 0.0290356
30 0.0290309
33 0.0290226
36 0.0290148
39 0.0290162
42 0.0290252
45 0.029032
48 0.0290346
51 0.0290348
54 0.0290341
57 0.0290328
60 0.0290311
63 0.0290292
66 0.0290266
69 0.0290233
72 0.0290193
75 0.0290146
78 0.0290091
81 0.0290035
84 0.0289987
87 0.0289961
90 0.0289964
