-90 0.0289827
-87 0.0288157
-84 0.0285103
-81 0.0285486
-78 0.0288515
-75 0.0289937
-72 0.0290304
-69 0.0290376
-66 0.0290373
-63 0.0290308
-60 0.02901
-57 0.0289699
-54 0.0289484
-51 0.028983
-48 0.0290179
-45 0.0290336
-42 0.0290377
-39 0.0290378
-36 0.0290389
-33 0.0290397
-30 0.0290396
-27 0.0290394
-24 0.0290389
-21 0.0290376
-18 0.0290345
-15 0.0290278
-12 0.0290145
-9 0.0290027
-6 0.029006
-3 0.0289604
0 0.028612
3 0.0266439
6 0.0236179
9 0.0277272
12 0.0288154
15 0.0289983
18 0.0290242
21 0.0290252
24 0.0290266
27 0.029031
30 0.029035
33 0.0290373
36 0.0290384
39 0.0290389
42 0.0290391
45 0.029039
48 0.0290366
51 0.0290286
54 0.0290312
57 0.0290184
60 0.0289666
63 0.0288731
66 0.0288494
69 0.0289369
72 0.0290068
75 0.0290318
78 0.0290381
81 0.029039
84 0.0290376
87 0.0290281
90 0.0289827
