-90 0.0290358
-87 0.0290268
-84 0.0290204
-81 0.0290061
-78 0.0289965
-75 0.0290076
-72 0.0290247
-69 0.0290331
-66 0.0290372
-63 0.0290394
-60 0.0290399
-57 0.0290399
-54 0.0290397
-51 0.0290399
-48 0.0290398
-45 0.0290391
-42 0.0290388
-39 0.0290393
-36 0.0290348
-33 0.029034
-30 0.0290395
-27 0.0290399
-24 0.0290398
-21 0.0290397
-18 0.0290395
-15 0.0290388
-12 0.0290363
-9 0.0290263
-6 0.0290129
-3 0.0290249
0 0.0290306
3 0.0290318
6 0.0290289
9 0.0290175
12 0.0289338
15 0.0290033
18 0.0290013
21 0.0290054
24 0.0290192
27 0.0290304
30 0.0290352
33 0.0290354
36 0.0290313
39 0.0290211
42 0.0290117
45 0.0290209
48 0.0290315
51 0.0290363
54 0.0290376
57 0.0290346
60 0.028989
63 0.0290228
66 0.0290351
69 0.0290358
72 0.029036
75 0.0290365
78 0.0290367
81 0.0290372
84 0.0290383
87 0.0290385
90 0.0290358
