-90 0.0289544
-87 0.0287798
-84 0.0286303
-81 0.0287793
-78 0.0289541
-75 0.0290184
-72 0.0290341
-69 0.0290373
-66 0.0290377
-63 0.0290376
-60 0.0290378
-57 0.0290378
-54 0.0290359
-51 0.0290185
-48 0.0290226
-45 0.0290365
-42 0.0290378
-39 0.029038
-36 0.029038
-33 0.0290373
-30 0.02903
-27 0.029031
-24 0.0290376
-21 0.0290377
-18 0.0290327
-15 0.0290346
-12 0.0290381
-9 0.0290383
-6 0.0290384
-3 0.0290384
0 0.0290383
3 0.0290374
6 0.0290296
9 0.0290171
12 0.0290341
15 0.0290191
18 0.0290236
21 0.0290361
24 0.0290353
27 0.0290335
30 0.0290317
33 0.0290287
36 0.0290238
39 0.0290163
42 0.0290029
45 0.0289823
48 0.0289829
51 0.0290062
54 0.0290214
57 0.0290294
60 0.0290334
63 0.0290309
66 0.0289591
69 0.0290173
72 0.0289878
75 0.029034
78 0.0290379
81 0.0290376
84 0.0290344
87 0.0290187
90 0.0289544
