-90 0.0290121
-87 0.0290334
-84 0.0290387
-81 0.0290397
-78 0.0290398
-75 0.0290393
-72 0.0290364
-69 0.0290348
-66 0.0290389
-63 0.0290396
-60 0.0290368
-57 0.0289562
-54 0.0290354
-51 0.0290396
-48 0.0290398
-45 0.0290397
-42 0.0290392
-39 0.0290371
-36 0.0290286
-33 0.0290001
-30 0.0290017
-27 0.0290266
-24 0.0290321
-21 0.0290308
-18 0.0290124
-15 0.0289401
-12 0.0287603
-9 0.0286413
-6 0.0288068
-3 0.0289667
0 0.0290226
3 0.0290362
6 0.029039
9 0.0290394
12 0.0290392
15 0.029039
18 0.0290392
21 0.0290395
24 0.0290397
27 0.0290394
30 0.0290394
33 0.0290329
36 0.0289474
39 0.0290318
42 0.029039
45 0.0290394
48 0.0290387
51 0.0290292
54 0.0290141
57 0.0290374
60 0.0290397
63 0.0290398
66 0.0290392
69 0.0290358
72 0.0290225
75 0.0289698
78 0.0288111
81 0.0286293
84 0.0287424
87 0.028935
90 0.0290121
