-90 0.0290319
-87 0.0290317
-84 0.0290313
-81 0.0290309
-78 0.0290304
-75 0.0290298
-72 0.0290293
-69 0.0290285
-66 0.029028
-63 0.0290275
-60 0.029027
-57 0.0290265
-54 0.029026
-51 0.0290257
-48 0.0290255
-45 0.0290253
-42 0.0290253
-39 0.0290253
-36 0.0290252
-33 0.0290248
-30 0.0290235
-27 0.0290201
-24 0.0290099
-21 0.02898
-18 0.0289204
-15 0.0288855
-12 0.0289328
-9 0.0289895
-6 0.0290131
-3 0.0290174
0 0.0290148
3 0.0290082
6 0.0289701
9 0.0289583
12 0.0289943
15 0.0289968
18 0.0289983
21 0.0289944
24 0.0289704
27 0.0289027
30 0.0288251
33 0.0288549
36 0.0289429
39 0.0289926
42 0.029011
45 0.0290185
48 0.0290228
51 0.0290258
54 0.0290279
57 0.0290295
60 0.0290306
63 0.0290314
66 0.0290319
69 0.0290323
72 0.0290326
75 0.0290327
78 0.0290327
81 0.0290326
84 0.0290322
87 0.0290319
90 0.0290319
