-90 0.0290396
-87 0.0290397
-84 0.0290397
-81 0.0290396
-78 0.0290388
-75 0.0290353
-72 0.0290358
-69 0.0290358
-66 0.0290204
-63 0.0289225
-60 0.0283262
-57 0.0251913
-54 0.0247308
-51 0.028216
-48 0.0289022
-45 0.0289818
-42 0.0289858
-39 0.0287802
-36 0.0274473
-33 0.0215316
-30 0.0265496
-27 0.0286299
-24 0.0289741
-21 0.0290293
-18 0.0290378
-15 0.0290366
-12 0.029038
-9 0.0290374
-6 0.029027
-3 0.0289741
0 0.02876
3 0.0283053
6 0.0283364
9 0.0287857
12 0.0289808
15 0.0290271
18 0.0290367
21 0.0290391
24 0.0290394
27 0.0290391
30 0.0290382
33 0.0290367
36 0.0290337
39 0.0290288
42 0.0290214
45 0.0290152
48 0.0290165
51 0.0290225
54 0.0290224
57 0.0289971
60 0.0288988
63 0.0287143
66 0.0286994
69 0.0288831
72 0.0289911
75 0.0290204
78 0.0290286
81 0.0290343
84 0.0290376
87 0.0290391
90 0.0290396
