-90 0.0289568
-87 0.0289945
-84 0.0290239
-81 0.0290352
-78 0.0290312
-75 0.0290248
-72 0.0290346
-69 0.0290219
-66 0.0289602
-63 0.0287316
-60 0.0284813
-57 0.0285695
-54 0.0288642
-51 0.0289942
-48 0.0290268
-45 0.0290332
-42 0.0290343
-39 0.0290343
-36 0.0290343
-33 0.0290343
-30 0.0290343
-27 0.0290344
-24 0.0290346
-21 0.0290347
-18 0.0290352
-15 0.0290357
-12 0.0290362
-9 0.0290367
-6 0.0290373
-3 0.0290358
0 0.0289879
3 0.0290346
6 0.0290388
9 0.0290391
12 0.0290392
15 0.0290392
18 0.0290391
21 0.029039
24 0.0290365
27 0.0290024
30 0.0290315
33 0.0290368
36 0.0290389
39 0.0290395
42 0.0290396
45 0.0290397
48 0.0290397
51 0.0290395
54 0.0290392
57 0.0290384
60 0.0290365
63 0.0290332
66 0.0290291
69 0.0290289
72 0.0290329
75 0.0290343
78 0.0290271
81 0.0289997
84 0.0289469
87 0.0289198
90 0.0289568
