-90 0.0289949
-87 0.029024
-84 0.0290283
-81 0.0290216
-78 0.0290293
-75 0.0290325
-72 0.0290333
-69 0.0290337
-66 0.0290338
-63 0.0290332
-60 0.0290323
-57 0.0290327
-54 0.0290343
-51 0.0290356
-48 0.0290357
-45 0.0290346
-42 0.029033
-39 0.0290313
-36 0.0290181
-33 0.0290142
-30 0.0290182
-27 0.0290162
-24 0.0290142
-21 0.0290101
-18 0.0290228
-15 0.0290298
-12 0.0290335
-9 0.0290356
-6 0.0290365
-3 0.0290369
0 0.029038
3 0.0290384
6 0.0290386
9 0.0290385
12 0.029035
15 0.0290072
18 0.0290251
21 0.0290149
24 0.0290332
27 0.029035
30 0.0290369
33 0.0290387
36 0.0290391
39 0.0290391
42 0.0290389
45 0.0290385
48 0.029037
51 0.029032
54 0.0290188
57 0.0289986
60 0.0289906
63 0.0290056
66 0.0290233
69 0.0290302
72 0.0290236
75 0.0289829
78 0.0288416
81 0.0286265
84 0.0286757
87 0.0288881
90 0.0289949
