-90 0.0290383
-87 0.0290347
-84 0.0290382
-81 0.0290393
-78 0.0290386
-75 0.0290345
-72 0.0290145
-69 0.0289336
-66 0.028727
-63 0.0285945
-60 0.028789
-57 0.0289639
-54 0.0290221
-51 0.0290355
-48 0.029038
-45 0.0290381
-42 0.0290376
-39 0.0290374
-36 0.0290372
-33 0.029037
-30 0.0290368
-27 0.0290367
-24 0.0290369
-21 0.0290371
-18 0.0290373
-15 0.0290373
-12 0.0290365
-9 0.0290346
-6 0.0290313
-3 0.0290291
0 0.0290303
3 0.0290333
6 0.0290362
9 0.0290382
12 0.0290392
15 0.0290396
18 0.0290398
21 0.0290398
24 0.0290398
27 0.0290397
30 0.0290394
33 0.0290393
36 0.0290393
39 0.0290391
42 0.0290382
45 0.0290354
48 0.0290246
51 0.0289849
54 0.0288744
57 0.0287417
60 0.0287768
63 0.0287682
66 0.027915
69 0.0225674
72 0.0251232
75 0.0284005
78 0.0289348
81 0.0290202
84 0.0290348
87 0.0290376
90 0.0290383
