-90 0.0285855
-87 0.0271814
-84 0.0265994
-81 0.0283316
-78 0.028904
-75 0.0290143
-72 0.0290325
-69 0.0290346
-66 0.029035
-63 0.0290363
-60 0.0290376
-57 0.0290383
-54 0.0290381
-51 0.0290377
-48 0.0290382
-45 0.029039
-42 0.0290393
-39 0.0290392
-36 0.029039
-33 0.0290389
-30 0.0290391
-27 0.0290393
-24 0.0290394
-21 0.0290395
-18 0.0290395
-15 0.0290393
-12 0.0290393
-9 0.0290393
-6 0.029039
-3 0.0290392
0 0.0290391
3 0.0290384
6 0.0290357
9 0.0290234
12 0.0289776
15 0.0288664
18 0.0287798
21 0.0288642
24 0.0289731
27 0.0290186
30 0.0290294
33 0.0290214
36 0.0290038
39 0.0290231
42 0.029021
45 0.029015
48 0.0290067
51 0.0289957
54 0.0289773
57 0.0289494
60 0.0289684
63 0.0289831
66 0.0289958
69 0.0290063
72 0.0290145
75 0.0290208
78 0.0290253
81 0.0290268
84 0.0290174
87 0.0289491
90 0.0285855
