-90 0.0287806
-87 0.0288542
-84 0.028971
-81 0.029022
-78 0.0290357
-75 0.0290373
-72 0.0290286
-69 0.0290327
-66 0.0290382
-63 0.0290349
-60 0.0290344
-57 0.0290385
-54 0.0290391
-51 0.0290387
-48 0.0290373
-45 0.0290341
-42 0.0290285
-39 0.0290252
-36 0.0290289
-33 0.0290327
-30 0.0290306
-27 0.0290174
-24 0.0290128
-21 0.0290291
-18 0.0290358
-15 0.0290371
-12 0.0290367
-9 0.0290352
-6 0.0290325
-3 0.0290246
0 0.029002
3 0.0290071
6 0.0290002
9 0.0289914
12 0.0289909
15 0.029
18 0.0290031
21 0.0289655
24 0.0289415
27 0.0289308
30 0.0289764
33 0.0290057
36 0.0290258
39 0.0290348
42 0.0290379
45 0.0290389
48 0.0290392
51 0.0290392
54 0.0290376
57 0.0290341
60 0.0290218
63 0.0290361
66 0.0290391
69 0.0290396
72 0.0290396
75 0.0290392
78 0.0290369
81 0.0290263
84 0.0289854
87 0.0288794
90 0.0287806
