-90 0.0289176
-87 0.0289905
-84 0.0290124
-81 0.0290237
-78 0.0290302
-75 0.029034
-72 0.0290361
-69 0.0290372
-66 0.0290379
-63 0.0290382
-60 0.0290384
-57 0.0290384
-54 0.0290381
-51 0.0290361
-48 0.0290265
-45 0.0289885
-42 0.0288873
-39 0.0287847
-36 0.0288491
-33 0.0289669
-30 0.0290203
-27 0.0290347
-24 0.029038
-21 0.0290385
-18 0.029039
-15 0.0290394
-12 0.0290395
-9 0.0290394
-6 0.0290395
-3 0.0290397
0 0.0290398
3 0.0290397
6 0.0290394
9 0.029038
12 0.0290317
15 0.0290072
18 0.0289417
21 0.0288641
24 0.0288887
27 0.0289725
30 0.0290184
33 0.0290324
36 0.0290359
39 0.0290372
42 0.0290378
45 0.0290379
48 0.0290376
51 0.0290371
54 0.0290367
57 0.0290365
60 0.0290363
63 0.029036
66 0.0290351
69 0.0290302
72 0.029001
75 0.0288192
78 0.0276779
81 0.0211086
84 0.0257547
87 0.028486
90 0.0289176
