-90 0.0290393
-87 0.0290387
-84 0.0290378
-81 0.0290372
-78 0.0290374
-75 0.0290379
-72 0.0290382
-69 0.0290392
-66 0.0290395
-63 0.0290396
-60 0.0290395
-57 0.0290391
-54 0.0290385
-51 0.0290376
-48 0.0290365
-45 0.0290356
-42 0.0290345
-39 0.0290307
-36 0.0290167
-33 0.0289824
-30 0.0289254
-27 0.0285082
-24 0.0260817
-21 0.0236217
-18 0.0278981
-15 0.0288432
-12 0.0289965
-9 0.0290158
-6 0.0290135
-3 0.0290115
0 0.0290146
3 0.0290205
6 0.0290256
9 0.0290289
12 0.0290301
15 0.0290278
18 0.0290205
21 0.0290133
24 0.0290149
27 0.0290231
30 0.029027
33 0.0290352
36 0.0290372
39 0.0290378
42 0.0290384
45 0.0290389
48 0.0290393
51 0.0290395
54 0.0290395
57 0.0290382
60 0.0290294
63 0.0290349
66 0.0290393
69 0.0290396
72 0.0290395
75 0.0290394
78 0.0290394
81 0.0290395
84 0.0290395
87 0.0290396
90 0.0290393
