-90 0.0290302
-87 0.0290342
-84 0.0290367
-81 0.0290381
-78 0.029039
-75 0.0290394
-72 0.0290391
-69 0.0290372
-66 0.0290347
-63 0.0290311
-60 0.0290174
-57 0.0289966
-54 0.028985
-51 0.0290022
-48 0.0290243
-45 0.0290341
-42 0.029038
-39 0.0290393
-36 0.0290397
-33 0.0290397
-30 0.0290393
-27 0.0290372
-24 0.029036
-21 0.029039
-18 0.0290398
-15 0.0290398
-12 0.0290394
-9 0.0290391
-6 0.0290396
-3 0.0290399
0 0.0290398
3 0.0290396
6 0.0290388
9 0.0290367
12 0.029033
15 0.0290318
18 0.0290351
21 0.0290358
24 0.0290234
27 0.0289388
30 0.0283999
33 0.0249961
36 0.0220161
39 0.0279103
42 0.0288611
45 0.0290061
48 0.0290222
51 0.0290356
54 0.0290392
57 0.0290394
60 0.0290392
63 0.0290385
66 0.0290373
69 0.0290352
72 0.0290318
75 0.0290267
78 0.029021
81 0.0290176
84 0.0290196
87 0.0290248
90 0.0290302
