-90 0.0290373
-87 0.029039
-84 0.0290389
-81 0.0290384
-78 0.0290364
-75 0.029031
-72 0.0290138
-69 0.0289456
-66 0.0289294
-63 0.029003
-60 0.0290255
-57 0.0290331
-54 0.0290285
-51 0.0289938
-48 0.0290267
-45 0.029027
-42 0.029006
-39 0.0290109
-36 0.0290219
-33 0.0290323
-30 0.0290363
-27 0.0290386
-24 0.0290396
-21 0.0290398
-18 0.0290398
-15 0.0290395
-12 0.0290373
-9 0.0290241
-6 0.0289464
-3 0.028515
0 0.0267576
3 0.0263323
6 0.0283438
9 0.0289111
12 0.0290168
15 0.0290358
18 0.029039
21 0.0290393
24 0.029038
27 0.0290313
30 0.0290133
33 0.0290226
36 0.0290327
39 0.0290281
42 0.0290183
45 0.0290346
48 0.0290322
51 0.0290305
54 0.0290332
57 0.0290366
60 0.0290379
63 0.029036
66 0.0290223
69 0.0289474
72 0.0286069
75 0.0277656
78 0.0278948
81 0.0286923
84 0.0289682
87 0.0290265
90 0.0290373
