-90 0.0290289
-87 0.0290291
-84 0.0290295
-81 0.0290293
-78 0.0290267
-75 0.029021
-72 0.0290209
-69 0.029019
-66 0.0290096
-63 0.0289386
-60 0.0290226
-57 0.029035
-54 0.0290362
-51 0.0290347
-48 0.0290324
-45 0.0290317
-42 0.0290335
-39 0.029036
-36 0.0290377
-33 0.0290387
-30 0.0290391
-27 0.0290393
-24 0.0290387
-21 0.0290355
-18 0.0290378
-15 0.0290394
-12 0.0290395
-9 0.0290394
-6 0.0290377
-3 0.0290213
0 0.0290227
3 0.029027
6 0.0290126
9 0.0290363
12 0.0290391
15 0.0290394
18 0.0290394
21 0.0290394
24 0.0290393
27 0.0290391
30 0.0290384
33 0.0290361
36 0.02903
39 0.0290179
42 0.0289924
45 0.0290001
48 0.0289958
51 0.0290285
54 0.0290365
57 0.0290373
60 0.0290371
63 0.0290356
66 0.0290321
69 0.0290343
72 0.0290343
75 0.0290333
78 0.0290322
81 0.029031
84 0.0290301
87 0.0290292
90 0.0290289
