-90 0.0290312
-87 0.0290347
-84 0.0290365
-81 0.0290367
-78 0.0290357
-75 0.0290308
-72 0.0290071
-69 0.0289061
-66 0.028625
-63 0.0284281
-60 0.0287083
-57 0.0289432
-54 0.0290154
-51 0.0290278
-48 0.0290323
-45 0.029031
-42 0.029023
-39 0.0290124
-36 0.0290103
-33 0.0290194
-30 0.0290288
-27 0.0290334
-24 0.0290353
-21 0.0290364
-18 0.0290374
-15 0.029038
-12 0.0290383
-9 0.0290379
-6 0.0290373
-3 0.0290376
0 0.0290385
3 0.0290387
6 0.0290382
9 0.0290373
12 0.0290356
15 0.0290308
18 0.0290186
21 0.0289891
24 0.0289715
27 0.0290099
30 0.0290274
33 0.0290344
36 0.0290368
39 0.0290349
42 0.0290182
45 0.0289223
48 0.0283848
51 0.0256961
54 0.0250097
57 0.0282066
60 0.0288991
63 0.0290155
66 0.029033
69 0.0290316
72 0.0290189
75 0.0289913
78 0.0290041
81 0.0290241
84 0.0290223
87 0.0290292
90 0.0290312
