-90 0.0290391
-87 0.0290388
-84 0.0290381
-81 0.0290345
-78 0.029013
-75 0.0288804
-72 0.0280734
-69 0.0239991
-66 0.0254433
-63 0.0283814
-60 0.0289235
-57 0.0290152
-54 0.0290283
-51 0.0290283
-48 0.0290248
-45 0.0290235
-42 0.0290181
-39 0.0290059
-36 0.0289733
-33 0.028897
-30 0.0288129
-27 0.0288405
-24 0.0289272
-21 0.0289769
-18 0.0289969
-15 0.029007
-12 0.0290142
-9 0.0290199
-6 0.0290245
-3 0.029028
0 0.0290307
3 0.0290314
6 0.0290063
9 0.0290268
12 0.0290361
15 0.0290371
18 0.0290376
21 0.0290379
24 0.0290381
27 0.0290383
30 0.0290383
33 0.0290378
36 0.029035
39 0.0290167
42 0.0290327
45 0.0290382
48 0.0290389
51 0.0290392
54 0.0290394
57 0.0290394
60 0.0290393
63 0.0290392
66 0.0290393
69 0.0290385
72 0.0290336
75 0.0290372
78 0.0290392
81 0.0290394
84 0.0290393
87 0.0290392
90 0.0290391
