-90 0.0290116
-87 0.0289953
-84 0.0289863
-81 0.0289953
-78 0.0290115
-75 0.0290235
-72 0.0290312
-69 0.0290349
-66 0.0290357
-63 0.0290347
-60 0.0290364
-57 0.0290389
-54 0.029039
-51 0.0290383
-48 0.0290386
-45 0.0290394
-42 0.0290396
-39 0.0290395
-36 0.0290393
-33 0.0290392
-30 0.0290397
-27 0.0290394
-24 0.0290375
-21 0.0290383
-18 0.0290395
-15 0.0290395
-12 0.0290372
-9 0.0290292
-6 0.0290356
-3 0.0290387
0 0.0290389
3 0.0290393
6 0.0290393
9 0.0290392
12 0.0290391
15 0.0290392
18 0.0290392
21 0.0290392
24 0.0290387
27 0.0290349
30 0.0290111
33 0.0288626
36 0.027938
39 0.0228377
42 0.0253623
45 0.02843
48 0.0289419
51 0.0290205
54 0.0290079
57 0.0290222
60 0.0290369
63 0.029032
66 0.0290346
69 0.0290391
72 0.0290391
75 0.0290385
78 0.0290373
81 0.0290351
84 0.0290312
87 0.0290239
90 0.0290116
