-90 0.0284055
-87 0.0288326
-84 0.0289759
-81 0.0290203
-78 0.0290345
-75 0.0290375
-72 0.0290292
-69 0.0290046
-66 0.0290343
-63 0.0290392
-60 0.0290393
-57 0.0290397
-54 0.0290398
-51 0.0290395
-48 0.0290383
-45 0.0290318
-42 0.0289934
-39 0.0287577
-36 0.0273382
-33 0.0220038
-30 0.0268411
-27 0.0286707
-24 0.0289775
-21 0.0290271
-18 0.0290358
-15 0.029038
-12 0.029039
-9 0.0290395
-6 0.0290397
-3 0.0290397
0 0.0290399
3 0.0290399
6 0.0290399
9 0.0290397
12 0.0290388
15 0.0290336
18 0.0290033
21 0.028841
24 0.028146
27 0.0270974
30 0.0280721
33 0.0288197
36 0.0289992
39 0.0290328
42 0.0290387
45 0.0290396
48 0.0290394
51 0.029038
54 0.0290328
57 0.0290185
60 0.0290085
63 0.0290242
66 0.0290353
69 0.0290387
72 0.0290388
75 0.0290347
78 0.0290131
81 0.028907
84 0.0285255
87 0.0280344
90 0.0284055
