-90 0.0290372
-87 0.0290378
-84 0.0290317
-81 0.0290352
-78 0.0290392
-75 0.0290398
-72 0.0290397
-69 0.0290396
-66 0.0290394
-63 0.0290391
-60 0.0290386
-57 0.0290368
-54 0.0290191
-51 0.0289995
-48 0.0290212
-45 0.0290268
-42 0.0290242
-39 0.0290253
-36 0.0290259
-33 0.0290253
-30 0.029027
-27 0.029031
-24 0.0290347
-21 0.0290369
-18 0.0290357
-15 0.0290019
-12 0.0290199
-9 0.0290381
-6 0.0290394
-3 0.0290391
0 0.0290387
3 0.0290391
6 0.0290393
9 0.0290388
12 0.0290365
15 0.0290315
18 0.029029
21 0.0290335
24 0.0290374
27 0.0290389
30 0.0290394
33 0.0290396
36 0.0290396
39 0.0290394
42 0.0290384
45 0.029035
48 0.0290263
51 0.0290132
54 0.0290069
57 0.0290073
60 0.0289657
63 0.0290101
66 0.0290342
69 0.0290387
72 0.0290395
75 0.0290397
78 0.0290393
81 0.0290368
84 0.0290286
87 0.0290296
90 0.0290372
