-90 0.0289689
-87 0.0290238
-84 0.0290143
-81 0.0290257
-78 0.0290288
-75 0.0290182
-72 0.0290151
-69 0.0290231
-66 0.029012
-63 0.0289116
-60 0.0283319
-57 0.0259346
-54 0.0261135
-51 0.0283693
-48 0.0289067
-45 0.0290068
-42 0.0290265
-39 0.0290302
-36 0.0290303
-33 0.029029
-30 0.0290264
-27 0.0290215
-24 0.0290135
-21 0.0290007
-18 0.0289788
-15 0.0289575
-12 0.0289804
-9 0.0290007
-6 0.0289961
-3 0.0288958
0 0.0282978
3 0.0259782
6 0.0263972
9 0.0284266
12 0.0289112
15 0.0289988
18 0.0290104
21 0.0290148
24 0.0290253
27 0.0290323
30 0.0290353
33 0.0290353
36 0.0290184
39 0.0290292
42 0.0290356
45 0.0290327
48 0.0290329
51 0.0290339
54 0.029022
57 0.0289543
60 0.0286527
63 0.0278304
66 0.026611
69 0.01906
72 0.0258513
75 0.0285376
78 0.0289586
81 0.0290246
84 0.0290329
87 0.0290194
90 0.0289689
