-90 0.0290396
-87 0.0290394
-84 0.0290391
-81 0.0290387
-78 0.0290392
-75 0.0290395
-72 0.0290393
-69 0.0290373
-66 0.0290265
-63 0.028975
-60 0.0287777
-57 0.0283327
-54 0.0281415
-51 0.0286002
-48 0.0289126
-45 0.0290115
-42 0.0290342
-39 0.0290384
-36 0.0290389
-33 0.0290394
-30 0.0290397
-27 0.0290397
-24 0.0290398
-21 0.0290397
-18 0.0290395
-15 0.0290386
-12 0.0290325
-9 0.0290307
-6 0.0290377
-3 0.0290386
0 0.0290378
3 0.0290359
6 0.0290322
9 0.0290262
12 0.0290194
15 0.0290183
18 0.0290239
21 0.0290278
24 0.029016
27 0.0289199
30 0.0283442
33 0.0256777
36 0.0255883
39 0.0283179
42 0.028915
45 0.0290147
48 0.0290291
51 0.0290324
54 0.0290355
57 0.0290376
60 0.0290386
63 0.0290394
66 0.0290397
69 0.0290398
72 0.0290398
75 0.0290389
78 0.0290339
81 0.0290314
84 0.0290381
87 0.0290396
90 0.0290396
