-90 0.0290236
-87 0.0290218
-84 0.0290196
-81 0.0290169
-78 0.0290135
-75 0.0290092
-72 0.0290035
-69 0.028996
-66 0.0289858
-63 0.0289723
-60 0.0289554
-57 0.0289429
-54 0.0289542
-51 0.0289711
-48 0.0289845
-45 0.0289943
-42 0.0290009
-39 0.029005
-36 0.0290082
-33 0.0290115
-30 0.029015
-27 0.0290177
-24 0.0290196
-21 0.029021
-18 0.0290219
-15 0.0290225
-12 0.0290234
-9 0.0290243
-6 0.029025
-3 0.0290256
0 0.0290262
3 0.0290268
6 0.0290273
9 0.0290278
12 0.0290282
15 0.0290287
18 0.0290291
21 0.0290295
24 0.0290298
27 0.0290301
30 0.0290304
33 0.0290306
36 0.0290306
39 0.0290298
42 0.0290247
45 0.0289952
48 0.0288443
51 0.028134
54 0.0254948
57 0.0234373
60 0.0248498
63 0.0281635
66 0.0288747
69 0.0290037
72 0.0290251
75 0.0290281
78 0.029028
81 0.0290273
84 0.0290263
87 0.0290251
90 0.0290236
