-90 0.0290361
-87 0.0290358
-84 0.0290351
-81 0.029034
-78 0.0290324
-75 0.0290309
-72 0.0290299
-69 0.0290302
-66 0.0290312
-63 0.029032
-60 0.0290319
-57 0.0290283
-54 0.0290065
-51 0.0288789
-48 0.0281926
-45 0.0259506
-42 0.0268752
-39 0.0285662
-36 0.0289473
-33 0.0290112
-30 0.0290179
-27 0.0290046
-24 0.0289769
-21 0.0289602
-18 0.0289788
-15 0.0290064
-12 0.0290211
-9 0.0290263
-6 0.029028
-3 0.0290289
0 0.0290295
3 0.0290301
6 0.0290307
9 0.0290308
12 0.0290301
15 0.0290317
18 0.029033
21 0.0290336
24 0.029034
27 0.0290344
30 0.0290346
33 0.0290328
36 0.0290186
39 0.0290291
42 0.0290344
45 0.0290348
48 0.029035
51 0.0290353
54 0.0290358
57 0.0290361
60 0.0290362
63 0.0290361
66 0.029036
69 0.029035
72 0.0290288
75 0.0290002
78 0.0290316
81 0.0290361
84 0.0290364
87 0.0290363
90 0.0290361
