-90 0.0290377
-87 0.0290383
-84 0.0290355
-81 0.029037
-78 0.0290374
-75 0.0290281
-72 0.0289737
-69 0.0290111
-66 0.0289917
-63 0.0288956
-60 0.0287769
-57 0.0288219
-54 0.0289429
-51 0.0290009
-48 0.0290196
-45 0.0290298
-42 0.0290362
-39 0.0290387
-36 0.0290393
-33 0.0290395
-30 0.0290393
-27 0.0290395
-24 0.0290394
-21 0.0290393
-18 0.0290389
-15 0.0290375
-12 0.0290339
-9 0.0290339
-6 0.0290121
-3 0.0290343
0 0.0290382
3 0.0290382
6 0.0290379
9 0.0290376
12 0.0290372
15 0.0290367
18 0.0290351
21 0.0290342
24 0.0290345
27 0.0290329
30 0.0290279
33 0.0290277
36 0.0290323
39 0.0290334
42 0.0290336
45 0.0290338
48 0.0290329
51 0.0290285
54 0.0290338
57 0.0290354
60 0.0290356
63 0.0290351
66 0.0290331
69 0.0290293
72 0.0290263
75 0.0290271
78 0.0290294
81 0.0290303
84 0.0290328
87 0.0290361
90 0.0290377
