-90 0.0290054
-87 0.0290273
-84 0.0290358
-81 0.0290383
-78 0.0290379
-75 0.0290346
-72 0.0290164
-69 0.0289492
-66 0.0288028
-63 0.0287364
-60 0.028872
-57 0.028987
-54 0.0290253
-51 0.0290315
-48 0.0290307
-45 0.0290261
-42 0.0289935
-39 0.0288719
-36 0.0286581
-33 0.0286706
-30 0.0288851
-27 0.028999
-24 0.0290298
-21 0.029029
-18 0.0290277
-15 0.029036
-12 0.0290357
-9 0.029033
-6 0.0290281
-3 0.0290198
0 0.0290058
3 0.0289832
6 0.0289533
9 0.0289382
12 0.0289772
15 0.0289855
18 0.0288859
21 0.0283434
24 0.0269812
27 0.0275975
30 0.0286789
33 0.0289615
36 0.0290043
39 0.0289835
42 0.0289775
45 0.0290131
48 0.0290286
51 0.0290343
54 0.0290337
57 0.0290279
60 0.0290324
63 0.0290296
66 0.0290227
69 0.0290122
72 0.0290007
75 0.0289965
78 0.0289947
81 0.0289794
84 0.0289592
87 0.028972
90 0.0290054
