-90 0.0283359
-87 0.0288358
-84 0.0289658
-81 0.0289921
-78 0.0289969
-75 0.0289976
-72 0.0289976
-69 0.0289974
-66 0.0289971
-63 0.0289968
-60 0.0289965
-57 0.0289961
-54 0.0289957
-51 0.0289953
-48 0.0289947
-45 0.0289934
-42 0.0289904
-39 0.02899
-36 0.0289913
-33 0.0289909
-30 0.0289898
-27 0.0289884
-24 0.0289866
-21 0.0289844
-18 0.0289817
-15 0.0289784
-12 0.0289741
-9 0.0289685
-6 0.0289599
-3 0.0289525
0 0.0289498
3 0.0289472
6 0.0289478
9 0.028952
12 0.0289581
15 0.0289644
18 0.0289701
21 0.0289748
24 0.0289786
27 0.0289818
30 0.0289844
33 0.0289868
36 0.0289888
39 0.0289905
42 0.0289918
45 0.028993
48 0.0289939
51 0.0289947
54 0.0289954
57 0.028996
60 0.0289965
63 0.0289969
66 0.0289972
69 0.028997
72 0.0289942
75 0.0289777
78 0.0288913
81 0.0285389
84 0.0277824
87 0.0274751
90 0.0283359
