-90 0.0289924
-87 0.0289956
-84 0.0289971
-81 0.028998
-78 0.0289995
-75 0.0290011
-72 0.029002
-69 0.0290022
-66 0.0289992
-63 0.0289765
-60 0.0288319
-57 0.0279269
-54 0.0226903
-51 0.022801
-48 0.0263784
-45 0.0283479
-42 0.0288815
-39 0.0289827
-36 0.0289998
-33 0.0290023
-30 0.0290022
-27 0.0290017
-24 0.0290008
-21 0.0289998
-18 0.0289985
-15 0.0289965
-12 0.0289871
-9 0.028895
-6 0.0289574
-3 0.0289846
0 0.0289858
3 0.0289817
6 0.0289753
9 0.0289686
12 0.0289658
15 0.0289668
18 0.0289678
21 0.0289666
24 0.0289614
27 0.0289388
30 0.0288093
33 0.0280218
36 0.0237392
39 0.0248422
42 0.028248
45 0.0288442
48 0.0289415
51 0.0289586
54 0.0289629
57 0.0289655
60 0.0289667
63 0.0289634
66 0.028949
69 0.0289226
72 0.0289122
75 0.0289369
78 0.0289635
81 0.0289411
84 0.0289244
87 0.0289775
90 0.0289924
