-90 0.0290279
-87 0.0290317
-84 0.0290349
-81 0.0290367
-78 0.0290375
-75 0.0290378
-72 0.0290364
-69 0.0289935
-66 0.0290313
-63 0.0290382
-60 0.0290385
-57 0.0290382
-54 0.0290369
-51 0.0290336
-48 0.0290283
-45 0.0290247
-42 0.0290266
-39 0.0290315
-36 0.0290352
-33 0.029037
-30 0.0290374
-27 0.0290366
-24 0.0290357
-21 0.0290338
-18 0.0290276
-15 0.0290138
-12 0.0290035
-9 0.0290169
-6 0.029029
-3 0.0290343
0 0.0290353
3 0.0290311
6 0.0290155
9 0.0289826
12 0.0289558
15 0.0289701
18 0.029004
21 0.0290263
24 0.0290335
27 0.0290348
30 0.0290344
33 0.0290333
36 0.0290321
39 0.0290312
42 0.0290308
45 0.0290302
48 0.0290242
51 0.0290208
54 0.0290293
57 0.0290306
60 0.0290308
63 0.0290309
66 0.0290298
69 0.0290281
72 0.0290314
75 0.0290328
78 0.0290324
81 0.0290305
84 0.0290284
87 0.0290266
90 0.0290279
