-90 0.0290314
-87 0.0290371
-84 0.0290385
-81 0.0290386
-78 0.0290359
-75 0.0290278
-72 0.029023
-69 0.0290322
-66 0.0290376
-63 0.0290391
-60 0.0290395
-57 0.0290395
-54 0.0290393
-51 0.0290379
-48 0.0290322
-45 0.0290135
-42 0.0289746
-39 0.0289439
-36 0.0289573
-33 0.0289694
-30 0.0290131
-27 0.0290338
-24 0.0290384
-21 0.0290393
-18 0.0290392
-15 0.0290385
-12 0.0290375
-9 0.0290357
-6 0.0290324
-3 0.0290268
0 0.0290185
3 0.0290105
6 0.029011
9 0.0290195
12 0.0290274
15 0.0290321
18 0.0290337
21 0.0290323
24 0.0290284
27 0.029022
30 0.029018
33 0.0290218
36 0.0290297
39 0.0290356
42 0.0290383
45 0.0290393
48 0.0290396
51 0.029039
54 0.0290377
57 0.029039
60 0.0290396
63 0.0290393
66 0.0290391
69 0.029039
72 0.0290391
75 0.0290377
78 0.0290339
81 0.0290254
84 0.0289877
87 0.0290134
90 0.0290314
