-90 0.0290366
-87 0.0290337
-84 0.0290295
-81 0.0290259
-78 0.0290262
-75 0.0290299
-72 0.0290336
-69 0.0290343
-66 0.0290259
-63 0.0289851
-60 0.0288614
-57 0.0287085
-54 0.0287776
-51 0.0289389
-48 0.0290108
-45 0.0290264
-42 0.0290235
-39 0.0290223
-36 0.0290294
-33 0.0290354
-30 0.0290382
-27 0.0290393
-24 0.0290396
-21 0.0290397
-18 0.0290396
-15 0.0290396
-12 0.0290395
-9 0.0290393
-6 0.0290389
-3 0.0290389
0 0.0290389
3 0.0290385
6 0.0290379
9 0.0290374
12 0.0290382
15 0.0290384
18 0.0290382
21 0.0290362
24 0.0290255
27 0.028973
30 0.0287701
33 0.0284032
36 0.0284791
39 0.0288353
42 0.0289908
45 0.0290288
48 0.0290328
51 0.0290228
54 0.0290118
57 0.0290356
60 0.0290393
63 0.0290397
66 0.0290397
69 0.0290395
72 0.029039
75 0.0290364
78 0.0290046
81 0.0290253
84 0.029038
87 0.0290382
90 0.0290366
