-90 0.0290394
-87 0.0290396
-84 0.0290397
-81 0.0290398
-78 0.0290398
-75 0.0290394
-72 0.0290388
-69 0.0290388
-66 0.0290392
-63 0.0290336
-60 0.0290066
-57 0.0290384
-54 0.0290397
-51 0.0290396
-48 0.0290394
-45 0.029039
-42 0.0290385
-39 0.0290379
-36 0.0290369
-33 0.0290371
-30 0.0290385
-27 0.0290392
-24 0.0290395
-21 0.0290396
-18 0.0290396
-15 0.0290394
-12 0.0290378
-9 0.0290285
-6 0.0290301
-3 0.0290346
0 0.0290312
3 0.0290237
6 0.0290112
9 0.0289792
12 0.028792
15 0.0275737
18 0.0205617
21 0.025979
24 0.0285511
27 0.0289616
30 0.0290266
33 0.029037
36 0.0290388
39 0.0290392
42 0.0290394
45 0.0290392
48 0.0290386
51 0.0290375
54 0.0290366
57 0.0290371
60 0.0290383
63 0.0290389
66 0.0290386
69 0.0290351
72 0.0290349
75 0.0290386
78 0.0290389
81 0.0290392
84 0.0290394
87 0.0290394
90 0.0290394
