-90 0.0290352
-87 0.0290368
-84 0.0290359
-81 0.0290322
-78 0.0290247
-75 0.02901
-72 0.0289799
-69 0.0289566
-66 0.0289986
-63 0.0290194
-60 0.0290295
-57 0.0290346
-54 0.0290373
-51 0.0290386
-48 0.0290392
-45 0.0290393
-42 0.0290385
-39 0.0290359
-36 0.0290271
-33 0.0290017
-30 0.028961
-27 0.0289495
-24 0.028983
-21 0.0290118
-18 0.0290297
-15 0.0290367
-12 0.0290376
-9 0.0290369
-6 0.0290357
-3 0.029034
0 0.0290325
3 0.0290316
6 0.0290314
9 0.0290314
12 0.0290217
15 0.0289684
18 0.0290271
21 0.0290362
24 0.0290358
27 0.0290292
30 0.0290106
33 0.0290139
36 0.0290309
39 0.0290361
42 0.0290366
45 0.0290356
48 0.0290318
51 0.0290162
54 0.0289705
57 0.0289062
60 0.0289086
63 0.0289742
66 0.0290189
69 0.0290342
72 0.0290377
75 0.029039
78 0.0290396
81 0.0290397
84 0.0290393
87 0.0290373
90 0.0290352
