-90 0.0290277
-87 0.0290242
-84 0.0290195
-81 0.0290168
-78 0.0290182
-75 0.0290222
-72 0.0290268
-69 0.0290309
-66 0.0290338
-63 0.0290349
-60 0.0290323
-57 0.0290325
-54 0.0290373
-51 0.0290387
-48 0.0290391
-45 0.0290393
-42 0.0290394
-39 0.0290395
-36 0.0290394
-33 0.0290394
-30 0.0290393
-27 0.0290393
-24 0.0290393
-21 0.0290392
-18 0.0290389
-15 0.0290381
-12 0.0290374
-9 0.0290362
-6 0.0290339
-3 0.0290306
0 0.0290265
3 0.0290229
6 0.0290218
9 0.0290246
12 0.0290288
15 0.0290293
18 0.0290195
21 0.0289896
24 0.0289355
27 0.0287835
30 0.0278022
33 0.0213781
36 0.0251327
39 0.0284165
42 0.0289153
45 0.0289562
48 0.0289305
51 0.028989
54 0.0290191
57 0.0290311
60 0.029036
63 0.029038
66 0.0290388
69 0.0290391
72 0.029039
75 0.0290387
78 0.0290381
81 0.0290369
84 0.0290333
87 0.0290253
90 0.0290277
