-90 0.0290377
-87 0.0290332
-84 0.0290311
-81 0.0290349
-78 0.0290366
-75 0.0290373
-72 0.0290366
-69 0.0290324
-66 0.0290222
-63 0.0290054
-60 0.0289511
-57 0.0286658
-54 0.0278201
-51 0.02772
-48 0.0286063
-45 0.0289481
-42 0.0290215
-39 0.0290346
-36 0.0290369
-33 0.0290375
-30 0.029038
-27 0.0290386
-24 0.0290391
-21 0.0290395
-18 0.0290397
-15 0.0290397
-12 0.0290395
-9 0.0290396
-6 0.0290393
-3 0.0290372
0 0.0290296
3 0.02901
6 0.0289828
9 0.0289785
12 0.0290035
15 0.0290262
18 0.0290359
21 0.0290388
24 0.0290395
27 0.0290395
30 0.0290392
33 0.0290381
36 0.0290341
39 0.029022
42 0.0289895
45 0.028973
48 0.0290134
51 0.0290271
54 0.0290298
57 0.0290275
60 0.0289976
63 0.0288807
66 0.0285947
69 0.0284712
72 0.0287648
75 0.0289653
78 0.0290238
81 0.0290362
84 0.0290379
87 0.029038
90 0.0290377
