-90 0.0289845
-87 0.0289844
-84 0.0289839
-81 0.02898
-78 0.0289845
-75 0.0289882
-72 0.0289891
-69 0.0289892
-66 0.0289895
-63 0.0289886
-60 0.0289835
-57 0.028974
-54 0.0289726
-51 0.0289469
-48 0.0288762
-45 0.0288012
-42 0.0288254
-39 0.0289115
-36 0.0289636
-33 0.0289741
-30 0.0289337
-27 0.0289674
-24 0.028985
-21 0.0289873
-18 0.0289872
-15 0.0289867
-12 0.0289862
-9 0.0289856
-6 0.0289846
-3 0.0289792
0 0.028958
3 0.0289736
6 0.0289818
9 0.0289821
12 0.0289816
15 0.0289811
18 0.0289805
21 0.02898
24 0.0289795
27 0.0289789
30 0.0289776
33 0.0289721
36 0.0289455
39 0.02883
42 0.0284929
45 0.0282392
48 0.0285826
51 0.0288675
54 0.0289549
57 0.028975
60 0.0289796
63 0.0289811
66 0.0289819
69 0.0289826
72 0.028983
75 0.0289838
78 0.0289844
81 0.0289838
84 0.0289652
87 0.0289714
90 0.0289845
