-90 0.0290354
-87 0.0290365
-84 0.0290371
-81 0.0290373
-78 0.0290374
-75 0.0290371
-72 0.0290365
-69 0.0290355
-66 0.0290337
-63 0.0290313
-60 0.0290281
-57 0.0290233
-54 0.0290161
-51 0.0290064
-48 0.0289971
-45 0.0289962
-42 0.0290051
-39 0.0290163
-36 0.0290243
-33 0.0290293
-30 0.0290322
-27 0.0290338
-24 0.0290345
-21 0.0290343
-18 0.0290332
-15 0.029031
-12 0.0290271
-9 0.0290208
-6 0.0290111
-3 0.0289977
0 0.0289852
3 0.0289844
6 0.0289967
9 0.0290111
12 0.0290215
15 0.0290279
18 0.0290318
21 0.0290341
24 0.0290354
27 0.0290361
30 0.0290361
33 0.0290356
36 0.0290346
39 0.0290333
42 0.0290312
45 0.0290279
48 0.0290231
51 0.0290162
54 0.0290069
57 0.0289941
60 0.0289775
63 0.0289571
66 0.0288962
69 0.0288182
72 0.0289386
75 0.0289974
78 0.0290184
81 0.029027
84 0.0290312
87 0.0290337
90 0.0290354
