-90 0.0289389
-87 0.0285863
-84 0.0276736
-81 0.0277953
-78 0.0286171
-75 0.0289241
-72 0.0290153
-69 0.0290334
-66 0.0290361
-63 0.029035
-60 0.0290325
-57 0.0290308
-54 0.0290315
-51 0.0290339
-48 0.0290361
-45 0.0290373
-42 0.0290382
-39 0.0290382
-36 0.0290382
-33 0.0290369
-30 0.0290335
-27 0.0290281
-24 0.0290255
-21 0.0290288
-18 0.0290339
-15 0.0290369
-12 0.0290381
-9 0.0290386
-6 0.0290391
-3 0.0290395
0 0.0290398
3 0.0290397
6 0.0290361
9 0.0290223
12 0.0290374
15 0.0290394
18 0.0290397
21 0.0290397
24 0.0290397
27 0.0290395
30 0.029039
33 0.0290381
36 0.0290359
39 0.0290008
42 0.029029
45 0.0290362
48 0.0290372
51 0.0290375
54 0.0290372
57 0.0290365
60 0.0290351
63 0.0290331
66 0.0290303
69 0.0290266
72 0.0290226
75 0.0290194
78 0.0290188
81 0.0290209
84 0.0290225
87 0.0290124
90 0.0289389
