-90 0.0290339
-87 0.0290303
-84 0.0290232
-81 0.0290252
-78 0.0290244
-75 0.0290244
-72 0.0290262
-69 0.029029
-66 0.0290319
-63 0.0290343
-60 0.0290358
-57 0.0290371
-54 0.0290376
-51 0.0290368
-48 0.0290183
-45 0.0290099
-42 0.0290371
-39 0.0290391
-36 0.0290394
-33 0.0290393
-30 0.0290391
-27 0.0290382
-24 0.0290264
-21 0.0290344
-18 0.0290285
-15 0.0289963
-12 0.0290377
-9 0.0290397
-6 0.0290398
-3 0.0290398
0 0.0290397
3 0.0290392
6 0.0290389
9 0.0290395
12 0.0290396
15 0.0290394
18 0.0290385
21 0.0290359
24 0.0290315
27 0.0290299
30 0.0290334
33 0.0290342
36 0.029026
39 0.028999
42 0.0289406
45 0.0289065
48 0.0289802
51 0.0290195
54 0.0290337
57 0.0290379
60 0.0290392
63 0.0290394
66 0.0290394
69 0.0290393
72 0.0290392
75 0.0290389
78 0.0290385
81 0.0290379
84 0.029037
87 0.0290357
90 0.0290339
