-90 0.0290264
-87 0.0290249
-84 0.0290229
-81 0.0290207
-78 0.029018
-75 0.0290147
-72 0.0290105
-69 0.0290051
-66 0.0289972
-63 0.0289834
-60 0.0289588
-57 0.0289285
-54 0.0289157
-51 0.0289239
-48 0.0289341
-45 0.0289416
-42 0.0289482
-39 0.0289557
-36 0.0289627
-33 0.0289733
-30 0.0289854
-27 0.0289918
-24 0.0289827
-21 0.0288984
-18 0.0285096
-15 0.0276866
-12 0.0280045
-9 0.0287225
-6 0.0289314
-3 0.0289367
0 0.0289962
3 0.0290139
6 0.0290233
9 0.0290293
12 0.0290323
15 0.0290336
18 0.0290343
21 0.0290347
24 0.029035
27 0.0290352
30 0.0290353
33 0.0290355
36 0.0290355
39 0.0290355
42 0.0290352
45 0.0290351
48 0.0290352
51 0.0290351
54 0.0290349
57 0.0290346
60 0.0290343
63 0.0290339
66 0.0290334
69 0.0290328
72 0.0290322
75 0.0290316
78 0.0290308
81 0.0290299
84 0.0290289
87 0.0290278
90 0.0290264
