-90 0.0290001
-87 0.0289868
-84 0.0290061
-81 0.0290223
-78 0.0290292
-75 0.0290317
-72 0.0290325
-69 0.0290327
-66 0.0290329
-63 0.0290331
-60 0.0290336
-57 0.029034
-54 0.0290341
-51 0.0290339
-48 0.0290332
-45 0.0290316
-42 0.0290288
-39 0.0290245
-36 0.0290183
-33 0.0290097
-30 0.0289962
-27 0.0289523
-24 0.0288144
-21 0.0282647
-18 0.0269068
-15 0.0276614
-12 0.0287055
-9 0.028967
-6 0.0289849
-3 0.0288739
0 0.0280188
3 0.0225187
6 0.0244045
9 0.0283068
12 0.0288985
15 0.0289831
18 0.0290196
21 0.029033
24 0.0290366
27 0.0290375
30 0.0290377
33 0.0290379
36 0.029038
39 0.0290381
42 0.0290383
45 0.0290385
48 0.0290387
51 0.0290389
54 0.0290389
57 0.0290389
60 0.0290388
63 0.0290384
66 0.0290379
69 0.0290368
72 0.029035
75 0.0290319
78 0.0290276
81 0.0290228
84 0.0290187
87 0.0290134
90 0.0290001
