-90 0.029038
-87 0.0290389
-84 0.0290395
-81 0.0290397
-78 0.0290396
-75 0.029039
-72 0.0290375
-69 0.0290348
-66 0.0290325
-63 0.0290324
-60 0.0290342
-57 0.0290358
-54 0.029036
-51 0.0290355
-48 0.0290354
-45 0.0290366
-42 0.0290378
-39 0.0290386
-36 0.0290391
-33 0.0290391
-30 0.029038
-27 0.0290362
-24 0.0290318
-21 0.0290249
-18 0.0290182
-15 0.0289932
-12 0.0288117
-9 0.0276875
-6 0.0228547
-3 0.0264046
0 0.0285852
3 0.028957
6 0.0290074
9 0.029005
12 0.0290108
15 0.0290239
18 0.0290315
21 0.0290348
24 0.0290366
27 0.0290377
30 0.0290379
33 0.0290383
36 0.0290386
39 0.0290386
42 0.0290341
45 0.029032
48 0.0290326
51 0.0290256
54 0.0290128
57 0.0290084
60 0.0290303
63 0.0290371
66 0.0290388
69 0.0290388
72 0.0290335
75 0.0290223
78 0.0290364
81 0.0290382
84 0.0290376
87 0.0290374
90 0.029038
