-90 0.0290238
-87 0.0290009
-84 0.0289659
-81 0.0290029
-78 0.029025
-75 0.0290339
-72 0.0290359
-69 0.0289903
-66 0.029027
-63 0.0289692
-60 0.0290284
-57 0.0290387
-54 0.0290393
-51 0.0290392
-48 0.0290391
-45 0.0290387
-42 0.0290356
-39 0.0290222
-36 0.0289709
-33 0.0288524
-30 0.0287763
-27 0.0288764
-24 0.0289846
-21 0.0290262
-18 0.0290369
-15 0.0290389
-12 0.0290351
-9 0.0290375
-6 0.0290369
-3 0.029022
0 0.0289306
3 0.0283902
6 0.0257881
9 0.0253055
12 0.0282516
15 0.0289063
18 0.0290175
21 0.0290362
24 0.0290393
27 0.0290397
30 0.0290388
33 0.0290344
36 0.0290358
39 0.0290389
42 0.0290392
45 0.0290388
48 0.0290354
51 0.0290381
54 0.0290396
57 0.0290397
60 0.0290396
63 0.0290392
66 0.0290384
69 0.0290368
72 0.0290284
75 0.0290077
78 0.029026
81 0.0290082
84 0.0290348
87 0.0290329
90 0.0290238
