-90 0.0288748
-87 0.0282485
-84 0.0268793
-81 0.0277329
-78 0.0287342
-75 0.028983
-72 0.0290294
-69 0.0290375
-66 0.0290388
-63 0.0290391
-60 0.0290393
-57 0.0290395
-54 0.0290397
-51 0.0290398
-48 0.0290395
-45 0.0290398
-42 0.0290396
-39 0.0290393
-36 0.0290371
-33 0.0290374
-30 0.0290394
-27 0.0290365
-24 0.0290227
-21 0.0290354
-18 0.0290395
-15 0.0290399
-12 0.0290399
-9 0.0290396
-6 0.0290376
-3 0.0290236
0 0.0290197
3 0.0290297
6 0.0290307
9 0.0290334
12 0.0290339
15 0.02902
18 0.0290325
21 0.0290391
24 0.0290397
27 0.0290398
30 0.0290397
33 0.0290396
36 0.0290395
39 0.0290396
42 0.0290396
45 0.029039
48 0.0290365
51 0.0290389
54 0.0290397
57 0.0290397
60 0.0290395
63 0.029039
66 0.029037
69 0.0290292
72 0.0290032
75 0.0289986
78 0.0290243
81 0.0290317
84 0.0290299
87 0.0290064
90 0.0288748
