-90 0.0289008
-87 0.0289037
-84 0.0289496
-81 0.0289693
-78 0.0289718
-75 0.0289725
-72 0.0289728
-69 0.0289733
-66 0.0289735
-63 0.0289732
-60 0.0289707
-57 0.0289567
-54 0.0288806
-51 0.0285171
-48 0.0273972
-45 0.026069
-42 0.0186753
-39 0.0260373
-36 0.0285058
-33 0.028896
-30 0.0289569
-27 0.0289655
-24 0.0289654
-21 0.0289636
-18 0.0289609
-15 0.0289576
-12 0.0289533
-9 0.0289479
-6 0.0289403
-3 0.0289223
0 0.0288457
3 0.0288426
6 0.0289004
9 0.0289122
12 0.0289177
15 0.0289238
18 0.0289294
21 0.0289339
24 0.0289375
27 0.0289396
30 0.028939
33 0.0289263
36 0.0288475
39 0.0284296
42 0.0269057
45 0.0257187
48 0.0244426
51 0.0269726
54 0.0285673
57 0.0288849
60 0.0289407
63 0.0289514
66 0.0289547
69 0.0289568
72 0.0289584
75 0.0289605
78 0.0289622
81 0.0289636
84 0.028961
87 0.0289138
90 0.0289008
