-90 0.0290204
-87 0.0290172
-84 0.0290121
-81 0.0290053
-78 0.0289958
-75 0.0289823
-72 0.0289647
-69 0.028957
-66 0.0289739
-63 0.0289865
-60 0.0289916
-57 0.0289944
-54 0.0289981
-51 0.0290062
-48 0.0289928
-45 0.0290178
-42 0.0290305
-39 0.029033
-36 0.0290351
-33 0.0290366
-30 0.0290369
-27 0.0290363
-24 0.0290348
-21 0.0290325
-18 0.02903
-15 0.0290291
-12 0.0290306
-9 0.0290329
-6 0.0290345
-3 0.0290349
0 0.0290343
3 0.0290331
6 0.0290319
9 0.0290312
12 0.0290316
15 0.0290329
18 0.0290339
21 0.0290292
24 0.0290333
27 0.0290365
30 0.029037
33 0.0290364
36 0.0290349
39 0.0290324
42 0.0290301
45 0.0290304
48 0.0290327
51 0.0290347
54 0.0290355
57 0.0290355
60 0.0290352
63 0.0290347
66 0.0290342
69 0.0290336
72 0.0290328
75 0.0290321
78 0.0290307
81 0.0290258
84 0.0289973
87 0.0290137
90 0.0290204
