-90 0.0290062
-87 0.0290297
-84 0.0290322
-81 0.0290317
-78 0.0290321
-75 0.0290337
-72 0.0290354
-69 0.0290366
-66 0.029037
-63 0.0290354
-60 0.0290356
-57 0.029038
-54 0.0290386
-51 0.029038
-48 0.0290356
-45 0.0290303
-42 0.0290239
-39 0.0290226
-36 0.0290267
-33 0.0290227
-30 0.0290038
-27 0.0289491
-24 0.0288662
-21 0.0288766
-18 0.0289631
-15 0.0290165
-12 0.0290339
-9 0.0290384
-6 0.0290391
-3 0.0290327
0 0.0290229
3 0.0290364
6 0.029034
9 0.029037
12 0.0290344
15 0.0290237
18 0.0290048
21 0.0289928
24 0.0290003
27 0.0290097
30 0.0290155
33 0.029027
36 0.0290334
39 0.0290317
42 0.0290208
45 0.0290181
48 0.0290308
51 0.0290371
54 0.0290388
57 0.0290377
60 0.0290322
63 0.0290361
66 0.0290364
69 0.0290248
72 0.0289541
75 0.0285338
78 0.0263286
81 0.0244291
84 0.0279833
87 0.0288573
90 0.0290062
