-90 0.0290099
-87 0.0289817
-84 0.0289753
-81 0.0289913
-78 0.0289759
-75 0.0290259
-72 0.0290368
-69 0.0290368
-66 0.029037
-63 0.0290384
-60 0.0290379
-57 0.0290308
-54 0.0290292
-51 0.0290366
-48 0.0290367
-45 0.0290364
-42 0.0290358
-39 0.029034
-36 0.0290247
-33 0.0289755
-30 0.0287392
-27 0.027973
-24 0.0276008
-21 0.0284765
-18 0.0288953
-15 0.0290071
-12 0.0290322
-9 0.0290377
-6 0.029039
-3 0.0290394
0 0.0290396
3 0.0290397
6 0.0290397
9 0.0290399
12 0.0290399
15 0.0290399
18 0.0290396
21 0.029038
24 0.0290297
27 0.0289898
30 0.0288369
33 0.0285247
36 0.0285121
39 0.0288252
42 0.0289862
45 0.0290288
48 0.0290377
51 0.0290394
54 0.0290398
57 0.0290398
60 0.0290398
63 0.0290398
66 0.0290396
69 0.0290396
72 0.0290397
75 0.0290398
78 0.0290397
81 0.0290392
84 0.0290371
87 0.0290296
90 0.0290099
