-90 0.0290004
-87 0.0290315
-84 0.0290371
-81 0.0290376
-78 0.0290361
-75 0.0290233
-72 0.0289918
-69 0.0290333
-66 0.0290347
-63 0.0290344
-60 0.0290323
-57 0.0290199
-54 0.0289581
-51 0.0287305
-48 0.0283573
-45 0.0284858
-42 0.0288041
-39 0.0289525
-36 0.0290201
-33 0.0290353
-30 0.0290387
-27 0.0290395
-24 0.0290397
-21 0.0290399
-18 0.0290399
-15 0.0290398
-12 0.0290397
-9 0.0290397
-6 0.0290399
-3 0.0290398
0 0.0290396
3 0.0290392
6 0.0290387
9 0.0290382
12 0.0290381
15 0.0290385
18 0.029039
21 0.0290394
24 0.0290397
27 0.0290397
30 0.0290395
33 0.0290391
36 0.0290389
39 0.0290383
42 0.0290372
45 0.0290363
48 0.029034
51 0.0290305
54 0.0290308
57 0.0290349
60 0.0290379
63 0.029039
66 0.0290388
69 0.0290356
72 0.0290185
75 0.0289355
78 0.0286304
81 0.0281751
84 0.0284386
87 0.0288587
90 0.0290004
