-90 0.0290382
-87 0.0290344
-84 0.0290341
-81 0.0290386
-78 0.0290397
-75 0.0290398
-72 0.0290398
-69 0.0290396
-66 0.0290396
-63 0.0290386
-60 0.0290341
-57 0.0290166
-54 0.0289899
-51 0.029014
-48 0.0289976
-45 0.0289286
-42 0.0288584
-39 0.0288989
-36 0.0289819
-33 0.0290212
-30 0.029022
-27 0.0289886
-24 0.0290215
-21 0.0290263
-18 0.0290275
-15 0.0290326
-12 0.0290287
-9 0.029031
-6 0.0290312
-3 0.0290238
0 0.0290108
3 0.0290047
6 0.0290141
9 0.0290274
12 0.029035
15 0.0290379
18 0.0290389
21 0.029039
24 0.0290326
27 0.0290118
30 0.0290378
33 0.0290391
36 0.0290392
39 0.0290385
42 0.0290365
45 0.0290322
48 0.029027
51 0.0290244
54 0.0290269
57 0.029033
60 0.0290362
63 0.0290371
66 0.0290372
69 0.0290372
72 0.0290374
75 0.0290376
78 0.0290379
81 0.0290382
84 0.0290385
87 0.0290387
90 0.0290382
