-90 0.0289271
-87 0.0289236
-84 0.0289183
-81 0.028913
-78 0.0289196
-75 0.0289263
-72 0.0289361
-69 0.0289468
-66 0.0289567
-63 0.0289655
-60 0.0289732
-57 0.0289798
-54 0.0289856
-51 0.0289908
-48 0.0289953
-45 0.0289994
-42 0.029003
-39 0.0290063
-36 0.0290092
-33 0.0290117
-30 0.0290139
-27 0.0290157
-24 0.0290167
-21 0.0290158
-18 0.0290101
-15 0.0289946
-12 0.0289679
-9 0.0289428
-6 0.0289403
-3 0.0289714
0 0.0290031
3 0.0290178
6 0.0290224
9 0.0290234
12 0.0290234
15 0.0290216
18 0.0290028
21 0.0290133
24 0.0290212
27 0.0290209
30 0.0290199
33 0.0290187
36 0.0290171
39 0.029015
42 0.029012
45 0.0290081
48 0.0290039
51 0.0290008
54 0.0289992
57 0.0289974
60 0.0289942
63 0.0289898
66 0.0289843
69 0.0289782
72 0.0289714
75 0.0289639
78 0.0289558
81 0.0289475
84 0.0289393
87 0.0289323
90 0.0289271
