-90 0.0290353
-87 0.0290358
-84 0.029036
-81 0.0290326
-78 0.029018
-75 0.0290323
-72 0.0290369
-69 0.0290373
-66 0.0290374
-63 0.0290372
-60 0.0290369
-57 0.0290362
-54 0.0290287
-51 0.0289943
-48 0.0290318
-45 0.0290336
-42 0.0290263
-39 0.0290024
-36 0.0289662
-33 0.0289498
-30 0.0289761
-27 0.0290109
-24 0.0290281
-21 0.0290337
-18 0.0290335
-15 0.029008
-12 0.0290039
-9 0.0290308
-6 0.029036
-3 0.0290364
0 0.0290362
3 0.029036
6 0.0290357
9 0.0290353
12 0.0290347
15 0.0290337
18 0.0290314
21 0.0290277
24 0.0290256
27 0.0290276
30 0.0290305
33 0.0290323
36 0.0290331
39 0.0290334
42 0.0290331
45 0.0290308
48 0.0290192
51 0.0289676
54 0.0288033
57 0.0285716
60 0.0286623
63 0.0289065
66 0.029004
69 0.0290287
72 0.029034
75 0.0290352
78 0.0290356
81 0.0290357
84 0.0290356
87 0.0290353
90 0.0290353
