-90 0.0290156
-87 0.0289885
-84 0.0289367
-81 0.0288849
-78 0.0289235
-75 0.0289924
-72 0.0290264
-69 0.0290366
-66 0.029039
-63 0.0290395
-60 0.0290397
-57 0.0290397
-54 0.0290397
-51 0.0290397
-48 0.0290396
-45 0.0290395
-42 0.0290392
-39 0.0290391
-36 0.0290391
-33 0.0290393
-30 0.0290394
-27 0.0290394
-24 0.0290393
-21 0.0290392
-18 0.0290388
-15 0.0290387
-12 0.0290384
-9 0.0290366
-6 0.0290262
-3 0.0289633
0 0.0285817
3 0.0264688
6 0.0236815
9 0.0277993
12 0.028827
15 0.0290011
18 0.0290285
21 0.0290307
24 0.0290316
27 0.0290332
30 0.0290335
33 0.0290336
36 0.0290338
39 0.0290339
42 0.0290339
45 0.0290326
48 0.0290179
51 0.0289964
54 0.0289907
57 0.0290199
60 0.0290138
63 0.0289969
66 0.0289594
69 0.0289741
72 0.0290074
75 0.0290236
78 0.0290314
81 0.0290336
84 0.0290235
87 0.0290242
90 0.0290156
