-90 0.0288769
-87 0.0282478
-84 0.0268585
-81 0.0277178
-78 0.0287316
-75 0.0289829
-72 0.0290299
-69 0.0290382
-66 0.0290396
-63 0.0290399
-60 0.0290399
-57 0.0290398
-54 0.0290398
-51 0.0290396
-48 0.0290393
-45 0.0290358
-42 0.0290228
-39 0.0290353
-36 0.0290351
-33 0.0290326
-30 0.0290301
-27 0.0290292
-24 0.0290304
-21 0.0290327
-18 0.0290335
-15 0.0290255
-12 0.0290132
-9 0.0289781
-6 0.0290301
-3 0.029034
0 0.0290319
3 0.0290292
6 0.0290286
9 0.0290304
12 0.0290329
15 0.0290347
18 0.0290358
21 0.0290367
24 0.0290374
27 0.0290381
30 0.0290385
33 0.0290386
36 0.0290391
39 0.0290393
42 0.0290394
45 0.0290394
48 0.029039
51 0.0290376
54 0.0290345
57 0.0290298
60 0.0290263
63 0.0290243
66 0.0290206
69 0.0290287
72 0.0290356
75 0.0290375
78 0.0290382
81 0.0290374
84 0.0290334
87 0.0290093
90 0.0288769
