-90 0.0290083
-87 0.0290256
-84 0.0290326
-81 0.0290347
-78 0.0290369
-75 0.0290381
-72 0.0290385
-69 0.0290381
-66 0.0290377
-63 0.0290374
-60 0.0290364
-57 0.0290322
-54 0.0290087
-51 0.0288793
-48 0.0282853
-45 0.0270693
-42 0.0278411
-39 0.028747
-36 0.0289751
-33 0.0290176
-30 0.0290287
-27 0.0290341
-24 0.0290368
-21 0.0290382
-18 0.0290389
-15 0.0290392
-12 0.0290394
-9 0.0290394
-6 0.0290393
-3 0.0290378
0 0.0290323
3 0.0290358
6 0.0290387
9 0.0290387
12 0.0290382
15 0.0290359
18 0.0290228
21 0.0290228
24 0.0290362
27 0.029037
30 0.0290309
33 0.0290089
36 0.0289466
39 0.0287404
42 0.0276205
45 0.02245
48 0.0262889
51 0.028576
54 0.0289648
57 0.0290275
60 0.0290373
63 0.0290381
66 0.0290361
69 0.0290347
72 0.029036
75 0.0290369
78 0.0290376
81 0.029038
84 0.0290366
87 0.0290307
90 0.0290083
