-90 0.0287264
-87 0.0288357
-84 0.02897
-81 0.0290225
-78 0.0290356
-75 0.029039
-72 0.0290397
-69 0.0290398
-66 0.0290399
-63 0.0290399
-60 0.0290399
-57 0.0290399
-54 0.0290399
-51 0.0290398
-48 0.0290397
-45 0.0290391
-42 0.0290336
-39 0.0290032
-36 0.0290284
-33 0.0290379
-30 0.0290389
-27 0.029039
-24 0.0290392
-21 0.0290393
-18 0.0290394
-15 0.0290396
-12 0.0290396
-9 0.0290395
-6 0.0290393
-3 0.0290385
0 0.0290346
3 0.0290154
6 0.0289276
9 0.0286346
12 0.0282278
15 0.0284538
18 0.0288537
21 0.0289903
24 0.029018
27 0.0290112
30 0.0289857
33 0.0289852
36 0.0290051
39 0.0290179
42 0.0290213
45 0.02902
48 0.029018
51 0.0290177
54 0.0290198
57 0.0290234
60 0.0290272
63 0.0290306
66 0.0290332
69 0.029035
72 0.0290361
75 0.0290363
78 0.0290339
81 0.0290205
84 0.0289678
87 0.0288338
90 0.0287264
