-90 0.0290185
-87 0.0289984
-84 0.0289488
-81 0.0289143
-78 0.0289526
-75 0.0290053
-72 0.0290296
-69 0.0290346
-66 0.0290303
-63 0.0289961
-60 0.0287794
-57 0.0275951
-54 0.0245886
-51 0.027318
-48 0.028723
-45 0.0289864
-42 0.0290301
-39 0.0290371
-36 0.0290384
-33 0.0290387
-30 0.0290381
-27 0.0290358
-24 0.0290284
-21 0.0290263
-18 0.0290355
-15 0.0290388
-12 0.0290388
-9 0.0290376
-6 0.0290386
-3 0.0290394
0 0.0290394
3 0.0290393
6 0.0290391
9 0.0290388
12 0.0290385
15 0.0290382
18 0.0290378
21 0.0290369
24 0.0290331
27 0.0290132
30 0.0289177
33 0.0285784
36 0.0281331
39 0.028444
42 0.0288545
45 0.0289977
48 0.0290308
51 0.0290376
54 0.0290389
57 0.0290392
60 0.0290391
63 0.0290389
66 0.0290387
69 0.0290384
72 0.0290382
75 0.0290378
78 0.0290344
81 0.0290183
84 0.0290317
87 0.0290328
90 0.0290185
