-90 0.0289905
-87 0.0289964
-84 0.0289969
-81 0.0289442
-78 0.0289446
-75 0.0290025
-72 0.0290071
-69 0.0290051
-66 0.0289968
-63 0.0289856
-60 0.0289768
-57 0.0289798
-54 0.028997
-51 0.0290069
-48 0.0290084
-45 0.0289967
-42 0.0289526
-39 0.0288603
-36 0.0287853
-33 0.0288284
-30 0.0289284
-27 0.0289868
-24 0.0290044
-21 0.0290046
-18 0.0289954
-15 0.0289772
-12 0.0289957
-9 0.029006
-6 0.0290086
-3 0.0290091
0 0.0290085
3 0.0290074
6 0.0290059
9 0.0290041
12 0.0290021
15 0.0289998
18 0.0289973
21 0.0289945
24 0.0289914
27 0.028988
30 0.0289843
33 0.0289801
36 0.0289753
39 0.0289699
42 0.0289635
45 0.0289549
48 0.0289398
51 0.0289077
54 0.0288559
57 0.0288337
60 0.0288784
63 0.0289304
66 0.0289572
69 0.0289689
72 0.0289751
75 0.0289786
78 0.0289805
81 0.0289823
84 0.0289826
87 0.0289848
90 0.0289905
