-90 0.0289808
-87 0.0289845
-84 0.0289891
-81 0.0289937
-78 0.0289963
-75 0.0289946
-72 0.02899
-69 0.0289914
-66 0.0290021
-63 0.0290099
-60 0.0289775
-57 0.0290152
-54 0.0290266
-51 0.0290275
-48 0.0290204
-45 0.0289733
-42 0.0287279
-39 0.0278558
-36 0.027182
-33 0.028326
-30 0.0288847
-27 0.0290082
-24 0.0290311
-21 0.0290353
-18 0.0290362
-15 0.0290365
-12 0.0290366
-9 0.0290367
-6 0.0290367
-3 0.0290368
0 0.0290369
3 0.0290368
6 0.0290365
9 0.0290354
12 0.0290311
15 0.029017
18 0.0289858
21 0.0289559
24 0.0289674
27 0.0290017
30 0.0290231
33 0.0290303
36 0.0290318
39 0.029032
42 0.0290317
45 0.029031
48 0.0290301
51 0.0290289
54 0.0290273
57 0.0290254
60 0.0290226
63 0.029014
66 0.0289883
69 0.0290086
72 0.0290081
75 0.0290021
78 0.0289933
81 0.0289819
84 0.0289752
87 0.0289774
90 0.0289808
