-90 0.0289572
-87 0.0290119
-84 0.0290319
-81 0.0290372
-78 0.0290384
-75 0.0290386
-72 0.0290385
-69 0.0290384
-66 0.0290378
-63 0.029038
-60 0.0290379
-57 0.029038
-54 0.0290381
-51 0.0290381
-48 0.0290375
-45 0.0290376
-42 0.0290386
-39 0.0290366
-36 0.0290318
-33 0.0290386
-30 0.0290396
-27 0.0290397
-24 0.0290398
-21 0.0290393
-18 0.0290398
-15 0.0290389
-12 0.0290354
-9 0.0290381
-6 0.0290353
-3 0.0290267
0 0.0290376
3 0.0290395
6 0.0290397
9 0.0290398
12 0.0290399
15 0.0290399
18 0.0290398
21 0.0290397
24 0.0290397
27 0.0290394
30 0.0290388
33 0.029038
36 0.0290371
39 0.0290358
42 0.0290332
45 0.0290309
48 0.0290315
51 0.0290344
54 0.0290364
57 0.0290352
60 0.0290268
63 0.0289983
66 0.0290018
69 0.0290104
72 0.0289772
75 0.0290003
78 0.0290067
81 0.0289682
84 0.0288972
87 0.0288865
90 0.0289572
