-90 0.0290388
-87 0.0290373
-84 0.0290346
-81 0.0290264
-78 0.0290063
-75 0.029019
-72 0.0290229
-69 0.0290144
-66 0.0289192
-63 0.0283626
-60 0.0261121
-57 0.0262748
-54 0.0284202
-51 0.0289312
-48 0.029021
-45 0.0290354
-42 0.0290365
-39 0.0290343
-36 0.0290292
-33 0.0290199
-30 0.0290029
-27 0.028981
-24 0.0289896
-21 0.0290111
-18 0.0290243
-15 0.0290312
-12 0.0290346
-9 0.0290355
-6 0.0290364
-3 0.0290377
0 0.0290382
3 0.0290389
6 0.0290395
9 0.0290397
12 0.0290396
15 0.0290392
18 0.0290393
21 0.0290387
24 0.0290368
27 0.029033
30 0.0290284
33 0.02902
36 0.0289753
39 0.0287669
42 0.0282097
45 0.0280942
48 0.028681
51 0.0289576
54 0.0290237
57 0.0290359
60 0.029036
63 0.0290319
66 0.029029
69 0.0290314
72 0.0290353
75 0.0290378
78 0.0290382
81 0.0290269
84 0.0290236
87 0.0290383
90 0.0290388
