-90 0.029039
-87 0.0290388
-84 0.0290375
-81 0.0290277
-78 0.029012
-75 0.0290247
-72 0.0290107
-69 0.0290325
-66 0.0290359
-63 0.0290346
-60 0.0290319
-57 0.0290272
-54 0.0290186
-51 0.0290031
-48 0.0289753
-45 0.0289529
-42 0.0289787
-39 0.0289211
-36 0.0290133
-33 0.029029
-30 0.0290333
-27 0.0290354
-24 0.0290367
-21 0.0290375
-18 0.029038
-15 0.0290383
-12 0.0290386
-9 0.0290387
-6 0.0290388
-3 0.0290387
0 0.0290373
3 0.0290296
6 0.0289866
9 0.0287669
12 0.0278437
15 0.0267246
18 0.0280962
21 0.0288366
24 0.0289954
27 0.0290259
30 0.0290355
33 0.0290384
36 0.0290392
39 0.0290392
42 0.0290371
45 0.0290366
48 0.0290391
51 0.0290394
54 0.0290395
57 0.0290394
60 0.0290393
63 0.029039
66 0.029039
69 0.0290387
72 0.0290384
75 0.0290385
78 0.0290388
81 0.029039
84 0.0290391
87 0.0290391
90 0.029039
