-90 0.0290377
-87 0.0290383
-84 0.0290354
-81 0.0290369
-78 0.0290374
-75 0.0290281
-72 0.0289717
-69 0.0290112
-66 0.0289932
-63 0.0289023
-60 0.0287923
-57 0.0288351
-54 0.0289482
-51 0.0290027
-48 0.02902
-45 0.0290299
-42 0.0290362
-39 0.0290387
-36 0.0290393
-33 0.0290395
-30 0.0290393
-27 0.0290395
-24 0.0290394
-21 0.0290393
-18 0.0290389
-15 0.0290372
-12 0.029033
-9 0.0290339
-6 0.0290169
-3 0.0290347
0 0.0290382
3 0.0290382
6 0.029038
9 0.0290376
12 0.0290373
15 0.0290367
18 0.0290353
21 0.0290345
24 0.0290345
27 0.0290328
30 0.0290271
33 0.029027
36 0.0290322
39 0.0290334
42 0.0290337
45 0.0290338
48 0.0290328
51 0.0290277
54 0.0290337
57 0.0290354
60 0.0290357
63 0.0290352
66 0.0290333
69 0.0290296
72 0.0290267
75 0.0290274
78 0.0290296
81 0.0290304
84 0.0290328
87 0.0290361
90 0.0290377
