-90 0.0290057
-87 0.0290111
-84 0.0290145
-81 0.0290174
-78 0.02902
-75 0.0290222
-72 0.029024
-69 0.0290257
-66 0.0290269
-63 0.0290277
-60 0.0290289
-57 0.0290301
-54 0.0290309
-51 0.0290315
-48 0.0290321
-45 0.0290324
-42 0.0290323
-39 0.0290305
-36 0.029024
-33 0.0290155
-30 0.0290089
-27 0.029011
-24 0.0290267
-21 0.0290325
-18 0.0290339
-15 0.0290341
-12 0.0290335
-9 0.0290283
-6 0.0289909
-3 0.0290261
0 0.029028
3 0.0290085
6 0.0290192
9 0.0290298
12 0.0290297
15 0.0290252
18 0.0290102
21 0.0289686
24 0.0289627
27 0.0289359
30 0.0288311
33 0.0286641
36 0.0287224
39 0.0289009
42 0.0289828
45 0.0290015
48 0.0290012
51 0.0289964
54 0.0289908
57 0.0289858
60 0.0289822
63 0.0289803
66 0.0289798
69 0.0289808
72 0.028983
75 0.0289863
78 0.0289903
81 0.0289944
84 0.0289958
87 0.0289781
90 0.0290057
