-90 0.0290399
-87 0.0290397
-84 0.0290389
-81 0.0290372
-78 0.0290321
-75 0.0290233
-72 0.029017
-69 0.029021
-66 0.0290302
-63 0.0290364
-60 0.0290389
-57 0.0290395
-54 0.0290395
-51 0.0290391
-48 0.0290361
-45 0.0290211
-42 0.028958
-39 0.028773
-36 0.028581
-33 0.0287301
-30 0.0289369
-27 0.0290089
-24 0.0290181
-21 0.0290188
-18 0.0289891
-15 0.0289608
-12 0.0289739
-9 0.0290085
-6 0.0290291
-3 0.0290356
0 0.0290362
3 0.0290348
6 0.0290324
9 0.02903
12 0.0290288
15 0.0290296
18 0.0290314
21 0.0290339
24 0.0290358
27 0.0290365
30 0.0290359
33 0.0290345
36 0.0290336
39 0.0290328
42 0.0290342
45 0.029038
48 0.0290391
51 0.0290391
54 0.0290389
57 0.0290395
60 0.0290399
63 0.0290396
66 0.0290348
69 0.029029
72 0.0290389
75 0.0290373
78 0.0289933
81 0.0290289
84 0.0290394
87 0.0290399
90 0.0290399
