-90 0.0290371
-87 0.0290387
-84 0.0290389
-81 0.0290384
-78 0.0290378
-75 0.0290375
-72 0.0290378
-69 0.0290385
-66 0.0290392
-63 0.0290396
-60 0.0290397
-57 0.0290397
-54 0.0290388
-51 0.029037
-48 0.0290382
-45 0.0290391
-42 0.0290385
-39 0.0290367
-36 0.0290338
-33 0.0290329
-30 0.0290339
-27 0.0290365
-24 0.0290379
-21 0.029038
-18 0.0290375
-15 0.0290364
-12 0.0290348
-9 0.0290323
-6 0.029028
-3 0.029022
0 0.0290051
3 0.0289368
6 0.0289685
9 0.028944
12 0.0289655
15 0.0289817
18 0.0289759
21 0.0289568
24 0.0289711
27 0.0289782
30 0.0289973
33 0.0290084
36 0.0290072
39 0.0290073
42 0.0290173
45 0.0290292
48 0.0290358
51 0.029037
54 0.0290319
57 0.0290348
60 0.0290334
63 0.0290308
66 0.0290268
69 0.0289852
72 0.0288347
75 0.0285783
78 0.0286194
81 0.0288742
84 0.0289964
87 0.0290294
90 0.0290371
