-90 0.0290394
-87 0.0290395
-84 0.0290394
-81 0.0290394
-78 0.0290392
-75 0.0290389
-72 0.0290385
-69 0.0290379
-66 0.0290372
-63 0.0290365
-60 0.0290359
-57 0.0290355
-54 0.0290345
-51 0.0290315
-48 0.0290257
-45 0.0290204
-42 0.0290212
-39 0.0290249
-36 0.0290234
-33 0.0290114
-30 0.0289818
-27 0.0289659
-24 0.0290037
-21 0.0290223
-18 0.0290295
-15 0.0290276
-12 0.0290129
-9 0.0289863
-6 0.0289732
-3 0.0289875
0 0.0290033
3 0.0289842
6 0.0289723
9 0.0286971
12 0.0270825
15 0.0228525
18 0.0272957
21 0.0287373
24 0.0289834
27 0.0290234
30 0.0290285
33 0.0290211
36 0.0290279
39 0.0290329
42 0.0290332
45 0.029032
48 0.0290303
51 0.0290298
54 0.0290306
57 0.0290301
60 0.0290243
63 0.0290125
66 0.0290151
69 0.0290257
72 0.0290294
75 0.0290308
78 0.0290336
81 0.0290366
84 0.0290384
87 0.0290392
90 0.0290394
