-90 0.0290368
-87 0.0290336
-84 0.0289842
-81 0.0290151
-78 0.0289942
-75 0.0290357
-72 0.0290389
-69 0.0290393
-66 0.0290393
-63 0.0290394
-60 0.0290392
-57 0.0290383
-54 0.0290349
-51 0.0290231
-48 0.0289936
-45 0.0289542
-42 0.028939
-39 0.0289202
-36 0.0288597
-33 0.0288612
-30 0.0289277
-27 0.0289642
-24 0.0290262
-21 0.0290368
-18 0.0290386
-15 0.0290388
-12 0.0290385
-9 0.0290386
-6 0.0290385
-3 0.0290383
0 0.0290379
3 0.0290374
6 0.0290365
9 0.0290351
12 0.0290335
15 0.029034
18 0.0290338
21 0.0290329
24 0.0290313
27 0.0290292
30 0.0290263
33 0.0290224
36 0.0290178
39 0.0290123
42 0.0290052
45 0.0289946
48 0.0289673
51 0.0288428
54 0.0288564
57 0.0288587
60 0.0289213
63 0.0289848
66 0.0290139
69 0.0290246
72 0.0290292
75 0.0290319
78 0.0290337
81 0.0290351
84 0.0290361
87 0.0290368
90 0.0290368
