-90 0.0290071
-87 0.0290154
-84 0.0290199
-81 0.0290218
-78 0.0290231
-75 0.0290242
-72 0.029025
-69 0.0290257
-66 0.0290256
-63 0.0290215
-60 0.0289935
-57 0.0288171
-54 0.0277209
-51 0.0208587
-48 0.0236605
-45 0.0218592
-42 0.0266296
-39 0.0286163
-36 0.02896
-33 0.0290166
-30 0.0290256
-27 0.0290268
-24 0.0290265
-21 0.0290258
-18 0.0290252
-15 0.0290243
-12 0.0290231
-9 0.029021
-6 0.0290155
-3 0.0290014
0 0.0289887
3 0.0290083
6 0.0290121
9 0.02901
12 0.0290071
15 0.0290038
18 0.0290001
21 0.0289959
24 0.0289912
27 0.0289856
30 0.0289783
33 0.0289658
36 0.0289311
39 0.0287914
42 0.028254
45 0.0274473
48 0.0281061
51 0.0287529
54 0.02893
57 0.0289693
60 0.0289808
63 0.0289871
66 0.0289921
69 0.0289965
72 0.0290005
75 0.0290042
78 0.0290073
81 0.0290099
84 0.0290105
87 0.0290041
90 0.0290071
