-90 0.0289857
-87 0.0290272
-84 0.0290375
-81 0.0290385
-78 0.0290386
-75 0.0290385
-72 0.0290384
-69 0.0290382
-66 0.029038
-63 0.0290375
-60 0.0290363
-57 0.0290319
-54 0.0290155
-51 0.0289436
-48 0.0285871
-45 0.0273834
-42 0.0271988
-39 0.028491
-36 0.0289246
-33 0.0290096
-30 0.0290217
-27 0.0290194
-24 0.0290129
-21 0.0290035
-18 0.028992
-15 0.0289839
-12 0.0289875
-9 0.0289989
-6 0.0290097
-3 0.0290159
0 0.0290004
3 0.0290031
6 0.0290289
9 0.0290331
12 0.0290348
15 0.0290359
18 0.0290365
21 0.0290371
24 0.0290375
27 0.0290374
30 0.0290353
33 0.0290235
36 0.0289669
39 0.028703
42 0.0278063
45 0.0268299
48 0.0276262
51 0.0286093
54 0.0289449
57 0.0290171
60 0.0290324
63 0.0290371
66 0.0290385
69 0.0290389
72 0.0290389
75 0.0290389
78 0.0290387
81 0.0290383
84 0.029038
87 0.0290335
90 0.0289857
