-90 0.0290068
-87 0.029028
-84 0.0290383
-81 0.0290395
-78 0.0290397
-75 0.0290396
-72 0.0290396
-69 0.0290391
-66 0.0290357
-63 0.0290149
-60 0.0288843
-57 0.0280528
-54 0.0228076
-51 0.0243584
-48 0.0282992
-45 0.0289086
-42 0.0290007
-39 0.0290323
-36 0.0290383
-33 0.0290391
-30 0.029039
-27 0.0290388
-24 0.0290383
-21 0.029038
-18 0.0290374
-15 0.0290364
-12 0.0290329
-9 0.0290022
-6 0.0290098
-3 0.0290259
0 0.029023
3 0.0290181
6 0.0290132
9 0.0290099
12 0.0290102
15 0.0290138
18 0.0290187
21 0.0290232
24 0.0290241
27 0.0290066
30 0.0288783
33 0.0280482
36 0.0227903
39 0.0243352
42 0.0282748
45 0.0288911
48 0.0290106
51 0.0290339
54 0.0290384
57 0.0290393
60 0.0290395
63 0.0290396
66 0.0290397
69 0.0290394
72 0.0290384
75 0.0290353
78 0.0290264
81 0.0289871
84 0.028996
87 0.0290201
90 0.0290068
