-90 0.0290392
-87 0.0290396
-84 0.0290396
-81 0.0290392
-78 0.0290383
-75 0.0290364
-72 0.0290332
-69 0.0290302
-66 0.0290304
-63 0.029033
-60 0.0290338
-57 0.0290304
-54 0.0290215
-51 0.0290044
-48 0.0289836
-45 0.0289854
-42 0.0290081
-39 0.029026
-36 0.0290327
-33 0.0290336
-30 0.0290329
-27 0.0290321
-24 0.0290316
-21 0.0290313
-18 0.0290329
-15 0.0290347
-12 0.0290356
-9 0.029034
-6 0.0290195
-3 0.0289334
0 0.0284994
3 0.0271889
6 0.0273557
9 0.0285805
12 0.0289284
15 0.0289792
18 0.0290214
21 0.0290353
24 0.0290388
27 0.0290395
30 0.0290386
33 0.0290353
36 0.0290383
39 0.0290398
42 0.0290399
45 0.0290398
48 0.0290362
51 0.0289928
54 0.0290367
57 0.0290396
60 0.0290394
63 0.0290385
66 0.0290371
69 0.0290367
72 0.029038
75 0.0290391
78 0.0290394
81 0.0290378
84 0.0290327
87 0.0290361
90 0.0290392
