-90 0.0290336
-87 0.0290114
-84 0.029038
-81 0.029039
-78 0.0290374
-75 0.0290374
-72 0.0290391
-69 0.0290392
-66 0.0290391
-63 0.029039
-60 0.0290383
-57 0.0290315
-54 0.0289797
-51 0.0290302
-48 0.0290377
-45 0.029038
-42 0.0290355
-39 0.0290356
-36 0.0290386
-33 0.0290391
-30 0.029039
-27 0.0290389
-24 0.0290384
-21 0.0290381
-18 0.0290381
-15 0.0290382
-12 0.0290379
-9 0.0290374
-6 0.0290366
-3 0.0290357
0 0.0290344
3 0.0290328
6 0.0290307
9 0.0290279
12 0.029024
15 0.0290173
18 0.0290032
21 0.0289761
24 0.0289488
27 0.028955
30 0.0289828
33 0.02898
36 0.028825
39 0.0277974
42 0.0222816
45 0.025696
48 0.0284631
51 0.0289396
54 0.0290206
57 0.0290348
60 0.0290376
63 0.0290384
66 0.0290387
69 0.0290389
72 0.0290391
75 0.0290393
78 0.0290394
81 0.0290395
84 0.0290395
87 0.0290394
90 0.0290336
