-90 0.0290048
-87 0.029007
-84 0.0290085
-81 0.0290092
-78 0.02901
-75 0.0290119
-72 0.0290147
-69 0.0290172
-66 0.0290191
-63 0.0290204
-60 0.0290214
-57 0.0290222
-54 0.0290225
-51 0.0290233
-48 0.0290237
-45 0.029024
-42 0.0290242
-39 0.0290243
-36 0.0290244
-33 0.0290245
-30 0.0290244
-27 0.0290243
-24 0.0290241
-21 0.0290238
-18 0.0290234
-15 0.029023
-12 0.0290225
-9 0.0290215
-6 0.0290197
-3 0.0290178
0 0.0290181
3 0.0290185
6 0.0290175
9 0.0290163
12 0.0290148
15 0.0290132
18 0.0290113
21 0.0290091
24 0.0290065
27 0.0290035
30 0.0289998
33 0.0289954
36 0.0289894
39 0.028979
42 0.0289516
45 0.0288567
48 0.0285849
51 0.0283158
54 0.0285623
57 0.0288398
60 0.0289361
63 0.0289623
66 0.0289719
69 0.0289778
72 0.0289826
75 0.028985
78 0.0289881
81 0.0289947
84 0.0289988
87 0.029002
90 0.0290048
