-90 0.0290396
-87 0.0290396
-84 0.0290394
-81 0.0290371
-78 0.029038
-75 0.0290397
-72 0.0290398
-69 0.0290397
-66 0.0290399
-63 0.0290399
-60 0.0290398
-57 0.0290396
-54 0.0290388
-51 0.0290368
-48 0.0290331
-45 0.0290297
-42 0.0290299
-39 0.0290332
-36 0.0290361
-33 0.029038
-30 0.0290391
-27 0.0290392
-24 0.0290391
-21 0.0290389
-18 0.0290382
-15 0.0290367
-12 0.0290344
-9 0.0290314
-6 0.029029
-3 0.0290284
0 0.0290272
3 0.0290168
6 0.0289808
9 0.028941
12 0.0289012
15 0.0289064
18 0.0289618
21 0.0289973
24 0.0290084
27 0.0290145
30 0.0290213
33 0.0290274
36 0.0290287
39 0.0289928
42 0.029033
45 0.0290377
48 0.0290383
51 0.0290359
54 0.0290241
57 0.028997
60 0.0289085
63 0.0287542
66 0.0287581
69 0.0289139
72 0.0290048
75 0.0290321
78 0.0290383
81 0.0290396
84 0.0290399
87 0.0290398
90 0.0290396
