-90 0.0290146
-87 0.0290171
-84 0.0290181
-81 0.0290187
-78 0.0290192
-75 0.0290197
-72 0.0290201
-69 0.0290207
-66 0.0290212
-63 0.0290212
-60 0.0290201
-57 0.0290187
-54 0.0290201
-51 0.0290208
-48 0.0290199
-45 0.0290181
-42 0.0290162
-39 0.0290159
-36 0.0290171
-33 0.0290184
-30 0.0290188
-27 0.0290185
-24 0.0290178
-21 0.0290168
-18 0.0290142
-15 0.0289999
-12 0.0290089
-9 0.0290117
-6 0.0290104
-3 0.0290087
0 0.0290069
3 0.0290046
6 0.0290016
9 0.0289979
12 0.028994
15 0.0289918
18 0.0289918
21 0.0289923
24 0.0289923
27 0.0289916
30 0.0289904
33 0.0289867
36 0.028966
39 0.0288358
42 0.0280049
45 0.0226934
48 0.0241443
51 0.0282379
54 0.0288779
57 0.0289799
60 0.0289976
63 0.0290021
66 0.0290044
69 0.0290063
72 0.0290081
75 0.0290097
78 0.0290113
81 0.0290127
84 0.0290134
87 0.0290124
90 0.0290146
