-90 0.0290295
-87 0.0290291
-84 0.0290288
-81 0.0290285
-78 0.0290284
-75 0.0290282
-72 0.0290282
-69 0.0290285
-66 0.0290286
-63 0.0290289
-60 0.0290294
-57 0.0290299
-54 0.0290303
-51 0.0290309
-48 0.0290314
-45 0.0290318
-42 0.0290322
-39 0.0290325
-36 0.0290329
-33 0.0290334
-30 0.0290338
-27 0.0290342
-24 0.0290345
-21 0.0290349
-18 0.0290353
-15 0.0290355
-12 0.0290356
-9 0.0290356
-6 0.0290356
-3 0.0290354
0 0.0290342
3 0.0290275
6 0.0289898
9 0.0287903
12 0.0279775
15 0.0270515
18 0.0281299
21 0.0287665
24 0.0289067
27 0.0289388
30 0.028938
33 0.0289466
36 0.0289352
39 0.0289565
42 0.0289837
45 0.0289986
48 0.0290071
51 0.0290127
54 0.0290174
57 0.0290216
60 0.029025
63 0.0290275
66 0.0290292
69 0.02903
72 0.0290305
75 0.0290306
78 0.0290306
81 0.0290304
84 0.0290302
87 0.0290298
90 0.0290295
