-90 0.0290301
-87 0.0290059
-84 0.028856
-81 0.0283347
-78 0.0271322
-75 0.0277592
-72 0.0287222
-69 0.0289783
-66 0.0290134
-63 0.0289908
-60 0.0290355
-57 0.0290393
-54 0.0290395
-51 0.0290392
-48 0.0290387
-45 0.0290378
-42 0.029036
-39 0.0290332
-36 0.0290301
-33 0.0290289
-30 0.0290304
-27 0.0290339
-24 0.0290368
-21 0.0290383
-18 0.0290391
-15 0.0290393
-12 0.0290392
-9 0.0290392
-6 0.0290394
-3 0.0290396
0 0.0290393
3 0.0290367
6 0.0290335
9 0.0290365
12 0.0290344
15 0.0290242
18 0.028996
21 0.028955
24 0.0289507
27 0.0289895
30 0.0290205
33 0.0290319
36 0.0290339
39 0.0290326
42 0.0290295
45 0.0290235
48 0.0290169
51 0.0290191
54 0.0290237
57 0.0290241
60 0.0290202
63 0.0290134
66 0.0290148
69 0.0290162
72 0.0290181
75 0.0290213
78 0.0290244
81 0.0290263
84 0.02903
87 0.0290325
90 0.0290301
