-90 0.0289982
-87 0.0290018
-84 0.0290025
-81 0.0289816
-78 0.028987
-75 0.0290044
-72 0.0290051
-69 0.0290053
-66 0.0290055
-63 0.0290053
-60 0.0290052
-57 0.0290051
-54 0.0290047
-51 0.0290041
-48 0.0290033
-45 0.0290026
-42 0.0290016
-39 0.0289979
-36 0.0289768
-33 0.028848
-30 0.0280593
-27 0.0238649
-24 0.0250725
-21 0.028311
-18 0.028884
-15 0.0289754
-12 0.0289885
-9 0.0289876
-6 0.0289832
-3 0.0289834
0 0.0289781
3 0.028958
6 0.0288665
9 0.0285102
12 0.0279064
15 0.028224
18 0.0287587
21 0.0289307
24 0.0289674
27 0.0289745
30 0.0289762
33 0.0289773
36 0.0289785
39 0.0289798
42 0.0289812
45 0.0289827
48 0.0289827
51 0.0289802
54 0.0289865
57 0.0289891
60 0.0289879
63 0.0289594
66 0.0289512
69 0.0289912
72 0.0289958
75 0.0289961
78 0.0289938
81 0.0289879
84 0.0289825
87 0.0289901
90 0.0289982
