-90 0.0260208
-87 0.0281933
-84 0.0288732
-81 0.0290011
-78 0.0290238
-75 0.0290284
-72 0.0290298
-69 0.0290306
-66 0.0290313
-63 0.0290318
-60 0.0290321
-57 0.0290323
-54 0.0290323
-51 0.0290307
-48 0.0290258
-45 0.0290291
-42 0.0290288
-39 0.0290262
-36 0.0290245
-33 0.0290255
-30 0.029028
-27 0.0290301
-24 0.0290301
-21 0.0290169
-18 0.0290233
-15 0.0290136
-12 0.0290137
-9 0.0290277
-6 0.0290293
-3 0.0290287
0 0.0290277
3 0.0290265
6 0.0290251
9 0.0290231
12 0.0290205
15 0.0290169
18 0.0290121
21 0.0290076
24 0.0290048
27 0.029003
30 0.0290001
33 0.0289955
36 0.0289894
39 0.0289821
42 0.0289735
45 0.0289638
48 0.028953
51 0.0289478
54 0.0289545
57 0.0289643
60 0.0289747
63 0.0289838
66 0.028991
69 0.0289962
72 0.0289994
75 0.0290004
78 0.0289931
81 0.028931
84 0.0285586
87 0.0269417
90 0.0260208
