-90 0.0290378
-87 0.0290348
-84 0.0290187
-81 0.0289706
-78 0.0288961
-75 0.0288896
-72 0.0289621
-69 0.0290151
-66 0.0290338
-63 0.0290385
-60 0.0290396
-57 0.0290396
-54 0.0290384
-51 0.0290275
-48 0.0290303
-45 0.0290377
-42 0.0290377
-39 0.029037
-36 0.0290349
-33 0.0290304
-30 0.029036
-27 0.0290378
-24 0.0290384
-21 0.0290389
-18 0.029039
-15 0.0290378
-12 0.0290297
-9 0.0290317
-6 0.0290383
-3 0.0290279
0 0.0290245
3 0.0290391
6 0.0290395
9 0.029039
12 0.029038
15 0.0290355
18 0.0290295
21 0.0290168
24 0.0290029
27 0.0290111
30 0.0290185
33 0.029026
36 0.0290353
39 0.0290362
42 0.0290336
45 0.0290305
48 0.0290306
51 0.0290336
54 0.0290362
57 0.0290347
60 0.0290193
63 0.0289591
66 0.0288188
69 0.0287355
72 0.0288598
75 0.0289816
78 0.029026
81 0.0290368
84 0.0290317
87 0.0290096
90 0.0290378
