-90 0.0290375
-87 0.0290374
-84 0.0290351
-81 0.0290231
-78 0.0289571
-75 0.02862
-72 0.0274486
-69 0.0270871
-66 0.0283322
-63 0.0285844
-60 0.0283503
-57 0.0286102
-54 0.0289029
-51 0.0290056
-48 0.0290297
-45 0.0290346
-42 0.0290356
-39 0.0290357
-36 0.0290355
-33 0.0290353
-30 0.0290347
-27 0.0290333
-24 0.0290298
-21 0.0290169
-18 0.0289583
-15 0.0287132
-12 0.0281336
-9 0.0281367
-6 0.028716
-3 0.0289598
0 0.0290182
3 0.0290312
6 0.0290348
9 0.0290363
12 0.0290372
15 0.0290378
18 0.0290382
21 0.0290384
24 0.0290386
27 0.0290387
30 0.0290388
33 0.0290387
36 0.029038
39 0.029034
42 0.0290182
45 0.0289707
48 0.0288936
51 0.0288744
54 0.0289101
57 0.0289831
60 0.0290219
63 0.0290281
66 0.0290328
69 0.0290372
72 0.0290387
75 0.029039
78 0.0290389
81 0.0290376
84 0.0290211
87 0.029028
90 0.0290375
