-90 0.0290383
-87 0.0290383
-84 0.0290376
-81 0.029036
-78 0.0290332
-75 0.0290287
-72 0.0290216
-69 0.0290117
-66 0.0290002
-63 0.0289967
-60 0.029005
-57 0.0289799
-54 0.0289529
-51 0.0290248
-48 0.0290344
-45 0.0290365
-42 0.0290376
-39 0.0290384
-36 0.029039
-33 0.0290393
-30 0.0290395
-27 0.0290396
-24 0.0290397
-21 0.0290397
-18 0.0290397
-15 0.0290393
-12 0.0290344
-9 0.0290305
-6 0.0290383
-3 0.0290391
0 0.0290391
3 0.0290393
6 0.0290392
9 0.0290386
12 0.0290371
15 0.0290374
18 0.0290375
21 0.0290357
24 0.0290337
27 0.0290332
30 0.0290331
33 0.0290258
36 0.0289953
39 0.0289308
42 0.0288921
45 0.0289419
48 0.0290024
51 0.0290288
54 0.0290357
57 0.0290368
60 0.0290375
63 0.0290374
66 0.0290359
69 0.029036
72 0.0290383
75 0.0290391
78 0.0290393
81 0.0290395
84 0.0290395
87 0.029039
90 0.0290383
