-90 0.0290118
-87 0.028983
-84 0.0290038
-81 0.0290059
-78 0.029003
-75 0.0290013
-72 0.0290017
-69 0.0290042
-66 0.029008
-63 0.0290122
-60 0.0290158
-57 0.0290177
-54 0.0290161
-51 0.0290052
-48 0.0289916
-45 0.0290131
-42 0.0290252
-39 0.0290311
-36 0.0290339
-33 0.0290353
-30 0.0290356
-27 0.0290229
-24 0.029023
-21 0.0290369
-18 0.0290375
-15 0.0290366
-12 0.0290329
-9 0.0290219
-6 0.0290033
-3 0.0289929
0 0.0290052
3 0.0290233
6 0.0290334
9 0.0290373
12 0.0290385
15 0.0290388
18 0.0290384
21 0.0290383
24 0.0290385
27 0.029037
30 0.029028
33 0.0289735
36 0.0287123
39 0.0275168
42 0.0231782
45 0.0268718
48 0.0286604
51 0.0289727
54 0.0290235
57 0.0290326
60 0.0290348
63 0.0290353
66 0.029035
69 0.0290342
72 0.0290331
75 0.0290317
78 0.02903
81 0.0290279
84 0.0290252
87 0.0290216
90 0.0290118
