-90 0.0290361
-87 0.0290321
-84 0.0290258
-81 0.0290161
-78 0.0289738
-75 0.0287126
-72 0.0273694
-69 0.0252049
-66 0.027766
-63 0.0288038
-60 0.0289994
-57 0.0290323
-54 0.0290377
-51 0.0290384
-48 0.0290385
-45 0.0290386
-42 0.0290387
-39 0.0290386
-36 0.0290391
-33 0.0290394
-30 0.0290395
-27 0.0290396
-24 0.029039
-21 0.029037
-18 0.0290359
-15 0.0290372
-12 0.0290373
-9 0.0290375
-6 0.0290382
-3 0.029039
0 0.0290396
3 0.0290398
6 0.0290397
9 0.0290398
12 0.0290394
15 0.0290396
18 0.0290389
21 0.0290352
24 0.0290207
27 0.0289805
30 0.0289234
33 0.0289207
36 0.0289711
39 0.0290138
42 0.0290336
45 0.0290383
48 0.0290385
51 0.0290348
54 0.0290292
57 0.0290363
60 0.0290392
63 0.0290396
66 0.0290366
69 0.0290064
72 0.0290371
75 0.0290397
78 0.0290397
81 0.0290395
84 0.0290391
87 0.0290381
90 0.0290361
