-90 0.0282874
-87 0.0284149
-84 0.0288258
-81 0.0289842
-78 0.0290148
-75 0.0290087
-72 0.0289905
-69 0.0289818
-66 0.0289926
-63 0.0290099
-60 0.0290219
-57 0.0290281
-54 0.0290311
-51 0.0290328
-48 0.0290339
-45 0.0290346
-42 0.0290347
-39 0.0290309
-36 0.0290298
-33 0.0290281
-30 0.0290274
-27 0.0290305
-24 0.0290344
-21 0.0290372
-18 0.0290386
-15 0.0290393
-12 0.0290386
-9 0.0290229
-6 0.0290054
-3 0.0290374
0 0.029039
3 0.0290386
6 0.0290383
9 0.0290385
12 0.029039
15 0.0290394
18 0.0290397
21 0.0290397
24 0.0290395
27 0.0290393
30 0.0290392
33 0.0290388
36 0.0290362
39 0.0290328
42 0.0290377
45 0.0290391
48 0.0290393
51 0.0290395
54 0.0290393
57 0.0290386
60 0.0290373
63 0.0290383
66 0.0290383
69 0.0290376
72 0.0290354
75 0.0290303
78 0.0290227
81 0.0290116
84 0.0289544
87 0.0287177
90 0.0282874
