-90 0.0288737
-87 0.0289297
-84 0.0289945
-81 0.0290233
-78 0.0290317
-75 0.0290335
-72 0.0290338
-69 0.0290342
-66 0.0290351
-63 0.0290362
-60 0.0290371
-57 0.0290377
-54 0.0290377
-51 0.0290345
-48 0.0290162
-45 0.0290263
-42 0.0290368
-39 0.0290373
-36 0.0290328
-33 0.0290054
-30 0.0289647
-27 0.0290183
-24 0.0290322
-21 0.0290366
-18 0.0290379
-15 0.0290382
-12 0.0290383
-9 0.0290385
-6 0.0290383
-3 0.0290381
0 0.0290373
3 0.0290315
6 0.0290274
9 0.0290357
12 0.0290363
15 0.0290346
18 0.0290286
21 0.0290072
24 0.0289482
27 0.0288641
30 0.0288659
33 0.028949
36 0.0290026
39 0.0290184
42 0.0290199
45 0.029017
48 0.0290128
51 0.0290083
54 0.0290038
57 0.0289999
60 0.0289984
63 0.0289991
66 0.0290019
69 0.029006
72 0.0290103
75 0.0290136
78 0.0290151
81 0.0290091
84 0.028978
87 0.0289109
90 0.0288737
