-90 0.0290104
-87 0.0290316
-84 0.0290379
-81 0.0290387
-78 0.0290384
-75 0.0290304
-72 0.0289757
-69 0.0290312
-66 0.0290339
-63 0.0290316
-60 0.0290293
-57 0.0290267
-54 0.0290229
-51 0.0290174
-48 0.0290075
-45 0.0289914
-42 0.0289676
-39 0.028953
-36 0.0289706
-33 0.028988
-30 0.0290063
-27 0.0290193
-24 0.0290257
-21 0.0290222
-18 0.0289788
-15 0.0287229
-12 0.027573
-9 0.0262798
-6 0.0280577
-3 0.0288328
0 0.0289916
3 0.0290284
6 0.0290371
9 0.0290387
12 0.029039
15 0.0290394
18 0.029039
21 0.0290377
24 0.0290344
27 0.0290282
30 0.0290216
33 0.0290135
36 0.0289983
39 0.0290302
42 0.0290265
45 0.0290034
48 0.0290355
51 0.0290394
54 0.0290398
57 0.0290398
60 0.0290392
63 0.0290334
66 0.0290078
69 0.0290246
72 0.0289907
75 0.0288171
78 0.0283713
81 0.0280986
84 0.0286117
87 0.0289306
90 0.0290104
