-90 0.0267148
-87 0.02697
-84 0.0285111
-81 0.028935
-78 0.0290194
-75 0.0290322
-72 0.0290343
-69 0.0290357
-66 0.0290338
-63 0.0290184
-60 0.029005
-57 0.0290306
-54 0.0290381
-51 0.0290348
-48 0.0290086
-45 0.0288427
-42 0.0277896
-39 0.0213696
-36 0.0254037
-33 0.0284628
-30 0.0289474
-27 0.0290236
-24 0.0290349
-21 0.0290343
-18 0.0290239
-15 0.0289795
-12 0.0290252
-9 0.0290335
-6 0.029037
-3 0.0290388
0 0.0290393
3 0.0290378
6 0.0290275
9 0.0290332
12 0.0290388
15 0.0290388
18 0.0290365
21 0.0290284
24 0.0290003
27 0.0289251
30 0.0289678
33 0.0290161
36 0.0290312
39 0.0290327
42 0.029014
45 0.0288974
48 0.0283084
51 0.0267058
54 0.0274058
57 0.0286546
60 0.0289691
63 0.0290266
66 0.0290316
69 0.0290028
72 0.0289549
75 0.0290131
78 0.029012
81 0.0290059
84 0.0289178
87 0.0284152
90 0.0267148
