-90 0.0290376
-87 0.029037
-84 0.0290355
-81 0.0290331
-78 0.0290303
-75 0.0290284
-72 0.0290272
-69 0.0290248
-66 0.0290203
-63 0.0290138
-60 0.029007
-57 0.0290028
-54 0.0290031
-51 0.0290064
-48 0.0290068
-45 0.0289909
-42 0.0289343
-39 0.0288576
-36 0.0288745
-33 0.0289574
-30 0.0289994
-27 0.0290115
-24 0.0290119
-21 0.0290105
-18 0.0290014
-15 0.0289847
-12 0.0289992
-9 0.0290206
-6 0.0290313
-3 0.0290361
0 0.0290382
3 0.0290391
6 0.0290395
9 0.0290397
12 0.0290397
15 0.0290397
18 0.0290396
21 0.0290394
24 0.0290389
27 0.029038
30 0.0290371
33 0.0290372
36 0.0290378
39 0.0290386
42 0.0290394
45 0.0290397
48 0.0290396
51 0.0290391
54 0.029039
57 0.0290395
60 0.0290395
63 0.0290377
66 0.0290298
69 0.0290325
72 0.0290013
75 0.0290347
78 0.0290379
81 0.029038
84 0.029038
87 0.0290377
90 0.0290376
