-90 0.0250584
-87 0.0283428
-84 0.0289266
-81 0.0290212
-78 0.0290364
-75 0.0290386
-72 0.029037
-69 0.0290363
-66 0.0290387
-63 0.0290392
-60 0.0290393
-57 0.0290394
-54 0.0290395
-51 0.0290391
-48 0.0290377
-45 0.0290384
-42 0.0290375
-39 0.0290342
-36 0.0290251
-33 0.0289766
-30 0.0290185
-27 0.0290344
-24 0.0290386
-21 0.0290394
-18 0.0290392
-15 0.029039
-12 0.0290396
-9 0.0290398
-6 0.0290398
-3 0.0290394
0 0.0290378
3 0.0290156
6 0.0290099
9 0.0290375
12 0.0290391
15 0.0290367
18 0.0290251
21 0.0289752
24 0.028755
27 0.0281273
30 0.0279572
33 0.0286337
36 0.0289486
39 0.0290225
42 0.0290368
45 0.0290393
48 0.0290397
51 0.0290392
54 0.0290333
57 0.0290299
60 0.0290357
63 0.029039
66 0.0290392
69 0.0290389
72 0.0290382
75 0.029035
78 0.0290151
81 0.0288913
84 0.0281298
87 0.0240623
90 0.0250584
