-90 0.0290348
-87 0.0290395
-84 0.0290394
-81 0.0290389
-78 0.0290382
-75 0.0290385
-72 0.029039
-69 0.0290394
-66 0.0290396
-63 0.0290389
-60 0.0290366
-57 0.029025
-54 0.0289752
-51 0.02883
-48 0.0286684
-45 0.0287683
-42 0.028943
-39 0.0290159
-36 0.0290347
-33 0.0290386
-30 0.0290392
-27 0.0290391
-24 0.0290388
-21 0.0290381
-18 0.0290369
-15 0.0290352
-12 0.0290312
-9 0.0290234
-6 0.0290169
-3 0.0290196
0 0.029025
3 0.0290211
6 0.0289963
9 0.0289542
12 0.0289441
15 0.0289829
18 0.0290185
21 0.0290282
24 0.0290231
27 0.0290352
30 0.0290386
33 0.0290365
36 0.0290234
39 0.0289701
42 0.0290177
45 0.0290354
48 0.0290389
51 0.0290393
54 0.0290384
57 0.0290381
60 0.029039
63 0.0290392
66 0.0290386
69 0.0290377
72 0.0290373
75 0.0290377
78 0.0290386
81 0.0290393
84 0.029038
87 0.0289951
90 0.0290348
