-90 0.0265451
-87 0.023547
-84 0.027737
-81 0.0286874
-78 0.0283393
-75 0.0248103
-72 0.0219098
-69 0.0279248
-66 0.0288648
-63 0.0290121
-60 0.0290354
-57 0.0290391
-54 0.0290397
-51 0.0290399
-48 0.0290399
-45 0.0290399
-42 0.0290397
-39 0.0290393
-36 0.029039
-33 0.0290383
-30 0.0290374
-27 0.0290375
-24 0.0290379
-21 0.0290379
-18 0.0290374
-15 0.029036
-12 0.0290335
-9 0.0290292
-6 0.0290223
-3 0.0290125
0 0.0290016
3 0.0289938
6 0.0289899
9 0.0289891
12 0.0289954
15 0.029006
18 0.0290161
21 0.0290249
24 0.0290303
27 0.0290334
30 0.0290353
33 0.0290364
36 0.0290374
39 0.0290382
42 0.0290387
45 0.0290392
48 0.0290389
51 0.0290385
54 0.0290394
57 0.0290398
60 0.0290399
63 0.0290399
66 0.0290399
69 0.0290398
72 0.0290395
75 0.0290395
78 0.029038
81 0.0290282
84 0.0289677
87 0.0285998
90 0.0265451
