-90 0.0290263
-87 0.0289937
-84 0.028925
-81 0.0288841
-78 0.0289378
-75 0.029002
-72 0.0290294
-69 0.0290374
-66 0.0290392
-63 0.0290395
-60 0.0290396
-57 0.0290394
-54 0.0290393
-51 0.0290392
-48 0.029039
-45 0.0290378
-42 0.0290347
-39 0.0290275
-36 0.0290159
-33 0.0290079
-30 0.0289847
-27 0.028876
-24 0.0286731
-21 0.0286696
-18 0.0288416
-15 0.0289938
-12 0.0290301
-9 0.0290375
-6 0.029039
-3 0.0290393
0 0.0290395
3 0.0290397
6 0.0290395
9 0.0290375
12 0.0290348
15 0.0290387
18 0.0290398
21 0.0290399
24 0.0290398
27 0.0290393
30 0.0290379
33 0.0290369
36 0.0290358
39 0.0290355
42 0.0290367
45 0.0290382
48 0.0290392
51 0.0290396
54 0.0290398
57 0.0290399
60 0.0290398
63 0.0290394
66 0.0290387
69 0.0290369
72 0.0290324
75 0.0290219
78 0.0290107
81 0.0290186
84 0.0290307
87 0.0290342
90 0.0290263
