-90 0.0290285
-87 0.0290318
-84 0.0290278
-81 0.0290338
-78 0.0290383
-75 0.0290389
-72 0.0290389
-69 0.0290388
-66 0.0290387
-63 0.0290386
-60 0.0290384
-57 0.029038
-54 0.0290363
-51 0.0290282
-48 0.0289835
-45 0.0287312
-42 0.0273575
-39 0.0235022
-36 0.027054
-33 0.0286335
-30 0.0289629
-27 0.0290182
-24 0.0290258
-21 0.0290246
-18 0.0290215
-15 0.0290176
-12 0.029013
-9 0.0290086
-6 0.0290053
-3 0.0290036
0 0.0290036
3 0.0289981
6 0.0289505
9 0.0290031
12 0.0290189
15 0.0290232
18 0.029026
21 0.0290283
24 0.0290305
27 0.0290325
30 0.029034
33 0.0290351
36 0.0290351
39 0.0290313
42 0.0290069
45 0.0288801
48 0.0282699
51 0.0265851
54 0.0273616
57 0.0286509
60 0.0289684
63 0.0290268
66 0.0290369
69 0.0290386
72 0.0290389
75 0.0290389
78 0.0290387
81 0.0290385
84 0.0290383
87 0.0290363
90 0.0290285
