-90 0.0271408
-87 0.0271925
-84 0.0285341
-81 0.02894
-78 0.0290192
-75 0.0290332
-72 0.0290359
-69 0.0290368
-66 0.0290368
-63 0.0290373
-60 0.0290374
-57 0.029037
-54 0.0290371
-51 0.0290374
-48 0.0290371
-45 0.0290365
-42 0.0290357
-39 0.0290351
-36 0.0290349
-33 0.0290351
-30 0.0290352
-27 0.0290338
-24 0.0290306
-21 0.0290298
-18 0.0290258
-15 0.0290087
-12 0.0289852
-9 0.0289815
-6 0.0289752
-3 0.029025
0 0.029034
3 0.0290349
6 0.0290341
9 0.0290325
12 0.0290305
15 0.0290291
18 0.0290285
21 0.0290265
24 0.0290235
27 0.0290245
30 0.0290221
33 0.0290175
36 0.029008
39 0.0290079
42 0.0290069
45 0.0290034
48 0.0290003
51 0.0289985
54 0.0289988
57 0.0290012
60 0.0290049
63 0.0290091
66 0.0290132
69 0.0290171
72 0.0290205
75 0.029023
78 0.029023
81 0.0290099
84 0.0289237
87 0.0284762
90 0.0271408
