-90 0.0290007
-87 0.0290023
-84 0.0290111
-81 0.0290205
-78 0.0290276
-75 0.0290323
-72 0.0290353
-69 0.0290369
-66 0.0290379
-63 0.0290374
-60 0.0290348
-57 0.029028
-54 0.0289772
-51 0.0286758
-48 0.0271891
-45 0.0253206
-42 0.0279107
-39 0.0288324
-36 0.0290013
-33 0.0290253
-30 0.0290297
-27 0.0290355
-24 0.0290385
-21 0.0290394
-18 0.0290396
-15 0.0290398
-12 0.0290397
-9 0.0290392
-6 0.0290387
-3 0.0290302
0 0.0290078
3 0.0290362
6 0.0290386
9 0.0290245
12 0.0289945
15 0.0290367
18 0.0290396
21 0.0290397
24 0.0290395
27 0.0290388
30 0.0290371
33 0.0290298
36 0.0289901
39 0.0287941
42 0.0281292
45 0.0276834
48 0.0284761
51 0.0289065
54 0.0289898
57 0.029025
60 0.0290373
63 0.0290386
66 0.0290384
69 0.0290381
72 0.029037
75 0.0290352
78 0.0290321
81 0.0290273
84 0.0290201
87 0.0290099
90 0.0290007
