-90 0.0290391
-87 0.0290375
-84 0.0290282
-81 0.0289882
-78 0.0288662
-75 0.0287049
-72 0.0287617
-69 0.0289056
-66 0.0288789
-63 0.0286117
-60 0.0281754
-57 0.0284597
-54 0.028868
-51 0.0290027
-48 0.0290313
-45 0.0290332
-42 0.0290337
-39 0.0290374
-36 0.0290382
-33 0.0290367
-30 0.0290334
-27 0.0290375
-24 0.0290394
-21 0.0290397
-18 0.0290398
-15 0.0290398
-12 0.0290396
-9 0.0290394
-6 0.0290391
-3 0.0290382
0 0.0290352
3 0.0290258
6 0.0290022
9 0.0289946
12 0.0290086
15 0.0290149
18 0.0290233
21 0.0290319
24 0.0290356
27 0.0290337
30 0.0290372
33 0.0290393
36 0.0290396
39 0.0290397
42 0.0290397
45 0.0290397
48 0.0290397
51 0.0290398
54 0.0290399
57 0.0290399
60 0.0290396
63 0.0290392
66 0.0290382
69 0.0290377
72 0.0290388
75 0.0290383
78 0.0290337
81 0.0290254
84 0.0290314
87 0.0290377
90 0.0290391
