-90 0.0250425
-87 0.0240401
-84 0.0281255
-81 0.0288889
-78 0.0290125
-75 0.0290319
-72 0.0290344
-69 0.029034
-66 0.0290329
-63 0.0290314
-60 0.0290295
-57 0.0290275
-54 0.0290257
-51 0.0290241
-48 0.0290228
-45 0.0290222
-42 0.0290223
-39 0.0290231
-36 0.0290246
-33 0.0290263
-30 0.0290279
-27 0.0290293
-24 0.0290301
-21 0.0290303
-18 0.0290294
-15 0.0290281
-12 0.0290277
-9 0.0290285
-6 0.0290293
-3 0.029029
0 0.0290304
3 0.0290313
6 0.0290315
9 0.0290312
12 0.0290305
15 0.0290293
18 0.0290277
21 0.0290257
24 0.0290233
27 0.0290207
30 0.0290177
33 0.0290156
36 0.0290154
39 0.0290158
42 0.0290172
45 0.0290194
48 0.029022
51 0.0290247
54 0.0290272
57 0.0290294
60 0.0290312
63 0.0290321
66 0.0290293
69 0.0290082
72 0.0289
75 0.0284952
78 0.0279458
81 0.0283484
84 0.028675
87 0.0282583
90 0.0250425
