-90 0.0290284
-87 0.0290308
-84 0.0290221
-81 0.0290344
-78 0.0290385
-75 0.0290389
-72 0.029039
-69 0.0290389
-66 0.0290387
-63 0.0290388
-60 0.0290387
-57 0.0290383
-54 0.0290362
-51 0.0290256
-48 0.0289678
-45 0.028653
-42 0.0270605
-39 0.0238135
-36 0.027368
-33 0.0286952
-30 0.0289726
-27 0.0290244
-24 0.0290324
-21 0.0290325
-18 0.0290309
-15 0.0290285
-12 0.0290253
-9 0.029021
-6 0.0290154
-3 0.0290078
0 0.0289973
3 0.0289755
6 0.0289015
9 0.0289487
12 0.0289684
15 0.0289842
18 0.028997
21 0.0290069
24 0.0290146
27 0.0290205
30 0.0290249
33 0.0290281
36 0.0290296
39 0.0290257
42 0.028995
45 0.0288405
48 0.0282698
51 0.0274895
54 0.0282229
57 0.0288409
60 0.0290003
63 0.0290315
66 0.0290372
69 0.0290383
72 0.0290386
75 0.0290386
78 0.0290386
81 0.0290386
84 0.0290382
87 0.0290348
90 0.0290284
