-90 0.0289743
-87 0.0289569
-84 0.0289844
-81 0.0290178
-78 0.0290335
-75 0.0290382
-72 0.0290393
-69 0.0290394
-66 0.0290396
-63 0.0290397
-60 0.0290393
-57 0.0290389
-54 0.0290394
-51 0.0290394
-48 0.0290393
-45 0.0290393
-42 0.0290396
-39 0.0290397
-36 0.0290397
-33 0.0290391
-30 0.0290363
-27 0.0290245
-24 0.0290053
-21 0.029025
-18 0.0290333
-15 0.029037
-12 0.0290387
-9 0.0290388
-6 0.0290378
-3 0.0290365
0 0.0290379
3 0.0290387
6 0.0290386
9 0.0290388
12 0.0290394
15 0.0290395
18 0.0290392
21 0.0290383
24 0.0290339
27 0.0290154
30 0.0290094
33 0.0289942
36 0.028962
39 0.0289689
42 0.0289949
45 0.0290038
48 0.0289955
51 0.0289649
54 0.0289186
57 0.0289329
60 0.0289807
63 0.029009
66 0.029024
69 0.0290317
72 0.0290356
75 0.0290375
78 0.0290379
81 0.0290358
84 0.029029
87 0.0290098
90 0.0289743
