-90 0.0290296
-87 0.0290335
-84 0.0290345
-81 0.0290341
-78 0.0290303
-75 0.0290096
-72 0.0289093
-69 0.0284558
-66 0.0273591
-63 0.0277601
-60 0.028697
-57 0.0289688
-54 0.0290208
-51 0.0290275
-48 0.0290247
-45 0.0290199
-42 0.0290118
-39 0.0289996
-36 0.0289796
-33 0.0289426
-30 0.0289448
-27 0.0289785
-24 0.0289978
-21 0.0290102
-18 0.0290187
-15 0.0290247
-12 0.0290289
-9 0.0290319
-6 0.0290339
-3 0.0290353
0 0.029036
3 0.029037
6 0.0290375
9 0.0290371
12 0.0290363
15 0.0290368
18 0.0290367
21 0.0290369
24 0.0290375
27 0.0290382
30 0.0290387
33 0.0290391
36 0.0290393
39 0.0290393
42 0.0290388
45 0.0290327
48 0.0290324
51 0.029039
54 0.0290396
57 0.0290397
60 0.0290397
63 0.0290397
66 0.0290397
69 0.0290397
72 0.0290397
75 0.0290396
78 0.0290391
81 0.0290373
84 0.0290311
87 0.0290241
90 0.0290296
