-90 0.029027
-87 0.0290268
-84 0.0290272
-81 0.0290276
-78 0.0290277
-75 0.0290276
-72 0.0290273
-69 0.0290266
-66 0.0290261
-63 0.0290254
-60 0.0290227
-57 0.0290146
-54 0.0289901
-51 0.0289748
-48 0.0290065
-45 0.0290173
-42 0.0290135
-39 0.0289777
-36 0.0288232
-33 0.0284321
-30 0.0283157
-27 0.0287201
-24 0.0289469
-21 0.0290072
-18 0.0290193
-15 0.0290202
-12 0.0290203
-9 0.0290193
-6 0.0290159
-3 0.0290095
0 0.0290007
3 0.0289946
6 0.0289975
9 0.0290066
12 0.0290148
15 0.0290187
18 0.0290183
21 0.0290219
24 0.0290256
27 0.0290266
30 0.0290272
33 0.0290276
36 0.0290279
39 0.029028
42 0.0290268
45 0.0290184
48 0.0290125
51 0.0290263
54 0.0290283
57 0.0290241
60 0.0289868
63 0.0290008
66 0.029026
69 0.029029
72 0.0290292
75 0.0290282
78 0.0290237
81 0.0290207
84 0.0290255
87 0.0290271
90 0.029027
