-90 0.0290385
-87 0.0290397
-84 0.0290399
-81 0.0290398
-78 0.0290394
-75 0.0290386
-72 0.0290385
-69 0.0290363
-66 0.0290263
-63 0.0289988
-60 0.0289589
-57 0.0289521
-54 0.0289858
-51 0.0290192
-48 0.0290326
-45 0.0290372
-42 0.0290389
-39 0.0290394
-36 0.0290385
-33 0.0290334
-30 0.0290194
-27 0.0290211
-24 0.028966
-21 0.0290206
-18 0.029008
-15 0.0290234
-12 0.0290318
-9 0.0290188
-6 0.0290284
-3 0.0290351
0 0.0290333
3 0.0290308
6 0.0290297
9 0.0290308
12 0.0290335
15 0.0290361
18 0.0290375
21 0.0290291
24 0.0290283
27 0.029039
30 0.0290391
33 0.0290374
36 0.0290328
39 0.029025
42 0.0290168
45 0.0289832
48 0.0290118
51 0.0290288
54 0.0290118
57 0.0289233
60 0.0286373
63 0.0283488
66 0.0286237
69 0.028917
72 0.0290126
75 0.0290343
78 0.0290387
81 0.0290385
84 0.0290298
87 0.0290288
90 0.0290385
