-90 0.028901
-87 0.0290105
-84 0.0290321
-81 0.0290358
-78 0.0290362
-75 0.029036
-72 0.0290352
-69 0.0290354
-66 0.0290358
-63 0.0290355
-60 0.0290341
-57 0.0290266
-54 0.0289857
-51 0.0287792
-48 0.0280364
-45 0.02747
-42 0.0283947
-39 0.0288914
-36 0.0290064
-33 0.0290259
-30 0.0290208
-27 0.0290024
-24 0.0290089
-21 0.0290267
-18 0.0290339
-15 0.0290364
-12 0.0290372
-9 0.0290374
-6 0.029036
-3 0.0290253
0 0.0289974
3 0.0290343
6 0.029038
9 0.029038
12 0.029036
15 0.0290262
18 0.0289805
21 0.0290024
24 0.029027
27 0.0290318
30 0.0290321
33 0.0290227
36 0.0289601
39 0.0286286
42 0.0271522
45 0.025834
48 0.0280881
51 0.0288628
54 0.0290089
57 0.0290338
60 0.0290375
63 0.0290365
66 0.0290372
69 0.029037
72 0.0290305
75 0.0289955
78 0.0288256
81 0.0282502
84 0.0277945
87 0.0284729
90 0.028901
