-90 0.0218686
-87 0.0277443
-84 0.0288325
-81 0.0290067
-78 0.0290342
-75 0.0290388
-72 0.0290395
-69 0.029038
-66 0.0290345
-63 0.0290365
-60 0.0290359
-57 0.0290353
-54 0.0290391
-51 0.0290396
-48 0.029039
-45 0.0290356
-42 0.0290194
-39 0.028952
-36 0.0287633
-33 0.0285919
-30 0.0287522
-27 0.0289444
-24 0.0290135
-21 0.0290304
-18 0.0290345
-15 0.0290339
-12 0.029028
-9 0.028985
-6 0.0289589
-3 0.0290046
0 0.0289916
3 0.0289643
6 0.0289555
9 0.0289864
12 0.0290059
15 0.029018
18 0.0290249
21 0.029027
24 0.0290208
27 0.0289438
30 0.0289469
33 0.0290235
36 0.029033
39 0.0290365
42 0.0290383
45 0.0290392
48 0.0290395
51 0.0290396
54 0.0290388
57 0.029036
60 0.0290344
63 0.029038
66 0.029037
69 0.0290363
72 0.0290386
75 0.0290371
78 0.0290261
81 0.0289559
84 0.0285139
87 0.0258168
90 0.0218686
