-90 0.0289944
-87 0.0289862
-84 0.028993
-81 0.0290146
-78 0.0290305
-75 0.0290371
-72 0.0290382
-69 0.0290308
-66 0.0290066
-63 0.0290257
-60 0.0290204
-57 0.0290154
-54 0.0290212
-51 0.0290309
-48 0.0290367
-45 0.0290389
-42 0.0290394
-39 0.0290395
-36 0.0290391
-33 0.0290385
-30 0.0290382
-27 0.0290383
-24 0.0290385
-21 0.0290359
-18 0.029034
-15 0.0290377
-12 0.0290391
-9 0.0290397
-6 0.0290398
-3 0.0290398
0 0.0290394
3 0.0290387
6 0.0290378
9 0.0290353
12 0.0290287
15 0.0290131
18 0.0289859
21 0.0289939
24 0.0290193
27 0.0290313
30 0.0290357
33 0.0290243
36 0.0290184
39 0.0290385
42 0.0290394
45 0.0290397
48 0.0290398
51 0.0290399
54 0.0290399
57 0.0290398
60 0.0290396
63 0.0290391
66 0.0290378
69 0.0290352
72 0.0290325
75 0.0290324
78 0.0290343
81 0.0290339
84 0.0290286
87 0.0290113
90 0.0289944
