-90 0.0289946
-87 0.0289958
-84 0.0289975
-81 0.0289996
-78 0.0290017
-75 0.0290033
-72 0.0290035
-69 0.0290056
-66 0.029007
-63 0.0290074
-60 0.029006
-57 0.029003
-54 0.0290002
-51 0.0290007
-48 0.0290036
-45 0.029006
-42 0.029007
-39 0.0290074
-36 0.0290076
-33 0.0290075
-30 0.0290072
-27 0.0290066
-24 0.029006
-21 0.0290052
-18 0.0290043
-15 0.0290023
-12 0.0289876
-9 0.0288837
-6 0.0289815
-3 0.0289818
0 0.0289802
3 0.0289888
6 0.028993
9 0.028992
12 0.0289901
15 0.0289881
18 0.0289859
21 0.0289835
24 0.0289808
27 0.0289772
30 0.0289729
33 0.0289687
36 0.0289664
39 0.028966
42 0.028966
45 0.0289659
48 0.0289662
51 0.0289675
54 0.0289697
57 0.0289723
60 0.0289727
63 0.0289761
66 0.0289827
69 0.0289864
72 0.0289889
75 0.0289908
78 0.0289922
81 0.028993
84 0.0289935
87 0.028994
90 0.0289946
