-90 0.0290336
-87 0.0290326
-84 0.0290332
-81 0.0290339
-78 0.0290352
-75 0.0290354
-72 0.0290357
-69 0.0290358
-66 0.0290356
-63 0.0290345
-60 0.0290141
-57 0.0290226
-54 0.0290349
-51 0.0290356
-48 0.0290357
-45 0.0290357
-42 0.029035
-39 0.0290304
-36 0.0290233
-33 0.0290261
-30 0.0290281
-27 0.0290316
-24 0.029035
-21 0.0290371
-18 0.029038
-15 0.0290382
-12 0.0290385
-9 0.0290386
-6 0.0290387
-3 0.0290381
0 0.0290346
3 0.0290046
6 0.0290278
9 0.0290385
12 0.0290391
15 0.0290391
18 0.0290392
21 0.0290393
24 0.0290391
27 0.0290389
30 0.029038
33 0.0290362
36 0.029034
39 0.0290331
42 0.0290341
45 0.0290337
48 0.0290198
51 0.0289279
54 0.0283964
57 0.0260835
60 0.0259169
63 0.0283294
66 0.0289066
69 0.029016
72 0.0290349
75 0.0290378
78 0.0290381
81 0.0290378
84 0.0290369
87 0.0290354
90 0.0290336
