-90 0.029036
-87 0.0290234
-84 0.0289559
-81 0.0286543
-78 0.0279133
-75 0.0279785
-72 0.02869
-69 0.028952
-66 0.0290153
-63 0.0290304
-60 0.0290346
-57 0.029037
-54 0.0290387
-51 0.0290394
-48 0.0290396
-45 0.0290397
-42 0.0290397
-39 0.0290397
-36 0.0290395
-33 0.0290395
-30 0.0290387
-27 0.0290353
-24 0.0290259
-21 0.029009
-18 0.0289979
-15 0.0290055
-12 0.0290224
-9 0.0290335
-6 0.0290373
-3 0.0290389
0 0.0290396
3 0.0290399
6 0.0290399
9 0.02904
12 0.0290396
15 0.0290327
18 0.0290183
21 0.0290386
24 0.0290399
27 0.0290399
30 0.0290398
33 0.0290394
36 0.0290385
39 0.0290368
42 0.0290343
45 0.029031
48 0.0290286
51 0.0290311
54 0.0290348
57 0.029033
60 0.0290268
63 0.0290329
66 0.0290381
69 0.0290394
72 0.0290394
75 0.0290388
78 0.0290292
81 0.0289828
84 0.0290356
87 0.0290381
90 0.029036
