-90 0.0290156
-87 0.0290229
-84 0.0290283
-81 0.029032
-78 0.0290344
-75 0.0290358
-72 0.0290367
-69 0.029037
-66 0.0290368
-63 0.0290357
-60 0.029033
-57 0.0290284
-54 0.0290195
-51 0.0290083
-48 0.0290063
-45 0.0290166
-42 0.0290265
-39 0.0290323
-36 0.0290351
-33 0.029036
-30 0.0290359
-27 0.0290354
-24 0.0290344
-21 0.0290324
-18 0.0290284
-15 0.029021
-12 0.0290075
-9 0.0289841
-6 0.0289481
-3 0.0289613
0 0.0289861
3 0.0289954
6 0.0289896
9 0.028974
12 0.0289801
15 0.029001
18 0.0290076
21 0.0289869
24 0.0289067
27 0.0287752
30 0.0287727
33 0.0288952
36 0.0289645
39 0.0289774
42 0.0289714
45 0.028957
48 0.0289292
51 0.0288996
54 0.0289132
57 0.02896
60 0.0289924
63 0.0290047
66 0.0290065
69 0.0290036
72 0.0290008
75 0.0290008
78 0.0290013
81 0.0290007
84 0.0290018
87 0.0290076
90 0.0290156
