-90 0.0290287
-87 0.0290159
-84 0.0290133
-81 0.0290183
-78 0.0290152
-75 0.0290118
-72 0.0290099
-69 0.0290103
-66 0.0290127
-63 0.0290164
-60 0.0290203
-57 0.0290237
-54 0.0290251
-51 0.0290185
-48 0.0289758
-45 0.0287882
-42 0.0282949
-39 0.0279312
-36 0.0285115
-33 0.0288514
-30 0.028982
-27 0.0290265
-24 0.0290361
-21 0.0290383
-18 0.0290388
-15 0.029039
-12 0.0290391
-9 0.0290392
-6 0.0290392
-3 0.0290392
0 0.0290392
3 0.0290391
6 0.029039
9 0.0290391
12 0.0290393
15 0.0290393
18 0.0290393
21 0.0290392
24 0.0290385
27 0.0290346
30 0.029037
33 0.0290387
36 0.0290384
39 0.0290385
42 0.0290382
45 0.0290374
48 0.0290362
51 0.0290358
54 0.0290366
57 0.0290375
60 0.029038
63 0.0290378
66 0.029038
69 0.0290378
72 0.0290376
75 0.0290371
78 0.0290364
81 0.0290354
84 0.0290341
87 0.0290323
90 0.0290287
