-90 0.0289466
-87 0.0290076
-84 0.0289999
-81 0.0289543
-78 0.0287847
-75 0.0288027
-72 0.0289561
-69 0.0289999
-66 0.0290056
-63 0.0289331
-60 0.0284305
-57 0.0253838
-54 0.0227253
-51 0.0279052
-48 0.028795
-45 0.0289001
-42 0.0288427
-39 0.0287268
-36 0.028809
-33 0.0289539
-30 0.0290169
-27 0.0290331
-24 0.0290351
-21 0.0290324
-18 0.0290281
-15 0.0290234
-12 0.0290133
-9 0.0289893
-6 0.0289436
-3 0.0289579
0 0.0289053
3 0.0287793
6 0.0287682
9 0.0288954
12 0.0289394
15 0.0289443
18 0.0289025
21 0.0288095
24 0.028839
27 0.0289332
30 0.0289602
33 0.0289486
36 0.0289954
39 0.029017
42 0.0290264
45 0.0290311
48 0.0290344
51 0.0290361
54 0.029034
57 0.0290207
60 0.0289766
63 0.0288962
66 0.0288677
69 0.0289234
72 0.0289115
75 0.0287718
78 0.0276627
81 0.0209326
84 0.025753
87 0.0285113
90 0.0289466
