-90 0.0279663
-87 0.0277884
-84 0.0285971
-81 0.0289428
-78 0.0290215
-75 0.0290365
-72 0.0290391
-69 0.0290396
-66 0.0290394
-63 0.0290384
-60 0.0290393
-57 0.0290393
-54 0.0290389
-51 0.0290366
-48 0.0290213
-45 0.0289346
-42 0.0285079
-39 0.0272785
-36 0.0274735
-33 0.0286131
-30 0.028957
-27 0.0290232
-24 0.0290295
-21 0.029012
-18 0.0289636
-15 0.0290117
-12 0.0290318
-9 0.0290376
-6 0.0290392
-3 0.0290386
0 0.0290298
3 0.0290251
6 0.0290032
9 0.0290193
12 0.0290383
15 0.0290395
18 0.0290388
21 0.0290353
24 0.0290196
27 0.0289714
30 0.0290199
33 0.0290356
36 0.0290385
39 0.0290363
42 0.0290199
45 0.0289289
48 0.028498
51 0.0273926
54 0.027694
57 0.0286739
60 0.0289682
63 0.0290249
66 0.0290346
69 0.0290383
72 0.0290384
75 0.0290391
78 0.0290377
81 0.0290277
84 0.0289736
87 0.0287181
90 0.0279663
