-90 0.0290348
-87 0.0290366
-84 0.0290377
-81 0.0290384
-78 0.0290389
-75 0.0290391
-72 0.0290393
-69 0.0290393
-66 0.0290391
-63 0.0290384
-60 0.0290353
-57 0.0290245
-54 0.0289953
-51 0.0289544
-48 0.0289508
-45 0.0289884
-42 0.029016
-39 0.0290208
-36 0.0290096
-33 0.028987
-30 0.0289862
-27 0.0290099
-24 0.0290249
-21 0.0290323
-18 0.0290355
-15 0.0290362
-12 0.0290358
-9 0.0290362
-6 0.029036
-3 0.0290269
0 0.0290096
3 0.0289657
6 0.0286825
9 0.0277892
12 0.0275744
15 0.0285501
18 0.0289355
21 0.0290157
24 0.0290328
27 0.0290309
30 0.0290209
33 0.0290365
36 0.0290313
39 0.0290047
42 0.0289045
45 0.0286739
48 0.028582
51 0.0288049
54 0.0289612
57 0.0290027
60 0.0289968
63 0.0289393
66 0.028722
69 0.028288
72 0.0283346
75 0.0287659
78 0.0289593
81 0.0290119
84 0.0290264
87 0.0290319
90 0.0290348
