-90 0.0282867
-87 0.0284185
-84 0.0288307
-81 0.0289917
-78 0.0290298
-75 0.0290375
-72 0.0290391
-69 0.0290393
-66 0.0290389
-63 0.0290382
-60 0.0290393
-57 0.0290396
-54 0.0290389
-51 0.0290352
-48 0.029022
-45 0.0290195
-42 0.0290327
-39 0.0290333
-36 0.0290223
-33 0.0290021
-30 0.0290118
-27 0.0290272
-24 0.029035
-21 0.0290383
-18 0.0290395
-15 0.0290397
-12 0.0290372
-9 0.029016
-6 0.0290334
-3 0.0290376
0 0.0290374
3 0.0290392
6 0.0290398
9 0.0290396
12 0.0290383
15 0.0290314
18 0.0289987
21 0.0288512
24 0.0284298
27 0.028203
30 0.0286554
33 0.0289423
36 0.0290195
39 0.0290354
42 0.0290384
45 0.0290388
48 0.0290387
51 0.0290383
54 0.0290372
57 0.0290195
60 0.0290122
63 0.0290348
66 0.0290349
69 0.0290341
72 0.0290334
75 0.0290327
78 0.0290304
81 0.029018
84 0.0289553
87 0.0287158
90 0.0282867
