-90 0.0290387
-87 0.0290376
-84 0.0290344
-81 0.0290273
-78 0.0290182
-75 0.0290156
-72 0.0290163
-69 0.0289768
-66 0.0289996
-63 0.0289868
-60 0.0289972
-57 0.0290189
-54 0.0290321
-51 0.0290368
-48 0.0290381
-45 0.0290383
-42 0.029038
-39 0.0290375
-36 0.0290367
-33 0.0290342
-30 0.0290276
-27 0.0290107
-24 0.0289679
-21 0.028983
-18 0.0290151
-15 0.0290217
-12 0.0289874
-9 0.0287486
-6 0.0273272
-3 0.0224473
0 0.0269591
3 0.0286861
6 0.02898
9 0.0290284
12 0.0290369
15 0.0290386
18 0.0290392
21 0.0290395
24 0.0290396
27 0.0290395
30 0.0290391
33 0.029039
36 0.0290393
39 0.0290393
42 0.0290386
45 0.0290361
48 0.0290277
51 0.0290026
54 0.0289558
57 0.0289314
60 0.0289681
63 0.029012
66 0.029032
69 0.0290379
72 0.0290393
75 0.0290393
78 0.0290341
81 0.0290226
84 0.0290382
87 0.029039
90 0.0290387
