-90 0.0290004
-87 0.0290016
-84 0.0290017
-81 0.0290011
-78 0.0289992
-75 0.0289962
-72 0.0289921
-69 0.0289872
-66 0.0289819
-63 0.0289769
-60 0.0289727
-57 0.0289693
-54 0.0289644
-51 0.0289509
-48 0.028915
-45 0.0288597
-42 0.0288475
-39 0.028891
-36 0.02892
-33 0.0289309
-30 0.0289509
-27 0.0289727
-24 0.0289839
-21 0.0289866
-18 0.0289849
-15 0.0289804
-12 0.0289733
-9 0.0289639
-6 0.0289505
-3 0.0289323
0 0.0289081
3 0.0288868
6 0.028899
9 0.028912
12 0.0289204
15 0.0289245
18 0.0289247
21 0.0289266
24 0.0289335
27 0.0289408
30 0.0289465
33 0.0289505
36 0.0289525
39 0.0289524
42 0.0289502
45 0.028946
48 0.0289407
51 0.0289355
54 0.0289328
57 0.0289335
60 0.0289371
63 0.0289426
66 0.0289497
69 0.028958
72 0.0289671
75 0.028976
78 0.0289835
81 0.0289897
84 0.0289945
87 0.0289981
90 0.0290004
