-90 0.0289554
-87 0.0289683
-84 0.0289741
-81 0.028977
-78 0.0289783
-75 0.0289777
-72 0.0289762
-69 0.028975
-66 0.0289749
-63 0.0289761
-60 0.0289787
-57 0.0289824
-54 0.0289867
-51 0.028991
-48 0.0289952
-45 0.0289991
-42 0.0290027
-39 0.0290058
-36 0.0290082
-33 0.0290092
-30 0.0290071
-27 0.0290038
-24 0.0290088
-21 0.0290151
-18 0.0290188
-15 0.0290211
-12 0.0290225
-9 0.0290234
-6 0.029024
-3 0.0290241
0 0.0290214
3 0.0290027
6 0.0289843
9 0.0289835
12 0.0290156
15 0.0290215
18 0.0290197
21 0.0290135
24 0.0289955
27 0.0289522
30 0.0288991
33 0.028903
36 0.0289512
39 0.0289804
42 0.0289861
45 0.0289823
48 0.0289761
51 0.0289704
54 0.0289662
57 0.0289633
60 0.0289603
63 0.0289556
66 0.0289478
69 0.0289367
72 0.0289257
75 0.0289299
78 0.0289449
81 0.0289578
84 0.0289665
87 0.0289702
90 0.0289554
