-90 0.0290322
-87 0.0290247
-84 0.0290133
-81 0.0290074
-78 0.0290136
-75 0.0290238
-72 0.02903
-69 0.0290329
-66 0.0290343
-63 0.0290354
-60 0.0290362
-57 0.0290357
-54 0.0290358
-51 0.0290379
-48 0.0290386
-45 0.0290383
-42 0.0290347
-39 0.0290144
-36 0.0289118
-33 0.0285154
-30 0.027916
-27 0.028321
-24 0.028835
-21 0.0289638
-18 0.0289788
-15 0.0290274
-12 0.0290374
-9 0.0290394
-6 0.0290396
-3 0.0290383
0 0.0290353
3 0.0290375
6 0.0290302
9 0.028977
12 0.029032
15 0.0290319
18 0.0290374
21 0.0290394
24 0.0290394
27 0.0290395
30 0.0290391
33 0.0290367
36 0.0290271
39 0.0289945
42 0.0290046
45 0.0290301
48 0.0290355
51 0.0290308
54 0.0290116
57 0.0289745
60 0.0289525
63 0.0289786
66 0.0290145
69 0.0290321
72 0.0290374
75 0.0290379
78 0.029023
81 0.0290288
84 0.029037
87 0.0290355
90 0.0290322
