-90 0.0290234
-87 0.0290225
-84 0.0290196
-81 0.0289885
-78 0.0290011
-75 0.0290178
-72 0.0290184
-69 0.0290187
-66 0.0290192
-63 0.0290182
-60 0.0290076
-57 0.0289388
-54 0.0285244
-51 0.0263051
-48 0.0241107
-45 0.0279071
-42 0.028835
-39 0.0289933
-36 0.0290195
-33 0.029024
-30 0.0290248
-27 0.029025
-24 0.0290251
-21 0.0290251
-18 0.0290251
-15 0.0290252
-12 0.0290252
-9 0.0290252
-6 0.029025
-3 0.0290243
0 0.029023
3 0.0290178
6 0.0290058
9 0.0289901
12 0.0289917
15 0.0290074
18 0.0290184
21 0.0290225
24 0.0290227
27 0.029023
30 0.0290246
33 0.0290256
36 0.0290258
39 0.0290254
42 0.0290255
45 0.0290259
48 0.0290254
51 0.0290232
54 0.0290148
57 0.0289953
60 0.028971
63 0.0287963
66 0.0278528
69 0.0256831
72 0.027469
75 0.028708
78 0.0289669
81 0.0290138
84 0.0290225
87 0.0290238
90 0.0290234
