-90 0.0289092
-87 0.0289853
-84 0.0290155
-81 0.0290244
-78 0.0290278
-75 0.0290303
-72 0.0290323
-69 0.0290339
-66 0.029035
-63 0.0290358
-60 0.029037
-57 0.0290375
-54 0.0290378
-51 0.0290381
-48 0.0290382
-45 0.0290383
-42 0.029038
-39 0.0290339
-36 0.0290345
-33 0.0290238
-30 0.0290117
-27 0.0290372
-24 0.0290385
-21 0.0290385
-18 0.0290385
-15 0.0290384
-12 0.0290383
-9 0.029037
-6 0.0290246
-3 0.0290253
0 0.0290366
3 0.0290365
6 0.0290354
9 0.0290369
12 0.0290375
15 0.029037
18 0.0290373
21 0.029037
24 0.0290366
27 0.0290358
30 0.029034
33 0.0290316
36 0.0290287
39 0.0290229
42 0.0290147
45 0.0290128
48 0.0290203
51 0.0290287
54 0.0290329
57 0.029034
60 0.0290316
63 0.0289992
66 0.0290134
69 0.0290305
72 0.0290306
75 0.0290271
78 0.0290138
81 0.0289698
84 0.0288799
87 0.0288343
90 0.0289092
