-90 0.0290339
-87 0.0290366
-84 0.0290361
-81 0.0290342
-78 0.029031
-75 0.0290269
-72 0.0290236
-69 0.0290234
-66 0.0290261
-63 0.0290278
-60 0.0290166
-57 0.0289317
-54 0.028433
-51 0.0262392
-48 0.0258771
-45 0.0283061
-42 0.0288911
-39 0.0289628
-36 0.0290064
-33 0.0290298
-30 0.0290367
-27 0.0290386
-24 0.0290392
-21 0.0290394
-18 0.0290394
-15 0.0290394
-12 0.029039
-9 0.0290391
-6 0.0290393
-3 0.0290392
0 0.0290379
3 0.0290338
6 0.0290251
9 0.0290153
12 0.0290151
15 0.0290246
18 0.0290324
21 0.0290314
24 0.029013
27 0.0289593
30 0.0288896
33 0.0288988
36 0.0289562
39 0.0289727
42 0.0290229
45 0.0290353
48 0.0290326
51 0.0290362
54 0.029038
57 0.0290355
60 0.0290285
63 0.0290155
66 0.0289942
69 0.0289606
72 0.028949
75 0.0289823
78 0.0290141
81 0.0290267
84 0.0290289
87 0.0290227
90 0.0290339
