-90 0.0290112
-87 0.0290032
-84 0.0289965
-81 0.0289964
-78 0.0290032
-75 0.0290119
-72 0.0290195
-69 0.0290255
-66 0.0290294
-63 0.0290299
-60 0.0290163
-57 0.0289216
-54 0.0283421
-51 0.0253385
-48 0.0248178
-45 0.0282019
-42 0.0288423
-39 0.028981
-36 0.0290279
-33 0.0290372
-30 0.0290391
-27 0.0290396
-24 0.0290396
-21 0.0290394
-18 0.0290359
-15 0.0290311
-12 0.0290376
-9 0.0290366
-6 0.0290353
-3 0.0290346
0 0.0290374
3 0.0290395
6 0.0290398
9 0.0290399
12 0.0290398
15 0.0290396
18 0.0290388
21 0.0290373
24 0.0290359
27 0.0290364
30 0.0290379
33 0.0290385
36 0.029038
39 0.0290373
42 0.0290373
45 0.029038
48 0.0290388
51 0.0290391
54 0.0290385
57 0.0290376
60 0.0290138
63 0.0290282
66 0.0290378
69 0.0290373
72 0.0290358
75 0.0290332
78 0.0290295
81 0.0290252
84 0.0290214
87 0.0290173
90 0.0290112
