-90 0.028973
-87 0.0289687
-84 0.0289713
-81 0.0289734
-78 0.0289742
-75 0.0289747
-72 0.0289753
-69 0.0289757
-66 0.0289757
-63 0.0289744
-60 0.0289722
-57 0.028971
-54 0.0289723
-51 0.0289754
-48 0.0289788
-45 0.0289809
-42 0.0289794
-39 0.0289645
-36 0.0288776
-33 0.0284672
-30 0.0274308
-27 0.0276894
-24 0.0286262
-21 0.028918
-18 0.0289775
-15 0.0289889
-12 0.0289915
-9 0.0289925
-6 0.0289932
-3 0.0289937
0 0.028994
3 0.0289943
6 0.0289944
9 0.0289945
12 0.0289942
15 0.0289936
18 0.0289927
21 0.0289926
24 0.0289927
27 0.0289926
30 0.0289921
33 0.0289916
36 0.0289909
39 0.0289902
42 0.0289894
45 0.0289884
48 0.0289865
51 0.0289819
54 0.0289804
57 0.0289824
60 0.0289818
63 0.0289788
66 0.0289734
69 0.0289672
72 0.0289651
75 0.0289685
78 0.0289725
81 0.0289743
84 0.0289746
87 0.0289742
90 0.028973
