-90 0.0290179
-87 0.0290348
-84 0.0290383
-81 0.0290387
-78 0.0290376
-75 0.0290371
-72 0.0290387
-69 0.0290389
-66 0.0290385
-63 0.0290385
-60 0.0290384
-57 0.0290383
-54 0.0290381
-51 0.0290377
-48 0.0290371
-45 0.0290362
-42 0.0290351
-39 0.0290334
-36 0.0290294
-33 0.0290174
-30 0.0289926
-27 0.0289712
-24 0.0289788
-21 0.0290038
-18 0.0290189
-15 0.0290222
-12 0.0290194
-9 0.0290119
-6 0.0289976
-3 0.0289725
0 0.0289492
3 0.0289648
6 0.0289911
9 0.0290092
12 0.0290195
15 0.0290252
18 0.0290284
21 0.0290257
24 0.0290202
27 0.0290303
30 0.0289998
33 0.0290268
36 0.0290363
39 0.0290374
42 0.0290379
45 0.0290382
48 0.0290384
51 0.0290385
54 0.0290385
57 0.0290384
60 0.0290386
63 0.0290389
66 0.029039
69 0.0290391
72 0.029039
75 0.029039
78 0.0290387
81 0.0290369
84 0.0290278
87 0.0289968
90 0.0290179
