-90 0.0289893
-87 0.0289785
-84 0.0289628
-81 0.0289436
-78 0.0289348
-75 0.0289476
-72 0.0289684
-69 0.0289852
-66 0.0289963
-63 0.029004
-60 0.0290097
-57 0.0290142
-54 0.0290178
-51 0.0290209
-48 0.0290234
-45 0.0290255
-42 0.0290273
-39 0.0290289
-36 0.02903
-33 0.0290309
-30 0.0290319
-27 0.0290329
-24 0.0290332
-21 0.029032
-18 0.0290297
-15 0.0290321
-12 0.0290346
-9 0.0290349
-6 0.029032
-3 0.0290122
0 0.0288886
3 0.0281389
6 0.0243325
9 0.0242262
12 0.0245893
15 0.026861
18 0.02861
21 0.0289636
24 0.029024
27 0.0290339
30 0.0290351
33 0.0290332
36 0.0290204
39 0.0289991
42 0.0290271
45 0.0290327
48 0.0290328
51 0.0290321
54 0.0290312
57 0.02903
60 0.0290283
63 0.0290254
66 0.0290245
69 0.029023
72 0.0290204
75 0.0290172
78 0.0290135
81 0.029009
84 0.0290038
87 0.0289974
90 0.0289893
