-90 0.0289896
-87 0.0289912
-84 0.0289923
-81 0.0289933
-78 0.028994
-75 0.0289946
-72 0.0289951
-69 0.0289955
-66 0.0289958
-63 0.028996
-60 0.0289939
-57 0.0289371
-54 0.0289708
-51 0.0289811
-48 0.0289961
-45 0.0289969
-42 0.0289969
-39 0.028997
-36 0.028997
-33 0.0289969
-30 0.0289968
-27 0.0289957
-24 0.0289867
-21 0.0289728
-18 0.0289823
-15 0.02899
-12 0.028995
-9 0.0289952
-6 0.0289947
-3 0.028994
0 0.0289931
3 0.0289919
6 0.0289905
9 0.0289886
12 0.0289862
15 0.0289831
18 0.0289794
21 0.0289748
24 0.028969
27 0.0289618
30 0.028953
33 0.0289425
36 0.0289304
39 0.0289174
42 0.0289056
45 0.0288976
48 0.0288949
51 0.0288975
54 0.0289051
57 0.0289105
60 0.0288826
63 0.0286626
66 0.0275724
69 0.0258604
72 0.0277163
75 0.0286822
78 0.02891
81 0.0289664
84 0.028982
87 0.0289872
90 0.0289896
