-90 0.0290209
-87 0.0290085
-84 0.0289941
-81 0.0288696
-78 0.0284809
-75 0.0281723
-72 0.0285679
-69 0.0288836
-66 0.0289915
-63 0.0290195
-60 0.0290216
-57 0.0290189
-54 0.0290146
-51 0.0290086
-48 0.0290006
-45 0.0289941
-42 0.0289959
-39 0.0290055
-36 0.0290146
-33 0.0290201
-30 0.029023
-27 0.0290246
-24 0.0290256
-21 0.0290262
-18 0.0290267
-15 0.0290272
-12 0.0290276
-9 0.0290278
-6 0.0290268
-3 0.0290278
0 0.029029
3 0.0290295
6 0.0290298
9 0.0290301
12 0.0290303
15 0.0290303
18 0.02903
21 0.0290292
24 0.0290276
27 0.0290251
30 0.0290232
33 0.0290228
36 0.0290244
39 0.0290265
42 0.0290277
45 0.029028
48 0.0290285
51 0.0290299
54 0.0290314
57 0.0290323
60 0.0290325
63 0.0290326
66 0.0290327
69 0.0290329
72 0.0290331
75 0.0290332
78 0.0290325
81 0.0290254
84 0.0289607
87 0.0290179
90 0.0290209
