-90 0.0290038
-87 0.0290332
-84 0.0290382
-81 0.0290389
-78 0.0290374
-75 0.0290161
-72 0.029034
-69 0.0290381
-66 0.0290378
-63 0.029036
-60 0.0290267
-57 0.0289816
-54 0.0288103
-51 0.0284763
-48 0.0284834
-45 0.0287687
-42 0.0289263
-39 0.0289848
-36 0.0290099
-33 0.0290269
-30 0.0290353
-27 0.0290382
-24 0.029039
-21 0.0290392
-18 0.0290376
-15 0.0290159
-12 0.0290312
-9 0.0290392
-6 0.0290397
-3 0.0290395
0 0.0290376
3 0.0290247
6 0.0289589
9 0.0290241
12 0.029027
15 0.0289977
18 0.0289218
21 0.02885
24 0.0288963
27 0.0289827
30 0.0290242
33 0.0290361
36 0.0290388
39 0.0290396
42 0.0290398
45 0.0290399
48 0.0290399
51 0.0290398
54 0.0290398
57 0.0290396
60 0.0290389
63 0.029037
66 0.0290349
69 0.0290296
72 0.0289908
75 0.0287703
78 0.0278027
81 0.0265944
84 0.0280675
87 0.0288395
90 0.0290038
