-90 0.0288792
-87 0.0285987
-84 0.0284791
-81 0.0287644
-78 0.028961
-75 0.02902
-72 0.0290339
-69 0.0290373
-66 0.0290379
-63 0.0290266
-60 0.0290282
-57 0.0290389
-54 0.0290393
-51 0.029038
-48 0.0290319
-45 0.0290093
-42 0.0289517
-39 0.02889
-36 0.0289153
-33 0.0289854
-30 0.0290239
-27 0.029036
-24 0.0290385
-21 0.0290396
-18 0.0290398
-15 0.0290399
-12 0.02904
-9 0.0290399
-6 0.0290397
-3 0.0290386
0 0.0290378
3 0.0290388
6 0.029037
9 0.0290386
12 0.0290398
15 0.0290398
18 0.0290398
21 0.0290398
24 0.029039
27 0.0290351
30 0.0290246
33 0.0290277
36 0.0290336
39 0.029029
42 0.0290024
45 0.0290286
48 0.0290373
51 0.0290373
54 0.0290385
57 0.0290393
60 0.029039
63 0.0290384
66 0.0290383
69 0.0290375
72 0.029037
75 0.0290357
78 0.0290338
81 0.0290308
84 0.0290232
87 0.0289937
90 0.0288792
