-90 0.0290342
-87 0.0290271
-84 0.0290067
-81 0.0289779
-78 0.0289733
-75 0.029
-72 0.0290237
-69 0.0290329
-66 0.0290339
-63 0.0290322
-60 0.029032
-57 0.0290341
-54 0.0290363
-51 0.0290375
-48 0.0290381
-45 0.0290382
-42 0.029038
-39 0.0290359
-36 0.0290099
-33 0.0290126
-30 0.0290302
-27 0.029036
-24 0.0290365
-21 0.0290351
-18 0.0290265
-15 0.0289989
-12 0.0290053
-9 0.029032
-6 0.029033
-3 0.0290311
0 0.0290248
3 0.0290046
6 0.0289567
9 0.0289061
12 0.0289251
15 0.0289823
18 0.0290139
21 0.0290239
24 0.0290264
27 0.0290271
30 0.0290277
33 0.0290284
36 0.0290294
39 0.0290303
42 0.0290311
45 0.0290321
48 0.0290333
51 0.0290341
54 0.0290348
57 0.0290354
60 0.0290356
63 0.0290353
66 0.0290348
69 0.0290335
72 0.0290317
75 0.0290304
78 0.0290308
81 0.0290327
84 0.0290348
87 0.0290355
90 0.0290342
