-90 0.0290395
-87 0.0290393
-84 0.0290385
-81 0.0290314
-78 0.0290179
-75 0.0290367
-72 0.0290389
-69 0.0290389
-66 0.0290387
-63 0.0290385
-60 0.0290382
-57 0.029038
-54 0.0290375
-51 0.0290358
-48 0.0290274
-45 0.0289847
-42 0.0287991
-39 0.0283078
-36 0.0281134
-33 0.0284463
-30 0.0287021
-27 0.0288512
-24 0.0289695
-21 0.0290181
-18 0.0290309
-15 0.0290334
-12 0.0290338
-9 0.0290339
-6 0.0290342
-3 0.0290348
0 0.0290355
3 0.0290361
6 0.0290358
9 0.0290352
12 0.0290296
15 0.0289476
18 0.0290322
21 0.0290386
24 0.0290392
27 0.0290393
30 0.0290395
33 0.0290396
36 0.0290396
39 0.0290396
42 0.0290387
45 0.0290335
48 0.0290112
51 0.029007
54 0.0289712
57 0.0288721
60 0.0288213
63 0.0289091
66 0.0289956
69 0.0290288
72 0.0290375
75 0.0290393
78 0.0290396
81 0.0290397
84 0.0290396
87 0.0290396
90 0.0290395
