-90 0.0289621
-87 0.0290163
-84 0.0290334
-81 0.0290375
-78 0.0290379
-75 0.0290365
-72 0.0290242
-69 0.0289559
-66 0.0286966
-63 0.0278329
-60 0.0275032
-57 0.0285032
-54 0.028921
-51 0.0290069
-48 0.0290339
-45 0.0290387
-42 0.0290394
-39 0.0290394
-36 0.0290309
-33 0.029014
-30 0.0290382
-27 0.0290394
-24 0.0290391
-21 0.0290371
-18 0.0290255
-15 0.0289571
-12 0.0285616
-9 0.0266847
-6 0.0254287
-3 0.0281171
0 0.0288722
3 0.0290031
6 0.0290134
9 0.0290025
12 0.029003
15 0.0290207
18 0.0290325
21 0.0290367
24 0.0290375
27 0.029037
30 0.0290367
33 0.0290371
36 0.0290375
39 0.029038
42 0.0290388
45 0.0290389
48 0.0290377
51 0.0290263
54 0.0290228
57 0.0290313
60 0.0290129
63 0.0289926
66 0.0290328
69 0.0290366
72 0.0290313
75 0.0290039
78 0.0288942
81 0.0286241
84 0.0285029
87 0.0287735
90 0.0289621
