-90 0.0289652
-87 0.0289299
-84 0.0289316
-81 0.0289795
-78 0.0290156
-75 0.0290292
-72 0.0290329
-69 0.0290337
-66 0.0290339
-63 0.029034
-60 0.029034
-57 0.029034
-54 0.0290338
-51 0.0290337
-48 0.029033
-45 0.0290093
-42 0.0290094
-39 0.029009
-36 0.0290349
-33 0.0290366
-30 0.0290369
-27 0.029037
-24 0.0290366
-21 0.029034
-18 0.0290215
-15 0.0290262
-12 0.0290287
-9 0.029022
-6 0.029021
-3 0.0290243
0 0.0290279
3 0.0290299
6 0.0290312
9 0.0290316
12 0.0290312
15 0.0290302
18 0.0290286
21 0.0290263
24 0.0290232
27 0.029019
30 0.0290134
33 0.0290056
36 0.0289949
39 0.0289803
42 0.0289617
45 0.0289419
48 0.0289294
51 0.0289319
54 0.0289453
57 0.0289614
60 0.028974
63 0.0289719
66 0.0289063
69 0.0286032
72 0.0279929
75 0.0281929
78 0.0287545
81 0.0289385
84 0.0289711
87 0.0289722
90 0.0289652
