-90 0.0289083
-87 0.0288726
-84 0.028938
-81 0.0290039
-78 0.0290291
-75 0.0290312
-72 0.0290168
-69 0.0289857
-66 0.0289642
-63 0.0289832
-60 0.0290151
-57 0.0290321
-54 0.0290378
-51 0.0290393
-48 0.0290393
-45 0.029039
-42 0.0290385
-39 0.0290382
-36 0.0290382
-33 0.0290386
-30 0.0290389
-27 0.0290385
-24 0.0290365
-21 0.0290304
-18 0.0290174
-15 0.0289953
-12 0.0288931
-9 0.0284658
-6 0.0278234
-3 0.0282919
0 0.0288281
3 0.028953
6 0.0290141
9 0.0290126
12 0.0289989
15 0.0289971
18 0.0290115
21 0.0290239
24 0.0290308
27 0.0290354
30 0.0290376
33 0.0290387
36 0.0290389
39 0.0290366
42 0.0290229
45 0.029
48 0.0288902
51 0.0285164
54 0.0281786
57 0.0285776
60 0.0289157
63 0.0290143
66 0.0290351
69 0.029039
72 0.0290397
75 0.0290398
78 0.0290392
81 0.0290363
84 0.0290244
87 0.0289852
90 0.0289083
