-90 0.0290185
-87 0.0290207
-84 0.029023
-81 0.0290251
-78 0.0290267
-75 0.029028
-72 0.0290291
-69 0.0290299
-66 0.0290302
-63 0.0290297
-60 0.0290278
-57 0.0290235
-54 0.0290121
-51 0.0290143
-48 0.0290156
-45 0.0289962
-42 0.0289722
-39 0.0289761
-36 0.0290028
-33 0.0290224
-30 0.0290301
-27 0.029032
-24 0.0290305
-21 0.0290243
-18 0.0290299
-15 0.0290316
-12 0.0290312
-9 0.0290307
-6 0.02903
-3 0.0290291
0 0.0290281
3 0.0290269
6 0.0290254
9 0.0290236
12 0.0290214
15 0.0290189
18 0.0290157
21 0.0290107
24 0.0290005
27 0.0289682
30 0.0289941
33 0.0289882
36 0.0289803
39 0.0289726
42 0.0289659
45 0.0289608
48 0.0289574
51 0.0289568
54 0.0289599
57 0.0289648
60 0.0289729
63 0.0289823
66 0.0289895
69 0.0289957
72 0.0290009
75 0.0290052
78 0.0290084
81 0.0290095
84 0.0290117
87 0.0290159
90 0.0290185
