-90 0.0289997
-87 0.0290035
-84 0.0290082
-81 0.029013
-78 0.0290173
-75 0.0290203
-72 0.0290223
-69 0.029025
-66 0.0290271
-63 0.0290285
-60 0.0290294
-57 0.0290301
-54 0.0290307
-51 0.0290311
-48 0.0290315
-45 0.0290318
-42 0.029032
-39 0.0290321
-36 0.0290318
-33 0.0290322
-30 0.0290324
-27 0.029033
-24 0.0290333
-21 0.0290335
-18 0.0290336
-15 0.0290338
-12 0.0290339
-9 0.029034
-6 0.0290341
-3 0.0290342
0 0.029034
3 0.0290327
6 0.0290245
9 0.0289775
12 0.028704
15 0.027337
18 0.0251509
21 0.0276033
24 0.0286271
27 0.028896
30 0.0290026
33 0.0290275
36 0.0290324
39 0.0290331
42 0.0290327
45 0.0290321
48 0.0290311
51 0.0290301
54 0.0290287
57 0.0290269
60 0.0290247
63 0.029022
66 0.0290189
69 0.0290152
72 0.029011
75 0.0290064
78 0.0290021
81 0.0289992
84 0.0289977
87 0.0289978
90 0.0289997
