-90 0.0290223
-87 0.02903
-84 0.0290341
-81 0.0290356
-78 0.0290359
-75 0.0290358
-72 0.0290355
-69 0.0290356
-66 0.0290359
-63 0.0290359
-60 0.0290357
-57 0.0290354
-54 0.029035
-51 0.0290339
-48 0.029029
-45 0.0290006
-42 0.028838
-39 0.0279313
-36 0.0230045
-33 0.0240159
-30 0.0281499
-27 0.0288812
-24 0.0290056
-21 0.029023
-18 0.0290191
-15 0.0290103
-12 0.0290093
-9 0.0290172
-6 0.0290147
-3 0.0290006
0 0.0290236
3 0.029034
6 0.0290355
9 0.0290357
12 0.0290352
15 0.029033
18 0.0290263
21 0.0290125
24 0.0289992
27 0.0290045
30 0.0290203
33 0.0290304
36 0.0290341
39 0.0290344
42 0.0290319
45 0.0290251
48 0.029015
51 0.0290183
54 0.0290283
57 0.0290333
60 0.0290351
63 0.0290357
66 0.0290359
69 0.0290359
72 0.0290357
75 0.0290346
78 0.0290313
81 0.0290241
84 0.0290156
87 0.0290146
90 0.0290223
