-90 0.026263
-87 0.0268301
-84 0.0284581
-81 0.0289282
-78 0.0290196
-75 0.0290356
-72 0.0290382
-69 0.0290375
-66 0.0290326
-63 0.0290105
-60 0.0289636
-57 0.0289989
-54 0.0290263
-51 0.0290353
-48 0.0290379
-45 0.0290384
-42 0.0290379
-39 0.0290344
-36 0.0290206
-33 0.0289785
-30 0.0288845
-27 0.0289257
-24 0.0289868
-21 0.0290219
-18 0.0290342
-15 0.0290348
-12 0.029037
-9 0.029038
-6 0.029037
-3 0.0290352
0 0.029033
3 0.0290302
6 0.0290241
9 0.0290096
12 0.0289889
15 0.0289993
18 0.0290176
21 0.029022
24 0.0289932
27 0.0288622
30 0.0285661
33 0.0285026
36 0.0288025
39 0.028977
42 0.029025
45 0.0290345
48 0.0290362
51 0.0290367
54 0.0290374
57 0.029038
60 0.0290376
63 0.029034
66 0.0290269
69 0.0290345
72 0.0290381
75 0.029037
78 0.0290281
81 0.0289802
84 0.0287495
87 0.0279062
90 0.026263
