-90 0.0290143
-87 0.0289592
-84 0.0289339
-81 0.0288025
-78 0.0286787
-75 0.0288066
-72 0.0289604
-69 0.0290193
-66 0.0290342
-63 0.0290374
-60 0.0290376
-57 0.0290331
-54 0.0290342
-51 0.0290375
-48 0.0290378
-45 0.0290371
-42 0.0290335
-39 0.0290233
-36 0.0290027
-33 0.02899
-30 0.029001
-27 0.0289679
-24 0.0287992
-21 0.0285219
-18 0.0284211
-15 0.0287558
-12 0.0289631
-9 0.029021
-6 0.029033
-3 0.0290349
0 0.0290348
3 0.0290342
6 0.0290333
9 0.029032
12 0.0290301
15 0.0290272
18 0.0290235
21 0.0290198
24 0.0290175
27 0.0290177
30 0.0290196
33 0.0290204
36 0.0290177
39 0.0290122
42 0.0290097
45 0.0290134
48 0.0290182
51 0.0290203
54 0.0290203
57 0.0290197
60 0.0290194
63 0.0290198
66 0.029021
69 0.0290226
72 0.0290246
75 0.0290265
78 0.0290281
81 0.0290287
84 0.0290272
87 0.0290233
90 0.0290143
