-90 0.0286557
-87 0.0279876
-84 0.0281098
-81 0.0287437
-78 0.0289752
-75 0.0290252
-72 0.0290346
-69 0.0290371
-66 0.0290385
-63 0.0290393
-60 0.0290394
-57 0.0290397
-54 0.0290382
-51 0.0289921
-48 0.0290324
-45 0.0290388
-42 0.029039
-39 0.029038
-36 0.0290356
-33 0.0290302
-30 0.0290183
-27 0.0289922
-24 0.0289636
-21 0.0289569
-18 0.0289491
-15 0.0289821
-12 0.0289806
-9 0.0289745
-6 0.0289865
-3 0.0290051
0 0.0290186
3 0.0290269
6 0.0290318
9 0.029034
12 0.0290349
15 0.0290375
18 0.0290385
21 0.0290389
24 0.0290392
27 0.0290393
30 0.0290391
33 0.0290379
36 0.0290303
39 0.0289847
42 0.0287208
45 0.0274005
48 0.0253236
51 0.0277898
54 0.0288066
57 0.0289983
60 0.0290258
63 0.0290246
66 0.0290314
69 0.029036
72 0.0290358
75 0.0290319
78 0.0290234
81 0.0290294
84 0.029022
87 0.028954
90 0.0286557
