-90 0.0290392
-87 0.0290397
-84 0.0290398
-81 0.0290397
-78 0.0290395
-75 0.0290392
-72 0.029039
-69 0.029039
-66 0.0290391
-63 0.0290388
-60 0.0290283
-57 0.0290309
-54 0.029039
-51 0.0290392
-48 0.0290392
-45 0.0290393
-42 0.0290395
-39 0.0290396
-36 0.0290398
-33 0.0290397
-30 0.0290385
-27 0.029036
-24 0.0290388
-21 0.0290399
-18 0.0290399
-15 0.0290398
-12 0.0290396
-9 0.0290393
-6 0.0290382
-3 0.0290243
0 0.0290014
3 0.0290346
6 0.0290352
9 0.029038
12 0.0290383
15 0.0290378
18 0.0290374
21 0.0290364
24 0.0290354
27 0.0290344
30 0.0290341
33 0.0290346
36 0.0290357
39 0.0290364
42 0.0290343
45 0.0290161
48 0.0289104
51 0.0283913
54 0.0270207
57 0.0275317
60 0.0286628
63 0.028968
66 0.0290243
69 0.0290311
72 0.0290248
75 0.0290142
78 0.0290098
81 0.0290199
84 0.0290316
87 0.0290372
90 0.0290392
