-90 0.0290322
-87 0.0290254
-84 0.0290371
-81 0.0290393
-78 0.0290395
-75 0.0290395
-72 0.0290395
-69 0.0290394
-66 0.0290393
-63 0.0290389
-60 0.0290376
-57 0.0290334
-54 0.0290203
-51 0.028973
-48 0.0287242
-45 0.0274765
-42 0.0255183
-39 0.027806
-36 0.0288035
-33 0.0289969
-30 0.0290296
-27 0.0290347
-24 0.0290353
-21 0.0290356
-18 0.0290361
-15 0.0290368
-12 0.0290375
-9 0.029038
-6 0.0290377
-3 0.0290255
0 0.0290137
3 0.0290346
6 0.0290311
9 0.0290105
12 0.0290271
15 0.0290375
18 0.0290391
21 0.0290392
24 0.0290393
27 0.0290391
30 0.0290371
33 0.029029
36 0.0290184
39 0.0289832
42 0.0288288
45 0.0285339
48 0.0285509
51 0.0288447
54 0.02899
57 0.0290286
60 0.029035
63 0.0290257
66 0.0289658
69 0.0290168
72 0.0290354
75 0.0290387
78 0.0290393
81 0.0290394
84 0.0290394
87 0.0290387
90 0.0290322
