-90 0.0290385
-87 0.0290367
-84 0.0290134
-81 0.0290101
-78 0.0290343
-75 0.029029
-72 0.0290045
-69 0.028952
-66 0.0289145
-63 0.0289499
-60 0.0290031
-57 0.0290288
-54 0.0290358
-51 0.0290372
-48 0.0290386
-45 0.0290384
-42 0.0290378
-39 0.0290373
-36 0.0290372
-33 0.029038
-30 0.0290387
-27 0.029039
-24 0.0290389
-21 0.0290376
-18 0.0290314
-15 0.0290041
-12 0.028912
-9 0.0287489
-6 0.0287339
-3 0.0288894
0 0.0289906
3 0.0290256
6 0.0290351
9 0.0290377
12 0.0290387
15 0.0290391
18 0.0290393
21 0.0290394
24 0.0290394
27 0.0290394
30 0.0290385
33 0.0290286
36 0.029036
39 0.0290391
42 0.029039
45 0.0290376
48 0.0290275
51 0.0289519
54 0.0290276
57 0.0290355
60 0.0290372
63 0.0290377
66 0.0290379
69 0.0290382
72 0.0290384
75 0.0290386
78 0.0290386
81 0.0290387
84 0.0290387
87 0.0290387
90 0.0290385
