-90 0.0290179
-87 0.0290194
-84 0.0290228
-81 0.0290238
-78 0.0290008
-75 0.0290023
-72 0.0290304
-69 0.0290336
-66 0.0290344
-63 0.0290347
-60 0.029035
-57 0.0290352
-54 0.0290352
-51 0.0290349
-48 0.0290345
-45 0.0290332
-42 0.0290299
-39 0.0290224
-36 0.0290121
-33 0.0290065
-30 0.0290077
-27 0.0290045
-24 0.0289861
-21 0.0289603
-18 0.02897
-15 0.0289754
-12 0.0289857
-9 0.0290026
-6 0.0290113
-3 0.0290135
0 0.0290109
3 0.0290037
6 0.0290039
9 0.0290015
12 0.0289967
15 0.0289917
18 0.0289871
21 0.0289837
24 0.0289825
27 0.0289838
30 0.028987
33 0.0289911
36 0.0289958
39 0.0290007
42 0.0290056
45 0.0290102
48 0.0290138
51 0.0290154
54 0.0290126
57 0.0290036
60 0.0289948
63 0.0289992
66 0.029013
69 0.0290227
72 0.0290253
75 0.0290284
78 0.0290303
81 0.0290292
84 0.0290258
87 0.0290209
90 0.0290179
