-90 0.0290391
-87 0.0290397
-84 0.0290398
-81 0.0290398
-78 0.0290397
-75 0.0290395
-72 0.0290385
-69 0.0290344
-66 0.0290217
-63 0.0289953
-60 0.0289703
-57 0.028982
-54 0.0290104
-51 0.029006
-48 0.0290309
-45 0.0290383
-42 0.0290391
-39 0.029039
-36 0.0290387
-33 0.0290383
-30 0.0290377
-27 0.0290367
-24 0.0290333
-21 0.0290098
-18 0.029025
-15 0.0290271
-12 0.0290226
-9 0.0290171
-6 0.0290119
-3 0.0290093
0 0.0290109
3 0.0290155
6 0.0290208
9 0.0290256
12 0.0290289
15 0.0290308
18 0.0290321
21 0.0290279
24 0.0290013
27 0.028913
30 0.0287732
33 0.0287829
36 0.0289223
39 0.0290009
42 0.0290258
45 0.029035
48 0.0290384
51 0.0290394
54 0.0290397
57 0.0290391
60 0.0290397
63 0.0290396
66 0.0290398
69 0.0290396
72 0.0290371
75 0.0290203
78 0.0290309
81 0.0290368
84 0.0290336
87 0.0290356
90 0.0290391
