-90 0.0290271
-87 0.0290323
-84 0.0290343
-81 0.0290218
-78 0.0290329
-75 0.0290381
-72 0.0290385
-69 0.0290377
-66 0.0290349
-63 0.0290287
-60 0.0290201
-57 0.0290138
-54 0.0290078
-51 0.0289509
-48 0.0285961
-45 0.0271661
-42 0.0265645
-39 0.0283242
-36 0.0289024
-33 0.0290142
-30 0.0290339
-27 0.0290375
-24 0.0290385
-21 0.0290387
-18 0.0290362
-15 0.0289982
-12 0.0290218
-9 0.0290377
-6 0.0290374
-3 0.0290256
0 0.0290257
3 0.0290379
6 0.0290383
9 0.0290355
12 0.0290291
15 0.0290211
18 0.029019
21 0.0290187
24 0.0289745
27 0.0290202
30 0.0290182
33 0.0290231
36 0.0290308
39 0.0290345
42 0.0290342
45 0.0290352
48 0.0290376
51 0.0290363
54 0.0290187
57 0.0290357
60 0.0290344
63 0.029022
66 0.0290044
69 0.0289447
72 0.028981
75 0.0289475
78 0.0289202
81 0.0289501
84 0.0289928
87 0.0290165
90 0.0290271
