-90 0.0290292
-87 0.029034
-84 0.0290369
-81 0.0290378
-78 0.0290308
-75 0.029018
-72 0.0290367
-69 0.0290386
-66 0.0290387
-63 0.0290389
-60 0.0290385
-57 0.0290386
-54 0.0290385
-51 0.0290377
-48 0.0290383
-45 0.0290375
-42 0.0290328
-39 0.0290115
-36 0.0289464
-33 0.0288424
-30 0.0288373
-27 0.0289408
-24 0.0290099
-21 0.0290327
-18 0.0290379
-15 0.029038
-12 0.0290338
-9 0.0290052
-6 0.0288355
-3 0.0279217
0 0.0253238
3 0.0271667
6 0.0286703
9 0.0289764
12 0.0290291
15 0.0290375
18 0.029036
21 0.0290221
24 0.0290256
27 0.0290362
30 0.0290372
33 0.0290229
36 0.0290213
39 0.0290383
42 0.0290392
45 0.0290388
48 0.0290377
51 0.0290329
54 0.0290196
57 0.0289967
60 0.028985
63 0.0289998
66 0.029017
69 0.0290114
72 0.0289468
75 0.0289738
78 0.028973
81 0.0289581
84 0.0289995
87 0.0290201
90 0.0290292
