-90 0.0290309
-87 0.0290324
-84 0.0290335
-81 0.0290344
-78 0.0290348
-75 0.0290339
-72 0.0290284
-69 0.0290068
-66 0.0289609
-63 0.0289473
-60 0.0289718
-57 0.0290083
-54 0.0290283
-51 0.0290355
-48 0.0290378
-45 0.0290386
-42 0.0290388
-39 0.0290388
-36 0.0290386
-33 0.0290386
-30 0.0290389
-27 0.0290384
-24 0.0290354
-21 0.0290204
-18 0.0289595
-15 0.0286598
-12 0.0271307
-9 0.0251706
-6 0.0278298
-3 0.0287181
0 0.0289026
3 0.0289836
6 0.029021
9 0.0290335
12 0.0290366
15 0.029037
18 0.0290363
21 0.0290319
24 0.0289937
27 0.0290291
30 0.0290313
33 0.0290292
36 0.0290261
39 0.0290218
42 0.0290156
45 0.0290032
48 0.0289627
51 0.028758
54 0.0275324
57 0.0206902
60 0.0259348
63 0.028502
66 0.0289202
69 0.0289924
72 0.0290088
75 0.0290156
78 0.0290202
81 0.0290238
84 0.0290266
87 0.0290289
90 0.0290309
