-90 0.0290382
-87 0.0290356
-84 0.0290309
-81 0.0290386
-78 0.0290391
-75 0.029039
-72 0.0290387
-69 0.0290381
-66 0.029037
-63 0.0290348
-60 0.0290305
-57 0.0290218
-54 0.0290087
-51 0.0290024
-48 0.0290133
-45 0.0290218
-42 0.0290136
-39 0.0289563
-36 0.0288259
-33 0.0287925
-30 0.028865
-27 0.0289166
-24 0.0290045
-21 0.029031
-18 0.0290376
-15 0.0290391
-12 0.0290396
-9 0.0290392
-6 0.0290353
-3 0.0290344
0 0.0290392
3 0.0290397
6 0.0290397
9 0.0290394
12 0.029039
15 0.0290387
18 0.0290387
21 0.029038
24 0.029035
27 0.0290238
30 0.0290194
33 0.0290328
36 0.0290382
39 0.0290389
42 0.0290357
45 0.0290009
48 0.0290276
51 0.0290386
54 0.0290378
57 0.029035
60 0.0290362
63 0.0290249
66 0.0290338
69 0.0290394
72 0.0290398
75 0.0290397
78 0.0290395
81 0.0290388
84 0.0290364
87 0.0290363
90 0.0290382
