-90 0.0290281
-87 0.0290342
-84 0.0290384
-81 0.0290392
-78 0.0290394
-75 0.0290395
-72 0.0290395
-69 0.0290393
-66 0.0290371
-63 0.0290243
-60 0.029032
-57 0.0290358
-54 0.0290267
-51 0.0289803
-48 0.0289732
-45 0.0290023
-42 0.0290201
-39 0.0290324
-36 0.0290377
-33 0.0290393
-30 0.0290397
-27 0.0290397
-24 0.0290398
-21 0.0290398
-18 0.0290393
-15 0.0290368
-12 0.0290353
-9 0.0290306
-6 0.029038
-3 0.0290396
0 0.0290398
3 0.0290398
6 0.0290398
9 0.0290398
12 0.0290393
15 0.0290368
18 0.0290248
21 0.028974
24 0.0288227
27 0.0286468
30 0.0287479
33 0.028925
36 0.0289218
39 0.0288377
42 0.0284456
45 0.0282904
48 0.0287088
51 0.0289567
54 0.0290227
57 0.0290361
60 0.0290382
63 0.0290376
66 0.0290358
69 0.0290326
72 0.0290281
75 0.0290235
78 0.0290222
81 0.0290255
84 0.0290296
87 0.0290297
90 0.0290281
