-90 0.029027
-87 0.0290254
-84 0.0290228
-81 0.0290162
-78 0.0289998
-75 0.0289706
-72 0.0289206
-69 0.0289769
-66 0.0290097
-63 0.0290208
-60 0.0290247
-57 0.0290261
-54 0.0290255
-51 0.0290261
-48 0.0290282
-45 0.0290259
-42 0.029008
-39 0.0289057
-36 0.0284192
-33 0.0272202
-30 0.0276689
-27 0.0286046
-24 0.0289454
-21 0.0290183
-18 0.0290317
-15 0.0290343
-12 0.029035
-9 0.0290353
-6 0.0290356
-3 0.0290352
0 0.029032
3 0.0290339
6 0.029036
9 0.0290364
12 0.0290364
15 0.0290363
18 0.0290362
21 0.0290362
24 0.0290363
27 0.0290354
30 0.0290299
33 0.0290085
36 0.0290184
39 0.0290329
42 0.0290358
45 0.0290361
48 0.0290361
51 0.029036
54 0.0290359
57 0.0290357
60 0.0290351
63 0.0290338
66 0.0290334
69 0.0290335
72 0.029033
75 0.0290322
78 0.0290315
81 0.0290305
84 0.0290294
87 0.0290282
90 0.029027
