-90 0.0290322
-87 0.0290351
-84 0.0290382
-81 0.0290387
-78 0.0290368
-75 0.0290361
-72 0.0290384
-69 0.0290382
-66 0.0290366
-63 0.0290329
-60 0.0290267
-57 0.0290152
-54 0.0290005
-51 0.0289995
-48 0.0290136
-45 0.0290244
-42 0.0290295
-39 0.0290336
-36 0.0290365
-33 0.0290381
-30 0.0290391
-27 0.0290396
-24 0.0290397
-21 0.0290396
-18 0.0290381
-15 0.0290314
-12 0.0290282
-9 0.0290063
-6 0.0288514
-3 0.0280601
0 0.0261077
3 0.0274493
6 0.0287036
9 0.0289806
12 0.0290298
15 0.029038
18 0.0290388
21 0.0290367
24 0.0290305
27 0.0290266
30 0.0290328
33 0.0290378
36 0.0290393
39 0.0290398
42 0.0290398
45 0.0290392
48 0.0290317
51 0.0289979
54 0.0290348
57 0.0290393
60 0.0290391
63 0.0290322
66 0.0290253
69 0.0290383
72 0.0290398
75 0.0290398
78 0.0290397
81 0.0290393
84 0.0290384
87 0.0290369
90 0.0290322
