-90 0.0277822
-87 0.0216269
-84 0.0249797
-81 0.0284027
-78 0.028938
-75 0.0290227
-72 0.0290365
-69 0.029039
-66 0.0290395
-63 0.0290397
-60 0.0290397
-57 0.0290397
-54 0.0290397
-51 0.0290396
-48 0.0290395
-45 0.0290394
-42 0.0290391
-39 0.0290385
-36 0.0290284
-33 0.0290198
-30 0.0290364
-27 0.0290358
-24 0.0290321
-21 0.0290272
-18 0.0290277
-15 0.0290238
-12 0.0290173
-9 0.0290086
-6 0.0289962
-3 0.0289545
0 0.0289715
3 0.0290013
6 0.0290122
9 0.0290201
12 0.0290252
15 0.0290262
18 0.0290299
21 0.0290346
24 0.0290363
27 0.0290359
30 0.0290181
33 0.0290353
36 0.0290389
39 0.0290393
42 0.0290394
45 0.0290395
48 0.0290396
51 0.0290397
54 0.0290397
57 0.0290396
60 0.0290395
63 0.0290391
66 0.0290381
69 0.0290338
72 0.0290086
75 0.028852
78 0.0278899
81 0.0230696
84 0.025754
87 0.0282754
90 0.0277822
