-90 0.0289861
-87 0.0289846
-84 0.0289908
-81 0.0290016
-78 0.0290101
-75 0.0290148
-72 0.0290175
-69 0.0290194
-66 0.0290209
-63 0.0290221
-60 0.0290232
-57 0.0290241
-54 0.0290248
-51 0.0290253
-48 0.0290253
-45 0.0290244
-42 0.0290207
-39 0.02901
-36 0.0289861
-33 0.0289713
-30 0.0289821
-27 0.02899
-24 0.0290021
-21 0.0290135
-18 0.0290188
-15 0.0290184
-12 0.0290171
-9 0.0290195
-6 0.0290234
-3 0.0290257
0 0.0290266
3 0.0290265
6 0.0290243
9 0.0290024
12 0.0289865
15 0.0290102
18 0.0290093
21 0.0290159
24 0.0290014
27 0.0289024
30 0.0283075
33 0.0252092
36 0.02464
39 0.0281596
42 0.0288659
45 0.0289812
48 0.028994
51 0.0289885
54 0.0289571
57 0.0288813
60 0.0288066
63 0.0288446
66 0.0289268
69 0.0289679
72 0.0289809
75 0.0289855
78 0.0289887
81 0.0289916
84 0.0289933
87 0.0289912
90 0.0289861
