-90 0.0290286
-87 0.0290314
-84 0.0290341
-81 0.0290362
-78 0.0290353
-75 0.0290286
-72 0.0290139
-69 0.0290005
-66 0.0290054
-63 0.029022
-60 0.0290333
-57 0.0290365
-54 0.0290316
-51 0.0290077
-48 0.0289419
-45 0.0288627
-42 0.0288867
-39 0.0289725
-36 0.0290204
-33 0.0290351
-30 0.0290383
-27 0.0290387
-24 0.029039
-21 0.0290389
-18 0.0290376
-15 0.0290349
-12 0.0290289
-9 0.0290221
-6 0.0290213
-3 0.0290275
0 0.0290344
3 0.0290375
6 0.0290387
9 0.0290391
12 0.0290387
15 0.0290377
18 0.0290357
21 0.0290349
24 0.0290314
27 0.0290245
30 0.0290136
33 0.0289985
36 0.0289676
39 0.0289449
42 0.0289705
45 0.0288755
48 0.0282251
51 0.0247309
54 0.024784
57 0.0282527
60 0.0289022
63 0.0290056
66 0.0290213
69 0.0290257
72 0.0290255
75 0.0290195
78 0.0290087
81 0.0290014
84 0.0290088
87 0.0290207
90 0.0290286
