-90 0.0290352
-87 0.0289906
-84 0.0290349
-81 0.0290382
-78 0.0290385
-75 0.0290387
-72 0.0290387
-69 0.0290383
-66 0.0290376
-63 0.0290363
-60 0.0290341
-57 0.0290308
-54 0.0290279
-51 0.0290258
-48 0.029025
-45 0.0290259
-42 0.0290248
-39 0.0290118
-36 0.0289691
-33 0.0289082
-30 0.0289085
-27 0.0289613
-24 0.028985
-21 0.0290099
-18 0.0290292
-15 0.0290342
-12 0.0290329
-9 0.0290273
-6 0.0290173
-3 0.0290073
0 0.0290108
3 0.0290202
6 0.0290206
9 0.0290174
12 0.0290291
15 0.0290341
18 0.0290232
21 0.0289763
24 0.0288618
27 0.0287759
30 0.0288672
33 0.0289792
36 0.0290235
39 0.0290333
42 0.0290333
45 0.0290325
48 0.0290341
51 0.0290368
54 0.0290387
57 0.0290395
60 0.0290395
63 0.0290394
66 0.0290397
69 0.0290397
72 0.0290396
75 0.0290397
78 0.0290394
81 0.0290384
84 0.0290379
87 0.0290372
90 0.0290352
