-90 0.0289923
-87 0.0290221
-84 0.029033
-81 0.0290372
-78 0.0290388
-75 0.0290395
-72 0.0290398
-69 0.0290396
-66 0.029036
-63 0.0290346
-60 0.0290393
-57 0.029039
-54 0.0290362
-51 0.0290365
-48 0.0290384
-45 0.029036
-42 0.0290221
-39 0.02897
-36 0.0288493
-33 0.0287716
-30 0.0288736
-27 0.0289838
-24 0.0290262
-21 0.0290371
-18 0.0290394
-15 0.0290398
-12 0.0290399
-9 0.0290399
-6 0.0290399
-3 0.0290399
0 0.0290399
3 0.0290398
6 0.0290396
9 0.0290384
12 0.029033
15 0.0290118
18 0.0289534
21 0.0288786
24 0.0288932
27 0.0289723
30 0.0290198
33 0.0290352
36 0.0290388
39 0.0290394
42 0.0290394
45 0.0290397
48 0.0290399
51 0.0290398
54 0.0290396
57 0.0290398
60 0.0290398
63 0.0290396
66 0.0290391
69 0.0290378
72 0.0290346
75 0.0290273
78 0.0290101
81 0.0289618
84 0.0288262
87 0.0289061
90 0.0289923
