-90 0.0290207
-87 0.0290257
-84 0.0290264
-81 0.0290271
-78 0.0290276
-75 0.029028
-72 0.0290284
-69 0.0290287
-66 0.029029
-63 0.0290292
-60 0.0290289
-57 0.0290263
-54 0.0290098
-51 0.0289071
-48 0.0282739
-45 0.0245459
-42 0.0217191
-39 0.0266599
-36 0.0284533
-33 0.0289197
-30 0.0290105
-27 0.0290264
-24 0.029029
-21 0.0290293
-18 0.0290293
-15 0.0290291
-12 0.0290288
-9 0.0290285
-6 0.0290281
-3 0.0290277
0 0.0290273
3 0.0290269
6 0.029026
9 0.0290204
12 0.0290171
15 0.0290241
18 0.0290245
21 0.029024
24 0.0290235
27 0.0290229
30 0.0290217
33 0.0290212
36 0.0290212
39 0.0290202
42 0.0290183
45 0.0290122
48 0.0289709
51 0.0289769
54 0.0290145
57 0.0290195
60 0.0290206
63 0.029021
66 0.0290216
69 0.0290221
72 0.0290226
75 0.0290231
78 0.0290236
81 0.0290239
84 0.0290201
87 0.0289577
90 0.0290207
