-90 0.0290145
-87 0.0290266
-84 0.0290338
-81 0.0290362
-78 0.0290357
-75 0.0290333
-72 0.0290286
-69 0.02902
-66 0.0290037
-63 0.0289731
-60 0.0289281
-57 0.0289549
-54 0.0289883
-51 0.0289951
-48 0.0289777
-45 0.0289603
-42 0.0289668
-39 0.028996
-36 0.0290172
-33 0.0290116
-30 0.0289827
-27 0.029033
-24 0.0290384
-21 0.0290393
-18 0.0290396
-15 0.0290397
-12 0.0290397
-9 0.0290396
-6 0.0290395
-3 0.0290394
0 0.0290394
3 0.0290394
6 0.0290394
9 0.0290393
12 0.0290384
15 0.0290348
18 0.0290202
21 0.0289926
24 0.0290219
27 0.0290356
30 0.0290389
33 0.0290397
36 0.0290398
39 0.0290396
42 0.0290396
45 0.0290398
48 0.0290398
51 0.0290377
54 0.0290223
57 0.0290351
60 0.0290395
63 0.0290397
66 0.0290395
69 0.0290396
72 0.0290395
75 0.0290387
78 0.0290358
81 0.029028
84 0.0290148
87 0.0290071
90 0.0290145
