-90 0.0290378
-87 0.0290394
-84 0.0290398
-81 0.0290399
-78 0.0290399
-75 0.0290398
-72 0.0290385
-69 0.0290354
-66 0.029039
-63 0.0290392
-60 0.0290391
-57 0.0290396
-54 0.0290399
-51 0.0290399
-48 0.0290397
-45 0.0290399
-42 0.0290399
-39 0.0290395
-36 0.0290394
-33 0.0290385
-30 0.0290369
-27 0.0290352
-24 0.0290346
-21 0.0290331
-18 0.0290311
-15 0.0290358
-12 0.0290366
-9 0.0290341
-6 0.0290283
-3 0.029016
0 0.0289916
3 0.0289656
6 0.0289951
9 0.0290171
12 0.0290253
15 0.0290137
18 0.0289318
21 0.0286127
24 0.0281053
27 0.0283808
30 0.0288419
33 0.0289935
36 0.0290235
39 0.0290294
42 0.0290341
45 0.0290373
48 0.0290376
51 0.0290158
54 0.0290242
57 0.0290377
60 0.0290359
63 0.0290124
66 0.0290083
69 0.0290324
72 0.0290344
75 0.029035
78 0.029034
81 0.0290291
84 0.0290251
87 0.0290326
90 0.0290378
