-90 0.0289994
-87 0.0290052
-84 0.029011
-81 0.029016
-78 0.0290214
-75 0.029027
-72 0.0290312
-69 0.0290335
-66 0.0290342
-63 0.0290338
-60 0.0290325
-57 0.0290301
-54 0.0290256
-51 0.029017
-48 0.0290015
-45 0.0289779
-42 0.0289719
-39 0.0289958
-36 0.029012
-33 0.0290158
-30 0.0290059
-27 0.0289795
-24 0.0289492
-21 0.028933
-18 0.0289497
-15 0.0289866
-12 0.028996
-9 0.0289587
-6 0.028834
-3 0.0287167
0 0.0288174
3 0.0289585
6 0.029015
9 0.0290278
12 0.0290272
15 0.029022
18 0.0290148
21 0.029009
24 0.0290089
27 0.0290127
30 0.0290161
33 0.0290173
36 0.029016
39 0.0290128
42 0.029008
45 0.029002
48 0.0289958
51 0.0289909
54 0.0289892
57 0.0289912
60 0.0289954
63 0.0289998
66 0.0290025
69 0.0290027
72 0.0290008
75 0.0289985
78 0.0289976
81 0.0289975
84 0.0289967
87 0.0289964
90 0.0289994
