-90 0.0289371
-87 0.0290115
-84 0.0290243
-81 0.0290265
-78 0.0290269
-75 0.0290268
-72 0.0290259
-69 0.0290245
-66 0.0290235
-63 0.0290215
-60 0.0290187
-57 0.029018
-54 0.0290206
-51 0.0290239
-48 0.0290262
-45 0.0290274
-42 0.0290278
-39 0.0290278
-36 0.0290235
-33 0.0289849
-30 0.0290258
-27 0.0290245
-24 0.0290236
-21 0.0290279
-18 0.0290291
-15 0.0290294
-12 0.0290294
-9 0.0290294
-6 0.0290279
-3 0.0290005
0 0.0290212
3 0.0290289
6 0.0290291
9 0.0290283
12 0.0290267
15 0.0290262
18 0.0290266
21 0.029026
24 0.0290256
27 0.029026
30 0.0290269
33 0.0290269
36 0.0290234
39 0.0290084
42 0.0290128
45 0.0290238
48 0.0290257
51 0.0290254
54 0.029025
57 0.0290254
60 0.029026
63 0.0290264
66 0.029026
69 0.029023
72 0.0290051
75 0.028901
78 0.0283491
81 0.0265077
84 0.0269321
87 0.028531
90 0.0289371
