-90 0.0289725
-87 0.0289725
-84 0.0289707
-81 0.0289684
-78 0.0289659
-75 0.0289633
-72 0.0289605
-69 0.0289574
-66 0.0289535
-63 0.028945
-60 0.028913
-57 0.0287718
-54 0.0283058
-51 0.0278329
-48 0.0283911
-45 0.0288023
-42 0.0289103
-39 0.028932
-36 0.0289295
-33 0.0289096
-30 0.0289383
-27 0.028934
-24 0.0289005
-21 0.0287697
-18 0.0285084
-15 0.0284798
-12 0.0287484
-9 0.028907
-6 0.0289526
-3 0.0289644
0 0.0289687
3 0.0289713
6 0.0289735
9 0.0289754
12 0.0289772
15 0.0289788
18 0.0289798
21 0.0289802
24 0.0289821
27 0.0289836
30 0.0289845
33 0.0289851
36 0.0289857
39 0.0289861
42 0.0289864
45 0.0289864
48 0.0289848
51 0.0289735
54 0.0289492
57 0.0289769
60 0.0289829
63 0.0289832
66 0.0289825
69 0.0289823
72 0.0289822
75 0.0289817
78 0.0289808
81 0.0289796
84 0.0289779
87 0.0289746
90 0.0289725
