-90 0.0290079
-87 0.0290209
-84 0.0290282
-81 0.0290326
-78 0.0290353
-75 0.029037
-72 0.029038
-69 0.0290375
-66 0.029029
-63 0.0290347
-60 0.0290392
-57 0.0290396
-54 0.0290397
-51 0.0290397
-48 0.0290396
-45 0.0290392
-42 0.0290384
-39 0.0290358
-36 0.0290239
-33 0.0289887
-30 0.029024
-27 0.0290349
-24 0.0290381
-21 0.0290393
-18 0.0290396
-15 0.0290394
-12 0.0290385
-9 0.0290382
-6 0.0290391
-3 0.029039
0 0.0290363
3 0.029034
6 0.0290378
9 0.0290394
12 0.0290396
15 0.0290395
18 0.0290394
21 0.0290393
24 0.029039
27 0.0290384
30 0.0290388
33 0.0290383
36 0.0290376
39 0.0290388
42 0.029039
45 0.029039
48 0.0290388
51 0.0290384
54 0.0290379
57 0.029037
60 0.0290356
63 0.0290322
66 0.0290186
69 0.028944
72 0.0285214
75 0.0265697
78 0.0255481
81 0.0281458
84 0.0288485
87 0.0289775
90 0.0290079
