-90 0.0289914
-87 0.0290007
-84 0.0290082
-81 0.0290146
-78 0.0290189
-75 0.0290223
-72 0.029025
-69 0.0290272
-66 0.0290289
-63 0.0290296
-60 0.0290294
-57 0.029032
-54 0.0290334
-51 0.0290339
-48 0.0290342
-45 0.0290347
-42 0.0290355
-39 0.029036
-36 0.0290361
-33 0.0290355
-30 0.0290326
-27 0.0289929
-24 0.0290232
-21 0.0290349
-18 0.0290366
-15 0.0290362
-12 0.0290244
-9 0.0290288
-6 0.0290367
-3 0.029037
0 0.0290369
3 0.0290368
6 0.0290366
9 0.0290364
12 0.0290361
15 0.0290357
18 0.0290351
21 0.0290342
24 0.0290329
27 0.0290302
30 0.0290211
33 0.0289848
36 0.02887
39 0.0286965
42 0.028728
45 0.0289012
48 0.0289891
51 0.0290113
54 0.0290126
57 0.0290078
60 0.0290002
63 0.0289893
66 0.0289739
69 0.0289536
72 0.0289325
75 0.0289235
78 0.0289327
81 0.0289492
84 0.0289645
87 0.0289789
90 0.0289914
