-90 0.0290384
-87 0.0290392
-84 0.0290395
-81 0.0290395
-78 0.0290394
-75 0.0290392
-72 0.0290388
-69 0.0290375
-66 0.029034
-63 0.0290269
-60 0.0290181
-57 0.0290121
-54 0.0290213
-51 0.0290304
-48 0.0290228
-45 0.029032
-42 0.0290379
-39 0.0290386
-36 0.0290386
-33 0.0290384
-30 0.0290381
-27 0.0290374
-24 0.0290362
-21 0.0290339
-18 0.0290301
-15 0.0290241
-12 0.0290157
-9 0.0290049
-6 0.0289885
-3 0.0289793
0 0.0289921
3 0.0290082
6 0.0290198
9 0.0290273
12 0.0290318
15 0.0290341
18 0.0290326
21 0.0290159
24 0.0289282
27 0.0285908
30 0.0280522
33 0.0283193
36 0.0286286
39 0.0281083
42 0.0265164
45 0.0275928
48 0.0287171
51 0.0289809
54 0.0290291
57 0.0290375
60 0.0290389
63 0.0290392
66 0.0290393
69 0.0290394
72 0.0290394
75 0.0290395
78 0.0290393
81 0.0290389
84 0.029039
87 0.0290383
90 0.0290384
