-90 0.0290293
-87 0.0290294
-84 0.0290293
-81 0.0290291
-78 0.0290289
-75 0.0290287
-72 0.0290285
-69 0.0290283
-66 0.0290281
-63 0.0290264
-60 0.0290164
-57 0.0289775
-54 0.029002
-51 0.0290256
-48 0.0290295
-45 0.0290308
-42 0.0290316
-39 0.0290302
-36 0.02901
-33 0.0290304
-30 0.0290334
-27 0.0290337
-24 0.0290337
-21 0.0290337
-18 0.0290337
-15 0.0290337
-12 0.0290337
-9 0.0290335
-6 0.029033
-3 0.0290319
0 0.0290297
3 0.0290242
6 0.0290161
9 0.029013
12 0.0290043
15 0.0289964
18 0.0290201
21 0.0290273
24 0.029028
27 0.0290274
30 0.0290261
33 0.029024
36 0.0290209
39 0.0290184
42 0.0290188
45 0.0290215
48 0.029024
51 0.0290253
54 0.0290258
57 0.029026
60 0.0290265
63 0.0290271
66 0.0290276
69 0.029028
72 0.0290282
75 0.0290264
78 0.0290076
81 0.0289966
84 0.0290099
87 0.0290269
90 0.0290293
