-90 0.0290387
-87 0.0290349
-84 0.0290212
-81 0.0289817
-78 0.028922
-75 0.0289158
-72 0.0289736
-69 0.0290179
-66 0.0290344
-63 0.0290387
-60 0.0290397
-57 0.0290398
-54 0.0290393
-51 0.0290392
-48 0.0290388
-45 0.0290386
-42 0.029039
-39 0.0290394
-36 0.0290396
-33 0.0290392
-30 0.029036
-27 0.029018
-24 0.0289242
-21 0.0285274
-18 0.0277569
-15 0.0281139
-12 0.0287806
-9 0.0289874
-6 0.0290303
-3 0.0290381
0 0.0290392
3 0.0290396
6 0.0290397
9 0.0290395
12 0.0290388
15 0.0290375
18 0.0290365
21 0.0290363
24 0.0290352
27 0.0290178
30 0.0289827
33 0.0290093
36 0.0289999
39 0.0289953
42 0.0290087
45 0.0290204
48 0.0290298
51 0.0290355
54 0.0290378
57 0.0290385
60 0.0290367
63 0.0290366
66 0.0290388
69 0.0290385
72 0.0290356
75 0.0290343
78 0.0290375
81 0.0290394
84 0.0290398
87 0.0290397
90 0.0290387
