-90 0.0288443
-87 0.0288244
-84 0.0289292
-81 0.0290057
-78 0.0290318
-75 0.0290381
-72 0.0290391
-69 0.029035
-66 0.0290006
-63 0.0290378
-60 0.0290389
-57 0.0290377
-54 0.0290324
-51 0.0290135
-48 0.028972
-45 0.0289376
-42 0.0289602
-39 0.0290044
-36 0.0290283
-33 0.0290363
-30 0.0290382
-27 0.0290369
-24 0.0290293
-21 0.0290082
-18 0.0290148
-15 0.0290325
-12 0.029038
-9 0.0290393
-6 0.0290394
-3 0.0290391
0 0.0290376
3 0.02903
6 0.0289899
9 0.0287977
12 0.0281709
15 0.027785
18 0.0285139
21 0.028916
24 0.0290133
27 0.0290323
30 0.0290356
33 0.0290372
36 0.0290379
39 0.0290384
42 0.0290388
45 0.0290391
48 0.0290388
51 0.029032
54 0.0290259
57 0.0290382
60 0.0290394
63 0.0290391
66 0.0290378
69 0.0290351
72 0.0290316
75 0.0290301
78 0.0290315
81 0.0290291
84 0.0290102
87 0.0289526
90 0.0288443
