-90 0.0290391
-87 0.0290373
-84 0.029034
-81 0.0290377
-78 0.0290393
-75 0.0290389
-72 0.0290378
-69 0.0290365
-66 0.0290336
-63 0.0290278
-60 0.0290215
-57 0.0290223
-54 0.0290211
-51 0.0289756
-48 0.0286703
-45 0.0269212
-42 0.0232567
-39 0.0275174
-36 0.0287806
-33 0.0289959
-30 0.0290294
-27 0.0290328
-24 0.0290321
-21 0.0290327
-18 0.0290338
-15 0.0290254
-12 0.0290238
-9 0.0290362
-6 0.0290383
-3 0.0290392
0 0.029039
3 0.0290337
6 0.0290097
9 0.0290328
12 0.0290389
15 0.0290385
18 0.0290358
21 0.0290309
24 0.0290291
27 0.029034
30 0.0290379
33 0.029039
36 0.0290381
39 0.0290329
42 0.0290156
45 0.0289695
48 0.0288367
51 0.0283255
54 0.0273084
57 0.0279364
60 0.0287628
63 0.0289869
66 0.0290305
69 0.0290383
72 0.0290396
75 0.0290397
78 0.0290395
81 0.0290391
84 0.029039
87 0.0290394
90 0.0290391
