-90 0.0290154
-87 0.0290228
-84 0.0290272
-81 0.0290277
-78 0.0290214
-75 0.0289918
-72 0.0288292
-69 0.0279487
-66 0.0253586
-63 0.0270952
-60 0.0286256
-57 0.028927
-54 0.0289846
-51 0.0290104
-48 0.029024
-45 0.0290307
-42 0.0290259
-39 0.0290085
-36 0.0290355
-33 0.0290358
-30 0.0290311
-27 0.0290162
-24 0.0289749
-21 0.0288914
-18 0.0283988
-15 0.027387
-12 0.0279314
-9 0.0287449
-6 0.0289719
-3 0.0290175
0 0.0290271
3 0.0290298
6 0.0290312
9 0.0290342
12 0.0290353
15 0.0290346
18 0.0290301
21 0.0290201
24 0.0290107
27 0.0290131
30 0.0290234
33 0.0290297
36 0.0290267
39 0.0290085
42 0.028973
45 0.0289541
48 0.0289795
51 0.0290128
54 0.0290302
57 0.029036
60 0.0290369
63 0.0290359
66 0.0290338
69 0.0290302
72 0.0290254
75 0.0290179
78 0.0290045
81 0.0289965
84 0.028999
87 0.0290063
90 0.0290154
