-90 0.0290382
-87 0.0290381
-84 0.0290364
-81 0.0290345
-78 0.0290341
-75 0.0290307
-72 0.0290136
-69 0.0290176
-66 0.0290354
-63 0.0290387
-60 0.0290374
-57 0.0290271
-54 0.0289726
-51 0.0287283
-48 0.0280918
-45 0.0280258
-42 0.0286797
-39 0.0289598
-36 0.0290244
-33 0.0290366
-30 0.0290374
-27 0.0290383
-24 0.0290388
-21 0.0290374
-18 0.0290332
-15 0.0290256
-12 0.0290189
-9 0.0290198
-6 0.0290212
-3 0.0290109
0 0.0289952
3 0.0290026
6 0.0289726
9 0.0287689
12 0.0282154
15 0.0280975
18 0.0286805
21 0.0289568
24 0.0290228
27 0.0290345
30 0.0290266
33 0.0289664
36 0.029032
39 0.0290371
42 0.029038
45 0.0290383
48 0.0290384
51 0.0290387
54 0.0290392
57 0.0290391
60 0.0290366
63 0.0290209
66 0.0289227
69 0.0283004
72 0.0243346
75 0.0226391
78 0.0280209
81 0.0288709
84 0.0290099
87 0.0290341
90 0.0290382
