-90 0.0290243
-87 0.0290242
-84 0.0290241
-81 0.0290241
-78 0.029024
-75 0.0290218
-72 0.0289756
-69 0.0290148
-66 0.0290234
-63 0.0290236
-60 0.0290237
-57 0.0290235
-54 0.0290228
-51 0.0290213
-48 0.0290176
-45 0.0290095
-42 0.0289943
-39 0.0289723
-36 0.028938
-33 0.0289142
-30 0.0289454
-27 0.0289915
-24 0.029015
-21 0.0290225
-18 0.0290245
-15 0.0290251
-12 0.0290254
-9 0.0290255
-6 0.0290257
-3 0.0290257
0 0.0290258
3 0.0290258
6 0.0290244
9 0.0290128
12 0.0289971
15 0.0290222
18 0.0290255
21 0.0290256
24 0.0290255
27 0.0290243
30 0.0290148
33 0.0289558
36 0.0290141
39 0.0290248
42 0.0290255
45 0.0290238
48 0.0290183
51 0.0290067
54 0.0289936
57 0.0289929
60 0.0290055
63 0.0290172
66 0.0290228
69 0.0290245
72 0.0290244
75 0.0290242
78 0.0290241
81 0.0290239
84 0.0290236
87 0.0290241
90 0.0290243
