-90 0.0290107
-87 0.0290102
-84 0.0290078
-81 0.0289995
-78 0.0289972
-75 0.0289944
-72 0.0289866
-69 0.0289764
-66 0.0289631
-63 0.0289523
-60 0.0289548
-57 0.0289731
-54 0.0289873
-51 0.0289958
-48 0.0289957
-45 0.0289923
-42 0.029012
-39 0.0290163
-36 0.0290185
-33 0.0290198
-30 0.0290195
-27 0.0290195
-24 0.02902
-21 0.0290188
-18 0.0290176
-15 0.0290156
-12 0.0290132
-9 0.0290104
-6 0.0290075
-3 0.0290048
0 0.029003
3 0.0290025
6 0.0290033
9 0.0290037
12 0.028996
15 0.0289351
18 0.0285465
21 0.0263074
24 0.0228312
27 0.0264158
30 0.0242847
33 0.0268581
36 0.0286183
39 0.0289526
42 0.0290073
45 0.0290144
48 0.0290131
51 0.0290099
54 0.0290061
57 0.0290017
60 0.0289972
63 0.0289932
66 0.028991
69 0.0289912
72 0.0289937
75 0.0289975
78 0.0290007
81 0.0289968
84 0.0290045
87 0.0290097
90 0.0290107
