-90 0.0290364
-87 0.0290379
-84 0.0290376
-81 0.0290334
-78 0.0290168
-75 0.0289712
-72 0.0289989
-69 0.0290284
-66 0.0290367
-63 0.0290388
-60 0.0290395
-57 0.0290399
-54 0.0290399
-51 0.0290399
-48 0.0290399
-45 0.0290397
-42 0.0290396
-39 0.0290395
-36 0.0290388
-33 0.0290361
-30 0.0290275
-27 0.0290055
-24 0.0289732
-21 0.0289661
-18 0.0289958
-15 0.0290235
-12 0.0290353
-9 0.0290387
-6 0.0290396
-3 0.0290392
0 0.0290318
3 0.0290115
6 0.0290351
9 0.0290373
12 0.029039
15 0.0290392
18 0.0290388
21 0.0290382
24 0.0290374
27 0.0290365
30 0.0290352
33 0.0290339
36 0.0290326
39 0.0290308
42 0.0290241
45 0.0289894
48 0.0288425
51 0.0284834
54 0.0283822
57 0.0287536
60 0.0289666
63 0.0290243
66 0.0290365
69 0.0290381
72 0.0290353
75 0.029032
78 0.0290383
81 0.0290389
84 0.0290374
87 0.0290358
90 0.0290364
