-90 0.0290376
-87 0.0290377
-84 0.0290377
-81 0.0290373
-78 0.0290364
-75 0.0290347
-72 0.0290317
-69 0.0290273
-66 0.0290226
-63 0.0290204
-60 0.0290212
-57 0.0290204
-54 0.0290119
-51 0.0289865
-48 0.0289359
-45 0.0288968
-42 0.0289258
-39 0.0289718
-36 0.0290046
-33 0.0290245
-30 0.0290317
-27 0.0290351
-24 0.0290367
-21 0.0290372
-18 0.0290371
-15 0.0290372
-12 0.0290364
-9 0.0290343
-6 0.0290218
-3 0.0289965
0 0.0290313
3 0.0290256
6 0.028984
9 0.0287869
12 0.0281829
15 0.0278878
18 0.0285438
21 0.028916
24 0.0290062
27 0.029017
30 0.0289915
33 0.028911
36 0.0288001
39 0.0288316
42 0.0289479
45 0.0290076
48 0.029026
51 0.0290309
54 0.0290325
57 0.0290333
60 0.0290339
63 0.0290341
66 0.0290334
69 0.0290313
72 0.0290283
75 0.0290275
78 0.0290302
81 0.0290339
84 0.0290362
87 0.0290372
90 0.0290376
