-90 0.0290393
-87 0.0290393
-84 0.0290392
-81 0.0290391
-78 0.0290389
-75 0.0290387
-72 0.0290381
-69 0.0290366
-66 0.029033
-63 0.0290259
-60 0.0290182
-57 0.0290181
-54 0.0290253
-51 0.0290314
-48 0.0290336
-45 0.0290333
-42 0.0290318
-39 0.0290296
-36 0.0290266
-33 0.0290228
-30 0.0290179
-27 0.029012
-24 0.0290052
-21 0.0289984
-18 0.0289924
-15 0.0289885
-12 0.0289899
-9 0.028996
-6 0.029003
-3 0.0290098
0 0.0290161
3 0.0290213
6 0.0290255
9 0.0290288
12 0.0290312
15 0.0290321
18 0.029028
21 0.0289974
24 0.0288789
27 0.0285066
30 0.0278555
33 0.028083
36 0.028686
39 0.0289433
42 0.0290102
45 0.0290297
48 0.0290366
51 0.0290386
54 0.0290391
57 0.0290393
60 0.0290393
63 0.0290394
66 0.0290393
69 0.0290393
72 0.0290385
75 0.0290345
78 0.0290348
81 0.0290386
84 0.0290393
87 0.0290394
90 0.0290393
