-90 0.0290391
-87 0.0290371
-84 0.0290216
-81 0.0290306
-78 0.0290371
-75 0.0290322
-72 0.0290123
-69 0.0289634
-66 0.028912
-63 0.0289306
-60 0.0289826
-57 0.0290135
-54 0.0290159
-51 0.0290091
-48 0.028926
-45 0.0287632
-42 0.0284222
-39 0.0284688
-36 0.0288271
-33 0.0289881
-30 0.0290282
-27 0.0290358
-24 0.0290329
-21 0.0290342
-18 0.0290306
-15 0.0289968
-12 0.0287843
-9 0.0274288
-6 0.0188826
-3 0.0261024
0 0.0285724
3 0.0289604
6 0.0290212
9 0.0290305
12 0.0290318
15 0.0290319
18 0.0290319
21 0.0290321
24 0.0290323
27 0.0290327
30 0.0290332
33 0.0290336
36 0.0290341
39 0.0290341
42 0.0290326
45 0.0290249
48 0.0289977
51 0.0289353
54 0.0288788
57 0.02889
60 0.0289513
63 0.0290094
66 0.0290274
69 0.0290331
72 0.0290359
75 0.0290376
78 0.0290384
81 0.0290387
84 0.0290389
87 0.0290392
90 0.0290391
