-90 0.0290384
-87 0.0290346
-84 0.0290183
-81 0.0289464
-78 0.0287095
-75 0.0284054
-72 0.0284866
-69 0.0281674
-66 0.0262226
-63 0.0267905
-60 0.0285275
-57 0.0289408
-54 0.0290188
-51 0.0290353
-48 0.0290383
-45 0.0290382
-42 0.0290352
-39 0.0290327
-36 0.0290367
-33 0.029037
-30 0.029036
-27 0.029034
-24 0.029029
-21 0.0290155
-18 0.0289849
-15 0.0289346
-12 0.0288887
-9 0.0288275
-6 0.028935
-3 0.0289741
0 0.028988
3 0.0289968
6 0.0290028
9 0.0290084
12 0.0290139
15 0.0290187
18 0.0290176
21 0.0289816
24 0.0290251
27 0.0290316
30 0.029033
33 0.0290311
36 0.0290138
39 0.0289228
42 0.0286072
45 0.0279594
48 0.0281508
51 0.0287118
54 0.0288773
57 0.0289147
60 0.0289729
63 0.029015
66 0.0290315
69 0.0290369
72 0.0290385
75 0.0290388
78 0.0290386
81 0.0290376
84 0.029039
87 0.0290393
90 0.0290384
