-90 0.0290103
-87 0.0290218
-84 0.0290288
-81 0.0290331
-78 0.0290357
-75 0.0290373
-72 0.0290381
-69 0.0290377
-66 0.0290316
-63 0.0290004
-60 0.0288894
-57 0.0283309
-54 0.0269247
-51 0.0276105
-48 0.0286868
-45 0.0289331
-42 0.0290178
-39 0.0290356
-36 0.0290374
-33 0.0290364
-30 0.0290343
-27 0.0290308
-24 0.0290255
-21 0.029018
-18 0.029009
-15 0.029002
-12 0.0290026
-9 0.0290108
-6 0.0290208
-3 0.0290281
0 0.0290326
3 0.0290354
6 0.0290368
9 0.0290334
12 0.0290257
15 0.0290375
18 0.029039
21 0.0290379
24 0.0290314
27 0.0290177
30 0.028972
33 0.0288204
36 0.0286397
39 0.0287429
42 0.0289333
45 0.0290111
48 0.029032
51 0.0290377
54 0.0290387
57 0.0290382
60 0.0290355
63 0.0290303
66 0.0290326
69 0.0290297
72 0.0290233
75 0.0290123
78 0.0289909
81 0.0289339
84 0.0289455
87 0.0289901
90 0.0290103
