-90 0.0290279
-87 0.0290337
-84 0.0290351
-81 0.029036
-78 0.0290244
-75 0.0290132
-72 0.029033
-69 0.0290385
-66 0.0290386
-63 0.0290344
-60 0.029017
-57 0.0289652
-54 0.0288856
-51 0.0288811
-48 0.0289594
-45 0.0290144
-42 0.0290306
-39 0.0290158
-36 0.0290202
-33 0.0289505
-30 0.028678
-27 0.0282106
-24 0.028397
-21 0.0288351
-18 0.0289945
-15 0.0290274
-12 0.029002
-9 0.0290151
-6 0.0290368
-3 0.0290392
0 0.0290394
3 0.0290394
6 0.0290393
9 0.0290392
12 0.0290379
15 0.0290199
18 0.0290102
21 0.0290353
24 0.029036
27 0.0290352
30 0.0290345
33 0.0290344
36 0.0290345
39 0.029035
42 0.0290362
45 0.0290373
48 0.0290284
51 0.0290295
54 0.0290315
57 0.0290266
60 0.0290301
63 0.0290323
66 0.0290344
69 0.0290369
72 0.0290385
75 0.0290391
78 0.0290389
81 0.0290387
84 0.0290387
87 0.0290378
90 0.0290279
