-90 0.0290323
-87 0.0290324
-84 0.0290324
-81 0.0290324
-78 0.0290324
-75 0.0290323
-72 0.0290317
-69 0.0290304
-66 0.0290255
-63 0.0290069
-60 0.0290021
-57 0.0289921
-54 0.028981
-51 0.0289921
-48 0.0290095
-45 0.0290221
-42 0.0290289
-39 0.029032
-36 0.0290335
-33 0.0290342
-30 0.0290345
-27 0.0290347
-24 0.0290348
-21 0.0290348
-18 0.0290331
-15 0.0290102
-12 0.0290004
-9 0.0290301
-6 0.0290336
-3 0.0290318
0 0.0290232
3 0.0289869
6 0.0289138
9 0.0289983
12 0.0290249
15 0.029032
18 0.0290339
21 0.0290342
24 0.0290341
27 0.0290337
30 0.0290335
33 0.0290335
36 0.0290337
39 0.0290337
42 0.0290332
45 0.0290316
48 0.0290252
51 0.0289952
54 0.0289492
57 0.0290043
60 0.0290202
63 0.029028
66 0.0290304
69 0.0290264
72 0.0289812
75 0.0290157
78 0.0290301
81 0.0290315
84 0.029032
87 0.0290322
90 0.0290323
