-90 0.0290197
-87 0.0290276
-84 0.0290338
-81 0.0290367
-78 0.0290374
-75 0.0290358
-72 0.0290353
-69 0.0290365
-66 0.0290359
-63 0.0290349
-60 0.0290336
-57 0.0290323
-54 0.029031
-51 0.02903
-48 0.0290293
-45 0.029029
-42 0.029029
-39 0.0290293
-36 0.0290292
-33 0.029027
-30 0.0290234
-27 0.0290268
-24 0.0290315
-21 0.029034
-18 0.0290359
-15 0.0290372
-12 0.029038
-9 0.0290385
-6 0.0290388
-3 0.029039
0 0.0290386
3 0.0290319
6 0.0290272
9 0.0290378
12 0.0290389
15 0.0290382
18 0.029038
21 0.0290359
24 0.029027
27 0.0289777
30 0.0286813
33 0.0268954
36 0.0212108
39 0.0271295
42 0.0286577
45 0.028903
48 0.0289761
51 0.0290074
54 0.0290213
57 0.0290282
60 0.0290316
63 0.0290329
66 0.0290328
69 0.0290313
72 0.0290289
75 0.0290263
78 0.0290242
81 0.0290224
84 0.0290193
87 0.0290165
90 0.0290197
