-90 0.0290209
-87 0.0289499
-84 0.0285493
-81 0.0266079
-78 0.024588
-75 0.0279321
-72 0.0288429
-69 0.0289998
-66 0.0290193
-63 0.0290056
-60 0.0289784
-57 0.0289685
-54 0.02899
-51 0.0290133
-48 0.0290235
-45 0.0290255
-42 0.0290244
-39 0.0290214
-36 0.0290196
-33 0.0290177
-30 0.0290145
-27 0.0290104
-24 0.0290054
-21 0.0289988
-18 0.028989
-15 0.0289722
-12 0.0289414
-9 0.0289046
-6 0.0288866
-3 0.0287918
0 0.0285093
3 0.0283113
6 0.0286301
9 0.0288892
12 0.0289722
15 0.0289947
18 0.029003
21 0.0290081
24 0.0290123
27 0.029016
30 0.0290192
33 0.0290217
36 0.0290243
39 0.0290262
42 0.0290277
45 0.0290286
48 0.0290261
51 0.0290092
54 0.0289664
57 0.028749
60 0.0280559
63 0.0277758
66 0.028549
69 0.028922
72 0.0290128
75 0.0290308
78 0.0290338
81 0.0290317
84 0.0290332
87 0.0290326
90 0.0290209
