-90 0.0290398
-87 0.0290396
-84 0.0290378
-81 0.0290283
-78 0.0290343
-75 0.0290359
-72 0.0290334
-69 0.0290309
-66 0.0290306
-63 0.0290329
-60 0.0290356
-57 0.0290371
-54 0.0290364
-51 0.0290313
-48 0.0290196
-45 0.0290062
-42 0.0290079
-39 0.0290231
-36 0.0290335
-33 0.0290374
-30 0.029038
-27 0.0290376
-24 0.0290374
-21 0.0290378
-18 0.0290383
-15 0.0290387
-12 0.029039
-9 0.029039
-6 0.0290377
-3 0.0290334
0 0.0290367
3 0.029039
6 0.0290395
9 0.0290397
12 0.0290396
15 0.0290394
18 0.0290377
21 0.0290335
24 0.0290369
27 0.0290392
30 0.0290386
33 0.0290341
36 0.0290078
39 0.0288511
42 0.0279378
45 0.0242869
48 0.0264041
51 0.0285548
54 0.0289591
57 0.0290259
60 0.0290362
63 0.0290363
66 0.0290346
69 0.0290367
72 0.0290387
75 0.0290393
78 0.0290394
81 0.0290396
84 0.0290398
87 0.0290398
90 0.0290398
