-90 0.0279734
-87 0.028869
-84 0.0290086
-81 0.0290277
-78 0.0290263
-75 0.0290241
-72 0.0290276
-69 0.0290323
-66 0.0290354
-63 0.0290367
-60 0.0290367
-57 0.0290356
-54 0.029037
-51 0.0290375
-48 0.0290374
-45 0.0290373
-42 0.0290314
-39 0.0289782
-36 0.029035
-33 0.0290362
-30 0.029034
-27 0.029028
-24 0.0290175
-21 0.029015
-18 0.0290252
-15 0.0290328
-12 0.0290357
-9 0.0290326
-6 0.0289731
-3 0.0290257
0 0.0290368
3 0.029038
6 0.0290381
9 0.0290381
12 0.0290379
15 0.0290379
18 0.0290376
21 0.029037
24 0.0290353
27 0.0290315
30 0.0290226
33 0.0290011
36 0.0289738
39 0.0289954
42 0.0289648
45 0.0286993
48 0.0275631
51 0.02661
54 0.0282066
57 0.0288706
60 0.0290031
63 0.0290228
66 0.0290155
69 0.0289442
72 0.0290215
75 0.029018
78 0.0289291
81 0.0283527
84 0.0246932
87 0.0223488
90 0.0279734
