-90 0.0290359
-87 0.0290357
-84 0.0290357
-81 0.0290358
-78 0.0290361
-75 0.0290365
-72 0.0290364
-69 0.0290302
-66 0.0290268
-63 0.0290373
-60 0.029038
-57 0.0290349
-54 0.0290267
-51 0.0290147
-48 0.0290102
-45 0.0290193
-42 0.0290303
-39 0.0290336
-36 0.029024
-33 0.0289661
-30 0.0286802
-27 0.0278394
-24 0.0277108
-21 0.0285982
-18 0.0289471
-15 0.0290229
-12 0.0290366
-9 0.0290308
-6 0.029004
-3 0.0290372
0 0.029031
3 0.0289904
6 0.0287804
9 0.027984
12 0.0272919
15 0.0283288
18 0.0288849
21 0.0290112
24 0.0290348
27 0.029039
30 0.0290397
33 0.0290397
36 0.0290395
39 0.0290389
42 0.0290381
45 0.0290378
48 0.0290382
51 0.0290389
54 0.0290392
57 0.0290384
60 0.0290338
63 0.0290139
66 0.0289494
69 0.0288374
72 0.0288202
75 0.0289282
78 0.0290044
81 0.0290294
84 0.029035
87 0.029036
90 0.0290359
