-90 0.0289842
-87 0.0289776
-84 0.0289669
-81 0.0289569
-78 0.0289557
-75 0.0289611
-72 0.0289646
-69 0.0289641
-66 0.0289617
-63 0.0289592
-60 0.0289572
-57 0.0289562
-54 0.028956
-51 0.0289566
-48 0.0289575
-45 0.0289586
-42 0.0289601
-39 0.0289623
-36 0.0289638
-33 0.0289585
-30 0.0289193
-27 0.0287299
-24 0.028163
-21 0.0278994
-18 0.0284834
-15 0.0288497
-12 0.0289528
-9 0.0289737
-6 0.0289766
-3 0.0289523
0 0.0289442
3 0.028935
6 0.0289764
9 0.0289833
12 0.0289847
15 0.0289856
18 0.0289862
21 0.0289862
24 0.0289847
27 0.028981
30 0.0289777
33 0.0289796
36 0.0289825
39 0.028982
42 0.0289792
45 0.0289775
48 0.0289805
51 0.0289866
54 0.0289912
57 0.0289933
60 0.028994
63 0.0289941
66 0.028994
69 0.0289938
72 0.0289934
75 0.0289927
78 0.0289919
81 0.0289909
84 0.0289896
87 0.0289876
90 0.0289842
