-90 0.0289982
-87 0.0290202
-84 0.0290247
-81 0.0290261
-78 0.029027
-75 0.0290278
-72 0.0290286
-69 0.0290295
-66 0.0290302
-63 0.0290309
-60 0.0290317
-57 0.0290325
-54 0.0290331
-51 0.0290337
-48 0.0290342
-45 0.0290347
-42 0.0290349
-39 0.0290346
-36 0.0290345
-33 0.0290352
-30 0.029035
-27 0.0290344
-24 0.029034
-21 0.0290344
-18 0.0290352
-15 0.0290358
-12 0.0290361
-9 0.0290362
-6 0.0290362
-3 0.0290361
0 0.0290359
3 0.0290359
6 0.029036
9 0.0290359
12 0.0290358
15 0.0290353
18 0.0290342
21 0.0290321
24 0.0290291
27 0.0290234
30 0.0290117
33 0.0289891
36 0.0289456
39 0.0289768
42 0.0290044
45 0.0290183
48 0.0290251
51 0.0290274
54 0.029024
57 0.0290031
60 0.0289299
63 0.0287881
66 0.0287434
69 0.0288686
72 0.0289252
75 0.0288391
78 0.0284021
81 0.0280044
84 0.0285123
87 0.0288926
90 0.0289982
