-90 0.0290215
-87 0.0290239
-84 0.0290248
-81 0.0290242
-78 0.0290233
-75 0.0290222
-72 0.0290212
-69 0.0290199
-66 0.0290175
-63 0.0290114
-60 0.0289918
-57 0.0289276
-54 0.0287074
-51 0.0277797
-48 0.0237425
-45 0.026236
-42 0.0285098
-39 0.0289224
-36 0.0289881
-33 0.0289958
-30 0.0289931
-27 0.0289874
-24 0.028979
-21 0.0289673
-18 0.0289512
-15 0.0289324
-12 0.0289383
-9 0.028959
-6 0.0289753
-3 0.0289875
0 0.0289966
3 0.0290034
6 0.0290086
9 0.0290125
12 0.0290155
15 0.029018
18 0.02902
21 0.0290217
24 0.029023
27 0.029024
30 0.0290241
33 0.0290218
36 0.0290139
39 0.028997
42 0.0289802
45 0.028985
48 0.0290054
51 0.0290206
54 0.029027
57 0.029029
60 0.0290294
63 0.0290295
66 0.0290295
69 0.0290293
72 0.0290291
75 0.0290287
78 0.0290277
81 0.029023
84 0.028982
87 0.0290098
90 0.0290215
